<?xml version="1.0" encoding="UTF-8"?>
<testExecutions version="1">
  <file path="D:\software\Rich_Media\conferenceroom\frontend\src\_tests_\Login.test.js">
    <testCase name="Login returns false if userName is shorter than 5" duration="8"/>
    <testCase name="Login returns false if userName is longer than 12" duration="7"/>
    <testCase name="Login returns true if userName is between 5 and 12" duration="5"/>
    <testCase name="Login returns false if password is shorter than 8" duration="4"/>
    <testCase name="Login returns false if userName is longer than 20" duration="5"/>
    <testCase name="Login returns true if userName is between 5 and 12" duration="6"/>
  </file>
  <file path="D:\software\Rich_Media\conferenceroom\frontend\src\_tests_\Team.test.js">
    <testCase name="测试vue组件实例 测试data" duration="22"/>
    <testCase name="测试vue组件实例 测试寻找组件是否正常" duration="10"/>
    <testCase name="测试vue组件实例 点击最近文件" duration="7"/>
    <testCase name="测试vue组件实例 点击管理团队" duration="16"/>
  </file>
  <file path="D:\software\Rich_Media\conferenceroom\frontend\src\_tests_\Register.test.js">
    <testCase name="Register returns false if userName is shorter than 5" duration="12"/>
    <testCase name="Register returns false if userName is longer than 12" duration="8"/>
    <testCase name="Register returns true if userName is between 5 and 12" duration="7"/>
    <testCase name="Register returns false if password is shorter than 8" duration="10"/>
    <testCase name="Register returns false if password is longer than 20" duration="13"/>
    <testCase name="Register returns true if password is between 8 and 20" duration="10"/>
    <testCase name="Register returns false if password contains other signs" duration="8"/>
    <testCase name="Register return false if email has incorrect form" duration="12"/>
    <testCase name="Register return true if email has correct form" duration="12"/>
    <testCase name="Register returns false if two passwords are different" duration="11"/>
  </file>
  <file path="D:\software\Rich_Media\conferenceroom\frontend\src\_tests_\UserLogo.test.js">
    <testCase name="快照" duration="257">
      <failure message="Error: expect([38;2;0;95;95m[48;2;215;255;255mreceived).toMatchSnapshot()"><![CDATA[Error: expect([38;2;0;95;95m[48;2;215;255;255mreceived).toMatchSnapshot()

Snapshot name: `快照 1`

[38;2;128;0;128m[48;2;255;215;255m- Snapshot  -     4
[38;2;0;95;95m[48;2;215;255;255m+ Received  + 27498

[38;2;128;0;128m[48;2;255;215;255m- VueWrapper {
[38;2;128;0;128m[48;2;255;215;255m-   "_emitted": Object {},
[38;2;128;0;128m[48;2;255;215;255m-   "_emittedByOrder": Array [],
[38;2;128;0;128m[48;2;255;215;255m-   "isFunctionalComponent": undefined,
[38;2;0;95;95m[48;2;215;255;255m+ VueComponent {
[38;2;0;95;95m[48;2;215;255;255m+   "$attrs": Object {},
[38;2;0;95;95m[48;2;215;255;255m+   "$children": Array [],
[38;2;0;95;95m[48;2;215;255;255m+   "$createElement": [Function],
[38;2;0;95;95m[48;2;215;255;255m+   "$el": <div>
[38;2;0;95;95m[48;2;215;255;255m+     <b-dropdown
[38;2;0;95;95m[48;2;215;255;255m+       no-caret=""
[38;2;0;95;95m[48;2;215;255;255m+       right=""
[38;2;0;95;95m[48;2;215;255;255m+       size="lg"
[38;2;0;95;95m[48;2;215;255;255m+       variant="link"
[38;2;0;95;95m[48;2;215;255;255m+     >
[38;2;0;95;95m[48;2;215;255;255m+        
[38;2;0;95;95m[48;2;215;255;255m+       <b-dropdown-item>
[38;2;0;95;95m[48;2;215;255;255m+         <b-icon
[38;2;0;95;95m[48;2;215;255;255m+           icon="door-open"
[38;2;0;95;95m[48;2;215;255;255m+         />
[38;2;0;95;95m[48;2;215;255;255m+         
[38;2;0;95;95m[48;2;215;255;255m+       回到主页
[38;2;0;95;95m[48;2;215;255;255m+     
[38;2;0;95;95m[48;2;215;255;255m+       </b-dropdown-item>
[38;2;0;95;95m[48;2;215;255;255m+        
[38;2;0;95;95m[48;2;215;255;255m+       <b-dropdown-item>
[38;2;0;95;95m[48;2;215;255;255m+         <b-icon
[38;2;0;95;95m[48;2;215;255;255m+           icon="cursor-fill"
[38;2;0;95;95m[48;2;215;255;255m+         />
[38;2;0;95;95m[48;2;215;255;255m+         
[38;2;0;95;95m[48;2;215;255;255m+       注销用户
[38;2;0;95;95m[48;2;215;255;255m+     
[38;2;0;95;95m[48;2;215;255;255m+       </b-dropdown-item>
[38;2;0;95;95m[48;2;215;255;255m+     </b-dropdown>
[38;2;0;95;95m[48;2;215;255;255m+   </div>,
[38;2;0;95;95m[48;2;215;255;255m+   "$emit": [Function],
[38;2;0;95;95m[48;2;215;255;255m+   "$listeners": Object {},
[38;2;0;95;95m[48;2;215;255;255m+   "$options": Object {
[38;2;0;95;95m[48;2;215;255;255m+     "_componentTag": undefined,
[38;2;0;95;95m[48;2;215;255;255m+     "_parentListeners": Object {},
[38;2;0;95;95m[48;2;215;255;255m+     "_parentVnode": VNode {
[38;2;0;95;95m[48;2;215;255;255m+       "asyncFactory": undefined,
[38;2;0;95;95m[48;2;215;255;255m+       "asyncMeta": undefined,
[38;2;0;95;95m[48;2;215;255;255m+       "children": undefined,
[38;2;0;95;95m[48;2;215;255;255m+       "componentInstance": [Circular],
[38;2;0;95;95m[48;2;215;255;255m+       "componentOptions": Object {
[38;2;0;95;95m[48;2;215;255;255m+         "Ctor": [Function],
[38;2;0;95;95m[48;2;215;255;255m+         "children": undefined,
[38;2;0;95;95m[48;2;215;255;255m+         "listeners": Object {},
[38;2;0;95;95m[48;2;215;255;255m+         "propsData": undefined,
[38;2;0;95;95m[48;2;215;255;255m+         "tag": undefined,
[38;2;0;95;95m[48;2;215;255;255m+       },
[38;2;0;95;95m[48;2;215;255;255m+       "context": VueComponent {
[38;2;0;95;95m[48;2;215;255;255m+         "$attrs": Object {},
[38;2;0;95;95m[48;2;215;255;255m+         "$children": Array [
[38;2;0;95;95m[48;2;215;255;255m+           [Circular],
[38;2;0;95;95m[48;2;215;255;255m+         ],
[38;2;0;95;95m[48;2;215;255;255m+         "$createElement": [Function],
[38;2;0;95;95m[48;2;215;255;255m+         "$el": <div>
[38;2;0;95;95m[48;2;215;255;255m+           <b-dropdown
[38;2;0;95;95m[48;2;215;255;255m+             no-caret=""
[38;2;0;95;95m[48;2;215;255;255m+             right=""
[38;2;0;95;95m[48;2;215;255;255m+             size="lg"
[38;2;0;95;95m[48;2;215;255;255m+             variant="link"
[38;2;0;95;95m[48;2;215;255;255m+           >
[38;2;0;95;95m[48;2;215;255;255m+              
[38;2;0;95;95m[48;2;215;255;255m+             <b-dropdown-item>
[38;2;0;95;95m[48;2;215;255;255m+               <b-icon
[38;2;0;95;95m[48;2;215;255;255m+                 icon="door-open"
[38;2;0;95;95m[48;2;215;255;255m+               />
[38;2;0;95;95m[48;2;215;255;255m+               
[38;2;0;95;95m[48;2;215;255;255m+       回到主页
[38;2;0;95;95m[48;2;215;255;255m+     
[38;2;0;95;95m[48;2;215;255;255m+             </b-dropdown-item>
[38;2;0;95;95m[48;2;215;255;255m+              
[38;2;0;95;95m[48;2;215;255;255m+             <b-dropdown-item>
[38;2;0;95;95m[48;2;215;255;255m+               <b-icon
[38;2;0;95;95m[48;2;215;255;255m+                 icon="cursor-fill"
[38;2;0;95;95m[48;2;215;255;255m+               />
[38;2;0;95;95m[48;2;215;255;255m+               
[38;2;0;95;95m[48;2;215;255;255m+       注销用户
[38;2;0;95;95m[48;2;215;255;255m+     
[38;2;0;95;95m[48;2;215;255;255m+             </b-dropdown-item>
[38;2;0;95;95m[48;2;215;255;255m+           </b-dropdown>
[38;2;0;95;95m[48;2;215;255;255m+         </div>,
[38;2;0;95;95m[48;2;215;255;255m+         "$emit": [Function],
[38;2;0;95;95m[48;2;215;255;255m+         "$listeners": Object {},
[38;2;0;95;95m[48;2;215;255;255m+         "$options": Object {
[38;2;0;95;95m[48;2;215;255;255m+           "$_doNotStubChildren": true,
[38;2;0;95;95m[48;2;215;255;255m+           "$_isWrapperParent": true,
[38;2;0;95;95m[48;2;215;255;255m+           "_Ctor": Object {
[38;2;0;95;95m[48;2;215;255;255m+             "1404": [Function],
[38;2;0;95;95m[48;2;215;255;255m+           },
[38;2;0;95;95m[48;2;215;255;255m+           "_base": [Function],
[38;2;0;95;95m[48;2;215;255;255m+           "_installedPlugins": Array [
[38;2;0;95;95m[48;2;215;255;255m+             Object {
[38;2;0;95;95m[48;2;215;255;255m+               "install": [Function],
[38;2;0;95;95m[48;2;215;255;255m+             },
[38;2;0;95;95m[48;2;215;255;255m+             Object {
[38;2;0;95;95m[48;2;215;255;255m+               "install": [Function],
[38;2;0;95;95m[48;2;215;255;255m+             },
[38;2;0;95;95m[48;2;215;255;255m+             Object {
[38;2;0;95;95m[48;2;215;255;255m+               "install": [Function],
[38;2;0;95;95m[48;2;215;255;255m+             },
[38;2;0;95;95m[48;2;215;255;255m+             Object {
[38;2;0;95;95m[48;2;215;255;255m+               "install": [Function],
[38;2;0;95;95m[48;2;215;255;255m+             },
[38;2;0;95;95m[48;2;215;255;255m+             Object {
[38;2;0;95;95m[48;2;215;255;255m+               "install": [Function],
[38;2;0;95;95m[48;2;215;255;255m+             },
[38;2;0;95;95m[48;2;215;255;255m+             Object {
[38;2;0;95;95m[48;2;215;255;255m+               "install": [Function],
[38;2;0;95;95m[48;2;215;255;255m+             },
[38;2;0;95;95m[48;2;215;255;255m+             Object {
[38;2;0;95;95m[48;2;215;255;255m+               "install": [Function],
[38;2;0;95;95m[48;2;215;255;255m+             },
[38;2;0;95;95m[48;2;215;255;255m+             Object {
[38;2;0;95;95m[48;2;215;255;255m+               "install": [Function],
[38;2;0;95;95m[48;2;215;255;255m+             },
[38;2;0;95;95m[48;2;215;255;255m+             Object {
[38;2;0;95;95m[48;2;215;255;255m+               "install": [Function],
[38;2;0;95;95m[48;2;215;255;255m+             },
[38;2;0;95;95m[48;2;215;255;255m+             Object {
[38;2;0;95;95m[48;2;215;255;255m+               "install": [Function],
[38;2;0;95;95m[48;2;215;255;255m+             },
[38;2;0;95;95m[48;2;215;255;255m+             Object {
[38;2;0;95;95m[48;2;215;255;255m+               "install": [Function],
[38;2;0;95;95m[48;2;215;255;255m+             },
[38;2;0;95;95m[48;2;215;255;255m+             Object {
[38;2;0;95;95m[48;2;215;255;255m+               "install": [Function],
[38;2;0;95;95m[48;2;215;255;255m+             },
[38;2;0;95;95m[48;2;215;255;255m+             Object {
[38;2;0;95;95m[48;2;215;255;255m+               "install": [Function],
[38;2;0;95;95m[48;2;215;255;255m+             },
[38;2;0;95;95m[48;2;215;255;255m+             Object {
[38;2;0;95;95m[48;2;215;255;255m+               "install": [Function],
[38;2;0;95;95m[48;2;215;255;255m+             },
[38;2;0;95;95m[48;2;215;255;255m+             Object {
[38;2;0;95;95m[48;2;215;255;255m+               "install": [Function],
[38;2;0;95;95m[48;2;215;255;255m+             },
[38;2;0;95;95m[48;2;215;255;255m+             Object {
[38;2;0;95;95m[48;2;215;255;255m+               "install": [Function],
[38;2;0;95;95m[48;2;215;255;255m+             },
[38;2;0;95;95m[48;2;215;255;255m+             Object {
[38;2;0;95;95m[48;2;215;255;255m+               "install": [Function],
[38;2;0;95;95m[48;2;215;255;255m+             },
[38;2;0;95;95m[48;2;215;255;255m+             Object {
[38;2;0;95;95m[48;2;215;255;255m+               "install": [Function],
[38;2;0;95;95m[48;2;215;255;255m+             },
[38;2;0;95;95m[48;2;215;255;255m+             Object {
[38;2;0;95;95m[48;2;215;255;255m+               "install": [Function],
[38;2;0;95;95m[48;2;215;255;255m+             },
[38;2;0;95;95m[48;2;215;255;255m+             Object {
[38;2;0;95;95m[48;2;215;255;255m+               "install": [Function],
[38;2;0;95;95m[48;2;215;255;255m+             },
[38;2;0;95;95m[48;2;215;255;255m+             Object {
[38;2;0;95;95m[48;2;215;255;255m+               "install": [Function],
[38;2;0;95;95m[48;2;215;255;255m+             },
[38;2;0;95;95m[48;2;215;255;255m+             Object {
[38;2;0;95;95m[48;2;215;255;255m+               "install": [Function],
[38;2;0;95;95m[48;2;215;255;255m+             },
[38;2;0;95;95m[48;2;215;255;255m+             Object {
[38;2;0;95;95m[48;2;215;255;255m+               "install": [Function],
[38;2;0;95;95m[48;2;215;255;255m+             },
[38;2;0;95;95m[48;2;215;255;255m+             Object {
[38;2;0;95;95m[48;2;215;255;255m+               "install": [Function],
[38;2;0;95;95m[48;2;215;255;255m+             },
[38;2;0;95;95m[48;2;215;255;255m+             Object {
[38;2;0;95;95m[48;2;215;255;255m+               "install": [Function],
[38;2;0;95;95m[48;2;215;255;255m+             },
[38;2;0;95;95m[48;2;215;255;255m+             Object {
[38;2;0;95;95m[48;2;215;255;255m+               "install": [Function],
[38;2;0;95;95m[48;2;215;255;255m+             },
[38;2;0;95;95m[48;2;215;255;255m+             Object {
[38;2;0;95;95m[48;2;215;255;255m+               "install": [Function],
[38;2;0;95;95m[48;2;215;255;255m+             },
[38;2;0;95;95m[48;2;215;255;255m+             Object {
[38;2;0;95;95m[48;2;215;255;255m+               "install": [Function],
[38;2;0;95;95m[48;2;215;255;255m+             },
[38;2;0;95;95m[48;2;215;255;255m+             Object {
[38;2;0;95;95m[48;2;215;255;255m+               "install": [Function],
[38;2;0;95;95m[48;2;215;255;255m+             },
[38;2;0;95;95m[48;2;215;255;255m+             Object {
[38;2;0;95;95m[48;2;215;255;255m+               "install": [Function],
[38;2;0;95;95m[48;2;215;255;255m+             },
[38;2;0;95;95m[48;2;215;255;255m+             Object {
[38;2;0;95;95m[48;2;215;255;255m+               "install": [Function],
[38;2;0;95;95m[48;2;215;255;255m+             },
[38;2;0;95;95m[48;2;215;255;255m+             Object {
[38;2;0;95;95m[48;2;215;255;255m+               "install": [Function],
[38;2;0;95;95m[48;2;215;255;255m+             },
[38;2;0;95;95m[48;2;215;255;255m+             Object {
[38;2;0;95;95m[48;2;215;255;255m+               "install": [Function],
[38;2;0;95;95m[48;2;215;255;255m+             },
[38;2;0;95;95m[48;2;215;255;255m+             Object {
[38;2;0;95;95m[48;2;215;255;255m+               "install": [Function],
[38;2;0;95;95m[48;2;215;255;255m+             },
[38;2;0;95;95m[48;2;215;255;255m+             Object {
[38;2;0;95;95m[48;2;215;255;255m+               "install": [Function],
[38;2;0;95;95m[48;2;215;255;255m+             },
[38;2;0;95;95m[48;2;215;255;255m+             [Function],
[38;2;0;95;95m[48;2;215;255;255m+             Object {
[38;2;0;95;95m[48;2;215;255;255m+               "install": [Function],
[38;2;0;95;95m[48;2;215;255;255m+             },
[38;2;0;95;95m[48;2;215;255;255m+             Object {
[38;2;0;95;95m[48;2;215;255;255m+               "install": [Function],
[38;2;0;95;95m[48;2;215;255;255m+             },
[38;2;0;95;95m[48;2;215;255;255m+             Object {
[38;2;0;95;95m[48;2;215;255;255m+               "install": [Function],
[38;2;0;95;95m[48;2;215;255;255m+             },
[38;2;0;95;95m[48;2;215;255;255m+             Object {
[38;2;0;95;95m[48;2;215;255;255m+               "install": [Function],
[38;2;0;95;95m[48;2;215;255;255m+             },
[38;2;0;95;95m[48;2;215;255;255m+             Object {
[38;2;0;95;95m[48;2;215;255;255m+               "install": [Function],
[38;2;0;95;95m[48;2;215;255;255m+             },
[38;2;0;95;95m[48;2;215;255;255m+             Object {
[38;2;0;95;95m[48;2;215;255;255m+               "install": [Function],
[38;2;0;95;95m[48;2;215;255;255m+             },
[38;2;0;95;95m[48;2;215;255;255m+             Object {
[38;2;0;95;95m[48;2;215;255;255m+               "install": [Function],
[38;2;0;95;95m[48;2;215;255;255m+             },
[38;2;0;95;95m[48;2;215;255;255m+             Object {
[38;2;0;95;95m[48;2;215;255;255m+               "install": [Function],
[38;2;0;95;95m[48;2;215;255;255m+             },
[38;2;0;95;95m[48;2;215;255;255m+             Object {
[38;2;0;95;95m[48;2;215;255;255m+               "install": [Function],
[38;2;0;95;95m[48;2;215;255;255m+             },
[38;2;0;95;95m[48;2;215;255;255m+             Object {
[38;2;0;95;95m[48;2;215;255;255m+               "install": [Function],
[38;2;0;95;95m[48;2;215;255;255m+             },
[38;2;0;95;95m[48;2;215;255;255m+             Object {
[38;2;0;95;95m[48;2;215;255;255m+               "install": [Function],
[38;2;0;95;95m[48;2;215;255;255m+             },
[38;2;0;95;95m[48;2;215;255;255m+             Object {
[38;2;0;95;95m[48;2;215;255;255m+               "install": [Function],
[38;2;0;95;95m[48;2;215;255;255m+             },
[38;2;0;95;95m[48;2;215;255;255m+             Object {
[38;2;0;95;95m[48;2;215;255;255m+               "install": [Function],
[38;2;0;95;95m[48;2;215;255;255m+             },
[38;2;0;95;95m[48;2;215;255;255m+             Object {
[38;2;0;95;95m[48;2;215;255;255m+               "install": [Function],
[38;2;0;95;95m[48;2;215;255;255m+             },
[38;2;0;95;95m[48;2;215;255;255m+             Object {
[38;2;0;95;95m[48;2;215;255;255m+               "install": [Function],
[38;2;0;95;95m[48;2;215;255;255m+             },
[38;2;0;95;95m[48;2;215;255;255m+             Object {
[38;2;0;95;95m[48;2;215;255;255m+               "install": [Function],
[38;2;0;95;95m[48;2;215;255;255m+             },
[38;2;0;95;95m[48;2;215;255;255m+             Object {
[38;2;0;95;95m[48;2;215;255;255m+               "install": [Function],
[38;2;0;95;95m[48;2;215;255;255m+             },
[38;2;0;95;95m[48;2;215;255;255m+             Object {
[38;2;0;95;95m[48;2;215;255;255m+               "install": [Function],
[38;2;0;95;95m[48;2;215;255;255m+             },
[38;2;0;95;95m[48;2;215;255;255m+             [Function],
[38;2;0;95;95m[48;2;215;255;255m+             Object {
[38;2;0;95;95m[48;2;215;255;255m+               "install": [Function],
[38;2;0;95;95m[48;2;215;255;255m+             },
[38;2;0;95;95m[48;2;215;255;255m+             Object {
[38;2;0;95;95m[48;2;215;255;255m+               "install": [Function],
[38;2;0;95;95m[48;2;215;255;255m+             },
[38;2;0;95;95m[48;2;215;255;255m+             Object {
[38;2;0;95;95m[48;2;215;255;255m+               "install": [Function],
[38;2;0;95;95m[48;2;215;255;255m+             },
[38;2;0;95;95m[48;2;215;255;255m+             Object {
[38;2;0;95;95m[48;2;215;255;255m+               "install": [Function],
[38;2;0;95;95m[48;2;215;255;255m+             },
[38;2;0;95;95m[48;2;215;255;255m+             Object {
[38;2;0;95;95m[48;2;215;255;255m+               "install": [Function],
[38;2;0;95;95m[48;2;215;255;255m+             },
[38;2;0;95;95m[48;2;215;255;255m+             Object {
[38;2;0;95;95m[48;2;215;255;255m+               "install": [Function],
[38;2;0;95;95m[48;2;215;255;255m+             },
[38;2;0;95;95m[48;2;215;255;255m+             Object {
[38;2;0;95;95m[48;2;215;255;255m+               "install": [Function],
[38;2;0;95;95m[48;2;215;255;255m+             },
[38;2;0;95;95m[48;2;215;255;255m+             Object {
[38;2;0;95;95m[48;2;215;255;255m+               "install": [Function],
[38;2;0;95;95m[48;2;215;255;255m+             },
[38;2;0;95;95m[48;2;215;255;255m+             Object {
[38;2;0;95;95m[48;2;215;255;255m+               "install": [Function],
[38;2;0;95;95m[48;2;215;255;255m+             },
[38;2;0;95;95m[48;2;215;255;255m+             Object {
[38;2;0;95;95m[48;2;215;255;255m+               "install": [Function],
[38;2;0;95;95m[48;2;215;255;255m+             },
[38;2;0;95;95m[48;2;215;255;255m+             Object {
[38;2;0;95;95m[48;2;215;255;255m+               "NAME": "BootstrapVue",
[38;2;0;95;95m[48;2;215;255;255m+               "install": [Function],
[38;2;0;95;95m[48;2;215;255;255m+             },
[38;2;0;95;95m[48;2;215;255;255m+           ],
[38;2;0;95;95m[48;2;215;255;255m+           "_isFunctionalContainer": undefined,
[38;2;0;95;95m[48;2;215;255;255m+           "beforeCreate": Array [
[38;2;0;95;95m[48;2;215;255;255m+             [Function],
[38;2;0;95;95m[48;2;215;255;255m+             [Function],
[38;2;0;95;95m[48;2;215;255;255m+             [Function],
[38;2;0;95;95m[48;2;215;255;255m+           ],
[38;2;0;95;95m[48;2;215;255;255m+           "cid": 1398,
[38;2;0;95;95m[48;2;215;255;255m+           "component": [Function],
[38;2;0;95;95m[48;2;215;255;255m+           "components": Object {
[38;2;0;95;95m[48;2;215;255;255m+             "transition": Object {
[38;2;0;95;95m[48;2;215;255;255m+               "$_doNotStubChildren": true,
[38;2;0;95;95m[48;2;215;255;255m+               "$_vueTestUtils_original": Object {
[38;2;0;95;95m[48;2;215;255;255m+                 "_Ctor": Object {
[38;2;0;95;95m[48;2;215;255;255m+                   "1404": [Function],
[38;2;0;95;95m[48;2;215;255;255m+                 },
[38;2;0;95;95m[48;2;215;255;255m+                 "abstract": true,
[38;2;0;95;95m[48;2;215;255;255m+                 "name": "transition",
[38;2;0;95;95m[48;2;215;255;255m+                 "props": Object {
[38;2;0;95;95m[48;2;215;255;255m+                   "appear": Object {
[38;2;0;95;95m[48;2;215;255;255m+                     "type": [Function],
[38;2;0;95;95m[48;2;215;255;255m+                   },
[38;2;0;95;95m[48;2;215;255;255m+                   "appearActiveClass": Object {
[38;2;0;95;95m[48;2;215;255;255m+                     "type": [Function],
[38;2;0;95;95m[48;2;215;255;255m+                   },
[38;2;0;95;95m[48;2;215;255;255m+                   "appearClass": Object {
[38;2;0;95;95m[48;2;215;255;255m+                     "type": [Function],
[38;2;0;95;95m[48;2;215;255;255m+                   },
[38;2;0;95;95m[48;2;215;255;255m+                   "appearToClass": Object {
[38;2;0;95;95m[48;2;215;255;255m+                     "type": [Function],
[38;2;0;95;95m[48;2;215;255;255m+                   },
[38;2;0;95;95m[48;2;215;255;255m+                   "css": Object {
[38;2;0;95;95m[48;2;215;255;255m+                     "type": [Function],
[38;2;0;95;95m[48;2;215;255;255m+                   },
[38;2;0;95;95m[48;2;215;255;255m+                   "duration": Object {
[38;2;0;95;95m[48;2;215;255;255m+                     "type": Array [
[38;2;0;95;95m[48;2;215;255;255m+                       [Function],
[38;2;0;95;95m[48;2;215;255;255m+                       [Function],
[38;2;0;95;95m[48;2;215;255;255m+                       [Function],
[38;2;0;95;95m[48;2;215;255;255m+                     ],
[38;2;0;95;95m[48;2;215;255;255m+                   },
[38;2;0;95;95m[48;2;215;255;255m+                   "enterActiveClass": Object {
[38;2;0;95;95m[48;2;215;255;255m+                     "type": [Function],
[38;2;0;95;95m[48;2;215;255;255m+                   },
[38;2;0;95;95m[48;2;215;255;255m+                   "enterClass": Object {
[38;2;0;95;95m[48;2;215;255;255m+                     "type": [Function],
[38;2;0;95;95m[48;2;215;255;255m+                   },
[38;2;0;95;95m[48;2;215;255;255m+                   "enterToClass": Object {
[38;2;0;95;95m[48;2;215;255;255m+                     "type": [Function],
[38;2;0;95;95m[48;2;215;255;255m+                   },
[38;2;0;95;95m[48;2;215;255;255m+                   "leaveActiveClass": Object {
[38;2;0;95;95m[48;2;215;255;255m+                     "type": [Function],
[38;2;0;95;95m[48;2;215;255;255m+                   },
[38;2;0;95;95m[48;2;215;255;255m+                   "leaveClass": Object {
[38;2;0;95;95m[48;2;215;255;255m+                     "type": [Function],
[38;2;0;95;95m[48;2;215;255;255m+                   },
[38;2;0;95;95m[48;2;215;255;255m+                   "leaveToClass": Object {
[38;2;0;95;95m[48;2;215;255;255m+                     "type": [Function],
[38;2;0;95;95m[48;2;215;255;255m+                   },
[38;2;0;95;95m[48;2;215;255;255m+                   "mode": Object {
[38;2;0;95;95m[48;2;215;255;255m+                     "type": [Function],
[38;2;0;95;95m[48;2;215;255;255m+                   },
[38;2;0;95;95m[48;2;215;255;255m+                   "name": Object {
[38;2;0;95;95m[48;2;215;255;255m+                     "type": [Function],
[38;2;0;95;95m[48;2;215;255;255m+                   },
[38;2;0;95;95m[48;2;215;255;255m+                   "type": Object {
[38;2;0;95;95m[48;2;215;255;255m+                     "type": [Function],
[38;2;0;95;95m[48;2;215;255;255m+                   },
[38;2;0;95;95m[48;2;215;255;255m+                 },
[38;2;0;95;95m[48;2;215;255;255m+                 "render": [Function],
[38;2;0;95;95m[48;2;215;255;255m+               },
[38;2;0;95;95m[48;2;215;255;255m+               "abstract": true,
[38;2;0;95;95m[48;2;215;255;255m+               "attrs": undefined,
[38;2;0;95;95m[48;2;215;255;255m+               "class": undefined,
[38;2;0;95;95m[48;2;215;255;255m+               "domProps": undefined,
[38;2;0;95;95m[48;2;215;255;255m+               "functional": undefined,
[38;2;0;95;95m[48;2;215;255;255m+               "key": undefined,
[38;2;0;95;95m[48;2;215;255;255m+               "model": undefined,
[38;2;0;95;95m[48;2;215;255;255m+               "name": "transition",
[38;2;0;95;95m[48;2;215;255;255m+               "nativeOn": undefined,
[38;2;0;95;95m[48;2;215;255;255m+               "normalizedStyle": undefined,
[38;2;0;95;95m[48;2;215;255;255m+               "on": undefined,
[38;2;0;95;95m[48;2;215;255;255m+               "props": Object {
[38;2;0;95;95m[48;2;215;255;255m+                 "appear": Object {
[38;2;0;95;95m[48;2;215;255;255m+                   "type": [Function],
[38;2;0;95;95m[48;2;215;255;255m+                 },
[38;2;0;95;95m[48;2;215;255;255m+                 "appearActiveClass": Object {
[38;2;0;95;95m[48;2;215;255;255m+                   "type": [Function],
[38;2;0;95;95m[48;2;215;255;255m+                 },
[38;2;0;95;95m[48;2;215;255;255m+                 "appearClass": Object {
[38;2;0;95;95m[48;2;215;255;255m+                   "type": [Function],
[38;2;0;95;95m[48;2;215;255;255m+                 },
[38;2;0;95;95m[48;2;215;255;255m+                 "appearToClass": Object {
[38;2;0;95;95m[48;2;215;255;255m+                   "type": [Function],
[38;2;0;95;95m[48;2;215;255;255m+                 },
[38;2;0;95;95m[48;2;215;255;255m+                 "css": Object {
[38;2;0;95;95m[48;2;215;255;255m+                   "type": [Function],
[38;2;0;95;95m[48;2;215;255;255m+                 },
[38;2;0;95;95m[48;2;215;255;255m+                 "duration": Object {
[38;2;0;95;95m[48;2;215;255;255m+                   "type": Array [
[38;2;0;95;95m[48;2;215;255;255m+                     [Function],
[38;2;0;95;95m[48;2;215;255;255m+                     [Function],
[38;2;0;95;95m[48;2;215;255;255m+                     [Function],
[38;2;0;95;95m[48;2;215;255;255m+                   ],
[38;2;0;95;95m[48;2;215;255;255m+                 },
[38;2;0;95;95m[48;2;215;255;255m+                 "enterActiveClass": Object {
[38;2;0;95;95m[48;2;215;255;255m+                   "type": [Function],
[38;2;0;95;95m[48;2;215;255;255m+                 },
[38;2;0;95;95m[48;2;215;255;255m+                 "enterClass": Object {
[38;2;0;95;95m[48;2;215;255;255m+                   "type": [Function],
[38;2;0;95;95m[48;2;215;255;255m+                 },
[38;2;0;95;95m[48;2;215;255;255m+                 "enterToClass": Object {
[38;2;0;95;95m[48;2;215;255;255m+                   "type": [Function],
[38;2;0;95;95m[48;2;215;255;255m+                 },
[38;2;0;95;95m[48;2;215;255;255m+                 "leaveActiveClass": Object {
[38;2;0;95;95m[48;2;215;255;255m+                   "type": [Function],
[38;2;0;95;95m[48;2;215;255;255m+                 },
[38;2;0;95;95m[48;2;215;255;255m+                 "leaveClass": Object {
[38;2;0;95;95m[48;2;215;255;255m+                   "type": [Function],
[38;2;0;95;95m[48;2;215;255;255m+                 },
[38;2;0;95;95m[48;2;215;255;255m+                 "leaveToClass": Object {
[38;2;0;95;95m[48;2;215;255;255m+                   "type": [Function],
[38;2;0;95;95m[48;2;215;255;255m+                 },
[38;2;0;95;95m[48;2;215;255;255m+                 "mode": Object {
[38;2;0;95;95m[48;2;215;255;255m+                   "type": [Function],
[38;2;0;95;95m[48;2;215;255;255m+                 },
[38;2;0;95;95m[48;2;215;255;255m+                 "name": Object {
[38;2;0;95;95m[48;2;215;255;255m+                   "type": [Function],
[38;2;0;95;95m[48;2;215;255;255m+                 },
[38;2;0;95;95m[48;2;215;255;255m+                 "type": Object {
[38;2;0;95;95m[48;2;215;255;255m+                   "type": [Function],
[38;2;0;95;95m[48;2;215;255;255m+                 },
[38;2;0;95;95m[48;2;215;255;255m+               },
[38;2;0;95;95m[48;2;215;255;255m+               "render": [Function],
[38;2;0;95;95m[48;2;215;255;255m+               "staticClass": undefined,
[38;2;0;95;95m[48;2;215;255;255m+               "staticStyle": undefined,
[38;2;0;95;95m[48;2;215;255;255m+               "style": undefined,
[38;2;0;95;95m[48;2;215;255;255m+             },
[38;2;0;95;95m[48;2;215;255;255m+             "transition-group": Object {
[38;2;0;95;95m[48;2;215;255;255m+               "$_doNotStubChildren": true,
[38;2;0;95;95m[48;2;215;255;255m+               "$_vueTestUtils_original": Object {
[38;2;0;95;95m[48;2;215;255;255m+                 "_Ctor": Object {
[38;2;0;95;95m[48;2;215;255;255m+                   "1404": [Function],
[38;2;0;95;95m[48;2;215;255;255m+                 },
[38;2;0;95;95m[48;2;215;255;255m+                 "beforeMount": [Function],
[38;2;0;95;95m[48;2;215;255;255m+                 "methods": Object {
[38;2;0;95;95m[48;2;215;255;255m+                   "hasMove": [Function],
[38;2;0;95;95m[48;2;215;255;255m+                 },
[38;2;0;95;95m[48;2;215;255;255m+                 "props": Object {
[38;2;0;95;95m[48;2;215;255;255m+                   "appear": Object {
[38;2;0;95;95m[48;2;215;255;255m+                     "type": [Function],
[38;2;0;95;95m[48;2;215;255;255m+                   },
[38;2;0;95;95m[48;2;215;255;255m+                   "appearActiveClass": Object {
[38;2;0;95;95m[48;2;215;255;255m+                     "type": [Function],
[38;2;0;95;95m[48;2;215;255;255m+                   },
[38;2;0;95;95m[48;2;215;255;255m+                   "appearClass": Object {
[38;2;0;95;95m[48;2;215;255;255m+                     "type": [Function],
[38;2;0;95;95m[48;2;215;255;255m+                   },
[38;2;0;95;95m[48;2;215;255;255m+                   "appearToClass": Object {
[38;2;0;95;95m[48;2;215;255;255m+                     "type": [Function],
[38;2;0;95;95m[48;2;215;255;255m+                   },
[38;2;0;95;95m[48;2;215;255;255m+                   "css": Object {
[38;2;0;95;95m[48;2;215;255;255m+                     "type": [Function],
[38;2;0;95;95m[48;2;215;255;255m+                   },
[38;2;0;95;95m[48;2;215;255;255m+                   "duration": Object {
[38;2;0;95;95m[48;2;215;255;255m+                     "type": Array [
[38;2;0;95;95m[48;2;215;255;255m+                       [Function],
[38;2;0;95;95m[48;2;215;255;255m+                       [Function],
[38;2;0;95;95m[48;2;215;255;255m+                       [Function],
[38;2;0;95;95m[48;2;215;255;255m+                     ],
[38;2;0;95;95m[48;2;215;255;255m+                   },
[38;2;0;95;95m[48;2;215;255;255m+                   "enterActiveClass": Object {
[38;2;0;95;95m[48;2;215;255;255m+                     "type": [Function],
[38;2;0;95;95m[48;2;215;255;255m+                   },
[38;2;0;95;95m[48;2;215;255;255m+                   "enterClass": Object {
[38;2;0;95;95m[48;2;215;255;255m+                     "type": [Function],
[38;2;0;95;95m[48;2;215;255;255m+                   },
[38;2;0;95;95m[48;2;215;255;255m+                   "enterToClass": Object {
[38;2;0;95;95m[48;2;215;255;255m+                     "type": [Function],
[38;2;0;95;95m[48;2;215;255;255m+                   },
[38;2;0;95;95m[48;2;215;255;255m+                   "leaveActiveClass": Object {
[38;2;0;95;95m[48;2;215;255;255m+                     "type": [Function],
[38;2;0;95;95m[48;2;215;255;255m+                   },
[38;2;0;95;95m[48;2;215;255;255m+                   "leaveClass": Object {
[38;2;0;95;95m[48;2;215;255;255m+                     "type": [Function],
[38;2;0;95;95m[48;2;215;255;255m+                   },
[38;2;0;95;95m[48;2;215;255;255m+                   "leaveToClass": Object {
[38;2;0;95;95m[48;2;215;255;255m+                     "type": [Function],
[38;2;0;95;95m[48;2;215;255;255m+                   },
[38;2;0;95;95m[48;2;215;255;255m+                   "moveClass": Object {
[38;2;0;95;95m[48;2;215;255;255m+                     "type": [Function],
[38;2;0;95;95m[48;2;215;255;255m+                   },
[38;2;0;95;95m[48;2;215;255;255m+                   "name": Object {
[38;2;0;95;95m[48;2;215;255;255m+                     "type": [Function],
[38;2;0;95;95m[48;2;215;255;255m+                   },
[38;2;0;95;95m[48;2;215;255;255m+                   "tag": Object {
[38;2;0;95;95m[48;2;215;255;255m+                     "type": [Function],
[38;2;0;95;95m[48;2;215;255;255m+                   },
[38;2;0;95;95m[48;2;215;255;255m+                   "type": Object {
[38;2;0;95;95m[48;2;215;255;255m+                     "type": [Function],
[38;2;0;95;95m[48;2;215;255;255m+                   },
[38;2;0;95;95m[48;2;215;255;255m+                 },
[38;2;0;95;95m[48;2;215;255;255m+                 "render": [Function],
[38;2;0;95;95m[48;2;215;255;255m+                 "updated": [Function],
[38;2;0;95;95m[48;2;215;255;255m+               },
[38;2;0;95;95m[48;2;215;255;255m+               "abstract": undefined,
[38;2;0;95;95m[48;2;215;255;255m+               "attrs": undefined,
[38;2;0;95;95m[48;2;215;255;255m+               "class": undefined,
[38;2;0;95;95m[48;2;215;255;255m+               "domProps": undefined,
[38;2;0;95;95m[48;2;215;255;255m+               "functional": undefined,
[38;2;0;95;95m[48;2;215;255;255m+               "key": undefined,
[38;2;0;95;95m[48;2;215;255;255m+               "model": undefined,
[38;2;0;95;95m[48;2;215;255;255m+               "name": undefined,
[38;2;0;95;95m[48;2;215;255;255m+               "nativeOn": undefined,
[38;2;0;95;95m[48;2;215;255;255m+               "normalizedStyle": undefined,
[38;2;0;95;95m[48;2;215;255;255m+               "on": undefined,
[38;2;0;95;95m[48;2;215;255;255m+               "props": Object {
[38;2;0;95;95m[48;2;215;255;255m+                 "appear": Object {
[38;2;0;95;95m[48;2;215;255;255m+                   "type": [Function],
[38;2;0;95;95m[48;2;215;255;255m+                 },
[38;2;0;95;95m[48;2;215;255;255m+                 "appearActiveClass": Object {
[38;2;0;95;95m[48;2;215;255;255m+                   "type": [Function],
[38;2;0;95;95m[48;2;215;255;255m+                 },
[38;2;0;95;95m[48;2;215;255;255m+                 "appearClass": Object {
[38;2;0;95;95m[48;2;215;255;255m+                   "type": [Function],
[38;2;0;95;95m[48;2;215;255;255m+                 },
[38;2;0;95;95m[48;2;215;255;255m+                 "appearToClass": Object {
[38;2;0;95;95m[48;2;215;255;255m+                   "type": [Function],
[38;2;0;95;95m[48;2;215;255;255m+                 },
[38;2;0;95;95m[48;2;215;255;255m+                 "css": Object {
[38;2;0;95;95m[48;2;215;255;255m+                   "type": [Function],
[38;2;0;95;95m[48;2;215;255;255m+                 },
[38;2;0;95;95m[48;2;215;255;255m+                 "duration": Object {
[38;2;0;95;95m[48;2;215;255;255m+                   "type": Array [
[38;2;0;95;95m[48;2;215;255;255m+                     [Function],
[38;2;0;95;95m[48;2;215;255;255m+                     [Function],
[38;2;0;95;95m[48;2;215;255;255m+                     [Function],
[38;2;0;95;95m[48;2;215;255;255m+                   ],
[38;2;0;95;95m[48;2;215;255;255m+                 },
[38;2;0;95;95m[48;2;215;255;255m+                 "enterActiveClass": Object {
[38;2;0;95;95m[48;2;215;255;255m+                   "type": [Function],
[38;2;0;95;95m[48;2;215;255;255m+                 },
[38;2;0;95;95m[48;2;215;255;255m+                 "enterClass": Object {
[38;2;0;95;95m[48;2;215;255;255m+                   "type": [Function],
[38;2;0;95;95m[48;2;215;255;255m+                 },
[38;2;0;95;95m[48;2;215;255;255m+                 "enterToClass": Object {
[38;2;0;95;95m[48;2;215;255;255m+                   "type": [Function],
[38;2;0;95;95m[48;2;215;255;255m+                 },
[38;2;0;95;95m[48;2;215;255;255m+                 "leaveActiveClass": Object {
[38;2;0;95;95m[48;2;215;255;255m+                   "type": [Function],
[38;2;0;95;95m[48;2;215;255;255m+                 },
[38;2;0;95;95m[48;2;215;255;255m+                 "leaveClass": Object {
[38;2;0;95;95m[48;2;215;255;255m+                   "type": [Function],
[38;2;0;95;95m[48;2;215;255;255m+                 },
[38;2;0;95;95m[48;2;215;255;255m+                 "leaveToClass": Object {
[38;2;0;95;95m[48;2;215;255;255m+                   "type": [Function],
[38;2;0;95;95m[48;2;215;255;255m+                 },
[38;2;0;95;95m[48;2;215;255;255m+                 "moveClass": Object {
[38;2;0;95;95m[48;2;215;255;255m+                   "type": [Function],
[38;2;0;95;95m[48;2;215;255;255m+                 },
[38;2;0;95;95m[48;2;215;255;255m+                 "name": Object {
[38;2;0;95;95m[48;2;215;255;255m+                   "type": [Function],
[38;2;0;95;95m[48;2;215;255;255m+                 },
[38;2;0;95;95m[48;2;215;255;255m+                 "tag": Object {
[38;2;0;95;95m[48;2;215;255;255m+                   "type": [Function],
[38;2;0;95;95m[48;2;215;255;255m+                 },
[38;2;0;95;95m[48;2;215;255;255m+                 "type": Object {
[38;2;0;95;95m[48;2;215;255;255m+                   "type": [Function],
[38;2;0;95;95m[48;2;215;255;255m+                 },
[38;2;0;95;95m[48;2;215;255;255m+               },
[38;2;0;95;95m[48;2;215;255;255m+               "render": [Function],
[38;2;0;95;95m[48;2;215;255;255m+               "staticClass": undefined,
[38;2;0;95;95m[48;2;215;255;255m+               "staticStyle": undefined,
[38;2;0;95;95m[48;2;215;255;255m+               "style": undefined,
[38;2;0;95;95m[48;2;215;255;255m+             },
[38;2;0;95;95m[48;2;215;255;255m+           },
[38;2;0;95;95m[48;2;215;255;255m+           "config": Object {
[38;2;0;95;95m[48;2;215;255;255m+             "_lifecycleHooks": Array [
[38;2;0;95;95m[48;2;215;255;255m+               "beforeCreate",
[38;2;0;95;95m[48;2;215;255;255m+               "created",
[38;2;0;95;95m[48;2;215;255;255m+               "beforeMount",
[38;2;0;95;95m[48;2;215;255;255m+               "mounted",
[38;2;0;95;95m[48;2;215;255;255m+               "beforeUpdate",
[38;2;0;95;95m[48;2;215;255;255m+               "updated",
[38;2;0;95;95m[48;2;215;255;255m+               "beforeDestroy",
[38;2;0;95;95m[48;2;215;255;255m+               "destroyed",
[38;2;0;95;95m[48;2;215;255;255m+               "activated",
[38;2;0;95;95m[48;2;215;255;255m+               "deactivated",
[38;2;0;95;95m[48;2;215;255;255m+               "errorCaptured",
[38;2;0;95;95m[48;2;215;255;255m+               "serverPrefetch",
[38;2;0;95;95m[48;2;215;255;255m+             ],
[38;2;0;95;95m[48;2;215;255;255m+             "async": true,
[38;2;0;95;95m[48;2;215;255;255m+             "devtools": false,
[38;2;0;95;95m[48;2;215;255;255m+             "errorHandler": undefined,
[38;2;0;95;95m[48;2;215;255;255m+             "getTagNamespace": [Function],
[38;2;0;95;95m[48;2;215;255;255m+             "ignoredElements": Array [],
[38;2;0;95;95m[48;2;215;255;255m+             "isReservedAttr": [Function],
[38;2;0;95;95m[48;2;215;255;255m+             "isReservedTag": [Function],
[38;2;0;95;95m[48;2;215;255;255m+             "isUnknownElement": [Function],
[38;2;0;95;95m[48;2;215;255;255m+             "keyCodes": Object {},
[38;2;0;95;95m[48;2;215;255;255m+             "mustUseProp": [Function],
[38;2;0;95;95m[48;2;215;255;255m+             "optionMergeStrategies": Object {
[38;2;0;95;95m[48;2;215;255;255m+               "activated": [Function],
[38;2;0;95;95m[48;2;215;255;255m+               "beforeCreate": [Function],
[38;2;0;95;95m[48;2;215;255;255m+               "beforeDestroy": [Function],
[38;2;0;95;95m[48;2;215;255;255m+               "beforeMount": [Function],
[38;2;0;95;95m[48;2;215;255;255m+               "beforeUpdate": [Function],
[38;2;0;95;95m[48;2;215;255;255m+               "components": [Function],
[38;2;0;95;95m[48;2;215;255;255m+               "computed": [Function],
[38;2;0;95;95m[48;2;215;255;255m+               "created": [Function],
[38;2;0;95;95m[48;2;215;255;255m+               "data": [Function],
[38;2;0;95;95m[48;2;215;255;255m+               "deactivated": [Function],
[38;2;0;95;95m[48;2;215;255;255m+               "destroyed": [Function],
[38;2;0;95;95m[48;2;215;255;255m+               "directives": [Function],
[38;2;0;95;95m[48;2;215;255;255m+               "el": [Function],
[38;2;0;95;95m[48;2;215;255;255m+               "errorCaptured": [Function],
[38;2;0;95;95m[48;2;215;255;255m+               "filters": [Function],
[38;2;0;95;95m[48;2;215;255;255m+               "inject": [Function],
[38;2;0;95;95m[48;2;215;255;255m+               "methods": [Function],
[38;2;0;95;95m[48;2;215;255;255m+               "mounted": [Function],
[38;2;0;95;95m[48;2;215;255;255m+               "props": [Function],
[38;2;0;95;95m[48;2;215;255;255m+               "propsData": [Function],
[38;2;0;95;95m[48;2;215;255;255m+               "provide": [Function],
[38;2;0;95;95m[48;2;215;255;255m+               "serverPrefetch": [Function],
[38;2;0;95;95m[48;2;215;255;255m+               "updated": [Function],
[38;2;0;95;95m[48;2;215;255;255m+               "watch": [Function],
[38;2;0;95;95m[48;2;215;255;255m+             },
[38;2;0;95;95m[48;2;215;255;255m+             "parsePlatformTagName": [Function],
[38;2;0;95;95m[48;2;215;255;255m+             "performance": false,
[38;2;0;95;95m[48;2;215;255;255m+             "productionTip": false,
[38;2;0;95;95m[48;2;215;255;255m+             "silent": false,
[38;2;0;95;95m[48;2;215;255;255m+             "warnHandler": null,
[38;2;0;95;95m[48;2;215;255;255m+           },
[38;2;0;95;95m[48;2;215;255;255m+           "data": [Function],
[38;2;0;95;95m[48;2;215;255;255m+           "delete": [Function],
[38;2;0;95;95m[48;2;215;255;255m+           "directive": [Function],
[38;2;0;95;95m[48;2;215;255;255m+           "directives": Object {},
[38;2;0;95;95m[48;2;215;255;255m+           "extend": [Function],
[38;2;0;95;95m[48;2;215;255;255m+           "extendOptions": Object {
[38;2;0;95;95m[48;2;215;255;255m+             "_Ctor": Object {
[38;2;0;95;95m[48;2;215;255;255m+               "0": [Function],
[38;2;0;95;95m[48;2;215;255;255m+             },
[38;2;0;95;95m[48;2;215;255;255m+           },
[38;2;0;95;95m[48;2;215;255;255m+           "filter": [Function],
[38;2;0;95;95m[48;2;215;255;255m+           "filters": Object {},
[38;2;0;95;95m[48;2;215;255;255m+           "methods": undefined,
[38;2;0;95;95m[48;2;215;255;255m+           "mixin": [Function],
[38;2;0;95;95m[48;2;215;255;255m+           "mocks": undefined,
[38;2;0;95;95m[48;2;215;255;255m+           "nextTick": [Function],
[38;2;0;95;95m[48;2;215;255;255m+           "observable": [Function],
[38;2;0;95;95m[48;2;215;255;255m+           "options": Object {
[38;2;0;95;95m[48;2;215;255;255m+             "_Ctor": Object {
[38;2;0;95;95m[48;2;215;255;255m+               "0": [Function],
[38;2;0;95;95m[48;2;215;255;255m+             },
[38;2;0;95;95m[48;2;215;255;255m+             "_base": [Function],
[38;2;0;95;95m[48;2;215;255;255m+             "beforeCreate": Array [
[38;2;0;95;95m[48;2;215;255;255m+               [Function],
[38;2;0;95;95m[48;2;215;255;255m+               [Function],
[38;2;0;95;95m[48;2;215;255;255m+             ],
[38;2;0;95;95m[48;2;215;255;255m+             "components": Object {
[38;2;0;95;95m[48;2;215;255;255m+               "BTooltip": [Function],
[38;2;0;95;95m[48;2;215;255;255m+             },
[38;2;0;95;95m[48;2;215;255;255m+             "directives": Object {
[38;2;0;95;95m[48;2;215;255;255m+               "BHover": Object {
[38;2;0;95;95m[48;2;215;255;255m+                 "bind": [Function],
[38;2;0;95;95m[48;2;215;255;255m+                 "componentUpdated": [Function],
[38;2;0;95;95m[48;2;215;255;255m+                 "unbind": [Function],
[38;2;0;95;95m[48;2;215;255;255m+               },
[38;2;0;95;95m[48;2;215;255;255m+               "BModal": Object {
[38;2;0;95;95m[48;2;215;255;255m+                 "componentUpdated": [Function],
[38;2;0;95;95m[48;2;215;255;255m+                 "inserted": [Function],
[38;2;0;95;95m[48;2;215;255;255m+                 "unbind": [Function],
[38;2;0;95;95m[48;2;215;255;255m+                 "updated": [Function],
[38;2;0;95;95m[48;2;215;255;255m+               },
[38;2;0;95;95m[48;2;215;255;255m+               "BScrollspy": Object {
[38;2;0;95;95m[48;2;215;255;255m+                 "bind": [Function],
[38;2;0;95;95m[48;2;215;255;255m+                 "componentUpdated": [Function],
[38;2;0;95;95m[48;2;215;255;255m+                 "inserted": [Function],
[38;2;0;95;95m[48;2;215;255;255m+                 "unbind": [Function],
[38;2;0;95;95m[48;2;215;255;255m+                 "update": [Function],
[38;2;0;95;95m[48;2;215;255;255m+               },
[38;2;0;95;95m[48;2;215;255;255m+               "BTooltip": Object {
[38;2;0;95;95m[48;2;215;255;255m+                 "bind": [Function],
[38;2;0;95;95m[48;2;215;255;255m+                 "componentUpdated": [Function],
[38;2;0;95;95m[48;2;215;255;255m+                 "unbind": [Function],
[38;2;0;95;95m[48;2;215;255;255m+               },
[38;2;0;95;95m[48;2;215;255;255m+               "BVisible": Object {
[38;2;0;95;95m[48;2;215;255;255m+                 "bind": [Function],
[38;2;0;95;95m[48;2;215;255;255m+                 "componentUpdated": [Function],
[38;2;0;95;95m[48;2;215;255;255m+                 "unbind": [Function],
[38;2;0;95;95m[48;2;215;255;255m+               },
[38;2;0;95;95m[48;2;215;255;255m+             },
[38;2;0;95;95m[48;2;215;255;255m+             "filters": Object {},
[38;2;0;95;95m[48;2;215;255;255m+           },
[38;2;0;95;95m[48;2;215;255;255m+           "provide": [Function],
[38;2;0;95;95m[48;2;215;255;255m+           "render": [Function],
[38;2;0;95;95m[48;2;215;255;255m+           "sealedOptions": Object {
[38;2;0;95;95m[48;2;215;255;255m+             "_Ctor": Object {
[38;2;0;95;95m[48;2;215;255;255m+               "0": [Function],
[38;2;0;95;95m[48;2;215;255;255m+             },
[38;2;0;95;95m[48;2;215;255;255m+             "_base": [Function],
[38;2;0;95;95m[48;2;215;255;255m+             "components": Object {
[38;2;0;95;95m[48;2;215;255;255m+               "BAlert": [Function],
[38;2;0;95;95m[48;2;215;255;255m+               "BAspect": [Function],
[38;2;0;95;95m[48;2;215;255;255m+               "BAvatar": [Function],
[38;2;0;95;95m[48;2;215;255;255m+               "BAvatarGroup": [Function],
[38;2;0;95;95m[48;2;215;255;255m+               "BBadge": [Function],
[38;2;0;95;95m[48;2;215;255;255m+               "BBreadcrumb": [Function],
[38;2;0;95;95m[48;2;215;255;255m+               "BBreadcrumbItem": [Function],
[38;2;0;95;95m[48;2;215;255;255m+               "BBreadcrumbLink": [Function],
[38;2;0;95;95m[48;2;215;255;255m+               "BBtn": [Function],
[38;2;0;95;95m[48;2;215;255;255m+               "BBtnClose": [Function],
[38;2;0;95;95m[48;2;215;255;255m+               "BBtnGroup": [Function],
[38;2;0;95;95m[48;2;215;255;255m+               "BBtnToolbar": [Function],
[38;2;0;95;95m[48;2;215;255;255m+               "BButton": [Function],
[38;2;0;95;95m[48;2;215;255;255m+               "BButtonClose": [Function],
[38;2;0;95;95m[48;2;215;255;255m+               "BButtonGroup": [Function],
[38;2;0;95;95m[48;2;215;255;255m+               "BButtonToolbar": [Function],
[38;2;0;95;95m[48;2;215;255;255m+               "BCalendar": [Function],
[38;2;0;95;95m[48;2;215;255;255m+               "BCard": [Function],
[38;2;0;95;95m[48;2;215;255;255m+               "BCardBody": [Function],
[38;2;0;95;95m[48;2;215;255;255m+               "BCardFooter": [Function],
[38;2;0;95;95m[48;2;215;255;255m+               "BCardGroup": [Function],
[38;2;0;95;95m[48;2;215;255;255m+               "BCardHeader": [Function],
[38;2;0;95;95m[48;2;215;255;255m+               "BCardImg": [Function],
[38;2;0;95;95m[48;2;215;255;255m+               "BCardImgLazy": [Function],
[38;2;0;95;95m[48;2;215;255;255m+               "BCardSubTitle": [Function],
[38;2;0;95;95m[48;2;215;255;255m+               "BCardText": [Function],
[38;2;0;95;95m[48;2;215;255;255m+               "BCardTitle": [Function],
[38;2;0;95;95m[48;2;215;255;255m+               "BCarousel": [Function],
[38;2;0;95;95m[48;2;215;255;255m+               "BCarouselSlide": [Function],
[38;2;0;95;95m[48;2;215;255;255m+               "BCheck": [Function],
[38;2;0;95;95m[48;2;215;255;255m+               "BCheckGroup": [Function],
[38;2;0;95;95m[48;2;215;255;255m+               "BCheckbox": [Function],
[38;2;0;95;95m[48;2;215;255;255m+               "BCheckboxGroup": [Function],
[38;2;0;95;95m[48;2;215;255;255m+               "BCol": [Function],
[38;2;0;95;95m[48;2;215;255;255m+               "BCollapse": [Function],
[38;2;0;95;95m[48;2;215;255;255m+               "BContainer": [Function],
[38;2;0;95;95m[48;2;215;255;255m+               "BDatalist": [Function],
[38;2;0;95;95m[48;2;215;255;255m+               "BDatepicker": [Function],
[38;2;0;95;95m[48;2;215;255;255m+               "BDd": [Function],
[38;2;0;95;95m[48;2;215;255;255m+               "BDdDivider": [Function],
[38;2;0;95;95m[48;2;215;255;255m+               "BDdForm": [Function],
[38;2;0;95;95m[48;2;215;255;255m+               "BDdGroup": [Function],
[38;2;0;95;95m[48;2;215;255;255m+               "BDdHeader": [Function],
[38;2;0;95;95m[48;2;215;255;255m+               "BDdItem": [Function],
[38;2;0;95;95m[48;2;215;255;255m+               "BDdItemBtn": [Function],
[38;2;0;95;95m[48;2;215;255;255m+               "BDdItemButton": [Function],
[38;2;0;95;95m[48;2;215;255;255m+               "BDdText": [Function],
[38;2;0;95;95m[48;2;215;255;255m+               "BDropdown": [Function],
[38;2;0;95;95m[48;2;215;255;255m+               "BDropdownDivider": [Function],
[38;2;0;95;95m[48;2;215;255;255m+               "BDropdownForm": [Function],
[38;2;0;95;95m[48;2;215;255;255m+               "BDropdownGroup": [Function],
[38;2;0;95;95m[48;2;215;255;255m+               "BDropdownHeader": [Function],
[38;2;0;95;95m[48;2;215;255;255m+               "BDropdownItem": [Function],
[38;2;0;95;95m[48;2;215;255;255m+               "BDropdownItemBtn": [Function],
[38;2;0;95;95m[48;2;215;255;255m+               "BDropdownItemButton": [Function],
[38;2;0;95;95m[48;2;215;255;255m+               "BDropdownText": [Function],
[38;2;0;95;95m[48;2;215;255;255m+               "BEmbed": [Function],
[38;2;0;95;95m[48;2;215;255;255m+               "BFile": [Function],
[38;2;0;95;95m[48;2;215;255;255m+               "BForm": [Function],
[38;2;0;95;95m[48;2;215;255;255m+               "BFormCheckbox": [Function],
[38;2;0;95;95m[48;2;215;255;255m+               "BFormCheckboxGroup": [Function],
[38;2;0;95;95m[48;2;215;255;255m+               "BFormDatalist": [Function],
[38;2;0;95;95m[48;2;215;255;255m+               "BFormDatepicker": [Function],
[38;2;0;95;95m[48;2;215;255;255m+               "BFormFeedback": [Function],
[38;2;0;95;95m[48;2;215;255;255m+               "BFormFieldset": [Function],
[38;2;0;95;95m[48;2;215;255;255m+               "BFormFile": [Function],
[38;2;0;95;95m[48;2;215;255;255m+               "BFormGroup": [Function],
[38;2;0;95;95m[48;2;215;255;255m+               "BFormInput": [Function],
[38;2;0;95;95m[48;2;215;255;255m+               "BFormInvalidFeedback": [Function],
[38;2;0;95;95m[48;2;215;255;255m+               "BFormRadio": [Function],
[38;2;0;95;95m[48;2;215;255;255m+               "BFormRadioGroup": [Function],
[38;2;0;95;95m[48;2;215;255;255m+               "BFormRating": [Function],
[38;2;0;95;95m[48;2;215;255;255m+               "BFormRow": [Function],
[38;2;0;95;95m[48;2;215;255;255m+               "BFormSelect": [Function],
[38;2;0;95;95m[48;2;215;255;255m+               "BFormSelectOption": [Function],
[38;2;0;95;95m[48;2;215;255;255m+               "BFormSelectOptionGroup": [Function],
[38;2;0;95;95m[48;2;215;255;255m+               "BFormSpinbutton": [Function],
[38;2;0;95;95m[48;2;215;255;255m+               "BFormTag": [Function],
[38;2;0;95;95m[48;2;215;255;255m+               "BFormTags": [Function],
[38;2;0;95;95m[48;2;215;255;255m+               "BFormText": [Function],
[38;2;0;95;95m[48;2;215;255;255m+               "BFormTextarea": [Function],
[38;2;0;95;95m[48;2;215;255;255m+               "BFormTimepicker": [Function],
[38;2;0;95;95m[48;2;215;255;255m+               "BFormValidFeedback": [Function],
[38;2;0;95;95m[48;2;215;255;255m+               "BImg": [Function],
[38;2;0;95;95m[48;2;215;255;255m+               "BImgLazy": [Function],
[38;2;0;95;95m[48;2;215;255;255m+               "BInput": [Function],
[38;2;0;95;95m[48;2;215;255;255m+               "BInputGroup": [Function],
[38;2;0;95;95m[48;2;215;255;255m+               "BInputGroupAddon": [Function],
[38;2;0;95;95m[48;2;215;255;255m+               "BInputGroupAppend": [Function],
[38;2;0;95;95m[48;2;215;255;255m+               "BInputGroupPrepend": [Function],
[38;2;0;95;95m[48;2;215;255;255m+               "BInputGroupText": [Function],
[38;2;0;95;95m[48;2;215;255;255m+               "BJumbotron": [Function],
[38;2;0;95;95m[48;2;215;255;255m+               "BLink": [Function],
[38;2;0;95;95m[48;2;215;255;255m+               "BListGroup": [Function],
[38;2;0;95;95m[48;2;215;255;255m+               "BListGroupItem": [Function],
[38;2;0;95;95m[48;2;215;255;255m+               "BMedia": [Function],
[38;2;0;95;95m[48;2;215;255;255m+               "BMediaAside": [Function],
[38;2;0;95;95m[48;2;215;255;255m+               "BMediaBody": [Function],
[38;2;0;95;95m[48;2;215;255;255m+               "BModal": [Function],
[38;2;0;95;95m[48;2;215;255;255m+               "BRadio": [Function],
[38;2;0;95;95m[48;2;215;255;255m+               "BRadioGroup": [Function],
[38;2;0;95;95m[48;2;215;255;255m+               "BRating": [Function],
[38;2;0;95;95m[48;2;215;255;255m+               "BRow": [Function],
[38;2;0;95;95m[48;2;215;255;255m+               "BSelect": [Function],
[38;2;0;95;95m[48;2;215;255;255m+               "BSelectOption": [Function],
[38;2;0;95;95m[48;2;215;255;255m+               "BSelectOptionGroup": [Function],
[38;2;0;95;95m[48;2;215;255;255m+               "BSpinbutton": [Function],
[38;2;0;95;95m[48;2;215;255;255m+               "BTag": [Function],
[38;2;0;95;95m[48;2;215;255;255m+               "BTags": [Function],
[38;2;0;95;95m[48;2;215;255;255m+               "BTextarea": [Function],
[38;2;0;95;95m[48;2;215;255;255m+               "BTimepicker": [Function],
[38;2;0;95;95m[48;2;215;255;255m+             },
[38;2;0;95;95m[48;2;215;255;255m+             "directives": Object {
[38;2;0;95;95m[48;2;215;255;255m+               "BModal": Object {
[38;2;0;95;95m[48;2;215;255;255m+                 "componentUpdated": [Function],
[38;2;0;95;95m[48;2;215;255;255m+                 "inserted": [Function],
[38;2;0;95;95m[48;2;215;255;255m+                 "unbind": [Function],
[38;2;0;95;95m[48;2;215;255;255m+                 "updated": [Function],
[38;2;0;95;95m[48;2;215;255;255m+               },
[38;2;0;95;95m[48;2;215;255;255m+               "BToggle": Object {
[38;2;0;95;95m[48;2;215;255;255m+                 "bind": [Function],
[38;2;0;95;95m[48;2;215;255;255m+                 "componentUpdated": [Function],
[38;2;0;95;95m[48;2;215;255;255m+                 "unbind": [Function],
[38;2;0;95;95m[48;2;215;255;255m+                 "updated": [Function],
[38;2;0;95;95m[48;2;215;255;255m+               },
[38;2;0;95;95m[48;2;215;255;255m+             },
[38;2;0;95;95m[48;2;215;255;255m+             "filters": Object {},
[38;2;0;95;95m[48;2;215;255;255m+           },
[38;2;0;95;95m[48;2;215;255;255m+           "set": [Function],
[38;2;0;95;95m[48;2;215;255;255m+           "shouldProxy": true,
[38;2;0;95;95m[48;2;215;255;255m+           "stubs": Object {
[38;2;0;95;95m[48;2;215;255;255m+             "transition": true,
[38;2;0;95;95m[48;2;215;255;255m+             "transition-group": true,
[38;2;0;95;95m[48;2;215;255;255m+           },
[38;2;0;95;95m[48;2;215;255;255m+           "super": [Function],
[38;2;0;95;95m[48;2;215;255;255m+           "superOptions": Object {
[38;2;0;95;95m[48;2;215;255;255m+             "_base": [Function],
[38;2;0;95;95m[48;2;215;255;255m+             "components": Object {
[38;2;0;95;95m[48;2;215;255;255m+               "KeepAlive": Object {
[38;2;0;95;95m[48;2;215;255;255m+                 "abstract": true,
[38;2;0;95;95m[48;2;215;255;255m+                 "created": [Function],
[38;2;0;95;95m[48;2;215;255;255m+                 "destroyed": [Function],
[38;2;0;95;95m[48;2;215;255;255m+                 "methods": Object {
[38;2;0;95;95m[48;2;215;255;255m+                   "cacheVNode": [Function],
[38;2;0;95;95m[48;2;215;255;255m+                 },
[38;2;0;95;95m[48;2;215;255;255m+                 "mounted": [Function],
[38;2;0;95;95m[48;2;215;255;255m+                 "name": "keep-alive",
[38;2;0;95;95m[48;2;215;255;255m+                 "props": Object {
[38;2;0;95;95m[48;2;215;255;255m+                   "exclude": Array [
[38;2;0;95;95m[48;2;215;255;255m+                     [Function],
[38;2;0;95;95m[48;2;215;255;255m+                     [Function],
[38;2;0;95;95m[48;2;215;255;255m+                     [Function],
[38;2;0;95;95m[48;2;215;255;255m+                   ],
[38;2;0;95;95m[48;2;215;255;255m+                   "include": Array [
[38;2;0;95;95m[48;2;215;255;255m+                     [Function],
[38;2;0;95;95m[48;2;215;255;255m+                     [Function],
[38;2;0;95;95m[48;2;215;255;255m+                     [Function],
[38;2;0;95;95m[48;2;215;255;255m+                   ],
[38;2;0;95;95m[48;2;215;255;255m+                   "max": Array [
[38;2;0;95;95m[48;2;215;255;255m+                     [Function],
[38;2;0;95;95m[48;2;215;255;255m+                     [Function],
[38;2;0;95;95m[48;2;215;255;255m+                   ],
[38;2;0;95;95m[48;2;215;255;255m+                 },
[38;2;0;95;95m[48;2;215;255;255m+                 "render": [Function],
[38;2;0;95;95m[48;2;215;255;255m+                 "updated": [Function],
[38;2;0;95;95m[48;2;215;255;255m+               },
[38;2;0;95;95m[48;2;215;255;255m+               "Transition": Object {
[38;2;0;95;95m[48;2;215;255;255m+                 "_Ctor": Object {
[38;2;0;95;95m[48;2;215;255;255m+                   "1404": [Function],
[38;2;0;95;95m[48;2;215;255;255m+                 },
[38;2;0;95;95m[48;2;215;255;255m+                 "abstract": true,
[38;2;0;95;95m[48;2;215;255;255m+                 "name": "transition",
[38;2;0;95;95m[48;2;215;255;255m+                 "props": Object {
[38;2;0;95;95m[48;2;215;255;255m+                   "appear": Object {
[38;2;0;95;95m[48;2;215;255;255m+                     "type": [Function],
[38;2;0;95;95m[48;2;215;255;255m+                   },
[38;2;0;95;95m[48;2;215;255;255m+                   "appearActiveClass": Object {
[38;2;0;95;95m[48;2;215;255;255m+                     "type": [Function],
[38;2;0;95;95m[48;2;215;255;255m+                   },
[38;2;0;95;95m[48;2;215;255;255m+                   "appearClass": Object {
[38;2;0;95;95m[48;2;215;255;255m+                     "type": [Function],
[38;2;0;95;95m[48;2;215;255;255m+                   },
[38;2;0;95;95m[48;2;215;255;255m+                   "appearToClass": Object {
[38;2;0;95;95m[48;2;215;255;255m+                     "type": [Function],
[38;2;0;95;95m[48;2;215;255;255m+                   },
[38;2;0;95;95m[48;2;215;255;255m+                   "css": Object {
[38;2;0;95;95m[48;2;215;255;255m+                     "type": [Function],
[38;2;0;95;95m[48;2;215;255;255m+                   },
[38;2;0;95;95m[48;2;215;255;255m+                   "duration": Object {
[38;2;0;95;95m[48;2;215;255;255m+                     "type": Array [
[38;2;0;95;95m[48;2;215;255;255m+                       [Function],
[38;2;0;95;95m[48;2;215;255;255m+                       [Function],
[38;2;0;95;95m[48;2;215;255;255m+                       [Function],
[38;2;0;95;95m[48;2;215;255;255m+                     ],
[38;2;0;95;95m[48;2;215;255;255m+                   },
[38;2;0;95;95m[48;2;215;255;255m+                   "enterActiveClass": Object {
[38;2;0;95;95m[48;2;215;255;255m+                     "type": [Function],
[38;2;0;95;95m[48;2;215;255;255m+                   },
[38;2;0;95;95m[48;2;215;255;255m+                   "enterClass": Object {
[38;2;0;95;95m[48;2;215;255;255m+                     "type": [Function],
[38;2;0;95;95m[48;2;215;255;255m+                   },
[38;2;0;95;95m[48;2;215;255;255m+                   "enterToClass": Object {
[38;2;0;95;95m[48;2;215;255;255m+                     "type": [Function],
[38;2;0;95;95m[48;2;215;255;255m+                   },
[38;2;0;95;95m[48;2;215;255;255m+                   "leaveActiveClass": Object {
[38;2;0;95;95m[48;2;215;255;255m+                     "type": [Function],
[38;2;0;95;95m[48;2;215;255;255m+                   },
[38;2;0;95;95m[48;2;215;255;255m+                   "leaveClass": Object {
[38;2;0;95;95m[48;2;215;255;255m+                     "type": [Function],
[38;2;0;95;95m[48;2;215;255;255m+                   },
[38;2;0;95;95m[48;2;215;255;255m+                   "leaveToClass": Object {
[38;2;0;95;95m[48;2;215;255;255m+                     "type": [Function],
[38;2;0;95;95m[48;2;215;255;255m+                   },
[38;2;0;95;95m[48;2;215;255;255m+                   "mode": Object {
[38;2;0;95;95m[48;2;215;255;255m+                     "type": [Function],
[38;2;0;95;95m[48;2;215;255;255m+                   },
[38;2;0;95;95m[48;2;215;255;255m+                   "name": Object {
[38;2;0;95;95m[48;2;215;255;255m+                     "type": [Function],
[38;2;0;95;95m[48;2;215;255;255m+                   },
[38;2;0;95;95m[48;2;215;255;255m+                   "type": Object {
[38;2;0;95;95m[48;2;215;255;255m+                     "type": [Function],
[38;2;0;95;95m[48;2;215;255;255m+                   },
[38;2;0;95;95m[48;2;215;255;255m+                 },
[38;2;0;95;95m[48;2;215;255;255m+                 "render": [Function],
[38;2;0;95;95m[48;2;215;255;255m+               },
[38;2;0;95;95m[48;2;215;255;255m+               "TransitionGroup": Object {
[38;2;0;95;95m[48;2;215;255;255m+                 "_Ctor": Object {
[38;2;0;95;95m[48;2;215;255;255m+                   "1404": [Function],
[38;2;0;95;95m[48;2;215;255;255m+                 },
[38;2;0;95;95m[48;2;215;255;255m+                 "beforeMount": [Function],
[38;2;0;95;95m[48;2;215;255;255m+                 "methods": Object {
[38;2;0;95;95m[48;2;215;255;255m+                   "hasMove": [Function],
[38;2;0;95;95m[48;2;215;255;255m+                 },
[38;2;0;95;95m[48;2;215;255;255m+                 "props": Object {
[38;2;0;95;95m[48;2;215;255;255m+                   "appear": Object {
[38;2;0;95;95m[48;2;215;255;255m+                     "type": [Function],
[38;2;0;95;95m[48;2;215;255;255m+                   },
[38;2;0;95;95m[48;2;215;255;255m+                   "appearActiveClass": Object {
[38;2;0;95;95m[48;2;215;255;255m+                     "type": [Function],
[38;2;0;95;95m[48;2;215;255;255m+                   },
[38;2;0;95;95m[48;2;215;255;255m+                   "appearClass": Object {
[38;2;0;95;95m[48;2;215;255;255m+                     "type": [Function],
[38;2;0;95;95m[48;2;215;255;255m+                   },
[38;2;0;95;95m[48;2;215;255;255m+                   "appearToClass": Object {
[38;2;0;95;95m[48;2;215;255;255m+                     "type": [Function],
[38;2;0;95;95m[48;2;215;255;255m+                   },
[38;2;0;95;95m[48;2;215;255;255m+                   "css": Object {
[38;2;0;95;95m[48;2;215;255;255m+                     "type": [Function],
[38;2;0;95;95m[48;2;215;255;255m+                   },
[38;2;0;95;95m[48;2;215;255;255m+                   "duration": Object {
[38;2;0;95;95m[48;2;215;255;255m+                     "type": Array [
[38;2;0;95;95m[48;2;215;255;255m+                       [Function],
[38;2;0;95;95m[48;2;215;255;255m+                       [Function],
[38;2;0;95;95m[48;2;215;255;255m+                       [Function],
[38;2;0;95;95m[48;2;215;255;255m+                     ],
[38;2;0;95;95m[48;2;215;255;255m+                   },
[38;2;0;95;95m[48;2;215;255;255m+                   "enterActiveClass": Object {
[38;2;0;95;95m[48;2;215;255;255m+                     "type": [Function],
[38;2;0;95;95m[48;2;215;255;255m+                   },
[38;2;0;95;95m[48;2;215;255;255m+                   "enterClass": Object {
[38;2;0;95;95m[48;2;215;255;255m+                     "type": [Function],
[38;2;0;95;95m[48;2;215;255;255m+                   },
[38;2;0;95;95m[48;2;215;255;255m+                   "enterToClass": Object {
[38;2;0;95;95m[48;2;215;255;255m+                     "type": [Function],
[38;2;0;95;95m[48;2;215;255;255m+                   },
[38;2;0;95;95m[48;2;215;255;255m+                   "leaveActiveClass": Object {
[38;2;0;95;95m[48;2;215;255;255m+                     "type": [Function],
[38;2;0;95;95m[48;2;215;255;255m+                   },
[38;2;0;95;95m[48;2;215;255;255m+                   "leaveClass": Object {
[38;2;0;95;95m[48;2;215;255;255m+                     "type": [Function],
[38;2;0;95;95m[48;2;215;255;255m+                   },
[38;2;0;95;95m[48;2;215;255;255m+                   "leaveToClass": Object {
[38;2;0;95;95m[48;2;215;255;255m+                     "type": [Function],
[38;2;0;95;95m[48;2;215;255;255m+                   },
[38;2;0;95;95m[48;2;215;255;255m+                   "moveClass": Object {
[38;2;0;95;95m[48;2;215;255;255m+                     "type": [Function],
[38;2;0;95;95m[48;2;215;255;255m+                   },
[38;2;0;95;95m[48;2;215;255;255m+                   "name": Object {
[38;2;0;95;95m[48;2;215;255;255m+                     "type": [Function],
[38;2;0;95;95m[48;2;215;255;255m+                   },
[38;2;0;95;95m[48;2;215;255;255m+                   "tag": Object {
[38;2;0;95;95m[48;2;215;255;255m+                     "type": [Function],
[38;2;0;95;95m[48;2;215;255;255m+                   },
[38;2;0;95;95m[48;2;215;255;255m+                   "type": Object {
[38;2;0;95;95m[48;2;215;255;255m+                     "type": [Function],
[38;2;0;95;95m[48;2;215;255;255m+                   },
[38;2;0;95;95m[48;2;215;255;255m+                 },
[38;2;0;95;95m[48;2;215;255;255m+                 "render": [Function],
[38;2;0;95;95m[48;2;215;255;255m+                 "updated": [Function],
[38;2;0;95;95m[48;2;215;255;255m+               },
[38;2;0;95;95m[48;2;215;255;255m+             },
[38;2;0;95;95m[48;2;215;255;255m+             "directives": Object {
[38;2;0;95;95m[48;2;215;255;255m+               "model": Object {
[38;2;0;95;95m[48;2;215;255;255m+                 "componentUpdated": [Function],
[38;2;0;95;95m[48;2;215;255;255m+                 "inserted": [Function],
[38;2;0;95;95m[48;2;215;255;255m+               },
[38;2;0;95;95m[48;2;215;255;255m+               "show": Object {
[38;2;0;95;95m[48;2;215;255;255m+                 "bind": [Function],
[38;2;0;95;95m[48;2;215;255;255m+                 "unbind": [Function],
[38;2;0;95;95m[48;2;215;255;255m+                 "update": [Function],
[38;2;0;95;95m[48;2;215;255;255m+               },
[38;2;0;95;95m[48;2;215;255;255m+             },
[38;2;0;95;95m[48;2;215;255;255m+             "filters": Object {},
[38;2;0;95;95m[48;2;215;255;255m+           },
[38;2;0;95;95m[48;2;215;255;255m+           "use": [Function],
[38;2;0;95;95m[48;2;215;255;255m+           "util": Object {
[38;2;0;95;95m[48;2;215;255;255m+             "defineReactive": [Function],
[38;2;0;95;95m[48;2;215;255;255m+             "extend": [Function],
[38;2;0;95;95m[48;2;215;255;255m+             "mergeOptions": [Function],
[38;2;0;95;95m[48;2;215;255;255m+             "warn": [Function],
[38;2;0;95;95m[48;2;215;255;255m+           },
[38;2;0;95;95m[48;2;215;255;255m+           "version": "2.6.14",
[38;2;0;95;95m[48;2;215;255;255m+         },
[38;2;0;95;95m[48;2;215;255;255m+         "$parent": undefined,
[38;2;0;95;95m[48;2;215;255;255m+         "$refs": Object {},
[38;2;0;95;95m[48;2;215;255;255m+         "$root": [Circular],
[38;2;0;95;95m[48;2;215;255;255m+         "$scopedSlots": Object {},
[38;2;0;95;95m[48;2;215;255;255m+         "$slots": Object {},
[38;2;0;95;95m[48;2;215;255;255m+         "$vnode": undefined,
[38;2;0;95;95m[48;2;215;255;255m+         "__emitted": Object {},
[38;2;0;95;95m[48;2;215;255;255m+         "__emittedByOrder": Array [],
[38;2;0;95;95m[48;2;215;255;255m+         "_c": [Function],
[38;2;0;95;95m[48;2;215;255;255m+         "_data": Object {
[38;2;0;95;95m[48;2;215;255;255m+           "vueTestUtils_childProps": Object {},
[38;2;0;95;95m[48;2;215;255;255m+         },
[38;2;0;95;95m[48;2;215;255;255m+         "_directInactive": false,
[38;2;0;95;95m[48;2;215;255;255m+         "_events": Object {},
[38;2;0;95;95m[48;2;215;255;255m+         "_hasHookEvent": false,
[38;2;0;95;95m[48;2;215;255;255m+         "_inactive": null,
[38;2;0;95;95m[48;2;215;255;255m+         "_isBeingDestroyed": false,
[38;2;0;95;95m[48;2;215;255;255m+         "_isDestroyed": false,
[38;2;0;95;95m[48;2;215;255;255m+         "_isMounted": true,
[38;2;0;95;95m[48;2;215;255;255m+         "_isVue": true,
[38;2;0;95;95m[48;2;215;255;255m+         "_provided": Object {},
[38;2;0;95;95m[48;2;215;255;255m+         "_renderProxy": VueComponent {
[38;2;0;95;95m[48;2;215;255;255m+           "$attrs": Object {},
[38;2;0;95;95m[48;2;215;255;255m+           "$children": Array [
[38;2;0;95;95m[48;2;215;255;255m+             [Circular],
[38;2;0;95;95m[48;2;215;255;255m+           ],
[38;2;0;95;95m[48;2;215;255;255m+           "$createElement": [Function],
[38;2;0;95;95m[48;2;215;255;255m+           "$el": <div>
[38;2;0;95;95m[48;2;215;255;255m+             <b-dropdown
[38;2;0;95;95m[48;2;215;255;255m+               no-caret=""
[38;2;0;95;95m[48;2;215;255;255m+               right=""
[38;2;0;95;95m[48;2;215;255;255m+               size="lg"
[38;2;0;95;95m[48;2;215;255;255m+               variant="link"
[38;2;0;95;95m[48;2;215;255;255m+             >
[38;2;0;95;95m[48;2;215;255;255m+                
[38;2;0;95;95m[48;2;215;255;255m+               <b-dropdown-item>
[38;2;0;95;95m[48;2;215;255;255m+                 <b-icon
[38;2;0;95;95m[48;2;215;255;255m+                   icon="door-open"
[38;2;0;95;95m[48;2;215;255;255m+                 />
[38;2;0;95;95m[48;2;215;255;255m+                 
[38;2;0;95;95m[48;2;215;255;255m+       回到主页
[38;2;0;95;95m[48;2;215;255;255m+     
[38;2;0;95;95m[48;2;215;255;255m+               </b-dropdown-item>
[38;2;0;95;95m[48;2;215;255;255m+                
[38;2;0;95;95m[48;2;215;255;255m+               <b-dropdown-item>
[38;2;0;95;95m[48;2;215;255;255m+                 <b-icon
[38;2;0;95;95m[48;2;215;255;255m+                   icon="cursor-fill"
[38;2;0;95;95m[48;2;215;255;255m+                 />
[38;2;0;95;95m[48;2;215;255;255m+                 
[38;2;0;95;95m[48;2;215;255;255m+       注销用户
[38;2;0;95;95m[48;2;215;255;255m+     
[38;2;0;95;95m[48;2;215;255;255m+               </b-dropdown-item>
[38;2;0;95;95m[48;2;215;255;255m+             </b-dropdown>
[38;2;0;95;95m[48;2;215;255;255m+           </div>,
[38;2;0;95;95m[48;2;215;255;255m+           "$emit": [Function],
[38;2;0;95;95m[48;2;215;255;255m+           "$listeners": Object {},
[38;2;0;95;95m[48;2;215;255;255m+           "$options": Object {
[38;2;0;95;95m[48;2;215;255;255m+             "$_doNotStubChildren": true,
[38;2;0;95;95m[48;2;215;255;255m+             "$_isWrapperParent": true,
[38;2;0;95;95m[48;2;215;255;255m+             "_Ctor": Object {
[38;2;0;95;95m[48;2;215;255;255m+               "1404": [Function],
[38;2;0;95;95m[48;2;215;255;255m+             },
[38;2;0;95;95m[48;2;215;255;255m+             "_base": [Function],
[38;2;0;95;95m[48;2;215;255;255m+             "_installedPlugins": Array [
[38;2;0;95;95m[48;2;215;255;255m+               Object {
[38;2;0;95;95m[48;2;215;255;255m+                 "install": [Function],
[38;2;0;95;95m[48;2;215;255;255m+               },
[38;2;0;95;95m[48;2;215;255;255m+               Object {
[38;2;0;95;95m[48;2;215;255;255m+                 "install": [Function],
[38;2;0;95;95m[48;2;215;255;255m+               },
[38;2;0;95;95m[48;2;215;255;255m+               Object {
[38;2;0;95;95m[48;2;215;255;255m+                 "install": [Function],
[38;2;0;95;95m[48;2;215;255;255m+               },
[38;2;0;95;95m[48;2;215;255;255m+               Object {
[38;2;0;95;95m[48;2;215;255;255m+                 "install": [Function],
[38;2;0;95;95m[48;2;215;255;255m+               },
[38;2;0;95;95m[48;2;215;255;255m+               Object {
[38;2;0;95;95m[48;2;215;255;255m+                 "install": [Function],
[38;2;0;95;95m[48;2;215;255;255m+               },
[38;2;0;95;95m[48;2;215;255;255m+               Object {
[38;2;0;95;95m[48;2;215;255;255m+                 "install": [Function],
[38;2;0;95;95m[48;2;215;255;255m+               },
[38;2;0;95;95m[48;2;215;255;255m+               Object {
[38;2;0;95;95m[48;2;215;255;255m+                 "install": [Function],
[38;2;0;95;95m[48;2;215;255;255m+               },
[38;2;0;95;95m[48;2;215;255;255m+               Object {
[38;2;0;95;95m[48;2;215;255;255m+                 "install": [Function],
[38;2;0;95;95m[48;2;215;255;255m+               },
[38;2;0;95;95m[48;2;215;255;255m+               Object {
[38;2;0;95;95m[48;2;215;255;255m+                 "install": [Function],
[38;2;0;95;95m[48;2;215;255;255m+               },
[38;2;0;95;95m[48;2;215;255;255m+               Object {
[38;2;0;95;95m[48;2;215;255;255m+                 "install": [Function],
[38;2;0;95;95m[48;2;215;255;255m+               },
[38;2;0;95;95m[48;2;215;255;255m+               Object {
[38;2;0;95;95m[48;2;215;255;255m+                 "install": [Function],
[38;2;0;95;95m[48;2;215;255;255m+               },
[38;2;0;95;95m[48;2;215;255;255m+               Object {
[38;2;0;95;95m[48;2;215;255;255m+                 "install": [Function],
[38;2;0;95;95m[48;2;215;255;255m+               },
[38;2;0;95;95m[48;2;215;255;255m+               Object {
[38;2;0;95;95m[48;2;215;255;255m+                 "install": [Function],
[38;2;0;95;95m[48;2;215;255;255m+               },
[38;2;0;95;95m[48;2;215;255;255m+               Object {
[38;2;0;95;95m[48;2;215;255;255m+                 "install": [Function],
[38;2;0;95;95m[48;2;215;255;255m+               },
[38;2;0;95;95m[48;2;215;255;255m+               Object {
[38;2;0;95;95m[48;2;215;255;255m+                 "install": [Function],
[38;2;0;95;95m[48;2;215;255;255m+               },
[38;2;0;95;95m[48;2;215;255;255m+               Object {
[38;2;0;95;95m[48;2;215;255;255m+                 "install": [Function],
[38;2;0;95;95m[48;2;215;255;255m+               },
[38;2;0;95;95m[48;2;215;255;255m+               Object {
[38;2;0;95;95m[48;2;215;255;255m+                 "install": [Function],
[38;2;0;95;95m[48;2;215;255;255m+               },
[38;2;0;95;95m[48;2;215;255;255m+               Object {
[38;2;0;95;95m[48;2;215;255;255m+                 "install": [Function],
[38;2;0;95;95m[48;2;215;255;255m+               },
[38;2;0;95;95m[48;2;215;255;255m+               Object {
[38;2;0;95;95m[48;2;215;255;255m+                 "install": [Function],
[38;2;0;95;95m[48;2;215;255;255m+               },
[38;2;0;95;95m[48;2;215;255;255m+               Object {
[38;2;0;95;95m[48;2;215;255;255m+                 "install": [Function],
[38;2;0;95;95m[48;2;215;255;255m+               },
[38;2;0;95;95m[48;2;215;255;255m+               Object {
[38;2;0;95;95m[48;2;215;255;255m+                 "install": [Function],
[38;2;0;95;95m[48;2;215;255;255m+               },
[38;2;0;95;95m[48;2;215;255;255m+               Object {
[38;2;0;95;95m[48;2;215;255;255m+                 "install": [Function],
[38;2;0;95;95m[48;2;215;255;255m+               },
[38;2;0;95;95m[48;2;215;255;255m+               Object {
[38;2;0;95;95m[48;2;215;255;255m+                 "install": [Function],
[38;2;0;95;95m[48;2;215;255;255m+               },
[38;2;0;95;95m[48;2;215;255;255m+               Object {
[38;2;0;95;95m[48;2;215;255;255m+                 "install": [Function],
[38;2;0;95;95m[48;2;215;255;255m+               },
[38;2;0;95;95m[48;2;215;255;255m+               Object {
[38;2;0;95;95m[48;2;215;255;255m+                 "install": [Function],
[38;2;0;95;95m[48;2;215;255;255m+               },
[38;2;0;95;95m[48;2;215;255;255m+               Object {
[38;2;0;95;95m[48;2;215;255;255m+                 "install": [Function],
[38;2;0;95;95m[48;2;215;255;255m+               },
[38;2;0;95;95m[48;2;215;255;255m+               Object {
[38;2;0;95;95m[48;2;215;255;255m+                 "install": [Function],
[38;2;0;95;95m[48;2;215;255;255m+               },
[38;2;0;95;95m[48;2;215;255;255m+               Object {
[38;2;0;95;95m[48;2;215;255;255m+                 "install": [Function],
[38;2;0;95;95m[48;2;215;255;255m+               },
[38;2;0;95;95m[48;2;215;255;255m+               Object {
[38;2;0;95;95m[48;2;215;255;255m+                 "install": [Function],
[38;2;0;95;95m[48;2;215;255;255m+               },
[38;2;0;95;95m[48;2;215;255;255m+               Object {
[38;2;0;95;95m[48;2;215;255;255m+                 "install": [Function],
[38;2;0;95;95m[48;2;215;255;255m+               },
[38;2;0;95;95m[48;2;215;255;255m+               Object {
[38;2;0;95;95m[48;2;215;255;255m+                 "install": [Function],
[38;2;0;95;95m[48;2;215;255;255m+               },
[38;2;0;95;95m[48;2;215;255;255m+               Object {
[38;2;0;95;95m[48;2;215;255;255m+                 "install": [Function],
[38;2;0;95;95m[48;2;215;255;255m+               },
[38;2;0;95;95m[48;2;215;255;255m+               Object {
[38;2;0;95;95m[48;2;215;255;255m+                 "install": [Function],
[38;2;0;95;95m[48;2;215;255;255m+               },
[38;2;0;95;95m[48;2;215;255;255m+               Object {
[38;2;0;95;95m[48;2;215;255;255m+                 "install": [Function],
[38;2;0;95;95m[48;2;215;255;255m+               },
[38;2;0;95;95m[48;2;215;255;255m+               Object {
[38;2;0;95;95m[48;2;215;255;255m+                 "install": [Function],
[38;2;0;95;95m[48;2;215;255;255m+               },
[38;2;0;95;95m[48;2;215;255;255m+               [Function],
[38;2;0;95;95m[48;2;215;255;255m+               Object {
[38;2;0;95;95m[48;2;215;255;255m+                 "install": [Function],
[38;2;0;95;95m[48;2;215;255;255m+               },
[38;2;0;95;95m[48;2;215;255;255m+               Object {
[38;2;0;95;95m[48;2;215;255;255m+                 "install": [Function],
[38;2;0;95;95m[48;2;215;255;255m+               },
[38;2;0;95;95m[48;2;215;255;255m+               Object {
[38;2;0;95;95m[48;2;215;255;255m+                 "install": [Function],
[38;2;0;95;95m[48;2;215;255;255m+               },
[38;2;0;95;95m[48;2;215;255;255m+               Object {
[38;2;0;95;95m[48;2;215;255;255m+                 "install": [Function],
[38;2;0;95;95m[48;2;215;255;255m+               },
[38;2;0;95;95m[48;2;215;255;255m+               Object {
[38;2;0;95;95m[48;2;215;255;255m+                 "install": [Function],
[38;2;0;95;95m[48;2;215;255;255m+               },
[38;2;0;95;95m[48;2;215;255;255m+               Object {
[38;2;0;95;95m[48;2;215;255;255m+                 "install": [Function],
[38;2;0;95;95m[48;2;215;255;255m+               },
[38;2;0;95;95m[48;2;215;255;255m+               Object {
[38;2;0;95;95m[48;2;215;255;255m+                 "install": [Function],
[38;2;0;95;95m[48;2;215;255;255m+               },
[38;2;0;95;95m[48;2;215;255;255m+               Object {
[38;2;0;95;95m[48;2;215;255;255m+                 "install": [Function],
[38;2;0;95;95m[48;2;215;255;255m+               },
[38;2;0;95;95m[48;2;215;255;255m+               Object {
[38;2;0;95;95m[48;2;215;255;255m+                 "install": [Function],
[38;2;0;95;95m[48;2;215;255;255m+               },
[38;2;0;95;95m[48;2;215;255;255m+               Object {
[38;2;0;95;95m[48;2;215;255;255m+                 "install": [Function],
[38;2;0;95;95m[48;2;215;255;255m+               },
[38;2;0;95;95m[48;2;215;255;255m+               Object {
[38;2;0;95;95m[48;2;215;255;255m+                 "install": [Function],
[38;2;0;95;95m[48;2;215;255;255m+               },
[38;2;0;95;95m[48;2;215;255;255m+               Object {
[38;2;0;95;95m[48;2;215;255;255m+                 "install": [Function],
[38;2;0;95;95m[48;2;215;255;255m+               },
[38;2;0;95;95m[48;2;215;255;255m+               Object {
[38;2;0;95;95m[48;2;215;255;255m+                 "install": [Function],
[38;2;0;95;95m[48;2;215;255;255m+               },
[38;2;0;95;95m[48;2;215;255;255m+               Object {
[38;2;0;95;95m[48;2;215;255;255m+                 "install": [Function],
[38;2;0;95;95m[48;2;215;255;255m+               },
[38;2;0;95;95m[48;2;215;255;255m+               Object {
[38;2;0;95;95m[48;2;215;255;255m+                 "install": [Function],
[38;2;0;95;95m[48;2;215;255;255m+               },
[38;2;0;95;95m[48;2;215;255;255m+               Object {
[38;2;0;95;95m[48;2;215;255;255m+                 "install": [Function],
[38;2;0;95;95m[48;2;215;255;255m+               },
[38;2;0;95;95m[48;2;215;255;255m+               Object {
[38;2;0;95;95m[48;2;215;255;255m+                 "install": [Function],
[38;2;0;95;95m[48;2;215;255;255m+               },
[38;2;0;95;95m[48;2;215;255;255m+               Object {
[38;2;0;95;95m[48;2;215;255;255m+                 "install": [Function],
[38;2;0;95;95m[48;2;215;255;255m+               },
[38;2;0;95;95m[48;2;215;255;255m+               [Function],
[38;2;0;95;95m[48;2;215;255;255m+               Object {
[38;2;0;95;95m[48;2;215;255;255m+                 "install": [Function],
[38;2;0;95;95m[48;2;215;255;255m+               },
[38;2;0;95;95m[48;2;215;255;255m+               Object {
[38;2;0;95;95m[48;2;215;255;255m+                 "install": [Function],
[38;2;0;95;95m[48;2;215;255;255m+               },
[38;2;0;95;95m[48;2;215;255;255m+               Object {
[38;2;0;95;95m[48;2;215;255;255m+                 "install": [Function],
[38;2;0;95;95m[48;2;215;255;255m+               },
[38;2;0;95;95m[48;2;215;255;255m+               Object {
[38;2;0;95;95m[48;2;215;255;255m+                 "install": [Function],
[38;2;0;95;95m[48;2;215;255;255m+               },
[38;2;0;95;95m[48;2;215;255;255m+               Object {
[38;2;0;95;95m[48;2;215;255;255m+                 "install": [Function],
[38;2;0;95;95m[48;2;215;255;255m+               },
[38;2;0;95;95m[48;2;215;255;255m+               Object {
[38;2;0;95;95m[48;2;215;255;255m+                 "install": [Function],
[38;2;0;95;95m[48;2;215;255;255m+               },
[38;2;0;95;95m[48;2;215;255;255m+               Object {
[38;2;0;95;95m[48;2;215;255;255m+                 "install": [Function],
[38;2;0;95;95m[48;2;215;255;255m+               },
[38;2;0;95;95m[48;2;215;255;255m+               Object {
[38;2;0;95;95m[48;2;215;255;255m+                 "install": [Function],
[38;2;0;95;95m[48;2;215;255;255m+               },
[38;2;0;95;95m[48;2;215;255;255m+               Object {
[38;2;0;95;95m[48;2;215;255;255m+                 "install": [Function],
[38;2;0;95;95m[48;2;215;255;255m+               },
[38;2;0;95;95m[48;2;215;255;255m+               Object {
[38;2;0;95;95m[48;2;215;255;255m+                 "install": [Function],
[38;2;0;95;95m[48;2;215;255;255m+               },
[38;2;0;95;95m[48;2;215;255;255m+               Object {
[38;2;0;95;95m[48;2;215;255;255m+                 "NAME": "BootstrapVue",
[38;2;0;95;95m[48;2;215;255;255m+                 "install": [Function],
[38;2;0;95;95m[48;2;215;255;255m+               },
[38;2;0;95;95m[48;2;215;255;255m+             ],
[38;2;0;95;95m[48;2;215;255;255m+             "_isFunctionalContainer": undefined,
[38;2;0;95;95m[48;2;215;255;255m+             "beforeCreate": Array [
[38;2;0;95;95m[48;2;215;255;255m+               [Function],
[38;2;0;95;95m[48;2;215;255;255m+               [Function],
[38;2;0;95;95m[48;2;215;255;255m+               [Function],
[38;2;0;95;95m[48;2;215;255;255m+             ],
[38;2;0;95;95m[48;2;215;255;255m+             "cid": 1398,
[38;2;0;95;95m[48;2;215;255;255m+             "component": [Function],
[38;2;0;95;95m[48;2;215;255;255m+             "components": Object {
[38;2;0;95;95m[48;2;215;255;255m+               "transition": Object {
[38;2;0;95;95m[48;2;215;255;255m+                 "$_doNotStubChildren": true,
[38;2;0;95;95m[48;2;215;255;255m+                 "$_vueTestUtils_original": Object {
[38;2;0;95;95m[48;2;215;255;255m+                   "_Ctor": Object {
[38;2;0;95;95m[48;2;215;255;255m+                     "1404": [Function],
[38;2;0;95;95m[48;2;215;255;255m+                   },
[38;2;0;95;95m[48;2;215;255;255m+                   "abstract": true,
[38;2;0;95;95m[48;2;215;255;255m+                   "name": "transition",
[38;2;0;95;95m[48;2;215;255;255m+                   "props": Object {
[38;2;0;95;95m[48;2;215;255;255m+                     "appear": Object {
[38;2;0;95;95m[48;2;215;255;255m+                       "type": [Function],
[38;2;0;95;95m[48;2;215;255;255m+                     },
[38;2;0;95;95m[48;2;215;255;255m+                     "appearActiveClass": Object {
[38;2;0;95;95m[48;2;215;255;255m+                       "type": [Function],
[38;2;0;95;95m[48;2;215;255;255m+                     },
[38;2;0;95;95m[48;2;215;255;255m+                     "appearClass": Object {
[38;2;0;95;95m[48;2;215;255;255m+                       "type": [Function],
[38;2;0;95;95m[48;2;215;255;255m+                     },
[38;2;0;95;95m[48;2;215;255;255m+                     "appearToClass": Object {
[38;2;0;95;95m[48;2;215;255;255m+                       "type": [Function],
[38;2;0;95;95m[48;2;215;255;255m+                     },
[38;2;0;95;95m[48;2;215;255;255m+                     "css": Object {
[38;2;0;95;95m[48;2;215;255;255m+                       "type": [Function],
[38;2;0;95;95m[48;2;215;255;255m+                     },
[38;2;0;95;95m[48;2;215;255;255m+                     "duration": Object {
[38;2;0;95;95m[48;2;215;255;255m+                       "type": Array [
[38;2;0;95;95m[48;2;215;255;255m+                         [Function],
[38;2;0;95;95m[48;2;215;255;255m+                         [Function],
[38;2;0;95;95m[48;2;215;255;255m+                         [Function],
[38;2;0;95;95m[48;2;215;255;255m+                       ],
[38;2;0;95;95m[48;2;215;255;255m+                     },
[38;2;0;95;95m[48;2;215;255;255m+                     "enterActiveClass": Object {
[38;2;0;95;95m[48;2;215;255;255m+                       "type": [Function],
[38;2;0;95;95m[48;2;215;255;255m+                     },
[38;2;0;95;95m[48;2;215;255;255m+                     "enterClass": Object {
[38;2;0;95;95m[48;2;215;255;255m+                       "type": [Function],
[38;2;0;95;95m[48;2;215;255;255m+                     },
[38;2;0;95;95m[48;2;215;255;255m+                     "enterToClass": Object {
[38;2;0;95;95m[48;2;215;255;255m+                       "type": [Function],
[38;2;0;95;95m[48;2;215;255;255m+                     },
[38;2;0;95;95m[48;2;215;255;255m+                     "leaveActiveClass": Object {
[38;2;0;95;95m[48;2;215;255;255m+                       "type": [Function],
[38;2;0;95;95m[48;2;215;255;255m+                     },
[38;2;0;95;95m[48;2;215;255;255m+                     "leaveClass": Object {
[38;2;0;95;95m[48;2;215;255;255m+                       "type": [Function],
[38;2;0;95;95m[48;2;215;255;255m+                     },
[38;2;0;95;95m[48;2;215;255;255m+                     "leaveToClass": Object {
[38;2;0;95;95m[48;2;215;255;255m+                       "type": [Function],
[38;2;0;95;95m[48;2;215;255;255m+                     },
[38;2;0;95;95m[48;2;215;255;255m+                     "mode": Object {
[38;2;0;95;95m[48;2;215;255;255m+                       "type": [Function],
[38;2;0;95;95m[48;2;215;255;255m+                     },
[38;2;0;95;95m[48;2;215;255;255m+                     "name": Object {
[38;2;0;95;95m[48;2;215;255;255m+                       "type": [Function],
[38;2;0;95;95m[48;2;215;255;255m+                     },
[38;2;0;95;95m[48;2;215;255;255m+                     "type": Object {
[38;2;0;95;95m[48;2;215;255;255m+                       "type": [Function],
[38;2;0;95;95m[48;2;215;255;255m+                     },
[38;2;0;95;95m[48;2;215;255;255m+                   },
[38;2;0;95;95m[48;2;215;255;255m+                   "render": [Function],
[38;2;0;95;95m[48;2;215;255;255m+                 },
[38;2;0;95;95m[48;2;215;255;255m+                 "abstract": true,
[38;2;0;95;95m[48;2;215;255;255m+                 "attrs": undefined,
[38;2;0;95;95m[48;2;215;255;255m+                 "class": undefined,
[38;2;0;95;95m[48;2;215;255;255m+                 "domProps": undefined,
[38;2;0;95;95m[48;2;215;255;255m+                 "functional": undefined,
[38;2;0;95;95m[48;2;215;255;255m+                 "key": undefined,
[38;2;0;95;95m[48;2;215;255;255m+                 "model": undefined,
[38;2;0;95;95m[48;2;215;255;255m+                 "name": "transition",
[38;2;0;95;95m[48;2;215;255;255m+                 "nativeOn": undefined,
[38;2;0;95;95m[48;2;215;255;255m+                 "normalizedStyle": undefined,
[38;2;0;95;95m[48;2;215;255;255m+                 "on": undefined,
[38;2;0;95;95m[48;2;215;255;255m+                 "props": Object {
[38;2;0;95;95m[48;2;215;255;255m+                   "appear": Object {
[38;2;0;95;95m[48;2;215;255;255m+                     "type": [Function],
[38;2;0;95;95m[48;2;215;255;255m+                   },
[38;2;0;95;95m[48;2;215;255;255m+                   "appearActiveClass": Object {
[38;2;0;95;95m[48;2;215;255;255m+                     "type": [Function],
[38;2;0;95;95m[48;2;215;255;255m+                   },
[38;2;0;95;95m[48;2;215;255;255m+                   "appearClass": Object {
[38;2;0;95;95m[48;2;215;255;255m+                     "type": [Function],
[38;2;0;95;95m[48;2;215;255;255m+                   },
[38;2;0;95;95m[48;2;215;255;255m+                   "appearToClass": Object {
[38;2;0;95;95m[48;2;215;255;255m+                     "type": [Function],
[38;2;0;95;95m[48;2;215;255;255m+                   },
[38;2;0;95;95m[48;2;215;255;255m+                   "css": Object {
[38;2;0;95;95m[48;2;215;255;255m+                     "type": [Function],
[38;2;0;95;95m[48;2;215;255;255m+                   },
[38;2;0;95;95m[48;2;215;255;255m+                   "duration": Object {
[38;2;0;95;95m[48;2;215;255;255m+                     "type": Array [
[38;2;0;95;95m[48;2;215;255;255m+                       [Function],
[38;2;0;95;95m[48;2;215;255;255m+                       [Function],
[38;2;0;95;95m[48;2;215;255;255m+                       [Function],
[38;2;0;95;95m[48;2;215;255;255m+                     ],
[38;2;0;95;95m[48;2;215;255;255m+                   },
[38;2;0;95;95m[48;2;215;255;255m+                   "enterActiveClass": Object {
[38;2;0;95;95m[48;2;215;255;255m+                     "type": [Function],
[38;2;0;95;95m[48;2;215;255;255m+                   },
[38;2;0;95;95m[48;2;215;255;255m+                   "enterClass": Object {
[38;2;0;95;95m[48;2;215;255;255m+                     "type": [Function],
[38;2;0;95;95m[48;2;215;255;255m+                   },
[38;2;0;95;95m[48;2;215;255;255m+                   "enterToClass": Object {
[38;2;0;95;95m[48;2;215;255;255m+                     "type": [Function],
[38;2;0;95;95m[48;2;215;255;255m+                   },
[38;2;0;95;95m[48;2;215;255;255m+                   "leaveActiveClass": Object {
[38;2;0;95;95m[48;2;215;255;255m+                     "type": [Function],
[38;2;0;95;95m[48;2;215;255;255m+                   },
[38;2;0;95;95m[48;2;215;255;255m+                   "leaveClass": Object {
[38;2;0;95;95m[48;2;215;255;255m+                     "type": [Function],
[38;2;0;95;95m[48;2;215;255;255m+                   },
[38;2;0;95;95m[48;2;215;255;255m+                   "leaveToClass": Object {
[38;2;0;95;95m[48;2;215;255;255m+                     "type": [Function],
[38;2;0;95;95m[48;2;215;255;255m+                   },
[38;2;0;95;95m[48;2;215;255;255m+                   "mode": Object {
[38;2;0;95;95m[48;2;215;255;255m+                     "type": [Function],
[38;2;0;95;95m[48;2;215;255;255m+                   },
[38;2;0;95;95m[48;2;215;255;255m+                   "name": Object {
[38;2;0;95;95m[48;2;215;255;255m+                     "type": [Function],
[38;2;0;95;95m[48;2;215;255;255m+                   },
[38;2;0;95;95m[48;2;215;255;255m+                   "type": Object {
[38;2;0;95;95m[48;2;215;255;255m+                     "type": [Function],
[38;2;0;95;95m[48;2;215;255;255m+                   },
[38;2;0;95;95m[48;2;215;255;255m+                 },
[38;2;0;95;95m[48;2;215;255;255m+                 "render": [Function],
[38;2;0;95;95m[48;2;215;255;255m+                 "staticClass": undefined,
[38;2;0;95;95m[48;2;215;255;255m+                 "staticStyle": undefined,
[38;2;0;95;95m[48;2;215;255;255m+                 "style": undefined,
[38;2;0;95;95m[48;2;215;255;255m+               },
[38;2;0;95;95m[48;2;215;255;255m+               "transition-group": Object {
[38;2;0;95;95m[48;2;215;255;255m+                 "$_doNotStubChildren": true,
[38;2;0;95;95m[48;2;215;255;255m+                 "$_vueTestUtils_original": Object {
[38;2;0;95;95m[48;2;215;255;255m+                   "_Ctor": Object {
[38;2;0;95;95m[48;2;215;255;255m+                     "1404": [Function],
[38;2;0;95;95m[48;2;215;255;255m+                   },
[38;2;0;95;95m[48;2;215;255;255m+                   "beforeMount": [Function],
[38;2;0;95;95m[48;2;215;255;255m+                   "methods": Object {
[38;2;0;95;95m[48;2;215;255;255m+                     "hasMove": [Function],
[38;2;0;95;95m[48;2;215;255;255m+                   },
[38;2;0;95;95m[48;2;215;255;255m+                   "props": Object {
[38;2;0;95;95m[48;2;215;255;255m+                     "appear": Object {
[38;2;0;95;95m[48;2;215;255;255m+                       "type": [Function],
[38;2;0;95;95m[48;2;215;255;255m+                     },
[38;2;0;95;95m[48;2;215;255;255m+                     "appearActiveClass": Object {
[38;2;0;95;95m[48;2;215;255;255m+                       "type": [Function],
[38;2;0;95;95m[48;2;215;255;255m+                     },
[38;2;0;95;95m[48;2;215;255;255m+                     "appearClass": Object {
[38;2;0;95;95m[48;2;215;255;255m+                       "type": [Function],
[38;2;0;95;95m[48;2;215;255;255m+                     },
[38;2;0;95;95m[48;2;215;255;255m+                     "appearToClass": Object {
[38;2;0;95;95m[48;2;215;255;255m+                       "type": [Function],
[38;2;0;95;95m[48;2;215;255;255m+                     },
[38;2;0;95;95m[48;2;215;255;255m+                     "css": Object {
[38;2;0;95;95m[48;2;215;255;255m+                       "type": [Function],
[38;2;0;95;95m[48;2;215;255;255m+                     },
[38;2;0;95;95m[48;2;215;255;255m+                     "duration": Object {
[38;2;0;95;95m[48;2;215;255;255m+                       "type": Array [
[38;2;0;95;95m[48;2;215;255;255m+                         [Function],
[38;2;0;95;95m[48;2;215;255;255m+                         [Function],
[38;2;0;95;95m[48;2;215;255;255m+                         [Function],
[38;2;0;95;95m[48;2;215;255;255m+                       ],
[38;2;0;95;95m[48;2;215;255;255m+                     },
[38;2;0;95;95m[48;2;215;255;255m+                     "enterActiveClass": Object {
[38;2;0;95;95m[48;2;215;255;255m+                       "type": [Function],
[38;2;0;95;95m[48;2;215;255;255m+                     },
[38;2;0;95;95m[48;2;215;255;255m+                     "enterClass": Object {
[38;2;0;95;95m[48;2;215;255;255m+                       "type": [Function],
[38;2;0;95;95m[48;2;215;255;255m+                     },
[38;2;0;95;95m[48;2;215;255;255m+                     "enterToClass": Object {
[38;2;0;95;95m[48;2;215;255;255m+                       "type": [Function],
[38;2;0;95;95m[48;2;215;255;255m+                     },
[38;2;0;95;95m[48;2;215;255;255m+                     "leaveActiveClass": Object {
[38;2;0;95;95m[48;2;215;255;255m+                       "type": [Function],
[38;2;0;95;95m[48;2;215;255;255m+                     },
[38;2;0;95;95m[48;2;215;255;255m+                     "leaveClass": Object {
[38;2;0;95;95m[48;2;215;255;255m+                       "type": [Function],
[38;2;0;95;95m[48;2;215;255;255m+                     },
[38;2;0;95;95m[48;2;215;255;255m+                     "leaveToClass": Object {
[38;2;0;95;95m[48;2;215;255;255m+                       "type": [Function],
[38;2;0;95;95m[48;2;215;255;255m+                     },
[38;2;0;95;95m[48;2;215;255;255m+                     "moveClass": Object {
[38;2;0;95;95m[48;2;215;255;255m+                       "type": [Function],
[38;2;0;95;95m[48;2;215;255;255m+                     },
[38;2;0;95;95m[48;2;215;255;255m+                     "name": Object {
[38;2;0;95;95m[48;2;215;255;255m+                       "type": [Function],
[38;2;0;95;95m[48;2;215;255;255m+                     },
[38;2;0;95;95m[48;2;215;255;255m+                     "tag": Object {
[38;2;0;95;95m[48;2;215;255;255m+                       "type": [Function],
[38;2;0;95;95m[48;2;215;255;255m+                     },
[38;2;0;95;95m[48;2;215;255;255m+                     "type": Object {
[38;2;0;95;95m[48;2;215;255;255m+                       "type": [Function],
[38;2;0;95;95m[48;2;215;255;255m+                     },
[38;2;0;95;95m[48;2;215;255;255m+                   },
[38;2;0;95;95m[48;2;215;255;255m+                   "render": [Function],
[38;2;0;95;95m[48;2;215;255;255m+                   "updated": [Function],
[38;2;0;95;95m[48;2;215;255;255m+                 },
[38;2;0;95;95m[48;2;215;255;255m+                 "abstract": undefined,
[38;2;0;95;95m[48;2;215;255;255m+                 "attrs": undefined,
[38;2;0;95;95m[48;2;215;255;255m+                 "class": undefined,
[38;2;0;95;95m[48;2;215;255;255m+                 "domProps": undefined,
[38;2;0;95;95m[48;2;215;255;255m+                 "functional": undefined,
[38;2;0;95;95m[48;2;215;255;255m+                 "key": undefined,
[38;2;0;95;95m[48;2;215;255;255m+                 "model": undefined,
[38;2;0;95;95m[48;2;215;255;255m+                 "name": undefined,
[38;2;0;95;95m[48;2;215;255;255m+                 "nativeOn": undefined,
[38;2;0;95;95m[48;2;215;255;255m+                 "normalizedStyle": undefined,
[38;2;0;95;95m[48;2;215;255;255m+                 "on": undefined,
[38;2;0;95;95m[48;2;215;255;255m+                 "props": Object {
[38;2;0;95;95m[48;2;215;255;255m+                   "appear": Object {
[38;2;0;95;95m[48;2;215;255;255m+                     "type": [Function],
[38;2;0;95;95m[48;2;215;255;255m+                   },
[38;2;0;95;95m[48;2;215;255;255m+                   "appearActiveClass": Object {
[38;2;0;95;95m[48;2;215;255;255m+                     "type": [Function],
[38;2;0;95;95m[48;2;215;255;255m+                   },
[38;2;0;95;95m[48;2;215;255;255m+                   "appearClass": Object {
[38;2;0;95;95m[48;2;215;255;255m+                     "type": [Function],
[38;2;0;95;95m[48;2;215;255;255m+                   },
[38;2;0;95;95m[48;2;215;255;255m+                   "appearToClass": Object {
[38;2;0;95;95m[48;2;215;255;255m+                     "type": [Function],
[38;2;0;95;95m[48;2;215;255;255m+                   },
[38;2;0;95;95m[48;2;215;255;255m+                   "css": Object {
[38;2;0;95;95m[48;2;215;255;255m+                     "type": [Function],
[38;2;0;95;95m[48;2;215;255;255m+                   },
[38;2;0;95;95m[48;2;215;255;255m+                   "duration": Object {
[38;2;0;95;95m[48;2;215;255;255m+                     "type": Array [
[38;2;0;95;95m[48;2;215;255;255m+                       [Function],
[38;2;0;95;95m[48;2;215;255;255m+                       [Function],
[38;2;0;95;95m[48;2;215;255;255m+                       [Function],
[38;2;0;95;95m[48;2;215;255;255m+                     ],
[38;2;0;95;95m[48;2;215;255;255m+                   },
[38;2;0;95;95m[48;2;215;255;255m+                   "enterActiveClass": Object {
[38;2;0;95;95m[48;2;215;255;255m+                     "type": [Function],
[38;2;0;95;95m[48;2;215;255;255m+                   },
[38;2;0;95;95m[48;2;215;255;255m+                   "enterClass": Object {
[38;2;0;95;95m[48;2;215;255;255m+                     "type": [Function],
[38;2;0;95;95m[48;2;215;255;255m+                   },
[38;2;0;95;95m[48;2;215;255;255m+                   "enterToClass": Object {
[38;2;0;95;95m[48;2;215;255;255m+                     "type": [Function],
[38;2;0;95;95m[48;2;215;255;255m+                   },
[38;2;0;95;95m[48;2;215;255;255m+                   "leaveActiveClass": Object {
[38;2;0;95;95m[48;2;215;255;255m+                     "type": [Function],
[38;2;0;95;95m[48;2;215;255;255m+                   },
[38;2;0;95;95m[48;2;215;255;255m+                   "leaveClass": Object {
[38;2;0;95;95m[48;2;215;255;255m+                     "type": [Function],
[38;2;0;95;95m[48;2;215;255;255m+                   },
[38;2;0;95;95m[48;2;215;255;255m+                   "leaveToClass": Object {
[38;2;0;95;95m[48;2;215;255;255m+                     "type": [Function],
[38;2;0;95;95m[48;2;215;255;255m+                   },
[38;2;0;95;95m[48;2;215;255;255m+                   "moveClass": Object {
[38;2;0;95;95m[48;2;215;255;255m+                     "type": [Function],
[38;2;0;95;95m[48;2;215;255;255m+                   },
[38;2;0;95;95m[48;2;215;255;255m+                   "name": Object {
[38;2;0;95;95m[48;2;215;255;255m+                     "type": [Function],
[38;2;0;95;95m[48;2;215;255;255m+                   },
[38;2;0;95;95m[48;2;215;255;255m+                   "tag": Object {
[38;2;0;95;95m[48;2;215;255;255m+                     "type": [Function],
[38;2;0;95;95m[48;2;215;255;255m+                   },
[38;2;0;95;95m[48;2;215;255;255m+                   "type": Object {
[38;2;0;95;95m[48;2;215;255;255m+                     "type": [Function],
[38;2;0;95;95m[48;2;215;255;255m+                   },
[38;2;0;95;95m[48;2;215;255;255m+                 },
[38;2;0;95;95m[48;2;215;255;255m+                 "render": [Function],
[38;2;0;95;95m[48;2;215;255;255m+                 "staticClass": undefined,
[38;2;0;95;95m[48;2;215;255;255m+                 "staticStyle": undefined,
[38;2;0;95;95m[48;2;215;255;255m+                 "style": undefined,
[38;2;0;95;95m[48;2;215;255;255m+               },
[38;2;0;95;95m[48;2;215;255;255m+             },
[38;2;0;95;95m[48;2;215;255;255m+             "config": Object {
[38;2;0;95;95m[48;2;215;255;255m+               "_lifecycleHooks": Array [
[38;2;0;95;95m[48;2;215;255;255m+                 "beforeCreate",
[38;2;0;95;95m[48;2;215;255;255m+                 "created",
[38;2;0;95;95m[48;2;215;255;255m+                 "beforeMount",
[38;2;0;95;95m[48;2;215;255;255m+                 "mounted",
[38;2;0;95;95m[48;2;215;255;255m+                 "beforeUpdate",
[38;2;0;95;95m[48;2;215;255;255m+                 "updated",
[38;2;0;95;95m[48;2;215;255;255m+                 "beforeDestroy",
[38;2;0;95;95m[48;2;215;255;255m+                 "destroyed",
[38;2;0;95;95m[48;2;215;255;255m+                 "activated",
[38;2;0;95;95m[48;2;215;255;255m+                 "deactivated",
[38;2;0;95;95m[48;2;215;255;255m+                 "errorCaptured",
[38;2;0;95;95m[48;2;215;255;255m+                 "serverPrefetch",
[38;2;0;95;95m[48;2;215;255;255m+               ],
[38;2;0;95;95m[48;2;215;255;255m+               "async": true,
[38;2;0;95;95m[48;2;215;255;255m+               "devtools": false,
[38;2;0;95;95m[48;2;215;255;255m+               "errorHandler": undefined,
[38;2;0;95;95m[48;2;215;255;255m+               "getTagNamespace": [Function],
[38;2;0;95;95m[48;2;215;255;255m+               "ignoredElements": Array [],
[38;2;0;95;95m[48;2;215;255;255m+               "isReservedAttr": [Function],
[38;2;0;95;95m[48;2;215;255;255m+               "isReservedTag": [Function],
[38;2;0;95;95m[48;2;215;255;255m+               "isUnknownElement": [Function],
[38;2;0;95;95m[48;2;215;255;255m+               "keyCodes": Object {},
[38;2;0;95;95m[48;2;215;255;255m+               "mustUseProp": [Function],
[38;2;0;95;95m[48;2;215;255;255m+               "optionMergeStrategies": Object {
[38;2;0;95;95m[48;2;215;255;255m+                 "activated": [Function],
[38;2;0;95;95m[48;2;215;255;255m+                 "beforeCreate": [Function],
[38;2;0;95;95m[48;2;215;255;255m+                 "beforeDestroy": [Function],
[38;2;0;95;95m[48;2;215;255;255m+                 "beforeMount": [Function],
[38;2;0;95;95m[48;2;215;255;255m+                 "beforeUpdate": [Function],
[38;2;0;95;95m[48;2;215;255;255m+                 "components": [Function],
[38;2;0;95;95m[48;2;215;255;255m+                 "computed": [Function],
[38;2;0;95;95m[48;2;215;255;255m+                 "created": [Function],
[38;2;0;95;95m[48;2;215;255;255m+                 "data": [Function],
[38;2;0;95;95m[48;2;215;255;255m+                 "deactivated": [Function],
[38;2;0;95;95m[48;2;215;255;255m+                 "destroyed": [Function],
[38;2;0;95;95m[48;2;215;255;255m+                 "directives": [Function],
[38;2;0;95;95m[48;2;215;255;255m+                 "el": [Function],
[38;2;0;95;95m[48;2;215;255;255m+                 "errorCaptured": [Function],
[38;2;0;95;95m[48;2;215;255;255m+                 "filters": [Function],
[38;2;0;95;95m[48;2;215;255;255m+                 "inject": [Function],
[38;2;0;95;95m[48;2;215;255;255m+                 "methods": [Function],
[38;2;0;95;95m[48;2;215;255;255m+                 "mounted": [Function],
[38;2;0;95;95m[48;2;215;255;255m+                 "props": [Function],
[38;2;0;95;95m[48;2;215;255;255m+                 "propsData": [Function],
[38;2;0;95;95m[48;2;215;255;255m+                 "provide": [Function],
[38;2;0;95;95m[48;2;215;255;255m+                 "serverPrefetch": [Function],
[38;2;0;95;95m[48;2;215;255;255m+                 "updated": [Function],
[38;2;0;95;95m[48;2;215;255;255m+                 "watch": [Function],
[38;2;0;95;95m[48;2;215;255;255m+               },
[38;2;0;95;95m[48;2;215;255;255m+               "parsePlatformTagName": [Function],
[38;2;0;95;95m[48;2;215;255;255m+               "performance": false,
[38;2;0;95;95m[48;2;215;255;255m+               "productionTip": false,
[38;2;0;95;95m[48;2;215;255;255m+               "silent": false,
[38;2;0;95;95m[48;2;215;255;255m+               "warnHandler": null,
[38;2;0;95;95m[48;2;215;255;255m+             },
[38;2;0;95;95m[48;2;215;255;255m+             "data": [Function],
[38;2;0;95;95m[48;2;215;255;255m+             "delete": [Function],
[38;2;0;95;95m[48;2;215;255;255m+             "directive": [Function],
[38;2;0;95;95m[48;2;215;255;255m+             "directives": Object {},
[38;2;0;95;95m[48;2;215;255;255m+             "extend": [Function],
[38;2;0;95;95m[48;2;215;255;255m+             "extendOptions": Object {
[38;2;0;95;95m[48;2;215;255;255m+               "_Ctor": Object {
[38;2;0;95;95m[48;2;215;255;255m+                 "0": [Function],
[38;2;0;95;95m[48;2;215;255;255m+               },
[38;2;0;95;95m[48;2;215;255;255m+             },
[38;2;0;95;95m[48;2;215;255;255m+             "filter": [Function],
[38;2;0;95;95m[48;2;215;255;255m+             "filters": Object {},
[38;2;0;95;95m[48;2;215;255;255m+             "methods": undefined,
[38;2;0;95;95m[48;2;215;255;255m+             "mixin": [Function],
[38;2;0;95;95m[48;2;215;255;255m+             "mocks": undefined,
[38;2;0;95;95m[48;2;215;255;255m+             "nextTick": [Function],
[38;2;0;95;95m[48;2;215;255;255m+             "observable": [Function],
[38;2;0;95;95m[48;2;215;255;255m+             "options": Object {
[38;2;0;95;95m[48;2;215;255;255m+               "_Ctor": Object {
[38;2;0;95;95m[48;2;215;255;255m+                 "0": [Function],
[38;2;0;95;95m[48;2;215;255;255m+               },
[38;2;0;95;95m[48;2;215;255;255m+               "_base": [Function],
[38;2;0;95;95m[48;2;215;255;255m+               "beforeCreate": Array [
[38;2;0;95;95m[48;2;215;255;255m+                 [Function],
[38;2;0;95;95m[48;2;215;255;255m+                 [Function],
[38;2;0;95;95m[48;2;215;255;255m+               ],
[38;2;0;95;95m[48;2;215;255;255m+               "components": Object {
[38;2;0;95;95m[48;2;215;255;255m+                 "BTooltip": [Function],
[38;2;0;95;95m[48;2;215;255;255m+               },
[38;2;0;95;95m[48;2;215;255;255m+               "directives": Object {
[38;2;0;95;95m[48;2;215;255;255m+                 "BHover": Object {
[38;2;0;95;95m[48;2;215;255;255m+                   "bind": [Function],
[38;2;0;95;95m[48;2;215;255;255m+                   "componentUpdated": [Function],
[38;2;0;95;95m[48;2;215;255;255m+                   "unbind": [Function],
[38;2;0;95;95m[48;2;215;255;255m+                 },
[38;2;0;95;95m[48;2;215;255;255m+                 "BModal": Object {
[38;2;0;95;95m[48;2;215;255;255m+                   "componentUpdated": [Function],
[38;2;0;95;95m[48;2;215;255;255m+                   "inserted": [Function],
[38;2;0;95;95m[48;2;215;255;255m+                   "unbind": [Function],
[38;2;0;95;95m[48;2;215;255;255m+                   "updated": [Function],
[38;2;0;95;95m[48;2;215;255;255m+                 },
[38;2;0;95;95m[48;2;215;255;255m+                 "BScrollspy": Object {
[38;2;0;95;95m[48;2;215;255;255m+                   "bind": [Function],
[38;2;0;95;95m[48;2;215;255;255m+                   "componentUpdated": [Function],
[38;2;0;95;95m[48;2;215;255;255m+                   "inserted": [Function],
[38;2;0;95;95m[48;2;215;255;255m+                   "unbind": [Function],
[38;2;0;95;95m[48;2;215;255;255m+                   "update": [Function],
[38;2;0;95;95m[48;2;215;255;255m+                 },
[38;2;0;95;95m[48;2;215;255;255m+                 "BTooltip": Object {
[38;2;0;95;95m[48;2;215;255;255m+                   "bind": [Function],
[38;2;0;95;95m[48;2;215;255;255m+                   "componentUpdated": [Function],
[38;2;0;95;95m[48;2;215;255;255m+                   "unbind": [Function],
[38;2;0;95;95m[48;2;215;255;255m+                 },
[38;2;0;95;95m[48;2;215;255;255m+                 "BVisible": Object {
[38;2;0;95;95m[48;2;215;255;255m+                   "bind": [Function],
[38;2;0;95;95m[48;2;215;255;255m+                   "componentUpdated": [Function],
[38;2;0;95;95m[48;2;215;255;255m+                   "unbind": [Function],
[38;2;0;95;95m[48;2;215;255;255m+                 },
[38;2;0;95;95m[48;2;215;255;255m+               },
[38;2;0;95;95m[48;2;215;255;255m+               "filters": Object {},
[38;2;0;95;95m[48;2;215;255;255m+             },
[38;2;0;95;95m[48;2;215;255;255m+             "provide": [Function],
[38;2;0;95;95m[48;2;215;255;255m+             "render": [Function],
[38;2;0;95;95m[48;2;215;255;255m+             "sealedOptions": Object {
[38;2;0;95;95m[48;2;215;255;255m+               "_Ctor": Object {
[38;2;0;95;95m[48;2;215;255;255m+                 "0": [Function],
[38;2;0;95;95m[48;2;215;255;255m+               },
[38;2;0;95;95m[48;2;215;255;255m+               "_base": [Function],
[38;2;0;95;95m[48;2;215;255;255m+               "components": Object {
[38;2;0;95;95m[48;2;215;255;255m+                 "BAlert": [Function],
[38;2;0;95;95m[48;2;215;255;255m+                 "BAspect": [Function],
[38;2;0;95;95m[48;2;215;255;255m+                 "BAvatar": [Function],
[38;2;0;95;95m[48;2;215;255;255m+                 "BAvatarGroup": [Function],
[38;2;0;95;95m[48;2;215;255;255m+                 "BBadge": [Function],
[38;2;0;95;95m[48;2;215;255;255m+                 "BBreadcrumb": [Function],
[38;2;0;95;95m[48;2;215;255;255m+                 "BBreadcrumbItem": [Function],
[38;2;0;95;95m[48;2;215;255;255m+                 "BBreadcrumbLink": [Function],
[38;2;0;95;95m[48;2;215;255;255m+                 "BBtn": [Function],
[38;2;0;95;95m[48;2;215;255;255m+                 "BBtnClose": [Function],
[38;2;0;95;95m[48;2;215;255;255m+                 "BBtnGroup": [Function],
[38;2;0;95;95m[48;2;215;255;255m+                 "BBtnToolbar": [Function],
[38;2;0;95;95m[48;2;215;255;255m+                 "BButton": [Function],
[38;2;0;95;95m[48;2;215;255;255m+                 "BButtonClose": [Function],
[38;2;0;95;95m[48;2;215;255;255m+                 "BButtonGroup": [Function],
[38;2;0;95;95m[48;2;215;255;255m+                 "BButtonToolbar": [Function],
[38;2;0;95;95m[48;2;215;255;255m+                 "BCalendar": [Function],
[38;2;0;95;95m[48;2;215;255;255m+                 "BCard": [Function],
[38;2;0;95;95m[48;2;215;255;255m+                 "BCardBody": [Function],
[38;2;0;95;95m[48;2;215;255;255m+                 "BCardFooter": [Function],
[38;2;0;95;95m[48;2;215;255;255m+                 "BCardGroup": [Function],
[38;2;0;95;95m[48;2;215;255;255m+                 "BCardHeader": [Function],
[38;2;0;95;95m[48;2;215;255;255m+                 "BCardImg": [Function],
[38;2;0;95;95m[48;2;215;255;255m+                 "BCardImgLazy": [Function],
[38;2;0;95;95m[48;2;215;255;255m+                 "BCardSubTitle": [Function],
[38;2;0;95;95m[48;2;215;255;255m+                 "BCardText": [Function],
[38;2;0;95;95m[48;2;215;255;255m+                 "BCardTitle": [Function],
[38;2;0;95;95m[48;2;215;255;255m+                 "BCarousel": [Function],
[38;2;0;95;95m[48;2;215;255;255m+                 "BCarouselSlide": [Function],
[38;2;0;95;95m[48;2;215;255;255m+                 "BCheck": [Function],
[38;2;0;95;95m[48;2;215;255;255m+                 "BCheckGroup": [Function],
[38;2;0;95;95m[48;2;215;255;255m+                 "BCheckbox": [Function],
[38;2;0;95;95m[48;2;215;255;255m+                 "BCheckboxGroup": [Function],
[38;2;0;95;95m[48;2;215;255;255m+                 "BCol": [Function],
[38;2;0;95;95m[48;2;215;255;255m+                 "BCollapse": [Function],
[38;2;0;95;95m[48;2;215;255;255m+                 "BContainer": [Function],
[38;2;0;95;95m[48;2;215;255;255m+                 "BDatalist": [Function],
[38;2;0;95;95m[48;2;215;255;255m+                 "BDatepicker": [Function],
[38;2;0;95;95m[48;2;215;255;255m+                 "BDd": [Function],
[38;2;0;95;95m[48;2;215;255;255m+                 "BDdDivider": [Function],
[38;2;0;95;95m[48;2;215;255;255m+                 "BDdForm": [Function],
[38;2;0;95;95m[48;2;215;255;255m+                 "BDdGroup": [Function],
[38;2;0;95;95m[48;2;215;255;255m+                 "BDdHeader": [Function],
[38;2;0;95;95m[48;2;215;255;255m+                 "BDdItem": [Function],
[38;2;0;95;95m[48;2;215;255;255m+                 "BDdItemBtn": [Function],
[38;2;0;95;95m[48;2;215;255;255m+                 "BDdItemButton": [Function],
[38;2;0;95;95m[48;2;215;255;255m+                 "BDdText": [Function],
[38;2;0;95;95m[48;2;215;255;255m+                 "BDropdown": [Function],
[38;2;0;95;95m[48;2;215;255;255m+                 "BDropdownDivider": [Function],
[38;2;0;95;95m[48;2;215;255;255m+                 "BDropdownForm": [Function],
[38;2;0;95;95m[48;2;215;255;255m+                 "BDropdownGroup": [Function],
[38;2;0;95;95m[48;2;215;255;255m+                 "BDropdownHeader": [Function],
[38;2;0;95;95m[48;2;215;255;255m+                 "BDropdownItem": [Function],
[38;2;0;95;95m[48;2;215;255;255m+                 "BDropdownItemBtn": [Function],
[38;2;0;95;95m[48;2;215;255;255m+                 "BDropdownItemButton": [Function],
[38;2;0;95;95m[48;2;215;255;255m+                 "BDropdownText": [Function],
[38;2;0;95;95m[48;2;215;255;255m+                 "BEmbed": [Function],
[38;2;0;95;95m[48;2;215;255;255m+                 "BFile": [Function],
[38;2;0;95;95m[48;2;215;255;255m+                 "BForm": [Function],
[38;2;0;95;95m[48;2;215;255;255m+                 "BFormCheckbox": [Function],
[38;2;0;95;95m[48;2;215;255;255m+                 "BFormCheckboxGroup": [Function],
[38;2;0;95;95m[48;2;215;255;255m+                 "BFormDatalist": [Function],
[38;2;0;95;95m[48;2;215;255;255m+                 "BFormDatepicker": [Function],
[38;2;0;95;95m[48;2;215;255;255m+                 "BFormFeedback": [Function],
[38;2;0;95;95m[48;2;215;255;255m+                 "BFormFieldset": [Function],
[38;2;0;95;95m[48;2;215;255;255m+                 "BFormFile": [Function],
[38;2;0;95;95m[48;2;215;255;255m+                 "BFormGroup": [Function],
[38;2;0;95;95m[48;2;215;255;255m+                 "BFormInput": [Function],
[38;2;0;95;95m[48;2;215;255;255m+                 "BFormInvalidFeedback": [Function],
[38;2;0;95;95m[48;2;215;255;255m+                 "BFormRadio": [Function],
[38;2;0;95;95m[48;2;215;255;255m+                 "BFormRadioGroup": [Function],
[38;2;0;95;95m[48;2;215;255;255m+                 "BFormRating": [Function],
[38;2;0;95;95m[48;2;215;255;255m+                 "BFormRow": [Function],
[38;2;0;95;95m[48;2;215;255;255m+                 "BFormSelect": [Function],
[38;2;0;95;95m[48;2;215;255;255m+                 "BFormSelectOption": [Function],
[38;2;0;95;95m[48;2;215;255;255m+                 "BFormSelectOptionGroup": [Function],
[38;2;0;95;95m[48;2;215;255;255m+                 "BFormSpinbutton": [Function],
[38;2;0;95;95m[48;2;215;255;255m+                 "BFormTag": [Function],
[38;2;0;95;95m[48;2;215;255;255m+                 "BFormTags": [Function],
[38;2;0;95;95m[48;2;215;255;255m+                 "BFormText": [Function],
[38;2;0;95;95m[48;2;215;255;255m+                 "BFormTextarea": [Function],
[38;2;0;95;95m[48;2;215;255;255m+                 "BFormTimepicker": [Function],
[38;2;0;95;95m[48;2;215;255;255m+                 "BFormValidFeedback": [Function],
[38;2;0;95;95m[48;2;215;255;255m+                 "BImg": [Function],
[38;2;0;95;95m[48;2;215;255;255m+                 "BImgLazy": [Function],
[38;2;0;95;95m[48;2;215;255;255m+                 "BInput": [Function],
[38;2;0;95;95m[48;2;215;255;255m+                 "BInputGroup": [Function],
[38;2;0;95;95m[48;2;215;255;255m+                 "BInputGroupAddon": [Function],
[38;2;0;95;95m[48;2;215;255;255m+                 "BInputGroupAppend": [Function],
[38;2;0;95;95m[48;2;215;255;255m+                 "BInputGroupPrepend": [Function],
[38;2;0;95;95m[48;2;215;255;255m+                 "BInputGroupText": [Function],
[38;2;0;95;95m[48;2;215;255;255m+                 "BJumbotron": [Function],
[38;2;0;95;95m[48;2;215;255;255m+                 "BLink": [Function],
[38;2;0;95;95m[48;2;215;255;255m+                 "BListGroup": [Function],
[38;2;0;95;95m[48;2;215;255;255m+                 "BListGroupItem": [Function],
[38;2;0;95;95m[48;2;215;255;255m+                 "BMedia": [Function],
[38;2;0;95;95m[48;2;215;255;255m+                 "BMediaAside": [Function],
[38;2;0;95;95m[48;2;215;255;255m+                 "BMediaBody": [Function],
[38;2;0;95;95m[48;2;215;255;255m+                 "BModal": [Function],
[38;2;0;95;95m[48;2;215;255;255m+                 "BRadio": [Function],
[38;2;0;95;95m[48;2;215;255;255m+                 "BRadioGroup": [Function],
[38;2;0;95;95m[48;2;215;255;255m+                 "BRating": [Function],
[38;2;0;95;95m[48;2;215;255;255m+                 "BRow": [Function],
[38;2;0;95;95m[48;2;215;255;255m+                 "BSelect": [Function],
[38;2;0;95;95m[48;2;215;255;255m+                 "BSelectOption": [Function],
[38;2;0;95;95m[48;2;215;255;255m+                 "BSelectOptionGroup": [Function],
[38;2;0;95;95m[48;2;215;255;255m+                 "BSpinbutton": [Function],
[38;2;0;95;95m[48;2;215;255;255m+                 "BTag": [Function],
[38;2;0;95;95m[48;2;215;255;255m+                 "BTags": [Function],
[38;2;0;95;95m[48;2;215;255;255m+                 "BTextarea": [Function],
[38;2;0;95;95m[48;2;215;255;255m+                 "BTimepicker": [Function],
[38;2;0;95;95m[48;2;215;255;255m+               },
[38;2;0;95;95m[48;2;215;255;255m+               "directives": Object {
[38;2;0;95;95m[48;2;215;255;255m+                 "BModal": Object {
[38;2;0;95;95m[48;2;215;255;255m+                   "componentUpdated": [Function],
[38;2;0;95;95m[48;2;215;255;255m+                   "inserted": [Function],
[38;2;0;95;95m[48;2;215;255;255m+                   "unbind": [Function],
[38;2;0;95;95m[48;2;215;255;255m+                   "updated": [Function],
[38;2;0;95;95m[48;2;215;255;255m+                 },
[38;2;0;95;95m[48;2;215;255;255m+                 "BToggle": Object {
[38;2;0;95;95m[48;2;215;255;255m+                   "bind": [Function],
[38;2;0;95;95m[48;2;215;255;255m+                   "componentUpdated": [Function],
[38;2;0;95;95m[48;2;215;255;255m+                   "unbind": [Function],
[38;2;0;95;95m[48;2;215;255;255m+                   "updated": [Function],
[38;2;0;95;95m[48;2;215;255;255m+                 },
[38;2;0;95;95m[48;2;215;255;255m+               },
[38;2;0;95;95m[48;2;215;255;255m+               "filters": Object {},
[38;2;0;95;95m[48;2;215;255;255m+             },
[38;2;0;95;95m[48;2;215;255;255m+             "set": [Function],
[38;2;0;95;95m[48;2;215;255;255m+             "shouldProxy": true,
[38;2;0;95;95m[48;2;215;255;255m+             "stubs": Object {
[38;2;0;95;95m[48;2;215;255;255m+               "transition": true,
[38;2;0;95;95m[48;2;215;255;255m+               "transition-group": true,
[38;2;0;95;95m[48;2;215;255;255m+             },
[38;2;0;95;95m[48;2;215;255;255m+             "super": [Function],
[38;2;0;95;95m[48;2;215;255;255m+             "superOptions": Object {
[38;2;0;95;95m[48;2;215;255;255m+               "_base": [Function],
[38;2;0;95;95m[48;2;215;255;255m+               "components": Object {
[38;2;0;95;95m[48;2;215;255;255m+                 "KeepAlive": Object {
[38;2;0;95;95m[48;2;215;255;255m+                   "abstract": true,
[38;2;0;95;95m[48;2;215;255;255m+                   "created": [Function],
[38;2;0;95;95m[48;2;215;255;255m+                   "destroyed": [Function],
[38;2;0;95;95m[48;2;215;255;255m+                   "methods": Object {
[38;2;0;95;95m[48;2;215;255;255m+                     "cacheVNode": [Function],
[38;2;0;95;95m[48;2;215;255;255m+                   },
[38;2;0;95;95m[48;2;215;255;255m+                   "mounted": [Function],
[38;2;0;95;95m[48;2;215;255;255m+                   "name": "keep-alive",
[38;2;0;95;95m[48;2;215;255;255m+                   "props": Object {
[38;2;0;95;95m[48;2;215;255;255m+                     "exclude": Array [
[38;2;0;95;95m[48;2;215;255;255m+                       [Function],
[38;2;0;95;95m[48;2;215;255;255m+                       [Function],
[38;2;0;95;95m[48;2;215;255;255m+                       [Function],
[38;2;0;95;95m[48;2;215;255;255m+                     ],
[38;2;0;95;95m[48;2;215;255;255m+                     "include": Array [
[38;2;0;95;95m[48;2;215;255;255m+                       [Function],
[38;2;0;95;95m[48;2;215;255;255m+                       [Function],
[38;2;0;95;95m[48;2;215;255;255m+                       [Function],
[38;2;0;95;95m[48;2;215;255;255m+                     ],
[38;2;0;95;95m[48;2;215;255;255m+                     "max": Array [
[38;2;0;95;95m[48;2;215;255;255m+                       [Function],
[38;2;0;95;95m[48;2;215;255;255m+                       [Function],
[38;2;0;95;95m[48;2;215;255;255m+                     ],
[38;2;0;95;95m[48;2;215;255;255m+                   },
[38;2;0;95;95m[48;2;215;255;255m+                   "render": [Function],
[38;2;0;95;95m[48;2;215;255;255m+                   "updated": [Function],
[38;2;0;95;95m[48;2;215;255;255m+                 },
[38;2;0;95;95m[48;2;215;255;255m+                 "Transition": Object {
[38;2;0;95;95m[48;2;215;255;255m+                   "_Ctor": Object {
[38;2;0;95;95m[48;2;215;255;255m+                     "1404": [Function],
[38;2;0;95;95m[48;2;215;255;255m+                   },
[38;2;0;95;95m[48;2;215;255;255m+                   "abstract": true,
[38;2;0;95;95m[48;2;215;255;255m+                   "name": "transition",
[38;2;0;95;95m[48;2;215;255;255m+                   "props": Object {
[38;2;0;95;95m[48;2;215;255;255m+                     "appear": Object {
[38;2;0;95;95m[48;2;215;255;255m+                       "type": [Function],
[38;2;0;95;95m[48;2;215;255;255m+                     },
[38;2;0;95;95m[48;2;215;255;255m+                     "appearActiveClass": Object {
[38;2;0;95;95m[48;2;215;255;255m+                       "type": [Function],
[38;2;0;95;95m[48;2;215;255;255m+                     },
[38;2;0;95;95m[48;2;215;255;255m+                     "appearClass": Object {
[38;2;0;95;95m[48;2;215;255;255m+                       "type": [Function],
[38;2;0;95;95m[48;2;215;255;255m+                     },
[38;2;0;95;95m[48;2;215;255;255m+                     "appearToClass": Object {
[38;2;0;95;95m[48;2;215;255;255m+                       "type": [Function],
[38;2;0;95;95m[48;2;215;255;255m+                     },
[38;2;0;95;95m[48;2;215;255;255m+                     "css": Object {
[38;2;0;95;95m[48;2;215;255;255m+                       "type": [Function],
[38;2;0;95;95m[48;2;215;255;255m+                     },
[38;2;0;95;95m[48;2;215;255;255m+                     "duration": Object {
[38;2;0;95;95m[48;2;215;255;255m+                       "type": Array [
[38;2;0;95;95m[48;2;215;255;255m+                         [Function],
[38;2;0;95;95m[48;2;215;255;255m+                         [Function],
[38;2;0;95;95m[48;2;215;255;255m+                         [Function],
[38;2;0;95;95m[48;2;215;255;255m+                       ],
[38;2;0;95;95m[48;2;215;255;255m+                     },
[38;2;0;95;95m[48;2;215;255;255m+                     "enterActiveClass": Object {
[38;2;0;95;95m[48;2;215;255;255m+                       "type": [Function],
[38;2;0;95;95m[48;2;215;255;255m+                     },
[38;2;0;95;95m[48;2;215;255;255m+                     "enterClass": Object {
[38;2;0;95;95m[48;2;215;255;255m+                       "type": [Function],
[38;2;0;95;95m[48;2;215;255;255m+                     },
[38;2;0;95;95m[48;2;215;255;255m+                     "enterToClass": Object {
[38;2;0;95;95m[48;2;215;255;255m+                       "type": [Function],
[38;2;0;95;95m[48;2;215;255;255m+                     },
[38;2;0;95;95m[48;2;215;255;255m+                     "leaveActiveClass": Object {
[38;2;0;95;95m[48;2;215;255;255m+                       "type": [Function],
[38;2;0;95;95m[48;2;215;255;255m+                     },
[38;2;0;95;95m[48;2;215;255;255m+                     "leaveClass": Object {
[38;2;0;95;95m[48;2;215;255;255m+                       "type": [Function],
[38;2;0;95;95m[48;2;215;255;255m+                     },
[38;2;0;95;95m[48;2;215;255;255m+                     "leaveToClass": Object {
[38;2;0;95;95m[48;2;215;255;255m+                       "type": [Function],
[38;2;0;95;95m[48;2;215;255;255m+                     },
[38;2;0;95;95m[48;2;215;255;255m+                     "mode": Object {
[38;2;0;95;95m[48;2;215;255;255m+                       "type": [Function],
[38;2;0;95;95m[48;2;215;255;255m+                     },
[38;2;0;95;95m[48;2;215;255;255m+                     "name": Object {
[38;2;0;95;95m[48;2;215;255;255m+                       "type": [Function],
[38;2;0;95;95m[48;2;215;255;255m+                     },
[38;2;0;95;95m[48;2;215;255;255m+                     "type": Object {
[38;2;0;95;95m[48;2;215;255;255m+                       "type": [Function],
[38;2;0;95;95m[48;2;215;255;255m+                     },
[38;2;0;95;95m[48;2;215;255;255m+                   },
[38;2;0;95;95m[48;2;215;255;255m+                   "render": [Function],
[38;2;0;95;95m[48;2;215;255;255m+                 },
[38;2;0;95;95m[48;2;215;255;255m+                 "TransitionGroup": Object {
[38;2;0;95;95m[48;2;215;255;255m+                   "_Ctor": Object {
[38;2;0;95;95m[48;2;215;255;255m+                     "1404": [Function],
[38;2;0;95;95m[48;2;215;255;255m+                   },
[38;2;0;95;95m[48;2;215;255;255m+                   "beforeMount": [Function],
[38;2;0;95;95m[48;2;215;255;255m+                   "methods": Object {
[38;2;0;95;95m[48;2;215;255;255m+                     "hasMove": [Function],
[38;2;0;95;95m[48;2;215;255;255m+                   },
[38;2;0;95;95m[48;2;215;255;255m+                   "props": Object {
[38;2;0;95;95m[48;2;215;255;255m+                     "appear": Object {
[38;2;0;95;95m[48;2;215;255;255m+                       "type": [Function],
[38;2;0;95;95m[48;2;215;255;255m+                     },
[38;2;0;95;95m[48;2;215;255;255m+                     "appearActiveClass": Object {
[38;2;0;95;95m[48;2;215;255;255m+                       "type": [Function],
[38;2;0;95;95m[48;2;215;255;255m+                     },
[38;2;0;95;95m[48;2;215;255;255m+                     "appearClass": Object {
[38;2;0;95;95m[48;2;215;255;255m+                       "type": [Function],
[38;2;0;95;95m[48;2;215;255;255m+                     },
[38;2;0;95;95m[48;2;215;255;255m+                     "appearToClass": Object {
[38;2;0;95;95m[48;2;215;255;255m+                       "type": [Function],
[38;2;0;95;95m[48;2;215;255;255m+                     },
[38;2;0;95;95m[48;2;215;255;255m+                     "css": Object {
[38;2;0;95;95m[48;2;215;255;255m+                       "type": [Function],
[38;2;0;95;95m[48;2;215;255;255m+                     },
[38;2;0;95;95m[48;2;215;255;255m+                     "duration": Object {
[38;2;0;95;95m[48;2;215;255;255m+                       "type": Array [
[38;2;0;95;95m[48;2;215;255;255m+                         [Function],
[38;2;0;95;95m[48;2;215;255;255m+                         [Function],
[38;2;0;95;95m[48;2;215;255;255m+                         [Function],
[38;2;0;95;95m[48;2;215;255;255m+                       ],
[38;2;0;95;95m[48;2;215;255;255m+                     },
[38;2;0;95;95m[48;2;215;255;255m+                     "enterActiveClass": Object {
[38;2;0;95;95m[48;2;215;255;255m+                       "type": [Function],
[38;2;0;95;95m[48;2;215;255;255m+                     },
[38;2;0;95;95m[48;2;215;255;255m+                     "enterClass": Object {
[38;2;0;95;95m[48;2;215;255;255m+                       "type": [Function],
[38;2;0;95;95m[48;2;215;255;255m+                     },
[38;2;0;95;95m[48;2;215;255;255m+                     "enterToClass": Object {
[38;2;0;95;95m[48;2;215;255;255m+                       "type": [Function],
[38;2;0;95;95m[48;2;215;255;255m+                     },
[38;2;0;95;95m[48;2;215;255;255m+                     "leaveActiveClass": Object {
[38;2;0;95;95m[48;2;215;255;255m+                       "type": [Function],
[38;2;0;95;95m[48;2;215;255;255m+                     },
[38;2;0;95;95m[48;2;215;255;255m+                     "leaveClass": Object {
[38;2;0;95;95m[48;2;215;255;255m+                       "type": [Function],
[38;2;0;95;95m[48;2;215;255;255m+                     },
[38;2;0;95;95m[48;2;215;255;255m+                     "leaveToClass": Object {
[38;2;0;95;95m[48;2;215;255;255m+                       "type": [Function],
[38;2;0;95;95m[48;2;215;255;255m+                     },
[38;2;0;95;95m[48;2;215;255;255m+                     "moveClass": Object {
[38;2;0;95;95m[48;2;215;255;255m+                       "type": [Function],
[38;2;0;95;95m[48;2;215;255;255m+                     },
[38;2;0;95;95m[48;2;215;255;255m+                     "name": Object {
[38;2;0;95;95m[48;2;215;255;255m+                       "type": [Function],
[38;2;0;95;95m[48;2;215;255;255m+                     },
[38;2;0;95;95m[48;2;215;255;255m+                     "tag": Object {
[38;2;0;95;95m[48;2;215;255;255m+                       "type": [Function],
[38;2;0;95;95m[48;2;215;255;255m+                     },
[38;2;0;95;95m[48;2;215;255;255m+                     "type": Object {
[38;2;0;95;95m[48;2;215;255;255m+                       "type": [Function],
[38;2;0;95;95m[48;2;215;255;255m+                     },
[38;2;0;95;95m[48;2;215;255;255m+                   },
[38;2;0;95;95m[48;2;215;255;255m+                   "render": [Function],
[38;2;0;95;95m[48;2;215;255;255m+                   "updated": [Function],
[38;2;0;95;95m[48;2;215;255;255m+                 },
[38;2;0;95;95m[48;2;215;255;255m+               },
[38;2;0;95;95m[48;2;215;255;255m+               "directives": Object {
[38;2;0;95;95m[48;2;215;255;255m+                 "model": Object {
[38;2;0;95;95m[48;2;215;255;255m+                   "componentUpdated": [Function],
[38;2;0;95;95m[48;2;215;255;255m+                   "inserted": [Function],
[38;2;0;95;95m[48;2;215;255;255m+                 },
[38;2;0;95;95m[48;2;215;255;255m+                 "show": Object {
[38;2;0;95;95m[48;2;215;255;255m+                   "bind": [Function],
[38;2;0;95;95m[48;2;215;255;255m+                   "unbind": [Function],
[38;2;0;95;95m[48;2;215;255;255m+                   "update": [Function],
[38;2;0;95;95m[48;2;215;255;255m+                 },
[38;2;0;95;95m[48;2;215;255;255m+               },
[38;2;0;95;95m[48;2;215;255;255m+               "filters": Object {},
[38;2;0;95;95m[48;2;215;255;255m+             },
[38;2;0;95;95m[48;2;215;255;255m+             "use": [Function],
[38;2;0;95;95m[48;2;215;255;255m+             "util": Object {
[38;2;0;95;95m[48;2;215;255;255m+               "defineReactive": [Function],
[38;2;0;95;95m[48;2;215;255;255m+               "extend": [Function],
[38;2;0;95;95m[48;2;215;255;255m+               "mergeOptions": [Function],
[38;2;0;95;95m[48;2;215;255;255m+               "warn": [Function],
[38;2;0;95;95m[48;2;215;255;255m+             },
[38;2;0;95;95m[48;2;215;255;255m+             "version": "2.6.14",
[38;2;0;95;95m[48;2;215;255;255m+           },
[38;2;0;95;95m[48;2;215;255;255m+           "$parent": undefined,
[38;2;0;95;95m[48;2;215;255;255m+           "$refs": Object {},
[38;2;0;95;95m[48;2;215;255;255m+           "$root": [Circular],
[38;2;0;95;95m[48;2;215;255;255m+           "$scopedSlots": Object {},
[38;2;0;95;95m[48;2;215;255;255m+           "$slots": Object {},
[38;2;0;95;95m[48;2;215;255;255m+           "$vnode": undefined,
[38;2;0;95;95m[48;2;215;255;255m+           "__emitted": Object {},
[38;2;0;95;95m[48;2;215;255;255m+           "__emittedByOrder": Array [],
[38;2;0;95;95m[48;2;215;255;255m+           "_c": [Function],
[38;2;0;95;95m[48;2;215;255;255m+           "_data": Object {
[38;2;0;95;95m[48;2;215;255;255m+             "vueTestUtils_childProps": Object {},
[38;2;0;95;95m[48;2;215;255;255m+           },
[38;2;0;95;95m[48;2;215;255;255m+           "_directInactive": false,
[38;2;0;95;95m[48;2;215;255;255m+           "_events": Object {},
[38;2;0;95;95m[48;2;215;255;255m+           "_hasHookEvent": false,
[38;2;0;95;95m[48;2;215;255;255m+           "_inactive": null,
[38;2;0;95;95m[48;2;215;255;255m+           "_isBeingDestroyed": false,
[38;2;0;95;95m[48;2;215;255;255m+           "_isDestroyed": false,
[38;2;0;95;95m[48;2;215;255;255m+           "_isMounted": true,
[38;2;0;95;95m[48;2;215;255;255m+           "_isVue": true,
[38;2;0;95;95m[48;2;215;255;255m+           "_provided": Object {},
[38;2;0;95;95m[48;2;215;255;255m+           "_renderProxy": [Circular],
[38;2;0;95;95m[48;2;215;255;255m+           "_self": [Circular],
[38;2;0;95;95m[48;2;215;255;255m+           "_staticTrees": null,
[38;2;0;95;95m[48;2;215;255;255m+           "_uid": 2,
[38;2;0;95;95m[48;2;215;255;255m+           "_vnode": [Circular],
[38;2;0;95;95m[48;2;215;255;255m+           "_watcher": Watcher {
[38;2;0;95;95m[48;2;215;255;255m+             "active": true,
[38;2;0;95;95m[48;2;215;255;255m+             "before": [Function],
[38;2;0;95;95m[48;2;215;255;255m+             "cb": [Function],
[38;2;0;95;95m[48;2;215;255;255m+             "deep": false,
[38;2;0;95;95m[48;2;215;255;255m+             "depIds": Set {
[38;2;0;95;95m[48;2;215;255;255m+               21,
[38;2;0;95;95m[48;2;215;255;255m+               22,
[38;2;0;95;95m[48;2;215;255;255m+             },
[38;2;0;95;95m[48;2;215;255;255m+             "deps": Array [
[38;2;0;95;95m[48;2;215;255;255m+               Dep {
[38;2;0;95;95m[48;2;215;255;255m+                 "id": 21,
[38;2;0;95;95m[48;2;215;255;255m+                 "subs": Array [
[38;2;0;95;95m[48;2;215;255;255m+                   [Circular],
[38;2;0;95;95m[48;2;215;255;255m+                 ],
[38;2;0;95;95m[48;2;215;255;255m+               },
[38;2;0;95;95m[48;2;215;255;255m+               Dep {
[38;2;0;95;95m[48;2;215;255;255m+                 "id": 22,
[38;2;0;95;95m[48;2;215;255;255m+                 "subs": Array [
[38;2;0;95;95m[48;2;215;255;255m+                   [Circular],
[38;2;0;95;95m[48;2;215;255;255m+                 ],
[38;2;0;95;95m[48;2;215;255;255m+               },
[38;2;0;95;95m[48;2;215;255;255m+             ],
[38;2;0;95;95m[48;2;215;255;255m+             "dirty": false,
[38;2;0;95;95m[48;2;215;255;255m+             "expression": "function () {
[38;2;0;95;95m[48;2;215;255;255m+       vm._update(vm._render(), hydrating);
[38;2;0;95;95m[48;2;215;255;255m+     }",
[38;2;0;95;95m[48;2;215;255;255m+             "getter": [Function],
[38;2;0;95;95m[48;2;215;255;255m+             "id": 5,
[38;2;0;95;95m[48;2;215;255;255m+             "lazy": false,
[38;2;0;95;95m[48;2;215;255;255m+             "newDepIds": Set {},
[38;2;0;95;95m[48;2;215;255;255m+             "newDeps": Array [],
[38;2;0;95;95m[48;2;215;255;255m+             "sync": false,
[38;2;0;95;95m[48;2;215;255;255m+             "user": false,
[38;2;0;95;95m[48;2;215;255;255m+             "value": undefined,
[38;2;0;95;95m[48;2;215;255;255m+             "vm": [Circular],
[38;2;0;95;95m[48;2;215;255;255m+           },
[38;2;0;95;95m[48;2;215;255;255m+           "_watchers": Array [
[38;2;0;95;95m[48;2;215;255;255m+             Watcher {
[38;2;0;95;95m[48;2;215;255;255m+               "active": true,
[38;2;0;95;95m[48;2;215;255;255m+               "before": [Function],
[38;2;0;95;95m[48;2;215;255;255m+               "cb": [Function],
[38;2;0;95;95m[48;2;215;255;255m+               "deep": false,
[38;2;0;95;95m[48;2;215;255;255m+               "depIds": Set {
[38;2;0;95;95m[48;2;215;255;255m+                 21,
[38;2;0;95;95m[48;2;215;255;255m+                 22,
[38;2;0;95;95m[48;2;215;255;255m+               },
[38;2;0;95;95m[48;2;215;255;255m+               "deps": Array [
[38;2;0;95;95m[48;2;215;255;255m+                 Dep {
[38;2;0;95;95m[48;2;215;255;255m+                   "id": 21,
[38;2;0;95;95m[48;2;215;255;255m+                   "subs": Array [
[38;2;0;95;95m[48;2;215;255;255m+                     [Circular],
[38;2;0;95;95m[48;2;215;255;255m+                   ],
[38;2;0;95;95m[48;2;215;255;255m+                 },
[38;2;0;95;95m[48;2;215;255;255m+                 Dep {
[38;2;0;95;95m[48;2;215;255;255m+                   "id": 22,
[38;2;0;95;95m[48;2;215;255;255m+                   "subs": Array [
[38;2;0;95;95m[48;2;215;255;255m+                     [Circular],
[38;2;0;95;95m[48;2;215;255;255m+                   ],
[38;2;0;95;95m[48;2;215;255;255m+                 },
[38;2;0;95;95m[48;2;215;255;255m+               ],
[38;2;0;95;95m[48;2;215;255;255m+               "dirty": false,
[38;2;0;95;95m[48;2;215;255;255m+               "expression": "function () {
[38;2;0;95;95m[48;2;215;255;255m+       vm._update(vm._render(), hydrating);
[38;2;0;95;95m[48;2;215;255;255m+     }",
[38;2;0;95;95m[48;2;215;255;255m+               "getter": [Function],
[38;2;0;95;95m[48;2;215;255;255m+               "id": 5,
[38;2;0;95;95m[48;2;215;255;255m+               "lazy": false,
[38;2;0;95;95m[48;2;215;255;255m+               "newDepIds": Set {},
[38;2;0;95;95m[48;2;215;255;255m+               "newDeps": Array [],
[38;2;0;95;95m[48;2;215;255;255m+               "sync": false,
[38;2;0;95;95m[48;2;215;255;255m+               "user": false,
[38;2;0;95;95m[48;2;215;255;255m+               "value": undefined,
[38;2;0;95;95m[48;2;215;255;255m+               "vm": [Circular],
[38;2;0;95;95m[48;2;215;255;255m+             },
[38;2;0;95;95m[48;2;215;255;255m+           ],
[38;2;0;95;95m[48;2;215;255;255m+           "vueTestUtils_childProps": Object {},
[38;2;0;95;95m[48;2;215;255;255m+         },
[38;2;0;95;95m[48;2;215;255;255m+         "_self": [Circular],
[38;2;0;95;95m[48;2;215;255;255m+         "_staticTrees": null,
[38;2;0;95;95m[48;2;215;255;255m+         "_uid": 2,
[38;2;0;95;95m[48;2;215;255;255m+         "_vnode": [Circular],
[38;2;0;95;95m[48;2;215;255;255m+         "_watcher": Watcher {
[38;2;0;95;95m[48;2;215;255;255m+           "active": true,
[38;2;0;95;95m[48;2;215;255;255m+           "before": [Function],
[38;2;0;95;95m[48;2;215;255;255m+           "cb": [Function],
[38;2;0;95;95m[48;2;215;255;255m+           "deep": false,
[38;2;0;95;95m[48;2;215;255;255m+           "depIds": Set {
[38;2;0;95;95m[48;2;215;255;255m+             21,
[38;2;0;95;95m[48;2;215;255;255m+             22,
[38;2;0;95;95m[48;2;215;255;255m+           },
[38;2;0;95;95m[48;2;215;255;255m+           "deps": Array [
[38;2;0;95;95m[48;2;215;255;255m+             Dep {
[38;2;0;95;95m[48;2;215;255;255m+               "id": 21,
[38;2;0;95;95m[48;2;215;255;255m+               "subs": Array [
[38;2;0;95;95m[48;2;215;255;255m+                 [Circular],
[38;2;0;95;95m[48;2;215;255;255m+               ],
[38;2;0;95;95m[48;2;215;255;255m+             },
[38;2;0;95;95m[48;2;215;255;255m+             Dep {
[38;2;0;95;95m[48;2;215;255;255m+               "id": 22,
[38;2;0;95;95m[48;2;215;255;255m+               "subs": Array [
[38;2;0;95;95m[48;2;215;255;255m+                 [Circular],
[38;2;0;95;95m[48;2;215;255;255m+               ],
[38;2;0;95;95m[48;2;215;255;255m+             },
[38;2;0;95;95m[48;2;215;255;255m+           ],
[38;2;0;95;95m[48;2;215;255;255m+           "dirty": false,
[38;2;0;95;95m[48;2;215;255;255m+           "expression": "function () {
[38;2;0;95;95m[48;2;215;255;255m+       vm._update(vm._render(), hydrating);
[38;2;0;95;95m[48;2;215;255;255m+     }",
[38;2;0;95;95m[48;2;215;255;255m+           "getter": [Function],
[38;2;0;95;95m[48;2;215;255;255m+           "id": 5,
[38;2;0;95;95m[48;2;215;255;255m+           "lazy": false,
[38;2;0;95;95m[48;2;215;255;255m+           "newDepIds": Set {},
[38;2;0;95;95m[48;2;215;255;255m+           "newDeps": Array [],
[38;2;0;95;95m[48;2;215;255;255m+           "sync": false,
[38;2;0;95;95m[48;2;215;255;255m+           "user": false,
[38;2;0;95;95m[48;2;215;255;255m+           "value": undefined,
[38;2;0;95;95m[48;2;215;255;255m+           "vm": [Circular],
[38;2;0;95;95m[48;2;215;255;255m+         },
[38;2;0;95;95m[48;2;215;255;255m+         "_watchers": Array [
[38;2;0;95;95m[48;2;215;255;255m+           Watcher {
[38;2;0;95;95m[48;2;215;255;255m+             "active": true,
[38;2;0;95;95m[48;2;215;255;255m+             "before": [Function],
[38;2;0;95;95m[48;2;215;255;255m+             "cb": [Function],
[38;2;0;95;95m[48;2;215;255;255m+             "deep": false,
[38;2;0;95;95m[48;2;215;255;255m+             "depIds": Set {
[38;2;0;95;95m[48;2;215;255;255m+               21,
[38;2;0;95;95m[48;2;215;255;255m+               22,
[38;2;0;95;95m[48;2;215;255;255m+             },
[38;2;0;95;95m[48;2;215;255;255m+             "deps": Array [
[38;2;0;95;95m[48;2;215;255;255m+               Dep {
[38;2;0;95;95m[48;2;215;255;255m+                 "id": 21,
[38;2;0;95;95m[48;2;215;255;255m+                 "subs": Array [
[38;2;0;95;95m[48;2;215;255;255m+                   [Circular],
[38;2;0;95;95m[48;2;215;255;255m+                 ],
[38;2;0;95;95m[48;2;215;255;255m+               },
[38;2;0;95;95m[48;2;215;255;255m+               Dep {
[38;2;0;95;95m[48;2;215;255;255m+                 "id": 22,
[38;2;0;95;95m[48;2;215;255;255m+                 "subs": Array [
[38;2;0;95;95m[48;2;215;255;255m+                   [Circular],
[38;2;0;95;95m[48;2;215;255;255m+                 ],
[38;2;0;95;95m[48;2;215;255;255m+               },
[38;2;0;95;95m[48;2;215;255;255m+             ],
[38;2;0;95;95m[48;2;215;255;255m+             "dirty": false,
[38;2;0;95;95m[48;2;215;255;255m+             "expression": "function () {
[38;2;0;95;95m[48;2;215;255;255m+       vm._update(vm._render(), hydrating);
[38;2;0;95;95m[48;2;215;255;255m+     }",
[38;2;0;95;95m[48;2;215;255;255m+             "getter": [Function],
[38;2;0;95;95m[48;2;215;255;255m+             "id": 5,
[38;2;0;95;95m[48;2;215;255;255m+             "lazy": false,
[38;2;0;95;95m[48;2;215;255;255m+             "newDepIds": Set {},
[38;2;0;95;95m[48;2;215;255;255m+             "newDeps": Array [],
[38;2;0;95;95m[48;2;215;255;255m+             "sync": false,
[38;2;0;95;95m[48;2;215;255;255m+             "user": false,
[38;2;0;95;95m[48;2;215;255;255m+             "value": undefined,
[38;2;0;95;95m[48;2;215;255;255m+             "vm": [Circular],
[38;2;0;95;95m[48;2;215;255;255m+           },
[38;2;0;95;95m[48;2;215;255;255m+         ],
[38;2;0;95;95m[48;2;215;255;255m+         "vueTestUtils_childProps": Object {},
[38;2;0;95;95m[48;2;215;255;255m+       },
[38;2;0;95;95m[48;2;215;255;255m+       "data": Object {
[38;2;0;95;95m[48;2;215;255;255m+         "attrs": Object {},
[38;2;0;95;95m[48;2;215;255;255m+         "hook": Object {
[38;2;0;95;95m[48;2;215;255;255m+           "destroy": [Function],
[38;2;0;95;95m[48;2;215;255;255m+           "init": [Function],
[38;2;0;95;95m[48;2;215;255;255m+           "insert": [Function],
[38;2;0;95;95m[48;2;215;255;255m+           "prepatch": [Function],
[38;2;0;95;95m[48;2;215;255;255m+         },
[38;2;0;95;95m[48;2;215;255;255m+         "on": undefined,
[38;2;0;95;95m[48;2;215;255;255m+         "pendingInsert": null,
[38;2;0;95;95m[48;2;215;255;255m+         "scopedSlots": Object {
[38;2;0;95;95m[48;2;215;255;255m+           "_normalized": Object {},
[38;2;0;95;95m[48;2;215;255;255m+         },
[38;2;0;95;95m[48;2;215;255;255m+       },
[38;2;0;95;95m[48;2;215;255;255m+       "elm": <div>
[38;2;0;95;95m[48;2;215;255;255m+         <b-dropdown
[38;2;0;95;95m[48;2;215;255;255m+           no-caret=""
[38;2;0;95;95m[48;2;215;255;255m+           right=""
[38;2;0;95;95m[48;2;215;255;255m+           size="lg"
[38;2;0;95;95m[48;2;215;255;255m+           variant="link"
[38;2;0;95;95m[48;2;215;255;255m+         >
[38;2;0;95;95m[48;2;215;255;255m+            
[38;2;0;95;95m[48;2;215;255;255m+           <b-dropdown-item>
[38;2;0;95;95m[48;2;215;255;255m+             <b-icon
[38;2;0;95;95m[48;2;215;255;255m+               icon="door-open"
[38;2;0;95;95m[48;2;215;255;255m+             />
[38;2;0;95;95m[48;2;215;255;255m+             
[38;2;0;95;95m[48;2;215;255;255m+       回到主页
[38;2;0;95;95m[48;2;215;255;255m+     
[38;2;0;95;95m[48;2;215;255;255m+           </b-dropdown-item>
[38;2;0;95;95m[48;2;215;255;255m+            
[38;2;0;95;95m[48;2;215;255;255m+           <b-dropdown-item>
[38;2;0;95;95m[48;2;215;255;255m+             <b-icon
[38;2;0;95;95m[48;2;215;255;255m+               icon="cursor-fill"
[38;2;0;95;95m[48;2;215;255;255m+             />
[38;2;0;95;95m[48;2;215;255;255m+             
[38;2;0;95;95m[48;2;215;255;255m+       注销用户
[38;2;0;95;95m[48;2;215;255;255m+     
[38;2;0;95;95m[48;2;215;255;255m+           </b-dropdown-item>
[38;2;0;95;95m[48;2;215;255;255m+         </b-dropdown>
[38;2;0;95;95m[48;2;215;255;255m+       </div>,
[38;2;0;95;95m[48;2;215;255;255m+       "fnContext": undefined,
[38;2;0;95;95m[48;2;215;255;255m+       "fnOptions": undefined,
[38;2;0;95;95m[48;2;215;255;255m+       "fnScopeId": undefined,
[38;2;0;95;95m[48;2;215;255;255m+       "isAsyncPlaceholder": false,
[38;2;0;95;95m[48;2;215;255;255m+       "isCloned": false,
[38;2;0;95;95m[48;2;215;255;255m+       "isComment": false,
[38;2;0;95;95m[48;2;215;255;255m+       "isOnce": false,
[38;2;0;95;95m[48;2;215;255;255m+       "isRootInsert": true,
[38;2;0;95;95m[48;2;215;255;255m+       "isStatic": false,
[38;2;0;95;95m[48;2;215;255;255m+       "key": undefined,
[38;2;0;95;95m[48;2;215;255;255m+       "ns": undefined,
[38;2;0;95;95m[48;2;215;255;255m+       "parent": undefined,
[38;2;0;95;95m[48;2;215;255;255m+       "raw": false,
[38;2;0;95;95m[48;2;215;255;255m+       "tag": "vue-component-1408-UserLogo",
[38;2;0;95;95m[48;2;215;255;255m+       "text": undefined,
[38;2;0;95;95m[48;2;215;255;255m+     },
[38;2;0;95;95m[48;2;215;255;255m+     "_renderChildren": undefined,
[38;2;0;95;95m[48;2;215;255;255m+     "parent": VueComponent {
[38;2;0;95;95m[48;2;215;255;255m+       "$attrs": Object {},
[38;2;0;95;95m[48;2;215;255;255m+       "$children": Array [
[38;2;0;95;95m[48;2;215;255;255m+         [Circular],
[38;2;0;95;95m[48;2;215;255;255m+       ],
[38;2;0;95;95m[48;2;215;255;255m+       "$createElement": [Function],
[38;2;0;95;95m[48;2;215;255;255m+       "$el": <div>
[38;2;0;95;95m[48;2;215;255;255m+         <b-dropdown
[38;2;0;95;95m[48;2;215;255;255m+           no-caret=""
[38;2;0;95;95m[48;2;215;255;255m+           right=""
[38;2;0;95;95m[48;2;215;255;255m+           size="lg"
[38;2;0;95;95m[48;2;215;255;255m+           variant="link"
[38;2;0;95;95m[48;2;215;255;255m+         >
[38;2;0;95;95m[48;2;215;255;255m+            
[38;2;0;95;95m[48;2;215;255;255m+           <b-dropdown-item>
[38;2;0;95;95m[48;2;215;255;255m+             <b-icon
[38;2;0;95;95m[48;2;215;255;255m+               icon="door-open"
[38;2;0;95;95m[48;2;215;255;255m+             />
[38;2;0;95;95m[48;2;215;255;255m+             
[38;2;0;95;95m[48;2;215;255;255m+       回到主页
[38;2;0;95;95m[48;2;215;255;255m+     
[38;2;0;95;95m[48;2;215;255;255m+           </b-dropdown-item>
[38;2;0;95;95m[48;2;215;255;255m+            
[38;2;0;95;95m[48;2;215;255;255m+           <b-dropdown-item>
[38;2;0;95;95m[48;2;215;255;255m+             <b-icon
[38;2;0;95;95m[48;2;215;255;255m+               icon="cursor-fill"
[38;2;0;95;95m[48;2;215;255;255m+             />
[38;2;0;95;95m[48;2;215;255;255m+             
[38;2;0;95;95m[48;2;215;255;255m+       注销用户
[38;2;0;95;95m[48;2;215;255;255m+     
[38;2;0;95;95m[48;2;215;255;255m+           </b-dropdown-item>
[38;2;0;95;95m[48;2;215;255;255m+         </b-dropdown>
[38;2;0;95;95m[48;2;215;255;255m+       </div>,
[38;2;0;95;95m[48;2;215;255;255m+       "$emit": [Function],
[38;2;0;95;95m[48;2;215;255;255m+       "$listeners": Object {},
[38;2;0;95;95m[48;2;215;255;255m+       "$options": Object {
[38;2;0;95;95m[48;2;215;255;255m+         "$_doNotStubChildren": true,
[38;2;0;95;95m[48;2;215;255;255m+         "$_isWrapperParent": true,
[38;2;0;95;95m[48;2;215;255;255m+         "_Ctor": Object {
[38;2;0;95;95m[48;2;215;255;255m+           "1404": [Function],
[38;2;0;95;95m[48;2;215;255;255m+         },
[38;2;0;95;95m[48;2;215;255;255m+         "_base": [Function],
[38;2;0;95;95m[48;2;215;255;255m+         "_installedPlugins": Array [
[38;2;0;95;95m[48;2;215;255;255m+           Object {
[38;2;0;95;95m[48;2;215;255;255m+             "install": [Function],
[38;2;0;95;95m[48;2;215;255;255m+           },
[38;2;0;95;95m[48;2;215;255;255m+           Object {
[38;2;0;95;95m[48;2;215;255;255m+             "install": [Function],
[38;2;0;95;95m[48;2;215;255;255m+           },
[38;2;0;95;95m[48;2;215;255;255m+           Object {
[38;2;0;95;95m[48;2;215;255;255m+             "install": [Function],
[38;2;0;95;95m[48;2;215;255;255m+           },
[38;2;0;95;95m[48;2;215;255;255m+           Object {
[38;2;0;95;95m[48;2;215;255;255m+             "install": [Function],
[38;2;0;95;95m[48;2;215;255;255m+           },
[38;2;0;95;95m[48;2;215;255;255m+           Object {
[38;2;0;95;95m[48;2;215;255;255m+             "install": [Function],
[38;2;0;95;95m[48;2;215;255;255m+           },
[38;2;0;95;95m[48;2;215;255;255m+           Object {
[38;2;0;95;95m[48;2;215;255;255m+             "install": [Function],
[38;2;0;95;95m[48;2;215;255;255m+           },
[38;2;0;95;95m[48;2;215;255;255m+           Object {
[38;2;0;95;95m[48;2;215;255;255m+             "install": [Function],
[38;2;0;95;95m[48;2;215;255;255m+           },
[38;2;0;95;95m[48;2;215;255;255m+           Object {
[38;2;0;95;95m[48;2;215;255;255m+             "install": [Function],
[38;2;0;95;95m[48;2;215;255;255m+           },
[38;2;0;95;95m[48;2;215;255;255m+           Object {
[38;2;0;95;95m[48;2;215;255;255m+             "install": [Function],
[38;2;0;95;95m[48;2;215;255;255m+           },
[38;2;0;95;95m[48;2;215;255;255m+           Object {
[38;2;0;95;95m[48;2;215;255;255m+             "install": [Function],
[38;2;0;95;95m[48;2;215;255;255m+           },
[38;2;0;95;95m[48;2;215;255;255m+           Object {
[38;2;0;95;95m[48;2;215;255;255m+             "install": [Function],
[38;2;0;95;95m[48;2;215;255;255m+           },
[38;2;0;95;95m[48;2;215;255;255m+           Object {
[38;2;0;95;95m[48;2;215;255;255m+             "install": [Function],
[38;2;0;95;95m[48;2;215;255;255m+           },
[38;2;0;95;95m[48;2;215;255;255m+           Object {
[38;2;0;95;95m[48;2;215;255;255m+             "install": [Function],
[38;2;0;95;95m[48;2;215;255;255m+           },
[38;2;0;95;95m[48;2;215;255;255m+           Object {
[38;2;0;95;95m[48;2;215;255;255m+             "install": [Function],
[38;2;0;95;95m[48;2;215;255;255m+           },
[38;2;0;95;95m[48;2;215;255;255m+           Object {
[38;2;0;95;95m[48;2;215;255;255m+             "install": [Function],
[38;2;0;95;95m[48;2;215;255;255m+           },
[38;2;0;95;95m[48;2;215;255;255m+           Object {
[38;2;0;95;95m[48;2;215;255;255m+             "install": [Function],
[38;2;0;95;95m[48;2;215;255;255m+           },
[38;2;0;95;95m[48;2;215;255;255m+           Object {
[38;2;0;95;95m[48;2;215;255;255m+             "install": [Function],
[38;2;0;95;95m[48;2;215;255;255m+           },
[38;2;0;95;95m[48;2;215;255;255m+           Object {
[38;2;0;95;95m[48;2;215;255;255m+             "install": [Function],
[38;2;0;95;95m[48;2;215;255;255m+           },
[38;2;0;95;95m[48;2;215;255;255m+           Object {
[38;2;0;95;95m[48;2;215;255;255m+             "install": [Function],
[38;2;0;95;95m[48;2;215;255;255m+           },
[38;2;0;95;95m[48;2;215;255;255m+           Object {
[38;2;0;95;95m[48;2;215;255;255m+             "install": [Function],
[38;2;0;95;95m[48;2;215;255;255m+           },
[38;2;0;95;95m[48;2;215;255;255m+           Object {
[38;2;0;95;95m[48;2;215;255;255m+             "install": [Function],
[38;2;0;95;95m[48;2;215;255;255m+           },
[38;2;0;95;95m[48;2;215;255;255m+           Object {
[38;2;0;95;95m[48;2;215;255;255m+             "install": [Function],
[38;2;0;95;95m[48;2;215;255;255m+           },
[38;2;0;95;95m[48;2;215;255;255m+           Object {
[38;2;0;95;95m[48;2;215;255;255m+             "install": [Function],
[38;2;0;95;95m[48;2;215;255;255m+           },
[38;2;0;95;95m[48;2;215;255;255m+           Object {
[38;2;0;95;95m[48;2;215;255;255m+             "install": [Function],
[38;2;0;95;95m[48;2;215;255;255m+           },
[38;2;0;95;95m[48;2;215;255;255m+           Object {
[38;2;0;95;95m[48;2;215;255;255m+             "install": [Function],
[38;2;0;95;95m[48;2;215;255;255m+           },
[38;2;0;95;95m[48;2;215;255;255m+           Object {
[38;2;0;95;95m[48;2;215;255;255m+             "install": [Function],
[38;2;0;95;95m[48;2;215;255;255m+           },
[38;2;0;95;95m[48;2;215;255;255m+           Object {
[38;2;0;95;95m[48;2;215;255;255m+             "install": [Function],
[38;2;0;95;95m[48;2;215;255;255m+           },
[38;2;0;95;95m[48;2;215;255;255m+           Object {
[38;2;0;95;95m[48;2;215;255;255m+             "install": [Function],
[38;2;0;95;95m[48;2;215;255;255m+           },
[38;2;0;95;95m[48;2;215;255;255m+           Object {
[38;2;0;95;95m[48;2;215;255;255m+             "install": [Function],
[38;2;0;95;95m[48;2;215;255;255m+           },
[38;2;0;95;95m[48;2;215;255;255m+           Object {
[38;2;0;95;95m[48;2;215;255;255m+             "install": [Function],
[38;2;0;95;95m[48;2;215;255;255m+           },
[38;2;0;95;95m[48;2;215;255;255m+           Object {
[38;2;0;95;95m[48;2;215;255;255m+             "install": [Function],
[38;2;0;95;95m[48;2;215;255;255m+           },
[38;2;0;95;95m[48;2;215;255;255m+           Object {
[38;2;0;95;95m[48;2;215;255;255m+             "install": [Function],
[38;2;0;95;95m[48;2;215;255;255m+           },
[38;2;0;95;95m[48;2;215;255;255m+           Object {
[38;2;0;95;95m[48;2;215;255;255m+             "install": [Function],
[38;2;0;95;95m[48;2;215;255;255m+           },
[38;2;0;95;95m[48;2;215;255;255m+           Object {
[38;2;0;95;95m[48;2;215;255;255m+             "install": [Function],
[38;2;0;95;95m[48;2;215;255;255m+           },
[38;2;0;95;95m[48;2;215;255;255m+           Object {
[38;2;0;95;95m[48;2;215;255;255m+             "install": [Function],
[38;2;0;95;95m[48;2;215;255;255m+           },
[38;2;0;95;95m[48;2;215;255;255m+           [Function],
[38;2;0;95;95m[48;2;215;255;255m+           Object {
[38;2;0;95;95m[48;2;215;255;255m+             "install": [Function],
[38;2;0;95;95m[48;2;215;255;255m+           },
[38;2;0;95;95m[48;2;215;255;255m+           Object {
[38;2;0;95;95m[48;2;215;255;255m+             "install": [Function],
[38;2;0;95;95m[48;2;215;255;255m+           },
[38;2;0;95;95m[48;2;215;255;255m+           Object {
[38;2;0;95;95m[48;2;215;255;255m+             "install": [Function],
[38;2;0;95;95m[48;2;215;255;255m+           },
[38;2;0;95;95m[48;2;215;255;255m+           Object {
[38;2;0;95;95m[48;2;215;255;255m+             "install": [Function],
[38;2;0;95;95m[48;2;215;255;255m+           },
[38;2;0;95;95m[48;2;215;255;255m+           Object {
[38;2;0;95;95m[48;2;215;255;255m+             "install": [Function],
[38;2;0;95;95m[48;2;215;255;255m+           },
[38;2;0;95;95m[48;2;215;255;255m+           Object {
[38;2;0;95;95m[48;2;215;255;255m+             "install": [Function],
[38;2;0;95;95m[48;2;215;255;255m+           },
[38;2;0;95;95m[48;2;215;255;255m+           Object {
[38;2;0;95;95m[48;2;215;255;255m+             "install": [Function],
[38;2;0;95;95m[48;2;215;255;255m+           },
[38;2;0;95;95m[48;2;215;255;255m+           Object {
[38;2;0;95;95m[48;2;215;255;255m+             "install": [Function],
[38;2;0;95;95m[48;2;215;255;255m+           },
[38;2;0;95;95m[48;2;215;255;255m+           Object {
[38;2;0;95;95m[48;2;215;255;255m+             "install": [Function],
[38;2;0;95;95m[48;2;215;255;255m+           },
[38;2;0;95;95m[48;2;215;255;255m+           Object {
[38;2;0;95;95m[48;2;215;255;255m+             "install": [Function],
[38;2;0;95;95m[48;2;215;255;255m+           },
[38;2;0;95;95m[48;2;215;255;255m+           Object {
[38;2;0;95;95m[48;2;215;255;255m+             "install": [Function],
[38;2;0;95;95m[48;2;215;255;255m+           },
[38;2;0;95;95m[48;2;215;255;255m+           Object {
[38;2;0;95;95m[48;2;215;255;255m+             "install": [Function],
[38;2;0;95;95m[48;2;215;255;255m+           },
[38;2;0;95;95m[48;2;215;255;255m+           Object {
[38;2;0;95;95m[48;2;215;255;255m+             "install": [Function],
[38;2;0;95;95m[48;2;215;255;255m+           },
[38;2;0;95;95m[48;2;215;255;255m+           Object {
[38;2;0;95;95m[48;2;215;255;255m+             "install": [Function],
[38;2;0;95;95m[48;2;215;255;255m+           },
[38;2;0;95;95m[48;2;215;255;255m+           Object {
[38;2;0;95;95m[48;2;215;255;255m+             "install": [Function],
[38;2;0;95;95m[48;2;215;255;255m+           },
[38;2;0;95;95m[48;2;215;255;255m+           Object {
[38;2;0;95;95m[48;2;215;255;255m+             "install": [Function],
[38;2;0;95;95m[48;2;215;255;255m+           },
[38;2;0;95;95m[48;2;215;255;255m+           Object {
[38;2;0;95;95m[48;2;215;255;255m+             "install": [Function],
[38;2;0;95;95m[48;2;215;255;255m+           },
[38;2;0;95;95m[48;2;215;255;255m+           Object {
[38;2;0;95;95m[48;2;215;255;255m+             "install": [Function],
[38;2;0;95;95m[48;2;215;255;255m+           },
[38;2;0;95;95m[48;2;215;255;255m+           [Function],
[38;2;0;95;95m[48;2;215;255;255m+           Object {
[38;2;0;95;95m[48;2;215;255;255m+             "install": [Function],
[38;2;0;95;95m[48;2;215;255;255m+           },
[38;2;0;95;95m[48;2;215;255;255m+           Object {
[38;2;0;95;95m[48;2;215;255;255m+             "install": [Function],
[38;2;0;95;95m[48;2;215;255;255m+           },
[38;2;0;95;95m[48;2;215;255;255m+           Object {
[38;2;0;95;95m[48;2;215;255;255m+             "install": [Function],
[38;2;0;95;95m[48;2;215;255;255m+           },
[38;2;0;95;95m[48;2;215;255;255m+           Object {
[38;2;0;95;95m[48;2;215;255;255m+             "install": [Function],
[38;2;0;95;95m[48;2;215;255;255m+           },
[38;2;0;95;95m[48;2;215;255;255m+           Object {
[38;2;0;95;95m[48;2;215;255;255m+             "install": [Function],
[38;2;0;95;95m[48;2;215;255;255m+           },
[38;2;0;95;95m[48;2;215;255;255m+           Object {
[38;2;0;95;95m[48;2;215;255;255m+             "install": [Function],
[38;2;0;95;95m[48;2;215;255;255m+           },
[38;2;0;95;95m[48;2;215;255;255m+           Object {
[38;2;0;95;95m[48;2;215;255;255m+             "install": [Function],
[38;2;0;95;95m[48;2;215;255;255m+           },
[38;2;0;95;95m[48;2;215;255;255m+           Object {
[38;2;0;95;95m[48;2;215;255;255m+             "install": [Function],
[38;2;0;95;95m[48;2;215;255;255m+           },
[38;2;0;95;95m[48;2;215;255;255m+           Object {
[38;2;0;95;95m[48;2;215;255;255m+             "install": [Function],
[38;2;0;95;95m[48;2;215;255;255m+           },
[38;2;0;95;95m[48;2;215;255;255m+           Object {
[38;2;0;95;95m[48;2;215;255;255m+             "install": [Function],
[38;2;0;95;95m[48;2;215;255;255m+           },
[38;2;0;95;95m[48;2;215;255;255m+           Object {
[38;2;0;95;95m[48;2;215;255;255m+             "NAME": "BootstrapVue",
[38;2;0;95;95m[48;2;215;255;255m+             "install": [Function],
[38;2;0;95;95m[48;2;215;255;255m+           },
[38;2;0;95;95m[48;2;215;255;255m+         ],
[38;2;0;95;95m[48;2;215;255;255m+         "_isFunctionalContainer": undefined,
[38;2;0;95;95m[48;2;215;255;255m+         "beforeCreate": Array [
[38;2;0;95;95m[48;2;215;255;255m+           [Function],
[38;2;0;95;95m[48;2;215;255;255m+           [Function],
[38;2;0;95;95m[48;2;215;255;255m+           [Function],
[38;2;0;95;95m[48;2;215;255;255m+         ],
[38;2;0;95;95m[48;2;215;255;255m+         "cid": 1398,
[38;2;0;95;95m[48;2;215;255;255m+         "component": [Function],
[38;2;0;95;95m[48;2;215;255;255m+         "components": Object {
[38;2;0;95;95m[48;2;215;255;255m+           "transition": Object {
[38;2;0;95;95m[48;2;215;255;255m+             "$_doNotStubChildren": true,
[38;2;0;95;95m[48;2;215;255;255m+             "$_vueTestUtils_original": Object {
[38;2;0;95;95m[48;2;215;255;255m+               "_Ctor": Object {
[38;2;0;95;95m[48;2;215;255;255m+                 "1404": [Function],
[38;2;0;95;95m[48;2;215;255;255m+               },
[38;2;0;95;95m[48;2;215;255;255m+               "abstract": true,
[38;2;0;95;95m[48;2;215;255;255m+               "name": "transition",
[38;2;0;95;95m[48;2;215;255;255m+               "props": Object {
[38;2;0;95;95m[48;2;215;255;255m+                 "appear": Object {
[38;2;0;95;95m[48;2;215;255;255m+                   "type": [Function],
[38;2;0;95;95m[48;2;215;255;255m+                 },
[38;2;0;95;95m[48;2;215;255;255m+                 "appearActiveClass": Object {
[38;2;0;95;95m[48;2;215;255;255m+                   "type": [Function],
[38;2;0;95;95m[48;2;215;255;255m+                 },
[38;2;0;95;95m[48;2;215;255;255m+                 "appearClass": Object {
[38;2;0;95;95m[48;2;215;255;255m+                   "type": [Function],
[38;2;0;95;95m[48;2;215;255;255m+                 },
[38;2;0;95;95m[48;2;215;255;255m+                 "appearToClass": Object {
[38;2;0;95;95m[48;2;215;255;255m+                   "type": [Function],
[38;2;0;95;95m[48;2;215;255;255m+                 },
[38;2;0;95;95m[48;2;215;255;255m+                 "css": Object {
[38;2;0;95;95m[48;2;215;255;255m+                   "type": [Function],
[38;2;0;95;95m[48;2;215;255;255m+                 },
[38;2;0;95;95m[48;2;215;255;255m+                 "duration": Object {
[38;2;0;95;95m[48;2;215;255;255m+                   "type": Array [
[38;2;0;95;95m[48;2;215;255;255m+                     [Function],
[38;2;0;95;95m[48;2;215;255;255m+                     [Function],
[38;2;0;95;95m[48;2;215;255;255m+                     [Function],
[38;2;0;95;95m[48;2;215;255;255m+                   ],
[38;2;0;95;95m[48;2;215;255;255m+                 },
[38;2;0;95;95m[48;2;215;255;255m+                 "enterActiveClass": Object {
[38;2;0;95;95m[48;2;215;255;255m+                   "type": [Function],
[38;2;0;95;95m[48;2;215;255;255m+                 },
[38;2;0;95;95m[48;2;215;255;255m+                 "enterClass": Object {
[38;2;0;95;95m[48;2;215;255;255m+                   "type": [Function],
[38;2;0;95;95m[48;2;215;255;255m+                 },
[38;2;0;95;95m[48;2;215;255;255m+                 "enterToClass": Object {
[38;2;0;95;95m[48;2;215;255;255m+                   "type": [Function],
[38;2;0;95;95m[48;2;215;255;255m+                 },
[38;2;0;95;95m[48;2;215;255;255m+                 "leaveActiveClass": Object {
[38;2;0;95;95m[48;2;215;255;255m+                   "type": [Function],
[38;2;0;95;95m[48;2;215;255;255m+                 },
[38;2;0;95;95m[48;2;215;255;255m+                 "leaveClass": Object {
[38;2;0;95;95m[48;2;215;255;255m+                   "type": [Function],
[38;2;0;95;95m[48;2;215;255;255m+                 },
[38;2;0;95;95m[48;2;215;255;255m+                 "leaveToClass": Object {
[38;2;0;95;95m[48;2;215;255;255m+                   "type": [Function],
[38;2;0;95;95m[48;2;215;255;255m+                 },
[38;2;0;95;95m[48;2;215;255;255m+                 "mode": Object {
[38;2;0;95;95m[48;2;215;255;255m+                   "type": [Function],
[38;2;0;95;95m[48;2;215;255;255m+                 },
[38;2;0;95;95m[48;2;215;255;255m+                 "name": Object {
[38;2;0;95;95m[48;2;215;255;255m+                   "type": [Function],
[38;2;0;95;95m[48;2;215;255;255m+                 },
[38;2;0;95;95m[48;2;215;255;255m+                 "type": Object {
[38;2;0;95;95m[48;2;215;255;255m+                   "type": [Function],
[38;2;0;95;95m[48;2;215;255;255m+                 },
[38;2;0;95;95m[48;2;215;255;255m+               },
[38;2;0;95;95m[48;2;215;255;255m+               "render": [Function],
[38;2;0;95;95m[48;2;215;255;255m+             },
[38;2;0;95;95m[48;2;215;255;255m+             "abstract": true,
[38;2;0;95;95m[48;2;215;255;255m+             "attrs": undefined,
[38;2;0;95;95m[48;2;215;255;255m+             "class": undefined,
[38;2;0;95;95m[48;2;215;255;255m+             "domProps": undefined,
[38;2;0;95;95m[48;2;215;255;255m+             "functional": undefined,
[38;2;0;95;95m[48;2;215;255;255m+             "key": undefined,
[38;2;0;95;95m[48;2;215;255;255m+             "model": undefined,
[38;2;0;95;95m[48;2;215;255;255m+             "name": "transition",
[38;2;0;95;95m[48;2;215;255;255m+             "nativeOn": undefined,
[38;2;0;95;95m[48;2;215;255;255m+             "normalizedStyle": undefined,
[38;2;0;95;95m[48;2;215;255;255m+             "on": undefined,
[38;2;0;95;95m[48;2;215;255;255m+             "props": Object {
[38;2;0;95;95m[48;2;215;255;255m+               "appear": Object {
[38;2;0;95;95m[48;2;215;255;255m+                 "type": [Function],
[38;2;0;95;95m[48;2;215;255;255m+               },
[38;2;0;95;95m[48;2;215;255;255m+               "appearActiveClass": Object {
[38;2;0;95;95m[48;2;215;255;255m+                 "type": [Function],
[38;2;0;95;95m[48;2;215;255;255m+               },
[38;2;0;95;95m[48;2;215;255;255m+               "appearClass": Object {
[38;2;0;95;95m[48;2;215;255;255m+                 "type": [Function],
[38;2;0;95;95m[48;2;215;255;255m+               },
[38;2;0;95;95m[48;2;215;255;255m+               "appearToClass": Object {
[38;2;0;95;95m[48;2;215;255;255m+                 "type": [Function],
[38;2;0;95;95m[48;2;215;255;255m+               },
[38;2;0;95;95m[48;2;215;255;255m+               "css": Object {
[38;2;0;95;95m[48;2;215;255;255m+                 "type": [Function],
[38;2;0;95;95m[48;2;215;255;255m+               },
[38;2;0;95;95m[48;2;215;255;255m+               "duration": Object {
[38;2;0;95;95m[48;2;215;255;255m+                 "type": Array [
[38;2;0;95;95m[48;2;215;255;255m+                   [Function],
[38;2;0;95;95m[48;2;215;255;255m+                   [Function],
[38;2;0;95;95m[48;2;215;255;255m+                   [Function],
[38;2;0;95;95m[48;2;215;255;255m+                 ],
[38;2;0;95;95m[48;2;215;255;255m+               },
[38;2;0;95;95m[48;2;215;255;255m+               "enterActiveClass": Object {
[38;2;0;95;95m[48;2;215;255;255m+                 "type": [Function],
[38;2;0;95;95m[48;2;215;255;255m+               },
[38;2;0;95;95m[48;2;215;255;255m+               "enterClass": Object {
[38;2;0;95;95m[48;2;215;255;255m+                 "type": [Function],
[38;2;0;95;95m[48;2;215;255;255m+               },
[38;2;0;95;95m[48;2;215;255;255m+               "enterToClass": Object {
[38;2;0;95;95m[48;2;215;255;255m+                 "type": [Function],
[38;2;0;95;95m[48;2;215;255;255m+               },
[38;2;0;95;95m[48;2;215;255;255m+               "leaveActiveClass": Object {
[38;2;0;95;95m[48;2;215;255;255m+                 "type": [Function],
[38;2;0;95;95m[48;2;215;255;255m+               },
[38;2;0;95;95m[48;2;215;255;255m+               "leaveClass": Object {
[38;2;0;95;95m[48;2;215;255;255m+                 "type": [Function],
[38;2;0;95;95m[48;2;215;255;255m+               },
[38;2;0;95;95m[48;2;215;255;255m+               "leaveToClass": Object {
[38;2;0;95;95m[48;2;215;255;255m+                 "type": [Function],
[38;2;0;95;95m[48;2;215;255;255m+               },
[38;2;0;95;95m[48;2;215;255;255m+               "mode": Object {
[38;2;0;95;95m[48;2;215;255;255m+                 "type": [Function],
[38;2;0;95;95m[48;2;215;255;255m+               },
[38;2;0;95;95m[48;2;215;255;255m+               "name": Object {
[38;2;0;95;95m[48;2;215;255;255m+                 "type": [Function],
[38;2;0;95;95m[48;2;215;255;255m+               },
[38;2;0;95;95m[48;2;215;255;255m+               "type": Object {
[38;2;0;95;95m[48;2;215;255;255m+                 "type": [Function],
[38;2;0;95;95m[48;2;215;255;255m+               },
[38;2;0;95;95m[48;2;215;255;255m+             },
[38;2;0;95;95m[48;2;215;255;255m+             "render": [Function],
[38;2;0;95;95m[48;2;215;255;255m+             "staticClass": undefined,
[38;2;0;95;95m[48;2;215;255;255m+             "staticStyle": undefined,
[38;2;0;95;95m[48;2;215;255;255m+             "style": undefined,
[38;2;0;95;95m[48;2;215;255;255m+           },
[38;2;0;95;95m[48;2;215;255;255m+           "transition-group": Object {
[38;2;0;95;95m[48;2;215;255;255m+             "$_doNotStubChildren": true,
[38;2;0;95;95m[48;2;215;255;255m+             "$_vueTestUtils_original": Object {
[38;2;0;95;95m[48;2;215;255;255m+               "_Ctor": Object {
[38;2;0;95;95m[48;2;215;255;255m+                 "1404": [Function],
[38;2;0;95;95m[48;2;215;255;255m+               },
[38;2;0;95;95m[48;2;215;255;255m+               "beforeMount": [Function],
[38;2;0;95;95m[48;2;215;255;255m+               "methods": Object {
[38;2;0;95;95m[48;2;215;255;255m+                 "hasMove": [Function],
[38;2;0;95;95m[48;2;215;255;255m+               },
[38;2;0;95;95m[48;2;215;255;255m+               "props": Object {
[38;2;0;95;95m[48;2;215;255;255m+                 "appear": Object {
[38;2;0;95;95m[48;2;215;255;255m+                   "type": [Function],
[38;2;0;95;95m[48;2;215;255;255m+                 },
[38;2;0;95;95m[48;2;215;255;255m+                 "appearActiveClass": Object {
[38;2;0;95;95m[48;2;215;255;255m+                   "type": [Function],
[38;2;0;95;95m[48;2;215;255;255m+                 },
[38;2;0;95;95m[48;2;215;255;255m+                 "appearClass": Object {
[38;2;0;95;95m[48;2;215;255;255m+                   "type": [Function],
[38;2;0;95;95m[48;2;215;255;255m+                 },
[38;2;0;95;95m[48;2;215;255;255m+                 "appearToClass": Object {
[38;2;0;95;95m[48;2;215;255;255m+                   "type": [Function],
[38;2;0;95;95m[48;2;215;255;255m+                 },
[38;2;0;95;95m[48;2;215;255;255m+                 "css": Object {
[38;2;0;95;95m[48;2;215;255;255m+                   "type": [Function],
[38;2;0;95;95m[48;2;215;255;255m+                 },
[38;2;0;95;95m[48;2;215;255;255m+                 "duration": Object {
[38;2;0;95;95m[48;2;215;255;255m+                   "type": Array [
[38;2;0;95;95m[48;2;215;255;255m+                     [Function],
[38;2;0;95;95m[48;2;215;255;255m+                     [Function],
[38;2;0;95;95m[48;2;215;255;255m+                     [Function],
[38;2;0;95;95m[48;2;215;255;255m+                   ],
[38;2;0;95;95m[48;2;215;255;255m+                 },
[38;2;0;95;95m[48;2;215;255;255m+                 "enterActiveClass": Object {
[38;2;0;95;95m[48;2;215;255;255m+                   "type": [Function],
[38;2;0;95;95m[48;2;215;255;255m+                 },
[38;2;0;95;95m[48;2;215;255;255m+                 "enterClass": Object {
[38;2;0;95;95m[48;2;215;255;255m+                   "type": [Function],
[38;2;0;95;95m[48;2;215;255;255m+                 },
[38;2;0;95;95m[48;2;215;255;255m+                 "enterToClass": Object {
[38;2;0;95;95m[48;2;215;255;255m+                   "type": [Function],
[38;2;0;95;95m[48;2;215;255;255m+                 },
[38;2;0;95;95m[48;2;215;255;255m+                 "leaveActiveClass": Object {
[38;2;0;95;95m[48;2;215;255;255m+                   "type": [Function],
[38;2;0;95;95m[48;2;215;255;255m+                 },
[38;2;0;95;95m[48;2;215;255;255m+                 "leaveClass": Object {
[38;2;0;95;95m[48;2;215;255;255m+                   "type": [Function],
[38;2;0;95;95m[48;2;215;255;255m+                 },
[38;2;0;95;95m[48;2;215;255;255m+                 "leaveToClass": Object {
[38;2;0;95;95m[48;2;215;255;255m+                   "type": [Function],
[38;2;0;95;95m[48;2;215;255;255m+                 },
[38;2;0;95;95m[48;2;215;255;255m+                 "moveClass": Object {
[38;2;0;95;95m[48;2;215;255;255m+                   "type": [Function],
[38;2;0;95;95m[48;2;215;255;255m+                 },
[38;2;0;95;95m[48;2;215;255;255m+                 "name": Object {
[38;2;0;95;95m[48;2;215;255;255m+                   "type": [Function],
[38;2;0;95;95m[48;2;215;255;255m+                 },
[38;2;0;95;95m[48;2;215;255;255m+                 "tag": Object {
[38;2;0;95;95m[48;2;215;255;255m+                   "type": [Function],
[38;2;0;95;95m[48;2;215;255;255m+                 },
[38;2;0;95;95m[48;2;215;255;255m+                 "type": Object {
[38;2;0;95;95m[48;2;215;255;255m+                   "type": [Function],
[38;2;0;95;95m[48;2;215;255;255m+                 },
[38;2;0;95;95m[48;2;215;255;255m+               },
[38;2;0;95;95m[48;2;215;255;255m+               "render": [Function],
[38;2;0;95;95m[48;2;215;255;255m+               "updated": [Function],
[38;2;0;95;95m[48;2;215;255;255m+             },
[38;2;0;95;95m[48;2;215;255;255m+             "abstract": undefined,
[38;2;0;95;95m[48;2;215;255;255m+             "attrs": undefined,
[38;2;0;95;95m[48;2;215;255;255m+             "class": undefined,
[38;2;0;95;95m[48;2;215;255;255m+             "domProps": undefined,
[38;2;0;95;95m[48;2;215;255;255m+             "functional": undefined,
[38;2;0;95;95m[48;2;215;255;255m+             "key": undefined,
[38;2;0;95;95m[48;2;215;255;255m+             "model": undefined,
[38;2;0;95;95m[48;2;215;255;255m+             "name": undefined,
[38;2;0;95;95m[48;2;215;255;255m+             "nativeOn": undefined,
[38;2;0;95;95m[48;2;215;255;255m+             "normalizedStyle": undefined,
[38;2;0;95;95m[48;2;215;255;255m+             "on": undefined,
[38;2;0;95;95m[48;2;215;255;255m+             "props": Object {
[38;2;0;95;95m[48;2;215;255;255m+               "appear": Object {
[38;2;0;95;95m[48;2;215;255;255m+                 "type": [Function],
[38;2;0;95;95m[48;2;215;255;255m+               },
[38;2;0;95;95m[48;2;215;255;255m+               "appearActiveClass": Object {
[38;2;0;95;95m[48;2;215;255;255m+                 "type": [Function],
[38;2;0;95;95m[48;2;215;255;255m+               },
[38;2;0;95;95m[48;2;215;255;255m+               "appearClass": Object {
[38;2;0;95;95m[48;2;215;255;255m+                 "type": [Function],
[38;2;0;95;95m[48;2;215;255;255m+               },
[38;2;0;95;95m[48;2;215;255;255m+               "appearToClass": Object {
[38;2;0;95;95m[48;2;215;255;255m+                 "type": [Function],
[38;2;0;95;95m[48;2;215;255;255m+               },
[38;2;0;95;95m[48;2;215;255;255m+               "css": Object {
[38;2;0;95;95m[48;2;215;255;255m+                 "type": [Function],
[38;2;0;95;95m[48;2;215;255;255m+               },
[38;2;0;95;95m[48;2;215;255;255m+               "duration": Object {
[38;2;0;95;95m[48;2;215;255;255m+                 "type": Array [
[38;2;0;95;95m[48;2;215;255;255m+                   [Function],
[38;2;0;95;95m[48;2;215;255;255m+                   [Function],
[38;2;0;95;95m[48;2;215;255;255m+                   [Function],
[38;2;0;95;95m[48;2;215;255;255m+                 ],
[38;2;0;95;95m[48;2;215;255;255m+               },
[38;2;0;95;95m[48;2;215;255;255m+               "enterActiveClass": Object {
[38;2;0;95;95m[48;2;215;255;255m+                 "type": [Function],
[38;2;0;95;95m[48;2;215;255;255m+               },
[38;2;0;95;95m[48;2;215;255;255m+               "enterClass": Object {
[38;2;0;95;95m[48;2;215;255;255m+                 "type": [Function],
[38;2;0;95;95m[48;2;215;255;255m+               },
[38;2;0;95;95m[48;2;215;255;255m+               "enterToClass": Object {
[38;2;0;95;95m[48;2;215;255;255m+                 "type": [Function],
[38;2;0;95;95m[48;2;215;255;255m+               },
[38;2;0;95;95m[48;2;215;255;255m+               "leaveActiveClass": Object {
[38;2;0;95;95m[48;2;215;255;255m+                 "type": [Function],
[38;2;0;95;95m[48;2;215;255;255m+               },
[38;2;0;95;95m[48;2;215;255;255m+               "leaveClass": Object {
[38;2;0;95;95m[48;2;215;255;255m+                 "type": [Function],
[38;2;0;95;95m[48;2;215;255;255m+               },
[38;2;0;95;95m[48;2;215;255;255m+               "leaveToClass": Object {
[38;2;0;95;95m[48;2;215;255;255m+                 "type": [Function],
[38;2;0;95;95m[48;2;215;255;255m+               },
[38;2;0;95;95m[48;2;215;255;255m+               "moveClass": Object {
[38;2;0;95;95m[48;2;215;255;255m+                 "type": [Function],
[38;2;0;95;95m[48;2;215;255;255m+               },
[38;2;0;95;95m[48;2;215;255;255m+               "name": Object {
[38;2;0;95;95m[48;2;215;255;255m+                 "type": [Function],
[38;2;0;95;95m[48;2;215;255;255m+               },
[38;2;0;95;95m[48;2;215;255;255m+               "tag": Object {
[38;2;0;95;95m[48;2;215;255;255m+                 "type": [Function],
[38;2;0;95;95m[48;2;215;255;255m+               },
[38;2;0;95;95m[48;2;215;255;255m+               "type": Object {
[38;2;0;95;95m[48;2;215;255;255m+                 "type": [Function],
[38;2;0;95;95m[48;2;215;255;255m+               },
[38;2;0;95;95m[48;2;215;255;255m+             },
[38;2;0;95;95m[48;2;215;255;255m+             "render": [Function],
[38;2;0;95;95m[48;2;215;255;255m+             "staticClass": undefined,
[38;2;0;95;95m[48;2;215;255;255m+             "staticStyle": undefined,
[38;2;0;95;95m[48;2;215;255;255m+             "style": undefined,
[38;2;0;95;95m[48;2;215;255;255m+           },
[38;2;0;95;95m[48;2;215;255;255m+         },
[38;2;0;95;95m[48;2;215;255;255m+         "config": Object {
[38;2;0;95;95m[48;2;215;255;255m+           "_lifecycleHooks": Array [
[38;2;0;95;95m[48;2;215;255;255m+             "beforeCreate",
[38;2;0;95;95m[48;2;215;255;255m+             "created",
[38;2;0;95;95m[48;2;215;255;255m+             "beforeMount",
[38;2;0;95;95m[48;2;215;255;255m+             "mounted",
[38;2;0;95;95m[48;2;215;255;255m+             "beforeUpdate",
[38;2;0;95;95m[48;2;215;255;255m+             "updated",
[38;2;0;95;95m[48;2;215;255;255m+             "beforeDestroy",
[38;2;0;95;95m[48;2;215;255;255m+             "destroyed",
[38;2;0;95;95m[48;2;215;255;255m+             "activated",
[38;2;0;95;95m[48;2;215;255;255m+             "deactivated",
[38;2;0;95;95m[48;2;215;255;255m+             "errorCaptured",
[38;2;0;95;95m[48;2;215;255;255m+             "serverPrefetch",
[38;2;0;95;95m[48;2;215;255;255m+           ],
[38;2;0;95;95m[48;2;215;255;255m+           "async": true,
[38;2;0;95;95m[48;2;215;255;255m+           "devtools": false,
[38;2;0;95;95m[48;2;215;255;255m+           "errorHandler": undefined,
[38;2;0;95;95m[48;2;215;255;255m+           "getTagNamespace": [Function],
[38;2;0;95;95m[48;2;215;255;255m+           "ignoredElements": Array [],
[38;2;0;95;95m[48;2;215;255;255m+           "isReservedAttr": [Function],
[38;2;0;95;95m[48;2;215;255;255m+           "isReservedTag": [Function],
[38;2;0;95;95m[48;2;215;255;255m+           "isUnknownElement": [Function],
[38;2;0;95;95m[48;2;215;255;255m+           "keyCodes": Object {},
[38;2;0;95;95m[48;2;215;255;255m+           "mustUseProp": [Function],
[38;2;0;95;95m[48;2;215;255;255m+           "optionMergeStrategies": Object {
[38;2;0;95;95m[48;2;215;255;255m+             "activated": [Function],
[38;2;0;95;95m[48;2;215;255;255m+             "beforeCreate": [Function],
[38;2;0;95;95m[48;2;215;255;255m+             "beforeDestroy": [Function],
[38;2;0;95;95m[48;2;215;255;255m+             "beforeMount": [Function],
[38;2;0;95;95m[48;2;215;255;255m+             "beforeUpdate": [Function],
[38;2;0;95;95m[48;2;215;255;255m+             "components": [Function],
[38;2;0;95;95m[48;2;215;255;255m+             "computed": [Function],
[38;2;0;95;95m[48;2;215;255;255m+             "created": [Function],
[38;2;0;95;95m[48;2;215;255;255m+             "data": [Function],
[38;2;0;95;95m[48;2;215;255;255m+             "deactivated": [Function],
[38;2;0;95;95m[48;2;215;255;255m+             "destroyed": [Function],
[38;2;0;95;95m[48;2;215;255;255m+             "directives": [Function],
[38;2;0;95;95m[48;2;215;255;255m+             "el": [Function],
[38;2;0;95;95m[48;2;215;255;255m+             "errorCaptured": [Function],
[38;2;0;95;95m[48;2;215;255;255m+             "filters": [Function],
[38;2;0;95;95m[48;2;215;255;255m+             "inject": [Function],
[38;2;0;95;95m[48;2;215;255;255m+             "methods": [Function],
[38;2;0;95;95m[48;2;215;255;255m+             "mounted": [Function],
[38;2;0;95;95m[48;2;215;255;255m+             "props": [Function],
[38;2;0;95;95m[48;2;215;255;255m+             "propsData": [Function],
[38;2;0;95;95m[48;2;215;255;255m+             "provide": [Function],
[38;2;0;95;95m[48;2;215;255;255m+             "serverPrefetch": [Function],
[38;2;0;95;95m[48;2;215;255;255m+             "updated": [Function],
[38;2;0;95;95m[48;2;215;255;255m+             "watch": [Function],
[38;2;0;95;95m[48;2;215;255;255m+           },
[38;2;0;95;95m[48;2;215;255;255m+           "parsePlatformTagName": [Function],
[38;2;0;95;95m[48;2;215;255;255m+           "performance": false,
[38;2;0;95;95m[48;2;215;255;255m+           "productionTip": false,
[38;2;0;95;95m[48;2;215;255;255m+           "silent": false,
[38;2;0;95;95m[48;2;215;255;255m+           "warnHandler": null,
[38;2;0;95;95m[48;2;215;255;255m+         },
[38;2;0;95;95m[48;2;215;255;255m+         "data": [Function],
[38;2;0;95;95m[48;2;215;255;255m+         "delete": [Function],
[38;2;0;95;95m[48;2;215;255;255m+         "directive": [Function],
[38;2;0;95;95m[48;2;215;255;255m+         "directives": Object {},
[38;2;0;95;95m[48;2;215;255;255m+         "extend": [Function],
[38;2;0;95;95m[48;2;215;255;255m+         "extendOptions": Object {
[38;2;0;95;95m[48;2;215;255;255m+           "_Ctor": Object {
[38;2;0;95;95m[48;2;215;255;255m+             "0": [Function],
[38;2;0;95;95m[48;2;215;255;255m+           },
[38;2;0;95;95m[48;2;215;255;255m+         },
[38;2;0;95;95m[48;2;215;255;255m+         "filter": [Function],
[38;2;0;95;95m[48;2;215;255;255m+         "filters": Object {},
[38;2;0;95;95m[48;2;215;255;255m+         "methods": undefined,
[38;2;0;95;95m[48;2;215;255;255m+         "mixin": [Function],
[38;2;0;95;95m[48;2;215;255;255m+         "mocks": undefined,
[38;2;0;95;95m[48;2;215;255;255m+         "nextTick": [Function],
[38;2;0;95;95m[48;2;215;255;255m+         "observable": [Function],
[38;2;0;95;95m[48;2;215;255;255m+         "options": Object {
[38;2;0;95;95m[48;2;215;255;255m+           "_Ctor": Object {
[38;2;0;95;95m[48;2;215;255;255m+             "0": [Function],
[38;2;0;95;95m[48;2;215;255;255m+           },
[38;2;0;95;95m[48;2;215;255;255m+           "_base": [Function],
[38;2;0;95;95m[48;2;215;255;255m+           "beforeCreate": Array [
[38;2;0;95;95m[48;2;215;255;255m+             [Function],
[38;2;0;95;95m[48;2;215;255;255m+             [Function],
[38;2;0;95;95m[48;2;215;255;255m+           ],
[38;2;0;95;95m[48;2;215;255;255m+           "components": Object {
[38;2;0;95;95m[48;2;215;255;255m+             "BTooltip": [Function],
[38;2;0;95;95m[48;2;215;255;255m+           },
[38;2;0;95;95m[48;2;215;255;255m+           "directives": Object {
[38;2;0;95;95m[48;2;215;255;255m+             "BHover": Object {
[38;2;0;95;95m[48;2;215;255;255m+               "bind": [Function],
[38;2;0;95;95m[48;2;215;255;255m+               "componentUpdated": [Function],
[38;2;0;95;95m[48;2;215;255;255m+               "unbind": [Function],
[38;2;0;95;95m[48;2;215;255;255m+             },
[38;2;0;95;95m[48;2;215;255;255m+             "BModal": Object {
[38;2;0;95;95m[48;2;215;255;255m+               "componentUpdated": [Function],
[38;2;0;95;95m[48;2;215;255;255m+               "inserted": [Function],
[38;2;0;95;95m[48;2;215;255;255m+               "unbind": [Function],
[38;2;0;95;95m[48;2;215;255;255m+               "updated": [Function],
[38;2;0;95;95m[48;2;215;255;255m+             },
[38;2;0;95;95m[48;2;215;255;255m+             "BScrollspy": Object {
[38;2;0;95;95m[48;2;215;255;255m+               "bind": [Function],
[38;2;0;95;95m[48;2;215;255;255m+               "componentUpdated": [Function],
[38;2;0;95;95m[48;2;215;255;255m+               "inserted": [Function],
[38;2;0;95;95m[48;2;215;255;255m+               "unbind": [Function],
[38;2;0;95;95m[48;2;215;255;255m+               "update": [Function],
[38;2;0;95;95m[48;2;215;255;255m+             },
[38;2;0;95;95m[48;2;215;255;255m+             "BTooltip": Object {
[38;2;0;95;95m[48;2;215;255;255m+               "bind": [Function],
[38;2;0;95;95m[48;2;215;255;255m+               "componentUpdated": [Function],
[38;2;0;95;95m[48;2;215;255;255m+               "unbind": [Function],
[38;2;0;95;95m[48;2;215;255;255m+             },
[38;2;0;95;95m[48;2;215;255;255m+             "BVisible": Object {
[38;2;0;95;95m[48;2;215;255;255m+               "bind": [Function],
[38;2;0;95;95m[48;2;215;255;255m+               "componentUpdated": [Function],
[38;2;0;95;95m[48;2;215;255;255m+               "unbind": [Function],
[38;2;0;95;95m[48;2;215;255;255m+             },
[38;2;0;95;95m[48;2;215;255;255m+           },
[38;2;0;95;95m[48;2;215;255;255m+           "filters": Object {},
[38;2;0;95;95m[48;2;215;255;255m+         },
[38;2;0;95;95m[48;2;215;255;255m+         "provide": [Function],
[38;2;0;95;95m[48;2;215;255;255m+         "render": [Function],
[38;2;0;95;95m[48;2;215;255;255m+         "sealedOptions": Object {
[38;2;0;95;95m[48;2;215;255;255m+           "_Ctor": Object {
[38;2;0;95;95m[48;2;215;255;255m+             "0": [Function],
[38;2;0;95;95m[48;2;215;255;255m+           },
[38;2;0;95;95m[48;2;215;255;255m+           "_base": [Function],
[38;2;0;95;95m[48;2;215;255;255m+           "components": Object {
[38;2;0;95;95m[48;2;215;255;255m+             "BAlert": [Function],
[38;2;0;95;95m[48;2;215;255;255m+             "BAspect": [Function],
[38;2;0;95;95m[48;2;215;255;255m+             "BAvatar": [Function],
[38;2;0;95;95m[48;2;215;255;255m+             "BAvatarGroup": [Function],
[38;2;0;95;95m[48;2;215;255;255m+             "BBadge": [Function],
[38;2;0;95;95m[48;2;215;255;255m+             "BBreadcrumb": [Function],
[38;2;0;95;95m[48;2;215;255;255m+             "BBreadcrumbItem": [Function],
[38;2;0;95;95m[48;2;215;255;255m+             "BBreadcrumbLink": [Function],
[38;2;0;95;95m[48;2;215;255;255m+             "BBtn": [Function],
[38;2;0;95;95m[48;2;215;255;255m+             "BBtnClose": [Function],
[38;2;0;95;95m[48;2;215;255;255m+             "BBtnGroup": [Function],
[38;2;0;95;95m[48;2;215;255;255m+             "BBtnToolbar": [Function],
[38;2;0;95;95m[48;2;215;255;255m+             "BButton": [Function],
[38;2;0;95;95m[48;2;215;255;255m+             "BButtonClose": [Function],
[38;2;0;95;95m[48;2;215;255;255m+             "BButtonGroup": [Function],
[38;2;0;95;95m[48;2;215;255;255m+             "BButtonToolbar": [Function],
[38;2;0;95;95m[48;2;215;255;255m+             "BCalendar": [Function],
[38;2;0;95;95m[48;2;215;255;255m+             "BCard": [Function],
[38;2;0;95;95m[48;2;215;255;255m+             "BCardBody": [Function],
[38;2;0;95;95m[48;2;215;255;255m+             "BCardFooter": [Function],
[38;2;0;95;95m[48;2;215;255;255m+             "BCardGroup": [Function],
[38;2;0;95;95m[48;2;215;255;255m+             "BCardHeader": [Function],
[38;2;0;95;95m[48;2;215;255;255m+             "BCardImg": [Function],
[38;2;0;95;95m[48;2;215;255;255m+             "BCardImgLazy": [Function],
[38;2;0;95;95m[48;2;215;255;255m+             "BCardSubTitle": [Function],
[38;2;0;95;95m[48;2;215;255;255m+             "BCardText": [Function],
[38;2;0;95;95m[48;2;215;255;255m+             "BCardTitle": [Function],
[38;2;0;95;95m[48;2;215;255;255m+             "BCarousel": [Function],
[38;2;0;95;95m[48;2;215;255;255m+             "BCarouselSlide": [Function],
[38;2;0;95;95m[48;2;215;255;255m+             "BCheck": [Function],
[38;2;0;95;95m[48;2;215;255;255m+             "BCheckGroup": [Function],
[38;2;0;95;95m[48;2;215;255;255m+             "BCheckbox": [Function],
[38;2;0;95;95m[48;2;215;255;255m+             "BCheckboxGroup": [Function],
[38;2;0;95;95m[48;2;215;255;255m+             "BCol": [Function],
[38;2;0;95;95m[48;2;215;255;255m+             "BCollapse": [Function],
[38;2;0;95;95m[48;2;215;255;255m+             "BContainer": [Function],
[38;2;0;95;95m[48;2;215;255;255m+             "BDatalist": [Function],
[38;2;0;95;95m[48;2;215;255;255m+             "BDatepicker": [Function],
[38;2;0;95;95m[48;2;215;255;255m+             "BDd": [Function],
[38;2;0;95;95m[48;2;215;255;255m+             "BDdDivider": [Function],
[38;2;0;95;95m[48;2;215;255;255m+             "BDdForm": [Function],
[38;2;0;95;95m[48;2;215;255;255m+             "BDdGroup": [Function],
[38;2;0;95;95m[48;2;215;255;255m+             "BDdHeader": [Function],
[38;2;0;95;95m[48;2;215;255;255m+             "BDdItem": [Function],
[38;2;0;95;95m[48;2;215;255;255m+             "BDdItemBtn": [Function],
[38;2;0;95;95m[48;2;215;255;255m+             "BDdItemButton": [Function],
[38;2;0;95;95m[48;2;215;255;255m+             "BDdText": [Function],
[38;2;0;95;95m[48;2;215;255;255m+             "BDropdown": [Function],
[38;2;0;95;95m[48;2;215;255;255m+             "BDropdownDivider": [Function],
[38;2;0;95;95m[48;2;215;255;255m+             "BDropdownForm": [Function],
[38;2;0;95;95m[48;2;215;255;255m+             "BDropdownGroup": [Function],
[38;2;0;95;95m[48;2;215;255;255m+             "BDropdownHeader": [Function],
[38;2;0;95;95m[48;2;215;255;255m+             "BDropdownItem": [Function],
[38;2;0;95;95m[48;2;215;255;255m+             "BDropdownItemBtn": [Function],
[38;2;0;95;95m[48;2;215;255;255m+             "BDropdownItemButton": [Function],
[38;2;0;95;95m[48;2;215;255;255m+             "BDropdownText": [Function],
[38;2;0;95;95m[48;2;215;255;255m+             "BEmbed": [Function],
[38;2;0;95;95m[48;2;215;255;255m+             "BFile": [Function],
[38;2;0;95;95m[48;2;215;255;255m+             "BForm": [Function],
[38;2;0;95;95m[48;2;215;255;255m+             "BFormCheckbox": [Function],
[38;2;0;95;95m[48;2;215;255;255m+             "BFormCheckboxGroup": [Function],
[38;2;0;95;95m[48;2;215;255;255m+             "BFormDatalist": [Function],
[38;2;0;95;95m[48;2;215;255;255m+             "BFormDatepicker": [Function],
[38;2;0;95;95m[48;2;215;255;255m+             "BFormFeedback": [Function],
[38;2;0;95;95m[48;2;215;255;255m+             "BFormFieldset": [Function],
[38;2;0;95;95m[48;2;215;255;255m+             "BFormFile": [Function],
[38;2;0;95;95m[48;2;215;255;255m+             "BFormGroup": [Function],
[38;2;0;95;95m[48;2;215;255;255m+             "BFormInput": [Function],
[38;2;0;95;95m[48;2;215;255;255m+             "BFormInvalidFeedback": [Function],
[38;2;0;95;95m[48;2;215;255;255m+             "BFormRadio": [Function],
[38;2;0;95;95m[48;2;215;255;255m+             "BFormRadioGroup": [Function],
[38;2;0;95;95m[48;2;215;255;255m+             "BFormRating": [Function],
[38;2;0;95;95m[48;2;215;255;255m+             "BFormRow": [Function],
[38;2;0;95;95m[48;2;215;255;255m+             "BFormSelect": [Function],
[38;2;0;95;95m[48;2;215;255;255m+             "BFormSelectOption": [Function],
[38;2;0;95;95m[48;2;215;255;255m+             "BFormSelectOptionGroup": [Function],
[38;2;0;95;95m[48;2;215;255;255m+             "BFormSpinbutton": [Function],
[38;2;0;95;95m[48;2;215;255;255m+             "BFormTag": [Function],
[38;2;0;95;95m[48;2;215;255;255m+             "BFormTags": [Function],
[38;2;0;95;95m[48;2;215;255;255m+             "BFormText": [Function],
[38;2;0;95;95m[48;2;215;255;255m+             "BFormTextarea": [Function],
[38;2;0;95;95m[48;2;215;255;255m+             "BFormTimepicker": [Function],
[38;2;0;95;95m[48;2;215;255;255m+             "BFormValidFeedback": [Function],
[38;2;0;95;95m[48;2;215;255;255m+             "BImg": [Function],
[38;2;0;95;95m[48;2;215;255;255m+             "BImgLazy": [Function],
[38;2;0;95;95m[48;2;215;255;255m+             "BInput": [Function],
[38;2;0;95;95m[48;2;215;255;255m+             "BInputGroup": [Function],
[38;2;0;95;95m[48;2;215;255;255m+             "BInputGroupAddon": [Function],
[38;2;0;95;95m[48;2;215;255;255m+             "BInputGroupAppend": [Function],
[38;2;0;95;95m[48;2;215;255;255m+             "BInputGroupPrepend": [Function],
[38;2;0;95;95m[48;2;215;255;255m+             "BInputGroupText": [Function],
[38;2;0;95;95m[48;2;215;255;255m+             "BJumbotron": [Function],
[38;2;0;95;95m[48;2;215;255;255m+             "BLink": [Function],
[38;2;0;95;95m[48;2;215;255;255m+             "BListGroup": [Function],
[38;2;0;95;95m[48;2;215;255;255m+             "BListGroupItem": [Function],
[38;2;0;95;95m[48;2;215;255;255m+             "BMedia": [Function],
[38;2;0;95;95m[48;2;215;255;255m+             "BMediaAside": [Function],
[38;2;0;95;95m[48;2;215;255;255m+             "BMediaBody": [Function],
[38;2;0;95;95m[48;2;215;255;255m+             "BModal": [Function],
[38;2;0;95;95m[48;2;215;255;255m+             "BRadio": [Function],
[38;2;0;95;95m[48;2;215;255;255m+             "BRadioGroup": [Function],
[38;2;0;95;95m[48;2;215;255;255m+             "BRating": [Function],
[38;2;0;95;95m[48;2;215;255;255m+             "BRow": [Function],
[38;2;0;95;95m[48;2;215;255;255m+             "BSelect": [Function],
[38;2;0;95;95m[48;2;215;255;255m+             "BSelectOption": [Function],
[38;2;0;95;95m[48;2;215;255;255m+             "BSelectOptionGroup": [Function],
[38;2;0;95;95m[48;2;215;255;255m+             "BSpinbutton": [Function],
[38;2;0;95;95m[48;2;215;255;255m+             "BTag": [Function],
[38;2;0;95;95m[48;2;215;255;255m+             "BTags": [Function],
[38;2;0;95;95m[48;2;215;255;255m+             "BTextarea": [Function],
[38;2;0;95;95m[48;2;215;255;255m+             "BTimepicker": [Function],
[38;2;0;95;95m[48;2;215;255;255m+           },
[38;2;0;95;95m[48;2;215;255;255m+           "directives": Object {
[38;2;0;95;95m[48;2;215;255;255m+             "BModal": Object {
[38;2;0;95;95m[48;2;215;255;255m+               "componentUpdated": [Function],
[38;2;0;95;95m[48;2;215;255;255m+               "inserted": [Function],
[38;2;0;95;95m[48;2;215;255;255m+               "unbind": [Function],
[38;2;0;95;95m[48;2;215;255;255m+               "updated": [Function],
[38;2;0;95;95m[48;2;215;255;255m+             },
[38;2;0;95;95m[48;2;215;255;255m+             "BToggle": Object {
[38;2;0;95;95m[48;2;215;255;255m+               "bind": [Function],
[38;2;0;95;95m[48;2;215;255;255m+               "componentUpdated": [Function],
[38;2;0;95;95m[48;2;215;255;255m+               "unbind": [Function],
[38;2;0;95;95m[48;2;215;255;255m+               "updated": [Function],
[38;2;0;95;95m[48;2;215;255;255m+             },
[38;2;0;95;95m[48;2;215;255;255m+           },
[38;2;0;95;95m[48;2;215;255;255m+           "filters": Object {},
[38;2;0;95;95m[48;2;215;255;255m+         },
[38;2;0;95;95m[48;2;215;255;255m+         "set": [Function],
[38;2;0;95;95m[48;2;215;255;255m+         "shouldProxy": true,
[38;2;0;95;95m[48;2;215;255;255m+         "stubs": Object {
[38;2;0;95;95m[48;2;215;255;255m+           "transition": true,
[38;2;0;95;95m[48;2;215;255;255m+           "transition-group": true,
[38;2;0;95;95m[48;2;215;255;255m+         },
[38;2;0;95;95m[48;2;215;255;255m+         "super": [Function],
[38;2;0;95;95m[48;2;215;255;255m+         "superOptions": Object {
[38;2;0;95;95m[48;2;215;255;255m+           "_base": [Function],
[38;2;0;95;95m[48;2;215;255;255m+           "components": Object {
[38;2;0;95;95m[48;2;215;255;255m+             "KeepAlive": Object {
[38;2;0;95;95m[48;2;215;255;255m+               "abstract": true,
[38;2;0;95;95m[48;2;215;255;255m+               "created": [Function],
[38;2;0;95;95m[48;2;215;255;255m+               "destroyed": [Function],
[38;2;0;95;95m[48;2;215;255;255m+               "methods": Object {
[38;2;0;95;95m[48;2;215;255;255m+                 "cacheVNode": [Function],
[38;2;0;95;95m[48;2;215;255;255m+               },
[38;2;0;95;95m[48;2;215;255;255m+               "mounted": [Function],
[38;2;0;95;95m[48;2;215;255;255m+               "name": "keep-alive",
[38;2;0;95;95m[48;2;215;255;255m+               "props": Object {
[38;2;0;95;95m[48;2;215;255;255m+                 "exclude": Array [
[38;2;0;95;95m[48;2;215;255;255m+                   [Function],
[38;2;0;95;95m[48;2;215;255;255m+                   [Function],
[38;2;0;95;95m[48;2;215;255;255m+                   [Function],
[38;2;0;95;95m[48;2;215;255;255m+                 ],
[38;2;0;95;95m[48;2;215;255;255m+                 "include": Array [
[38;2;0;95;95m[48;2;215;255;255m+                   [Function],
[38;2;0;95;95m[48;2;215;255;255m+                   [Function],
[38;2;0;95;95m[48;2;215;255;255m+                   [Function],
[38;2;0;95;95m[48;2;215;255;255m+                 ],
[38;2;0;95;95m[48;2;215;255;255m+                 "max": Array [
[38;2;0;95;95m[48;2;215;255;255m+                   [Function],
[38;2;0;95;95m[48;2;215;255;255m+                   [Function],
[38;2;0;95;95m[48;2;215;255;255m+                 ],
[38;2;0;95;95m[48;2;215;255;255m+               },
[38;2;0;95;95m[48;2;215;255;255m+               "render": [Function],
[38;2;0;95;95m[48;2;215;255;255m+               "updated": [Function],
[38;2;0;95;95m[48;2;215;255;255m+             },
[38;2;0;95;95m[48;2;215;255;255m+             "Transition": Object {
[38;2;0;95;95m[48;2;215;255;255m+               "_Ctor": Object {
[38;2;0;95;95m[48;2;215;255;255m+                 "1404": [Function],
[38;2;0;95;95m[48;2;215;255;255m+               },
[38;2;0;95;95m[48;2;215;255;255m+               "abstract": true,
[38;2;0;95;95m[48;2;215;255;255m+               "name": "transition",
[38;2;0;95;95m[48;2;215;255;255m+               "props": Object {
[38;2;0;95;95m[48;2;215;255;255m+                 "appear": Object {
[38;2;0;95;95m[48;2;215;255;255m+                   "type": [Function],
[38;2;0;95;95m[48;2;215;255;255m+                 },
[38;2;0;95;95m[48;2;215;255;255m+                 "appearActiveClass": Object {
[38;2;0;95;95m[48;2;215;255;255m+                   "type": [Function],
[38;2;0;95;95m[48;2;215;255;255m+                 },
[38;2;0;95;95m[48;2;215;255;255m+                 "appearClass": Object {
[38;2;0;95;95m[48;2;215;255;255m+                   "type": [Function],
[38;2;0;95;95m[48;2;215;255;255m+                 },
[38;2;0;95;95m[48;2;215;255;255m+                 "appearToClass": Object {
[38;2;0;95;95m[48;2;215;255;255m+                   "type": [Function],
[38;2;0;95;95m[48;2;215;255;255m+                 },
[38;2;0;95;95m[48;2;215;255;255m+                 "css": Object {
[38;2;0;95;95m[48;2;215;255;255m+                   "type": [Function],
[38;2;0;95;95m[48;2;215;255;255m+                 },
[38;2;0;95;95m[48;2;215;255;255m+                 "duration": Object {
[38;2;0;95;95m[48;2;215;255;255m+                   "type": Array [
[38;2;0;95;95m[48;2;215;255;255m+                     [Function],
[38;2;0;95;95m[48;2;215;255;255m+                     [Function],
[38;2;0;95;95m[48;2;215;255;255m+                     [Function],
[38;2;0;95;95m[48;2;215;255;255m+                   ],
[38;2;0;95;95m[48;2;215;255;255m+                 },
[38;2;0;95;95m[48;2;215;255;255m+                 "enterActiveClass": Object {
[38;2;0;95;95m[48;2;215;255;255m+                   "type": [Function],
[38;2;0;95;95m[48;2;215;255;255m+                 },
[38;2;0;95;95m[48;2;215;255;255m+                 "enterClass": Object {
[38;2;0;95;95m[48;2;215;255;255m+                   "type": [Function],
[38;2;0;95;95m[48;2;215;255;255m+                 },
[38;2;0;95;95m[48;2;215;255;255m+                 "enterToClass": Object {
[38;2;0;95;95m[48;2;215;255;255m+                   "type": [Function],
[38;2;0;95;95m[48;2;215;255;255m+                 },
[38;2;0;95;95m[48;2;215;255;255m+                 "leaveActiveClass": Object {
[38;2;0;95;95m[48;2;215;255;255m+                   "type": [Function],
[38;2;0;95;95m[48;2;215;255;255m+                 },
[38;2;0;95;95m[48;2;215;255;255m+                 "leaveClass": Object {
[38;2;0;95;95m[48;2;215;255;255m+                   "type": [Function],
[38;2;0;95;95m[48;2;215;255;255m+                 },
[38;2;0;95;95m[48;2;215;255;255m+                 "leaveToClass": Object {
[38;2;0;95;95m[48;2;215;255;255m+                   "type": [Function],
[38;2;0;95;95m[48;2;215;255;255m+                 },
[38;2;0;95;95m[48;2;215;255;255m+                 "mode": Object {
[38;2;0;95;95m[48;2;215;255;255m+                   "type": [Function],
[38;2;0;95;95m[48;2;215;255;255m+                 },
[38;2;0;95;95m[48;2;215;255;255m+                 "name": Object {
[38;2;0;95;95m[48;2;215;255;255m+                   "type": [Function],
[38;2;0;95;95m[48;2;215;255;255m+                 },
[38;2;0;95;95m[48;2;215;255;255m+                 "type": Object {
[38;2;0;95;95m[48;2;215;255;255m+                   "type": [Function],
[38;2;0;95;95m[48;2;215;255;255m+                 },
[38;2;0;95;95m[48;2;215;255;255m+               },
[38;2;0;95;95m[48;2;215;255;255m+               "render": [Function],
[38;2;0;95;95m[48;2;215;255;255m+             },
[38;2;0;95;95m[48;2;215;255;255m+             "TransitionGroup": Object {
[38;2;0;95;95m[48;2;215;255;255m+               "_Ctor": Object {
[38;2;0;95;95m[48;2;215;255;255m+                 "1404": [Function],
[38;2;0;95;95m[48;2;215;255;255m+               },
[38;2;0;95;95m[48;2;215;255;255m+               "beforeMount": [Function],
[38;2;0;95;95m[48;2;215;255;255m+               "methods": Object {
[38;2;0;95;95m[48;2;215;255;255m+                 "hasMove": [Function],
[38;2;0;95;95m[48;2;215;255;255m+               },
[38;2;0;95;95m[48;2;215;255;255m+               "props": Object {
[38;2;0;95;95m[48;2;215;255;255m+                 "appear": Object {
[38;2;0;95;95m[48;2;215;255;255m+                   "type": [Function],
[38;2;0;95;95m[48;2;215;255;255m+                 },
[38;2;0;95;95m[48;2;215;255;255m+                 "appearActiveClass": Object {
[38;2;0;95;95m[48;2;215;255;255m+                   "type": [Function],
[38;2;0;95;95m[48;2;215;255;255m+                 },
[38;2;0;95;95m[48;2;215;255;255m+                 "appearClass": Object {
[38;2;0;95;95m[48;2;215;255;255m+                   "type": [Function],
[38;2;0;95;95m[48;2;215;255;255m+                 },
[38;2;0;95;95m[48;2;215;255;255m+                 "appearToClass": Object {
[38;2;0;95;95m[48;2;215;255;255m+                   "type": [Function],
[38;2;0;95;95m[48;2;215;255;255m+                 },
[38;2;0;95;95m[48;2;215;255;255m+                 "css": Object {
[38;2;0;95;95m[48;2;215;255;255m+                   "type": [Function],
[38;2;0;95;95m[48;2;215;255;255m+                 },
[38;2;0;95;95m[48;2;215;255;255m+                 "duration": Object {
[38;2;0;95;95m[48;2;215;255;255m+                   "type": Array [
[38;2;0;95;95m[48;2;215;255;255m+                     [Function],
[38;2;0;95;95m[48;2;215;255;255m+                     [Function],
[38;2;0;95;95m[48;2;215;255;255m+                     [Function],
[38;2;0;95;95m[48;2;215;255;255m+                   ],
[38;2;0;95;95m[48;2;215;255;255m+                 },
[38;2;0;95;95m[48;2;215;255;255m+                 "enterActiveClass": Object {
[38;2;0;95;95m[48;2;215;255;255m+                   "type": [Function],
[38;2;0;95;95m[48;2;215;255;255m+                 },
[38;2;0;95;95m[48;2;215;255;255m+                 "enterClass": Object {
[38;2;0;95;95m[48;2;215;255;255m+                   "type": [Function],
[38;2;0;95;95m[48;2;215;255;255m+                 },
[38;2;0;95;95m[48;2;215;255;255m+                 "enterToClass": Object {
[38;2;0;95;95m[48;2;215;255;255m+                   "type": [Function],
[38;2;0;95;95m[48;2;215;255;255m+                 },
[38;2;0;95;95m[48;2;215;255;255m+                 "leaveActiveClass": Object {
[38;2;0;95;95m[48;2;215;255;255m+                   "type": [Function],
[38;2;0;95;95m[48;2;215;255;255m+                 },
[38;2;0;95;95m[48;2;215;255;255m+                 "leaveClass": Object {
[38;2;0;95;95m[48;2;215;255;255m+                   "type": [Function],
[38;2;0;95;95m[48;2;215;255;255m+                 },
[38;2;0;95;95m[48;2;215;255;255m+                 "leaveToClass": Object {
[38;2;0;95;95m[48;2;215;255;255m+                   "type": [Function],
[38;2;0;95;95m[48;2;215;255;255m+                 },
[38;2;0;95;95m[48;2;215;255;255m+                 "moveClass": Object {
[38;2;0;95;95m[48;2;215;255;255m+                   "type": [Function],
[38;2;0;95;95m[48;2;215;255;255m+                 },
[38;2;0;95;95m[48;2;215;255;255m+                 "name": Object {
[38;2;0;95;95m[48;2;215;255;255m+                   "type": [Function],
[38;2;0;95;95m[48;2;215;255;255m+                 },
[38;2;0;95;95m[48;2;215;255;255m+                 "tag": Object {
[38;2;0;95;95m[48;2;215;255;255m+                   "type": [Function],
[38;2;0;95;95m[48;2;215;255;255m+                 },
[38;2;0;95;95m[48;2;215;255;255m+                 "type": Object {
[38;2;0;95;95m[48;2;215;255;255m+                   "type": [Function],
[38;2;0;95;95m[48;2;215;255;255m+                 },
[38;2;0;95;95m[48;2;215;255;255m+               },
[38;2;0;95;95m[48;2;215;255;255m+               "render": [Function],
[38;2;0;95;95m[48;2;215;255;255m+               "updated": [Function],
[38;2;0;95;95m[48;2;215;255;255m+             },
[38;2;0;95;95m[48;2;215;255;255m+           },
[38;2;0;95;95m[48;2;215;255;255m+           "directives": Object {
[38;2;0;95;95m[48;2;215;255;255m+             "model": Object {
[38;2;0;95;95m[48;2;215;255;255m+               "componentUpdated": [Function],
[38;2;0;95;95m[48;2;215;255;255m+               "inserted": [Function],
[38;2;0;95;95m[48;2;215;255;255m+             },
[38;2;0;95;95m[48;2;215;255;255m+             "show": Object {
[38;2;0;95;95m[48;2;215;255;255m+               "bind": [Function],
[38;2;0;95;95m[48;2;215;255;255m+               "unbind": [Function],
[38;2;0;95;95m[48;2;215;255;255m+               "update": [Function],
[38;2;0;95;95m[48;2;215;255;255m+             },
[38;2;0;95;95m[48;2;215;255;255m+           },
[38;2;0;95;95m[48;2;215;255;255m+           "filters": Object {},
[38;2;0;95;95m[48;2;215;255;255m+         },
[38;2;0;95;95m[48;2;215;255;255m+         "use": [Function],
[38;2;0;95;95m[48;2;215;255;255m+         "util": Object {
[38;2;0;95;95m[48;2;215;255;255m+           "defineReactive": [Function],
[38;2;0;95;95m[48;2;215;255;255m+           "extend": [Function],
[38;2;0;95;95m[48;2;215;255;255m+           "mergeOptions": [Function],
[38;2;0;95;95m[48;2;215;255;255m+           "warn": [Function],
[38;2;0;95;95m[48;2;215;255;255m+         },
[38;2;0;95;95m[48;2;215;255;255m+         "version": "2.6.14",
[38;2;0;95;95m[48;2;215;255;255m+       },
[38;2;0;95;95m[48;2;215;255;255m+       "$parent": undefined,
[38;2;0;95;95m[48;2;215;255;255m+       "$refs": Object {},
[38;2;0;95;95m[48;2;215;255;255m+       "$root": [Circular],
[38;2;0;95;95m[48;2;215;255;255m+       "$scopedSlots": Object {},
[38;2;0;95;95m[48;2;215;255;255m+       "$slots": Object {},
[38;2;0;95;95m[48;2;215;255;255m+       "$vnode": undefined,
[38;2;0;95;95m[48;2;215;255;255m+       "__emitted": Object {},
[38;2;0;95;95m[48;2;215;255;255m+       "__emittedByOrder": Array [],
[38;2;0;95;95m[48;2;215;255;255m+       "_c": [Function],
[38;2;0;95;95m[48;2;215;255;255m+       "_data": Object {
[38;2;0;95;95m[48;2;215;255;255m+         "vueTestUtils_childProps": Object {},
[38;2;0;95;95m[48;2;215;255;255m+       },
[38;2;0;95;95m[48;2;215;255;255m+       "_directInactive": false,
[38;2;0;95;95m[48;2;215;255;255m+       "_events": Object {},
[38;2;0;95;95m[48;2;215;255;255m+       "_hasHookEvent": false,
[38;2;0;95;95m[48;2;215;255;255m+       "_inactive": null,
[38;2;0;95;95m[48;2;215;255;255m+       "_isBeingDestroyed": false,
[38;2;0;95;95m[48;2;215;255;255m+       "_isDestroyed": false,
[38;2;0;95;95m[48;2;215;255;255m+       "_isMounted": true,
[38;2;0;95;95m[48;2;215;255;255m+       "_isVue": true,
[38;2;0;95;95m[48;2;215;255;255m+       "_provided": Object {},
[38;2;0;95;95m[48;2;215;255;255m+       "_renderProxy": VueComponent {
[38;2;0;95;95m[48;2;215;255;255m+         "$attrs": Object {},
[38;2;0;95;95m[48;2;215;255;255m+         "$children": Array [
[38;2;0;95;95m[48;2;215;255;255m+           [Circular],
[38;2;0;95;95m[48;2;215;255;255m+         ],
[38;2;0;95;95m[48;2;215;255;255m+         "$createElement": [Function],
[38;2;0;95;95m[48;2;215;255;255m+         "$el": <div>
[38;2;0;95;95m[48;2;215;255;255m+           <b-dropdown
[38;2;0;95;95m[48;2;215;255;255m+             no-caret=""
[38;2;0;95;95m[48;2;215;255;255m+             right=""
[38;2;0;95;95m[48;2;215;255;255m+             size="lg"
[38;2;0;95;95m[48;2;215;255;255m+             variant="link"
[38;2;0;95;95m[48;2;215;255;255m+           >
[38;2;0;95;95m[48;2;215;255;255m+              
[38;2;0;95;95m[48;2;215;255;255m+             <b-dropdown-item>
[38;2;0;95;95m[48;2;215;255;255m+               <b-icon
[38;2;0;95;95m[48;2;215;255;255m+                 icon="door-open"
[38;2;0;95;95m[48;2;215;255;255m+               />
[38;2;0;95;95m[48;2;215;255;255m+               
[38;2;0;95;95m[48;2;215;255;255m+       回到主页
[38;2;0;95;95m[48;2;215;255;255m+     
[38;2;0;95;95m[48;2;215;255;255m+             </b-dropdown-item>
[38;2;0;95;95m[48;2;215;255;255m+              
[38;2;0;95;95m[48;2;215;255;255m+             <b-dropdown-item>
[38;2;0;95;95m[48;2;215;255;255m+               <b-icon
[38;2;0;95;95m[48;2;215;255;255m+                 icon="cursor-fill"
[38;2;0;95;95m[48;2;215;255;255m+               />
[38;2;0;95;95m[48;2;215;255;255m+               
[38;2;0;95;95m[48;2;215;255;255m+       注销用户
[38;2;0;95;95m[48;2;215;255;255m+     
[38;2;0;95;95m[48;2;215;255;255m+             </b-dropdown-item>
[38;2;0;95;95m[48;2;215;255;255m+           </b-dropdown>
[38;2;0;95;95m[48;2;215;255;255m+         </div>,
[38;2;0;95;95m[48;2;215;255;255m+         "$emit": [Function],
[38;2;0;95;95m[48;2;215;255;255m+         "$listeners": Object {},
[38;2;0;95;95m[48;2;215;255;255m+         "$options": Object {
[38;2;0;95;95m[48;2;215;255;255m+           "$_doNotStubChildren": true,
[38;2;0;95;95m[48;2;215;255;255m+           "$_isWrapperParent": true,
[38;2;0;95;95m[48;2;215;255;255m+           "_Ctor": Object {
[38;2;0;95;95m[48;2;215;255;255m+             "1404": [Function],
[38;2;0;95;95m[48;2;215;255;255m+           },
[38;2;0;95;95m[48;2;215;255;255m+           "_base": [Function],
[38;2;0;95;95m[48;2;215;255;255m+           "_installedPlugins": Array [
[38;2;0;95;95m[48;2;215;255;255m+             Object {
[38;2;0;95;95m[48;2;215;255;255m+               "install": [Function],
[38;2;0;95;95m[48;2;215;255;255m+             },
[38;2;0;95;95m[48;2;215;255;255m+             Object {
[38;2;0;95;95m[48;2;215;255;255m+               "install": [Function],
[38;2;0;95;95m[48;2;215;255;255m+             },
[38;2;0;95;95m[48;2;215;255;255m+             Object {
[38;2;0;95;95m[48;2;215;255;255m+               "install": [Function],
[38;2;0;95;95m[48;2;215;255;255m+             },
[38;2;0;95;95m[48;2;215;255;255m+             Object {
[38;2;0;95;95m[48;2;215;255;255m+               "install": [Function],
[38;2;0;95;95m[48;2;215;255;255m+             },
[38;2;0;95;95m[48;2;215;255;255m+             Object {
[38;2;0;95;95m[48;2;215;255;255m+               "install": [Function],
[38;2;0;95;95m[48;2;215;255;255m+             },
[38;2;0;95;95m[48;2;215;255;255m+             Object {
[38;2;0;95;95m[48;2;215;255;255m+               "install": [Function],
[38;2;0;95;95m[48;2;215;255;255m+             },
[38;2;0;95;95m[48;2;215;255;255m+             Object {
[38;2;0;95;95m[48;2;215;255;255m+               "install": [Function],
[38;2;0;95;95m[48;2;215;255;255m+             },
[38;2;0;95;95m[48;2;215;255;255m+             Object {
[38;2;0;95;95m[48;2;215;255;255m+               "install": [Function],
[38;2;0;95;95m[48;2;215;255;255m+             },
[38;2;0;95;95m[48;2;215;255;255m+             Object {
[38;2;0;95;95m[48;2;215;255;255m+               "install": [Function],
[38;2;0;95;95m[48;2;215;255;255m+             },
[38;2;0;95;95m[48;2;215;255;255m+             Object {
[38;2;0;95;95m[48;2;215;255;255m+               "install": [Function],
[38;2;0;95;95m[48;2;215;255;255m+             },
[38;2;0;95;95m[48;2;215;255;255m+             Object {
[38;2;0;95;95m[48;2;215;255;255m+               "install": [Function],
[38;2;0;95;95m[48;2;215;255;255m+             },
[38;2;0;95;95m[48;2;215;255;255m+             Object {
[38;2;0;95;95m[48;2;215;255;255m+               "install": [Function],
[38;2;0;95;95m[48;2;215;255;255m+             },
[38;2;0;95;95m[48;2;215;255;255m+             Object {
[38;2;0;95;95m[48;2;215;255;255m+               "install": [Function],
[38;2;0;95;95m[48;2;215;255;255m+             },
[38;2;0;95;95m[48;2;215;255;255m+             Object {
[38;2;0;95;95m[48;2;215;255;255m+               "install": [Function],
[38;2;0;95;95m[48;2;215;255;255m+             },
[38;2;0;95;95m[48;2;215;255;255m+             Object {
[38;2;0;95;95m[48;2;215;255;255m+               "install": [Function],
[38;2;0;95;95m[48;2;215;255;255m+             },
[38;2;0;95;95m[48;2;215;255;255m+             Object {
[38;2;0;95;95m[48;2;215;255;255m+               "install": [Function],
[38;2;0;95;95m[48;2;215;255;255m+             },
[38;2;0;95;95m[48;2;215;255;255m+             Object {
[38;2;0;95;95m[48;2;215;255;255m+               "install": [Function],
[38;2;0;95;95m[48;2;215;255;255m+             },
[38;2;0;95;95m[48;2;215;255;255m+             Object {
[38;2;0;95;95m[48;2;215;255;255m+               "install": [Function],
[38;2;0;95;95m[48;2;215;255;255m+             },
[38;2;0;95;95m[48;2;215;255;255m+             Object {
[38;2;0;95;95m[48;2;215;255;255m+               "install": [Function],
[38;2;0;95;95m[48;2;215;255;255m+             },
[38;2;0;95;95m[48;2;215;255;255m+             Object {
[38;2;0;95;95m[48;2;215;255;255m+               "install": [Function],
[38;2;0;95;95m[48;2;215;255;255m+             },
[38;2;0;95;95m[48;2;215;255;255m+             Object {
[38;2;0;95;95m[48;2;215;255;255m+               "install": [Function],
[38;2;0;95;95m[48;2;215;255;255m+             },
[38;2;0;95;95m[48;2;215;255;255m+             Object {
[38;2;0;95;95m[48;2;215;255;255m+               "install": [Function],
[38;2;0;95;95m[48;2;215;255;255m+             },
[38;2;0;95;95m[48;2;215;255;255m+             Object {
[38;2;0;95;95m[48;2;215;255;255m+               "install": [Function],
[38;2;0;95;95m[48;2;215;255;255m+             },
[38;2;0;95;95m[48;2;215;255;255m+             Object {
[38;2;0;95;95m[48;2;215;255;255m+               "install": [Function],
[38;2;0;95;95m[48;2;215;255;255m+             },
[38;2;0;95;95m[48;2;215;255;255m+             Object {
[38;2;0;95;95m[48;2;215;255;255m+               "install": [Function],
[38;2;0;95;95m[48;2;215;255;255m+             },
[38;2;0;95;95m[48;2;215;255;255m+             Object {
[38;2;0;95;95m[48;2;215;255;255m+               "install": [Function],
[38;2;0;95;95m[48;2;215;255;255m+             },
[38;2;0;95;95m[48;2;215;255;255m+             Object {
[38;2;0;95;95m[48;2;215;255;255m+               "install": [Function],
[38;2;0;95;95m[48;2;215;255;255m+             },
[38;2;0;95;95m[48;2;215;255;255m+             Object {
[38;2;0;95;95m[48;2;215;255;255m+               "install": [Function],
[38;2;0;95;95m[48;2;215;255;255m+             },
[38;2;0;95;95m[48;2;215;255;255m+             Object {
[38;2;0;95;95m[48;2;215;255;255m+               "install": [Function],
[38;2;0;95;95m[48;2;215;255;255m+             },
[38;2;0;95;95m[48;2;215;255;255m+             Object {
[38;2;0;95;95m[48;2;215;255;255m+               "install": [Function],
[38;2;0;95;95m[48;2;215;255;255m+             },
[38;2;0;95;95m[48;2;215;255;255m+             Object {
[38;2;0;95;95m[48;2;215;255;255m+               "install": [Function],
[38;2;0;95;95m[48;2;215;255;255m+             },
[38;2;0;95;95m[48;2;215;255;255m+             Object {
[38;2;0;95;95m[48;2;215;255;255m+               "install": [Function],
[38;2;0;95;95m[48;2;215;255;255m+             },
[38;2;0;95;95m[48;2;215;255;255m+             Object {
[38;2;0;95;95m[48;2;215;255;255m+               "install": [Function],
[38;2;0;95;95m[48;2;215;255;255m+             },
[38;2;0;95;95m[48;2;215;255;255m+             Object {
[38;2;0;95;95m[48;2;215;255;255m+               "install": [Function],
[38;2;0;95;95m[48;2;215;255;255m+             },
[38;2;0;95;95m[48;2;215;255;255m+             Object {
[38;2;0;95;95m[48;2;215;255;255m+               "install": [Function],
[38;2;0;95;95m[48;2;215;255;255m+             },
[38;2;0;95;95m[48;2;215;255;255m+             [Function],
[38;2;0;95;95m[48;2;215;255;255m+             Object {
[38;2;0;95;95m[48;2;215;255;255m+               "install": [Function],
[38;2;0;95;95m[48;2;215;255;255m+             },
[38;2;0;95;95m[48;2;215;255;255m+             Object {
[38;2;0;95;95m[48;2;215;255;255m+               "install": [Function],
[38;2;0;95;95m[48;2;215;255;255m+             },
[38;2;0;95;95m[48;2;215;255;255m+             Object {
[38;2;0;95;95m[48;2;215;255;255m+               "install": [Function],
[38;2;0;95;95m[48;2;215;255;255m+             },
[38;2;0;95;95m[48;2;215;255;255m+             Object {
[38;2;0;95;95m[48;2;215;255;255m+               "install": [Function],
[38;2;0;95;95m[48;2;215;255;255m+             },
[38;2;0;95;95m[48;2;215;255;255m+             Object {
[38;2;0;95;95m[48;2;215;255;255m+               "install": [Function],
[38;2;0;95;95m[48;2;215;255;255m+             },
[38;2;0;95;95m[48;2;215;255;255m+             Object {
[38;2;0;95;95m[48;2;215;255;255m+               "install": [Function],
[38;2;0;95;95m[48;2;215;255;255m+             },
[38;2;0;95;95m[48;2;215;255;255m+             Object {
[38;2;0;95;95m[48;2;215;255;255m+               "install": [Function],
[38;2;0;95;95m[48;2;215;255;255m+             },
[38;2;0;95;95m[48;2;215;255;255m+             Object {
[38;2;0;95;95m[48;2;215;255;255m+               "install": [Function],
[38;2;0;95;95m[48;2;215;255;255m+             },
[38;2;0;95;95m[48;2;215;255;255m+             Object {
[38;2;0;95;95m[48;2;215;255;255m+               "install": [Function],
[38;2;0;95;95m[48;2;215;255;255m+             },
[38;2;0;95;95m[48;2;215;255;255m+             Object {
[38;2;0;95;95m[48;2;215;255;255m+               "install": [Function],
[38;2;0;95;95m[48;2;215;255;255m+             },
[38;2;0;95;95m[48;2;215;255;255m+             Object {
[38;2;0;95;95m[48;2;215;255;255m+               "install": [Function],
[38;2;0;95;95m[48;2;215;255;255m+             },
[38;2;0;95;95m[48;2;215;255;255m+             Object {
[38;2;0;95;95m[48;2;215;255;255m+               "install": [Function],
[38;2;0;95;95m[48;2;215;255;255m+             },
[38;2;0;95;95m[48;2;215;255;255m+             Object {
[38;2;0;95;95m[48;2;215;255;255m+               "install": [Function],
[38;2;0;95;95m[48;2;215;255;255m+             },
[38;2;0;95;95m[48;2;215;255;255m+             Object {
[38;2;0;95;95m[48;2;215;255;255m+               "install": [Function],
[38;2;0;95;95m[48;2;215;255;255m+             },
[38;2;0;95;95m[48;2;215;255;255m+             Object {
[38;2;0;95;95m[48;2;215;255;255m+               "install": [Function],
[38;2;0;95;95m[48;2;215;255;255m+             },
[38;2;0;95;95m[48;2;215;255;255m+             Object {
[38;2;0;95;95m[48;2;215;255;255m+               "install": [Function],
[38;2;0;95;95m[48;2;215;255;255m+             },
[38;2;0;95;95m[48;2;215;255;255m+             Object {
[38;2;0;95;95m[48;2;215;255;255m+               "install": [Function],
[38;2;0;95;95m[48;2;215;255;255m+             },
[38;2;0;95;95m[48;2;215;255;255m+             Object {
[38;2;0;95;95m[48;2;215;255;255m+               "install": [Function],
[38;2;0;95;95m[48;2;215;255;255m+             },
[38;2;0;95;95m[48;2;215;255;255m+             [Function],
[38;2;0;95;95m[48;2;215;255;255m+             Object {
[38;2;0;95;95m[48;2;215;255;255m+               "install": [Function],
[38;2;0;95;95m[48;2;215;255;255m+             },
[38;2;0;95;95m[48;2;215;255;255m+             Object {
[38;2;0;95;95m[48;2;215;255;255m+               "install": [Function],
[38;2;0;95;95m[48;2;215;255;255m+             },
[38;2;0;95;95m[48;2;215;255;255m+             Object {
[38;2;0;95;95m[48;2;215;255;255m+               "install": [Function],
[38;2;0;95;95m[48;2;215;255;255m+             },
[38;2;0;95;95m[48;2;215;255;255m+             Object {
[38;2;0;95;95m[48;2;215;255;255m+               "install": [Function],
[38;2;0;95;95m[48;2;215;255;255m+             },
[38;2;0;95;95m[48;2;215;255;255m+             Object {
[38;2;0;95;95m[48;2;215;255;255m+               "install": [Function],
[38;2;0;95;95m[48;2;215;255;255m+             },
[38;2;0;95;95m[48;2;215;255;255m+             Object {
[38;2;0;95;95m[48;2;215;255;255m+               "install": [Function],
[38;2;0;95;95m[48;2;215;255;255m+             },
[38;2;0;95;95m[48;2;215;255;255m+             Object {
[38;2;0;95;95m[48;2;215;255;255m+               "install": [Function],
[38;2;0;95;95m[48;2;215;255;255m+             },
[38;2;0;95;95m[48;2;215;255;255m+             Object {
[38;2;0;95;95m[48;2;215;255;255m+               "install": [Function],
[38;2;0;95;95m[48;2;215;255;255m+             },
[38;2;0;95;95m[48;2;215;255;255m+             Object {
[38;2;0;95;95m[48;2;215;255;255m+               "install": [Function],
[38;2;0;95;95m[48;2;215;255;255m+             },
[38;2;0;95;95m[48;2;215;255;255m+             Object {
[38;2;0;95;95m[48;2;215;255;255m+               "install": [Function],
[38;2;0;95;95m[48;2;215;255;255m+             },
[38;2;0;95;95m[48;2;215;255;255m+             Object {
[38;2;0;95;95m[48;2;215;255;255m+               "NAME": "BootstrapVue",
[38;2;0;95;95m[48;2;215;255;255m+               "install": [Function],
[38;2;0;95;95m[48;2;215;255;255m+             },
[38;2;0;95;95m[48;2;215;255;255m+           ],
[38;2;0;95;95m[48;2;215;255;255m+           "_isFunctionalContainer": undefined,
[38;2;0;95;95m[48;2;215;255;255m+           "beforeCreate": Array [
[38;2;0;95;95m[48;2;215;255;255m+             [Function],
[38;2;0;95;95m[48;2;215;255;255m+             [Function],
[38;2;0;95;95m[48;2;215;255;255m+             [Function],
[38;2;0;95;95m[48;2;215;255;255m+           ],
[38;2;0;95;95m[48;2;215;255;255m+           "cid": 1398,
[38;2;0;95;95m[48;2;215;255;255m+           "component": [Function],
[38;2;0;95;95m[48;2;215;255;255m+           "components": Object {
[38;2;0;95;95m[48;2;215;255;255m+             "transition": Object {
[38;2;0;95;95m[48;2;215;255;255m+               "$_doNotStubChildren": true,
[38;2;0;95;95m[48;2;215;255;255m+               "$_vueTestUtils_original": Object {
[38;2;0;95;95m[48;2;215;255;255m+                 "_Ctor": Object {
[38;2;0;95;95m[48;2;215;255;255m+                   "1404": [Function],
[38;2;0;95;95m[48;2;215;255;255m+                 },
[38;2;0;95;95m[48;2;215;255;255m+                 "abstract": true,
[38;2;0;95;95m[48;2;215;255;255m+                 "name": "transition",
[38;2;0;95;95m[48;2;215;255;255m+                 "props": Object {
[38;2;0;95;95m[48;2;215;255;255m+                   "appear": Object {
[38;2;0;95;95m[48;2;215;255;255m+                     "type": [Function],
[38;2;0;95;95m[48;2;215;255;255m+                   },
[38;2;0;95;95m[48;2;215;255;255m+                   "appearActiveClass": Object {
[38;2;0;95;95m[48;2;215;255;255m+                     "type": [Function],
[38;2;0;95;95m[48;2;215;255;255m+                   },
[38;2;0;95;95m[48;2;215;255;255m+                   "appearClass": Object {
[38;2;0;95;95m[48;2;215;255;255m+                     "type": [Function],
[38;2;0;95;95m[48;2;215;255;255m+                   },
[38;2;0;95;95m[48;2;215;255;255m+                   "appearToClass": Object {
[38;2;0;95;95m[48;2;215;255;255m+                     "type": [Function],
[38;2;0;95;95m[48;2;215;255;255m+                   },
[38;2;0;95;95m[48;2;215;255;255m+                   "css": Object {
[38;2;0;95;95m[48;2;215;255;255m+                     "type": [Function],
[38;2;0;95;95m[48;2;215;255;255m+                   },
[38;2;0;95;95m[48;2;215;255;255m+                   "duration": Object {
[38;2;0;95;95m[48;2;215;255;255m+                     "type": Array [
[38;2;0;95;95m[48;2;215;255;255m+                       [Function],
[38;2;0;95;95m[48;2;215;255;255m+                       [Function],
[38;2;0;95;95m[48;2;215;255;255m+                       [Function],
[38;2;0;95;95m[48;2;215;255;255m+                     ],
[38;2;0;95;95m[48;2;215;255;255m+                   },
[38;2;0;95;95m[48;2;215;255;255m+                   "enterActiveClass": Object {
[38;2;0;95;95m[48;2;215;255;255m+                     "type": [Function],
[38;2;0;95;95m[48;2;215;255;255m+                   },
[38;2;0;95;95m[48;2;215;255;255m+                   "enterClass": Object {
[38;2;0;95;95m[48;2;215;255;255m+                     "type": [Function],
[38;2;0;95;95m[48;2;215;255;255m+                   },
[38;2;0;95;95m[48;2;215;255;255m+                   "enterToClass": Object {
[38;2;0;95;95m[48;2;215;255;255m+                     "type": [Function],
[38;2;0;95;95m[48;2;215;255;255m+                   },
[38;2;0;95;95m[48;2;215;255;255m+                   "leaveActiveClass": Object {
[38;2;0;95;95m[48;2;215;255;255m+                     "type": [Function],
[38;2;0;95;95m[48;2;215;255;255m+                   },
[38;2;0;95;95m[48;2;215;255;255m+                   "leaveClass": Object {
[38;2;0;95;95m[48;2;215;255;255m+                     "type": [Function],
[38;2;0;95;95m[48;2;215;255;255m+                   },
[38;2;0;95;95m[48;2;215;255;255m+                   "leaveToClass": Object {
[38;2;0;95;95m[48;2;215;255;255m+                     "type": [Function],
[38;2;0;95;95m[48;2;215;255;255m+                   },
[38;2;0;95;95m[48;2;215;255;255m+                   "mode": Object {
[38;2;0;95;95m[48;2;215;255;255m+                     "type": [Function],
[38;2;0;95;95m[48;2;215;255;255m+                   },
[38;2;0;95;95m[48;2;215;255;255m+                   "name": Object {
[38;2;0;95;95m[48;2;215;255;255m+                     "type": [Function],
[38;2;0;95;95m[48;2;215;255;255m+                   },
[38;2;0;95;95m[48;2;215;255;255m+                   "type": Object {
[38;2;0;95;95m[48;2;215;255;255m+                     "type": [Function],
[38;2;0;95;95m[48;2;215;255;255m+                   },
[38;2;0;95;95m[48;2;215;255;255m+                 },
[38;2;0;95;95m[48;2;215;255;255m+                 "render": [Function],
[38;2;0;95;95m[48;2;215;255;255m+               },
[38;2;0;95;95m[48;2;215;255;255m+               "abstract": true,
[38;2;0;95;95m[48;2;215;255;255m+               "attrs": undefined,
[38;2;0;95;95m[48;2;215;255;255m+               "class": undefined,
[38;2;0;95;95m[48;2;215;255;255m+               "domProps": undefined,
[38;2;0;95;95m[48;2;215;255;255m+               "functional": undefined,
[38;2;0;95;95m[48;2;215;255;255m+               "key": undefined,
[38;2;0;95;95m[48;2;215;255;255m+               "model": undefined,
[38;2;0;95;95m[48;2;215;255;255m+               "name": "transition",
[38;2;0;95;95m[48;2;215;255;255m+               "nativeOn": undefined,
[38;2;0;95;95m[48;2;215;255;255m+               "normalizedStyle": undefined,
[38;2;0;95;95m[48;2;215;255;255m+               "on": undefined,
[38;2;0;95;95m[48;2;215;255;255m+               "props": Object {
[38;2;0;95;95m[48;2;215;255;255m+                 "appear": Object {
[38;2;0;95;95m[48;2;215;255;255m+                   "type": [Function],
[38;2;0;95;95m[48;2;215;255;255m+                 },
[38;2;0;95;95m[48;2;215;255;255m+                 "appearActiveClass": Object {
[38;2;0;95;95m[48;2;215;255;255m+                   "type": [Function],
[38;2;0;95;95m[48;2;215;255;255m+                 },
[38;2;0;95;95m[48;2;215;255;255m+                 "appearClass": Object {
[38;2;0;95;95m[48;2;215;255;255m+                   "type": [Function],
[38;2;0;95;95m[48;2;215;255;255m+                 },
[38;2;0;95;95m[48;2;215;255;255m+                 "appearToClass": Object {
[38;2;0;95;95m[48;2;215;255;255m+                   "type": [Function],
[38;2;0;95;95m[48;2;215;255;255m+                 },
[38;2;0;95;95m[48;2;215;255;255m+                 "css": Object {
[38;2;0;95;95m[48;2;215;255;255m+                   "type": [Function],
[38;2;0;95;95m[48;2;215;255;255m+                 },
[38;2;0;95;95m[48;2;215;255;255m+                 "duration": Object {
[38;2;0;95;95m[48;2;215;255;255m+                   "type": Array [
[38;2;0;95;95m[48;2;215;255;255m+                     [Function],
[38;2;0;95;95m[48;2;215;255;255m+                     [Function],
[38;2;0;95;95m[48;2;215;255;255m+                     [Function],
[38;2;0;95;95m[48;2;215;255;255m+                   ],
[38;2;0;95;95m[48;2;215;255;255m+                 },
[38;2;0;95;95m[48;2;215;255;255m+                 "enterActiveClass": Object {
[38;2;0;95;95m[48;2;215;255;255m+                   "type": [Function],
[38;2;0;95;95m[48;2;215;255;255m+                 },
[38;2;0;95;95m[48;2;215;255;255m+                 "enterClass": Object {
[38;2;0;95;95m[48;2;215;255;255m+                   "type": [Function],
[38;2;0;95;95m[48;2;215;255;255m+                 },
[38;2;0;95;95m[48;2;215;255;255m+                 "enterToClass": Object {
[38;2;0;95;95m[48;2;215;255;255m+                   "type": [Function],
[38;2;0;95;95m[48;2;215;255;255m+                 },
[38;2;0;95;95m[48;2;215;255;255m+                 "leaveActiveClass": Object {
[38;2;0;95;95m[48;2;215;255;255m+                   "type": [Function],
[38;2;0;95;95m[48;2;215;255;255m+                 },
[38;2;0;95;95m[48;2;215;255;255m+                 "leaveClass": Object {
[38;2;0;95;95m[48;2;215;255;255m+                   "type": [Function],
[38;2;0;95;95m[48;2;215;255;255m+                 },
[38;2;0;95;95m[48;2;215;255;255m+                 "leaveToClass": Object {
[38;2;0;95;95m[48;2;215;255;255m+                   "type": [Function],
[38;2;0;95;95m[48;2;215;255;255m+                 },
[38;2;0;95;95m[48;2;215;255;255m+                 "mode": Object {
[38;2;0;95;95m[48;2;215;255;255m+                   "type": [Function],
[38;2;0;95;95m[48;2;215;255;255m+                 },
[38;2;0;95;95m[48;2;215;255;255m+                 "name": Object {
[38;2;0;95;95m[48;2;215;255;255m+                   "type": [Function],
[38;2;0;95;95m[48;2;215;255;255m+                 },
[38;2;0;95;95m[48;2;215;255;255m+                 "type": Object {
[38;2;0;95;95m[48;2;215;255;255m+                   "type": [Function],
[38;2;0;95;95m[48;2;215;255;255m+                 },
[38;2;0;95;95m[48;2;215;255;255m+               },
[38;2;0;95;95m[48;2;215;255;255m+               "render": [Function],
[38;2;0;95;95m[48;2;215;255;255m+               "staticClass": undefined,
[38;2;0;95;95m[48;2;215;255;255m+               "staticStyle": undefined,
[38;2;0;95;95m[48;2;215;255;255m+               "style": undefined,
[38;2;0;95;95m[48;2;215;255;255m+             },
[38;2;0;95;95m[48;2;215;255;255m+             "transition-group": Object {
[38;2;0;95;95m[48;2;215;255;255m+               "$_doNotStubChildren": true,
[38;2;0;95;95m[48;2;215;255;255m+               "$_vueTestUtils_original": Object {
[38;2;0;95;95m[48;2;215;255;255m+                 "_Ctor": Object {
[38;2;0;95;95m[48;2;215;255;255m+                   "1404": [Function],
[38;2;0;95;95m[48;2;215;255;255m+                 },
[38;2;0;95;95m[48;2;215;255;255m+                 "beforeMount": [Function],
[38;2;0;95;95m[48;2;215;255;255m+                 "methods": Object {
[38;2;0;95;95m[48;2;215;255;255m+                   "hasMove": [Function],
[38;2;0;95;95m[48;2;215;255;255m+                 },
[38;2;0;95;95m[48;2;215;255;255m+                 "props": Object {
[38;2;0;95;95m[48;2;215;255;255m+                   "appear": Object {
[38;2;0;95;95m[48;2;215;255;255m+                     "type": [Function],
[38;2;0;95;95m[48;2;215;255;255m+                   },
[38;2;0;95;95m[48;2;215;255;255m+                   "appearActiveClass": Object {
[38;2;0;95;95m[48;2;215;255;255m+                     "type": [Function],
[38;2;0;95;95m[48;2;215;255;255m+                   },
[38;2;0;95;95m[48;2;215;255;255m+                   "appearClass": Object {
[38;2;0;95;95m[48;2;215;255;255m+                     "type": [Function],
[38;2;0;95;95m[48;2;215;255;255m+                   },
[38;2;0;95;95m[48;2;215;255;255m+                   "appearToClass": Object {
[38;2;0;95;95m[48;2;215;255;255m+                     "type": [Function],
[38;2;0;95;95m[48;2;215;255;255m+                   },
[38;2;0;95;95m[48;2;215;255;255m+                   "css": Object {
[38;2;0;95;95m[48;2;215;255;255m+                     "type": [Function],
[38;2;0;95;95m[48;2;215;255;255m+                   },
[38;2;0;95;95m[48;2;215;255;255m+                   "duration": Object {
[38;2;0;95;95m[48;2;215;255;255m+                     "type": Array [
[38;2;0;95;95m[48;2;215;255;255m+                       [Function],
[38;2;0;95;95m[48;2;215;255;255m+                       [Function],
[38;2;0;95;95m[48;2;215;255;255m+                       [Function],
[38;2;0;95;95m[48;2;215;255;255m+                     ],
[38;2;0;95;95m[48;2;215;255;255m+                   },
[38;2;0;95;95m[48;2;215;255;255m+                   "enterActiveClass": Object {
[38;2;0;95;95m[48;2;215;255;255m+                     "type": [Function],
[38;2;0;95;95m[48;2;215;255;255m+                   },
[38;2;0;95;95m[48;2;215;255;255m+                   "enterClass": Object {
[38;2;0;95;95m[48;2;215;255;255m+                     "type": [Function],
[38;2;0;95;95m[48;2;215;255;255m+                   },
[38;2;0;95;95m[48;2;215;255;255m+                   "enterToClass": Object {
[38;2;0;95;95m[48;2;215;255;255m+                     "type": [Function],
[38;2;0;95;95m[48;2;215;255;255m+                   },
[38;2;0;95;95m[48;2;215;255;255m+                   "leaveActiveClass": Object {
[38;2;0;95;95m[48;2;215;255;255m+                     "type": [Function],
[38;2;0;95;95m[48;2;215;255;255m+                   },
[38;2;0;95;95m[48;2;215;255;255m+                   "leaveClass": Object {
[38;2;0;95;95m[48;2;215;255;255m+                     "type": [Function],
[38;2;0;95;95m[48;2;215;255;255m+                   },
[38;2;0;95;95m[48;2;215;255;255m+                   "leaveToClass": Object {
[38;2;0;95;95m[48;2;215;255;255m+                     "type": [Function],
[38;2;0;95;95m[48;2;215;255;255m+                   },
[38;2;0;95;95m[48;2;215;255;255m+                   "moveClass": Object {
[38;2;0;95;95m[48;2;215;255;255m+                     "type": [Function],
[38;2;0;95;95m[48;2;215;255;255m+                   },
[38;2;0;95;95m[48;2;215;255;255m+                   "name": Object {
[38;2;0;95;95m[48;2;215;255;255m+                     "type": [Function],
[38;2;0;95;95m[48;2;215;255;255m+                   },
[38;2;0;95;95m[48;2;215;255;255m+                   "tag": Object {
[38;2;0;95;95m[48;2;215;255;255m+                     "type": [Function],
[38;2;0;95;95m[48;2;215;255;255m+                   },
[38;2;0;95;95m[48;2;215;255;255m+                   "type": Object {
[38;2;0;95;95m[48;2;215;255;255m+                     "type": [Function],
[38;2;0;95;95m[48;2;215;255;255m+                   },
[38;2;0;95;95m[48;2;215;255;255m+                 },
[38;2;0;95;95m[48;2;215;255;255m+                 "render": [Function],
[38;2;0;95;95m[48;2;215;255;255m+                 "updated": [Function],
[38;2;0;95;95m[48;2;215;255;255m+               },
[38;2;0;95;95m[48;2;215;255;255m+               "abstract": undefined,
[38;2;0;95;95m[48;2;215;255;255m+               "attrs": undefined,
[38;2;0;95;95m[48;2;215;255;255m+               "class": undefined,
[38;2;0;95;95m[48;2;215;255;255m+               "domProps": undefined,
[38;2;0;95;95m[48;2;215;255;255m+               "functional": undefined,
[38;2;0;95;95m[48;2;215;255;255m+               "key": undefined,
[38;2;0;95;95m[48;2;215;255;255m+               "model": undefined,
[38;2;0;95;95m[48;2;215;255;255m+               "name": undefined,
[38;2;0;95;95m[48;2;215;255;255m+               "nativeOn": undefined,
[38;2;0;95;95m[48;2;215;255;255m+               "normalizedStyle": undefined,
[38;2;0;95;95m[48;2;215;255;255m+               "on": undefined,
[38;2;0;95;95m[48;2;215;255;255m+               "props": Object {
[38;2;0;95;95m[48;2;215;255;255m+                 "appear": Object {
[38;2;0;95;95m[48;2;215;255;255m+                   "type": [Function],
[38;2;0;95;95m[48;2;215;255;255m+                 },
[38;2;0;95;95m[48;2;215;255;255m+                 "appearActiveClass": Object {
[38;2;0;95;95m[48;2;215;255;255m+                   "type": [Function],
[38;2;0;95;95m[48;2;215;255;255m+                 },
[38;2;0;95;95m[48;2;215;255;255m+                 "appearClass": Object {
[38;2;0;95;95m[48;2;215;255;255m+                   "type": [Function],
[38;2;0;95;95m[48;2;215;255;255m+                 },
[38;2;0;95;95m[48;2;215;255;255m+                 "appearToClass": Object {
[38;2;0;95;95m[48;2;215;255;255m+                   "type": [Function],
[38;2;0;95;95m[48;2;215;255;255m+                 },
[38;2;0;95;95m[48;2;215;255;255m+                 "css": Object {
[38;2;0;95;95m[48;2;215;255;255m+                   "type": [Function],
[38;2;0;95;95m[48;2;215;255;255m+                 },
[38;2;0;95;95m[48;2;215;255;255m+                 "duration": Object {
[38;2;0;95;95m[48;2;215;255;255m+                   "type": Array [
[38;2;0;95;95m[48;2;215;255;255m+                     [Function],
[38;2;0;95;95m[48;2;215;255;255m+                     [Function],
[38;2;0;95;95m[48;2;215;255;255m+                     [Function],
[38;2;0;95;95m[48;2;215;255;255m+                   ],
[38;2;0;95;95m[48;2;215;255;255m+                 },
[38;2;0;95;95m[48;2;215;255;255m+                 "enterActiveClass": Object {
[38;2;0;95;95m[48;2;215;255;255m+                   "type": [Function],
[38;2;0;95;95m[48;2;215;255;255m+                 },
[38;2;0;95;95m[48;2;215;255;255m+                 "enterClass": Object {
[38;2;0;95;95m[48;2;215;255;255m+                   "type": [Function],
[38;2;0;95;95m[48;2;215;255;255m+                 },
[38;2;0;95;95m[48;2;215;255;255m+                 "enterToClass": Object {
[38;2;0;95;95m[48;2;215;255;255m+                   "type": [Function],
[38;2;0;95;95m[48;2;215;255;255m+                 },
[38;2;0;95;95m[48;2;215;255;255m+                 "leaveActiveClass": Object {
[38;2;0;95;95m[48;2;215;255;255m+                   "type": [Function],
[38;2;0;95;95m[48;2;215;255;255m+                 },
[38;2;0;95;95m[48;2;215;255;255m+                 "leaveClass": Object {
[38;2;0;95;95m[48;2;215;255;255m+                   "type": [Function],
[38;2;0;95;95m[48;2;215;255;255m+                 },
[38;2;0;95;95m[48;2;215;255;255m+                 "leaveToClass": Object {
[38;2;0;95;95m[48;2;215;255;255m+                   "type": [Function],
[38;2;0;95;95m[48;2;215;255;255m+                 },
[38;2;0;95;95m[48;2;215;255;255m+                 "moveClass": Object {
[38;2;0;95;95m[48;2;215;255;255m+                   "type": [Function],
[38;2;0;95;95m[48;2;215;255;255m+                 },
[38;2;0;95;95m[48;2;215;255;255m+                 "name": Object {
[38;2;0;95;95m[48;2;215;255;255m+                   "type": [Function],
[38;2;0;95;95m[48;2;215;255;255m+                 },
[38;2;0;95;95m[48;2;215;255;255m+                 "tag": Object {
[38;2;0;95;95m[48;2;215;255;255m+                   "type": [Function],
[38;2;0;95;95m[48;2;215;255;255m+                 },
[38;2;0;95;95m[48;2;215;255;255m+                 "type": Object {
[38;2;0;95;95m[48;2;215;255;255m+                   "type": [Function],
[38;2;0;95;95m[48;2;215;255;255m+                 },
[38;2;0;95;95m[48;2;215;255;255m+               },
[38;2;0;95;95m[48;2;215;255;255m+               "render": [Function],
[38;2;0;95;95m[48;2;215;255;255m+               "staticClass": undefined,
[38;2;0;95;95m[48;2;215;255;255m+               "staticStyle": undefined,
[38;2;0;95;95m[48;2;215;255;255m+               "style": undefined,
[38;2;0;95;95m[48;2;215;255;255m+             },
[38;2;0;95;95m[48;2;215;255;255m+           },
[38;2;0;95;95m[48;2;215;255;255m+           "config": Object {
[38;2;0;95;95m[48;2;215;255;255m+             "_lifecycleHooks": Array [
[38;2;0;95;95m[48;2;215;255;255m+               "beforeCreate",
[38;2;0;95;95m[48;2;215;255;255m+               "created",
[38;2;0;95;95m[48;2;215;255;255m+               "beforeMount",
[38;2;0;95;95m[48;2;215;255;255m+               "mounted",
[38;2;0;95;95m[48;2;215;255;255m+               "beforeUpdate",
[38;2;0;95;95m[48;2;215;255;255m+               "updated",
[38;2;0;95;95m[48;2;215;255;255m+               "beforeDestroy",
[38;2;0;95;95m[48;2;215;255;255m+               "destroyed",
[38;2;0;95;95m[48;2;215;255;255m+               "activated",
[38;2;0;95;95m[48;2;215;255;255m+               "deactivated",
[38;2;0;95;95m[48;2;215;255;255m+               "errorCaptured",
[38;2;0;95;95m[48;2;215;255;255m+               "serverPrefetch",
[38;2;0;95;95m[48;2;215;255;255m+             ],
[38;2;0;95;95m[48;2;215;255;255m+             "async": true,
[38;2;0;95;95m[48;2;215;255;255m+             "devtools": false,
[38;2;0;95;95m[48;2;215;255;255m+             "errorHandler": undefined,
[38;2;0;95;95m[48;2;215;255;255m+             "getTagNamespace": [Function],
[38;2;0;95;95m[48;2;215;255;255m+             "ignoredElements": Array [],
[38;2;0;95;95m[48;2;215;255;255m+             "isReservedAttr": [Function],
[38;2;0;95;95m[48;2;215;255;255m+             "isReservedTag": [Function],
[38;2;0;95;95m[48;2;215;255;255m+             "isUnknownElement": [Function],
[38;2;0;95;95m[48;2;215;255;255m+             "keyCodes": Object {},
[38;2;0;95;95m[48;2;215;255;255m+             "mustUseProp": [Function],
[38;2;0;95;95m[48;2;215;255;255m+             "optionMergeStrategies": Object {
[38;2;0;95;95m[48;2;215;255;255m+               "activated": [Function],
[38;2;0;95;95m[48;2;215;255;255m+               "beforeCreate": [Function],
[38;2;0;95;95m[48;2;215;255;255m+               "beforeDestroy": [Function],
[38;2;0;95;95m[48;2;215;255;255m+               "beforeMount": [Function],
[38;2;0;95;95m[48;2;215;255;255m+               "beforeUpdate": [Function],
[38;2;0;95;95m[48;2;215;255;255m+               "components": [Function],
[38;2;0;95;95m[48;2;215;255;255m+               "computed": [Function],
[38;2;0;95;95m[48;2;215;255;255m+               "created": [Function],
[38;2;0;95;95m[48;2;215;255;255m+               "data": [Function],
[38;2;0;95;95m[48;2;215;255;255m+               "deactivated": [Function],
[38;2;0;95;95m[48;2;215;255;255m+               "destroyed": [Function],
[38;2;0;95;95m[48;2;215;255;255m+               "directives": [Function],
[38;2;0;95;95m[48;2;215;255;255m+               "el": [Function],
[38;2;0;95;95m[48;2;215;255;255m+               "errorCaptured": [Function],
[38;2;0;95;95m[48;2;215;255;255m+               "filters": [Function],
[38;2;0;95;95m[48;2;215;255;255m+               "inject": [Function],
[38;2;0;95;95m[48;2;215;255;255m+               "methods": [Function],
[38;2;0;95;95m[48;2;215;255;255m+               "mounted": [Function],
[38;2;0;95;95m[48;2;215;255;255m+               "props": [Function],
[38;2;0;95;95m[48;2;215;255;255m+               "propsData": [Function],
[38;2;0;95;95m[48;2;215;255;255m+               "provide": [Function],
[38;2;0;95;95m[48;2;215;255;255m+               "serverPrefetch": [Function],
[38;2;0;95;95m[48;2;215;255;255m+               "updated": [Function],
[38;2;0;95;95m[48;2;215;255;255m+               "watch": [Function],
[38;2;0;95;95m[48;2;215;255;255m+             },
[38;2;0;95;95m[48;2;215;255;255m+             "parsePlatformTagName": [Function],
[38;2;0;95;95m[48;2;215;255;255m+             "performance": false,
[38;2;0;95;95m[48;2;215;255;255m+             "productionTip": false,
[38;2;0;95;95m[48;2;215;255;255m+             "silent": false,
[38;2;0;95;95m[48;2;215;255;255m+             "warnHandler": null,
[38;2;0;95;95m[48;2;215;255;255m+           },
[38;2;0;95;95m[48;2;215;255;255m+           "data": [Function],
[38;2;0;95;95m[48;2;215;255;255m+           "delete": [Function],
[38;2;0;95;95m[48;2;215;255;255m+           "directive": [Function],
[38;2;0;95;95m[48;2;215;255;255m+           "directives": Object {},
[38;2;0;95;95m[48;2;215;255;255m+           "extend": [Function],
[38;2;0;95;95m[48;2;215;255;255m+           "extendOptions": Object {
[38;2;0;95;95m[48;2;215;255;255m+             "_Ctor": Object {
[38;2;0;95;95m[48;2;215;255;255m+               "0": [Function],
[38;2;0;95;95m[48;2;215;255;255m+             },
[38;2;0;95;95m[48;2;215;255;255m+           },
[38;2;0;95;95m[48;2;215;255;255m+           "filter": [Function],
[38;2;0;95;95m[48;2;215;255;255m+           "filters": Object {},
[38;2;0;95;95m[48;2;215;255;255m+           "methods": undefined,
[38;2;0;95;95m[48;2;215;255;255m+           "mixin": [Function],
[38;2;0;95;95m[48;2;215;255;255m+           "mocks": undefined,
[38;2;0;95;95m[48;2;215;255;255m+           "nextTick": [Function],
[38;2;0;95;95m[48;2;215;255;255m+           "observable": [Function],
[38;2;0;95;95m[48;2;215;255;255m+           "options": Object {
[38;2;0;95;95m[48;2;215;255;255m+             "_Ctor": Object {
[38;2;0;95;95m[48;2;215;255;255m+               "0": [Function],
[38;2;0;95;95m[48;2;215;255;255m+             },
[38;2;0;95;95m[48;2;215;255;255m+             "_base": [Function],
[38;2;0;95;95m[48;2;215;255;255m+             "beforeCreate": Array [
[38;2;0;95;95m[48;2;215;255;255m+               [Function],
[38;2;0;95;95m[48;2;215;255;255m+               [Function],
[38;2;0;95;95m[48;2;215;255;255m+             ],
[38;2;0;95;95m[48;2;215;255;255m+             "components": Object {
[38;2;0;95;95m[48;2;215;255;255m+               "BTooltip": [Function],
[38;2;0;95;95m[48;2;215;255;255m+             },
[38;2;0;95;95m[48;2;215;255;255m+             "directives": Object {
[38;2;0;95;95m[48;2;215;255;255m+               "BHover": Object {
[38;2;0;95;95m[48;2;215;255;255m+                 "bind": [Function],
[38;2;0;95;95m[48;2;215;255;255m+                 "componentUpdated": [Function],
[38;2;0;95;95m[48;2;215;255;255m+                 "unbind": [Function],
[38;2;0;95;95m[48;2;215;255;255m+               },
[38;2;0;95;95m[48;2;215;255;255m+               "BModal": Object {
[38;2;0;95;95m[48;2;215;255;255m+                 "componentUpdated": [Function],
[38;2;0;95;95m[48;2;215;255;255m+                 "inserted": [Function],
[38;2;0;95;95m[48;2;215;255;255m+                 "unbind": [Function],
[38;2;0;95;95m[48;2;215;255;255m+                 "updated": [Function],
[38;2;0;95;95m[48;2;215;255;255m+               },
[38;2;0;95;95m[48;2;215;255;255m+               "BScrollspy": Object {
[38;2;0;95;95m[48;2;215;255;255m+                 "bind": [Function],
[38;2;0;95;95m[48;2;215;255;255m+                 "componentUpdated": [Function],
[38;2;0;95;95m[48;2;215;255;255m+                 "inserted": [Function],
[38;2;0;95;95m[48;2;215;255;255m+                 "unbind": [Function],
[38;2;0;95;95m[48;2;215;255;255m+                 "update": [Function],
[38;2;0;95;95m[48;2;215;255;255m+               },
[38;2;0;95;95m[48;2;215;255;255m+               "BTooltip": Object {
[38;2;0;95;95m[48;2;215;255;255m+                 "bind": [Function],
[38;2;0;95;95m[48;2;215;255;255m+                 "componentUpdated": [Function],
[38;2;0;95;95m[48;2;215;255;255m+                 "unbind": [Function],
[38;2;0;95;95m[48;2;215;255;255m+               },
[38;2;0;95;95m[48;2;215;255;255m+               "BVisible": Object {
[38;2;0;95;95m[48;2;215;255;255m+                 "bind": [Function],
[38;2;0;95;95m[48;2;215;255;255m+                 "componentUpdated": [Function],
[38;2;0;95;95m[48;2;215;255;255m+                 "unbind": [Function],
[38;2;0;95;95m[48;2;215;255;255m+               },
[38;2;0;95;95m[48;2;215;255;255m+             },
[38;2;0;95;95m[48;2;215;255;255m+             "filters": Object {},
[38;2;0;95;95m[48;2;215;255;255m+           },
[38;2;0;95;95m[48;2;215;255;255m+           "provide": [Function],
[38;2;0;95;95m[48;2;215;255;255m+           "render": [Function],
[38;2;0;95;95m[48;2;215;255;255m+           "sealedOptions": Object {
[38;2;0;95;95m[48;2;215;255;255m+             "_Ctor": Object {
[38;2;0;95;95m[48;2;215;255;255m+               "0": [Function],
[38;2;0;95;95m[48;2;215;255;255m+             },
[38;2;0;95;95m[48;2;215;255;255m+             "_base": [Function],
[38;2;0;95;95m[48;2;215;255;255m+             "components": Object {
[38;2;0;95;95m[48;2;215;255;255m+               "BAlert": [Function],
[38;2;0;95;95m[48;2;215;255;255m+               "BAspect": [Function],
[38;2;0;95;95m[48;2;215;255;255m+               "BAvatar": [Function],
[38;2;0;95;95m[48;2;215;255;255m+               "BAvatarGroup": [Function],
[38;2;0;95;95m[48;2;215;255;255m+               "BBadge": [Function],
[38;2;0;95;95m[48;2;215;255;255m+               "BBreadcrumb": [Function],
[38;2;0;95;95m[48;2;215;255;255m+               "BBreadcrumbItem": [Function],
[38;2;0;95;95m[48;2;215;255;255m+               "BBreadcrumbLink": [Function],
[38;2;0;95;95m[48;2;215;255;255m+               "BBtn": [Function],
[38;2;0;95;95m[48;2;215;255;255m+               "BBtnClose": [Function],
[38;2;0;95;95m[48;2;215;255;255m+               "BBtnGroup": [Function],
[38;2;0;95;95m[48;2;215;255;255m+               "BBtnToolbar": [Function],
[38;2;0;95;95m[48;2;215;255;255m+               "BButton": [Function],
[38;2;0;95;95m[48;2;215;255;255m+               "BButtonClose": [Function],
[38;2;0;95;95m[48;2;215;255;255m+               "BButtonGroup": [Function],
[38;2;0;95;95m[48;2;215;255;255m+               "BButtonToolbar": [Function],
[38;2;0;95;95m[48;2;215;255;255m+               "BCalendar": [Function],
[38;2;0;95;95m[48;2;215;255;255m+               "BCard": [Function],
[38;2;0;95;95m[48;2;215;255;255m+               "BCardBody": [Function],
[38;2;0;95;95m[48;2;215;255;255m+               "BCardFooter": [Function],
[38;2;0;95;95m[48;2;215;255;255m+               "BCardGroup": [Function],
[38;2;0;95;95m[48;2;215;255;255m+               "BCardHeader": [Function],
[38;2;0;95;95m[48;2;215;255;255m+               "BCardImg": [Function],
[38;2;0;95;95m[48;2;215;255;255m+               "BCardImgLazy": [Function],
[38;2;0;95;95m[48;2;215;255;255m+               "BCardSubTitle": [Function],
[38;2;0;95;95m[48;2;215;255;255m+               "BCardText": [Function],
[38;2;0;95;95m[48;2;215;255;255m+               "BCardTitle": [Function],
[38;2;0;95;95m[48;2;215;255;255m+               "BCarousel": [Function],
[38;2;0;95;95m[48;2;215;255;255m+               "BCarouselSlide": [Function],
[38;2;0;95;95m[48;2;215;255;255m+               "BCheck": [Function],
[38;2;0;95;95m[48;2;215;255;255m+               "BCheckGroup": [Function],
[38;2;0;95;95m[48;2;215;255;255m+               "BCheckbox": [Function],
[38;2;0;95;95m[48;2;215;255;255m+               "BCheckboxGroup": [Function],
[38;2;0;95;95m[48;2;215;255;255m+               "BCol": [Function],
[38;2;0;95;95m[48;2;215;255;255m+               "BCollapse": [Function],
[38;2;0;95;95m[48;2;215;255;255m+               "BContainer": [Function],
[38;2;0;95;95m[48;2;215;255;255m+               "BDatalist": [Function],
[38;2;0;95;95m[48;2;215;255;255m+               "BDatepicker": [Function],
[38;2;0;95;95m[48;2;215;255;255m+               "BDd": [Function],
[38;2;0;95;95m[48;2;215;255;255m+               "BDdDivider": [Function],
[38;2;0;95;95m[48;2;215;255;255m+               "BDdForm": [Function],
[38;2;0;95;95m[48;2;215;255;255m+               "BDdGroup": [Function],
[38;2;0;95;95m[48;2;215;255;255m+               "BDdHeader": [Function],
[38;2;0;95;95m[48;2;215;255;255m+               "BDdItem": [Function],
[38;2;0;95;95m[48;2;215;255;255m+               "BDdItemBtn": [Function],
[38;2;0;95;95m[48;2;215;255;255m+               "BDdItemButton": [Function],
[38;2;0;95;95m[48;2;215;255;255m+               "BDdText": [Function],
[38;2;0;95;95m[48;2;215;255;255m+               "BDropdown": [Function],
[38;2;0;95;95m[48;2;215;255;255m+               "BDropdownDivider": [Function],
[38;2;0;95;95m[48;2;215;255;255m+               "BDropdownForm": [Function],
[38;2;0;95;95m[48;2;215;255;255m+               "BDropdownGroup": [Function],
[38;2;0;95;95m[48;2;215;255;255m+               "BDropdownHeader": [Function],
[38;2;0;95;95m[48;2;215;255;255m+               "BDropdownItem": [Function],
[38;2;0;95;95m[48;2;215;255;255m+               "BDropdownItemBtn": [Function],
[38;2;0;95;95m[48;2;215;255;255m+               "BDropdownItemButton": [Function],
[38;2;0;95;95m[48;2;215;255;255m+               "BDropdownText": [Function],
[38;2;0;95;95m[48;2;215;255;255m+               "BEmbed": [Function],
[38;2;0;95;95m[48;2;215;255;255m+               "BFile": [Function],
[38;2;0;95;95m[48;2;215;255;255m+               "BForm": [Function],
[38;2;0;95;95m[48;2;215;255;255m+               "BFormCheckbox": [Function],
[38;2;0;95;95m[48;2;215;255;255m+               "BFormCheckboxGroup": [Function],
[38;2;0;95;95m[48;2;215;255;255m+               "BFormDatalist": [Function],
[38;2;0;95;95m[48;2;215;255;255m+               "BFormDatepicker": [Function],
[38;2;0;95;95m[48;2;215;255;255m+               "BFormFeedback": [Function],
[38;2;0;95;95m[48;2;215;255;255m+               "BFormFieldset": [Function],
[38;2;0;95;95m[48;2;215;255;255m+               "BFormFile": [Function],
[38;2;0;95;95m[48;2;215;255;255m+               "BFormGroup": [Function],
[38;2;0;95;95m[48;2;215;255;255m+               "BFormInput": [Function],
[38;2;0;95;95m[48;2;215;255;255m+               "BFormInvalidFeedback": [Function],
[38;2;0;95;95m[48;2;215;255;255m+               "BFormRadio": [Function],
[38;2;0;95;95m[48;2;215;255;255m+               "BFormRadioGroup": [Function],
[38;2;0;95;95m[48;2;215;255;255m+               "BFormRating": [Function],
[38;2;0;95;95m[48;2;215;255;255m+               "BFormRow": [Function],
[38;2;0;95;95m[48;2;215;255;255m+               "BFormSelect": [Function],
[38;2;0;95;95m[48;2;215;255;255m+               "BFormSelectOption": [Function],
[38;2;0;95;95m[48;2;215;255;255m+               "BFormSelectOptionGroup": [Function],
[38;2;0;95;95m[48;2;215;255;255m+               "BFormSpinbutton": [Function],
[38;2;0;95;95m[48;2;215;255;255m+               "BFormTag": [Function],
[38;2;0;95;95m[48;2;215;255;255m+               "BFormTags": [Function],
[38;2;0;95;95m[48;2;215;255;255m+               "BFormText": [Function],
[38;2;0;95;95m[48;2;215;255;255m+               "BFormTextarea": [Function],
[38;2;0;95;95m[48;2;215;255;255m+               "BFormTimepicker": [Function],
[38;2;0;95;95m[48;2;215;255;255m+               "BFormValidFeedback": [Function],
[38;2;0;95;95m[48;2;215;255;255m+               "BImg": [Function],
[38;2;0;95;95m[48;2;215;255;255m+               "BImgLazy": [Function],
[38;2;0;95;95m[48;2;215;255;255m+               "BInput": [Function],
[38;2;0;95;95m[48;2;215;255;255m+               "BInputGroup": [Function],
[38;2;0;95;95m[48;2;215;255;255m+               "BInputGroupAddon": [Function],
[38;2;0;95;95m[48;2;215;255;255m+               "BInputGroupAppend": [Function],
[38;2;0;95;95m[48;2;215;255;255m+               "BInputGroupPrepend": [Function],
[38;2;0;95;95m[48;2;215;255;255m+               "BInputGroupText": [Function],
[38;2;0;95;95m[48;2;215;255;255m+               "BJumbotron": [Function],
[38;2;0;95;95m[48;2;215;255;255m+               "BLink": [Function],
[38;2;0;95;95m[48;2;215;255;255m+               "BListGroup": [Function],
[38;2;0;95;95m[48;2;215;255;255m+               "BListGroupItem": [Function],
[38;2;0;95;95m[48;2;215;255;255m+               "BMedia": [Function],
[38;2;0;95;95m[48;2;215;255;255m+               "BMediaAside": [Function],
[38;2;0;95;95m[48;2;215;255;255m+               "BMediaBody": [Function],
[38;2;0;95;95m[48;2;215;255;255m+               "BModal": [Function],
[38;2;0;95;95m[48;2;215;255;255m+               "BRadio": [Function],
[38;2;0;95;95m[48;2;215;255;255m+               "BRadioGroup": [Function],
[38;2;0;95;95m[48;2;215;255;255m+               "BRating": [Function],
[38;2;0;95;95m[48;2;215;255;255m+               "BRow": [Function],
[38;2;0;95;95m[48;2;215;255;255m+               "BSelect": [Function],
[38;2;0;95;95m[48;2;215;255;255m+               "BSelectOption": [Function],
[38;2;0;95;95m[48;2;215;255;255m+               "BSelectOptionGroup": [Function],
[38;2;0;95;95m[48;2;215;255;255m+               "BSpinbutton": [Function],
[38;2;0;95;95m[48;2;215;255;255m+               "BTag": [Function],
[38;2;0;95;95m[48;2;215;255;255m+               "BTags": [Function],
[38;2;0;95;95m[48;2;215;255;255m+               "BTextarea": [Function],
[38;2;0;95;95m[48;2;215;255;255m+               "BTimepicker": [Function],
[38;2;0;95;95m[48;2;215;255;255m+             },
[38;2;0;95;95m[48;2;215;255;255m+             "directives": Object {
[38;2;0;95;95m[48;2;215;255;255m+               "BModal": Object {
[38;2;0;95;95m[48;2;215;255;255m+                 "componentUpdated": [Function],
[38;2;0;95;95m[48;2;215;255;255m+                 "inserted": [Function],
[38;2;0;95;95m[48;2;215;255;255m+                 "unbind": [Function],
[38;2;0;95;95m[48;2;215;255;255m+                 "updated": [Function],
[38;2;0;95;95m[48;2;215;255;255m+               },
[38;2;0;95;95m[48;2;215;255;255m+               "BToggle": Object {
[38;2;0;95;95m[48;2;215;255;255m+                 "bind": [Function],
[38;2;0;95;95m[48;2;215;255;255m+                 "componentUpdated": [Function],
[38;2;0;95;95m[48;2;215;255;255m+                 "unbind": [Function],
[38;2;0;95;95m[48;2;215;255;255m+                 "updated": [Function],
[38;2;0;95;95m[48;2;215;255;255m+               },
[38;2;0;95;95m[48;2;215;255;255m+             },
[38;2;0;95;95m[48;2;215;255;255m+             "filters": Object {},
[38;2;0;95;95m[48;2;215;255;255m+           },
[38;2;0;95;95m[48;2;215;255;255m+           "set": [Function],
[38;2;0;95;95m[48;2;215;255;255m+           "shouldProxy": true,
[38;2;0;95;95m[48;2;215;255;255m+           "stubs": Object {
[38;2;0;95;95m[48;2;215;255;255m+             "transition": true,
[38;2;0;95;95m[48;2;215;255;255m+             "transition-group": true,
[38;2;0;95;95m[48;2;215;255;255m+           },
[38;2;0;95;95m[48;2;215;255;255m+           "super": [Function],
[38;2;0;95;95m[48;2;215;255;255m+           "superOptions": Object {
[38;2;0;95;95m[48;2;215;255;255m+             "_base": [Function],
[38;2;0;95;95m[48;2;215;255;255m+             "components": Object {
[38;2;0;95;95m[48;2;215;255;255m+               "KeepAlive": Object {
[38;2;0;95;95m[48;2;215;255;255m+                 "abstract": true,
[38;2;0;95;95m[48;2;215;255;255m+                 "created": [Function],
[38;2;0;95;95m[48;2;215;255;255m+                 "destroyed": [Function],
[38;2;0;95;95m[48;2;215;255;255m+                 "methods": Object {
[38;2;0;95;95m[48;2;215;255;255m+                   "cacheVNode": [Function],
[38;2;0;95;95m[48;2;215;255;255m+                 },
[38;2;0;95;95m[48;2;215;255;255m+                 "mounted": [Function],
[38;2;0;95;95m[48;2;215;255;255m+                 "name": "keep-alive",
[38;2;0;95;95m[48;2;215;255;255m+                 "props": Object {
[38;2;0;95;95m[48;2;215;255;255m+                   "exclude": Array [
[38;2;0;95;95m[48;2;215;255;255m+                     [Function],
[38;2;0;95;95m[48;2;215;255;255m+                     [Function],
[38;2;0;95;95m[48;2;215;255;255m+                     [Function],
[38;2;0;95;95m[48;2;215;255;255m+                   ],
[38;2;0;95;95m[48;2;215;255;255m+                   "include": Array [
[38;2;0;95;95m[48;2;215;255;255m+                     [Function],
[38;2;0;95;95m[48;2;215;255;255m+                     [Function],
[38;2;0;95;95m[48;2;215;255;255m+                     [Function],
[38;2;0;95;95m[48;2;215;255;255m+                   ],
[38;2;0;95;95m[48;2;215;255;255m+                   "max": Array [
[38;2;0;95;95m[48;2;215;255;255m+                     [Function],
[38;2;0;95;95m[48;2;215;255;255m+                     [Function],
[38;2;0;95;95m[48;2;215;255;255m+                   ],
[38;2;0;95;95m[48;2;215;255;255m+                 },
[38;2;0;95;95m[48;2;215;255;255m+                 "render": [Function],
[38;2;0;95;95m[48;2;215;255;255m+                 "updated": [Function],
[38;2;0;95;95m[48;2;215;255;255m+               },
[38;2;0;95;95m[48;2;215;255;255m+               "Transition": Object {
[38;2;0;95;95m[48;2;215;255;255m+                 "_Ctor": Object {
[38;2;0;95;95m[48;2;215;255;255m+                   "1404": [Function],
[38;2;0;95;95m[48;2;215;255;255m+                 },
[38;2;0;95;95m[48;2;215;255;255m+                 "abstract": true,
[38;2;0;95;95m[48;2;215;255;255m+                 "name": "transition",
[38;2;0;95;95m[48;2;215;255;255m+                 "props": Object {
[38;2;0;95;95m[48;2;215;255;255m+                   "appear": Object {
[38;2;0;95;95m[48;2;215;255;255m+                     "type": [Function],
[38;2;0;95;95m[48;2;215;255;255m+                   },
[38;2;0;95;95m[48;2;215;255;255m+                   "appearActiveClass": Object {
[38;2;0;95;95m[48;2;215;255;255m+                     "type": [Function],
[38;2;0;95;95m[48;2;215;255;255m+                   },
[38;2;0;95;95m[48;2;215;255;255m+                   "appearClass": Object {
[38;2;0;95;95m[48;2;215;255;255m+                     "type": [Function],
[38;2;0;95;95m[48;2;215;255;255m+                   },
[38;2;0;95;95m[48;2;215;255;255m+                   "appearToClass": Object {
[38;2;0;95;95m[48;2;215;255;255m+                     "type": [Function],
[38;2;0;95;95m[48;2;215;255;255m+                   },
[38;2;0;95;95m[48;2;215;255;255m+                   "css": Object {
[38;2;0;95;95m[48;2;215;255;255m+                     "type": [Function],
[38;2;0;95;95m[48;2;215;255;255m+                   },
[38;2;0;95;95m[48;2;215;255;255m+                   "duration": Object {
[38;2;0;95;95m[48;2;215;255;255m+                     "type": Array [
[38;2;0;95;95m[48;2;215;255;255m+                       [Function],
[38;2;0;95;95m[48;2;215;255;255m+                       [Function],
[38;2;0;95;95m[48;2;215;255;255m+                       [Function],
[38;2;0;95;95m[48;2;215;255;255m+                     ],
[38;2;0;95;95m[48;2;215;255;255m+                   },
[38;2;0;95;95m[48;2;215;255;255m+                   "enterActiveClass": Object {
[38;2;0;95;95m[48;2;215;255;255m+                     "type": [Function],
[38;2;0;95;95m[48;2;215;255;255m+                   },
[38;2;0;95;95m[48;2;215;255;255m+                   "enterClass": Object {
[38;2;0;95;95m[48;2;215;255;255m+                     "type": [Function],
[38;2;0;95;95m[48;2;215;255;255m+                   },
[38;2;0;95;95m[48;2;215;255;255m+                   "enterToClass": Object {
[38;2;0;95;95m[48;2;215;255;255m+                     "type": [Function],
[38;2;0;95;95m[48;2;215;255;255m+                   },
[38;2;0;95;95m[48;2;215;255;255m+                   "leaveActiveClass": Object {
[38;2;0;95;95m[48;2;215;255;255m+                     "type": [Function],
[38;2;0;95;95m[48;2;215;255;255m+                   },
[38;2;0;95;95m[48;2;215;255;255m+                   "leaveClass": Object {
[38;2;0;95;95m[48;2;215;255;255m+                     "type": [Function],
[38;2;0;95;95m[48;2;215;255;255m+                   },
[38;2;0;95;95m[48;2;215;255;255m+                   "leaveToClass": Object {
[38;2;0;95;95m[48;2;215;255;255m+                     "type": [Function],
[38;2;0;95;95m[48;2;215;255;255m+                   },
[38;2;0;95;95m[48;2;215;255;255m+                   "mode": Object {
[38;2;0;95;95m[48;2;215;255;255m+                     "type": [Function],
[38;2;0;95;95m[48;2;215;255;255m+                   },
[38;2;0;95;95m[48;2;215;255;255m+                   "name": Object {
[38;2;0;95;95m[48;2;215;255;255m+                     "type": [Function],
[38;2;0;95;95m[48;2;215;255;255m+                   },
[38;2;0;95;95m[48;2;215;255;255m+                   "type": Object {
[38;2;0;95;95m[48;2;215;255;255m+                     "type": [Function],
[38;2;0;95;95m[48;2;215;255;255m+                   },
[38;2;0;95;95m[48;2;215;255;255m+                 },
[38;2;0;95;95m[48;2;215;255;255m+                 "render": [Function],
[38;2;0;95;95m[48;2;215;255;255m+               },
[38;2;0;95;95m[48;2;215;255;255m+               "TransitionGroup": Object {
[38;2;0;95;95m[48;2;215;255;255m+                 "_Ctor": Object {
[38;2;0;95;95m[48;2;215;255;255m+                   "1404": [Function],
[38;2;0;95;95m[48;2;215;255;255m+                 },
[38;2;0;95;95m[48;2;215;255;255m+                 "beforeMount": [Function],
[38;2;0;95;95m[48;2;215;255;255m+                 "methods": Object {
[38;2;0;95;95m[48;2;215;255;255m+                   "hasMove": [Function],
[38;2;0;95;95m[48;2;215;255;255m+                 },
[38;2;0;95;95m[48;2;215;255;255m+                 "props": Object {
[38;2;0;95;95m[48;2;215;255;255m+                   "appear": Object {
[38;2;0;95;95m[48;2;215;255;255m+                     "type": [Function],
[38;2;0;95;95m[48;2;215;255;255m+                   },
[38;2;0;95;95m[48;2;215;255;255m+                   "appearActiveClass": Object {
[38;2;0;95;95m[48;2;215;255;255m+                     "type": [Function],
[38;2;0;95;95m[48;2;215;255;255m+                   },
[38;2;0;95;95m[48;2;215;255;255m+                   "appearClass": Object {
[38;2;0;95;95m[48;2;215;255;255m+                     "type": [Function],
[38;2;0;95;95m[48;2;215;255;255m+                   },
[38;2;0;95;95m[48;2;215;255;255m+                   "appearToClass": Object {
[38;2;0;95;95m[48;2;215;255;255m+                     "type": [Function],
[38;2;0;95;95m[48;2;215;255;255m+                   },
[38;2;0;95;95m[48;2;215;255;255m+                   "css": Object {
[38;2;0;95;95m[48;2;215;255;255m+                     "type": [Function],
[38;2;0;95;95m[48;2;215;255;255m+                   },
[38;2;0;95;95m[48;2;215;255;255m+                   "duration": Object {
[38;2;0;95;95m[48;2;215;255;255m+                     "type": Array [
[38;2;0;95;95m[48;2;215;255;255m+                       [Function],
[38;2;0;95;95m[48;2;215;255;255m+                       [Function],
[38;2;0;95;95m[48;2;215;255;255m+                       [Function],
[38;2;0;95;95m[48;2;215;255;255m+                     ],
[38;2;0;95;95m[48;2;215;255;255m+                   },
[38;2;0;95;95m[48;2;215;255;255m+                   "enterActiveClass": Object {
[38;2;0;95;95m[48;2;215;255;255m+                     "type": [Function],
[38;2;0;95;95m[48;2;215;255;255m+                   },
[38;2;0;95;95m[48;2;215;255;255m+                   "enterClass": Object {
[38;2;0;95;95m[48;2;215;255;255m+                     "type": [Function],
[38;2;0;95;95m[48;2;215;255;255m+                   },
[38;2;0;95;95m[48;2;215;255;255m+                   "enterToClass": Object {
[38;2;0;95;95m[48;2;215;255;255m+                     "type": [Function],
[38;2;0;95;95m[48;2;215;255;255m+                   },
[38;2;0;95;95m[48;2;215;255;255m+                   "leaveActiveClass": Object {
[38;2;0;95;95m[48;2;215;255;255m+                     "type": [Function],
[38;2;0;95;95m[48;2;215;255;255m+                   },
[38;2;0;95;95m[48;2;215;255;255m+                   "leaveClass": Object {
[38;2;0;95;95m[48;2;215;255;255m+                     "type": [Function],
[38;2;0;95;95m[48;2;215;255;255m+                   },
[38;2;0;95;95m[48;2;215;255;255m+                   "leaveToClass": Object {
[38;2;0;95;95m[48;2;215;255;255m+                     "type": [Function],
[38;2;0;95;95m[48;2;215;255;255m+                   },
[38;2;0;95;95m[48;2;215;255;255m+                   "moveClass": Object {
[38;2;0;95;95m[48;2;215;255;255m+                     "type": [Function],
[38;2;0;95;95m[48;2;215;255;255m+                   },
[38;2;0;95;95m[48;2;215;255;255m+                   "name": Object {
[38;2;0;95;95m[48;2;215;255;255m+                     "type": [Function],
[38;2;0;95;95m[48;2;215;255;255m+                   },
[38;2;0;95;95m[48;2;215;255;255m+                   "tag": Object {
[38;2;0;95;95m[48;2;215;255;255m+                     "type": [Function],
[38;2;0;95;95m[48;2;215;255;255m+                   },
[38;2;0;95;95m[48;2;215;255;255m+                   "type": Object {
[38;2;0;95;95m[48;2;215;255;255m+                     "type": [Function],
[38;2;0;95;95m[48;2;215;255;255m+                   },
[38;2;0;95;95m[48;2;215;255;255m+                 },
[38;2;0;95;95m[48;2;215;255;255m+                 "render": [Function],
[38;2;0;95;95m[48;2;215;255;255m+                 "updated": [Function],
[38;2;0;95;95m[48;2;215;255;255m+               },
[38;2;0;95;95m[48;2;215;255;255m+             },
[38;2;0;95;95m[48;2;215;255;255m+             "directives": Object {
[38;2;0;95;95m[48;2;215;255;255m+               "model": Object {
[38;2;0;95;95m[48;2;215;255;255m+                 "componentUpdated": [Function],
[38;2;0;95;95m[48;2;215;255;255m+                 "inserted": [Function],
[38;2;0;95;95m[48;2;215;255;255m+               },
[38;2;0;95;95m[48;2;215;255;255m+               "show": Object {
[38;2;0;95;95m[48;2;215;255;255m+                 "bind": [Function],
[38;2;0;95;95m[48;2;215;255;255m+                 "unbind": [Function],
[38;2;0;95;95m[48;2;215;255;255m+                 "update": [Function],
[38;2;0;95;95m[48;2;215;255;255m+               },
[38;2;0;95;95m[48;2;215;255;255m+             },
[38;2;0;95;95m[48;2;215;255;255m+             "filters": Object {},
[38;2;0;95;95m[48;2;215;255;255m+           },
[38;2;0;95;95m[48;2;215;255;255m+           "use": [Function],
[38;2;0;95;95m[48;2;215;255;255m+           "util": Object {
[38;2;0;95;95m[48;2;215;255;255m+             "defineReactive": [Function],
[38;2;0;95;95m[48;2;215;255;255m+             "extend": [Function],
[38;2;0;95;95m[48;2;215;255;255m+             "mergeOptions": [Function],
[38;2;0;95;95m[48;2;215;255;255m+             "warn": [Function],
[38;2;0;95;95m[48;2;215;255;255m+           },
[38;2;0;95;95m[48;2;215;255;255m+           "version": "2.6.14",
[38;2;0;95;95m[48;2;215;255;255m+         },
[38;2;0;95;95m[48;2;215;255;255m+         "$parent": undefined,
[38;2;0;95;95m[48;2;215;255;255m+         "$refs": Object {},
[38;2;0;95;95m[48;2;215;255;255m+         "$root": [Circular],
[38;2;0;95;95m[48;2;215;255;255m+         "$scopedSlots": Object {},
[38;2;0;95;95m[48;2;215;255;255m+         "$slots": Object {},
[38;2;0;95;95m[48;2;215;255;255m+         "$vnode": undefined,
[38;2;0;95;95m[48;2;215;255;255m+         "__emitted": Object {},
[38;2;0;95;95m[48;2;215;255;255m+         "__emittedByOrder": Array [],
[38;2;0;95;95m[48;2;215;255;255m+         "_c": [Function],
[38;2;0;95;95m[48;2;215;255;255m+         "_data": Object {
[38;2;0;95;95m[48;2;215;255;255m+           "vueTestUtils_childProps": Object {},
[38;2;0;95;95m[48;2;215;255;255m+         },
[38;2;0;95;95m[48;2;215;255;255m+         "_directInactive": false,
[38;2;0;95;95m[48;2;215;255;255m+         "_events": Object {},
[38;2;0;95;95m[48;2;215;255;255m+         "_hasHookEvent": false,
[38;2;0;95;95m[48;2;215;255;255m+         "_inactive": null,
[38;2;0;95;95m[48;2;215;255;255m+         "_isBeingDestroyed": false,
[38;2;0;95;95m[48;2;215;255;255m+         "_isDestroyed": false,
[38;2;0;95;95m[48;2;215;255;255m+         "_isMounted": true,
[38;2;0;95;95m[48;2;215;255;255m+         "_isVue": true,
[38;2;0;95;95m[48;2;215;255;255m+         "_provided": Object {},
[38;2;0;95;95m[48;2;215;255;255m+         "_renderProxy": [Circular],
[38;2;0;95;95m[48;2;215;255;255m+         "_self": [Circular],
[38;2;0;95;95m[48;2;215;255;255m+         "_staticTrees": null,
[38;2;0;95;95m[48;2;215;255;255m+         "_uid": 2,
[38;2;0;95;95m[48;2;215;255;255m+         "_vnode": VNode {
[38;2;0;95;95m[48;2;215;255;255m+           "asyncFactory": undefined,
[38;2;0;95;95m[48;2;215;255;255m+           "asyncMeta": undefined,
[38;2;0;95;95m[48;2;215;255;255m+           "children": undefined,
[38;2;0;95;95m[48;2;215;255;255m+           "componentInstance": [Circular],
[38;2;0;95;95m[48;2;215;255;255m+           "componentOptions": Object {
[38;2;0;95;95m[48;2;215;255;255m+             "Ctor": [Function],
[38;2;0;95;95m[48;2;215;255;255m+             "children": undefined,
[38;2;0;95;95m[48;2;215;255;255m+             "listeners": Object {},
[38;2;0;95;95m[48;2;215;255;255m+             "propsData": undefined,
[38;2;0;95;95m[48;2;215;255;255m+             "tag": undefined,
[38;2;0;95;95m[48;2;215;255;255m+           },
[38;2;0;95;95m[48;2;215;255;255m+           "context": [Circular],
[38;2;0;95;95m[48;2;215;255;255m+           "data": Object {
[38;2;0;95;95m[48;2;215;255;255m+             "attrs": Object {},
[38;2;0;95;95m[48;2;215;255;255m+             "hook": Object {
[38;2;0;95;95m[48;2;215;255;255m+               "destroy": [Function],
[38;2;0;95;95m[48;2;215;255;255m+               "init": [Function],
[38;2;0;95;95m[48;2;215;255;255m+               "insert": [Function],
[38;2;0;95;95m[48;2;215;255;255m+               "prepatch": [Function],
[38;2;0;95;95m[48;2;215;255;255m+             },
[38;2;0;95;95m[48;2;215;255;255m+             "on": undefined,
[38;2;0;95;95m[48;2;215;255;255m+             "pendingInsert": null,
[38;2;0;95;95m[48;2;215;255;255m+             "scopedSlots": Object {
[38;2;0;95;95m[48;2;215;255;255m+               "_normalized": Object {},
[38;2;0;95;95m[48;2;215;255;255m+             },
[38;2;0;95;95m[48;2;215;255;255m+           },
[38;2;0;95;95m[48;2;215;255;255m+           "elm": <div>
[38;2;0;95;95m[48;2;215;255;255m+             <b-dropdown
[38;2;0;95;95m[48;2;215;255;255m+               no-caret=""
[38;2;0;95;95m[48;2;215;255;255m+               right=""
[38;2;0;95;95m[48;2;215;255;255m+               size="lg"
[38;2;0;95;95m[48;2;215;255;255m+               variant="link"
[38;2;0;95;95m[48;2;215;255;255m+             >
[38;2;0;95;95m[48;2;215;255;255m+                
[38;2;0;95;95m[48;2;215;255;255m+               <b-dropdown-item>
[38;2;0;95;95m[48;2;215;255;255m+                 <b-icon
[38;2;0;95;95m[48;2;215;255;255m+                   icon="door-open"
[38;2;0;95;95m[48;2;215;255;255m+                 />
[38;2;0;95;95m[48;2;215;255;255m+                 
[38;2;0;95;95m[48;2;215;255;255m+       回到主页
[38;2;0;95;95m[48;2;215;255;255m+     
[38;2;0;95;95m[48;2;215;255;255m+               </b-dropdown-item>
[38;2;0;95;95m[48;2;215;255;255m+                
[38;2;0;95;95m[48;2;215;255;255m+               <b-dropdown-item>
[38;2;0;95;95m[48;2;215;255;255m+                 <b-icon
[38;2;0;95;95m[48;2;215;255;255m+                   icon="cursor-fill"
[38;2;0;95;95m[48;2;215;255;255m+                 />
[38;2;0;95;95m[48;2;215;255;255m+                 
[38;2;0;95;95m[48;2;215;255;255m+       注销用户
[38;2;0;95;95m[48;2;215;255;255m+     
[38;2;0;95;95m[48;2;215;255;255m+               </b-dropdown-item>
[38;2;0;95;95m[48;2;215;255;255m+             </b-dropdown>
[38;2;0;95;95m[48;2;215;255;255m+           </div>,
[38;2;0;95;95m[48;2;215;255;255m+           "fnContext": undefined,
[38;2;0;95;95m[48;2;215;255;255m+           "fnOptions": undefined,
[38;2;0;95;95m[48;2;215;255;255m+           "fnScopeId": undefined,
[38;2;0;95;95m[48;2;215;255;255m+           "isAsyncPlaceholder": false,
[38;2;0;95;95m[48;2;215;255;255m+           "isCloned": false,
[38;2;0;95;95m[48;2;215;255;255m+           "isComment": false,
[38;2;0;95;95m[48;2;215;255;255m+           "isOnce": false,
[38;2;0;95;95m[48;2;215;255;255m+           "isRootInsert": true,
[38;2;0;95;95m[48;2;215;255;255m+           "isStatic": false,
[38;2;0;95;95m[48;2;215;255;255m+           "key": undefined,
[38;2;0;95;95m[48;2;215;255;255m+           "ns": undefined,
[38;2;0;95;95m[48;2;215;255;255m+           "parent": undefined,
[38;2;0;95;95m[48;2;215;255;255m+           "raw": false,
[38;2;0;95;95m[48;2;215;255;255m+           "tag": "vue-component-1408-UserLogo",
[38;2;0;95;95m[48;2;215;255;255m+           "text": undefined,
[38;2;0;95;95m[48;2;215;255;255m+         },
[38;2;0;95;95m[48;2;215;255;255m+         "_watcher": Watcher {
[38;2;0;95;95m[48;2;215;255;255m+           "active": true,
[38;2;0;95;95m[48;2;215;255;255m+           "before": [Function],
[38;2;0;95;95m[48;2;215;255;255m+           "cb": [Function],
[38;2;0;95;95m[48;2;215;255;255m+           "deep": false,
[38;2;0;95;95m[48;2;215;255;255m+           "depIds": Set {
[38;2;0;95;95m[48;2;215;255;255m+             21,
[38;2;0;95;95m[48;2;215;255;255m+             22,
[38;2;0;95;95m[48;2;215;255;255m+           },
[38;2;0;95;95m[48;2;215;255;255m+           "deps": Array [
[38;2;0;95;95m[48;2;215;255;255m+             Dep {
[38;2;0;95;95m[48;2;215;255;255m+               "id": 21,
[38;2;0;95;95m[48;2;215;255;255m+               "subs": Array [
[38;2;0;95;95m[48;2;215;255;255m+                 [Circular],
[38;2;0;95;95m[48;2;215;255;255m+               ],
[38;2;0;95;95m[48;2;215;255;255m+             },
[38;2;0;95;95m[48;2;215;255;255m+             Dep {
[38;2;0;95;95m[48;2;215;255;255m+               "id": 22,
[38;2;0;95;95m[48;2;215;255;255m+               "subs": Array [
[38;2;0;95;95m[48;2;215;255;255m+                 [Circular],
[38;2;0;95;95m[48;2;215;255;255m+               ],
[38;2;0;95;95m[48;2;215;255;255m+             },
[38;2;0;95;95m[48;2;215;255;255m+           ],
[38;2;0;95;95m[48;2;215;255;255m+           "dirty": false,
[38;2;0;95;95m[48;2;215;255;255m+           "expression": "function () {
[38;2;0;95;95m[48;2;215;255;255m+       vm._update(vm._render(), hydrating);
[38;2;0;95;95m[48;2;215;255;255m+     }",
[38;2;0;95;95m[48;2;215;255;255m+           "getter": [Function],
[38;2;0;95;95m[48;2;215;255;255m+           "id": 5,
[38;2;0;95;95m[48;2;215;255;255m+           "lazy": false,
[38;2;0;95;95m[48;2;215;255;255m+           "newDepIds": Set {},
[38;2;0;95;95m[48;2;215;255;255m+           "newDeps": Array [],
[38;2;0;95;95m[48;2;215;255;255m+           "sync": false,
[38;2;0;95;95m[48;2;215;255;255m+           "user": false,
[38;2;0;95;95m[48;2;215;255;255m+           "value": undefined,
[38;2;0;95;95m[48;2;215;255;255m+           "vm": [Circular],
[38;2;0;95;95m[48;2;215;255;255m+         },
[38;2;0;95;95m[48;2;215;255;255m+         "_watchers": Array [
[38;2;0;95;95m[48;2;215;255;255m+           Watcher {
[38;2;0;95;95m[48;2;215;255;255m+             "active": true,
[38;2;0;95;95m[48;2;215;255;255m+             "before": [Function],
[38;2;0;95;95m[48;2;215;255;255m+             "cb": [Function],
[38;2;0;95;95m[48;2;215;255;255m+             "deep": false,
[38;2;0;95;95m[48;2;215;255;255m+             "depIds": Set {
[38;2;0;95;95m[48;2;215;255;255m+               21,
[38;2;0;95;95m[48;2;215;255;255m+               22,
[38;2;0;95;95m[48;2;215;255;255m+             },
[38;2;0;95;95m[48;2;215;255;255m+             "deps": Array [
[38;2;0;95;95m[48;2;215;255;255m+               Dep {
[38;2;0;95;95m[48;2;215;255;255m+                 "id": 21,
[38;2;0;95;95m[48;2;215;255;255m+                 "subs": Array [
[38;2;0;95;95m[48;2;215;255;255m+                   [Circular],
[38;2;0;95;95m[48;2;215;255;255m+                 ],
[38;2;0;95;95m[48;2;215;255;255m+               },
[38;2;0;95;95m[48;2;215;255;255m+               Dep {
[38;2;0;95;95m[48;2;215;255;255m+                 "id": 22,
[38;2;0;95;95m[48;2;215;255;255m+                 "subs": Array [
[38;2;0;95;95m[48;2;215;255;255m+                   [Circular],
[38;2;0;95;95m[48;2;215;255;255m+                 ],
[38;2;0;95;95m[48;2;215;255;255m+               },
[38;2;0;95;95m[48;2;215;255;255m+             ],
[38;2;0;95;95m[48;2;215;255;255m+             "dirty": false,
[38;2;0;95;95m[48;2;215;255;255m+             "expression": "function () {
[38;2;0;95;95m[48;2;215;255;255m+       vm._update(vm._render(), hydrating);
[38;2;0;95;95m[48;2;215;255;255m+     }",
[38;2;0;95;95m[48;2;215;255;255m+             "getter": [Function],
[38;2;0;95;95m[48;2;215;255;255m+             "id": 5,
[38;2;0;95;95m[48;2;215;255;255m+             "lazy": false,
[38;2;0;95;95m[48;2;215;255;255m+             "newDepIds": Set {},
[38;2;0;95;95m[48;2;215;255;255m+             "newDeps": Array [],
[38;2;0;95;95m[48;2;215;255;255m+             "sync": false,
[38;2;0;95;95m[48;2;215;255;255m+             "user": false,
[38;2;0;95;95m[48;2;215;255;255m+             "value": undefined,
[38;2;0;95;95m[48;2;215;255;255m+             "vm": [Circular],
[38;2;0;95;95m[48;2;215;255;255m+           },
[38;2;0;95;95m[48;2;215;255;255m+         ],
[38;2;0;95;95m[48;2;215;255;255m+         "vueTestUtils_childProps": Object {},
[38;2;0;95;95m[48;2;215;255;255m+       },
[38;2;0;95;95m[48;2;215;255;255m+       "_self": [Circular],
[38;2;0;95;95m[48;2;215;255;255m+       "_staticTrees": null,
[38;2;0;95;95m[48;2;215;255;255m+       "_uid": 2,
[38;2;0;95;95m[48;2;215;255;255m+       "_vnode": VNode {
[38;2;0;95;95m[48;2;215;255;255m+         "asyncFactory": undefined,
[38;2;0;95;95m[48;2;215;255;255m+         "asyncMeta": undefined,
[38;2;0;95;95m[48;2;215;255;255m+         "children": undefined,
[38;2;0;95;95m[48;2;215;255;255m+         "componentInstance": [Circular],
[38;2;0;95;95m[48;2;215;255;255m+         "componentOptions": Object {
[38;2;0;95;95m[48;2;215;255;255m+           "Ctor": [Function],
[38;2;0;95;95m[48;2;215;255;255m+           "children": undefined,
[38;2;0;95;95m[48;2;215;255;255m+           "listeners": Object {},
[38;2;0;95;95m[48;2;215;255;255m+           "propsData": undefined,
[38;2;0;95;95m[48;2;215;255;255m+           "tag": undefined,
[38;2;0;95;95m[48;2;215;255;255m+         },
[38;2;0;95;95m[48;2;215;255;255m+         "context": [Circular],
[38;2;0;95;95m[48;2;215;255;255m+         "data": Object {
[38;2;0;95;95m[48;2;215;255;255m+           "attrs": Object {},
[38;2;0;95;95m[48;2;215;255;255m+           "hook": Object {
[38;2;0;95;95m[48;2;215;255;255m+             "destroy": [Function],
[38;2;0;95;95m[48;2;215;255;255m+             "init": [Function],
[38;2;0;95;95m[48;2;215;255;255m+             "insert": [Function],
[38;2;0;95;95m[48;2;215;255;255m+             "prepatch": [Function],
[38;2;0;95;95m[48;2;215;255;255m+           },
[38;2;0;95;95m[48;2;215;255;255m+           "on": undefined,
[38;2;0;95;95m[48;2;215;255;255m+           "pendingInsert": null,
[38;2;0;95;95m[48;2;215;255;255m+           "scopedSlots": Object {
[38;2;0;95;95m[48;2;215;255;255m+             "_normalized": Object {},
[38;2;0;95;95m[48;2;215;255;255m+           },
[38;2;0;95;95m[48;2;215;255;255m+         },
[38;2;0;95;95m[48;2;215;255;255m+         "elm": <div>
[38;2;0;95;95m[48;2;215;255;255m+           <b-dropdown
[38;2;0;95;95m[48;2;215;255;255m+             no-caret=""
[38;2;0;95;95m[48;2;215;255;255m+             right=""
[38;2;0;95;95m[48;2;215;255;255m+             size="lg"
[38;2;0;95;95m[48;2;215;255;255m+             variant="link"
[38;2;0;95;95m[48;2;215;255;255m+           >
[38;2;0;95;95m[48;2;215;255;255m+              
[38;2;0;95;95m[48;2;215;255;255m+             <b-dropdown-item>
[38;2;0;95;95m[48;2;215;255;255m+               <b-icon
[38;2;0;95;95m[48;2;215;255;255m+                 icon="door-open"
[38;2;0;95;95m[48;2;215;255;255m+               />
[38;2;0;95;95m[48;2;215;255;255m+               
[38;2;0;95;95m[48;2;215;255;255m+       回到主页
[38;2;0;95;95m[48;2;215;255;255m+     
[38;2;0;95;95m[48;2;215;255;255m+             </b-dropdown-item>
[38;2;0;95;95m[48;2;215;255;255m+              
[38;2;0;95;95m[48;2;215;255;255m+             <b-dropdown-item>
[38;2;0;95;95m[48;2;215;255;255m+               <b-icon
[38;2;0;95;95m[48;2;215;255;255m+                 icon="cursor-fill"
[38;2;0;95;95m[48;2;215;255;255m+               />
[38;2;0;95;95m[48;2;215;255;255m+               
[38;2;0;95;95m[48;2;215;255;255m+       注销用户
[38;2;0;95;95m[48;2;215;255;255m+     
[38;2;0;95;95m[48;2;215;255;255m+             </b-dropdown-item>
[38;2;0;95;95m[48;2;215;255;255m+           </b-dropdown>
[38;2;0;95;95m[48;2;215;255;255m+         </div>,
[38;2;0;95;95m[48;2;215;255;255m+         "fnContext": undefined,
[38;2;0;95;95m[48;2;215;255;255m+         "fnOptions": undefined,
[38;2;0;95;95m[48;2;215;255;255m+         "fnScopeId": undefined,
[38;2;0;95;95m[48;2;215;255;255m+         "isAsyncPlaceholder": false,
[38;2;0;95;95m[48;2;215;255;255m+         "isCloned": false,
[38;2;0;95;95m[48;2;215;255;255m+         "isComment": false,
[38;2;0;95;95m[48;2;215;255;255m+         "isOnce": false,
[38;2;0;95;95m[48;2;215;255;255m+         "isRootInsert": true,
[38;2;0;95;95m[48;2;215;255;255m+         "isStatic": false,
[38;2;0;95;95m[48;2;215;255;255m+         "key": undefined,
[38;2;0;95;95m[48;2;215;255;255m+         "ns": undefined,
[38;2;0;95;95m[48;2;215;255;255m+         "parent": undefined,
[38;2;0;95;95m[48;2;215;255;255m+         "raw": false,
[38;2;0;95;95m[48;2;215;255;255m+         "tag": "vue-component-1408-UserLogo",
[38;2;0;95;95m[48;2;215;255;255m+         "text": undefined,
[38;2;0;95;95m[48;2;215;255;255m+       },
[38;2;0;95;95m[48;2;215;255;255m+       "_watcher": Watcher {
[38;2;0;95;95m[48;2;215;255;255m+         "active": true,
[38;2;0;95;95m[48;2;215;255;255m+         "before": [Function],
[38;2;0;95;95m[48;2;215;255;255m+         "cb": [Function],
[38;2;0;95;95m[48;2;215;255;255m+         "deep": false,
[38;2;0;95;95m[48;2;215;255;255m+         "depIds": Set {
[38;2;0;95;95m[48;2;215;255;255m+           21,
[38;2;0;95;95m[48;2;215;255;255m+           22,
[38;2;0;95;95m[48;2;215;255;255m+         },
[38;2;0;95;95m[48;2;215;255;255m+         "deps": Array [
[38;2;0;95;95m[48;2;215;255;255m+           Dep {
[38;2;0;95;95m[48;2;215;255;255m+             "id": 21,
[38;2;0;95;95m[48;2;215;255;255m+             "subs": Array [
[38;2;0;95;95m[48;2;215;255;255m+               [Circular],
[38;2;0;95;95m[48;2;215;255;255m+             ],
[38;2;0;95;95m[48;2;215;255;255m+           },
[38;2;0;95;95m[48;2;215;255;255m+           Dep {
[38;2;0;95;95m[48;2;215;255;255m+             "id": 22,
[38;2;0;95;95m[48;2;215;255;255m+             "subs": Array [
[38;2;0;95;95m[48;2;215;255;255m+               [Circular],
[38;2;0;95;95m[48;2;215;255;255m+             ],
[38;2;0;95;95m[48;2;215;255;255m+           },
[38;2;0;95;95m[48;2;215;255;255m+         ],
[38;2;0;95;95m[48;2;215;255;255m+         "dirty": false,
[38;2;0;95;95m[48;2;215;255;255m+         "expression": "function () {
[38;2;0;95;95m[48;2;215;255;255m+       vm._update(vm._render(), hydrating);
[38;2;0;95;95m[48;2;215;255;255m+     }",
[38;2;0;95;95m[48;2;215;255;255m+         "getter": [Function],
[38;2;0;95;95m[48;2;215;255;255m+         "id": 5,
[38;2;0;95;95m[48;2;215;255;255m+         "lazy": false,
[38;2;0;95;95m[48;2;215;255;255m+         "newDepIds": Set {},
[38;2;0;95;95m[48;2;215;255;255m+         "newDeps": Array [],
[38;2;0;95;95m[48;2;215;255;255m+         "sync": false,
[38;2;0;95;95m[48;2;215;255;255m+         "user": false,
[38;2;0;95;95m[48;2;215;255;255m+         "value": undefined,
[38;2;0;95;95m[48;2;215;255;255m+         "vm": [Circular],
[38;2;0;95;95m[48;2;215;255;255m+       },
[38;2;0;95;95m[48;2;215;255;255m+       "_watchers": Array [
[38;2;0;95;95m[48;2;215;255;255m+         Watcher {
[38;2;0;95;95m[48;2;215;255;255m+           "active": true,
[38;2;0;95;95m[48;2;215;255;255m+           "before": [Function],
[38;2;0;95;95m[48;2;215;255;255m+           "cb": [Function],
[38;2;0;95;95m[48;2;215;255;255m+           "deep": false,
[38;2;0;95;95m[48;2;215;255;255m+           "depIds": Set {
[38;2;0;95;95m[48;2;215;255;255m+             21,
[38;2;0;95;95m[48;2;215;255;255m+             22,
[38;2;0;95;95m[48;2;215;255;255m+           },
[38;2;0;95;95m[48;2;215;255;255m+           "deps": Array [
[38;2;0;95;95m[48;2;215;255;255m+             Dep {
[38;2;0;95;95m[48;2;215;255;255m+               "id": 21,
[38;2;0;95;95m[48;2;215;255;255m+               "subs": Array [
[38;2;0;95;95m[48;2;215;255;255m+                 [Circular],
[38;2;0;95;95m[48;2;215;255;255m+               ],
[38;2;0;95;95m[48;2;215;255;255m+             },
[38;2;0;95;95m[48;2;215;255;255m+             Dep {
[38;2;0;95;95m[48;2;215;255;255m+               "id": 22,
[38;2;0;95;95m[48;2;215;255;255m+               "subs": Array [
[38;2;0;95;95m[48;2;215;255;255m+                 [Circular],
[38;2;0;95;95m[48;2;215;255;255m+               ],
[38;2;0;95;95m[48;2;215;255;255m+             },
[38;2;0;95;95m[48;2;215;255;255m+           ],
[38;2;0;95;95m[48;2;215;255;255m+           "dirty": false,
[38;2;0;95;95m[48;2;215;255;255m+           "expression": "function () {
[38;2;0;95;95m[48;2;215;255;255m+       vm._update(vm._render(), hydrating);
[38;2;0;95;95m[48;2;215;255;255m+     }",
[38;2;0;95;95m[48;2;215;255;255m+           "getter": [Function],
[38;2;0;95;95m[48;2;215;255;255m+           "id": 5,
[38;2;0;95;95m[48;2;215;255;255m+           "lazy": false,
[38;2;0;95;95m[48;2;215;255;255m+           "newDepIds": Set {},
[38;2;0;95;95m[48;2;215;255;255m+           "newDeps": Array [],
[38;2;0;95;95m[48;2;215;255;255m+           "sync": false,
[38;2;0;95;95m[48;2;215;255;255m+           "user": false,
[38;2;0;95;95m[48;2;215;255;255m+           "value": undefined,
[38;2;0;95;95m[48;2;215;255;255m+           "vm": [Circular],
[38;2;0;95;95m[48;2;215;255;255m+         },
[38;2;0;95;95m[48;2;215;255;255m+       ],
[38;2;0;95;95m[48;2;215;255;255m+       "vueTestUtils_childProps": Object {},
[38;2;0;95;95m[48;2;215;255;255m+     },
[38;2;0;95;95m[48;2;215;255;255m+     "propsData": undefined,
[38;2;0;95;95m[48;2;215;255;255m+   },
[38;2;0;95;95m[48;2;215;255;255m+   "$parent": VueComponent {
[38;2;0;95;95m[48;2;215;255;255m+     "$attrs": Object {},
[38;2;0;95;95m[48;2;215;255;255m+     "$children": Array [
[38;2;0;95;95m[48;2;215;255;255m+       [Circular],
[38;2;0;95;95m[48;2;215;255;255m+     ],
[38;2;0;95;95m[48;2;215;255;255m+     "$createElement": [Function],
[38;2;0;95;95m[48;2;215;255;255m+     "$el": <div>
[38;2;0;95;95m[48;2;215;255;255m+       <b-dropdown
[38;2;0;95;95m[48;2;215;255;255m+         no-caret=""
[38;2;0;95;95m[48;2;215;255;255m+         right=""
[38;2;0;95;95m[48;2;215;255;255m+         size="lg"
[38;2;0;95;95m[48;2;215;255;255m+         variant="link"
[38;2;0;95;95m[48;2;215;255;255m+       >
[38;2;0;95;95m[48;2;215;255;255m+          
[38;2;0;95;95m[48;2;215;255;255m+         <b-dropdown-item>
[38;2;0;95;95m[48;2;215;255;255m+           <b-icon
[38;2;0;95;95m[48;2;215;255;255m+             icon="door-open"
[38;2;0;95;95m[48;2;215;255;255m+           />
[38;2;0;95;95m[48;2;215;255;255m+           
[38;2;0;95;95m[48;2;215;255;255m+       回到主页
[38;2;0;95;95m[48;2;215;255;255m+     
[38;2;0;95;95m[48;2;215;255;255m+         </b-dropdown-item>
[38;2;0;95;95m[48;2;215;255;255m+          
[38;2;0;95;95m[48;2;215;255;255m+         <b-dropdown-item>
[38;2;0;95;95m[48;2;215;255;255m+           <b-icon
[38;2;0;95;95m[48;2;215;255;255m+             icon="cursor-fill"
[38;2;0;95;95m[48;2;215;255;255m+           />
[38;2;0;95;95m[48;2;215;255;255m+           
[38;2;0;95;95m[48;2;215;255;255m+       注销用户
[38;2;0;95;95m[48;2;215;255;255m+     
[38;2;0;95;95m[48;2;215;255;255m+         </b-dropdown-item>
[38;2;0;95;95m[48;2;215;255;255m+       </b-dropdown>
[38;2;0;95;95m[48;2;215;255;255m+     </div>,
[38;2;0;95;95m[48;2;215;255;255m+     "$emit": [Function],
[38;2;0;95;95m[48;2;215;255;255m+     "$listeners": Object {},
[38;2;0;95;95m[48;2;215;255;255m+     "$options": Object {
[38;2;0;95;95m[48;2;215;255;255m+       "$_doNotStubChildren": true,
[38;2;0;95;95m[48;2;215;255;255m+       "$_isWrapperParent": true,
[38;2;0;95;95m[48;2;215;255;255m+       "_Ctor": Object {
[38;2;0;95;95m[48;2;215;255;255m+         "1404": [Function],
[38;2;0;95;95m[48;2;215;255;255m+       },
[38;2;0;95;95m[48;2;215;255;255m+       "_base": [Function],
[38;2;0;95;95m[48;2;215;255;255m+       "_installedPlugins": Array [
[38;2;0;95;95m[48;2;215;255;255m+         Object {
[38;2;0;95;95m[48;2;215;255;255m+           "install": [Function],
[38;2;0;95;95m[48;2;215;255;255m+         },
[38;2;0;95;95m[48;2;215;255;255m+         Object {
[38;2;0;95;95m[48;2;215;255;255m+           "install": [Function],
[38;2;0;95;95m[48;2;215;255;255m+         },
[38;2;0;95;95m[48;2;215;255;255m+         Object {
[38;2;0;95;95m[48;2;215;255;255m+           "install": [Function],
[38;2;0;95;95m[48;2;215;255;255m+         },
[38;2;0;95;95m[48;2;215;255;255m+         Object {
[38;2;0;95;95m[48;2;215;255;255m+           "install": [Function],
[38;2;0;95;95m[48;2;215;255;255m+         },
[38;2;0;95;95m[48;2;215;255;255m+         Object {
[38;2;0;95;95m[48;2;215;255;255m+           "install": [Function],
[38;2;0;95;95m[48;2;215;255;255m+         },
[38;2;0;95;95m[48;2;215;255;255m+         Object {
[38;2;0;95;95m[48;2;215;255;255m+           "install": [Function],
[38;2;0;95;95m[48;2;215;255;255m+         },
[38;2;0;95;95m[48;2;215;255;255m+         Object {
[38;2;0;95;95m[48;2;215;255;255m+           "install": [Function],
[38;2;0;95;95m[48;2;215;255;255m+         },
[38;2;0;95;95m[48;2;215;255;255m+         Object {
[38;2;0;95;95m[48;2;215;255;255m+           "install": [Function],
[38;2;0;95;95m[48;2;215;255;255m+         },
[38;2;0;95;95m[48;2;215;255;255m+         Object {
[38;2;0;95;95m[48;2;215;255;255m+           "install": [Function],
[38;2;0;95;95m[48;2;215;255;255m+         },
[38;2;0;95;95m[48;2;215;255;255m+         Object {
[38;2;0;95;95m[48;2;215;255;255m+           "install": [Function],
[38;2;0;95;95m[48;2;215;255;255m+         },
[38;2;0;95;95m[48;2;215;255;255m+         Object {
[38;2;0;95;95m[48;2;215;255;255m+           "install": [Function],
[38;2;0;95;95m[48;2;215;255;255m+         },
[38;2;0;95;95m[48;2;215;255;255m+         Object {
[38;2;0;95;95m[48;2;215;255;255m+           "install": [Function],
[38;2;0;95;95m[48;2;215;255;255m+         },
[38;2;0;95;95m[48;2;215;255;255m+         Object {
[38;2;0;95;95m[48;2;215;255;255m+           "install": [Function],
[38;2;0;95;95m[48;2;215;255;255m+         },
[38;2;0;95;95m[48;2;215;255;255m+         Object {
[38;2;0;95;95m[48;2;215;255;255m+           "install": [Function],
[38;2;0;95;95m[48;2;215;255;255m+         },
[38;2;0;95;95m[48;2;215;255;255m+         Object {
[38;2;0;95;95m[48;2;215;255;255m+           "install": [Function],
[38;2;0;95;95m[48;2;215;255;255m+         },
[38;2;0;95;95m[48;2;215;255;255m+         Object {
[38;2;0;95;95m[48;2;215;255;255m+           "install": [Function],
[38;2;0;95;95m[48;2;215;255;255m+         },
[38;2;0;95;95m[48;2;215;255;255m+         Object {
[38;2;0;95;95m[48;2;215;255;255m+           "install": [Function],
[38;2;0;95;95m[48;2;215;255;255m+         },
[38;2;0;95;95m[48;2;215;255;255m+         Object {
[38;2;0;95;95m[48;2;215;255;255m+           "install": [Function],
[38;2;0;95;95m[48;2;215;255;255m+         },
[38;2;0;95;95m[48;2;215;255;255m+         Object {
[38;2;0;95;95m[48;2;215;255;255m+           "install": [Function],
[38;2;0;95;95m[48;2;215;255;255m+         },
[38;2;0;95;95m[48;2;215;255;255m+         Object {
[38;2;0;95;95m[48;2;215;255;255m+           "install": [Function],
[38;2;0;95;95m[48;2;215;255;255m+         },
[38;2;0;95;95m[48;2;215;255;255m+         Object {
[38;2;0;95;95m[48;2;215;255;255m+           "install": [Function],
[38;2;0;95;95m[48;2;215;255;255m+         },
[38;2;0;95;95m[48;2;215;255;255m+         Object {
[38;2;0;95;95m[48;2;215;255;255m+           "install": [Function],
[38;2;0;95;95m[48;2;215;255;255m+         },
[38;2;0;95;95m[48;2;215;255;255m+         Object {
[38;2;0;95;95m[48;2;215;255;255m+           "install": [Function],
[38;2;0;95;95m[48;2;215;255;255m+         },
[38;2;0;95;95m[48;2;215;255;255m+         Object {
[38;2;0;95;95m[48;2;215;255;255m+           "install": [Function],
[38;2;0;95;95m[48;2;215;255;255m+         },
[38;2;0;95;95m[48;2;215;255;255m+         Object {
[38;2;0;95;95m[48;2;215;255;255m+           "install": [Function],
[38;2;0;95;95m[48;2;215;255;255m+         },
[38;2;0;95;95m[48;2;215;255;255m+         Object {
[38;2;0;95;95m[48;2;215;255;255m+           "install": [Function],
[38;2;0;95;95m[48;2;215;255;255m+         },
[38;2;0;95;95m[48;2;215;255;255m+         Object {
[38;2;0;95;95m[48;2;215;255;255m+           "install": [Function],
[38;2;0;95;95m[48;2;215;255;255m+         },
[38;2;0;95;95m[48;2;215;255;255m+         Object {
[38;2;0;95;95m[48;2;215;255;255m+           "install": [Function],
[38;2;0;95;95m[48;2;215;255;255m+         },
[38;2;0;95;95m[48;2;215;255;255m+         Object {
[38;2;0;95;95m[48;2;215;255;255m+           "install": [Function],
[38;2;0;95;95m[48;2;215;255;255m+         },
[38;2;0;95;95m[48;2;215;255;255m+         Object {
[38;2;0;95;95m[48;2;215;255;255m+           "install": [Function],
[38;2;0;95;95m[48;2;215;255;255m+         },
[38;2;0;95;95m[48;2;215;255;255m+         Object {
[38;2;0;95;95m[48;2;215;255;255m+           "install": [Function],
[38;2;0;95;95m[48;2;215;255;255m+         },
[38;2;0;95;95m[48;2;215;255;255m+         Object {
[38;2;0;95;95m[48;2;215;255;255m+           "install": [Function],
[38;2;0;95;95m[48;2;215;255;255m+         },
[38;2;0;95;95m[48;2;215;255;255m+         Object {
[38;2;0;95;95m[48;2;215;255;255m+           "install": [Function],
[38;2;0;95;95m[48;2;215;255;255m+         },
[38;2;0;95;95m[48;2;215;255;255m+         Object {
[38;2;0;95;95m[48;2;215;255;255m+           "install": [Function],
[38;2;0;95;95m[48;2;215;255;255m+         },
[38;2;0;95;95m[48;2;215;255;255m+         Object {
[38;2;0;95;95m[48;2;215;255;255m+           "install": [Function],
[38;2;0;95;95m[48;2;215;255;255m+         },
[38;2;0;95;95m[48;2;215;255;255m+         [Function],
[38;2;0;95;95m[48;2;215;255;255m+         Object {
[38;2;0;95;95m[48;2;215;255;255m+           "install": [Function],
[38;2;0;95;95m[48;2;215;255;255m+         },
[38;2;0;95;95m[48;2;215;255;255m+         Object {
[38;2;0;95;95m[48;2;215;255;255m+           "install": [Function],
[38;2;0;95;95m[48;2;215;255;255m+         },
[38;2;0;95;95m[48;2;215;255;255m+         Object {
[38;2;0;95;95m[48;2;215;255;255m+           "install": [Function],
[38;2;0;95;95m[48;2;215;255;255m+         },
[38;2;0;95;95m[48;2;215;255;255m+         Object {
[38;2;0;95;95m[48;2;215;255;255m+           "install": [Function],
[38;2;0;95;95m[48;2;215;255;255m+         },
[38;2;0;95;95m[48;2;215;255;255m+         Object {
[38;2;0;95;95m[48;2;215;255;255m+           "install": [Function],
[38;2;0;95;95m[48;2;215;255;255m+         },
[38;2;0;95;95m[48;2;215;255;255m+         Object {
[38;2;0;95;95m[48;2;215;255;255m+           "install": [Function],
[38;2;0;95;95m[48;2;215;255;255m+         },
[38;2;0;95;95m[48;2;215;255;255m+         Object {
[38;2;0;95;95m[48;2;215;255;255m+           "install": [Function],
[38;2;0;95;95m[48;2;215;255;255m+         },
[38;2;0;95;95m[48;2;215;255;255m+         Object {
[38;2;0;95;95m[48;2;215;255;255m+           "install": [Function],
[38;2;0;95;95m[48;2;215;255;255m+         },
[38;2;0;95;95m[48;2;215;255;255m+         Object {
[38;2;0;95;95m[48;2;215;255;255m+           "install": [Function],
[38;2;0;95;95m[48;2;215;255;255m+         },
[38;2;0;95;95m[48;2;215;255;255m+         Object {
[38;2;0;95;95m[48;2;215;255;255m+           "install": [Function],
[38;2;0;95;95m[48;2;215;255;255m+         },
[38;2;0;95;95m[48;2;215;255;255m+         Object {
[38;2;0;95;95m[48;2;215;255;255m+           "install": [Function],
[38;2;0;95;95m[48;2;215;255;255m+         },
[38;2;0;95;95m[48;2;215;255;255m+         Object {
[38;2;0;95;95m[48;2;215;255;255m+           "install": [Function],
[38;2;0;95;95m[48;2;215;255;255m+         },
[38;2;0;95;95m[48;2;215;255;255m+         Object {
[38;2;0;95;95m[48;2;215;255;255m+           "install": [Function],
[38;2;0;95;95m[48;2;215;255;255m+         },
[38;2;0;95;95m[48;2;215;255;255m+         Object {
[38;2;0;95;95m[48;2;215;255;255m+           "install": [Function],
[38;2;0;95;95m[48;2;215;255;255m+         },
[38;2;0;95;95m[48;2;215;255;255m+         Object {
[38;2;0;95;95m[48;2;215;255;255m+           "install": [Function],
[38;2;0;95;95m[48;2;215;255;255m+         },
[38;2;0;95;95m[48;2;215;255;255m+         Object {
[38;2;0;95;95m[48;2;215;255;255m+           "install": [Function],
[38;2;0;95;95m[48;2;215;255;255m+         },
[38;2;0;95;95m[48;2;215;255;255m+         Object {
[38;2;0;95;95m[48;2;215;255;255m+           "install": [Function],
[38;2;0;95;95m[48;2;215;255;255m+         },
[38;2;0;95;95m[48;2;215;255;255m+         Object {
[38;2;0;95;95m[48;2;215;255;255m+           "install": [Function],
[38;2;0;95;95m[48;2;215;255;255m+         },
[38;2;0;95;95m[48;2;215;255;255m+         [Function],
[38;2;0;95;95m[48;2;215;255;255m+         Object {
[38;2;0;95;95m[48;2;215;255;255m+           "install": [Function],
[38;2;0;95;95m[48;2;215;255;255m+         },
[38;2;0;95;95m[48;2;215;255;255m+         Object {
[38;2;0;95;95m[48;2;215;255;255m+           "install": [Function],
[38;2;0;95;95m[48;2;215;255;255m+         },
[38;2;0;95;95m[48;2;215;255;255m+         Object {
[38;2;0;95;95m[48;2;215;255;255m+           "install": [Function],
[38;2;0;95;95m[48;2;215;255;255m+         },
[38;2;0;95;95m[48;2;215;255;255m+         Object {
[38;2;0;95;95m[48;2;215;255;255m+           "install": [Function],
[38;2;0;95;95m[48;2;215;255;255m+         },
[38;2;0;95;95m[48;2;215;255;255m+         Object {
[38;2;0;95;95m[48;2;215;255;255m+           "install": [Function],
[38;2;0;95;95m[48;2;215;255;255m+         },
[38;2;0;95;95m[48;2;215;255;255m+         Object {
[38;2;0;95;95m[48;2;215;255;255m+           "install": [Function],
[38;2;0;95;95m[48;2;215;255;255m+         },
[38;2;0;95;95m[48;2;215;255;255m+         Object {
[38;2;0;95;95m[48;2;215;255;255m+           "install": [Function],
[38;2;0;95;95m[48;2;215;255;255m+         },
[38;2;0;95;95m[48;2;215;255;255m+         Object {
[38;2;0;95;95m[48;2;215;255;255m+           "install": [Function],
[38;2;0;95;95m[48;2;215;255;255m+         },
[38;2;0;95;95m[48;2;215;255;255m+         Object {
[38;2;0;95;95m[48;2;215;255;255m+           "install": [Function],
[38;2;0;95;95m[48;2;215;255;255m+         },
[38;2;0;95;95m[48;2;215;255;255m+         Object {
[38;2;0;95;95m[48;2;215;255;255m+           "install": [Function],
[38;2;0;95;95m[48;2;215;255;255m+         },
[38;2;0;95;95m[48;2;215;255;255m+         Object {
[38;2;0;95;95m[48;2;215;255;255m+           "NAME": "BootstrapVue",
[38;2;0;95;95m[48;2;215;255;255m+           "install": [Function],
[38;2;0;95;95m[48;2;215;255;255m+         },
[38;2;0;95;95m[48;2;215;255;255m+       ],
[38;2;0;95;95m[48;2;215;255;255m+       "_isFunctionalContainer": undefined,
[38;2;0;95;95m[48;2;215;255;255m+       "beforeCreate": Array [
[38;2;0;95;95m[48;2;215;255;255m+         [Function],
[38;2;0;95;95m[48;2;215;255;255m+         [Function],
[38;2;0;95;95m[48;2;215;255;255m+         [Function],
[38;2;0;95;95m[48;2;215;255;255m+       ],
[38;2;0;95;95m[48;2;215;255;255m+       "cid": 1398,
[38;2;0;95;95m[48;2;215;255;255m+       "component": [Function],
[38;2;0;95;95m[48;2;215;255;255m+       "components": Object {
[38;2;0;95;95m[48;2;215;255;255m+         "transition": Object {
[38;2;0;95;95m[48;2;215;255;255m+           "$_doNotStubChildren": true,
[38;2;0;95;95m[48;2;215;255;255m+           "$_vueTestUtils_original": Object {
[38;2;0;95;95m[48;2;215;255;255m+             "_Ctor": Object {
[38;2;0;95;95m[48;2;215;255;255m+               "1404": [Function],
[38;2;0;95;95m[48;2;215;255;255m+             },
[38;2;0;95;95m[48;2;215;255;255m+             "abstract": true,
[38;2;0;95;95m[48;2;215;255;255m+             "name": "transition",
[38;2;0;95;95m[48;2;215;255;255m+             "props": Object {
[38;2;0;95;95m[48;2;215;255;255m+               "appear": Object {
[38;2;0;95;95m[48;2;215;255;255m+                 "type": [Function],
[38;2;0;95;95m[48;2;215;255;255m+               },
[38;2;0;95;95m[48;2;215;255;255m+               "appearActiveClass": Object {
[38;2;0;95;95m[48;2;215;255;255m+                 "type": [Function],
[38;2;0;95;95m[48;2;215;255;255m+               },
[38;2;0;95;95m[48;2;215;255;255m+               "appearClass": Object {
[38;2;0;95;95m[48;2;215;255;255m+                 "type": [Function],
[38;2;0;95;95m[48;2;215;255;255m+               },
[38;2;0;95;95m[48;2;215;255;255m+               "appearToClass": Object {
[38;2;0;95;95m[48;2;215;255;255m+                 "type": [Function],
[38;2;0;95;95m[48;2;215;255;255m+               },
[38;2;0;95;95m[48;2;215;255;255m+               "css": Object {
[38;2;0;95;95m[48;2;215;255;255m+                 "type": [Function],
[38;2;0;95;95m[48;2;215;255;255m+               },
[38;2;0;95;95m[48;2;215;255;255m+               "duration": Object {
[38;2;0;95;95m[48;2;215;255;255m+                 "type": Array [
[38;2;0;95;95m[48;2;215;255;255m+                   [Function],
[38;2;0;95;95m[48;2;215;255;255m+                   [Function],
[38;2;0;95;95m[48;2;215;255;255m+                   [Function],
[38;2;0;95;95m[48;2;215;255;255m+                 ],
[38;2;0;95;95m[48;2;215;255;255m+               },
[38;2;0;95;95m[48;2;215;255;255m+               "enterActiveClass": Object {
[38;2;0;95;95m[48;2;215;255;255m+                 "type": [Function],
[38;2;0;95;95m[48;2;215;255;255m+               },
[38;2;0;95;95m[48;2;215;255;255m+               "enterClass": Object {
[38;2;0;95;95m[48;2;215;255;255m+                 "type": [Function],
[38;2;0;95;95m[48;2;215;255;255m+               },
[38;2;0;95;95m[48;2;215;255;255m+               "enterToClass": Object {
[38;2;0;95;95m[48;2;215;255;255m+                 "type": [Function],
[38;2;0;95;95m[48;2;215;255;255m+               },
[38;2;0;95;95m[48;2;215;255;255m+               "leaveActiveClass": Object {
[38;2;0;95;95m[48;2;215;255;255m+                 "type": [Function],
[38;2;0;95;95m[48;2;215;255;255m+               },
[38;2;0;95;95m[48;2;215;255;255m+               "leaveClass": Object {
[38;2;0;95;95m[48;2;215;255;255m+                 "type": [Function],
[38;2;0;95;95m[48;2;215;255;255m+               },
[38;2;0;95;95m[48;2;215;255;255m+               "leaveToClass": Object {
[38;2;0;95;95m[48;2;215;255;255m+                 "type": [Function],
[38;2;0;95;95m[48;2;215;255;255m+               },
[38;2;0;95;95m[48;2;215;255;255m+               "mode": Object {
[38;2;0;95;95m[48;2;215;255;255m+                 "type": [Function],
[38;2;0;95;95m[48;2;215;255;255m+               },
[38;2;0;95;95m[48;2;215;255;255m+               "name": Object {
[38;2;0;95;95m[48;2;215;255;255m+                 "type": [Function],
[38;2;0;95;95m[48;2;215;255;255m+               },
[38;2;0;95;95m[48;2;215;255;255m+               "type": Object {
[38;2;0;95;95m[48;2;215;255;255m+                 "type": [Function],
[38;2;0;95;95m[48;2;215;255;255m+               },
[38;2;0;95;95m[48;2;215;255;255m+             },
[38;2;0;95;95m[48;2;215;255;255m+             "render": [Function],
[38;2;0;95;95m[48;2;215;255;255m+           },
[38;2;0;95;95m[48;2;215;255;255m+           "abstract": true,
[38;2;0;95;95m[48;2;215;255;255m+           "attrs": undefined,
[38;2;0;95;95m[48;2;215;255;255m+           "class": undefined,
[38;2;0;95;95m[48;2;215;255;255m+           "domProps": undefined,
[38;2;0;95;95m[48;2;215;255;255m+           "functional": undefined,
[38;2;0;95;95m[48;2;215;255;255m+           "key": undefined,
[38;2;0;95;95m[48;2;215;255;255m+           "model": undefined,
[38;2;0;95;95m[48;2;215;255;255m+           "name": "transition",
[38;2;0;95;95m[48;2;215;255;255m+           "nativeOn": undefined,
[38;2;0;95;95m[48;2;215;255;255m+           "normalizedStyle": undefined,
[38;2;0;95;95m[48;2;215;255;255m+           "on": undefined,
[38;2;0;95;95m[48;2;215;255;255m+           "props": Object {
[38;2;0;95;95m[48;2;215;255;255m+             "appear": Object {
[38;2;0;95;95m[48;2;215;255;255m+               "type": [Function],
[38;2;0;95;95m[48;2;215;255;255m+             },
[38;2;0;95;95m[48;2;215;255;255m+             "appearActiveClass": Object {
[38;2;0;95;95m[48;2;215;255;255m+               "type": [Function],
[38;2;0;95;95m[48;2;215;255;255m+             },
[38;2;0;95;95m[48;2;215;255;255m+             "appearClass": Object {
[38;2;0;95;95m[48;2;215;255;255m+               "type": [Function],
[38;2;0;95;95m[48;2;215;255;255m+             },
[38;2;0;95;95m[48;2;215;255;255m+             "appearToClass": Object {
[38;2;0;95;95m[48;2;215;255;255m+               "type": [Function],
[38;2;0;95;95m[48;2;215;255;255m+             },
[38;2;0;95;95m[48;2;215;255;255m+             "css": Object {
[38;2;0;95;95m[48;2;215;255;255m+               "type": [Function],
[38;2;0;95;95m[48;2;215;255;255m+             },
[38;2;0;95;95m[48;2;215;255;255m+             "duration": Object {
[38;2;0;95;95m[48;2;215;255;255m+               "type": Array [
[38;2;0;95;95m[48;2;215;255;255m+                 [Function],
[38;2;0;95;95m[48;2;215;255;255m+                 [Function],
[38;2;0;95;95m[48;2;215;255;255m+                 [Function],
[38;2;0;95;95m[48;2;215;255;255m+               ],
[38;2;0;95;95m[48;2;215;255;255m+             },
[38;2;0;95;95m[48;2;215;255;255m+             "enterActiveClass": Object {
[38;2;0;95;95m[48;2;215;255;255m+               "type": [Function],
[38;2;0;95;95m[48;2;215;255;255m+             },
[38;2;0;95;95m[48;2;215;255;255m+             "enterClass": Object {
[38;2;0;95;95m[48;2;215;255;255m+               "type": [Function],
[38;2;0;95;95m[48;2;215;255;255m+             },
[38;2;0;95;95m[48;2;215;255;255m+             "enterToClass": Object {
[38;2;0;95;95m[48;2;215;255;255m+               "type": [Function],
[38;2;0;95;95m[48;2;215;255;255m+             },
[38;2;0;95;95m[48;2;215;255;255m+             "leaveActiveClass": Object {
[38;2;0;95;95m[48;2;215;255;255m+               "type": [Function],
[38;2;0;95;95m[48;2;215;255;255m+             },
[38;2;0;95;95m[48;2;215;255;255m+             "leaveClass": Object {
[38;2;0;95;95m[48;2;215;255;255m+               "type": [Function],
[38;2;0;95;95m[48;2;215;255;255m+             },
[38;2;0;95;95m[48;2;215;255;255m+             "leaveToClass": Object {
[38;2;0;95;95m[48;2;215;255;255m+               "type": [Function],
[38;2;0;95;95m[48;2;215;255;255m+             },
[38;2;0;95;95m[48;2;215;255;255m+             "mode": Object {
[38;2;0;95;95m[48;2;215;255;255m+               "type": [Function],
[38;2;0;95;95m[48;2;215;255;255m+             },
[38;2;0;95;95m[48;2;215;255;255m+             "name": Object {
[38;2;0;95;95m[48;2;215;255;255m+               "type": [Function],
[38;2;0;95;95m[48;2;215;255;255m+             },
[38;2;0;95;95m[48;2;215;255;255m+             "type": Object {
[38;2;0;95;95m[48;2;215;255;255m+               "type": [Function],
[38;2;0;95;95m[48;2;215;255;255m+             },
[38;2;0;95;95m[48;2;215;255;255m+           },
[38;2;0;95;95m[48;2;215;255;255m+           "render": [Function],
[38;2;0;95;95m[48;2;215;255;255m+           "staticClass": undefined,
[38;2;0;95;95m[48;2;215;255;255m+           "staticStyle": undefined,
[38;2;0;95;95m[48;2;215;255;255m+           "style": undefined,
[38;2;0;95;95m[48;2;215;255;255m+         },
[38;2;0;95;95m[48;2;215;255;255m+         "transition-group": Object {
[38;2;0;95;95m[48;2;215;255;255m+           "$_doNotStubChildren": true,
[38;2;0;95;95m[48;2;215;255;255m+           "$_vueTestUtils_original": Object {
[38;2;0;95;95m[48;2;215;255;255m+             "_Ctor": Object {
[38;2;0;95;95m[48;2;215;255;255m+               "1404": [Function],
[38;2;0;95;95m[48;2;215;255;255m+             },
[38;2;0;95;95m[48;2;215;255;255m+             "beforeMount": [Function],
[38;2;0;95;95m[48;2;215;255;255m+             "methods": Object {
[38;2;0;95;95m[48;2;215;255;255m+               "hasMove": [Function],
[38;2;0;95;95m[48;2;215;255;255m+             },
[38;2;0;95;95m[48;2;215;255;255m+             "props": Object {
[38;2;0;95;95m[48;2;215;255;255m+               "appear": Object {
[38;2;0;95;95m[48;2;215;255;255m+                 "type": [Function],
[38;2;0;95;95m[48;2;215;255;255m+               },
[38;2;0;95;95m[48;2;215;255;255m+               "appearActiveClass": Object {
[38;2;0;95;95m[48;2;215;255;255m+                 "type": [Function],
[38;2;0;95;95m[48;2;215;255;255m+               },
[38;2;0;95;95m[48;2;215;255;255m+               "appearClass": Object {
[38;2;0;95;95m[48;2;215;255;255m+                 "type": [Function],
[38;2;0;95;95m[48;2;215;255;255m+               },
[38;2;0;95;95m[48;2;215;255;255m+               "appearToClass": Object {
[38;2;0;95;95m[48;2;215;255;255m+                 "type": [Function],
[38;2;0;95;95m[48;2;215;255;255m+               },
[38;2;0;95;95m[48;2;215;255;255m+               "css": Object {
[38;2;0;95;95m[48;2;215;255;255m+                 "type": [Function],
[38;2;0;95;95m[48;2;215;255;255m+               },
[38;2;0;95;95m[48;2;215;255;255m+               "duration": Object {
[38;2;0;95;95m[48;2;215;255;255m+                 "type": Array [
[38;2;0;95;95m[48;2;215;255;255m+                   [Function],
[38;2;0;95;95m[48;2;215;255;255m+                   [Function],
[38;2;0;95;95m[48;2;215;255;255m+                   [Function],
[38;2;0;95;95m[48;2;215;255;255m+                 ],
[38;2;0;95;95m[48;2;215;255;255m+               },
[38;2;0;95;95m[48;2;215;255;255m+               "enterActiveClass": Object {
[38;2;0;95;95m[48;2;215;255;255m+                 "type": [Function],
[38;2;0;95;95m[48;2;215;255;255m+               },
[38;2;0;95;95m[48;2;215;255;255m+               "enterClass": Object {
[38;2;0;95;95m[48;2;215;255;255m+                 "type": [Function],
[38;2;0;95;95m[48;2;215;255;255m+               },
[38;2;0;95;95m[48;2;215;255;255m+               "enterToClass": Object {
[38;2;0;95;95m[48;2;215;255;255m+                 "type": [Function],
[38;2;0;95;95m[48;2;215;255;255m+               },
[38;2;0;95;95m[48;2;215;255;255m+               "leaveActiveClass": Object {
[38;2;0;95;95m[48;2;215;255;255m+                 "type": [Function],
[38;2;0;95;95m[48;2;215;255;255m+               },
[38;2;0;95;95m[48;2;215;255;255m+               "leaveClass": Object {
[38;2;0;95;95m[48;2;215;255;255m+                 "type": [Function],
[38;2;0;95;95m[48;2;215;255;255m+               },
[38;2;0;95;95m[48;2;215;255;255m+               "leaveToClass": Object {
[38;2;0;95;95m[48;2;215;255;255m+                 "type": [Function],
[38;2;0;95;95m[48;2;215;255;255m+               },
[38;2;0;95;95m[48;2;215;255;255m+               "moveClass": Object {
[38;2;0;95;95m[48;2;215;255;255m+                 "type": [Function],
[38;2;0;95;95m[48;2;215;255;255m+               },
[38;2;0;95;95m[48;2;215;255;255m+               "name": Object {
[38;2;0;95;95m[48;2;215;255;255m+                 "type": [Function],
[38;2;0;95;95m[48;2;215;255;255m+               },
[38;2;0;95;95m[48;2;215;255;255m+               "tag": Object {
[38;2;0;95;95m[48;2;215;255;255m+                 "type": [Function],
[38;2;0;95;95m[48;2;215;255;255m+               },
[38;2;0;95;95m[48;2;215;255;255m+               "type": Object {
[38;2;0;95;95m[48;2;215;255;255m+                 "type": [Function],
[38;2;0;95;95m[48;2;215;255;255m+               },
[38;2;0;95;95m[48;2;215;255;255m+             },
[38;2;0;95;95m[48;2;215;255;255m+             "render": [Function],
[38;2;0;95;95m[48;2;215;255;255m+             "updated": [Function],
[38;2;0;95;95m[48;2;215;255;255m+           },
[38;2;0;95;95m[48;2;215;255;255m+           "abstract": undefined,
[38;2;0;95;95m[48;2;215;255;255m+           "attrs": undefined,
[38;2;0;95;95m[48;2;215;255;255m+           "class": undefined,
[38;2;0;95;95m[48;2;215;255;255m+           "domProps": undefined,
[38;2;0;95;95m[48;2;215;255;255m+           "functional": undefined,
[38;2;0;95;95m[48;2;215;255;255m+           "key": undefined,
[38;2;0;95;95m[48;2;215;255;255m+           "model": undefined,
[38;2;0;95;95m[48;2;215;255;255m+           "name": undefined,
[38;2;0;95;95m[48;2;215;255;255m+           "nativeOn": undefined,
[38;2;0;95;95m[48;2;215;255;255m+           "normalizedStyle": undefined,
[38;2;0;95;95m[48;2;215;255;255m+           "on": undefined,
[38;2;0;95;95m[48;2;215;255;255m+           "props": Object {
[38;2;0;95;95m[48;2;215;255;255m+             "appear": Object {
[38;2;0;95;95m[48;2;215;255;255m+               "type": [Function],
[38;2;0;95;95m[48;2;215;255;255m+             },
[38;2;0;95;95m[48;2;215;255;255m+             "appearActiveClass": Object {
[38;2;0;95;95m[48;2;215;255;255m+               "type": [Function],
[38;2;0;95;95m[48;2;215;255;255m+             },
[38;2;0;95;95m[48;2;215;255;255m+             "appearClass": Object {
[38;2;0;95;95m[48;2;215;255;255m+               "type": [Function],
[38;2;0;95;95m[48;2;215;255;255m+             },
[38;2;0;95;95m[48;2;215;255;255m+             "appearToClass": Object {
[38;2;0;95;95m[48;2;215;255;255m+               "type": [Function],
[38;2;0;95;95m[48;2;215;255;255m+             },
[38;2;0;95;95m[48;2;215;255;255m+             "css": Object {
[38;2;0;95;95m[48;2;215;255;255m+               "type": [Function],
[38;2;0;95;95m[48;2;215;255;255m+             },
[38;2;0;95;95m[48;2;215;255;255m+             "duration": Object {
[38;2;0;95;95m[48;2;215;255;255m+               "type": Array [
[38;2;0;95;95m[48;2;215;255;255m+                 [Function],
[38;2;0;95;95m[48;2;215;255;255m+                 [Function],
[38;2;0;95;95m[48;2;215;255;255m+                 [Function],
[38;2;0;95;95m[48;2;215;255;255m+               ],
[38;2;0;95;95m[48;2;215;255;255m+             },
[38;2;0;95;95m[48;2;215;255;255m+             "enterActiveClass": Object {
[38;2;0;95;95m[48;2;215;255;255m+               "type": [Function],
[38;2;0;95;95m[48;2;215;255;255m+             },
[38;2;0;95;95m[48;2;215;255;255m+             "enterClass": Object {
[38;2;0;95;95m[48;2;215;255;255m+               "type": [Function],
[38;2;0;95;95m[48;2;215;255;255m+             },
[38;2;0;95;95m[48;2;215;255;255m+             "enterToClass": Object {
[38;2;0;95;95m[48;2;215;255;255m+               "type": [Function],
[38;2;0;95;95m[48;2;215;255;255m+             },
[38;2;0;95;95m[48;2;215;255;255m+             "leaveActiveClass": Object {
[38;2;0;95;95m[48;2;215;255;255m+               "type": [Function],
[38;2;0;95;95m[48;2;215;255;255m+             },
[38;2;0;95;95m[48;2;215;255;255m+             "leaveClass": Object {
[38;2;0;95;95m[48;2;215;255;255m+               "type": [Function],
[38;2;0;95;95m[48;2;215;255;255m+             },
[38;2;0;95;95m[48;2;215;255;255m+             "leaveToClass": Object {
[38;2;0;95;95m[48;2;215;255;255m+               "type": [Function],
[38;2;0;95;95m[48;2;215;255;255m+             },
[38;2;0;95;95m[48;2;215;255;255m+             "moveClass": Object {
[38;2;0;95;95m[48;2;215;255;255m+               "type": [Function],
[38;2;0;95;95m[48;2;215;255;255m+             },
[38;2;0;95;95m[48;2;215;255;255m+             "name": Object {
[38;2;0;95;95m[48;2;215;255;255m+               "type": [Function],
[38;2;0;95;95m[48;2;215;255;255m+             },
[38;2;0;95;95m[48;2;215;255;255m+             "tag": Object {
[38;2;0;95;95m[48;2;215;255;255m+               "type": [Function],
[38;2;0;95;95m[48;2;215;255;255m+             },
[38;2;0;95;95m[48;2;215;255;255m+             "type": Object {
[38;2;0;95;95m[48;2;215;255;255m+               "type": [Function],
[38;2;0;95;95m[48;2;215;255;255m+             },
[38;2;0;95;95m[48;2;215;255;255m+           },
[38;2;0;95;95m[48;2;215;255;255m+           "render": [Function],
[38;2;0;95;95m[48;2;215;255;255m+           "staticClass": undefined,
[38;2;0;95;95m[48;2;215;255;255m+           "staticStyle": undefined,
[38;2;0;95;95m[48;2;215;255;255m+           "style": undefined,
[38;2;0;95;95m[48;2;215;255;255m+         },
[38;2;0;95;95m[48;2;215;255;255m+       },
[38;2;0;95;95m[48;2;215;255;255m+       "config": Object {
[38;2;0;95;95m[48;2;215;255;255m+         "_lifecycleHooks": Array [
[38;2;0;95;95m[48;2;215;255;255m+           "beforeCreate",
[38;2;0;95;95m[48;2;215;255;255m+           "created",
[38;2;0;95;95m[48;2;215;255;255m+           "beforeMount",
[38;2;0;95;95m[48;2;215;255;255m+           "mounted",
[38;2;0;95;95m[48;2;215;255;255m+           "beforeUpdate",
[38;2;0;95;95m[48;2;215;255;255m+           "updated",
[38;2;0;95;95m[48;2;215;255;255m+           "beforeDestroy",
[38;2;0;95;95m[48;2;215;255;255m+           "destroyed",
[38;2;0;95;95m[48;2;215;255;255m+           "activated",
[38;2;0;95;95m[48;2;215;255;255m+           "deactivated",
[38;2;0;95;95m[48;2;215;255;255m+           "errorCaptured",
[38;2;0;95;95m[48;2;215;255;255m+           "serverPrefetch",
[38;2;0;95;95m[48;2;215;255;255m+         ],
[38;2;0;95;95m[48;2;215;255;255m+         "async": true,
[38;2;0;95;95m[48;2;215;255;255m+         "devtools": false,
[38;2;0;95;95m[48;2;215;255;255m+         "errorHandler": undefined,
[38;2;0;95;95m[48;2;215;255;255m+         "getTagNamespace": [Function],
[38;2;0;95;95m[48;2;215;255;255m+         "ignoredElements": Array [],
[38;2;0;95;95m[48;2;215;255;255m+         "isReservedAttr": [Function],
[38;2;0;95;95m[48;2;215;255;255m+         "isReservedTag": [Function],
[38;2;0;95;95m[48;2;215;255;255m+         "isUnknownElement": [Function],
[38;2;0;95;95m[48;2;215;255;255m+         "keyCodes": Object {},
[38;2;0;95;95m[48;2;215;255;255m+         "mustUseProp": [Function],
[38;2;0;95;95m[48;2;215;255;255m+         "optionMergeStrategies": Object {
[38;2;0;95;95m[48;2;215;255;255m+           "activated": [Function],
[38;2;0;95;95m[48;2;215;255;255m+           "beforeCreate": [Function],
[38;2;0;95;95m[48;2;215;255;255m+           "beforeDestroy": [Function],
[38;2;0;95;95m[48;2;215;255;255m+           "beforeMount": [Function],
[38;2;0;95;95m[48;2;215;255;255m+           "beforeUpdate": [Function],
[38;2;0;95;95m[48;2;215;255;255m+           "components": [Function],
[38;2;0;95;95m[48;2;215;255;255m+           "computed": [Function],
[38;2;0;95;95m[48;2;215;255;255m+           "created": [Function],
[38;2;0;95;95m[48;2;215;255;255m+           "data": [Function],
[38;2;0;95;95m[48;2;215;255;255m+           "deactivated": [Function],
[38;2;0;95;95m[48;2;215;255;255m+           "destroyed": [Function],
[38;2;0;95;95m[48;2;215;255;255m+           "directives": [Function],
[38;2;0;95;95m[48;2;215;255;255m+           "el": [Function],
[38;2;0;95;95m[48;2;215;255;255m+           "errorCaptured": [Function],
[38;2;0;95;95m[48;2;215;255;255m+           "filters": [Function],
[38;2;0;95;95m[48;2;215;255;255m+           "inject": [Function],
[38;2;0;95;95m[48;2;215;255;255m+           "methods": [Function],
[38;2;0;95;95m[48;2;215;255;255m+           "mounted": [Function],
[38;2;0;95;95m[48;2;215;255;255m+           "props": [Function],
[38;2;0;95;95m[48;2;215;255;255m+           "propsData": [Function],
[38;2;0;95;95m[48;2;215;255;255m+           "provide": [Function],
[38;2;0;95;95m[48;2;215;255;255m+           "serverPrefetch": [Function],
[38;2;0;95;95m[48;2;215;255;255m+           "updated": [Function],
[38;2;0;95;95m[48;2;215;255;255m+           "watch": [Function],
[38;2;0;95;95m[48;2;215;255;255m+         },
[38;2;0;95;95m[48;2;215;255;255m+         "parsePlatformTagName": [Function],
[38;2;0;95;95m[48;2;215;255;255m+         "performance": false,
[38;2;0;95;95m[48;2;215;255;255m+         "productionTip": false,
[38;2;0;95;95m[48;2;215;255;255m+         "silent": false,
[38;2;0;95;95m[48;2;215;255;255m+         "warnHandler": null,
[38;2;0;95;95m[48;2;215;255;255m+       },
[38;2;0;95;95m[48;2;215;255;255m+       "data": [Function],
[38;2;0;95;95m[48;2;215;255;255m+       "delete": [Function],
[38;2;0;95;95m[48;2;215;255;255m+       "directive": [Function],
[38;2;0;95;95m[48;2;215;255;255m+       "directives": Object {},
[38;2;0;95;95m[48;2;215;255;255m+       "extend": [Function],
[38;2;0;95;95m[48;2;215;255;255m+       "extendOptions": Object {
[38;2;0;95;95m[48;2;215;255;255m+         "_Ctor": Object {
[38;2;0;95;95m[48;2;215;255;255m+           "0": [Function],
[38;2;0;95;95m[48;2;215;255;255m+         },
[38;2;0;95;95m[48;2;215;255;255m+       },
[38;2;0;95;95m[48;2;215;255;255m+       "filter": [Function],
[38;2;0;95;95m[48;2;215;255;255m+       "filters": Object {},
[38;2;0;95;95m[48;2;215;255;255m+       "methods": undefined,
[38;2;0;95;95m[48;2;215;255;255m+       "mixin": [Function],
[38;2;0;95;95m[48;2;215;255;255m+       "mocks": undefined,
[38;2;0;95;95m[48;2;215;255;255m+       "nextTick": [Function],
[38;2;0;95;95m[48;2;215;255;255m+       "observable": [Function],
[38;2;0;95;95m[48;2;215;255;255m+       "options": Object {
[38;2;0;95;95m[48;2;215;255;255m+         "_Ctor": Object {
[38;2;0;95;95m[48;2;215;255;255m+           "0": [Function],
[38;2;0;95;95m[48;2;215;255;255m+         },
[38;2;0;95;95m[48;2;215;255;255m+         "_base": [Function],
[38;2;0;95;95m[48;2;215;255;255m+         "beforeCreate": Array [
[38;2;0;95;95m[48;2;215;255;255m+           [Function],
[38;2;0;95;95m[48;2;215;255;255m+           [Function],
[38;2;0;95;95m[48;2;215;255;255m+         ],
[38;2;0;95;95m[48;2;215;255;255m+         "components": Object {
[38;2;0;95;95m[48;2;215;255;255m+           "BTooltip": [Function],
[38;2;0;95;95m[48;2;215;255;255m+         },
[38;2;0;95;95m[48;2;215;255;255m+         "directives": Object {
[38;2;0;95;95m[48;2;215;255;255m+           "BHover": Object {
[38;2;0;95;95m[48;2;215;255;255m+             "bind": [Function],
[38;2;0;95;95m[48;2;215;255;255m+             "componentUpdated": [Function],
[38;2;0;95;95m[48;2;215;255;255m+             "unbind": [Function],
[38;2;0;95;95m[48;2;215;255;255m+           },
[38;2;0;95;95m[48;2;215;255;255m+           "BModal": Object {
[38;2;0;95;95m[48;2;215;255;255m+             "componentUpdated": [Function],
[38;2;0;95;95m[48;2;215;255;255m+             "inserted": [Function],
[38;2;0;95;95m[48;2;215;255;255m+             "unbind": [Function],
[38;2;0;95;95m[48;2;215;255;255m+             "updated": [Function],
[38;2;0;95;95m[48;2;215;255;255m+           },
[38;2;0;95;95m[48;2;215;255;255m+           "BScrollspy": Object {
[38;2;0;95;95m[48;2;215;255;255m+             "bind": [Function],
[38;2;0;95;95m[48;2;215;255;255m+             "componentUpdated": [Function],
[38;2;0;95;95m[48;2;215;255;255m+             "inserted": [Function],
[38;2;0;95;95m[48;2;215;255;255m+             "unbind": [Function],
[38;2;0;95;95m[48;2;215;255;255m+             "update": [Function],
[38;2;0;95;95m[48;2;215;255;255m+           },
[38;2;0;95;95m[48;2;215;255;255m+           "BTooltip": Object {
[38;2;0;95;95m[48;2;215;255;255m+             "bind": [Function],
[38;2;0;95;95m[48;2;215;255;255m+             "componentUpdated": [Function],
[38;2;0;95;95m[48;2;215;255;255m+             "unbind": [Function],
[38;2;0;95;95m[48;2;215;255;255m+           },
[38;2;0;95;95m[48;2;215;255;255m+           "BVisible": Object {
[38;2;0;95;95m[48;2;215;255;255m+             "bind": [Function],
[38;2;0;95;95m[48;2;215;255;255m+             "componentUpdated": [Function],
[38;2;0;95;95m[48;2;215;255;255m+             "unbind": [Function],
[38;2;0;95;95m[48;2;215;255;255m+           },
[38;2;0;95;95m[48;2;215;255;255m+         },
[38;2;0;95;95m[48;2;215;255;255m+         "filters": Object {},
[38;2;0;95;95m[48;2;215;255;255m+       },
[38;2;0;95;95m[48;2;215;255;255m+       "provide": [Function],
[38;2;0;95;95m[48;2;215;255;255m+       "render": [Function],
[38;2;0;95;95m[48;2;215;255;255m+       "sealedOptions": Object {
[38;2;0;95;95m[48;2;215;255;255m+         "_Ctor": Object {
[38;2;0;95;95m[48;2;215;255;255m+           "0": [Function],
[38;2;0;95;95m[48;2;215;255;255m+         },
[38;2;0;95;95m[48;2;215;255;255m+         "_base": [Function],
[38;2;0;95;95m[48;2;215;255;255m+         "components": Object {
[38;2;0;95;95m[48;2;215;255;255m+           "BAlert": [Function],
[38;2;0;95;95m[48;2;215;255;255m+           "BAspect": [Function],
[38;2;0;95;95m[48;2;215;255;255m+           "BAvatar": [Function],
[38;2;0;95;95m[48;2;215;255;255m+           "BAvatarGroup": [Function],
[38;2;0;95;95m[48;2;215;255;255m+           "BBadge": [Function],
[38;2;0;95;95m[48;2;215;255;255m+           "BBreadcrumb": [Function],
[38;2;0;95;95m[48;2;215;255;255m+           "BBreadcrumbItem": [Function],
[38;2;0;95;95m[48;2;215;255;255m+           "BBreadcrumbLink": [Function],
[38;2;0;95;95m[48;2;215;255;255m+           "BBtn": [Function],
[38;2;0;95;95m[48;2;215;255;255m+           "BBtnClose": [Function],
[38;2;0;95;95m[48;2;215;255;255m+           "BBtnGroup": [Function],
[38;2;0;95;95m[48;2;215;255;255m+           "BBtnToolbar": [Function],
[38;2;0;95;95m[48;2;215;255;255m+           "BButton": [Function],
[38;2;0;95;95m[48;2;215;255;255m+           "BButtonClose": [Function],
[38;2;0;95;95m[48;2;215;255;255m+           "BButtonGroup": [Function],
[38;2;0;95;95m[48;2;215;255;255m+           "BButtonToolbar": [Function],
[38;2;0;95;95m[48;2;215;255;255m+           "BCalendar": [Function],
[38;2;0;95;95m[48;2;215;255;255m+           "BCard": [Function],
[38;2;0;95;95m[48;2;215;255;255m+           "BCardBody": [Function],
[38;2;0;95;95m[48;2;215;255;255m+           "BCardFooter": [Function],
[38;2;0;95;95m[48;2;215;255;255m+           "BCardGroup": [Function],
[38;2;0;95;95m[48;2;215;255;255m+           "BCardHeader": [Function],
[38;2;0;95;95m[48;2;215;255;255m+           "BCardImg": [Function],
[38;2;0;95;95m[48;2;215;255;255m+           "BCardImgLazy": [Function],
[38;2;0;95;95m[48;2;215;255;255m+           "BCardSubTitle": [Function],
[38;2;0;95;95m[48;2;215;255;255m+           "BCardText": [Function],
[38;2;0;95;95m[48;2;215;255;255m+           "BCardTitle": [Function],
[38;2;0;95;95m[48;2;215;255;255m+           "BCarousel": [Function],
[38;2;0;95;95m[48;2;215;255;255m+           "BCarouselSlide": [Function],
[38;2;0;95;95m[48;2;215;255;255m+           "BCheck": [Function],
[38;2;0;95;95m[48;2;215;255;255m+           "BCheckGroup": [Function],
[38;2;0;95;95m[48;2;215;255;255m+           "BCheckbox": [Function],
[38;2;0;95;95m[48;2;215;255;255m+           "BCheckboxGroup": [Function],
[38;2;0;95;95m[48;2;215;255;255m+           "BCol": [Function],
[38;2;0;95;95m[48;2;215;255;255m+           "BCollapse": [Function],
[38;2;0;95;95m[48;2;215;255;255m+           "BContainer": [Function],
[38;2;0;95;95m[48;2;215;255;255m+           "BDatalist": [Function],
[38;2;0;95;95m[48;2;215;255;255m+           "BDatepicker": [Function],
[38;2;0;95;95m[48;2;215;255;255m+           "BDd": [Function],
[38;2;0;95;95m[48;2;215;255;255m+           "BDdDivider": [Function],
[38;2;0;95;95m[48;2;215;255;255m+           "BDdForm": [Function],
[38;2;0;95;95m[48;2;215;255;255m+           "BDdGroup": [Function],
[38;2;0;95;95m[48;2;215;255;255m+           "BDdHeader": [Function],
[38;2;0;95;95m[48;2;215;255;255m+           "BDdItem": [Function],
[38;2;0;95;95m[48;2;215;255;255m+           "BDdItemBtn": [Function],
[38;2;0;95;95m[48;2;215;255;255m+           "BDdItemButton": [Function],
[38;2;0;95;95m[48;2;215;255;255m+           "BDdText": [Function],
[38;2;0;95;95m[48;2;215;255;255m+           "BDropdown": [Function],
[38;2;0;95;95m[48;2;215;255;255m+           "BDropdownDivider": [Function],
[38;2;0;95;95m[48;2;215;255;255m+           "BDropdownForm": [Function],
[38;2;0;95;95m[48;2;215;255;255m+           "BDropdownGroup": [Function],
[38;2;0;95;95m[48;2;215;255;255m+           "BDropdownHeader": [Function],
[38;2;0;95;95m[48;2;215;255;255m+           "BDropdownItem": [Function],
[38;2;0;95;95m[48;2;215;255;255m+           "BDropdownItemBtn": [Function],
[38;2;0;95;95m[48;2;215;255;255m+           "BDropdownItemButton": [Function],
[38;2;0;95;95m[48;2;215;255;255m+           "BDropdownText": [Function],
[38;2;0;95;95m[48;2;215;255;255m+           "BEmbed": [Function],
[38;2;0;95;95m[48;2;215;255;255m+           "BFile": [Function],
[38;2;0;95;95m[48;2;215;255;255m+           "BForm": [Function],
[38;2;0;95;95m[48;2;215;255;255m+           "BFormCheckbox": [Function],
[38;2;0;95;95m[48;2;215;255;255m+           "BFormCheckboxGroup": [Function],
[38;2;0;95;95m[48;2;215;255;255m+           "BFormDatalist": [Function],
[38;2;0;95;95m[48;2;215;255;255m+           "BFormDatepicker": [Function],
[38;2;0;95;95m[48;2;215;255;255m+           "BFormFeedback": [Function],
[38;2;0;95;95m[48;2;215;255;255m+           "BFormFieldset": [Function],
[38;2;0;95;95m[48;2;215;255;255m+           "BFormFile": [Function],
[38;2;0;95;95m[48;2;215;255;255m+           "BFormGroup": [Function],
[38;2;0;95;95m[48;2;215;255;255m+           "BFormInput": [Function],
[38;2;0;95;95m[48;2;215;255;255m+           "BFormInvalidFeedback": [Function],
[38;2;0;95;95m[48;2;215;255;255m+           "BFormRadio": [Function],
[38;2;0;95;95m[48;2;215;255;255m+           "BFormRadioGroup": [Function],
[38;2;0;95;95m[48;2;215;255;255m+           "BFormRating": [Function],
[38;2;0;95;95m[48;2;215;255;255m+           "BFormRow": [Function],
[38;2;0;95;95m[48;2;215;255;255m+           "BFormSelect": [Function],
[38;2;0;95;95m[48;2;215;255;255m+           "BFormSelectOption": [Function],
[38;2;0;95;95m[48;2;215;255;255m+           "BFormSelectOptionGroup": [Function],
[38;2;0;95;95m[48;2;215;255;255m+           "BFormSpinbutton": [Function],
[38;2;0;95;95m[48;2;215;255;255m+           "BFormTag": [Function],
[38;2;0;95;95m[48;2;215;255;255m+           "BFormTags": [Function],
[38;2;0;95;95m[48;2;215;255;255m+           "BFormText": [Function],
[38;2;0;95;95m[48;2;215;255;255m+           "BFormTextarea": [Function],
[38;2;0;95;95m[48;2;215;255;255m+           "BFormTimepicker": [Function],
[38;2;0;95;95m[48;2;215;255;255m+           "BFormValidFeedback": [Function],
[38;2;0;95;95m[48;2;215;255;255m+           "BImg": [Function],
[38;2;0;95;95m[48;2;215;255;255m+           "BImgLazy": [Function],
[38;2;0;95;95m[48;2;215;255;255m+           "BInput": [Function],
[38;2;0;95;95m[48;2;215;255;255m+           "BInputGroup": [Function],
[38;2;0;95;95m[48;2;215;255;255m+           "BInputGroupAddon": [Function],
[38;2;0;95;95m[48;2;215;255;255m+           "BInputGroupAppend": [Function],
[38;2;0;95;95m[48;2;215;255;255m+           "BInputGroupPrepend": [Function],
[38;2;0;95;95m[48;2;215;255;255m+           "BInputGroupText": [Function],
[38;2;0;95;95m[48;2;215;255;255m+           "BJumbotron": [Function],
[38;2;0;95;95m[48;2;215;255;255m+           "BLink": [Function],
[38;2;0;95;95m[48;2;215;255;255m+           "BListGroup": [Function],
[38;2;0;95;95m[48;2;215;255;255m+           "BListGroupItem": [Function],
[38;2;0;95;95m[48;2;215;255;255m+           "BMedia": [Function],
[38;2;0;95;95m[48;2;215;255;255m+           "BMediaAside": [Function],
[38;2;0;95;95m[48;2;215;255;255m+           "BMediaBody": [Function],
[38;2;0;95;95m[48;2;215;255;255m+           "BModal": [Function],
[38;2;0;95;95m[48;2;215;255;255m+           "BRadio": [Function],
[38;2;0;95;95m[48;2;215;255;255m+           "BRadioGroup": [Function],
[38;2;0;95;95m[48;2;215;255;255m+           "BRating": [Function],
[38;2;0;95;95m[48;2;215;255;255m+           "BRow": [Function],
[38;2;0;95;95m[48;2;215;255;255m+           "BSelect": [Function],
[38;2;0;95;95m[48;2;215;255;255m+           "BSelectOption": [Function],
[38;2;0;95;95m[48;2;215;255;255m+           "BSelectOptionGroup": [Function],
[38;2;0;95;95m[48;2;215;255;255m+           "BSpinbutton": [Function],
[38;2;0;95;95m[48;2;215;255;255m+           "BTag": [Function],
[38;2;0;95;95m[48;2;215;255;255m+           "BTags": [Function],
[38;2;0;95;95m[48;2;215;255;255m+           "BTextarea": [Function],
[38;2;0;95;95m[48;2;215;255;255m+           "BTimepicker": [Function],
[38;2;0;95;95m[48;2;215;255;255m+         },
[38;2;0;95;95m[48;2;215;255;255m+         "directives": Object {
[38;2;0;95;95m[48;2;215;255;255m+           "BModal": Object {
[38;2;0;95;95m[48;2;215;255;255m+             "componentUpdated": [Function],
[38;2;0;95;95m[48;2;215;255;255m+             "inserted": [Function],
[38;2;0;95;95m[48;2;215;255;255m+             "unbind": [Function],
[38;2;0;95;95m[48;2;215;255;255m+             "updated": [Function],
[38;2;0;95;95m[48;2;215;255;255m+           },
[38;2;0;95;95m[48;2;215;255;255m+           "BToggle": Object {
[38;2;0;95;95m[48;2;215;255;255m+             "bind": [Function],
[38;2;0;95;95m[48;2;215;255;255m+             "componentUpdated": [Function],
[38;2;0;95;95m[48;2;215;255;255m+             "unbind": [Function],
[38;2;0;95;95m[48;2;215;255;255m+             "updated": [Function],
[38;2;0;95;95m[48;2;215;255;255m+           },
[38;2;0;95;95m[48;2;215;255;255m+         },
[38;2;0;95;95m[48;2;215;255;255m+         "filters": Object {},
[38;2;0;95;95m[48;2;215;255;255m+       },
[38;2;0;95;95m[48;2;215;255;255m+       "set": [Function],
[38;2;0;95;95m[48;2;215;255;255m+       "shouldProxy": true,
[38;2;0;95;95m[48;2;215;255;255m+       "stubs": Object {
[38;2;0;95;95m[48;2;215;255;255m+         "transition": true,
[38;2;0;95;95m[48;2;215;255;255m+         "transition-group": true,
[38;2;0;95;95m[48;2;215;255;255m+       },
[38;2;0;95;95m[48;2;215;255;255m+       "super": [Function],
[38;2;0;95;95m[48;2;215;255;255m+       "superOptions": Object {
[38;2;0;95;95m[48;2;215;255;255m+         "_base": [Function],
[38;2;0;95;95m[48;2;215;255;255m+         "components": Object {
[38;2;0;95;95m[48;2;215;255;255m+           "KeepAlive": Object {
[38;2;0;95;95m[48;2;215;255;255m+             "abstract": true,
[38;2;0;95;95m[48;2;215;255;255m+             "created": [Function],
[38;2;0;95;95m[48;2;215;255;255m+             "destroyed": [Function],
[38;2;0;95;95m[48;2;215;255;255m+             "methods": Object {
[38;2;0;95;95m[48;2;215;255;255m+               "cacheVNode": [Function],
[38;2;0;95;95m[48;2;215;255;255m+             },
[38;2;0;95;95m[48;2;215;255;255m+             "mounted": [Function],
[38;2;0;95;95m[48;2;215;255;255m+             "name": "keep-alive",
[38;2;0;95;95m[48;2;215;255;255m+             "props": Object {
[38;2;0;95;95m[48;2;215;255;255m+               "exclude": Array [
[38;2;0;95;95m[48;2;215;255;255m+                 [Function],
[38;2;0;95;95m[48;2;215;255;255m+                 [Function],
[38;2;0;95;95m[48;2;215;255;255m+                 [Function],
[38;2;0;95;95m[48;2;215;255;255m+               ],
[38;2;0;95;95m[48;2;215;255;255m+               "include": Array [
[38;2;0;95;95m[48;2;215;255;255m+                 [Function],
[38;2;0;95;95m[48;2;215;255;255m+                 [Function],
[38;2;0;95;95m[48;2;215;255;255m+                 [Function],
[38;2;0;95;95m[48;2;215;255;255m+               ],
[38;2;0;95;95m[48;2;215;255;255m+               "max": Array [
[38;2;0;95;95m[48;2;215;255;255m+                 [Function],
[38;2;0;95;95m[48;2;215;255;255m+                 [Function],
[38;2;0;95;95m[48;2;215;255;255m+               ],
[38;2;0;95;95m[48;2;215;255;255m+             },
[38;2;0;95;95m[48;2;215;255;255m+             "render": [Function],
[38;2;0;95;95m[48;2;215;255;255m+             "updated": [Function],
[38;2;0;95;95m[48;2;215;255;255m+           },
[38;2;0;95;95m[48;2;215;255;255m+           "Transition": Object {
[38;2;0;95;95m[48;2;215;255;255m+             "_Ctor": Object {
[38;2;0;95;95m[48;2;215;255;255m+               "1404": [Function],
[38;2;0;95;95m[48;2;215;255;255m+             },
[38;2;0;95;95m[48;2;215;255;255m+             "abstract": true,
[38;2;0;95;95m[48;2;215;255;255m+             "name": "transition",
[38;2;0;95;95m[48;2;215;255;255m+             "props": Object {
[38;2;0;95;95m[48;2;215;255;255m+               "appear": Object {
[38;2;0;95;95m[48;2;215;255;255m+                 "type": [Function],
[38;2;0;95;95m[48;2;215;255;255m+               },
[38;2;0;95;95m[48;2;215;255;255m+               "appearActiveClass": Object {
[38;2;0;95;95m[48;2;215;255;255m+                 "type": [Function],
[38;2;0;95;95m[48;2;215;255;255m+               },
[38;2;0;95;95m[48;2;215;255;255m+               "appearClass": Object {
[38;2;0;95;95m[48;2;215;255;255m+                 "type": [Function],
[38;2;0;95;95m[48;2;215;255;255m+               },
[38;2;0;95;95m[48;2;215;255;255m+               "appearToClass": Object {
[38;2;0;95;95m[48;2;215;255;255m+                 "type": [Function],
[38;2;0;95;95m[48;2;215;255;255m+               },
[38;2;0;95;95m[48;2;215;255;255m+               "css": Object {
[38;2;0;95;95m[48;2;215;255;255m+                 "type": [Function],
[38;2;0;95;95m[48;2;215;255;255m+               },
[38;2;0;95;95m[48;2;215;255;255m+               "duration": Object {
[38;2;0;95;95m[48;2;215;255;255m+                 "type": Array [
[38;2;0;95;95m[48;2;215;255;255m+                   [Function],
[38;2;0;95;95m[48;2;215;255;255m+                   [Function],
[38;2;0;95;95m[48;2;215;255;255m+                   [Function],
[38;2;0;95;95m[48;2;215;255;255m+                 ],
[38;2;0;95;95m[48;2;215;255;255m+               },
[38;2;0;95;95m[48;2;215;255;255m+               "enterActiveClass": Object {
[38;2;0;95;95m[48;2;215;255;255m+                 "type": [Function],
[38;2;0;95;95m[48;2;215;255;255m+               },
[38;2;0;95;95m[48;2;215;255;255m+               "enterClass": Object {
[38;2;0;95;95m[48;2;215;255;255m+                 "type": [Function],
[38;2;0;95;95m[48;2;215;255;255m+               },
[38;2;0;95;95m[48;2;215;255;255m+               "enterToClass": Object {
[38;2;0;95;95m[48;2;215;255;255m+                 "type": [Function],
[38;2;0;95;95m[48;2;215;255;255m+               },
[38;2;0;95;95m[48;2;215;255;255m+               "leaveActiveClass": Object {
[38;2;0;95;95m[48;2;215;255;255m+                 "type": [Function],
[38;2;0;95;95m[48;2;215;255;255m+               },
[38;2;0;95;95m[48;2;215;255;255m+               "leaveClass": Object {
[38;2;0;95;95m[48;2;215;255;255m+                 "type": [Function],
[38;2;0;95;95m[48;2;215;255;255m+               },
[38;2;0;95;95m[48;2;215;255;255m+               "leaveToClass": Object {
[38;2;0;95;95m[48;2;215;255;255m+                 "type": [Function],
[38;2;0;95;95m[48;2;215;255;255m+               },
[38;2;0;95;95m[48;2;215;255;255m+               "mode": Object {
[38;2;0;95;95m[48;2;215;255;255m+                 "type": [Function],
[38;2;0;95;95m[48;2;215;255;255m+               },
[38;2;0;95;95m[48;2;215;255;255m+               "name": Object {
[38;2;0;95;95m[48;2;215;255;255m+                 "type": [Function],
[38;2;0;95;95m[48;2;215;255;255m+               },
[38;2;0;95;95m[48;2;215;255;255m+               "type": Object {
[38;2;0;95;95m[48;2;215;255;255m+                 "type": [Function],
[38;2;0;95;95m[48;2;215;255;255m+               },
[38;2;0;95;95m[48;2;215;255;255m+             },
[38;2;0;95;95m[48;2;215;255;255m+             "render": [Function],
[38;2;0;95;95m[48;2;215;255;255m+           },
[38;2;0;95;95m[48;2;215;255;255m+           "TransitionGroup": Object {
[38;2;0;95;95m[48;2;215;255;255m+             "_Ctor": Object {
[38;2;0;95;95m[48;2;215;255;255m+               "1404": [Function],
[38;2;0;95;95m[48;2;215;255;255m+             },
[38;2;0;95;95m[48;2;215;255;255m+             "beforeMount": [Function],
[38;2;0;95;95m[48;2;215;255;255m+             "methods": Object {
[38;2;0;95;95m[48;2;215;255;255m+               "hasMove": [Function],
[38;2;0;95;95m[48;2;215;255;255m+             },
[38;2;0;95;95m[48;2;215;255;255m+             "props": Object {
[38;2;0;95;95m[48;2;215;255;255m+               "appear": Object {
[38;2;0;95;95m[48;2;215;255;255m+                 "type": [Function],
[38;2;0;95;95m[48;2;215;255;255m+               },
[38;2;0;95;95m[48;2;215;255;255m+               "appearActiveClass": Object {
[38;2;0;95;95m[48;2;215;255;255m+                 "type": [Function],
[38;2;0;95;95m[48;2;215;255;255m+               },
[38;2;0;95;95m[48;2;215;255;255m+               "appearClass": Object {
[38;2;0;95;95m[48;2;215;255;255m+                 "type": [Function],
[38;2;0;95;95m[48;2;215;255;255m+               },
[38;2;0;95;95m[48;2;215;255;255m+               "appearToClass": Object {
[38;2;0;95;95m[48;2;215;255;255m+                 "type": [Function],
[38;2;0;95;95m[48;2;215;255;255m+               },
[38;2;0;95;95m[48;2;215;255;255m+               "css": Object {
[38;2;0;95;95m[48;2;215;255;255m+                 "type": [Function],
[38;2;0;95;95m[48;2;215;255;255m+               },
[38;2;0;95;95m[48;2;215;255;255m+               "duration": Object {
[38;2;0;95;95m[48;2;215;255;255m+                 "type": Array [
[38;2;0;95;95m[48;2;215;255;255m+                   [Function],
[38;2;0;95;95m[48;2;215;255;255m+                   [Function],
[38;2;0;95;95m[48;2;215;255;255m+                   [Function],
[38;2;0;95;95m[48;2;215;255;255m+                 ],
[38;2;0;95;95m[48;2;215;255;255m+               },
[38;2;0;95;95m[48;2;215;255;255m+               "enterActiveClass": Object {
[38;2;0;95;95m[48;2;215;255;255m+                 "type": [Function],
[38;2;0;95;95m[48;2;215;255;255m+               },
[38;2;0;95;95m[48;2;215;255;255m+               "enterClass": Object {
[38;2;0;95;95m[48;2;215;255;255m+                 "type": [Function],
[38;2;0;95;95m[48;2;215;255;255m+               },
[38;2;0;95;95m[48;2;215;255;255m+               "enterToClass": Object {
[38;2;0;95;95m[48;2;215;255;255m+                 "type": [Function],
[38;2;0;95;95m[48;2;215;255;255m+               },
[38;2;0;95;95m[48;2;215;255;255m+               "leaveActiveClass": Object {
[38;2;0;95;95m[48;2;215;255;255m+                 "type": [Function],
[38;2;0;95;95m[48;2;215;255;255m+               },
[38;2;0;95;95m[48;2;215;255;255m+               "leaveClass": Object {
[38;2;0;95;95m[48;2;215;255;255m+                 "type": [Function],
[38;2;0;95;95m[48;2;215;255;255m+               },
[38;2;0;95;95m[48;2;215;255;255m+               "leaveToClass": Object {
[38;2;0;95;95m[48;2;215;255;255m+                 "type": [Function],
[38;2;0;95;95m[48;2;215;255;255m+               },
[38;2;0;95;95m[48;2;215;255;255m+               "moveClass": Object {
[38;2;0;95;95m[48;2;215;255;255m+                 "type": [Function],
[38;2;0;95;95m[48;2;215;255;255m+               },
[38;2;0;95;95m[48;2;215;255;255m+               "name": Object {
[38;2;0;95;95m[48;2;215;255;255m+                 "type": [Function],
[38;2;0;95;95m[48;2;215;255;255m+               },
[38;2;0;95;95m[48;2;215;255;255m+               "tag": Object {
[38;2;0;95;95m[48;2;215;255;255m+                 "type": [Function],
[38;2;0;95;95m[48;2;215;255;255m+               },
[38;2;0;95;95m[48;2;215;255;255m+               "type": Object {
[38;2;0;95;95m[48;2;215;255;255m+                 "type": [Function],
[38;2;0;95;95m[48;2;215;255;255m+               },
[38;2;0;95;95m[48;2;215;255;255m+             },
[38;2;0;95;95m[48;2;215;255;255m+             "render": [Function],
[38;2;0;95;95m[48;2;215;255;255m+             "updated": [Function],
[38;2;0;95;95m[48;2;215;255;255m+           },
[38;2;0;95;95m[48;2;215;255;255m+         },
[38;2;0;95;95m[48;2;215;255;255m+         "directives": Object {
[38;2;0;95;95m[48;2;215;255;255m+           "model": Object {
[38;2;0;95;95m[48;2;215;255;255m+             "componentUpdated": [Function],
[38;2;0;95;95m[48;2;215;255;255m+             "inserted": [Function],
[38;2;0;95;95m[48;2;215;255;255m+           },
[38;2;0;95;95m[48;2;215;255;255m+           "show": Object {
[38;2;0;95;95m[48;2;215;255;255m+             "bind": [Function],
[38;2;0;95;95m[48;2;215;255;255m+             "unbind": [Function],
[38;2;0;95;95m[48;2;215;255;255m+             "update": [Function],
[38;2;0;95;95m[48;2;215;255;255m+           },
[38;2;0;95;95m[48;2;215;255;255m+         },
[38;2;0;95;95m[48;2;215;255;255m+         "filters": Object {},
[38;2;0;95;95m[48;2;215;255;255m+       },
[38;2;0;95;95m[48;2;215;255;255m+       "use": [Function],
[38;2;0;95;95m[48;2;215;255;255m+       "util": Object {
[38;2;0;95;95m[48;2;215;255;255m+         "defineReactive": [Function],
[38;2;0;95;95m[48;2;215;255;255m+         "extend": [Function],
[38;2;0;95;95m[48;2;215;255;255m+         "mergeOptions": [Function],
[38;2;0;95;95m[48;2;215;255;255m+         "warn": [Function],
[38;2;0;95;95m[48;2;215;255;255m+       },
[38;2;0;95;95m[48;2;215;255;255m+       "version": "2.6.14",
[38;2;0;95;95m[48;2;215;255;255m+     },
[38;2;0;95;95m[48;2;215;255;255m+     "$parent": undefined,
[38;2;0;95;95m[48;2;215;255;255m+     "$refs": Object {},
[38;2;0;95;95m[48;2;215;255;255m+     "$root": [Circular],
[38;2;0;95;95m[48;2;215;255;255m+     "$scopedSlots": Object {},
[38;2;0;95;95m[48;2;215;255;255m+     "$slots": Object {},
[38;2;0;95;95m[48;2;215;255;255m+     "$vnode": undefined,
[38;2;0;95;95m[48;2;215;255;255m+     "__emitted": Object {},
[38;2;0;95;95m[48;2;215;255;255m+     "__emittedByOrder": Array [],
[38;2;0;95;95m[48;2;215;255;255m+     "_c": [Function],
[38;2;0;95;95m[48;2;215;255;255m+     "_data": Object {
[38;2;0;95;95m[48;2;215;255;255m+       "vueTestUtils_childProps": Object {},
[38;2;0;95;95m[48;2;215;255;255m+     },
[38;2;0;95;95m[48;2;215;255;255m+     "_directInactive": false,
[38;2;0;95;95m[48;2;215;255;255m+     "_events": Object {},
[38;2;0;95;95m[48;2;215;255;255m+     "_hasHookEvent": false,
[38;2;0;95;95m[48;2;215;255;255m+     "_inactive": null,
[38;2;0;95;95m[48;2;215;255;255m+     "_isBeingDestroyed": false,
[38;2;0;95;95m[48;2;215;255;255m+     "_isDestroyed": false,
[38;2;0;95;95m[48;2;215;255;255m+     "_isMounted": true,
[38;2;0;95;95m[48;2;215;255;255m+     "_isVue": true,
[38;2;0;95;95m[48;2;215;255;255m+     "_provided": Object {},
[38;2;0;95;95m[48;2;215;255;255m+     "_renderProxy": VueComponent {
[38;2;0;95;95m[48;2;215;255;255m+       "$attrs": Object {},
[38;2;0;95;95m[48;2;215;255;255m+       "$children": Array [
[38;2;0;95;95m[48;2;215;255;255m+         [Circular],
[38;2;0;95;95m[48;2;215;255;255m+       ],
[38;2;0;95;95m[48;2;215;255;255m+       "$createElement": [Function],
[38;2;0;95;95m[48;2;215;255;255m+       "$el": <div>
[38;2;0;95;95m[48;2;215;255;255m+         <b-dropdown
[38;2;0;95;95m[48;2;215;255;255m+           no-caret=""
[38;2;0;95;95m[48;2;215;255;255m+           right=""
[38;2;0;95;95m[48;2;215;255;255m+           size="lg"
[38;2;0;95;95m[48;2;215;255;255m+           variant="link"
[38;2;0;95;95m[48;2;215;255;255m+         >
[38;2;0;95;95m[48;2;215;255;255m+            
[38;2;0;95;95m[48;2;215;255;255m+           <b-dropdown-item>
[38;2;0;95;95m[48;2;215;255;255m+             <b-icon
[38;2;0;95;95m[48;2;215;255;255m+               icon="door-open"
[38;2;0;95;95m[48;2;215;255;255m+             />
[38;2;0;95;95m[48;2;215;255;255m+             
[38;2;0;95;95m[48;2;215;255;255m+       回到主页
[38;2;0;95;95m[48;2;215;255;255m+     
[38;2;0;95;95m[48;2;215;255;255m+           </b-dropdown-item>
[38;2;0;95;95m[48;2;215;255;255m+            
[38;2;0;95;95m[48;2;215;255;255m+           <b-dropdown-item>
[38;2;0;95;95m[48;2;215;255;255m+             <b-icon
[38;2;0;95;95m[48;2;215;255;255m+               icon="cursor-fill"
[38;2;0;95;95m[48;2;215;255;255m+             />
[38;2;0;95;95m[48;2;215;255;255m+             
[38;2;0;95;95m[48;2;215;255;255m+       注销用户
[38;2;0;95;95m[48;2;215;255;255m+     
[38;2;0;95;95m[48;2;215;255;255m+           </b-dropdown-item>
[38;2;0;95;95m[48;2;215;255;255m+         </b-dropdown>
[38;2;0;95;95m[48;2;215;255;255m+       </div>,
[38;2;0;95;95m[48;2;215;255;255m+       "$emit": [Function],
[38;2;0;95;95m[48;2;215;255;255m+       "$listeners": Object {},
[38;2;0;95;95m[48;2;215;255;255m+       "$options": Object {
[38;2;0;95;95m[48;2;215;255;255m+         "$_doNotStubChildren": true,
[38;2;0;95;95m[48;2;215;255;255m+         "$_isWrapperParent": true,
[38;2;0;95;95m[48;2;215;255;255m+         "_Ctor": Object {
[38;2;0;95;95m[48;2;215;255;255m+           "1404": [Function],
[38;2;0;95;95m[48;2;215;255;255m+         },
[38;2;0;95;95m[48;2;215;255;255m+         "_base": [Function],
[38;2;0;95;95m[48;2;215;255;255m+         "_installedPlugins": Array [
[38;2;0;95;95m[48;2;215;255;255m+           Object {
[38;2;0;95;95m[48;2;215;255;255m+             "install": [Function],
[38;2;0;95;95m[48;2;215;255;255m+           },
[38;2;0;95;95m[48;2;215;255;255m+           Object {
[38;2;0;95;95m[48;2;215;255;255m+             "install": [Function],
[38;2;0;95;95m[48;2;215;255;255m+           },
[38;2;0;95;95m[48;2;215;255;255m+           Object {
[38;2;0;95;95m[48;2;215;255;255m+             "install": [Function],
[38;2;0;95;95m[48;2;215;255;255m+           },
[38;2;0;95;95m[48;2;215;255;255m+           Object {
[38;2;0;95;95m[48;2;215;255;255m+             "install": [Function],
[38;2;0;95;95m[48;2;215;255;255m+           },
[38;2;0;95;95m[48;2;215;255;255m+           Object {
[38;2;0;95;95m[48;2;215;255;255m+             "install": [Function],
[38;2;0;95;95m[48;2;215;255;255m+           },
[38;2;0;95;95m[48;2;215;255;255m+           Object {
[38;2;0;95;95m[48;2;215;255;255m+             "install": [Function],
[38;2;0;95;95m[48;2;215;255;255m+           },
[38;2;0;95;95m[48;2;215;255;255m+           Object {
[38;2;0;95;95m[48;2;215;255;255m+             "install": [Function],
[38;2;0;95;95m[48;2;215;255;255m+           },
[38;2;0;95;95m[48;2;215;255;255m+           Object {
[38;2;0;95;95m[48;2;215;255;255m+             "install": [Function],
[38;2;0;95;95m[48;2;215;255;255m+           },
[38;2;0;95;95m[48;2;215;255;255m+           Object {
[38;2;0;95;95m[48;2;215;255;255m+             "install": [Function],
[38;2;0;95;95m[48;2;215;255;255m+           },
[38;2;0;95;95m[48;2;215;255;255m+           Object {
[38;2;0;95;95m[48;2;215;255;255m+             "install": [Function],
[38;2;0;95;95m[48;2;215;255;255m+           },
[38;2;0;95;95m[48;2;215;255;255m+           Object {
[38;2;0;95;95m[48;2;215;255;255m+             "install": [Function],
[38;2;0;95;95m[48;2;215;255;255m+           },
[38;2;0;95;95m[48;2;215;255;255m+           Object {
[38;2;0;95;95m[48;2;215;255;255m+             "install": [Function],
[38;2;0;95;95m[48;2;215;255;255m+           },
[38;2;0;95;95m[48;2;215;255;255m+           Object {
[38;2;0;95;95m[48;2;215;255;255m+             "install": [Function],
[38;2;0;95;95m[48;2;215;255;255m+           },
[38;2;0;95;95m[48;2;215;255;255m+           Object {
[38;2;0;95;95m[48;2;215;255;255m+             "install": [Function],
[38;2;0;95;95m[48;2;215;255;255m+           },
[38;2;0;95;95m[48;2;215;255;255m+           Object {
[38;2;0;95;95m[48;2;215;255;255m+             "install": [Function],
[38;2;0;95;95m[48;2;215;255;255m+           },
[38;2;0;95;95m[48;2;215;255;255m+           Object {
[38;2;0;95;95m[48;2;215;255;255m+             "install": [Function],
[38;2;0;95;95m[48;2;215;255;255m+           },
[38;2;0;95;95m[48;2;215;255;255m+           Object {
[38;2;0;95;95m[48;2;215;255;255m+             "install": [Function],
[38;2;0;95;95m[48;2;215;255;255m+           },
[38;2;0;95;95m[48;2;215;255;255m+           Object {
[38;2;0;95;95m[48;2;215;255;255m+             "install": [Function],
[38;2;0;95;95m[48;2;215;255;255m+           },
[38;2;0;95;95m[48;2;215;255;255m+           Object {
[38;2;0;95;95m[48;2;215;255;255m+             "install": [Function],
[38;2;0;95;95m[48;2;215;255;255m+           },
[38;2;0;95;95m[48;2;215;255;255m+           Object {
[38;2;0;95;95m[48;2;215;255;255m+             "install": [Function],
[38;2;0;95;95m[48;2;215;255;255m+           },
[38;2;0;95;95m[48;2;215;255;255m+           Object {
[38;2;0;95;95m[48;2;215;255;255m+             "install": [Function],
[38;2;0;95;95m[48;2;215;255;255m+           },
[38;2;0;95;95m[48;2;215;255;255m+           Object {
[38;2;0;95;95m[48;2;215;255;255m+             "install": [Function],
[38;2;0;95;95m[48;2;215;255;255m+           },
[38;2;0;95;95m[48;2;215;255;255m+           Object {
[38;2;0;95;95m[48;2;215;255;255m+             "install": [Function],
[38;2;0;95;95m[48;2;215;255;255m+           },
[38;2;0;95;95m[48;2;215;255;255m+           Object {
[38;2;0;95;95m[48;2;215;255;255m+             "install": [Function],
[38;2;0;95;95m[48;2;215;255;255m+           },
[38;2;0;95;95m[48;2;215;255;255m+           Object {
[38;2;0;95;95m[48;2;215;255;255m+             "install": [Function],
[38;2;0;95;95m[48;2;215;255;255m+           },
[38;2;0;95;95m[48;2;215;255;255m+           Object {
[38;2;0;95;95m[48;2;215;255;255m+             "install": [Function],
[38;2;0;95;95m[48;2;215;255;255m+           },
[38;2;0;95;95m[48;2;215;255;255m+           Object {
[38;2;0;95;95m[48;2;215;255;255m+             "install": [Function],
[38;2;0;95;95m[48;2;215;255;255m+           },
[38;2;0;95;95m[48;2;215;255;255m+           Object {
[38;2;0;95;95m[48;2;215;255;255m+             "install": [Function],
[38;2;0;95;95m[48;2;215;255;255m+           },
[38;2;0;95;95m[48;2;215;255;255m+           Object {
[38;2;0;95;95m[48;2;215;255;255m+             "install": [Function],
[38;2;0;95;95m[48;2;215;255;255m+           },
[38;2;0;95;95m[48;2;215;255;255m+           Object {
[38;2;0;95;95m[48;2;215;255;255m+             "install": [Function],
[38;2;0;95;95m[48;2;215;255;255m+           },
[38;2;0;95;95m[48;2;215;255;255m+           Object {
[38;2;0;95;95m[48;2;215;255;255m+             "install": [Function],
[38;2;0;95;95m[48;2;215;255;255m+           },
[38;2;0;95;95m[48;2;215;255;255m+           Object {
[38;2;0;95;95m[48;2;215;255;255m+             "install": [Function],
[38;2;0;95;95m[48;2;215;255;255m+           },
[38;2;0;95;95m[48;2;215;255;255m+           Object {
[38;2;0;95;95m[48;2;215;255;255m+             "install": [Function],
[38;2;0;95;95m[48;2;215;255;255m+           },
[38;2;0;95;95m[48;2;215;255;255m+           Object {
[38;2;0;95;95m[48;2;215;255;255m+             "install": [Function],
[38;2;0;95;95m[48;2;215;255;255m+           },
[38;2;0;95;95m[48;2;215;255;255m+           Object {
[38;2;0;95;95m[48;2;215;255;255m+             "install": [Function],
[38;2;0;95;95m[48;2;215;255;255m+           },
[38;2;0;95;95m[48;2;215;255;255m+           [Function],
[38;2;0;95;95m[48;2;215;255;255m+           Object {
[38;2;0;95;95m[48;2;215;255;255m+             "install": [Function],
[38;2;0;95;95m[48;2;215;255;255m+           },
[38;2;0;95;95m[48;2;215;255;255m+           Object {
[38;2;0;95;95m[48;2;215;255;255m+             "install": [Function],
[38;2;0;95;95m[48;2;215;255;255m+           },
[38;2;0;95;95m[48;2;215;255;255m+           Object {
[38;2;0;95;95m[48;2;215;255;255m+             "install": [Function],
[38;2;0;95;95m[48;2;215;255;255m+           },
[38;2;0;95;95m[48;2;215;255;255m+           Object {
[38;2;0;95;95m[48;2;215;255;255m+             "install": [Function],
[38;2;0;95;95m[48;2;215;255;255m+           },
[38;2;0;95;95m[48;2;215;255;255m+           Object {
[38;2;0;95;95m[48;2;215;255;255m+             "install": [Function],
[38;2;0;95;95m[48;2;215;255;255m+           },
[38;2;0;95;95m[48;2;215;255;255m+           Object {
[38;2;0;95;95m[48;2;215;255;255m+             "install": [Function],
[38;2;0;95;95m[48;2;215;255;255m+           },
[38;2;0;95;95m[48;2;215;255;255m+           Object {
[38;2;0;95;95m[48;2;215;255;255m+             "install": [Function],
[38;2;0;95;95m[48;2;215;255;255m+           },
[38;2;0;95;95m[48;2;215;255;255m+           Object {
[38;2;0;95;95m[48;2;215;255;255m+             "install": [Function],
[38;2;0;95;95m[48;2;215;255;255m+           },
[38;2;0;95;95m[48;2;215;255;255m+           Object {
[38;2;0;95;95m[48;2;215;255;255m+             "install": [Function],
[38;2;0;95;95m[48;2;215;255;255m+           },
[38;2;0;95;95m[48;2;215;255;255m+           Object {
[38;2;0;95;95m[48;2;215;255;255m+             "install": [Function],
[38;2;0;95;95m[48;2;215;255;255m+           },
[38;2;0;95;95m[48;2;215;255;255m+           Object {
[38;2;0;95;95m[48;2;215;255;255m+             "install": [Function],
[38;2;0;95;95m[48;2;215;255;255m+           },
[38;2;0;95;95m[48;2;215;255;255m+           Object {
[38;2;0;95;95m[48;2;215;255;255m+             "install": [Function],
[38;2;0;95;95m[48;2;215;255;255m+           },
[38;2;0;95;95m[48;2;215;255;255m+           Object {
[38;2;0;95;95m[48;2;215;255;255m+             "install": [Function],
[38;2;0;95;95m[48;2;215;255;255m+           },
[38;2;0;95;95m[48;2;215;255;255m+           Object {
[38;2;0;95;95m[48;2;215;255;255m+             "install": [Function],
[38;2;0;95;95m[48;2;215;255;255m+           },
[38;2;0;95;95m[48;2;215;255;255m+           Object {
[38;2;0;95;95m[48;2;215;255;255m+             "install": [Function],
[38;2;0;95;95m[48;2;215;255;255m+           },
[38;2;0;95;95m[48;2;215;255;255m+           Object {
[38;2;0;95;95m[48;2;215;255;255m+             "install": [Function],
[38;2;0;95;95m[48;2;215;255;255m+           },
[38;2;0;95;95m[48;2;215;255;255m+           Object {
[38;2;0;95;95m[48;2;215;255;255m+             "install": [Function],
[38;2;0;95;95m[48;2;215;255;255m+           },
[38;2;0;95;95m[48;2;215;255;255m+           Object {
[38;2;0;95;95m[48;2;215;255;255m+             "install": [Function],
[38;2;0;95;95m[48;2;215;255;255m+           },
[38;2;0;95;95m[48;2;215;255;255m+           [Function],
[38;2;0;95;95m[48;2;215;255;255m+           Object {
[38;2;0;95;95m[48;2;215;255;255m+             "install": [Function],
[38;2;0;95;95m[48;2;215;255;255m+           },
[38;2;0;95;95m[48;2;215;255;255m+           Object {
[38;2;0;95;95m[48;2;215;255;255m+             "install": [Function],
[38;2;0;95;95m[48;2;215;255;255m+           },
[38;2;0;95;95m[48;2;215;255;255m+           Object {
[38;2;0;95;95m[48;2;215;255;255m+             "install": [Function],
[38;2;0;95;95m[48;2;215;255;255m+           },
[38;2;0;95;95m[48;2;215;255;255m+           Object {
[38;2;0;95;95m[48;2;215;255;255m+             "install": [Function],
[38;2;0;95;95m[48;2;215;255;255m+           },
[38;2;0;95;95m[48;2;215;255;255m+           Object {
[38;2;0;95;95m[48;2;215;255;255m+             "install": [Function],
[38;2;0;95;95m[48;2;215;255;255m+           },
[38;2;0;95;95m[48;2;215;255;255m+           Object {
[38;2;0;95;95m[48;2;215;255;255m+             "install": [Function],
[38;2;0;95;95m[48;2;215;255;255m+           },
[38;2;0;95;95m[48;2;215;255;255m+           Object {
[38;2;0;95;95m[48;2;215;255;255m+             "install": [Function],
[38;2;0;95;95m[48;2;215;255;255m+           },
[38;2;0;95;95m[48;2;215;255;255m+           Object {
[38;2;0;95;95m[48;2;215;255;255m+             "install": [Function],
[38;2;0;95;95m[48;2;215;255;255m+           },
[38;2;0;95;95m[48;2;215;255;255m+           Object {
[38;2;0;95;95m[48;2;215;255;255m+             "install": [Function],
[38;2;0;95;95m[48;2;215;255;255m+           },
[38;2;0;95;95m[48;2;215;255;255m+           Object {
[38;2;0;95;95m[48;2;215;255;255m+             "install": [Function],
[38;2;0;95;95m[48;2;215;255;255m+           },
[38;2;0;95;95m[48;2;215;255;255m+           Object {
[38;2;0;95;95m[48;2;215;255;255m+             "NAME": "BootstrapVue",
[38;2;0;95;95m[48;2;215;255;255m+             "install": [Function],
[38;2;0;95;95m[48;2;215;255;255m+           },
[38;2;0;95;95m[48;2;215;255;255m+         ],
[38;2;0;95;95m[48;2;215;255;255m+         "_isFunctionalContainer": undefined,
[38;2;0;95;95m[48;2;215;255;255m+         "beforeCreate": Array [
[38;2;0;95;95m[48;2;215;255;255m+           [Function],
[38;2;0;95;95m[48;2;215;255;255m+           [Function],
[38;2;0;95;95m[48;2;215;255;255m+           [Function],
[38;2;0;95;95m[48;2;215;255;255m+         ],
[38;2;0;95;95m[48;2;215;255;255m+         "cid": 1398,
[38;2;0;95;95m[48;2;215;255;255m+         "component": [Function],
[38;2;0;95;95m[48;2;215;255;255m+         "components": Object {
[38;2;0;95;95m[48;2;215;255;255m+           "transition": Object {
[38;2;0;95;95m[48;2;215;255;255m+             "$_doNotStubChildren": true,
[38;2;0;95;95m[48;2;215;255;255m+             "$_vueTestUtils_original": Object {
[38;2;0;95;95m[48;2;215;255;255m+               "_Ctor": Object {
[38;2;0;95;95m[48;2;215;255;255m+                 "1404": [Function],
[38;2;0;95;95m[48;2;215;255;255m+               },
[38;2;0;95;95m[48;2;215;255;255m+               "abstract": true,
[38;2;0;95;95m[48;2;215;255;255m+               "name": "transition",
[38;2;0;95;95m[48;2;215;255;255m+               "props": Object {
[38;2;0;95;95m[48;2;215;255;255m+                 "appear": Object {
[38;2;0;95;95m[48;2;215;255;255m+                   "type": [Function],
[38;2;0;95;95m[48;2;215;255;255m+                 },
[38;2;0;95;95m[48;2;215;255;255m+                 "appearActiveClass": Object {
[38;2;0;95;95m[48;2;215;255;255m+                   "type": [Function],
[38;2;0;95;95m[48;2;215;255;255m+                 },
[38;2;0;95;95m[48;2;215;255;255m+                 "appearClass": Object {
[38;2;0;95;95m[48;2;215;255;255m+                   "type": [Function],
[38;2;0;95;95m[48;2;215;255;255m+                 },
[38;2;0;95;95m[48;2;215;255;255m+                 "appearToClass": Object {
[38;2;0;95;95m[48;2;215;255;255m+                   "type": [Function],
[38;2;0;95;95m[48;2;215;255;255m+                 },
[38;2;0;95;95m[48;2;215;255;255m+                 "css": Object {
[38;2;0;95;95m[48;2;215;255;255m+                   "type": [Function],
[38;2;0;95;95m[48;2;215;255;255m+                 },
[38;2;0;95;95m[48;2;215;255;255m+                 "duration": Object {
[38;2;0;95;95m[48;2;215;255;255m+                   "type": Array [
[38;2;0;95;95m[48;2;215;255;255m+                     [Function],
[38;2;0;95;95m[48;2;215;255;255m+                     [Function],
[38;2;0;95;95m[48;2;215;255;255m+                     [Function],
[38;2;0;95;95m[48;2;215;255;255m+                   ],
[38;2;0;95;95m[48;2;215;255;255m+                 },
[38;2;0;95;95m[48;2;215;255;255m+                 "enterActiveClass": Object {
[38;2;0;95;95m[48;2;215;255;255m+                   "type": [Function],
[38;2;0;95;95m[48;2;215;255;255m+                 },
[38;2;0;95;95m[48;2;215;255;255m+                 "enterClass": Object {
[38;2;0;95;95m[48;2;215;255;255m+                   "type": [Function],
[38;2;0;95;95m[48;2;215;255;255m+                 },
[38;2;0;95;95m[48;2;215;255;255m+                 "enterToClass": Object {
[38;2;0;95;95m[48;2;215;255;255m+                   "type": [Function],
[38;2;0;95;95m[48;2;215;255;255m+                 },
[38;2;0;95;95m[48;2;215;255;255m+                 "leaveActiveClass": Object {
[38;2;0;95;95m[48;2;215;255;255m+                   "type": [Function],
[38;2;0;95;95m[48;2;215;255;255m+                 },
[38;2;0;95;95m[48;2;215;255;255m+                 "leaveClass": Object {
[38;2;0;95;95m[48;2;215;255;255m+                   "type": [Function],
[38;2;0;95;95m[48;2;215;255;255m+                 },
[38;2;0;95;95m[48;2;215;255;255m+                 "leaveToClass": Object {
[38;2;0;95;95m[48;2;215;255;255m+                   "type": [Function],
[38;2;0;95;95m[48;2;215;255;255m+                 },
[38;2;0;95;95m[48;2;215;255;255m+                 "mode": Object {
[38;2;0;95;95m[48;2;215;255;255m+                   "type": [Function],
[38;2;0;95;95m[48;2;215;255;255m+                 },
[38;2;0;95;95m[48;2;215;255;255m+                 "name": Object {
[38;2;0;95;95m[48;2;215;255;255m+                   "type": [Function],
[38;2;0;95;95m[48;2;215;255;255m+                 },
[38;2;0;95;95m[48;2;215;255;255m+                 "type": Object {
[38;2;0;95;95m[48;2;215;255;255m+                   "type": [Function],
[38;2;0;95;95m[48;2;215;255;255m+                 },
[38;2;0;95;95m[48;2;215;255;255m+               },
[38;2;0;95;95m[48;2;215;255;255m+               "render": [Function],
[38;2;0;95;95m[48;2;215;255;255m+             },
[38;2;0;95;95m[48;2;215;255;255m+             "abstract": true,
[38;2;0;95;95m[48;2;215;255;255m+             "attrs": undefined,
[38;2;0;95;95m[48;2;215;255;255m+             "class": undefined,
[38;2;0;95;95m[48;2;215;255;255m+             "domProps": undefined,
[38;2;0;95;95m[48;2;215;255;255m+             "functional": undefined,
[38;2;0;95;95m[48;2;215;255;255m+             "key": undefined,
[38;2;0;95;95m[48;2;215;255;255m+             "model": undefined,
[38;2;0;95;95m[48;2;215;255;255m+             "name": "transition",
[38;2;0;95;95m[48;2;215;255;255m+             "nativeOn": undefined,
[38;2;0;95;95m[48;2;215;255;255m+             "normalizedStyle": undefined,
[38;2;0;95;95m[48;2;215;255;255m+             "on": undefined,
[38;2;0;95;95m[48;2;215;255;255m+             "props": Object {
[38;2;0;95;95m[48;2;215;255;255m+               "appear": Object {
[38;2;0;95;95m[48;2;215;255;255m+                 "type": [Function],
[38;2;0;95;95m[48;2;215;255;255m+               },
[38;2;0;95;95m[48;2;215;255;255m+               "appearActiveClass": Object {
[38;2;0;95;95m[48;2;215;255;255m+                 "type": [Function],
[38;2;0;95;95m[48;2;215;255;255m+               },
[38;2;0;95;95m[48;2;215;255;255m+               "appearClass": Object {
[38;2;0;95;95m[48;2;215;255;255m+                 "type": [Function],
[38;2;0;95;95m[48;2;215;255;255m+               },
[38;2;0;95;95m[48;2;215;255;255m+               "appearToClass": Object {
[38;2;0;95;95m[48;2;215;255;255m+                 "type": [Function],
[38;2;0;95;95m[48;2;215;255;255m+               },
[38;2;0;95;95m[48;2;215;255;255m+               "css": Object {
[38;2;0;95;95m[48;2;215;255;255m+                 "type": [Function],
[38;2;0;95;95m[48;2;215;255;255m+               },
[38;2;0;95;95m[48;2;215;255;255m+               "duration": Object {
[38;2;0;95;95m[48;2;215;255;255m+                 "type": Array [
[38;2;0;95;95m[48;2;215;255;255m+                   [Function],
[38;2;0;95;95m[48;2;215;255;255m+                   [Function],
[38;2;0;95;95m[48;2;215;255;255m+                   [Function],
[38;2;0;95;95m[48;2;215;255;255m+                 ],
[38;2;0;95;95m[48;2;215;255;255m+               },
[38;2;0;95;95m[48;2;215;255;255m+               "enterActiveClass": Object {
[38;2;0;95;95m[48;2;215;255;255m+                 "type": [Function],
[38;2;0;95;95m[48;2;215;255;255m+               },
[38;2;0;95;95m[48;2;215;255;255m+               "enterClass": Object {
[38;2;0;95;95m[48;2;215;255;255m+                 "type": [Function],
[38;2;0;95;95m[48;2;215;255;255m+               },
[38;2;0;95;95m[48;2;215;255;255m+               "enterToClass": Object {
[38;2;0;95;95m[48;2;215;255;255m+                 "type": [Function],
[38;2;0;95;95m[48;2;215;255;255m+               },
[38;2;0;95;95m[48;2;215;255;255m+               "leaveActiveClass": Object {
[38;2;0;95;95m[48;2;215;255;255m+                 "type": [Function],
[38;2;0;95;95m[48;2;215;255;255m+               },
[38;2;0;95;95m[48;2;215;255;255m+               "leaveClass": Object {
[38;2;0;95;95m[48;2;215;255;255m+                 "type": [Function],
[38;2;0;95;95m[48;2;215;255;255m+               },
[38;2;0;95;95m[48;2;215;255;255m+               "leaveToClass": Object {
[38;2;0;95;95m[48;2;215;255;255m+                 "type": [Function],
[38;2;0;95;95m[48;2;215;255;255m+               },
[38;2;0;95;95m[48;2;215;255;255m+               "mode": Object {
[38;2;0;95;95m[48;2;215;255;255m+                 "type": [Function],
[38;2;0;95;95m[48;2;215;255;255m+               },
[38;2;0;95;95m[48;2;215;255;255m+               "name": Object {
[38;2;0;95;95m[48;2;215;255;255m+                 "type": [Function],
[38;2;0;95;95m[48;2;215;255;255m+               },
[38;2;0;95;95m[48;2;215;255;255m+               "type": Object {
[38;2;0;95;95m[48;2;215;255;255m+                 "type": [Function],
[38;2;0;95;95m[48;2;215;255;255m+               },
[38;2;0;95;95m[48;2;215;255;255m+             },
[38;2;0;95;95m[48;2;215;255;255m+             "render": [Function],
[38;2;0;95;95m[48;2;215;255;255m+             "staticClass": undefined,
[38;2;0;95;95m[48;2;215;255;255m+             "staticStyle": undefined,
[38;2;0;95;95m[48;2;215;255;255m+             "style": undefined,
[38;2;0;95;95m[48;2;215;255;255m+           },
[38;2;0;95;95m[48;2;215;255;255m+           "transition-group": Object {
[38;2;0;95;95m[48;2;215;255;255m+             "$_doNotStubChildren": true,
[38;2;0;95;95m[48;2;215;255;255m+             "$_vueTestUtils_original": Object {
[38;2;0;95;95m[48;2;215;255;255m+               "_Ctor": Object {
[38;2;0;95;95m[48;2;215;255;255m+                 "1404": [Function],
[38;2;0;95;95m[48;2;215;255;255m+               },
[38;2;0;95;95m[48;2;215;255;255m+               "beforeMount": [Function],
[38;2;0;95;95m[48;2;215;255;255m+               "methods": Object {
[38;2;0;95;95m[48;2;215;255;255m+                 "hasMove": [Function],
[38;2;0;95;95m[48;2;215;255;255m+               },
[38;2;0;95;95m[48;2;215;255;255m+               "props": Object {
[38;2;0;95;95m[48;2;215;255;255m+                 "appear": Object {
[38;2;0;95;95m[48;2;215;255;255m+                   "type": [Function],
[38;2;0;95;95m[48;2;215;255;255m+                 },
[38;2;0;95;95m[48;2;215;255;255m+                 "appearActiveClass": Object {
[38;2;0;95;95m[48;2;215;255;255m+                   "type": [Function],
[38;2;0;95;95m[48;2;215;255;255m+                 },
[38;2;0;95;95m[48;2;215;255;255m+                 "appearClass": Object {
[38;2;0;95;95m[48;2;215;255;255m+                   "type": [Function],
[38;2;0;95;95m[48;2;215;255;255m+                 },
[38;2;0;95;95m[48;2;215;255;255m+                 "appearToClass": Object {
[38;2;0;95;95m[48;2;215;255;255m+                   "type": [Function],
[38;2;0;95;95m[48;2;215;255;255m+                 },
[38;2;0;95;95m[48;2;215;255;255m+                 "css": Object {
[38;2;0;95;95m[48;2;215;255;255m+                   "type": [Function],
[38;2;0;95;95m[48;2;215;255;255m+                 },
[38;2;0;95;95m[48;2;215;255;255m+                 "duration": Object {
[38;2;0;95;95m[48;2;215;255;255m+                   "type": Array [
[38;2;0;95;95m[48;2;215;255;255m+                     [Function],
[38;2;0;95;95m[48;2;215;255;255m+                     [Function],
[38;2;0;95;95m[48;2;215;255;255m+                     [Function],
[38;2;0;95;95m[48;2;215;255;255m+                   ],
[38;2;0;95;95m[48;2;215;255;255m+                 },
[38;2;0;95;95m[48;2;215;255;255m+                 "enterActiveClass": Object {
[38;2;0;95;95m[48;2;215;255;255m+                   "type": [Function],
[38;2;0;95;95m[48;2;215;255;255m+                 },
[38;2;0;95;95m[48;2;215;255;255m+                 "enterClass": Object {
[38;2;0;95;95m[48;2;215;255;255m+                   "type": [Function],
[38;2;0;95;95m[48;2;215;255;255m+                 },
[38;2;0;95;95m[48;2;215;255;255m+                 "enterToClass": Object {
[38;2;0;95;95m[48;2;215;255;255m+                   "type": [Function],
[38;2;0;95;95m[48;2;215;255;255m+                 },
[38;2;0;95;95m[48;2;215;255;255m+                 "leaveActiveClass": Object {
[38;2;0;95;95m[48;2;215;255;255m+                   "type": [Function],
[38;2;0;95;95m[48;2;215;255;255m+                 },
[38;2;0;95;95m[48;2;215;255;255m+                 "leaveClass": Object {
[38;2;0;95;95m[48;2;215;255;255m+                   "type": [Function],
[38;2;0;95;95m[48;2;215;255;255m+                 },
[38;2;0;95;95m[48;2;215;255;255m+                 "leaveToClass": Object {
[38;2;0;95;95m[48;2;215;255;255m+                   "type": [Function],
[38;2;0;95;95m[48;2;215;255;255m+                 },
[38;2;0;95;95m[48;2;215;255;255m+                 "moveClass": Object {
[38;2;0;95;95m[48;2;215;255;255m+                   "type": [Function],
[38;2;0;95;95m[48;2;215;255;255m+                 },
[38;2;0;95;95m[48;2;215;255;255m+                 "name": Object {
[38;2;0;95;95m[48;2;215;255;255m+                   "type": [Function],
[38;2;0;95;95m[48;2;215;255;255m+                 },
[38;2;0;95;95m[48;2;215;255;255m+                 "tag": Object {
[38;2;0;95;95m[48;2;215;255;255m+                   "type": [Function],
[38;2;0;95;95m[48;2;215;255;255m+                 },
[38;2;0;95;95m[48;2;215;255;255m+                 "type": Object {
[38;2;0;95;95m[48;2;215;255;255m+                   "type": [Function],
[38;2;0;95;95m[48;2;215;255;255m+                 },
[38;2;0;95;95m[48;2;215;255;255m+               },
[38;2;0;95;95m[48;2;215;255;255m+               "render": [Function],
[38;2;0;95;95m[48;2;215;255;255m+               "updated": [Function],
[38;2;0;95;95m[48;2;215;255;255m+             },
[38;2;0;95;95m[48;2;215;255;255m+             "abstract": undefined,
[38;2;0;95;95m[48;2;215;255;255m+             "attrs": undefined,
[38;2;0;95;95m[48;2;215;255;255m+             "class": undefined,
[38;2;0;95;95m[48;2;215;255;255m+             "domProps": undefined,
[38;2;0;95;95m[48;2;215;255;255m+             "functional": undefined,
[38;2;0;95;95m[48;2;215;255;255m+             "key": undefined,
[38;2;0;95;95m[48;2;215;255;255m+             "model": undefined,
[38;2;0;95;95m[48;2;215;255;255m+             "name": undefined,
[38;2;0;95;95m[48;2;215;255;255m+             "nativeOn": undefined,
[38;2;0;95;95m[48;2;215;255;255m+             "normalizedStyle": undefined,
[38;2;0;95;95m[48;2;215;255;255m+             "on": undefined,
[38;2;0;95;95m[48;2;215;255;255m+             "props": Object {
[38;2;0;95;95m[48;2;215;255;255m+               "appear": Object {
[38;2;0;95;95m[48;2;215;255;255m+                 "type": [Function],
[38;2;0;95;95m[48;2;215;255;255m+               },
[38;2;0;95;95m[48;2;215;255;255m+               "appearActiveClass": Object {
[38;2;0;95;95m[48;2;215;255;255m+                 "type": [Function],
[38;2;0;95;95m[48;2;215;255;255m+               },
[38;2;0;95;95m[48;2;215;255;255m+               "appearClass": Object {
[38;2;0;95;95m[48;2;215;255;255m+                 "type": [Function],
[38;2;0;95;95m[48;2;215;255;255m+               },
[38;2;0;95;95m[48;2;215;255;255m+               "appearToClass": Object {
[38;2;0;95;95m[48;2;215;255;255m+                 "type": [Function],
[38;2;0;95;95m[48;2;215;255;255m+               },
[38;2;0;95;95m[48;2;215;255;255m+               "css": Object {
[38;2;0;95;95m[48;2;215;255;255m+                 "type": [Function],
[38;2;0;95;95m[48;2;215;255;255m+               },
[38;2;0;95;95m[48;2;215;255;255m+               "duration": Object {
[38;2;0;95;95m[48;2;215;255;255m+                 "type": Array [
[38;2;0;95;95m[48;2;215;255;255m+                   [Function],
[38;2;0;95;95m[48;2;215;255;255m+                   [Function],
[38;2;0;95;95m[48;2;215;255;255m+                   [Function],
[38;2;0;95;95m[48;2;215;255;255m+                 ],
[38;2;0;95;95m[48;2;215;255;255m+               },
[38;2;0;95;95m[48;2;215;255;255m+               "enterActiveClass": Object {
[38;2;0;95;95m[48;2;215;255;255m+                 "type": [Function],
[38;2;0;95;95m[48;2;215;255;255m+               },
[38;2;0;95;95m[48;2;215;255;255m+               "enterClass": Object {
[38;2;0;95;95m[48;2;215;255;255m+                 "type": [Function],
[38;2;0;95;95m[48;2;215;255;255m+               },
[38;2;0;95;95m[48;2;215;255;255m+               "enterToClass": Object {
[38;2;0;95;95m[48;2;215;255;255m+                 "type": [Function],
[38;2;0;95;95m[48;2;215;255;255m+               },
[38;2;0;95;95m[48;2;215;255;255m+               "leaveActiveClass": Object {
[38;2;0;95;95m[48;2;215;255;255m+                 "type": [Function],
[38;2;0;95;95m[48;2;215;255;255m+               },
[38;2;0;95;95m[48;2;215;255;255m+               "leaveClass": Object {
[38;2;0;95;95m[48;2;215;255;255m+                 "type": [Function],
[38;2;0;95;95m[48;2;215;255;255m+               },
[38;2;0;95;95m[48;2;215;255;255m+               "leaveToClass": Object {
[38;2;0;95;95m[48;2;215;255;255m+                 "type": [Function],
[38;2;0;95;95m[48;2;215;255;255m+               },
[38;2;0;95;95m[48;2;215;255;255m+               "moveClass": Object {
[38;2;0;95;95m[48;2;215;255;255m+                 "type": [Function],
[38;2;0;95;95m[48;2;215;255;255m+               },
[38;2;0;95;95m[48;2;215;255;255m+               "name": Object {
[38;2;0;95;95m[48;2;215;255;255m+                 "type": [Function],
[38;2;0;95;95m[48;2;215;255;255m+               },
[38;2;0;95;95m[48;2;215;255;255m+               "tag": Object {
[38;2;0;95;95m[48;2;215;255;255m+                 "type": [Function],
[38;2;0;95;95m[48;2;215;255;255m+               },
[38;2;0;95;95m[48;2;215;255;255m+               "type": Object {
[38;2;0;95;95m[48;2;215;255;255m+                 "type": [Function],
[38;2;0;95;95m[48;2;215;255;255m+               },
[38;2;0;95;95m[48;2;215;255;255m+             },
[38;2;0;95;95m[48;2;215;255;255m+             "render": [Function],
[38;2;0;95;95m[48;2;215;255;255m+             "staticClass": undefined,
[38;2;0;95;95m[48;2;215;255;255m+             "staticStyle": undefined,
[38;2;0;95;95m[48;2;215;255;255m+             "style": undefined,
[38;2;0;95;95m[48;2;215;255;255m+           },
[38;2;0;95;95m[48;2;215;255;255m+         },
[38;2;0;95;95m[48;2;215;255;255m+         "config": Object {
[38;2;0;95;95m[48;2;215;255;255m+           "_lifecycleHooks": Array [
[38;2;0;95;95m[48;2;215;255;255m+             "beforeCreate",
[38;2;0;95;95m[48;2;215;255;255m+             "created",
[38;2;0;95;95m[48;2;215;255;255m+             "beforeMount",
[38;2;0;95;95m[48;2;215;255;255m+             "mounted",
[38;2;0;95;95m[48;2;215;255;255m+             "beforeUpdate",
[38;2;0;95;95m[48;2;215;255;255m+             "updated",
[38;2;0;95;95m[48;2;215;255;255m+             "beforeDestroy",
[38;2;0;95;95m[48;2;215;255;255m+             "destroyed",
[38;2;0;95;95m[48;2;215;255;255m+             "activated",
[38;2;0;95;95m[48;2;215;255;255m+             "deactivated",
[38;2;0;95;95m[48;2;215;255;255m+             "errorCaptured",
[38;2;0;95;95m[48;2;215;255;255m+             "serverPrefetch",
[38;2;0;95;95m[48;2;215;255;255m+           ],
[38;2;0;95;95m[48;2;215;255;255m+           "async": true,
[38;2;0;95;95m[48;2;215;255;255m+           "devtools": false,
[38;2;0;95;95m[48;2;215;255;255m+           "errorHandler": undefined,
[38;2;0;95;95m[48;2;215;255;255m+           "getTagNamespace": [Function],
[38;2;0;95;95m[48;2;215;255;255m+           "ignoredElements": Array [],
[38;2;0;95;95m[48;2;215;255;255m+           "isReservedAttr": [Function],
[38;2;0;95;95m[48;2;215;255;255m+           "isReservedTag": [Function],
[38;2;0;95;95m[48;2;215;255;255m+           "isUnknownElement": [Function],
[38;2;0;95;95m[48;2;215;255;255m+           "keyCodes": Object {},
[38;2;0;95;95m[48;2;215;255;255m+           "mustUseProp": [Function],
[38;2;0;95;95m[48;2;215;255;255m+           "optionMergeStrategies": Object {
[38;2;0;95;95m[48;2;215;255;255m+             "activated": [Function],
[38;2;0;95;95m[48;2;215;255;255m+             "beforeCreate": [Function],
[38;2;0;95;95m[48;2;215;255;255m+             "beforeDestroy": [Function],
[38;2;0;95;95m[48;2;215;255;255m+             "beforeMount": [Function],
[38;2;0;95;95m[48;2;215;255;255m+             "beforeUpdate": [Function],
[38;2;0;95;95m[48;2;215;255;255m+             "components": [Function],
[38;2;0;95;95m[48;2;215;255;255m+             "computed": [Function],
[38;2;0;95;95m[48;2;215;255;255m+             "created": [Function],
[38;2;0;95;95m[48;2;215;255;255m+             "data": [Function],
[38;2;0;95;95m[48;2;215;255;255m+             "deactivated": [Function],
[38;2;0;95;95m[48;2;215;255;255m+             "destroyed": [Function],
[38;2;0;95;95m[48;2;215;255;255m+             "directives": [Function],
[38;2;0;95;95m[48;2;215;255;255m+             "el": [Function],
[38;2;0;95;95m[48;2;215;255;255m+             "errorCaptured": [Function],
[38;2;0;95;95m[48;2;215;255;255m+             "filters": [Function],
[38;2;0;95;95m[48;2;215;255;255m+             "inject": [Function],
[38;2;0;95;95m[48;2;215;255;255m+             "methods": [Function],
[38;2;0;95;95m[48;2;215;255;255m+             "mounted": [Function],
[38;2;0;95;95m[48;2;215;255;255m+             "props": [Function],
[38;2;0;95;95m[48;2;215;255;255m+             "propsData": [Function],
[38;2;0;95;95m[48;2;215;255;255m+             "provide": [Function],
[38;2;0;95;95m[48;2;215;255;255m+             "serverPrefetch": [Function],
[38;2;0;95;95m[48;2;215;255;255m+             "updated": [Function],
[38;2;0;95;95m[48;2;215;255;255m+             "watch": [Function],
[38;2;0;95;95m[48;2;215;255;255m+           },
[38;2;0;95;95m[48;2;215;255;255m+           "parsePlatformTagName": [Function],
[38;2;0;95;95m[48;2;215;255;255m+           "performance": false,
[38;2;0;95;95m[48;2;215;255;255m+           "productionTip": false,
[38;2;0;95;95m[48;2;215;255;255m+           "silent": false,
[38;2;0;95;95m[48;2;215;255;255m+           "warnHandler": null,
[38;2;0;95;95m[48;2;215;255;255m+         },
[38;2;0;95;95m[48;2;215;255;255m+         "data": [Function],
[38;2;0;95;95m[48;2;215;255;255m+         "delete": [Function],
[38;2;0;95;95m[48;2;215;255;255m+         "directive": [Function],
[38;2;0;95;95m[48;2;215;255;255m+         "directives": Object {},
[38;2;0;95;95m[48;2;215;255;255m+         "extend": [Function],
[38;2;0;95;95m[48;2;215;255;255m+         "extendOptions": Object {
[38;2;0;95;95m[48;2;215;255;255m+           "_Ctor": Object {
[38;2;0;95;95m[48;2;215;255;255m+             "0": [Function],
[38;2;0;95;95m[48;2;215;255;255m+           },
[38;2;0;95;95m[48;2;215;255;255m+         },
[38;2;0;95;95m[48;2;215;255;255m+         "filter": [Function],
[38;2;0;95;95m[48;2;215;255;255m+         "filters": Object {},
[38;2;0;95;95m[48;2;215;255;255m+         "methods": undefined,
[38;2;0;95;95m[48;2;215;255;255m+         "mixin": [Function],
[38;2;0;95;95m[48;2;215;255;255m+         "mocks": undefined,
[38;2;0;95;95m[48;2;215;255;255m+         "nextTick": [Function],
[38;2;0;95;95m[48;2;215;255;255m+         "observable": [Function],
[38;2;0;95;95m[48;2;215;255;255m+         "options": Object {
[38;2;0;95;95m[48;2;215;255;255m+           "_Ctor": Object {
[38;2;0;95;95m[48;2;215;255;255m+             "0": [Function],
[38;2;0;95;95m[48;2;215;255;255m+           },
[38;2;0;95;95m[48;2;215;255;255m+           "_base": [Function],
[38;2;0;95;95m[48;2;215;255;255m+           "beforeCreate": Array [
[38;2;0;95;95m[48;2;215;255;255m+             [Function],
[38;2;0;95;95m[48;2;215;255;255m+             [Function],
[38;2;0;95;95m[48;2;215;255;255m+           ],
[38;2;0;95;95m[48;2;215;255;255m+           "components": Object {
[38;2;0;95;95m[48;2;215;255;255m+             "BTooltip": [Function],
[38;2;0;95;95m[48;2;215;255;255m+           },
[38;2;0;95;95m[48;2;215;255;255m+           "directives": Object {
[38;2;0;95;95m[48;2;215;255;255m+             "BHover": Object {
[38;2;0;95;95m[48;2;215;255;255m+               "bind": [Function],
[38;2;0;95;95m[48;2;215;255;255m+               "componentUpdated": [Function],
[38;2;0;95;95m[48;2;215;255;255m+               "unbind": [Function],
[38;2;0;95;95m[48;2;215;255;255m+             },
[38;2;0;95;95m[48;2;215;255;255m+             "BModal": Object {
[38;2;0;95;95m[48;2;215;255;255m+               "componentUpdated": [Function],
[38;2;0;95;95m[48;2;215;255;255m+               "inserted": [Function],
[38;2;0;95;95m[48;2;215;255;255m+               "unbind": [Function],
[38;2;0;95;95m[48;2;215;255;255m+               "updated": [Function],
[38;2;0;95;95m[48;2;215;255;255m+             },
[38;2;0;95;95m[48;2;215;255;255m+             "BScrollspy": Object {
[38;2;0;95;95m[48;2;215;255;255m+               "bind": [Function],
[38;2;0;95;95m[48;2;215;255;255m+               "componentUpdated": [Function],
[38;2;0;95;95m[48;2;215;255;255m+               "inserted": [Function],
[38;2;0;95;95m[48;2;215;255;255m+               "unbind": [Function],
[38;2;0;95;95m[48;2;215;255;255m+               "update": [Function],
[38;2;0;95;95m[48;2;215;255;255m+             },
[38;2;0;95;95m[48;2;215;255;255m+             "BTooltip": Object {
[38;2;0;95;95m[48;2;215;255;255m+               "bind": [Function],
[38;2;0;95;95m[48;2;215;255;255m+               "componentUpdated": [Function],
[38;2;0;95;95m[48;2;215;255;255m+               "unbind": [Function],
[38;2;0;95;95m[48;2;215;255;255m+             },
[38;2;0;95;95m[48;2;215;255;255m+             "BVisible": Object {
[38;2;0;95;95m[48;2;215;255;255m+               "bind": [Function],
[38;2;0;95;95m[48;2;215;255;255m+               "componentUpdated": [Function],
[38;2;0;95;95m[48;2;215;255;255m+               "unbind": [Function],
[38;2;0;95;95m[48;2;215;255;255m+             },
[38;2;0;95;95m[48;2;215;255;255m+           },
[38;2;0;95;95m[48;2;215;255;255m+           "filters": Object {},
[38;2;0;95;95m[48;2;215;255;255m+         },
[38;2;0;95;95m[48;2;215;255;255m+         "provide": [Function],
[38;2;0;95;95m[48;2;215;255;255m+         "render": [Function],
[38;2;0;95;95m[48;2;215;255;255m+         "sealedOptions": Object {
[38;2;0;95;95m[48;2;215;255;255m+           "_Ctor": Object {
[38;2;0;95;95m[48;2;215;255;255m+             "0": [Function],
[38;2;0;95;95m[48;2;215;255;255m+           },
[38;2;0;95;95m[48;2;215;255;255m+           "_base": [Function],
[38;2;0;95;95m[48;2;215;255;255m+           "components": Object {
[38;2;0;95;95m[48;2;215;255;255m+             "BAlert": [Function],
[38;2;0;95;95m[48;2;215;255;255m+             "BAspect": [Function],
[38;2;0;95;95m[48;2;215;255;255m+             "BAvatar": [Function],
[38;2;0;95;95m[48;2;215;255;255m+             "BAvatarGroup": [Function],
[38;2;0;95;95m[48;2;215;255;255m+             "BBadge": [Function],
[38;2;0;95;95m[48;2;215;255;255m+             "BBreadcrumb": [Function],
[38;2;0;95;95m[48;2;215;255;255m+             "BBreadcrumbItem": [Function],
[38;2;0;95;95m[48;2;215;255;255m+             "BBreadcrumbLink": [Function],
[38;2;0;95;95m[48;2;215;255;255m+             "BBtn": [Function],
[38;2;0;95;95m[48;2;215;255;255m+             "BBtnClose": [Function],
[38;2;0;95;95m[48;2;215;255;255m+             "BBtnGroup": [Function],
[38;2;0;95;95m[48;2;215;255;255m+             "BBtnToolbar": [Function],
[38;2;0;95;95m[48;2;215;255;255m+             "BButton": [Function],
[38;2;0;95;95m[48;2;215;255;255m+             "BButtonClose": [Function],
[38;2;0;95;95m[48;2;215;255;255m+             "BButtonGroup": [Function],
[38;2;0;95;95m[48;2;215;255;255m+             "BButtonToolbar": [Function],
[38;2;0;95;95m[48;2;215;255;255m+             "BCalendar": [Function],
[38;2;0;95;95m[48;2;215;255;255m+             "BCard": [Function],
[38;2;0;95;95m[48;2;215;255;255m+             "BCardBody": [Function],
[38;2;0;95;95m[48;2;215;255;255m+             "BCardFooter": [Function],
[38;2;0;95;95m[48;2;215;255;255m+             "BCardGroup": [Function],
[38;2;0;95;95m[48;2;215;255;255m+             "BCardHeader": [Function],
[38;2;0;95;95m[48;2;215;255;255m+             "BCardImg": [Function],
[38;2;0;95;95m[48;2;215;255;255m+             "BCardImgLazy": [Function],
[38;2;0;95;95m[48;2;215;255;255m+             "BCardSubTitle": [Function],
[38;2;0;95;95m[48;2;215;255;255m+             "BCardText": [Function],
[38;2;0;95;95m[48;2;215;255;255m+             "BCardTitle": [Function],
[38;2;0;95;95m[48;2;215;255;255m+             "BCarousel": [Function],
[38;2;0;95;95m[48;2;215;255;255m+             "BCarouselSlide": [Function],
[38;2;0;95;95m[48;2;215;255;255m+             "BCheck": [Function],
[38;2;0;95;95m[48;2;215;255;255m+             "BCheckGroup": [Function],
[38;2;0;95;95m[48;2;215;255;255m+             "BCheckbox": [Function],
[38;2;0;95;95m[48;2;215;255;255m+             "BCheckboxGroup": [Function],
[38;2;0;95;95m[48;2;215;255;255m+             "BCol": [Function],
[38;2;0;95;95m[48;2;215;255;255m+             "BCollapse": [Function],
[38;2;0;95;95m[48;2;215;255;255m+             "BContainer": [Function],
[38;2;0;95;95m[48;2;215;255;255m+             "BDatalist": [Function],
[38;2;0;95;95m[48;2;215;255;255m+             "BDatepicker": [Function],
[38;2;0;95;95m[48;2;215;255;255m+             "BDd": [Function],
[38;2;0;95;95m[48;2;215;255;255m+             "BDdDivider": [Function],
[38;2;0;95;95m[48;2;215;255;255m+             "BDdForm": [Function],
[38;2;0;95;95m[48;2;215;255;255m+             "BDdGroup": [Function],
[38;2;0;95;95m[48;2;215;255;255m+             "BDdHeader": [Function],
[38;2;0;95;95m[48;2;215;255;255m+             "BDdItem": [Function],
[38;2;0;95;95m[48;2;215;255;255m+             "BDdItemBtn": [Function],
[38;2;0;95;95m[48;2;215;255;255m+             "BDdItemButton": [Function],
[38;2;0;95;95m[48;2;215;255;255m+             "BDdText": [Function],
[38;2;0;95;95m[48;2;215;255;255m+             "BDropdown": [Function],
[38;2;0;95;95m[48;2;215;255;255m+             "BDropdownDivider": [Function],
[38;2;0;95;95m[48;2;215;255;255m+             "BDropdownForm": [Function],
[38;2;0;95;95m[48;2;215;255;255m+             "BDropdownGroup": [Function],
[38;2;0;95;95m[48;2;215;255;255m+             "BDropdownHeader": [Function],
[38;2;0;95;95m[48;2;215;255;255m+             "BDropdownItem": [Function],
[38;2;0;95;95m[48;2;215;255;255m+             "BDropdownItemBtn": [Function],
[38;2;0;95;95m[48;2;215;255;255m+             "BDropdownItemButton": [Function],
[38;2;0;95;95m[48;2;215;255;255m+             "BDropdownText": [Function],
[38;2;0;95;95m[48;2;215;255;255m+             "BEmbed": [Function],
[38;2;0;95;95m[48;2;215;255;255m+             "BFile": [Function],
[38;2;0;95;95m[48;2;215;255;255m+             "BForm": [Function],
[38;2;0;95;95m[48;2;215;255;255m+             "BFormCheckbox": [Function],
[38;2;0;95;95m[48;2;215;255;255m+             "BFormCheckboxGroup": [Function],
[38;2;0;95;95m[48;2;215;255;255m+             "BFormDatalist": [Function],
[38;2;0;95;95m[48;2;215;255;255m+             "BFormDatepicker": [Function],
[38;2;0;95;95m[48;2;215;255;255m+             "BFormFeedback": [Function],
[38;2;0;95;95m[48;2;215;255;255m+             "BFormFieldset": [Function],
[38;2;0;95;95m[48;2;215;255;255m+             "BFormFile": [Function],
[38;2;0;95;95m[48;2;215;255;255m+             "BFormGroup": [Function],
[38;2;0;95;95m[48;2;215;255;255m+             "BFormInput": [Function],
[38;2;0;95;95m[48;2;215;255;255m+             "BFormInvalidFeedback": [Function],
[38;2;0;95;95m[48;2;215;255;255m+             "BFormRadio": [Function],
[38;2;0;95;95m[48;2;215;255;255m+             "BFormRadioGroup": [Function],
[38;2;0;95;95m[48;2;215;255;255m+             "BFormRating": [Function],
[38;2;0;95;95m[48;2;215;255;255m+             "BFormRow": [Function],
[38;2;0;95;95m[48;2;215;255;255m+             "BFormSelect": [Function],
[38;2;0;95;95m[48;2;215;255;255m+             "BFormSelectOption": [Function],
[38;2;0;95;95m[48;2;215;255;255m+             "BFormSelectOptionGroup": [Function],
[38;2;0;95;95m[48;2;215;255;255m+             "BFormSpinbutton": [Function],
[38;2;0;95;95m[48;2;215;255;255m+             "BFormTag": [Function],
[38;2;0;95;95m[48;2;215;255;255m+             "BFormTags": [Function],
[38;2;0;95;95m[48;2;215;255;255m+             "BFormText": [Function],
[38;2;0;95;95m[48;2;215;255;255m+             "BFormTextarea": [Function],
[38;2;0;95;95m[48;2;215;255;255m+             "BFormTimepicker": [Function],
[38;2;0;95;95m[48;2;215;255;255m+             "BFormValidFeedback": [Function],
[38;2;0;95;95m[48;2;215;255;255m+             "BImg": [Function],
[38;2;0;95;95m[48;2;215;255;255m+             "BImgLazy": [Function],
[38;2;0;95;95m[48;2;215;255;255m+             "BInput": [Function],
[38;2;0;95;95m[48;2;215;255;255m+             "BInputGroup": [Function],
[38;2;0;95;95m[48;2;215;255;255m+             "BInputGroupAddon": [Function],
[38;2;0;95;95m[48;2;215;255;255m+             "BInputGroupAppend": [Function],
[38;2;0;95;95m[48;2;215;255;255m+             "BInputGroupPrepend": [Function],
[38;2;0;95;95m[48;2;215;255;255m+             "BInputGroupText": [Function],
[38;2;0;95;95m[48;2;215;255;255m+             "BJumbotron": [Function],
[38;2;0;95;95m[48;2;215;255;255m+             "BLink": [Function],
[38;2;0;95;95m[48;2;215;255;255m+             "BListGroup": [Function],
[38;2;0;95;95m[48;2;215;255;255m+             "BListGroupItem": [Function],
[38;2;0;95;95m[48;2;215;255;255m+             "BMedia": [Function],
[38;2;0;95;95m[48;2;215;255;255m+             "BMediaAside": [Function],
[38;2;0;95;95m[48;2;215;255;255m+             "BMediaBody": [Function],
[38;2;0;95;95m[48;2;215;255;255m+             "BModal": [Function],
[38;2;0;95;95m[48;2;215;255;255m+             "BRadio": [Function],
[38;2;0;95;95m[48;2;215;255;255m+             "BRadioGroup": [Function],
[38;2;0;95;95m[48;2;215;255;255m+             "BRating": [Function],
[38;2;0;95;95m[48;2;215;255;255m+             "BRow": [Function],
[38;2;0;95;95m[48;2;215;255;255m+             "BSelect": [Function],
[38;2;0;95;95m[48;2;215;255;255m+             "BSelectOption": [Function],
[38;2;0;95;95m[48;2;215;255;255m+             "BSelectOptionGroup": [Function],
[38;2;0;95;95m[48;2;215;255;255m+             "BSpinbutton": [Function],
[38;2;0;95;95m[48;2;215;255;255m+             "BTag": [Function],
[38;2;0;95;95m[48;2;215;255;255m+             "BTags": [Function],
[38;2;0;95;95m[48;2;215;255;255m+             "BTextarea": [Function],
[38;2;0;95;95m[48;2;215;255;255m+             "BTimepicker": [Function],
[38;2;0;95;95m[48;2;215;255;255m+           },
[38;2;0;95;95m[48;2;215;255;255m+           "directives": Object {
[38;2;0;95;95m[48;2;215;255;255m+             "BModal": Object {
[38;2;0;95;95m[48;2;215;255;255m+               "componentUpdated": [Function],
[38;2;0;95;95m[48;2;215;255;255m+               "inserted": [Function],
[38;2;0;95;95m[48;2;215;255;255m+               "unbind": [Function],
[38;2;0;95;95m[48;2;215;255;255m+               "updated": [Function],
[38;2;0;95;95m[48;2;215;255;255m+             },
[38;2;0;95;95m[48;2;215;255;255m+             "BToggle": Object {
[38;2;0;95;95m[48;2;215;255;255m+               "bind": [Function],
[38;2;0;95;95m[48;2;215;255;255m+               "componentUpdated": [Function],
[38;2;0;95;95m[48;2;215;255;255m+               "unbind": [Function],
[38;2;0;95;95m[48;2;215;255;255m+               "updated": [Function],
[38;2;0;95;95m[48;2;215;255;255m+             },
[38;2;0;95;95m[48;2;215;255;255m+           },
[38;2;0;95;95m[48;2;215;255;255m+           "filters": Object {},
[38;2;0;95;95m[48;2;215;255;255m+         },
[38;2;0;95;95m[48;2;215;255;255m+         "set": [Function],
[38;2;0;95;95m[48;2;215;255;255m+         "shouldProxy": true,
[38;2;0;95;95m[48;2;215;255;255m+         "stubs": Object {
[38;2;0;95;95m[48;2;215;255;255m+           "transition": true,
[38;2;0;95;95m[48;2;215;255;255m+           "transition-group": true,
[38;2;0;95;95m[48;2;215;255;255m+         },
[38;2;0;95;95m[48;2;215;255;255m+         "super": [Function],
[38;2;0;95;95m[48;2;215;255;255m+         "superOptions": Object {
[38;2;0;95;95m[48;2;215;255;255m+           "_base": [Function],
[38;2;0;95;95m[48;2;215;255;255m+           "components": Object {
[38;2;0;95;95m[48;2;215;255;255m+             "KeepAlive": Object {
[38;2;0;95;95m[48;2;215;255;255m+               "abstract": true,
[38;2;0;95;95m[48;2;215;255;255m+               "created": [Function],
[38;2;0;95;95m[48;2;215;255;255m+               "destroyed": [Function],
[38;2;0;95;95m[48;2;215;255;255m+               "methods": Object {
[38;2;0;95;95m[48;2;215;255;255m+                 "cacheVNode": [Function],
[38;2;0;95;95m[48;2;215;255;255m+               },
[38;2;0;95;95m[48;2;215;255;255m+               "mounted": [Function],
[38;2;0;95;95m[48;2;215;255;255m+               "name": "keep-alive",
[38;2;0;95;95m[48;2;215;255;255m+               "props": Object {
[38;2;0;95;95m[48;2;215;255;255m+                 "exclude": Array [
[38;2;0;95;95m[48;2;215;255;255m+                   [Function],
[38;2;0;95;95m[48;2;215;255;255m+                   [Function],
[38;2;0;95;95m[48;2;215;255;255m+                   [Function],
[38;2;0;95;95m[48;2;215;255;255m+                 ],
[38;2;0;95;95m[48;2;215;255;255m+                 "include": Array [
[38;2;0;95;95m[48;2;215;255;255m+                   [Function],
[38;2;0;95;95m[48;2;215;255;255m+                   [Function],
[38;2;0;95;95m[48;2;215;255;255m+                   [Function],
[38;2;0;95;95m[48;2;215;255;255m+                 ],
[38;2;0;95;95m[48;2;215;255;255m+                 "max": Array [
[38;2;0;95;95m[48;2;215;255;255m+                   [Function],
[38;2;0;95;95m[48;2;215;255;255m+                   [Function],
[38;2;0;95;95m[48;2;215;255;255m+                 ],
[38;2;0;95;95m[48;2;215;255;255m+               },
[38;2;0;95;95m[48;2;215;255;255m+               "render": [Function],
[38;2;0;95;95m[48;2;215;255;255m+               "updated": [Function],
[38;2;0;95;95m[48;2;215;255;255m+             },
[38;2;0;95;95m[48;2;215;255;255m+             "Transition": Object {
[38;2;0;95;95m[48;2;215;255;255m+               "_Ctor": Object {
[38;2;0;95;95m[48;2;215;255;255m+                 "1404": [Function],
[38;2;0;95;95m[48;2;215;255;255m+               },
[38;2;0;95;95m[48;2;215;255;255m+               "abstract": true,
[38;2;0;95;95m[48;2;215;255;255m+               "name": "transition",
[38;2;0;95;95m[48;2;215;255;255m+               "props": Object {
[38;2;0;95;95m[48;2;215;255;255m+                 "appear": Object {
[38;2;0;95;95m[48;2;215;255;255m+                   "type": [Function],
[38;2;0;95;95m[48;2;215;255;255m+                 },
[38;2;0;95;95m[48;2;215;255;255m+                 "appearActiveClass": Object {
[38;2;0;95;95m[48;2;215;255;255m+                   "type": [Function],
[38;2;0;95;95m[48;2;215;255;255m+                 },
[38;2;0;95;95m[48;2;215;255;255m+                 "appearClass": Object {
[38;2;0;95;95m[48;2;215;255;255m+                   "type": [Function],
[38;2;0;95;95m[48;2;215;255;255m+                 },
[38;2;0;95;95m[48;2;215;255;255m+                 "appearToClass": Object {
[38;2;0;95;95m[48;2;215;255;255m+                   "type": [Function],
[38;2;0;95;95m[48;2;215;255;255m+                 },
[38;2;0;95;95m[48;2;215;255;255m+                 "css": Object {
[38;2;0;95;95m[48;2;215;255;255m+                   "type": [Function],
[38;2;0;95;95m[48;2;215;255;255m+                 },
[38;2;0;95;95m[48;2;215;255;255m+                 "duration": Object {
[38;2;0;95;95m[48;2;215;255;255m+                   "type": Array [
[38;2;0;95;95m[48;2;215;255;255m+                     [Function],
[38;2;0;95;95m[48;2;215;255;255m+                     [Function],
[38;2;0;95;95m[48;2;215;255;255m+                     [Function],
[38;2;0;95;95m[48;2;215;255;255m+                   ],
[38;2;0;95;95m[48;2;215;255;255m+                 },
[38;2;0;95;95m[48;2;215;255;255m+                 "enterActiveClass": Object {
[38;2;0;95;95m[48;2;215;255;255m+                   "type": [Function],
[38;2;0;95;95m[48;2;215;255;255m+                 },
[38;2;0;95;95m[48;2;215;255;255m+                 "enterClass": Object {
[38;2;0;95;95m[48;2;215;255;255m+                   "type": [Function],
[38;2;0;95;95m[48;2;215;255;255m+                 },
[38;2;0;95;95m[48;2;215;255;255m+                 "enterToClass": Object {
[38;2;0;95;95m[48;2;215;255;255m+                   "type": [Function],
[38;2;0;95;95m[48;2;215;255;255m+                 },
[38;2;0;95;95m[48;2;215;255;255m+                 "leaveActiveClass": Object {
[38;2;0;95;95m[48;2;215;255;255m+                   "type": [Function],
[38;2;0;95;95m[48;2;215;255;255m+                 },
[38;2;0;95;95m[48;2;215;255;255m+                 "leaveClass": Object {
[38;2;0;95;95m[48;2;215;255;255m+                   "type": [Function],
[38;2;0;95;95m[48;2;215;255;255m+                 },
[38;2;0;95;95m[48;2;215;255;255m+                 "leaveToClass": Object {
[38;2;0;95;95m[48;2;215;255;255m+                   "type": [Function],
[38;2;0;95;95m[48;2;215;255;255m+                 },
[38;2;0;95;95m[48;2;215;255;255m+                 "mode": Object {
[38;2;0;95;95m[48;2;215;255;255m+                   "type": [Function],
[38;2;0;95;95m[48;2;215;255;255m+                 },
[38;2;0;95;95m[48;2;215;255;255m+                 "name": Object {
[38;2;0;95;95m[48;2;215;255;255m+                   "type": [Function],
[38;2;0;95;95m[48;2;215;255;255m+                 },
[38;2;0;95;95m[48;2;215;255;255m+                 "type": Object {
[38;2;0;95;95m[48;2;215;255;255m+                   "type": [Function],
[38;2;0;95;95m[48;2;215;255;255m+                 },
[38;2;0;95;95m[48;2;215;255;255m+               },
[38;2;0;95;95m[48;2;215;255;255m+               "render": [Function],
[38;2;0;95;95m[48;2;215;255;255m+             },
[38;2;0;95;95m[48;2;215;255;255m+             "TransitionGroup": Object {
[38;2;0;95;95m[48;2;215;255;255m+               "_Ctor": Object {
[38;2;0;95;95m[48;2;215;255;255m+                 "1404": [Function],
[38;2;0;95;95m[48;2;215;255;255m+               },
[38;2;0;95;95m[48;2;215;255;255m+               "beforeMount": [Function],
[38;2;0;95;95m[48;2;215;255;255m+               "methods": Object {
[38;2;0;95;95m[48;2;215;255;255m+                 "hasMove": [Function],
[38;2;0;95;95m[48;2;215;255;255m+               },
[38;2;0;95;95m[48;2;215;255;255m+               "props": Object {
[38;2;0;95;95m[48;2;215;255;255m+                 "appear": Object {
[38;2;0;95;95m[48;2;215;255;255m+                   "type": [Function],
[38;2;0;95;95m[48;2;215;255;255m+                 },
[38;2;0;95;95m[48;2;215;255;255m+                 "appearActiveClass": Object {
[38;2;0;95;95m[48;2;215;255;255m+                   "type": [Function],
[38;2;0;95;95m[48;2;215;255;255m+                 },
[38;2;0;95;95m[48;2;215;255;255m+                 "appearClass": Object {
[38;2;0;95;95m[48;2;215;255;255m+                   "type": [Function],
[38;2;0;95;95m[48;2;215;255;255m+                 },
[38;2;0;95;95m[48;2;215;255;255m+                 "appearToClass": Object {
[38;2;0;95;95m[48;2;215;255;255m+                   "type": [Function],
[38;2;0;95;95m[48;2;215;255;255m+                 },
[38;2;0;95;95m[48;2;215;255;255m+                 "css": Object {
[38;2;0;95;95m[48;2;215;255;255m+                   "type": [Function],
[38;2;0;95;95m[48;2;215;255;255m+                 },
[38;2;0;95;95m[48;2;215;255;255m+                 "duration": Object {
[38;2;0;95;95m[48;2;215;255;255m+                   "type": Array [
[38;2;0;95;95m[48;2;215;255;255m+                     [Function],
[38;2;0;95;95m[48;2;215;255;255m+                     [Function],
[38;2;0;95;95m[48;2;215;255;255m+                     [Function],
[38;2;0;95;95m[48;2;215;255;255m+                   ],
[38;2;0;95;95m[48;2;215;255;255m+                 },
[38;2;0;95;95m[48;2;215;255;255m+                 "enterActiveClass": Object {
[38;2;0;95;95m[48;2;215;255;255m+                   "type": [Function],
[38;2;0;95;95m[48;2;215;255;255m+                 },
[38;2;0;95;95m[48;2;215;255;255m+                 "enterClass": Object {
[38;2;0;95;95m[48;2;215;255;255m+                   "type": [Function],
[38;2;0;95;95m[48;2;215;255;255m+                 },
[38;2;0;95;95m[48;2;215;255;255m+                 "enterToClass": Object {
[38;2;0;95;95m[48;2;215;255;255m+                   "type": [Function],
[38;2;0;95;95m[48;2;215;255;255m+                 },
[38;2;0;95;95m[48;2;215;255;255m+                 "leaveActiveClass": Object {
[38;2;0;95;95m[48;2;215;255;255m+                   "type": [Function],
[38;2;0;95;95m[48;2;215;255;255m+                 },
[38;2;0;95;95m[48;2;215;255;255m+                 "leaveClass": Object {
[38;2;0;95;95m[48;2;215;255;255m+                   "type": [Function],
[38;2;0;95;95m[48;2;215;255;255m+                 },
[38;2;0;95;95m[48;2;215;255;255m+                 "leaveToClass": Object {
[38;2;0;95;95m[48;2;215;255;255m+                   "type": [Function],
[38;2;0;95;95m[48;2;215;255;255m+                 },
[38;2;0;95;95m[48;2;215;255;255m+                 "moveClass": Object {
[38;2;0;95;95m[48;2;215;255;255m+                   "type": [Function],
[38;2;0;95;95m[48;2;215;255;255m+                 },
[38;2;0;95;95m[48;2;215;255;255m+                 "name": Object {
[38;2;0;95;95m[48;2;215;255;255m+                   "type": [Function],
[38;2;0;95;95m[48;2;215;255;255m+                 },
[38;2;0;95;95m[48;2;215;255;255m+                 "tag": Object {
[38;2;0;95;95m[48;2;215;255;255m+                   "type": [Function],
[38;2;0;95;95m[48;2;215;255;255m+                 },
[38;2;0;95;95m[48;2;215;255;255m+                 "type": Object {
[38;2;0;95;95m[48;2;215;255;255m+                   "type": [Function],
[38;2;0;95;95m[48;2;215;255;255m+                 },
[38;2;0;95;95m[48;2;215;255;255m+               },
[38;2;0;95;95m[48;2;215;255;255m+               "render": [Function],
[38;2;0;95;95m[48;2;215;255;255m+               "updated": [Function],
[38;2;0;95;95m[48;2;215;255;255m+             },
[38;2;0;95;95m[48;2;215;255;255m+           },
[38;2;0;95;95m[48;2;215;255;255m+           "directives": Object {
[38;2;0;95;95m[48;2;215;255;255m+             "model": Object {
[38;2;0;95;95m[48;2;215;255;255m+               "componentUpdated": [Function],
[38;2;0;95;95m[48;2;215;255;255m+               "inserted": [Function],
[38;2;0;95;95m[48;2;215;255;255m+             },
[38;2;0;95;95m[48;2;215;255;255m+             "show": Object {
[38;2;0;95;95m[48;2;215;255;255m+               "bind": [Function],
[38;2;0;95;95m[48;2;215;255;255m+               "unbind": [Function],
[38;2;0;95;95m[48;2;215;255;255m+               "update": [Function],
[38;2;0;95;95m[48;2;215;255;255m+             },
[38;2;0;95;95m[48;2;215;255;255m+           },
[38;2;0;95;95m[48;2;215;255;255m+           "filters": Object {},
[38;2;0;95;95m[48;2;215;255;255m+         },
[38;2;0;95;95m[48;2;215;255;255m+         "use": [Function],
[38;2;0;95;95m[48;2;215;255;255m+         "util": Object {
[38;2;0;95;95m[48;2;215;255;255m+           "defineReactive": [Function],
[38;2;0;95;95m[48;2;215;255;255m+           "extend": [Function],
[38;2;0;95;95m[48;2;215;255;255m+           "mergeOptions": [Function],
[38;2;0;95;95m[48;2;215;255;255m+           "warn": [Function],
[38;2;0;95;95m[48;2;215;255;255m+         },
[38;2;0;95;95m[48;2;215;255;255m+         "version": "2.6.14",
[38;2;0;95;95m[48;2;215;255;255m+       },
[38;2;0;95;95m[48;2;215;255;255m+       "$parent": undefined,
[38;2;0;95;95m[48;2;215;255;255m+       "$refs": Object {},
[38;2;0;95;95m[48;2;215;255;255m+       "$root": [Circular],
[38;2;0;95;95m[48;2;215;255;255m+       "$scopedSlots": Object {},
[38;2;0;95;95m[48;2;215;255;255m+       "$slots": Object {},
[38;2;0;95;95m[48;2;215;255;255m+       "$vnode": undefined,
[38;2;0;95;95m[48;2;215;255;255m+       "__emitted": Object {},
[38;2;0;95;95m[48;2;215;255;255m+       "__emittedByOrder": Array [],
[38;2;0;95;95m[48;2;215;255;255m+       "_c": [Function],
[38;2;0;95;95m[48;2;215;255;255m+       "_data": Object {
[38;2;0;95;95m[48;2;215;255;255m+         "vueTestUtils_childProps": Object {},
[38;2;0;95;95m[48;2;215;255;255m+       },
[38;2;0;95;95m[48;2;215;255;255m+       "_directInactive": false,
[38;2;0;95;95m[48;2;215;255;255m+       "_events": Object {},
[38;2;0;95;95m[48;2;215;255;255m+       "_hasHookEvent": false,
[38;2;0;95;95m[48;2;215;255;255m+       "_inactive": null,
[38;2;0;95;95m[48;2;215;255;255m+       "_isBeingDestroyed": false,
[38;2;0;95;95m[48;2;215;255;255m+       "_isDestroyed": false,
[38;2;0;95;95m[48;2;215;255;255m+       "_isMounted": true,
[38;2;0;95;95m[48;2;215;255;255m+       "_isVue": true,
[38;2;0;95;95m[48;2;215;255;255m+       "_provided": Object {},
[38;2;0;95;95m[48;2;215;255;255m+       "_renderProxy": [Circular],
[38;2;0;95;95m[48;2;215;255;255m+       "_self": [Circular],
[38;2;0;95;95m[48;2;215;255;255m+       "_staticTrees": null,
[38;2;0;95;95m[48;2;215;255;255m+       "_uid": 2,
[38;2;0;95;95m[48;2;215;255;255m+       "_vnode": VNode {
[38;2;0;95;95m[48;2;215;255;255m+         "asyncFactory": undefined,
[38;2;0;95;95m[48;2;215;255;255m+         "asyncMeta": undefined,
[38;2;0;95;95m[48;2;215;255;255m+         "children": undefined,
[38;2;0;95;95m[48;2;215;255;255m+         "componentInstance": [Circular],
[38;2;0;95;95m[48;2;215;255;255m+         "componentOptions": Object {
[38;2;0;95;95m[48;2;215;255;255m+           "Ctor": [Function],
[38;2;0;95;95m[48;2;215;255;255m+           "children": undefined,
[38;2;0;95;95m[48;2;215;255;255m+           "listeners": Object {},
[38;2;0;95;95m[48;2;215;255;255m+           "propsData": undefined,
[38;2;0;95;95m[48;2;215;255;255m+           "tag": undefined,
[38;2;0;95;95m[48;2;215;255;255m+         },
[38;2;0;95;95m[48;2;215;255;255m+         "context": [Circular],
[38;2;0;95;95m[48;2;215;255;255m+         "data": Object {
[38;2;0;95;95m[48;2;215;255;255m+           "attrs": Object {},
[38;2;0;95;95m[48;2;215;255;255m+           "hook": Object {
[38;2;0;95;95m[48;2;215;255;255m+             "destroy": [Function],
[38;2;0;95;95m[48;2;215;255;255m+             "init": [Function],
[38;2;0;95;95m[48;2;215;255;255m+             "insert": [Function],
[38;2;0;95;95m[48;2;215;255;255m+             "prepatch": [Function],
[38;2;0;95;95m[48;2;215;255;255m+           },
[38;2;0;95;95m[48;2;215;255;255m+           "on": undefined,
[38;2;0;95;95m[48;2;215;255;255m+           "pendingInsert": null,
[38;2;0;95;95m[48;2;215;255;255m+           "scopedSlots": Object {
[38;2;0;95;95m[48;2;215;255;255m+             "_normalized": Object {},
[38;2;0;95;95m[48;2;215;255;255m+           },
[38;2;0;95;95m[48;2;215;255;255m+         },
[38;2;0;95;95m[48;2;215;255;255m+         "elm": <div>
[38;2;0;95;95m[48;2;215;255;255m+           <b-dropdown
[38;2;0;95;95m[48;2;215;255;255m+             no-caret=""
[38;2;0;95;95m[48;2;215;255;255m+             right=""
[38;2;0;95;95m[48;2;215;255;255m+             size="lg"
[38;2;0;95;95m[48;2;215;255;255m+             variant="link"
[38;2;0;95;95m[48;2;215;255;255m+           >
[38;2;0;95;95m[48;2;215;255;255m+              
[38;2;0;95;95m[48;2;215;255;255m+             <b-dropdown-item>
[38;2;0;95;95m[48;2;215;255;255m+               <b-icon
[38;2;0;95;95m[48;2;215;255;255m+                 icon="door-open"
[38;2;0;95;95m[48;2;215;255;255m+               />
[38;2;0;95;95m[48;2;215;255;255m+               
[38;2;0;95;95m[48;2;215;255;255m+       回到主页
[38;2;0;95;95m[48;2;215;255;255m+     
[38;2;0;95;95m[48;2;215;255;255m+             </b-dropdown-item>
[38;2;0;95;95m[48;2;215;255;255m+              
[38;2;0;95;95m[48;2;215;255;255m+             <b-dropdown-item>
[38;2;0;95;95m[48;2;215;255;255m+               <b-icon
[38;2;0;95;95m[48;2;215;255;255m+                 icon="cursor-fill"
[38;2;0;95;95m[48;2;215;255;255m+               />
[38;2;0;95;95m[48;2;215;255;255m+               
[38;2;0;95;95m[48;2;215;255;255m+       注销用户
[38;2;0;95;95m[48;2;215;255;255m+     
[38;2;0;95;95m[48;2;215;255;255m+             </b-dropdown-item>
[38;2;0;95;95m[48;2;215;255;255m+           </b-dropdown>
[38;2;0;95;95m[48;2;215;255;255m+         </div>,
[38;2;0;95;95m[48;2;215;255;255m+         "fnContext": undefined,
[38;2;0;95;95m[48;2;215;255;255m+         "fnOptions": undefined,
[38;2;0;95;95m[48;2;215;255;255m+         "fnScopeId": undefined,
[38;2;0;95;95m[48;2;215;255;255m+         "isAsyncPlaceholder": false,
[38;2;0;95;95m[48;2;215;255;255m+         "isCloned": false,
[38;2;0;95;95m[48;2;215;255;255m+         "isComment": false,
[38;2;0;95;95m[48;2;215;255;255m+         "isOnce": false,
[38;2;0;95;95m[48;2;215;255;255m+         "isRootInsert": true,
[38;2;0;95;95m[48;2;215;255;255m+         "isStatic": false,
[38;2;0;95;95m[48;2;215;255;255m+         "key": undefined,
[38;2;0;95;95m[48;2;215;255;255m+         "ns": undefined,
[38;2;0;95;95m[48;2;215;255;255m+         "parent": undefined,
[38;2;0;95;95m[48;2;215;255;255m+         "raw": false,
[38;2;0;95;95m[48;2;215;255;255m+         "tag": "vue-component-1408-UserLogo",
[38;2;0;95;95m[48;2;215;255;255m+         "text": undefined,
[38;2;0;95;95m[48;2;215;255;255m+       },
[38;2;0;95;95m[48;2;215;255;255m+       "_watcher": Watcher {
[38;2;0;95;95m[48;2;215;255;255m+         "active": true,
[38;2;0;95;95m[48;2;215;255;255m+         "before": [Function],
[38;2;0;95;95m[48;2;215;255;255m+         "cb": [Function],
[38;2;0;95;95m[48;2;215;255;255m+         "deep": false,
[38;2;0;95;95m[48;2;215;255;255m+         "depIds": Set {
[38;2;0;95;95m[48;2;215;255;255m+           21,
[38;2;0;95;95m[48;2;215;255;255m+           22,
[38;2;0;95;95m[48;2;215;255;255m+         },
[38;2;0;95;95m[48;2;215;255;255m+         "deps": Array [
[38;2;0;95;95m[48;2;215;255;255m+           Dep {
[38;2;0;95;95m[48;2;215;255;255m+             "id": 21,
[38;2;0;95;95m[48;2;215;255;255m+             "subs": Array [
[38;2;0;95;95m[48;2;215;255;255m+               [Circular],
[38;2;0;95;95m[48;2;215;255;255m+             ],
[38;2;0;95;95m[48;2;215;255;255m+           },
[38;2;0;95;95m[48;2;215;255;255m+           Dep {
[38;2;0;95;95m[48;2;215;255;255m+             "id": 22,
[38;2;0;95;95m[48;2;215;255;255m+             "subs": Array [
[38;2;0;95;95m[48;2;215;255;255m+               [Circular],
[38;2;0;95;95m[48;2;215;255;255m+             ],
[38;2;0;95;95m[48;2;215;255;255m+           },
[38;2;0;95;95m[48;2;215;255;255m+         ],
[38;2;0;95;95m[48;2;215;255;255m+         "dirty": false,
[38;2;0;95;95m[48;2;215;255;255m+         "expression": "function () {
[38;2;0;95;95m[48;2;215;255;255m+       vm._update(vm._render(), hydrating);
[38;2;0;95;95m[48;2;215;255;255m+     }",
[38;2;0;95;95m[48;2;215;255;255m+         "getter": [Function],
[38;2;0;95;95m[48;2;215;255;255m+         "id": 5,
[38;2;0;95;95m[48;2;215;255;255m+         "lazy": false,
[38;2;0;95;95m[48;2;215;255;255m+         "newDepIds": Set {},
[38;2;0;95;95m[48;2;215;255;255m+         "newDeps": Array [],
[38;2;0;95;95m[48;2;215;255;255m+         "sync": false,
[38;2;0;95;95m[48;2;215;255;255m+         "user": false,
[38;2;0;95;95m[48;2;215;255;255m+         "value": undefined,
[38;2;0;95;95m[48;2;215;255;255m+         "vm": [Circular],
[38;2;0;95;95m[48;2;215;255;255m+       },
[38;2;0;95;95m[48;2;215;255;255m+       "_watchers": Array [
[38;2;0;95;95m[48;2;215;255;255m+         Watcher {
[38;2;0;95;95m[48;2;215;255;255m+           "active": true,
[38;2;0;95;95m[48;2;215;255;255m+           "before": [Function],
[38;2;0;95;95m[48;2;215;255;255m+           "cb": [Function],
[38;2;0;95;95m[48;2;215;255;255m+           "deep": false,
[38;2;0;95;95m[48;2;215;255;255m+           "depIds": Set {
[38;2;0;95;95m[48;2;215;255;255m+             21,
[38;2;0;95;95m[48;2;215;255;255m+             22,
[38;2;0;95;95m[48;2;215;255;255m+           },
[38;2;0;95;95m[48;2;215;255;255m+           "deps": Array [
[38;2;0;95;95m[48;2;215;255;255m+             Dep {
[38;2;0;95;95m[48;2;215;255;255m+               "id": 21,
[38;2;0;95;95m[48;2;215;255;255m+               "subs": Array [
[38;2;0;95;95m[48;2;215;255;255m+                 [Circular],
[38;2;0;95;95m[48;2;215;255;255m+               ],
[38;2;0;95;95m[48;2;215;255;255m+             },
[38;2;0;95;95m[48;2;215;255;255m+             Dep {
[38;2;0;95;95m[48;2;215;255;255m+               "id": 22,
[38;2;0;95;95m[48;2;215;255;255m+               "subs": Array [
[38;2;0;95;95m[48;2;215;255;255m+                 [Circular],
[38;2;0;95;95m[48;2;215;255;255m+               ],
[38;2;0;95;95m[48;2;215;255;255m+             },
[38;2;0;95;95m[48;2;215;255;255m+           ],
[38;2;0;95;95m[48;2;215;255;255m+           "dirty": false,
[38;2;0;95;95m[48;2;215;255;255m+           "expression": "function () {
[38;2;0;95;95m[48;2;215;255;255m+       vm._update(vm._render(), hydrating);
[38;2;0;95;95m[48;2;215;255;255m+     }",
[38;2;0;95;95m[48;2;215;255;255m+           "getter": [Function],
[38;2;0;95;95m[48;2;215;255;255m+           "id": 5,
[38;2;0;95;95m[48;2;215;255;255m+           "lazy": false,
[38;2;0;95;95m[48;2;215;255;255m+           "newDepIds": Set {},
[38;2;0;95;95m[48;2;215;255;255m+           "newDeps": Array [],
[38;2;0;95;95m[48;2;215;255;255m+           "sync": false,
[38;2;0;95;95m[48;2;215;255;255m+           "user": false,
[38;2;0;95;95m[48;2;215;255;255m+           "value": undefined,
[38;2;0;95;95m[48;2;215;255;255m+           "vm": [Circular],
[38;2;0;95;95m[48;2;215;255;255m+         },
[38;2;0;95;95m[48;2;215;255;255m+       ],
[38;2;0;95;95m[48;2;215;255;255m+       "vueTestUtils_childProps": Object {},
[38;2;0;95;95m[48;2;215;255;255m+     },
[38;2;0;95;95m[48;2;215;255;255m+     "_self": [Circular],
[38;2;0;95;95m[48;2;215;255;255m+     "_staticTrees": null,
[38;2;0;95;95m[48;2;215;255;255m+     "_uid": 2,
[38;2;0;95;95m[48;2;215;255;255m+     "_vnode": VNode {
[38;2;0;95;95m[48;2;215;255;255m+       "asyncFactory": undefined,
[38;2;0;95;95m[48;2;215;255;255m+       "asyncMeta": undefined,
[38;2;0;95;95m[48;2;215;255;255m+       "children": undefined,
[38;2;0;95;95m[48;2;215;255;255m+       "componentInstance": [Circular],
[38;2;0;95;95m[48;2;215;255;255m+       "componentOptions": Object {
[38;2;0;95;95m[48;2;215;255;255m+         "Ctor": [Function],
[38;2;0;95;95m[48;2;215;255;255m+         "children": undefined,
[38;2;0;95;95m[48;2;215;255;255m+         "listeners": Object {},
[38;2;0;95;95m[48;2;215;255;255m+         "propsData": undefined,
[38;2;0;95;95m[48;2;215;255;255m+         "tag": undefined,
[38;2;0;95;95m[48;2;215;255;255m+       },
[38;2;0;95;95m[48;2;215;255;255m+       "context": [Circular],
[38;2;0;95;95m[48;2;215;255;255m+       "data": Object {
[38;2;0;95;95m[48;2;215;255;255m+         "attrs": Object {},
[38;2;0;95;95m[48;2;215;255;255m+         "hook": Object {
[38;2;0;95;95m[48;2;215;255;255m+           "destroy": [Function],
[38;2;0;95;95m[48;2;215;255;255m+           "init": [Function],
[38;2;0;95;95m[48;2;215;255;255m+           "insert": [Function],
[38;2;0;95;95m[48;2;215;255;255m+           "prepatch": [Function],
[38;2;0;95;95m[48;2;215;255;255m+         },
[38;2;0;95;95m[48;2;215;255;255m+         "on": undefined,
[38;2;0;95;95m[48;2;215;255;255m+         "pendingInsert": null,
[38;2;0;95;95m[48;2;215;255;255m+         "scopedSlots": Object {
[38;2;0;95;95m[48;2;215;255;255m+           "_normalized": Object {},
[38;2;0;95;95m[48;2;215;255;255m+         },
[38;2;0;95;95m[48;2;215;255;255m+       },
[38;2;0;95;95m[48;2;215;255;255m+       "elm": <div>
[38;2;0;95;95m[48;2;215;255;255m+         <b-dropdown
[38;2;0;95;95m[48;2;215;255;255m+           no-caret=""
[38;2;0;95;95m[48;2;215;255;255m+           right=""
[38;2;0;95;95m[48;2;215;255;255m+           size="lg"
[38;2;0;95;95m[48;2;215;255;255m+           variant="link"
[38;2;0;95;95m[48;2;215;255;255m+         >
[38;2;0;95;95m[48;2;215;255;255m+            
[38;2;0;95;95m[48;2;215;255;255m+           <b-dropdown-item>
[38;2;0;95;95m[48;2;215;255;255m+             <b-icon
[38;2;0;95;95m[48;2;215;255;255m+               icon="door-open"
[38;2;0;95;95m[48;2;215;255;255m+             />
[38;2;0;95;95m[48;2;215;255;255m+             
[38;2;0;95;95m[48;2;215;255;255m+       回到主页
[38;2;0;95;95m[48;2;215;255;255m+     
[38;2;0;95;95m[48;2;215;255;255m+           </b-dropdown-item>
[38;2;0;95;95m[48;2;215;255;255m+            
[38;2;0;95;95m[48;2;215;255;255m+           <b-dropdown-item>
[38;2;0;95;95m[48;2;215;255;255m+             <b-icon
[38;2;0;95;95m[48;2;215;255;255m+               icon="cursor-fill"
[38;2;0;95;95m[48;2;215;255;255m+             />
[38;2;0;95;95m[48;2;215;255;255m+             
[38;2;0;95;95m[48;2;215;255;255m+       注销用户
[38;2;0;95;95m[48;2;215;255;255m+     
[38;2;0;95;95m[48;2;215;255;255m+           </b-dropdown-item>
[38;2;0;95;95m[48;2;215;255;255m+         </b-dropdown>
[38;2;0;95;95m[48;2;215;255;255m+       </div>,
[38;2;0;95;95m[48;2;215;255;255m+       "fnContext": undefined,
[38;2;0;95;95m[48;2;215;255;255m+       "fnOptions": undefined,
[38;2;0;95;95m[48;2;215;255;255m+       "fnScopeId": undefined,
[38;2;0;95;95m[48;2;215;255;255m+       "isAsyncPlaceholder": false,
[38;2;0;95;95m[48;2;215;255;255m+       "isCloned": false,
[38;2;0;95;95m[48;2;215;255;255m+       "isComment": false,
[38;2;0;95;95m[48;2;215;255;255m+       "isOnce": false,
[38;2;0;95;95m[48;2;215;255;255m+       "isRootInsert": true,
[38;2;0;95;95m[48;2;215;255;255m+       "isStatic": false,
[38;2;0;95;95m[48;2;215;255;255m+       "key": undefined,
[38;2;0;95;95m[48;2;215;255;255m+       "ns": undefined,
[38;2;0;95;95m[48;2;215;255;255m+       "parent": undefined,
[38;2;0;95;95m[48;2;215;255;255m+       "raw": false,
[38;2;0;95;95m[48;2;215;255;255m+       "tag": "vue-component-1408-UserLogo",
[38;2;0;95;95m[48;2;215;255;255m+       "text": undefined,
[38;2;0;95;95m[48;2;215;255;255m+     },
[38;2;0;95;95m[48;2;215;255;255m+     "_watcher": Watcher {
[38;2;0;95;95m[48;2;215;255;255m+       "active": true,
[38;2;0;95;95m[48;2;215;255;255m+       "before": [Function],
[38;2;0;95;95m[48;2;215;255;255m+       "cb": [Function],
[38;2;0;95;95m[48;2;215;255;255m+       "deep": false,
[38;2;0;95;95m[48;2;215;255;255m+       "depIds": Set {
[38;2;0;95;95m[48;2;215;255;255m+         21,
[38;2;0;95;95m[48;2;215;255;255m+         22,
[38;2;0;95;95m[48;2;215;255;255m+       },
[38;2;0;95;95m[48;2;215;255;255m+       "deps": Array [
[38;2;0;95;95m[48;2;215;255;255m+         Dep {
[38;2;0;95;95m[48;2;215;255;255m+           "id": 21,
[38;2;0;95;95m[48;2;215;255;255m+           "subs": Array [
[38;2;0;95;95m[48;2;215;255;255m+             [Circular],
[38;2;0;95;95m[48;2;215;255;255m+           ],
[38;2;0;95;95m[48;2;215;255;255m+         },
[38;2;0;95;95m[48;2;215;255;255m+         Dep {
[38;2;0;95;95m[48;2;215;255;255m+           "id": 22,
[38;2;0;95;95m[48;2;215;255;255m+           "subs": Array [
[38;2;0;95;95m[48;2;215;255;255m+             [Circular],
[38;2;0;95;95m[48;2;215;255;255m+           ],
[38;2;0;95;95m[48;2;215;255;255m+         },
[38;2;0;95;95m[48;2;215;255;255m+       ],
[38;2;0;95;95m[48;2;215;255;255m+       "dirty": false,
[38;2;0;95;95m[48;2;215;255;255m+       "expression": "function () {
[38;2;0;95;95m[48;2;215;255;255m+       vm._update(vm._render(), hydrating);
[38;2;0;95;95m[48;2;215;255;255m+     }",
[38;2;0;95;95m[48;2;215;255;255m+       "getter": [Function],
[38;2;0;95;95m[48;2;215;255;255m+       "id": 5,
[38;2;0;95;95m[48;2;215;255;255m+       "lazy": false,
[38;2;0;95;95m[48;2;215;255;255m+       "newDepIds": Set {},
[38;2;0;95;95m[48;2;215;255;255m+       "newDeps": Array [],
[38;2;0;95;95m[48;2;215;255;255m+       "sync": false,
[38;2;0;95;95m[48;2;215;255;255m+       "user": false,
[38;2;0;95;95m[48;2;215;255;255m+       "value": undefined,
[38;2;0;95;95m[48;2;215;255;255m+       "vm": [Circular],
[38;2;0;95;95m[48;2;215;255;255m+     },
[38;2;0;95;95m[48;2;215;255;255m+     "_watchers": Array [
[38;2;0;95;95m[48;2;215;255;255m+       Watcher {
[38;2;0;95;95m[48;2;215;255;255m+         "active": true,
[38;2;0;95;95m[48;2;215;255;255m+         "before": [Function],
[38;2;0;95;95m[48;2;215;255;255m+         "cb": [Function],
[38;2;0;95;95m[48;2;215;255;255m+         "deep": false,
[38;2;0;95;95m[48;2;215;255;255m+         "depIds": Set {
[38;2;0;95;95m[48;2;215;255;255m+           21,
[38;2;0;95;95m[48;2;215;255;255m+           22,
[38;2;0;95;95m[48;2;215;255;255m+         },
[38;2;0;95;95m[48;2;215;255;255m+         "deps": Array [
[38;2;0;95;95m[48;2;215;255;255m+           Dep {
[38;2;0;95;95m[48;2;215;255;255m+             "id": 21,
[38;2;0;95;95m[48;2;215;255;255m+             "subs": Array [
[38;2;0;95;95m[48;2;215;255;255m+               [Circular],
[38;2;0;95;95m[48;2;215;255;255m+             ],
[38;2;0;95;95m[48;2;215;255;255m+           },
[38;2;0;95;95m[48;2;215;255;255m+           Dep {
[38;2;0;95;95m[48;2;215;255;255m+             "id": 22,
[38;2;0;95;95m[48;2;215;255;255m+             "subs": Array [
[38;2;0;95;95m[48;2;215;255;255m+               [Circular],
[38;2;0;95;95m[48;2;215;255;255m+             ],
[38;2;0;95;95m[48;2;215;255;255m+           },
[38;2;0;95;95m[48;2;215;255;255m+         ],
[38;2;0;95;95m[48;2;215;255;255m+         "dirty": false,
[38;2;0;95;95m[48;2;215;255;255m+         "expression": "function () {
[38;2;0;95;95m[48;2;215;255;255m+       vm._update(vm._render(), hydrating);
[38;2;0;95;95m[48;2;215;255;255m+     }",
[38;2;0;95;95m[48;2;215;255;255m+         "getter": [Function],
[38;2;0;95;95m[48;2;215;255;255m+         "id": 5,
[38;2;0;95;95m[48;2;215;255;255m+         "lazy": false,
[38;2;0;95;95m[48;2;215;255;255m+         "newDepIds": Set {},
[38;2;0;95;95m[48;2;215;255;255m+         "newDeps": Array [],
[38;2;0;95;95m[48;2;215;255;255m+         "sync": false,
[38;2;0;95;95m[48;2;215;255;255m+         "user": false,
[38;2;0;95;95m[48;2;215;255;255m+         "value": undefined,
[38;2;0;95;95m[48;2;215;255;255m+         "vm": [Circular],
[38;2;0;95;95m[48;2;215;255;255m+       },
[38;2;0;95;95m[48;2;215;255;255m+     ],
[38;2;0;95;95m[48;2;215;255;255m+     "vueTestUtils_childProps": Object {},
[38;2;0;95;95m[48;2;215;255;255m+   },
[38;2;0;95;95m[48;2;215;255;255m+   "$refs": Object {},
[38;2;0;95;95m[48;2;215;255;255m+   "$root": VueComponent {
[38;2;0;95;95m[48;2;215;255;255m+     "$attrs": Object {},
[38;2;0;95;95m[48;2;215;255;255m+     "$children": Array [
[38;2;0;95;95m[48;2;215;255;255m+       [Circular],
[38;2;0;95;95m[48;2;215;255;255m+     ],
[38;2;0;95;95m[48;2;215;255;255m+     "$createElement": [Function],
[38;2;0;95;95m[48;2;215;255;255m+     "$el": <div>
[38;2;0;95;95m[48;2;215;255;255m+       <b-dropdown
[38;2;0;95;95m[48;2;215;255;255m+         no-caret=""
[38;2;0;95;95m[48;2;215;255;255m+         right=""
[38;2;0;95;95m[48;2;215;255;255m+         size="lg"
[38;2;0;95;95m[48;2;215;255;255m+         variant="link"
[38;2;0;95;95m[48;2;215;255;255m+       >
[38;2;0;95;95m[48;2;215;255;255m+          
[38;2;0;95;95m[48;2;215;255;255m+         <b-dropdown-item>
[38;2;0;95;95m[48;2;215;255;255m+           <b-icon
[38;2;0;95;95m[48;2;215;255;255m+             icon="door-open"
[38;2;0;95;95m[48;2;215;255;255m+           />
[38;2;0;95;95m[48;2;215;255;255m+           
[38;2;0;95;95m[48;2;215;255;255m+       回到主页
[38;2;0;95;95m[48;2;215;255;255m+     
[38;2;0;95;95m[48;2;215;255;255m+         </b-dropdown-item>
[38;2;0;95;95m[48;2;215;255;255m+          
[38;2;0;95;95m[48;2;215;255;255m+         <b-dropdown-item>
[38;2;0;95;95m[48;2;215;255;255m+           <b-icon
[38;2;0;95;95m[48;2;215;255;255m+             icon="cursor-fill"
[38;2;0;95;95m[48;2;215;255;255m+           />
[38;2;0;95;95m[48;2;215;255;255m+           
[38;2;0;95;95m[48;2;215;255;255m+       注销用户
[38;2;0;95;95m[48;2;215;255;255m+     
[38;2;0;95;95m[48;2;215;255;255m+         </b-dropdown-item>
[38;2;0;95;95m[48;2;215;255;255m+       </b-dropdown>
[38;2;0;95;95m[48;2;215;255;255m+     </div>,
[38;2;0;95;95m[48;2;215;255;255m+     "$emit": [Function],
[38;2;0;95;95m[48;2;215;255;255m+     "$listeners": Object {},
[38;2;0;95;95m[48;2;215;255;255m+     "$options": Object {
[38;2;0;95;95m[48;2;215;255;255m+       "$_doNotStubChildren": true,
[38;2;0;95;95m[48;2;215;255;255m+       "$_isWrapperParent": true,
[38;2;0;95;95m[48;2;215;255;255m+       "_Ctor": Object {
[38;2;0;95;95m[48;2;215;255;255m+         "1404": [Function],
[38;2;0;95;95m[48;2;215;255;255m+       },
[38;2;0;95;95m[48;2;215;255;255m+       "_base": [Function],
[38;2;0;95;95m[48;2;215;255;255m+       "_installedPlugins": Array [
[38;2;0;95;95m[48;2;215;255;255m+         Object {
[38;2;0;95;95m[48;2;215;255;255m+           "install": [Function],
[38;2;0;95;95m[48;2;215;255;255m+         },
[38;2;0;95;95m[48;2;215;255;255m+         Object {
[38;2;0;95;95m[48;2;215;255;255m+           "install": [Function],
[38;2;0;95;95m[48;2;215;255;255m+         },
[38;2;0;95;95m[48;2;215;255;255m+         Object {
[38;2;0;95;95m[48;2;215;255;255m+           "install": [Function],
[38;2;0;95;95m[48;2;215;255;255m+         },
[38;2;0;95;95m[48;2;215;255;255m+         Object {
[38;2;0;95;95m[48;2;215;255;255m+           "install": [Function],
[38;2;0;95;95m[48;2;215;255;255m+         },
[38;2;0;95;95m[48;2;215;255;255m+         Object {
[38;2;0;95;95m[48;2;215;255;255m+           "install": [Function],
[38;2;0;95;95m[48;2;215;255;255m+         },
[38;2;0;95;95m[48;2;215;255;255m+         Object {
[38;2;0;95;95m[48;2;215;255;255m+           "install": [Function],
[38;2;0;95;95m[48;2;215;255;255m+         },
[38;2;0;95;95m[48;2;215;255;255m+         Object {
[38;2;0;95;95m[48;2;215;255;255m+           "install": [Function],
[38;2;0;95;95m[48;2;215;255;255m+         },
[38;2;0;95;95m[48;2;215;255;255m+         Object {
[38;2;0;95;95m[48;2;215;255;255m+           "install": [Function],
[38;2;0;95;95m[48;2;215;255;255m+         },
[38;2;0;95;95m[48;2;215;255;255m+         Object {
[38;2;0;95;95m[48;2;215;255;255m+           "install": [Function],
[38;2;0;95;95m[48;2;215;255;255m+         },
[38;2;0;95;95m[48;2;215;255;255m+         Object {
[38;2;0;95;95m[48;2;215;255;255m+           "install": [Function],
[38;2;0;95;95m[48;2;215;255;255m+         },
[38;2;0;95;95m[48;2;215;255;255m+         Object {
[38;2;0;95;95m[48;2;215;255;255m+           "install": [Function],
[38;2;0;95;95m[48;2;215;255;255m+         },
[38;2;0;95;95m[48;2;215;255;255m+         Object {
[38;2;0;95;95m[48;2;215;255;255m+           "install": [Function],
[38;2;0;95;95m[48;2;215;255;255m+         },
[38;2;0;95;95m[48;2;215;255;255m+         Object {
[38;2;0;95;95m[48;2;215;255;255m+           "install": [Function],
[38;2;0;95;95m[48;2;215;255;255m+         },
[38;2;0;95;95m[48;2;215;255;255m+         Object {
[38;2;0;95;95m[48;2;215;255;255m+           "install": [Function],
[38;2;0;95;95m[48;2;215;255;255m+         },
[38;2;0;95;95m[48;2;215;255;255m+         Object {
[38;2;0;95;95m[48;2;215;255;255m+           "install": [Function],
[38;2;0;95;95m[48;2;215;255;255m+         },
[38;2;0;95;95m[48;2;215;255;255m+         Object {
[38;2;0;95;95m[48;2;215;255;255m+           "install": [Function],
[38;2;0;95;95m[48;2;215;255;255m+         },
[38;2;0;95;95m[48;2;215;255;255m+         Object {
[38;2;0;95;95m[48;2;215;255;255m+           "install": [Function],
[38;2;0;95;95m[48;2;215;255;255m+         },
[38;2;0;95;95m[48;2;215;255;255m+         Object {
[38;2;0;95;95m[48;2;215;255;255m+           "install": [Function],
[38;2;0;95;95m[48;2;215;255;255m+         },
[38;2;0;95;95m[48;2;215;255;255m+         Object {
[38;2;0;95;95m[48;2;215;255;255m+           "install": [Function],
[38;2;0;95;95m[48;2;215;255;255m+         },
[38;2;0;95;95m[48;2;215;255;255m+         Object {
[38;2;0;95;95m[48;2;215;255;255m+           "install": [Function],
[38;2;0;95;95m[48;2;215;255;255m+         },
[38;2;0;95;95m[48;2;215;255;255m+         Object {
[38;2;0;95;95m[48;2;215;255;255m+           "install": [Function],
[38;2;0;95;95m[48;2;215;255;255m+         },
[38;2;0;95;95m[48;2;215;255;255m+         Object {
[38;2;0;95;95m[48;2;215;255;255m+           "install": [Function],
[38;2;0;95;95m[48;2;215;255;255m+         },
[38;2;0;95;95m[48;2;215;255;255m+         Object {
[38;2;0;95;95m[48;2;215;255;255m+           "install": [Function],
[38;2;0;95;95m[48;2;215;255;255m+         },
[38;2;0;95;95m[48;2;215;255;255m+         Object {
[38;2;0;95;95m[48;2;215;255;255m+           "install": [Function],
[38;2;0;95;95m[48;2;215;255;255m+         },
[38;2;0;95;95m[48;2;215;255;255m+         Object {
[38;2;0;95;95m[48;2;215;255;255m+           "install": [Function],
[38;2;0;95;95m[48;2;215;255;255m+         },
[38;2;0;95;95m[48;2;215;255;255m+         Object {
[38;2;0;95;95m[48;2;215;255;255m+           "install": [Function],
[38;2;0;95;95m[48;2;215;255;255m+         },
[38;2;0;95;95m[48;2;215;255;255m+         Object {
[38;2;0;95;95m[48;2;215;255;255m+           "install": [Function],
[38;2;0;95;95m[48;2;215;255;255m+         },
[38;2;0;95;95m[48;2;215;255;255m+         Object {
[38;2;0;95;95m[48;2;215;255;255m+           "install": [Function],
[38;2;0;95;95m[48;2;215;255;255m+         },
[38;2;0;95;95m[48;2;215;255;255m+         Object {
[38;2;0;95;95m[48;2;215;255;255m+           "install": [Function],
[38;2;0;95;95m[48;2;215;255;255m+         },
[38;2;0;95;95m[48;2;215;255;255m+         Object {
[38;2;0;95;95m[48;2;215;255;255m+           "install": [Function],
[38;2;0;95;95m[48;2;215;255;255m+         },
[38;2;0;95;95m[48;2;215;255;255m+         Object {
[38;2;0;95;95m[48;2;215;255;255m+           "install": [Function],
[38;2;0;95;95m[48;2;215;255;255m+         },
[38;2;0;95;95m[48;2;215;255;255m+         Object {
[38;2;0;95;95m[48;2;215;255;255m+           "install": [Function],
[38;2;0;95;95m[48;2;215;255;255m+         },
[38;2;0;95;95m[48;2;215;255;255m+         Object {
[38;2;0;95;95m[48;2;215;255;255m+           "install": [Function],
[38;2;0;95;95m[48;2;215;255;255m+         },
[38;2;0;95;95m[48;2;215;255;255m+         Object {
[38;2;0;95;95m[48;2;215;255;255m+           "install": [Function],
[38;2;0;95;95m[48;2;215;255;255m+         },
[38;2;0;95;95m[48;2;215;255;255m+         Object {
[38;2;0;95;95m[48;2;215;255;255m+           "install": [Function],
[38;2;0;95;95m[48;2;215;255;255m+         },
[38;2;0;95;95m[48;2;215;255;255m+         [Function],
[38;2;0;95;95m[48;2;215;255;255m+         Object {
[38;2;0;95;95m[48;2;215;255;255m+           "install": [Function],
[38;2;0;95;95m[48;2;215;255;255m+         },
[38;2;0;95;95m[48;2;215;255;255m+         Object {
[38;2;0;95;95m[48;2;215;255;255m+           "install": [Function],
[38;2;0;95;95m[48;2;215;255;255m+         },
[38;2;0;95;95m[48;2;215;255;255m+         Object {
[38;2;0;95;95m[48;2;215;255;255m+           "install": [Function],
[38;2;0;95;95m[48;2;215;255;255m+         },
[38;2;0;95;95m[48;2;215;255;255m+         Object {
[38;2;0;95;95m[48;2;215;255;255m+           "install": [Function],
[38;2;0;95;95m[48;2;215;255;255m+         },
[38;2;0;95;95m[48;2;215;255;255m+         Object {
[38;2;0;95;95m[48;2;215;255;255m+           "install": [Function],
[38;2;0;95;95m[48;2;215;255;255m+         },
[38;2;0;95;95m[48;2;215;255;255m+         Object {
[38;2;0;95;95m[48;2;215;255;255m+           "install": [Function],
[38;2;0;95;95m[48;2;215;255;255m+         },
[38;2;0;95;95m[48;2;215;255;255m+         Object {
[38;2;0;95;95m[48;2;215;255;255m+           "install": [Function],
[38;2;0;95;95m[48;2;215;255;255m+         },
[38;2;0;95;95m[48;2;215;255;255m+         Object {
[38;2;0;95;95m[48;2;215;255;255m+           "install": [Function],
[38;2;0;95;95m[48;2;215;255;255m+         },
[38;2;0;95;95m[48;2;215;255;255m+         Object {
[38;2;0;95;95m[48;2;215;255;255m+           "install": [Function],
[38;2;0;95;95m[48;2;215;255;255m+         },
[38;2;0;95;95m[48;2;215;255;255m+         Object {
[38;2;0;95;95m[48;2;215;255;255m+           "install": [Function],
[38;2;0;95;95m[48;2;215;255;255m+         },
[38;2;0;95;95m[48;2;215;255;255m+         Object {
[38;2;0;95;95m[48;2;215;255;255m+           "install": [Function],
[38;2;0;95;95m[48;2;215;255;255m+         },
[38;2;0;95;95m[48;2;215;255;255m+         Object {
[38;2;0;95;95m[48;2;215;255;255m+           "install": [Function],
[38;2;0;95;95m[48;2;215;255;255m+         },
[38;2;0;95;95m[48;2;215;255;255m+         Object {
[38;2;0;95;95m[48;2;215;255;255m+           "install": [Function],
[38;2;0;95;95m[48;2;215;255;255m+         },
[38;2;0;95;95m[48;2;215;255;255m+         Object {
[38;2;0;95;95m[48;2;215;255;255m+           "install": [Function],
[38;2;0;95;95m[48;2;215;255;255m+         },
[38;2;0;95;95m[48;2;215;255;255m+         Object {
[38;2;0;95;95m[48;2;215;255;255m+           "install": [Function],
[38;2;0;95;95m[48;2;215;255;255m+         },
[38;2;0;95;95m[48;2;215;255;255m+         Object {
[38;2;0;95;95m[48;2;215;255;255m+           "install": [Function],
[38;2;0;95;95m[48;2;215;255;255m+         },
[38;2;0;95;95m[48;2;215;255;255m+         Object {
[38;2;0;95;95m[48;2;215;255;255m+           "install": [Function],
[38;2;0;95;95m[48;2;215;255;255m+         },
[38;2;0;95;95m[48;2;215;255;255m+         Object {
[38;2;0;95;95m[48;2;215;255;255m+           "install": [Function],
[38;2;0;95;95m[48;2;215;255;255m+         },
[38;2;0;95;95m[48;2;215;255;255m+         [Function],
[38;2;0;95;95m[48;2;215;255;255m+         Object {
[38;2;0;95;95m[48;2;215;255;255m+           "install": [Function],
[38;2;0;95;95m[48;2;215;255;255m+         },
[38;2;0;95;95m[48;2;215;255;255m+         Object {
[38;2;0;95;95m[48;2;215;255;255m+           "install": [Function],
[38;2;0;95;95m[48;2;215;255;255m+         },
[38;2;0;95;95m[48;2;215;255;255m+         Object {
[38;2;0;95;95m[48;2;215;255;255m+           "install": [Function],
[38;2;0;95;95m[48;2;215;255;255m+         },
[38;2;0;95;95m[48;2;215;255;255m+         Object {
[38;2;0;95;95m[48;2;215;255;255m+           "install": [Function],
[38;2;0;95;95m[48;2;215;255;255m+         },
[38;2;0;95;95m[48;2;215;255;255m+         Object {
[38;2;0;95;95m[48;2;215;255;255m+           "install": [Function],
[38;2;0;95;95m[48;2;215;255;255m+         },
[38;2;0;95;95m[48;2;215;255;255m+         Object {
[38;2;0;95;95m[48;2;215;255;255m+           "install": [Function],
[38;2;0;95;95m[48;2;215;255;255m+         },
[38;2;0;95;95m[48;2;215;255;255m+         Object {
[38;2;0;95;95m[48;2;215;255;255m+           "install": [Function],
[38;2;0;95;95m[48;2;215;255;255m+         },
[38;2;0;95;95m[48;2;215;255;255m+         Object {
[38;2;0;95;95m[48;2;215;255;255m+           "install": [Function],
[38;2;0;95;95m[48;2;215;255;255m+         },
[38;2;0;95;95m[48;2;215;255;255m+         Object {
[38;2;0;95;95m[48;2;215;255;255m+           "install": [Function],
[38;2;0;95;95m[48;2;215;255;255m+         },
[38;2;0;95;95m[48;2;215;255;255m+         Object {
[38;2;0;95;95m[48;2;215;255;255m+           "install": [Function],
[38;2;0;95;95m[48;2;215;255;255m+         },
[38;2;0;95;95m[48;2;215;255;255m+         Object {
[38;2;0;95;95m[48;2;215;255;255m+           "NAME": "BootstrapVue",
[38;2;0;95;95m[48;2;215;255;255m+           "install": [Function],
[38;2;0;95;95m[48;2;215;255;255m+         },
[38;2;0;95;95m[48;2;215;255;255m+       ],
[38;2;0;95;95m[48;2;215;255;255m+       "_isFunctionalContainer": undefined,
[38;2;0;95;95m[48;2;215;255;255m+       "beforeCreate": Array [
[38;2;0;95;95m[48;2;215;255;255m+         [Function],
[38;2;0;95;95m[48;2;215;255;255m+         [Function],
[38;2;0;95;95m[48;2;215;255;255m+         [Function],
[38;2;0;95;95m[48;2;215;255;255m+       ],
[38;2;0;95;95m[48;2;215;255;255m+       "cid": 1398,
[38;2;0;95;95m[48;2;215;255;255m+       "component": [Function],
[38;2;0;95;95m[48;2;215;255;255m+       "components": Object {
[38;2;0;95;95m[48;2;215;255;255m+         "transition": Object {
[38;2;0;95;95m[48;2;215;255;255m+           "$_doNotStubChildren": true,
[38;2;0;95;95m[48;2;215;255;255m+           "$_vueTestUtils_original": Object {
[38;2;0;95;95m[48;2;215;255;255m+             "_Ctor": Object {
[38;2;0;95;95m[48;2;215;255;255m+               "1404": [Function],
[38;2;0;95;95m[48;2;215;255;255m+             },
[38;2;0;95;95m[48;2;215;255;255m+             "abstract": true,
[38;2;0;95;95m[48;2;215;255;255m+             "name": "transition",
[38;2;0;95;95m[48;2;215;255;255m+             "props": Object {
[38;2;0;95;95m[48;2;215;255;255m+               "appear": Object {
[38;2;0;95;95m[48;2;215;255;255m+                 "type": [Function],
[38;2;0;95;95m[48;2;215;255;255m+               },
[38;2;0;95;95m[48;2;215;255;255m+               "appearActiveClass": Object {
[38;2;0;95;95m[48;2;215;255;255m+                 "type": [Function],
[38;2;0;95;95m[48;2;215;255;255m+               },
[38;2;0;95;95m[48;2;215;255;255m+               "appearClass": Object {
[38;2;0;95;95m[48;2;215;255;255m+                 "type": [Function],
[38;2;0;95;95m[48;2;215;255;255m+               },
[38;2;0;95;95m[48;2;215;255;255m+               "appearToClass": Object {
[38;2;0;95;95m[48;2;215;255;255m+                 "type": [Function],
[38;2;0;95;95m[48;2;215;255;255m+               },
[38;2;0;95;95m[48;2;215;255;255m+               "css": Object {
[38;2;0;95;95m[48;2;215;255;255m+                 "type": [Function],
[38;2;0;95;95m[48;2;215;255;255m+               },
[38;2;0;95;95m[48;2;215;255;255m+               "duration": Object {
[38;2;0;95;95m[48;2;215;255;255m+                 "type": Array [
[38;2;0;95;95m[48;2;215;255;255m+                   [Function],
[38;2;0;95;95m[48;2;215;255;255m+                   [Function],
[38;2;0;95;95m[48;2;215;255;255m+                   [Function],
[38;2;0;95;95m[48;2;215;255;255m+                 ],
[38;2;0;95;95m[48;2;215;255;255m+               },
[38;2;0;95;95m[48;2;215;255;255m+               "enterActiveClass": Object {
[38;2;0;95;95m[48;2;215;255;255m+                 "type": [Function],
[38;2;0;95;95m[48;2;215;255;255m+               },
[38;2;0;95;95m[48;2;215;255;255m+               "enterClass": Object {
[38;2;0;95;95m[48;2;215;255;255m+                 "type": [Function],
[38;2;0;95;95m[48;2;215;255;255m+               },
[38;2;0;95;95m[48;2;215;255;255m+               "enterToClass": Object {
[38;2;0;95;95m[48;2;215;255;255m+                 "type": [Function],
[38;2;0;95;95m[48;2;215;255;255m+               },
[38;2;0;95;95m[48;2;215;255;255m+               "leaveActiveClass": Object {
[38;2;0;95;95m[48;2;215;255;255m+                 "type": [Function],
[38;2;0;95;95m[48;2;215;255;255m+               },
[38;2;0;95;95m[48;2;215;255;255m+               "leaveClass": Object {
[38;2;0;95;95m[48;2;215;255;255m+                 "type": [Function],
[38;2;0;95;95m[48;2;215;255;255m+               },
[38;2;0;95;95m[48;2;215;255;255m+               "leaveToClass": Object {
[38;2;0;95;95m[48;2;215;255;255m+                 "type": [Function],
[38;2;0;95;95m[48;2;215;255;255m+               },
[38;2;0;95;95m[48;2;215;255;255m+               "mode": Object {
[38;2;0;95;95m[48;2;215;255;255m+                 "type": [Function],
[38;2;0;95;95m[48;2;215;255;255m+               },
[38;2;0;95;95m[48;2;215;255;255m+               "name": Object {
[38;2;0;95;95m[48;2;215;255;255m+                 "type": [Function],
[38;2;0;95;95m[48;2;215;255;255m+               },
[38;2;0;95;95m[48;2;215;255;255m+               "type": Object {
[38;2;0;95;95m[48;2;215;255;255m+                 "type": [Function],
[38;2;0;95;95m[48;2;215;255;255m+               },
[38;2;0;95;95m[48;2;215;255;255m+             },
[38;2;0;95;95m[48;2;215;255;255m+             "render": [Function],
[38;2;0;95;95m[48;2;215;255;255m+           },
[38;2;0;95;95m[48;2;215;255;255m+           "abstract": true,
[38;2;0;95;95m[48;2;215;255;255m+           "attrs": undefined,
[38;2;0;95;95m[48;2;215;255;255m+           "class": undefined,
[38;2;0;95;95m[48;2;215;255;255m+           "domProps": undefined,
[38;2;0;95;95m[48;2;215;255;255m+           "functional": undefined,
[38;2;0;95;95m[48;2;215;255;255m+           "key": undefined,
[38;2;0;95;95m[48;2;215;255;255m+           "model": undefined,
[38;2;0;95;95m[48;2;215;255;255m+           "name": "transition",
[38;2;0;95;95m[48;2;215;255;255m+           "nativeOn": undefined,
[38;2;0;95;95m[48;2;215;255;255m+           "normalizedStyle": undefined,
[38;2;0;95;95m[48;2;215;255;255m+           "on": undefined,
[38;2;0;95;95m[48;2;215;255;255m+           "props": Object {
[38;2;0;95;95m[48;2;215;255;255m+             "appear": Object {
[38;2;0;95;95m[48;2;215;255;255m+               "type": [Function],
[38;2;0;95;95m[48;2;215;255;255m+             },
[38;2;0;95;95m[48;2;215;255;255m+             "appearActiveClass": Object {
[38;2;0;95;95m[48;2;215;255;255m+               "type": [Function],
[38;2;0;95;95m[48;2;215;255;255m+             },
[38;2;0;95;95m[48;2;215;255;255m+             "appearClass": Object {
[38;2;0;95;95m[48;2;215;255;255m+               "type": [Function],
[38;2;0;95;95m[48;2;215;255;255m+             },
[38;2;0;95;95m[48;2;215;255;255m+             "appearToClass": Object {
[38;2;0;95;95m[48;2;215;255;255m+               "type": [Function],
[38;2;0;95;95m[48;2;215;255;255m+             },
[38;2;0;95;95m[48;2;215;255;255m+             "css": Object {
[38;2;0;95;95m[48;2;215;255;255m+               "type": [Function],
[38;2;0;95;95m[48;2;215;255;255m+             },
[38;2;0;95;95m[48;2;215;255;255m+             "duration": Object {
[38;2;0;95;95m[48;2;215;255;255m+               "type": Array [
[38;2;0;95;95m[48;2;215;255;255m+                 [Function],
[38;2;0;95;95m[48;2;215;255;255m+                 [Function],
[38;2;0;95;95m[48;2;215;255;255m+                 [Function],
[38;2;0;95;95m[48;2;215;255;255m+               ],
[38;2;0;95;95m[48;2;215;255;255m+             },
[38;2;0;95;95m[48;2;215;255;255m+             "enterActiveClass": Object {
[38;2;0;95;95m[48;2;215;255;255m+               "type": [Function],
[38;2;0;95;95m[48;2;215;255;255m+             },
[38;2;0;95;95m[48;2;215;255;255m+             "enterClass": Object {
[38;2;0;95;95m[48;2;215;255;255m+               "type": [Function],
[38;2;0;95;95m[48;2;215;255;255m+             },
[38;2;0;95;95m[48;2;215;255;255m+             "enterToClass": Object {
[38;2;0;95;95m[48;2;215;255;255m+               "type": [Function],
[38;2;0;95;95m[48;2;215;255;255m+             },
[38;2;0;95;95m[48;2;215;255;255m+             "leaveActiveClass": Object {
[38;2;0;95;95m[48;2;215;255;255m+               "type": [Function],
[38;2;0;95;95m[48;2;215;255;255m+             },
[38;2;0;95;95m[48;2;215;255;255m+             "leaveClass": Object {
[38;2;0;95;95m[48;2;215;255;255m+               "type": [Function],
[38;2;0;95;95m[48;2;215;255;255m+             },
[38;2;0;95;95m[48;2;215;255;255m+             "leaveToClass": Object {
[38;2;0;95;95m[48;2;215;255;255m+               "type": [Function],
[38;2;0;95;95m[48;2;215;255;255m+             },
[38;2;0;95;95m[48;2;215;255;255m+             "mode": Object {
[38;2;0;95;95m[48;2;215;255;255m+               "type": [Function],
[38;2;0;95;95m[48;2;215;255;255m+             },
[38;2;0;95;95m[48;2;215;255;255m+             "name": Object {
[38;2;0;95;95m[48;2;215;255;255m+               "type": [Function],
[38;2;0;95;95m[48;2;215;255;255m+             },
[38;2;0;95;95m[48;2;215;255;255m+             "type": Object {
[38;2;0;95;95m[48;2;215;255;255m+               "type": [Function],
[38;2;0;95;95m[48;2;215;255;255m+             },
[38;2;0;95;95m[48;2;215;255;255m+           },
[38;2;0;95;95m[48;2;215;255;255m+           "render": [Function],
[38;2;0;95;95m[48;2;215;255;255m+           "staticClass": undefined,
[38;2;0;95;95m[48;2;215;255;255m+           "staticStyle": undefined,
[38;2;0;95;95m[48;2;215;255;255m+           "style": undefined,
[38;2;0;95;95m[48;2;215;255;255m+         },
[38;2;0;95;95m[48;2;215;255;255m+         "transition-group": Object {
[38;2;0;95;95m[48;2;215;255;255m+           "$_doNotStubChildren": true,
[38;2;0;95;95m[48;2;215;255;255m+           "$_vueTestUtils_original": Object {
[38;2;0;95;95m[48;2;215;255;255m+             "_Ctor": Object {
[38;2;0;95;95m[48;2;215;255;255m+               "1404": [Function],
[38;2;0;95;95m[48;2;215;255;255m+             },
[38;2;0;95;95m[48;2;215;255;255m+             "beforeMount": [Function],
[38;2;0;95;95m[48;2;215;255;255m+             "methods": Object {
[38;2;0;95;95m[48;2;215;255;255m+               "hasMove": [Function],
[38;2;0;95;95m[48;2;215;255;255m+             },
[38;2;0;95;95m[48;2;215;255;255m+             "props": Object {
[38;2;0;95;95m[48;2;215;255;255m+               "appear": Object {
[38;2;0;95;95m[48;2;215;255;255m+                 "type": [Function],
[38;2;0;95;95m[48;2;215;255;255m+               },
[38;2;0;95;95m[48;2;215;255;255m+               "appearActiveClass": Object {
[38;2;0;95;95m[48;2;215;255;255m+                 "type": [Function],
[38;2;0;95;95m[48;2;215;255;255m+               },
[38;2;0;95;95m[48;2;215;255;255m+               "appearClass": Object {
[38;2;0;95;95m[48;2;215;255;255m+                 "type": [Function],
[38;2;0;95;95m[48;2;215;255;255m+               },
[38;2;0;95;95m[48;2;215;255;255m+               "appearToClass": Object {
[38;2;0;95;95m[48;2;215;255;255m+                 "type": [Function],
[38;2;0;95;95m[48;2;215;255;255m+               },
[38;2;0;95;95m[48;2;215;255;255m+               "css": Object {
[38;2;0;95;95m[48;2;215;255;255m+                 "type": [Function],
[38;2;0;95;95m[48;2;215;255;255m+               },
[38;2;0;95;95m[48;2;215;255;255m+               "duration": Object {
[38;2;0;95;95m[48;2;215;255;255m+                 "type": Array [
[38;2;0;95;95m[48;2;215;255;255m+                   [Function],
[38;2;0;95;95m[48;2;215;255;255m+                   [Function],
[38;2;0;95;95m[48;2;215;255;255m+                   [Function],
[38;2;0;95;95m[48;2;215;255;255m+                 ],
[38;2;0;95;95m[48;2;215;255;255m+               },
[38;2;0;95;95m[48;2;215;255;255m+               "enterActiveClass": Object {
[38;2;0;95;95m[48;2;215;255;255m+                 "type": [Function],
[38;2;0;95;95m[48;2;215;255;255m+               },
[38;2;0;95;95m[48;2;215;255;255m+               "enterClass": Object {
[38;2;0;95;95m[48;2;215;255;255m+                 "type": [Function],
[38;2;0;95;95m[48;2;215;255;255m+               },
[38;2;0;95;95m[48;2;215;255;255m+               "enterToClass": Object {
[38;2;0;95;95m[48;2;215;255;255m+                 "type": [Function],
[38;2;0;95;95m[48;2;215;255;255m+               },
[38;2;0;95;95m[48;2;215;255;255m+               "leaveActiveClass": Object {
[38;2;0;95;95m[48;2;215;255;255m+                 "type": [Function],
[38;2;0;95;95m[48;2;215;255;255m+               },
[38;2;0;95;95m[48;2;215;255;255m+               "leaveClass": Object {
[38;2;0;95;95m[48;2;215;255;255m+                 "type": [Function],
[38;2;0;95;95m[48;2;215;255;255m+               },
[38;2;0;95;95m[48;2;215;255;255m+               "leaveToClass": Object {
[38;2;0;95;95m[48;2;215;255;255m+                 "type": [Function],
[38;2;0;95;95m[48;2;215;255;255m+               },
[38;2;0;95;95m[48;2;215;255;255m+               "moveClass": Object {
[38;2;0;95;95m[48;2;215;255;255m+                 "type": [Function],
[38;2;0;95;95m[48;2;215;255;255m+               },
[38;2;0;95;95m[48;2;215;255;255m+               "name": Object {
[38;2;0;95;95m[48;2;215;255;255m+                 "type": [Function],
[38;2;0;95;95m[48;2;215;255;255m+               },
[38;2;0;95;95m[48;2;215;255;255m+               "tag": Object {
[38;2;0;95;95m[48;2;215;255;255m+                 "type": [Function],
[38;2;0;95;95m[48;2;215;255;255m+               },
[38;2;0;95;95m[48;2;215;255;255m+               "type": Object {
[38;2;0;95;95m[48;2;215;255;255m+                 "type": [Function],
[38;2;0;95;95m[48;2;215;255;255m+               },
[38;2;0;95;95m[48;2;215;255;255m+             },
[38;2;0;95;95m[48;2;215;255;255m+             "render": [Function],
[38;2;0;95;95m[48;2;215;255;255m+             "updated": [Function],
[38;2;0;95;95m[48;2;215;255;255m+           },
[38;2;0;95;95m[48;2;215;255;255m+           "abstract": undefined,
[38;2;0;95;95m[48;2;215;255;255m+           "attrs": undefined,
[38;2;0;95;95m[48;2;215;255;255m+           "class": undefined,
[38;2;0;95;95m[48;2;215;255;255m+           "domProps": undefined,
[38;2;0;95;95m[48;2;215;255;255m+           "functional": undefined,
[38;2;0;95;95m[48;2;215;255;255m+           "key": undefined,
[38;2;0;95;95m[48;2;215;255;255m+           "model": undefined,
[38;2;0;95;95m[48;2;215;255;255m+           "name": undefined,
[38;2;0;95;95m[48;2;215;255;255m+           "nativeOn": undefined,
[38;2;0;95;95m[48;2;215;255;255m+           "normalizedStyle": undefined,
[38;2;0;95;95m[48;2;215;255;255m+           "on": undefined,
[38;2;0;95;95m[48;2;215;255;255m+           "props": Object {
[38;2;0;95;95m[48;2;215;255;255m+             "appear": Object {
[38;2;0;95;95m[48;2;215;255;255m+               "type": [Function],
[38;2;0;95;95m[48;2;215;255;255m+             },
[38;2;0;95;95m[48;2;215;255;255m+             "appearActiveClass": Object {
[38;2;0;95;95m[48;2;215;255;255m+               "type": [Function],
[38;2;0;95;95m[48;2;215;255;255m+             },
[38;2;0;95;95m[48;2;215;255;255m+             "appearClass": Object {
[38;2;0;95;95m[48;2;215;255;255m+               "type": [Function],
[38;2;0;95;95m[48;2;215;255;255m+             },
[38;2;0;95;95m[48;2;215;255;255m+             "appearToClass": Object {
[38;2;0;95;95m[48;2;215;255;255m+               "type": [Function],
[38;2;0;95;95m[48;2;215;255;255m+             },
[38;2;0;95;95m[48;2;215;255;255m+             "css": Object {
[38;2;0;95;95m[48;2;215;255;255m+               "type": [Function],
[38;2;0;95;95m[48;2;215;255;255m+             },
[38;2;0;95;95m[48;2;215;255;255m+             "duration": Object {
[38;2;0;95;95m[48;2;215;255;255m+               "type": Array [
[38;2;0;95;95m[48;2;215;255;255m+                 [Function],
[38;2;0;95;95m[48;2;215;255;255m+                 [Function],
[38;2;0;95;95m[48;2;215;255;255m+                 [Function],
[38;2;0;95;95m[48;2;215;255;255m+               ],
[38;2;0;95;95m[48;2;215;255;255m+             },
[38;2;0;95;95m[48;2;215;255;255m+             "enterActiveClass": Object {
[38;2;0;95;95m[48;2;215;255;255m+               "type": [Function],
[38;2;0;95;95m[48;2;215;255;255m+             },
[38;2;0;95;95m[48;2;215;255;255m+             "enterClass": Object {
[38;2;0;95;95m[48;2;215;255;255m+               "type": [Function],
[38;2;0;95;95m[48;2;215;255;255m+             },
[38;2;0;95;95m[48;2;215;255;255m+             "enterToClass": Object {
[38;2;0;95;95m[48;2;215;255;255m+               "type": [Function],
[38;2;0;95;95m[48;2;215;255;255m+             },
[38;2;0;95;95m[48;2;215;255;255m+             "leaveActiveClass": Object {
[38;2;0;95;95m[48;2;215;255;255m+               "type": [Function],
[38;2;0;95;95m[48;2;215;255;255m+             },
[38;2;0;95;95m[48;2;215;255;255m+             "leaveClass": Object {
[38;2;0;95;95m[48;2;215;255;255m+               "type": [Function],
[38;2;0;95;95m[48;2;215;255;255m+             },
[38;2;0;95;95m[48;2;215;255;255m+             "leaveToClass": Object {
[38;2;0;95;95m[48;2;215;255;255m+               "type": [Function],
[38;2;0;95;95m[48;2;215;255;255m+             },
[38;2;0;95;95m[48;2;215;255;255m+             "moveClass": Object {
[38;2;0;95;95m[48;2;215;255;255m+               "type": [Function],
[38;2;0;95;95m[48;2;215;255;255m+             },
[38;2;0;95;95m[48;2;215;255;255m+             "name": Object {
[38;2;0;95;95m[48;2;215;255;255m+               "type": [Function],
[38;2;0;95;95m[48;2;215;255;255m+             },
[38;2;0;95;95m[48;2;215;255;255m+             "tag": Object {
[38;2;0;95;95m[48;2;215;255;255m+               "type": [Function],
[38;2;0;95;95m[48;2;215;255;255m+             },
[38;2;0;95;95m[48;2;215;255;255m+             "type": Object {
[38;2;0;95;95m[48;2;215;255;255m+               "type": [Function],
[38;2;0;95;95m[48;2;215;255;255m+             },
[38;2;0;95;95m[48;2;215;255;255m+           },
[38;2;0;95;95m[48;2;215;255;255m+           "render": [Function],
[38;2;0;95;95m[48;2;215;255;255m+           "staticClass": undefined,
[38;2;0;95;95m[48;2;215;255;255m+           "staticStyle": undefined,
[38;2;0;95;95m[48;2;215;255;255m+           "style": undefined,
[38;2;0;95;95m[48;2;215;255;255m+         },
[38;2;0;95;95m[48;2;215;255;255m+       },
[38;2;0;95;95m[48;2;215;255;255m+       "config": Object {
[38;2;0;95;95m[48;2;215;255;255m+         "_lifecycleHooks": Array [
[38;2;0;95;95m[48;2;215;255;255m+           "beforeCreate",
[38;2;0;95;95m[48;2;215;255;255m+           "created",
[38;2;0;95;95m[48;2;215;255;255m+           "beforeMount",
[38;2;0;95;95m[48;2;215;255;255m+           "mounted",
[38;2;0;95;95m[48;2;215;255;255m+           "beforeUpdate",
[38;2;0;95;95m[48;2;215;255;255m+           "updated",
[38;2;0;95;95m[48;2;215;255;255m+           "beforeDestroy",
[38;2;0;95;95m[48;2;215;255;255m+           "destroyed",
[38;2;0;95;95m[48;2;215;255;255m+           "activated",
[38;2;0;95;95m[48;2;215;255;255m+           "deactivated",
[38;2;0;95;95m[48;2;215;255;255m+           "errorCaptured",
[38;2;0;95;95m[48;2;215;255;255m+           "serverPrefetch",
[38;2;0;95;95m[48;2;215;255;255m+         ],
[38;2;0;95;95m[48;2;215;255;255m+         "async": true,
[38;2;0;95;95m[48;2;215;255;255m+         "devtools": false,
[38;2;0;95;95m[48;2;215;255;255m+         "errorHandler": undefined,
[38;2;0;95;95m[48;2;215;255;255m+         "getTagNamespace": [Function],
[38;2;0;95;95m[48;2;215;255;255m+         "ignoredElements": Array [],
[38;2;0;95;95m[48;2;215;255;255m+         "isReservedAttr": [Function],
[38;2;0;95;95m[48;2;215;255;255m+         "isReservedTag": [Function],
[38;2;0;95;95m[48;2;215;255;255m+         "isUnknownElement": [Function],
[38;2;0;95;95m[48;2;215;255;255m+         "keyCodes": Object {},
[38;2;0;95;95m[48;2;215;255;255m+         "mustUseProp": [Function],
[38;2;0;95;95m[48;2;215;255;255m+         "optionMergeStrategies": Object {
[38;2;0;95;95m[48;2;215;255;255m+           "activated": [Function],
[38;2;0;95;95m[48;2;215;255;255m+           "beforeCreate": [Function],
[38;2;0;95;95m[48;2;215;255;255m+           "beforeDestroy": [Function],
[38;2;0;95;95m[48;2;215;255;255m+           "beforeMount": [Function],
[38;2;0;95;95m[48;2;215;255;255m+           "beforeUpdate": [Function],
[38;2;0;95;95m[48;2;215;255;255m+           "components": [Function],
[38;2;0;95;95m[48;2;215;255;255m+           "computed": [Function],
[38;2;0;95;95m[48;2;215;255;255m+           "created": [Function],
[38;2;0;95;95m[48;2;215;255;255m+           "data": [Function],
[38;2;0;95;95m[48;2;215;255;255m+           "deactivated": [Function],
[38;2;0;95;95m[48;2;215;255;255m+           "destroyed": [Function],
[38;2;0;95;95m[48;2;215;255;255m+           "directives": [Function],
[38;2;0;95;95m[48;2;215;255;255m+           "el": [Function],
[38;2;0;95;95m[48;2;215;255;255m+           "errorCaptured": [Function],
[38;2;0;95;95m[48;2;215;255;255m+           "filters": [Function],
[38;2;0;95;95m[48;2;215;255;255m+           "inject": [Function],
[38;2;0;95;95m[48;2;215;255;255m+           "methods": [Function],
[38;2;0;95;95m[48;2;215;255;255m+           "mounted": [Function],
[38;2;0;95;95m[48;2;215;255;255m+           "props": [Function],
[38;2;0;95;95m[48;2;215;255;255m+           "propsData": [Function],
[38;2;0;95;95m[48;2;215;255;255m+           "provide": [Function],
[38;2;0;95;95m[48;2;215;255;255m+           "serverPrefetch": [Function],
[38;2;0;95;95m[48;2;215;255;255m+           "updated": [Function],
[38;2;0;95;95m[48;2;215;255;255m+           "watch": [Function],
[38;2;0;95;95m[48;2;215;255;255m+         },
[38;2;0;95;95m[48;2;215;255;255m+         "parsePlatformTagName": [Function],
[38;2;0;95;95m[48;2;215;255;255m+         "performance": false,
[38;2;0;95;95m[48;2;215;255;255m+         "productionTip": false,
[38;2;0;95;95m[48;2;215;255;255m+         "silent": false,
[38;2;0;95;95m[48;2;215;255;255m+         "warnHandler": null,
[38;2;0;95;95m[48;2;215;255;255m+       },
[38;2;0;95;95m[48;2;215;255;255m+       "data": [Function],
[38;2;0;95;95m[48;2;215;255;255m+       "delete": [Function],
[38;2;0;95;95m[48;2;215;255;255m+       "directive": [Function],
[38;2;0;95;95m[48;2;215;255;255m+       "directives": Object {},
[38;2;0;95;95m[48;2;215;255;255m+       "extend": [Function],
[38;2;0;95;95m[48;2;215;255;255m+       "extendOptions": Object {
[38;2;0;95;95m[48;2;215;255;255m+         "_Ctor": Object {
[38;2;0;95;95m[48;2;215;255;255m+           "0": [Function],
[38;2;0;95;95m[48;2;215;255;255m+         },
[38;2;0;95;95m[48;2;215;255;255m+       },
[38;2;0;95;95m[48;2;215;255;255m+       "filter": [Function],
[38;2;0;95;95m[48;2;215;255;255m+       "filters": Object {},
[38;2;0;95;95m[48;2;215;255;255m+       "methods": undefined,
[38;2;0;95;95m[48;2;215;255;255m+       "mixin": [Function],
[38;2;0;95;95m[48;2;215;255;255m+       "mocks": undefined,
[38;2;0;95;95m[48;2;215;255;255m+       "nextTick": [Function],
[38;2;0;95;95m[48;2;215;255;255m+       "observable": [Function],
[38;2;0;95;95m[48;2;215;255;255m+       "options": Object {
[38;2;0;95;95m[48;2;215;255;255m+         "_Ctor": Object {
[38;2;0;95;95m[48;2;215;255;255m+           "0": [Function],
[38;2;0;95;95m[48;2;215;255;255m+         },
[38;2;0;95;95m[48;2;215;255;255m+         "_base": [Function],
[38;2;0;95;95m[48;2;215;255;255m+         "beforeCreate": Array [
[38;2;0;95;95m[48;2;215;255;255m+           [Function],
[38;2;0;95;95m[48;2;215;255;255m+           [Function],
[38;2;0;95;95m[48;2;215;255;255m+         ],
[38;2;0;95;95m[48;2;215;255;255m+         "components": Object {
[38;2;0;95;95m[48;2;215;255;255m+           "BTooltip": [Function],
[38;2;0;95;95m[48;2;215;255;255m+         },
[38;2;0;95;95m[48;2;215;255;255m+         "directives": Object {
[38;2;0;95;95m[48;2;215;255;255m+           "BHover": Object {
[38;2;0;95;95m[48;2;215;255;255m+             "bind": [Function],
[38;2;0;95;95m[48;2;215;255;255m+             "componentUpdated": [Function],
[38;2;0;95;95m[48;2;215;255;255m+             "unbind": [Function],
[38;2;0;95;95m[48;2;215;255;255m+           },
[38;2;0;95;95m[48;2;215;255;255m+           "BModal": Object {
[38;2;0;95;95m[48;2;215;255;255m+             "componentUpdated": [Function],
[38;2;0;95;95m[48;2;215;255;255m+             "inserted": [Function],
[38;2;0;95;95m[48;2;215;255;255m+             "unbind": [Function],
[38;2;0;95;95m[48;2;215;255;255m+             "updated": [Function],
[38;2;0;95;95m[48;2;215;255;255m+           },
[38;2;0;95;95m[48;2;215;255;255m+           "BScrollspy": Object {
[38;2;0;95;95m[48;2;215;255;255m+             "bind": [Function],
[38;2;0;95;95m[48;2;215;255;255m+             "componentUpdated": [Function],
[38;2;0;95;95m[48;2;215;255;255m+             "inserted": [Function],
[38;2;0;95;95m[48;2;215;255;255m+             "unbind": [Function],
[38;2;0;95;95m[48;2;215;255;255m+             "update": [Function],
[38;2;0;95;95m[48;2;215;255;255m+           },
[38;2;0;95;95m[48;2;215;255;255m+           "BTooltip": Object {
[38;2;0;95;95m[48;2;215;255;255m+             "bind": [Function],
[38;2;0;95;95m[48;2;215;255;255m+             "componentUpdated": [Function],
[38;2;0;95;95m[48;2;215;255;255m+             "unbind": [Function],
[38;2;0;95;95m[48;2;215;255;255m+           },
[38;2;0;95;95m[48;2;215;255;255m+           "BVisible": Object {
[38;2;0;95;95m[48;2;215;255;255m+             "bind": [Function],
[38;2;0;95;95m[48;2;215;255;255m+             "componentUpdated": [Function],
[38;2;0;95;95m[48;2;215;255;255m+             "unbind": [Function],
[38;2;0;95;95m[48;2;215;255;255m+           },
[38;2;0;95;95m[48;2;215;255;255m+         },
[38;2;0;95;95m[48;2;215;255;255m+         "filters": Object {},
[38;2;0;95;95m[48;2;215;255;255m+       },
[38;2;0;95;95m[48;2;215;255;255m+       "provide": [Function],
[38;2;0;95;95m[48;2;215;255;255m+       "render": [Function],
[38;2;0;95;95m[48;2;215;255;255m+       "sealedOptions": Object {
[38;2;0;95;95m[48;2;215;255;255m+         "_Ctor": Object {
[38;2;0;95;95m[48;2;215;255;255m+           "0": [Function],
[38;2;0;95;95m[48;2;215;255;255m+         },
[38;2;0;95;95m[48;2;215;255;255m+         "_base": [Function],
[38;2;0;95;95m[48;2;215;255;255m+         "components": Object {
[38;2;0;95;95m[48;2;215;255;255m+           "BAlert": [Function],
[38;2;0;95;95m[48;2;215;255;255m+           "BAspect": [Function],
[38;2;0;95;95m[48;2;215;255;255m+           "BAvatar": [Function],
[38;2;0;95;95m[48;2;215;255;255m+           "BAvatarGroup": [Function],
[38;2;0;95;95m[48;2;215;255;255m+           "BBadge": [Function],
[38;2;0;95;95m[48;2;215;255;255m+           "BBreadcrumb": [Function],
[38;2;0;95;95m[48;2;215;255;255m+           "BBreadcrumbItem": [Function],
[38;2;0;95;95m[48;2;215;255;255m+           "BBreadcrumbLink": [Function],
[38;2;0;95;95m[48;2;215;255;255m+           "BBtn": [Function],
[38;2;0;95;95m[48;2;215;255;255m+           "BBtnClose": [Function],
[38;2;0;95;95m[48;2;215;255;255m+           "BBtnGroup": [Function],
[38;2;0;95;95m[48;2;215;255;255m+           "BBtnToolbar": [Function],
[38;2;0;95;95m[48;2;215;255;255m+           "BButton": [Function],
[38;2;0;95;95m[48;2;215;255;255m+           "BButtonClose": [Function],
[38;2;0;95;95m[48;2;215;255;255m+           "BButtonGroup": [Function],
[38;2;0;95;95m[48;2;215;255;255m+           "BButtonToolbar": [Function],
[38;2;0;95;95m[48;2;215;255;255m+           "BCalendar": [Function],
[38;2;0;95;95m[48;2;215;255;255m+           "BCard": [Function],
[38;2;0;95;95m[48;2;215;255;255m+           "BCardBody": [Function],
[38;2;0;95;95m[48;2;215;255;255m+           "BCardFooter": [Function],
[38;2;0;95;95m[48;2;215;255;255m+           "BCardGroup": [Function],
[38;2;0;95;95m[48;2;215;255;255m+           "BCardHeader": [Function],
[38;2;0;95;95m[48;2;215;255;255m+           "BCardImg": [Function],
[38;2;0;95;95m[48;2;215;255;255m+           "BCardImgLazy": [Function],
[38;2;0;95;95m[48;2;215;255;255m+           "BCardSubTitle": [Function],
[38;2;0;95;95m[48;2;215;255;255m+           "BCardText": [Function],
[38;2;0;95;95m[48;2;215;255;255m+           "BCardTitle": [Function],
[38;2;0;95;95m[48;2;215;255;255m+           "BCarousel": [Function],
[38;2;0;95;95m[48;2;215;255;255m+           "BCarouselSlide": [Function],
[38;2;0;95;95m[48;2;215;255;255m+           "BCheck": [Function],
[38;2;0;95;95m[48;2;215;255;255m+           "BCheckGroup": [Function],
[38;2;0;95;95m[48;2;215;255;255m+           "BCheckbox": [Function],
[38;2;0;95;95m[48;2;215;255;255m+           "BCheckboxGroup": [Function],
[38;2;0;95;95m[48;2;215;255;255m+           "BCol": [Function],
[38;2;0;95;95m[48;2;215;255;255m+           "BCollapse": [Function],
[38;2;0;95;95m[48;2;215;255;255m+           "BContainer": [Function],
[38;2;0;95;95m[48;2;215;255;255m+           "BDatalist": [Function],
[38;2;0;95;95m[48;2;215;255;255m+           "BDatepicker": [Function],
[38;2;0;95;95m[48;2;215;255;255m+           "BDd": [Function],
[38;2;0;95;95m[48;2;215;255;255m+           "BDdDivider": [Function],
[38;2;0;95;95m[48;2;215;255;255m+           "BDdForm": [Function],
[38;2;0;95;95m[48;2;215;255;255m+           "BDdGroup": [Function],
[38;2;0;95;95m[48;2;215;255;255m+           "BDdHeader": [Function],
[38;2;0;95;95m[48;2;215;255;255m+           "BDdItem": [Function],
[38;2;0;95;95m[48;2;215;255;255m+           "BDdItemBtn": [Function],
[38;2;0;95;95m[48;2;215;255;255m+           "BDdItemButton": [Function],
[38;2;0;95;95m[48;2;215;255;255m+           "BDdText": [Function],
[38;2;0;95;95m[48;2;215;255;255m+           "BDropdown": [Function],
[38;2;0;95;95m[48;2;215;255;255m+           "BDropdownDivider": [Function],
[38;2;0;95;95m[48;2;215;255;255m+           "BDropdownForm": [Function],
[38;2;0;95;95m[48;2;215;255;255m+           "BDropdownGroup": [Function],
[38;2;0;95;95m[48;2;215;255;255m+           "BDropdownHeader": [Function],
[38;2;0;95;95m[48;2;215;255;255m+           "BDropdownItem": [Function],
[38;2;0;95;95m[48;2;215;255;255m+           "BDropdownItemBtn": [Function],
[38;2;0;95;95m[48;2;215;255;255m+           "BDropdownItemButton": [Function],
[38;2;0;95;95m[48;2;215;255;255m+           "BDropdownText": [Function],
[38;2;0;95;95m[48;2;215;255;255m+           "BEmbed": [Function],
[38;2;0;95;95m[48;2;215;255;255m+           "BFile": [Function],
[38;2;0;95;95m[48;2;215;255;255m+           "BForm": [Function],
[38;2;0;95;95m[48;2;215;255;255m+           "BFormCheckbox": [Function],
[38;2;0;95;95m[48;2;215;255;255m+           "BFormCheckboxGroup": [Function],
[38;2;0;95;95m[48;2;215;255;255m+           "BFormDatalist": [Function],
[38;2;0;95;95m[48;2;215;255;255m+           "BFormDatepicker": [Function],
[38;2;0;95;95m[48;2;215;255;255m+           "BFormFeedback": [Function],
[38;2;0;95;95m[48;2;215;255;255m+           "BFormFieldset": [Function],
[38;2;0;95;95m[48;2;215;255;255m+           "BFormFile": [Function],
[38;2;0;95;95m[48;2;215;255;255m+           "BFormGroup": [Function],
[38;2;0;95;95m[48;2;215;255;255m+           "BFormInput": [Function],
[38;2;0;95;95m[48;2;215;255;255m+           "BFormInvalidFeedback": [Function],
[38;2;0;95;95m[48;2;215;255;255m+           "BFormRadio": [Function],
[38;2;0;95;95m[48;2;215;255;255m+           "BFormRadioGroup": [Function],
[38;2;0;95;95m[48;2;215;255;255m+           "BFormRating": [Function],
[38;2;0;95;95m[48;2;215;255;255m+           "BFormRow": [Function],
[38;2;0;95;95m[48;2;215;255;255m+           "BFormSelect": [Function],
[38;2;0;95;95m[48;2;215;255;255m+           "BFormSelectOption": [Function],
[38;2;0;95;95m[48;2;215;255;255m+           "BFormSelectOptionGroup": [Function],
[38;2;0;95;95m[48;2;215;255;255m+           "BFormSpinbutton": [Function],
[38;2;0;95;95m[48;2;215;255;255m+           "BFormTag": [Function],
[38;2;0;95;95m[48;2;215;255;255m+           "BFormTags": [Function],
[38;2;0;95;95m[48;2;215;255;255m+           "BFormText": [Function],
[38;2;0;95;95m[48;2;215;255;255m+           "BFormTextarea": [Function],
[38;2;0;95;95m[48;2;215;255;255m+           "BFormTimepicker": [Function],
[38;2;0;95;95m[48;2;215;255;255m+           "BFormValidFeedback": [Function],
[38;2;0;95;95m[48;2;215;255;255m+           "BImg": [Function],
[38;2;0;95;95m[48;2;215;255;255m+           "BImgLazy": [Function],
[38;2;0;95;95m[48;2;215;255;255m+           "BInput": [Function],
[38;2;0;95;95m[48;2;215;255;255m+           "BInputGroup": [Function],
[38;2;0;95;95m[48;2;215;255;255m+           "BInputGroupAddon": [Function],
[38;2;0;95;95m[48;2;215;255;255m+           "BInputGroupAppend": [Function],
[38;2;0;95;95m[48;2;215;255;255m+           "BInputGroupPrepend": [Function],
[38;2;0;95;95m[48;2;215;255;255m+           "BInputGroupText": [Function],
[38;2;0;95;95m[48;2;215;255;255m+           "BJumbotron": [Function],
[38;2;0;95;95m[48;2;215;255;255m+           "BLink": [Function],
[38;2;0;95;95m[48;2;215;255;255m+           "BListGroup": [Function],
[38;2;0;95;95m[48;2;215;255;255m+           "BListGroupItem": [Function],
[38;2;0;95;95m[48;2;215;255;255m+           "BMedia": [Function],
[38;2;0;95;95m[48;2;215;255;255m+           "BMediaAside": [Function],
[38;2;0;95;95m[48;2;215;255;255m+           "BMediaBody": [Function],
[38;2;0;95;95m[48;2;215;255;255m+           "BModal": [Function],
[38;2;0;95;95m[48;2;215;255;255m+           "BRadio": [Function],
[38;2;0;95;95m[48;2;215;255;255m+           "BRadioGroup": [Function],
[38;2;0;95;95m[48;2;215;255;255m+           "BRating": [Function],
[38;2;0;95;95m[48;2;215;255;255m+           "BRow": [Function],
[38;2;0;95;95m[48;2;215;255;255m+           "BSelect": [Function],
[38;2;0;95;95m[48;2;215;255;255m+           "BSelectOption": [Function],
[38;2;0;95;95m[48;2;215;255;255m+           "BSelectOptionGroup": [Function],
[38;2;0;95;95m[48;2;215;255;255m+           "BSpinbutton": [Function],
[38;2;0;95;95m[48;2;215;255;255m+           "BTag": [Function],
[38;2;0;95;95m[48;2;215;255;255m+           "BTags": [Function],
[38;2;0;95;95m[48;2;215;255;255m+           "BTextarea": [Function],
[38;2;0;95;95m[48;2;215;255;255m+           "BTimepicker": [Function],
[38;2;0;95;95m[48;2;215;255;255m+         },
[38;2;0;95;95m[48;2;215;255;255m+         "directives": Object {
[38;2;0;95;95m[48;2;215;255;255m+           "BModal": Object {
[38;2;0;95;95m[48;2;215;255;255m+             "componentUpdated": [Function],
[38;2;0;95;95m[48;2;215;255;255m+             "inserted": [Function],
[38;2;0;95;95m[48;2;215;255;255m+             "unbind": [Function],
[38;2;0;95;95m[48;2;215;255;255m+             "updated": [Function],
[38;2;0;95;95m[48;2;215;255;255m+           },
[38;2;0;95;95m[48;2;215;255;255m+           "BToggle": Object {
[38;2;0;95;95m[48;2;215;255;255m+             "bind": [Function],
[38;2;0;95;95m[48;2;215;255;255m+             "componentUpdated": [Function],
[38;2;0;95;95m[48;2;215;255;255m+             "unbind": [Function],
[38;2;0;95;95m[48;2;215;255;255m+             "updated": [Function],
[38;2;0;95;95m[48;2;215;255;255m+           },
[38;2;0;95;95m[48;2;215;255;255m+         },
[38;2;0;95;95m[48;2;215;255;255m+         "filters": Object {},
[38;2;0;95;95m[48;2;215;255;255m+       },
[38;2;0;95;95m[48;2;215;255;255m+       "set": [Function],
[38;2;0;95;95m[48;2;215;255;255m+       "shouldProxy": true,
[38;2;0;95;95m[48;2;215;255;255m+       "stubs": Object {
[38;2;0;95;95m[48;2;215;255;255m+         "transition": true,
[38;2;0;95;95m[48;2;215;255;255m+         "transition-group": true,
[38;2;0;95;95m[48;2;215;255;255m+       },
[38;2;0;95;95m[48;2;215;255;255m+       "super": [Function],
[38;2;0;95;95m[48;2;215;255;255m+       "superOptions": Object {
[38;2;0;95;95m[48;2;215;255;255m+         "_base": [Function],
[38;2;0;95;95m[48;2;215;255;255m+         "components": Object {
[38;2;0;95;95m[48;2;215;255;255m+           "KeepAlive": Object {
[38;2;0;95;95m[48;2;215;255;255m+             "abstract": true,
[38;2;0;95;95m[48;2;215;255;255m+             "created": [Function],
[38;2;0;95;95m[48;2;215;255;255m+             "destroyed": [Function],
[38;2;0;95;95m[48;2;215;255;255m+             "methods": Object {
[38;2;0;95;95m[48;2;215;255;255m+               "cacheVNode": [Function],
[38;2;0;95;95m[48;2;215;255;255m+             },
[38;2;0;95;95m[48;2;215;255;255m+             "mounted": [Function],
[38;2;0;95;95m[48;2;215;255;255m+             "name": "keep-alive",
[38;2;0;95;95m[48;2;215;255;255m+             "props": Object {
[38;2;0;95;95m[48;2;215;255;255m+               "exclude": Array [
[38;2;0;95;95m[48;2;215;255;255m+                 [Function],
[38;2;0;95;95m[48;2;215;255;255m+                 [Function],
[38;2;0;95;95m[48;2;215;255;255m+                 [Function],
[38;2;0;95;95m[48;2;215;255;255m+               ],
[38;2;0;95;95m[48;2;215;255;255m+               "include": Array [
[38;2;0;95;95m[48;2;215;255;255m+                 [Function],
[38;2;0;95;95m[48;2;215;255;255m+                 [Function],
[38;2;0;95;95m[48;2;215;255;255m+                 [Function],
[38;2;0;95;95m[48;2;215;255;255m+               ],
[38;2;0;95;95m[48;2;215;255;255m+               "max": Array [
[38;2;0;95;95m[48;2;215;255;255m+                 [Function],
[38;2;0;95;95m[48;2;215;255;255m+                 [Function],
[38;2;0;95;95m[48;2;215;255;255m+               ],
[38;2;0;95;95m[48;2;215;255;255m+             },
[38;2;0;95;95m[48;2;215;255;255m+             "render": [Function],
[38;2;0;95;95m[48;2;215;255;255m+             "updated": [Function],
[38;2;0;95;95m[48;2;215;255;255m+           },
[38;2;0;95;95m[48;2;215;255;255m+           "Transition": Object {
[38;2;0;95;95m[48;2;215;255;255m+             "_Ctor": Object {
[38;2;0;95;95m[48;2;215;255;255m+               "1404": [Function],
[38;2;0;95;95m[48;2;215;255;255m+             },
[38;2;0;95;95m[48;2;215;255;255m+             "abstract": true,
[38;2;0;95;95m[48;2;215;255;255m+             "name": "transition",
[38;2;0;95;95m[48;2;215;255;255m+             "props": Object {
[38;2;0;95;95m[48;2;215;255;255m+               "appear": Object {
[38;2;0;95;95m[48;2;215;255;255m+                 "type": [Function],
[38;2;0;95;95m[48;2;215;255;255m+               },
[38;2;0;95;95m[48;2;215;255;255m+               "appearActiveClass": Object {
[38;2;0;95;95m[48;2;215;255;255m+                 "type": [Function],
[38;2;0;95;95m[48;2;215;255;255m+               },
[38;2;0;95;95m[48;2;215;255;255m+               "appearClass": Object {
[38;2;0;95;95m[48;2;215;255;255m+                 "type": [Function],
[38;2;0;95;95m[48;2;215;255;255m+               },
[38;2;0;95;95m[48;2;215;255;255m+               "appearToClass": Object {
[38;2;0;95;95m[48;2;215;255;255m+                 "type": [Function],
[38;2;0;95;95m[48;2;215;255;255m+               },
[38;2;0;95;95m[48;2;215;255;255m+               "css": Object {
[38;2;0;95;95m[48;2;215;255;255m+                 "type": [Function],
[38;2;0;95;95m[48;2;215;255;255m+               },
[38;2;0;95;95m[48;2;215;255;255m+               "duration": Object {
[38;2;0;95;95m[48;2;215;255;255m+                 "type": Array [
[38;2;0;95;95m[48;2;215;255;255m+                   [Function],
[38;2;0;95;95m[48;2;215;255;255m+                   [Function],
[38;2;0;95;95m[48;2;215;255;255m+                   [Function],
[38;2;0;95;95m[48;2;215;255;255m+                 ],
[38;2;0;95;95m[48;2;215;255;255m+               },
[38;2;0;95;95m[48;2;215;255;255m+               "enterActiveClass": Object {
[38;2;0;95;95m[48;2;215;255;255m+                 "type": [Function],
[38;2;0;95;95m[48;2;215;255;255m+               },
[38;2;0;95;95m[48;2;215;255;255m+               "enterClass": Object {
[38;2;0;95;95m[48;2;215;255;255m+                 "type": [Function],
[38;2;0;95;95m[48;2;215;255;255m+               },
[38;2;0;95;95m[48;2;215;255;255m+               "enterToClass": Object {
[38;2;0;95;95m[48;2;215;255;255m+                 "type": [Function],
[38;2;0;95;95m[48;2;215;255;255m+               },
[38;2;0;95;95m[48;2;215;255;255m+               "leaveActiveClass": Object {
[38;2;0;95;95m[48;2;215;255;255m+                 "type": [Function],
[38;2;0;95;95m[48;2;215;255;255m+               },
[38;2;0;95;95m[48;2;215;255;255m+               "leaveClass": Object {
[38;2;0;95;95m[48;2;215;255;255m+                 "type": [Function],
[38;2;0;95;95m[48;2;215;255;255m+               },
[38;2;0;95;95m[48;2;215;255;255m+               "leaveToClass": Object {
[38;2;0;95;95m[48;2;215;255;255m+                 "type": [Function],
[38;2;0;95;95m[48;2;215;255;255m+               },
[38;2;0;95;95m[48;2;215;255;255m+               "mode": Object {
[38;2;0;95;95m[48;2;215;255;255m+                 "type": [Function],
[38;2;0;95;95m[48;2;215;255;255m+               },
[38;2;0;95;95m[48;2;215;255;255m+               "name": Object {
[38;2;0;95;95m[48;2;215;255;255m+                 "type": [Function],
[38;2;0;95;95m[48;2;215;255;255m+               },
[38;2;0;95;95m[48;2;215;255;255m+               "type": Object {
[38;2;0;95;95m[48;2;215;255;255m+                 "type": [Function],
[38;2;0;95;95m[48;2;215;255;255m+               },
[38;2;0;95;95m[48;2;215;255;255m+             },
[38;2;0;95;95m[48;2;215;255;255m+             "render": [Function],
[38;2;0;95;95m[48;2;215;255;255m+           },
[38;2;0;95;95m[48;2;215;255;255m+           "TransitionGroup": Object {
[38;2;0;95;95m[48;2;215;255;255m+             "_Ctor": Object {
[38;2;0;95;95m[48;2;215;255;255m+               "1404": [Function],
[38;2;0;95;95m[48;2;215;255;255m+             },
[38;2;0;95;95m[48;2;215;255;255m+             "beforeMount": [Function],
[38;2;0;95;95m[48;2;215;255;255m+             "methods": Object {
[38;2;0;95;95m[48;2;215;255;255m+               "hasMove": [Function],
[38;2;0;95;95m[48;2;215;255;255m+             },
[38;2;0;95;95m[48;2;215;255;255m+             "props": Object {
[38;2;0;95;95m[48;2;215;255;255m+               "appear": Object {
[38;2;0;95;95m[48;2;215;255;255m+                 "type": [Function],
[38;2;0;95;95m[48;2;215;255;255m+               },
[38;2;0;95;95m[48;2;215;255;255m+               "appearActiveClass": Object {
[38;2;0;95;95m[48;2;215;255;255m+                 "type": [Function],
[38;2;0;95;95m[48;2;215;255;255m+               },
[38;2;0;95;95m[48;2;215;255;255m+               "appearClass": Object {
[38;2;0;95;95m[48;2;215;255;255m+                 "type": [Function],
[38;2;0;95;95m[48;2;215;255;255m+               },
[38;2;0;95;95m[48;2;215;255;255m+               "appearToClass": Object {
[38;2;0;95;95m[48;2;215;255;255m+                 "type": [Function],
[38;2;0;95;95m[48;2;215;255;255m+               },
[38;2;0;95;95m[48;2;215;255;255m+               "css": Object {
[38;2;0;95;95m[48;2;215;255;255m+                 "type": [Function],
[38;2;0;95;95m[48;2;215;255;255m+               },
[38;2;0;95;95m[48;2;215;255;255m+               "duration": Object {
[38;2;0;95;95m[48;2;215;255;255m+                 "type": Array [
[38;2;0;95;95m[48;2;215;255;255m+                   [Function],
[38;2;0;95;95m[48;2;215;255;255m+                   [Function],
[38;2;0;95;95m[48;2;215;255;255m+                   [Function],
[38;2;0;95;95m[48;2;215;255;255m+                 ],
[38;2;0;95;95m[48;2;215;255;255m+               },
[38;2;0;95;95m[48;2;215;255;255m+               "enterActiveClass": Object {
[38;2;0;95;95m[48;2;215;255;255m+                 "type": [Function],
[38;2;0;95;95m[48;2;215;255;255m+               },
[38;2;0;95;95m[48;2;215;255;255m+               "enterClass": Object {
[38;2;0;95;95m[48;2;215;255;255m+                 "type": [Function],
[38;2;0;95;95m[48;2;215;255;255m+               },
[38;2;0;95;95m[48;2;215;255;255m+               "enterToClass": Object {
[38;2;0;95;95m[48;2;215;255;255m+                 "type": [Function],
[38;2;0;95;95m[48;2;215;255;255m+               },
[38;2;0;95;95m[48;2;215;255;255m+               "leaveActiveClass": Object {
[38;2;0;95;95m[48;2;215;255;255m+                 "type": [Function],
[38;2;0;95;95m[48;2;215;255;255m+               },
[38;2;0;95;95m[48;2;215;255;255m+               "leaveClass": Object {
[38;2;0;95;95m[48;2;215;255;255m+                 "type": [Function],
[38;2;0;95;95m[48;2;215;255;255m+               },
[38;2;0;95;95m[48;2;215;255;255m+               "leaveToClass": Object {
[38;2;0;95;95m[48;2;215;255;255m+                 "type": [Function],
[38;2;0;95;95m[48;2;215;255;255m+               },
[38;2;0;95;95m[48;2;215;255;255m+               "moveClass": Object {
[38;2;0;95;95m[48;2;215;255;255m+                 "type": [Function],
[38;2;0;95;95m[48;2;215;255;255m+               },
[38;2;0;95;95m[48;2;215;255;255m+               "name": Object {
[38;2;0;95;95m[48;2;215;255;255m+                 "type": [Function],
[38;2;0;95;95m[48;2;215;255;255m+               },
[38;2;0;95;95m[48;2;215;255;255m+               "tag": Object {
[38;2;0;95;95m[48;2;215;255;255m+                 "type": [Function],
[38;2;0;95;95m[48;2;215;255;255m+               },
[38;2;0;95;95m[48;2;215;255;255m+               "type": Object {
[38;2;0;95;95m[48;2;215;255;255m+                 "type": [Function],
[38;2;0;95;95m[48;2;215;255;255m+               },
[38;2;0;95;95m[48;2;215;255;255m+             },
[38;2;0;95;95m[48;2;215;255;255m+             "render": [Function],
[38;2;0;95;95m[48;2;215;255;255m+             "updated": [Function],
[38;2;0;95;95m[48;2;215;255;255m+           },
[38;2;0;95;95m[48;2;215;255;255m+         },
[38;2;0;95;95m[48;2;215;255;255m+         "directives": Object {
[38;2;0;95;95m[48;2;215;255;255m+           "model": Object {
[38;2;0;95;95m[48;2;215;255;255m+             "componentUpdated": [Function],
[38;2;0;95;95m[48;2;215;255;255m+             "inserted": [Function],
[38;2;0;95;95m[48;2;215;255;255m+           },
[38;2;0;95;95m[48;2;215;255;255m+           "show": Object {
[38;2;0;95;95m[48;2;215;255;255m+             "bind": [Function],
[38;2;0;95;95m[48;2;215;255;255m+             "unbind": [Function],
[38;2;0;95;95m[48;2;215;255;255m+             "update": [Function],
[38;2;0;95;95m[48;2;215;255;255m+           },
[38;2;0;95;95m[48;2;215;255;255m+         },
[38;2;0;95;95m[48;2;215;255;255m+         "filters": Object {},
[38;2;0;95;95m[48;2;215;255;255m+       },
[38;2;0;95;95m[48;2;215;255;255m+       "use": [Function],
[38;2;0;95;95m[48;2;215;255;255m+       "util": Object {
[38;2;0;95;95m[48;2;215;255;255m+         "defineReactive": [Function],
[38;2;0;95;95m[48;2;215;255;255m+         "extend": [Function],
[38;2;0;95;95m[48;2;215;255;255m+         "mergeOptions": [Function],
[38;2;0;95;95m[48;2;215;255;255m+         "warn": [Function],
[38;2;0;95;95m[48;2;215;255;255m+       },
[38;2;0;95;95m[48;2;215;255;255m+       "version": "2.6.14",
[38;2;0;95;95m[48;2;215;255;255m+     },
[38;2;0;95;95m[48;2;215;255;255m+     "$parent": undefined,
[38;2;0;95;95m[48;2;215;255;255m+     "$refs": Object {},
[38;2;0;95;95m[48;2;215;255;255m+     "$root": [Circular],
[38;2;0;95;95m[48;2;215;255;255m+     "$scopedSlots": Object {},
[38;2;0;95;95m[48;2;215;255;255m+     "$slots": Object {},
[38;2;0;95;95m[48;2;215;255;255m+     "$vnode": undefined,
[38;2;0;95;95m[48;2;215;255;255m+     "__emitted": Object {},
[38;2;0;95;95m[48;2;215;255;255m+     "__emittedByOrder": Array [],
[38;2;0;95;95m[48;2;215;255;255m+     "_c": [Function],
[38;2;0;95;95m[48;2;215;255;255m+     "_data": Object {
[38;2;0;95;95m[48;2;215;255;255m+       "vueTestUtils_childProps": Object {},
[38;2;0;95;95m[48;2;215;255;255m+     },
[38;2;0;95;95m[48;2;215;255;255m+     "_directInactive": false,
[38;2;0;95;95m[48;2;215;255;255m+     "_events": Object {},
[38;2;0;95;95m[48;2;215;255;255m+     "_hasHookEvent": false,
[38;2;0;95;95m[48;2;215;255;255m+     "_inactive": null,
[38;2;0;95;95m[48;2;215;255;255m+     "_isBeingDestroyed": false,
[38;2;0;95;95m[48;2;215;255;255m+     "_isDestroyed": false,
[38;2;0;95;95m[48;2;215;255;255m+     "_isMounted": true,
[38;2;0;95;95m[48;2;215;255;255m+     "_isVue": true,
[38;2;0;95;95m[48;2;215;255;255m+     "_provided": Object {},
[38;2;0;95;95m[48;2;215;255;255m+     "_renderProxy": VueComponent {
[38;2;0;95;95m[48;2;215;255;255m+       "$attrs": Object {},
[38;2;0;95;95m[48;2;215;255;255m+       "$children": Array [
[38;2;0;95;95m[48;2;215;255;255m+         [Circular],
[38;2;0;95;95m[48;2;215;255;255m+       ],
[38;2;0;95;95m[48;2;215;255;255m+       "$createElement": [Function],
[38;2;0;95;95m[48;2;215;255;255m+       "$el": <div>
[38;2;0;95;95m[48;2;215;255;255m+         <b-dropdown
[38;2;0;95;95m[48;2;215;255;255m+           no-caret=""
[38;2;0;95;95m[48;2;215;255;255m+           right=""
[38;2;0;95;95m[48;2;215;255;255m+           size="lg"
[38;2;0;95;95m[48;2;215;255;255m+           variant="link"
[38;2;0;95;95m[48;2;215;255;255m+         >
[38;2;0;95;95m[48;2;215;255;255m+            
[38;2;0;95;95m[48;2;215;255;255m+           <b-dropdown-item>
[38;2;0;95;95m[48;2;215;255;255m+             <b-icon
[38;2;0;95;95m[48;2;215;255;255m+               icon="door-open"
[38;2;0;95;95m[48;2;215;255;255m+             />
[38;2;0;95;95m[48;2;215;255;255m+             
[38;2;0;95;95m[48;2;215;255;255m+       回到主页
[38;2;0;95;95m[48;2;215;255;255m+     
[38;2;0;95;95m[48;2;215;255;255m+           </b-dropdown-item>
[38;2;0;95;95m[48;2;215;255;255m+            
[38;2;0;95;95m[48;2;215;255;255m+           <b-dropdown-item>
[38;2;0;95;95m[48;2;215;255;255m+             <b-icon
[38;2;0;95;95m[48;2;215;255;255m+               icon="cursor-fill"
[38;2;0;95;95m[48;2;215;255;255m+             />
[38;2;0;95;95m[48;2;215;255;255m+             
[38;2;0;95;95m[48;2;215;255;255m+       注销用户
[38;2;0;95;95m[48;2;215;255;255m+     
[38;2;0;95;95m[48;2;215;255;255m+           </b-dropdown-item>
[38;2;0;95;95m[48;2;215;255;255m+         </b-dropdown>
[38;2;0;95;95m[48;2;215;255;255m+       </div>,
[38;2;0;95;95m[48;2;215;255;255m+       "$emit": [Function],
[38;2;0;95;95m[48;2;215;255;255m+       "$listeners": Object {},
[38;2;0;95;95m[48;2;215;255;255m+       "$options": Object {
[38;2;0;95;95m[48;2;215;255;255m+         "$_doNotStubChildren": true,
[38;2;0;95;95m[48;2;215;255;255m+         "$_isWrapperParent": true,
[38;2;0;95;95m[48;2;215;255;255m+         "_Ctor": Object {
[38;2;0;95;95m[48;2;215;255;255m+           "1404": [Function],
[38;2;0;95;95m[48;2;215;255;255m+         },
[38;2;0;95;95m[48;2;215;255;255m+         "_base": [Function],
[38;2;0;95;95m[48;2;215;255;255m+         "_installedPlugins": Array [
[38;2;0;95;95m[48;2;215;255;255m+           Object {
[38;2;0;95;95m[48;2;215;255;255m+             "install": [Function],
[38;2;0;95;95m[48;2;215;255;255m+           },
[38;2;0;95;95m[48;2;215;255;255m+           Object {
[38;2;0;95;95m[48;2;215;255;255m+             "install": [Function],
[38;2;0;95;95m[48;2;215;255;255m+           },
[38;2;0;95;95m[48;2;215;255;255m+           Object {
[38;2;0;95;95m[48;2;215;255;255m+             "install": [Function],
[38;2;0;95;95m[48;2;215;255;255m+           },
[38;2;0;95;95m[48;2;215;255;255m+           Object {
[38;2;0;95;95m[48;2;215;255;255m+             "install": [Function],
[38;2;0;95;95m[48;2;215;255;255m+           },
[38;2;0;95;95m[48;2;215;255;255m+           Object {
[38;2;0;95;95m[48;2;215;255;255m+             "install": [Function],
[38;2;0;95;95m[48;2;215;255;255m+           },
[38;2;0;95;95m[48;2;215;255;255m+           Object {
[38;2;0;95;95m[48;2;215;255;255m+             "install": [Function],
[38;2;0;95;95m[48;2;215;255;255m+           },
[38;2;0;95;95m[48;2;215;255;255m+           Object {
[38;2;0;95;95m[48;2;215;255;255m+             "install": [Function],
[38;2;0;95;95m[48;2;215;255;255m+           },
[38;2;0;95;95m[48;2;215;255;255m+           Object {
[38;2;0;95;95m[48;2;215;255;255m+             "install": [Function],
[38;2;0;95;95m[48;2;215;255;255m+           },
[38;2;0;95;95m[48;2;215;255;255m+           Object {
[38;2;0;95;95m[48;2;215;255;255m+             "install": [Function],
[38;2;0;95;95m[48;2;215;255;255m+           },
[38;2;0;95;95m[48;2;215;255;255m+           Object {
[38;2;0;95;95m[48;2;215;255;255m+             "install": [Function],
[38;2;0;95;95m[48;2;215;255;255m+           },
[38;2;0;95;95m[48;2;215;255;255m+           Object {
[38;2;0;95;95m[48;2;215;255;255m+             "install": [Function],
[38;2;0;95;95m[48;2;215;255;255m+           },
[38;2;0;95;95m[48;2;215;255;255m+           Object {
[38;2;0;95;95m[48;2;215;255;255m+             "install": [Function],
[38;2;0;95;95m[48;2;215;255;255m+           },
[38;2;0;95;95m[48;2;215;255;255m+           Object {
[38;2;0;95;95m[48;2;215;255;255m+             "install": [Function],
[38;2;0;95;95m[48;2;215;255;255m+           },
[38;2;0;95;95m[48;2;215;255;255m+           Object {
[38;2;0;95;95m[48;2;215;255;255m+             "install": [Function],
[38;2;0;95;95m[48;2;215;255;255m+           },
[38;2;0;95;95m[48;2;215;255;255m+           Object {
[38;2;0;95;95m[48;2;215;255;255m+             "install": [Function],
[38;2;0;95;95m[48;2;215;255;255m+           },
[38;2;0;95;95m[48;2;215;255;255m+           Object {
[38;2;0;95;95m[48;2;215;255;255m+             "install": [Function],
[38;2;0;95;95m[48;2;215;255;255m+           },
[38;2;0;95;95m[48;2;215;255;255m+           Object {
[38;2;0;95;95m[48;2;215;255;255m+             "install": [Function],
[38;2;0;95;95m[48;2;215;255;255m+           },
[38;2;0;95;95m[48;2;215;255;255m+           Object {
[38;2;0;95;95m[48;2;215;255;255m+             "install": [Function],
[38;2;0;95;95m[48;2;215;255;255m+           },
[38;2;0;95;95m[48;2;215;255;255m+           Object {
[38;2;0;95;95m[48;2;215;255;255m+             "install": [Function],
[38;2;0;95;95m[48;2;215;255;255m+           },
[38;2;0;95;95m[48;2;215;255;255m+           Object {
[38;2;0;95;95m[48;2;215;255;255m+             "install": [Function],
[38;2;0;95;95m[48;2;215;255;255m+           },
[38;2;0;95;95m[48;2;215;255;255m+           Object {
[38;2;0;95;95m[48;2;215;255;255m+             "install": [Function],
[38;2;0;95;95m[48;2;215;255;255m+           },
[38;2;0;95;95m[48;2;215;255;255m+           Object {
[38;2;0;95;95m[48;2;215;255;255m+             "install": [Function],
[38;2;0;95;95m[48;2;215;255;255m+           },
[38;2;0;95;95m[48;2;215;255;255m+           Object {
[38;2;0;95;95m[48;2;215;255;255m+             "install": [Function],
[38;2;0;95;95m[48;2;215;255;255m+           },
[38;2;0;95;95m[48;2;215;255;255m+           Object {
[38;2;0;95;95m[48;2;215;255;255m+             "install": [Function],
[38;2;0;95;95m[48;2;215;255;255m+           },
[38;2;0;95;95m[48;2;215;255;255m+           Object {
[38;2;0;95;95m[48;2;215;255;255m+             "install": [Function],
[38;2;0;95;95m[48;2;215;255;255m+           },
[38;2;0;95;95m[48;2;215;255;255m+           Object {
[38;2;0;95;95m[48;2;215;255;255m+             "install": [Function],
[38;2;0;95;95m[48;2;215;255;255m+           },
[38;2;0;95;95m[48;2;215;255;255m+           Object {
[38;2;0;95;95m[48;2;215;255;255m+             "install": [Function],
[38;2;0;95;95m[48;2;215;255;255m+           },
[38;2;0;95;95m[48;2;215;255;255m+           Object {
[38;2;0;95;95m[48;2;215;255;255m+             "install": [Function],
[38;2;0;95;95m[48;2;215;255;255m+           },
[38;2;0;95;95m[48;2;215;255;255m+           Object {
[38;2;0;95;95m[48;2;215;255;255m+             "install": [Function],
[38;2;0;95;95m[48;2;215;255;255m+           },
[38;2;0;95;95m[48;2;215;255;255m+           Object {
[38;2;0;95;95m[48;2;215;255;255m+             "install": [Function],
[38;2;0;95;95m[48;2;215;255;255m+           },
[38;2;0;95;95m[48;2;215;255;255m+           Object {
[38;2;0;95;95m[48;2;215;255;255m+             "install": [Function],
[38;2;0;95;95m[48;2;215;255;255m+           },
[38;2;0;95;95m[48;2;215;255;255m+           Object {
[38;2;0;95;95m[48;2;215;255;255m+             "install": [Function],
[38;2;0;95;95m[48;2;215;255;255m+           },
[38;2;0;95;95m[48;2;215;255;255m+           Object {
[38;2;0;95;95m[48;2;215;255;255m+             "install": [Function],
[38;2;0;95;95m[48;2;215;255;255m+           },
[38;2;0;95;95m[48;2;215;255;255m+           Object {
[38;2;0;95;95m[48;2;215;255;255m+             "install": [Function],
[38;2;0;95;95m[48;2;215;255;255m+           },
[38;2;0;95;95m[48;2;215;255;255m+           Object {
[38;2;0;95;95m[48;2;215;255;255m+             "install": [Function],
[38;2;0;95;95m[48;2;215;255;255m+           },
[38;2;0;95;95m[48;2;215;255;255m+           [Function],
[38;2;0;95;95m[48;2;215;255;255m+           Object {
[38;2;0;95;95m[48;2;215;255;255m+             "install": [Function],
[38;2;0;95;95m[48;2;215;255;255m+           },
[38;2;0;95;95m[48;2;215;255;255m+           Object {
[38;2;0;95;95m[48;2;215;255;255m+             "install": [Function],
[38;2;0;95;95m[48;2;215;255;255m+           },
[38;2;0;95;95m[48;2;215;255;255m+           Object {
[38;2;0;95;95m[48;2;215;255;255m+             "install": [Function],
[38;2;0;95;95m[48;2;215;255;255m+           },
[38;2;0;95;95m[48;2;215;255;255m+           Object {
[38;2;0;95;95m[48;2;215;255;255m+             "install": [Function],
[38;2;0;95;95m[48;2;215;255;255m+           },
[38;2;0;95;95m[48;2;215;255;255m+           Object {
[38;2;0;95;95m[48;2;215;255;255m+             "install": [Function],
[38;2;0;95;95m[48;2;215;255;255m+           },
[38;2;0;95;95m[48;2;215;255;255m+           Object {
[38;2;0;95;95m[48;2;215;255;255m+             "install": [Function],
[38;2;0;95;95m[48;2;215;255;255m+           },
[38;2;0;95;95m[48;2;215;255;255m+           Object {
[38;2;0;95;95m[48;2;215;255;255m+             "install": [Function],
[38;2;0;95;95m[48;2;215;255;255m+           },
[38;2;0;95;95m[48;2;215;255;255m+           Object {
[38;2;0;95;95m[48;2;215;255;255m+             "install": [Function],
[38;2;0;95;95m[48;2;215;255;255m+           },
[38;2;0;95;95m[48;2;215;255;255m+           Object {
[38;2;0;95;95m[48;2;215;255;255m+             "install": [Function],
[38;2;0;95;95m[48;2;215;255;255m+           },
[38;2;0;95;95m[48;2;215;255;255m+           Object {
[38;2;0;95;95m[48;2;215;255;255m+             "install": [Function],
[38;2;0;95;95m[48;2;215;255;255m+           },
[38;2;0;95;95m[48;2;215;255;255m+           Object {
[38;2;0;95;95m[48;2;215;255;255m+             "install": [Function],
[38;2;0;95;95m[48;2;215;255;255m+           },
[38;2;0;95;95m[48;2;215;255;255m+           Object {
[38;2;0;95;95m[48;2;215;255;255m+             "install": [Function],
[38;2;0;95;95m[48;2;215;255;255m+           },
[38;2;0;95;95m[48;2;215;255;255m+           Object {
[38;2;0;95;95m[48;2;215;255;255m+             "install": [Function],
[38;2;0;95;95m[48;2;215;255;255m+           },
[38;2;0;95;95m[48;2;215;255;255m+           Object {
[38;2;0;95;95m[48;2;215;255;255m+             "install": [Function],
[38;2;0;95;95m[48;2;215;255;255m+           },
[38;2;0;95;95m[48;2;215;255;255m+           Object {
[38;2;0;95;95m[48;2;215;255;255m+             "install": [Function],
[38;2;0;95;95m[48;2;215;255;255m+           },
[38;2;0;95;95m[48;2;215;255;255m+           Object {
[38;2;0;95;95m[48;2;215;255;255m+             "install": [Function],
[38;2;0;95;95m[48;2;215;255;255m+           },
[38;2;0;95;95m[48;2;215;255;255m+           Object {
[38;2;0;95;95m[48;2;215;255;255m+             "install": [Function],
[38;2;0;95;95m[48;2;215;255;255m+           },
[38;2;0;95;95m[48;2;215;255;255m+           Object {
[38;2;0;95;95m[48;2;215;255;255m+             "install": [Function],
[38;2;0;95;95m[48;2;215;255;255m+           },
[38;2;0;95;95m[48;2;215;255;255m+           [Function],
[38;2;0;95;95m[48;2;215;255;255m+           Object {
[38;2;0;95;95m[48;2;215;255;255m+             "install": [Function],
[38;2;0;95;95m[48;2;215;255;255m+           },
[38;2;0;95;95m[48;2;215;255;255m+           Object {
[38;2;0;95;95m[48;2;215;255;255m+             "install": [Function],
[38;2;0;95;95m[48;2;215;255;255m+           },
[38;2;0;95;95m[48;2;215;255;255m+           Object {
[38;2;0;95;95m[48;2;215;255;255m+             "install": [Function],
[38;2;0;95;95m[48;2;215;255;255m+           },
[38;2;0;95;95m[48;2;215;255;255m+           Object {
[38;2;0;95;95m[48;2;215;255;255m+             "install": [Function],
[38;2;0;95;95m[48;2;215;255;255m+           },
[38;2;0;95;95m[48;2;215;255;255m+           Object {
[38;2;0;95;95m[48;2;215;255;255m+             "install": [Function],
[38;2;0;95;95m[48;2;215;255;255m+           },
[38;2;0;95;95m[48;2;215;255;255m+           Object {
[38;2;0;95;95m[48;2;215;255;255m+             "install": [Function],
[38;2;0;95;95m[48;2;215;255;255m+           },
[38;2;0;95;95m[48;2;215;255;255m+           Object {
[38;2;0;95;95m[48;2;215;255;255m+             "install": [Function],
[38;2;0;95;95m[48;2;215;255;255m+           },
[38;2;0;95;95m[48;2;215;255;255m+           Object {
[38;2;0;95;95m[48;2;215;255;255m+             "install": [Function],
[38;2;0;95;95m[48;2;215;255;255m+           },
[38;2;0;95;95m[48;2;215;255;255m+           Object {
[38;2;0;95;95m[48;2;215;255;255m+             "install": [Function],
[38;2;0;95;95m[48;2;215;255;255m+           },
[38;2;0;95;95m[48;2;215;255;255m+           Object {
[38;2;0;95;95m[48;2;215;255;255m+             "install": [Function],
[38;2;0;95;95m[48;2;215;255;255m+           },
[38;2;0;95;95m[48;2;215;255;255m+           Object {
[38;2;0;95;95m[48;2;215;255;255m+             "NAME": "BootstrapVue",
[38;2;0;95;95m[48;2;215;255;255m+             "install": [Function],
[38;2;0;95;95m[48;2;215;255;255m+           },
[38;2;0;95;95m[48;2;215;255;255m+         ],
[38;2;0;95;95m[48;2;215;255;255m+         "_isFunctionalContainer": undefined,
[38;2;0;95;95m[48;2;215;255;255m+         "beforeCreate": Array [
[38;2;0;95;95m[48;2;215;255;255m+           [Function],
[38;2;0;95;95m[48;2;215;255;255m+           [Function],
[38;2;0;95;95m[48;2;215;255;255m+           [Function],
[38;2;0;95;95m[48;2;215;255;255m+         ],
[38;2;0;95;95m[48;2;215;255;255m+         "cid": 1398,
[38;2;0;95;95m[48;2;215;255;255m+         "component": [Function],
[38;2;0;95;95m[48;2;215;255;255m+         "components": Object {
[38;2;0;95;95m[48;2;215;255;255m+           "transition": Object {
[38;2;0;95;95m[48;2;215;255;255m+             "$_doNotStubChildren": true,
[38;2;0;95;95m[48;2;215;255;255m+             "$_vueTestUtils_original": Object {
[38;2;0;95;95m[48;2;215;255;255m+               "_Ctor": Object {
[38;2;0;95;95m[48;2;215;255;255m+                 "1404": [Function],
[38;2;0;95;95m[48;2;215;255;255m+               },
[38;2;0;95;95m[48;2;215;255;255m+               "abstract": true,
[38;2;0;95;95m[48;2;215;255;255m+               "name": "transition",
[38;2;0;95;95m[48;2;215;255;255m+               "props": Object {
[38;2;0;95;95m[48;2;215;255;255m+                 "appear": Object {
[38;2;0;95;95m[48;2;215;255;255m+                   "type": [Function],
[38;2;0;95;95m[48;2;215;255;255m+                 },
[38;2;0;95;95m[48;2;215;255;255m+                 "appearActiveClass": Object {
[38;2;0;95;95m[48;2;215;255;255m+                   "type": [Function],
[38;2;0;95;95m[48;2;215;255;255m+                 },
[38;2;0;95;95m[48;2;215;255;255m+                 "appearClass": Object {
[38;2;0;95;95m[48;2;215;255;255m+                   "type": [Function],
[38;2;0;95;95m[48;2;215;255;255m+                 },
[38;2;0;95;95m[48;2;215;255;255m+                 "appearToClass": Object {
[38;2;0;95;95m[48;2;215;255;255m+                   "type": [Function],
[38;2;0;95;95m[48;2;215;255;255m+                 },
[38;2;0;95;95m[48;2;215;255;255m+                 "css": Object {
[38;2;0;95;95m[48;2;215;255;255m+                   "type": [Function],
[38;2;0;95;95m[48;2;215;255;255m+                 },
[38;2;0;95;95m[48;2;215;255;255m+                 "duration": Object {
[38;2;0;95;95m[48;2;215;255;255m+                   "type": Array [
[38;2;0;95;95m[48;2;215;255;255m+                     [Function],
[38;2;0;95;95m[48;2;215;255;255m+                     [Function],
[38;2;0;95;95m[48;2;215;255;255m+                     [Function],
[38;2;0;95;95m[48;2;215;255;255m+                   ],
[38;2;0;95;95m[48;2;215;255;255m+                 },
[38;2;0;95;95m[48;2;215;255;255m+                 "enterActiveClass": Object {
[38;2;0;95;95m[48;2;215;255;255m+                   "type": [Function],
[38;2;0;95;95m[48;2;215;255;255m+                 },
[38;2;0;95;95m[48;2;215;255;255m+                 "enterClass": Object {
[38;2;0;95;95m[48;2;215;255;255m+                   "type": [Function],
[38;2;0;95;95m[48;2;215;255;255m+                 },
[38;2;0;95;95m[48;2;215;255;255m+                 "enterToClass": Object {
[38;2;0;95;95m[48;2;215;255;255m+                   "type": [Function],
[38;2;0;95;95m[48;2;215;255;255m+                 },
[38;2;0;95;95m[48;2;215;255;255m+                 "leaveActiveClass": Object {
[38;2;0;95;95m[48;2;215;255;255m+                   "type": [Function],
[38;2;0;95;95m[48;2;215;255;255m+                 },
[38;2;0;95;95m[48;2;215;255;255m+                 "leaveClass": Object {
[38;2;0;95;95m[48;2;215;255;255m+                   "type": [Function],
[38;2;0;95;95m[48;2;215;255;255m+                 },
[38;2;0;95;95m[48;2;215;255;255m+                 "leaveToClass": Object {
[38;2;0;95;95m[48;2;215;255;255m+                   "type": [Function],
[38;2;0;95;95m[48;2;215;255;255m+                 },
[38;2;0;95;95m[48;2;215;255;255m+                 "mode": Object {
[38;2;0;95;95m[48;2;215;255;255m+                   "type": [Function],
[38;2;0;95;95m[48;2;215;255;255m+                 },
[38;2;0;95;95m[48;2;215;255;255m+                 "name": Object {
[38;2;0;95;95m[48;2;215;255;255m+                   "type": [Function],
[38;2;0;95;95m[48;2;215;255;255m+                 },
[38;2;0;95;95m[48;2;215;255;255m+                 "type": Object {
[38;2;0;95;95m[48;2;215;255;255m+                   "type": [Function],
[38;2;0;95;95m[48;2;215;255;255m+                 },
[38;2;0;95;95m[48;2;215;255;255m+               },
[38;2;0;95;95m[48;2;215;255;255m+               "render": [Function],
[38;2;0;95;95m[48;2;215;255;255m+             },
[38;2;0;95;95m[48;2;215;255;255m+             "abstract": true,
[38;2;0;95;95m[48;2;215;255;255m+             "attrs": undefined,
[38;2;0;95;95m[48;2;215;255;255m+             "class": undefined,
[38;2;0;95;95m[48;2;215;255;255m+             "domProps": undefined,
[38;2;0;95;95m[48;2;215;255;255m+             "functional": undefined,
[38;2;0;95;95m[48;2;215;255;255m+             "key": undefined,
[38;2;0;95;95m[48;2;215;255;255m+             "model": undefined,
[38;2;0;95;95m[48;2;215;255;255m+             "name": "transition",
[38;2;0;95;95m[48;2;215;255;255m+             "nativeOn": undefined,
[38;2;0;95;95m[48;2;215;255;255m+             "normalizedStyle": undefined,
[38;2;0;95;95m[48;2;215;255;255m+             "on": undefined,
[38;2;0;95;95m[48;2;215;255;255m+             "props": Object {
[38;2;0;95;95m[48;2;215;255;255m+               "appear": Object {
[38;2;0;95;95m[48;2;215;255;255m+                 "type": [Function],
[38;2;0;95;95m[48;2;215;255;255m+               },
[38;2;0;95;95m[48;2;215;255;255m+               "appearActiveClass": Object {
[38;2;0;95;95m[48;2;215;255;255m+                 "type": [Function],
[38;2;0;95;95m[48;2;215;255;255m+               },
[38;2;0;95;95m[48;2;215;255;255m+               "appearClass": Object {
[38;2;0;95;95m[48;2;215;255;255m+                 "type": [Function],
[38;2;0;95;95m[48;2;215;255;255m+               },
[38;2;0;95;95m[48;2;215;255;255m+               "appearToClass": Object {
[38;2;0;95;95m[48;2;215;255;255m+                 "type": [Function],
[38;2;0;95;95m[48;2;215;255;255m+               },
[38;2;0;95;95m[48;2;215;255;255m+               "css": Object {
[38;2;0;95;95m[48;2;215;255;255m+                 "type": [Function],
[38;2;0;95;95m[48;2;215;255;255m+               },
[38;2;0;95;95m[48;2;215;255;255m+               "duration": Object {
[38;2;0;95;95m[48;2;215;255;255m+                 "type": Array [
[38;2;0;95;95m[48;2;215;255;255m+                   [Function],
[38;2;0;95;95m[48;2;215;255;255m+                   [Function],
[38;2;0;95;95m[48;2;215;255;255m+                   [Function],
[38;2;0;95;95m[48;2;215;255;255m+                 ],
[38;2;0;95;95m[48;2;215;255;255m+               },
[38;2;0;95;95m[48;2;215;255;255m+               "enterActiveClass": Object {
[38;2;0;95;95m[48;2;215;255;255m+                 "type": [Function],
[38;2;0;95;95m[48;2;215;255;255m+               },
[38;2;0;95;95m[48;2;215;255;255m+               "enterClass": Object {
[38;2;0;95;95m[48;2;215;255;255m+                 "type": [Function],
[38;2;0;95;95m[48;2;215;255;255m+               },
[38;2;0;95;95m[48;2;215;255;255m+               "enterToClass": Object {
[38;2;0;95;95m[48;2;215;255;255m+                 "type": [Function],
[38;2;0;95;95m[48;2;215;255;255m+               },
[38;2;0;95;95m[48;2;215;255;255m+               "leaveActiveClass": Object {
[38;2;0;95;95m[48;2;215;255;255m+                 "type": [Function],
[38;2;0;95;95m[48;2;215;255;255m+               },
[38;2;0;95;95m[48;2;215;255;255m+               "leaveClass": Object {
[38;2;0;95;95m[48;2;215;255;255m+                 "type": [Function],
[38;2;0;95;95m[48;2;215;255;255m+               },
[38;2;0;95;95m[48;2;215;255;255m+               "leaveToClass": Object {
[38;2;0;95;95m[48;2;215;255;255m+                 "type": [Function],
[38;2;0;95;95m[48;2;215;255;255m+               },
[38;2;0;95;95m[48;2;215;255;255m+               "mode": Object {
[38;2;0;95;95m[48;2;215;255;255m+                 "type": [Function],
[38;2;0;95;95m[48;2;215;255;255m+               },
[38;2;0;95;95m[48;2;215;255;255m+               "name": Object {
[38;2;0;95;95m[48;2;215;255;255m+                 "type": [Function],
[38;2;0;95;95m[48;2;215;255;255m+               },
[38;2;0;95;95m[48;2;215;255;255m+               "type": Object {
[38;2;0;95;95m[48;2;215;255;255m+                 "type": [Function],
[38;2;0;95;95m[48;2;215;255;255m+               },
[38;2;0;95;95m[48;2;215;255;255m+             },
[38;2;0;95;95m[48;2;215;255;255m+             "render": [Function],
[38;2;0;95;95m[48;2;215;255;255m+             "staticClass": undefined,
[38;2;0;95;95m[48;2;215;255;255m+             "staticStyle": undefined,
[38;2;0;95;95m[48;2;215;255;255m+             "style": undefined,
[38;2;0;95;95m[48;2;215;255;255m+           },
[38;2;0;95;95m[48;2;215;255;255m+           "transition-group": Object {
[38;2;0;95;95m[48;2;215;255;255m+             "$_doNotStubChildren": true,
[38;2;0;95;95m[48;2;215;255;255m+             "$_vueTestUtils_original": Object {
[38;2;0;95;95m[48;2;215;255;255m+               "_Ctor": Object {
[38;2;0;95;95m[48;2;215;255;255m+                 "1404": [Function],
[38;2;0;95;95m[48;2;215;255;255m+               },
[38;2;0;95;95m[48;2;215;255;255m+               "beforeMount": [Function],
[38;2;0;95;95m[48;2;215;255;255m+               "methods": Object {
[38;2;0;95;95m[48;2;215;255;255m+                 "hasMove": [Function],
[38;2;0;95;95m[48;2;215;255;255m+               },
[38;2;0;95;95m[48;2;215;255;255m+               "props": Object {
[38;2;0;95;95m[48;2;215;255;255m+                 "appear": Object {
[38;2;0;95;95m[48;2;215;255;255m+                   "type": [Function],
[38;2;0;95;95m[48;2;215;255;255m+                 },
[38;2;0;95;95m[48;2;215;255;255m+                 "appearActiveClass": Object {
[38;2;0;95;95m[48;2;215;255;255m+                   "type": [Function],
[38;2;0;95;95m[48;2;215;255;255m+                 },
[38;2;0;95;95m[48;2;215;255;255m+                 "appearClass": Object {
[38;2;0;95;95m[48;2;215;255;255m+                   "type": [Function],
[38;2;0;95;95m[48;2;215;255;255m+                 },
[38;2;0;95;95m[48;2;215;255;255m+                 "appearToClass": Object {
[38;2;0;95;95m[48;2;215;255;255m+                   "type": [Function],
[38;2;0;95;95m[48;2;215;255;255m+                 },
[38;2;0;95;95m[48;2;215;255;255m+                 "css": Object {
[38;2;0;95;95m[48;2;215;255;255m+                   "type": [Function],
[38;2;0;95;95m[48;2;215;255;255m+                 },
[38;2;0;95;95m[48;2;215;255;255m+                 "duration": Object {
[38;2;0;95;95m[48;2;215;255;255m+                   "type": Array [
[38;2;0;95;95m[48;2;215;255;255m+                     [Function],
[38;2;0;95;95m[48;2;215;255;255m+                     [Function],
[38;2;0;95;95m[48;2;215;255;255m+                     [Function],
[38;2;0;95;95m[48;2;215;255;255m+                   ],
[38;2;0;95;95m[48;2;215;255;255m+                 },
[38;2;0;95;95m[48;2;215;255;255m+                 "enterActiveClass": Object {
[38;2;0;95;95m[48;2;215;255;255m+                   "type": [Function],
[38;2;0;95;95m[48;2;215;255;255m+                 },
[38;2;0;95;95m[48;2;215;255;255m+                 "enterClass": Object {
[38;2;0;95;95m[48;2;215;255;255m+                   "type": [Function],
[38;2;0;95;95m[48;2;215;255;255m+                 },
[38;2;0;95;95m[48;2;215;255;255m+                 "enterToClass": Object {
[38;2;0;95;95m[48;2;215;255;255m+                   "type": [Function],
[38;2;0;95;95m[48;2;215;255;255m+                 },
[38;2;0;95;95m[48;2;215;255;255m+                 "leaveActiveClass": Object {
[38;2;0;95;95m[48;2;215;255;255m+                   "type": [Function],
[38;2;0;95;95m[48;2;215;255;255m+                 },
[38;2;0;95;95m[48;2;215;255;255m+                 "leaveClass": Object {
[38;2;0;95;95m[48;2;215;255;255m+                   "type": [Function],
[38;2;0;95;95m[48;2;215;255;255m+                 },
[38;2;0;95;95m[48;2;215;255;255m+                 "leaveToClass": Object {
[38;2;0;95;95m[48;2;215;255;255m+                   "type": [Function],
[38;2;0;95;95m[48;2;215;255;255m+                 },
[38;2;0;95;95m[48;2;215;255;255m+                 "moveClass": Object {
[38;2;0;95;95m[48;2;215;255;255m+                   "type": [Function],
[38;2;0;95;95m[48;2;215;255;255m+                 },
[38;2;0;95;95m[48;2;215;255;255m+                 "name": Object {
[38;2;0;95;95m[48;2;215;255;255m+                   "type": [Function],
[38;2;0;95;95m[48;2;215;255;255m+                 },
[38;2;0;95;95m[48;2;215;255;255m+                 "tag": Object {
[38;2;0;95;95m[48;2;215;255;255m+                   "type": [Function],
[38;2;0;95;95m[48;2;215;255;255m+                 },
[38;2;0;95;95m[48;2;215;255;255m+                 "type": Object {
[38;2;0;95;95m[48;2;215;255;255m+                   "type": [Function],
[38;2;0;95;95m[48;2;215;255;255m+                 },
[38;2;0;95;95m[48;2;215;255;255m+               },
[38;2;0;95;95m[48;2;215;255;255m+               "render": [Function],
[38;2;0;95;95m[48;2;215;255;255m+               "updated": [Function],
[38;2;0;95;95m[48;2;215;255;255m+             },
[38;2;0;95;95m[48;2;215;255;255m+             "abstract": undefined,
[38;2;0;95;95m[48;2;215;255;255m+             "attrs": undefined,
[38;2;0;95;95m[48;2;215;255;255m+             "class": undefined,
[38;2;0;95;95m[48;2;215;255;255m+             "domProps": undefined,
[38;2;0;95;95m[48;2;215;255;255m+             "functional": undefined,
[38;2;0;95;95m[48;2;215;255;255m+             "key": undefined,
[38;2;0;95;95m[48;2;215;255;255m+             "model": undefined,
[38;2;0;95;95m[48;2;215;255;255m+             "name": undefined,
[38;2;0;95;95m[48;2;215;255;255m+             "nativeOn": undefined,
[38;2;0;95;95m[48;2;215;255;255m+             "normalizedStyle": undefined,
[38;2;0;95;95m[48;2;215;255;255m+             "on": undefined,
[38;2;0;95;95m[48;2;215;255;255m+             "props": Object {
[38;2;0;95;95m[48;2;215;255;255m+               "appear": Object {
[38;2;0;95;95m[48;2;215;255;255m+                 "type": [Function],
[38;2;0;95;95m[48;2;215;255;255m+               },
[38;2;0;95;95m[48;2;215;255;255m+               "appearActiveClass": Object {
[38;2;0;95;95m[48;2;215;255;255m+                 "type": [Function],
[38;2;0;95;95m[48;2;215;255;255m+               },
[38;2;0;95;95m[48;2;215;255;255m+               "appearClass": Object {
[38;2;0;95;95m[48;2;215;255;255m+                 "type": [Function],
[38;2;0;95;95m[48;2;215;255;255m+               },
[38;2;0;95;95m[48;2;215;255;255m+               "appearToClass": Object {
[38;2;0;95;95m[48;2;215;255;255m+                 "type": [Function],
[38;2;0;95;95m[48;2;215;255;255m+               },
[38;2;0;95;95m[48;2;215;255;255m+               "css": Object {
[38;2;0;95;95m[48;2;215;255;255m+                 "type": [Function],
[38;2;0;95;95m[48;2;215;255;255m+               },
[38;2;0;95;95m[48;2;215;255;255m+               "duration": Object {
[38;2;0;95;95m[48;2;215;255;255m+                 "type": Array [
[38;2;0;95;95m[48;2;215;255;255m+                   [Function],
[38;2;0;95;95m[48;2;215;255;255m+                   [Function],
[38;2;0;95;95m[48;2;215;255;255m+                   [Function],
[38;2;0;95;95m[48;2;215;255;255m+                 ],
[38;2;0;95;95m[48;2;215;255;255m+               },
[38;2;0;95;95m[48;2;215;255;255m+               "enterActiveClass": Object {
[38;2;0;95;95m[48;2;215;255;255m+                 "type": [Function],
[38;2;0;95;95m[48;2;215;255;255m+               },
[38;2;0;95;95m[48;2;215;255;255m+               "enterClass": Object {
[38;2;0;95;95m[48;2;215;255;255m+                 "type": [Function],
[38;2;0;95;95m[48;2;215;255;255m+               },
[38;2;0;95;95m[48;2;215;255;255m+               "enterToClass": Object {
[38;2;0;95;95m[48;2;215;255;255m+                 "type": [Function],
[38;2;0;95;95m[48;2;215;255;255m+               },
[38;2;0;95;95m[48;2;215;255;255m+               "leaveActiveClass": Object {
[38;2;0;95;95m[48;2;215;255;255m+                 "type": [Function],
[38;2;0;95;95m[48;2;215;255;255m+               },
[38;2;0;95;95m[48;2;215;255;255m+               "leaveClass": Object {
[38;2;0;95;95m[48;2;215;255;255m+                 "type": [Function],
[38;2;0;95;95m[48;2;215;255;255m+               },
[38;2;0;95;95m[48;2;215;255;255m+               "leaveToClass": Object {
[38;2;0;95;95m[48;2;215;255;255m+                 "type": [Function],
[38;2;0;95;95m[48;2;215;255;255m+               },
[38;2;0;95;95m[48;2;215;255;255m+               "moveClass": Object {
[38;2;0;95;95m[48;2;215;255;255m+                 "type": [Function],
[38;2;0;95;95m[48;2;215;255;255m+               },
[38;2;0;95;95m[48;2;215;255;255m+               "name": Object {
[38;2;0;95;95m[48;2;215;255;255m+                 "type": [Function],
[38;2;0;95;95m[48;2;215;255;255m+               },
[38;2;0;95;95m[48;2;215;255;255m+               "tag": Object {
[38;2;0;95;95m[48;2;215;255;255m+                 "type": [Function],
[38;2;0;95;95m[48;2;215;255;255m+               },
[38;2;0;95;95m[48;2;215;255;255m+               "type": Object {
[38;2;0;95;95m[48;2;215;255;255m+                 "type": [Function],
[38;2;0;95;95m[48;2;215;255;255m+               },
[38;2;0;95;95m[48;2;215;255;255m+             },
[38;2;0;95;95m[48;2;215;255;255m+             "render": [Function],
[38;2;0;95;95m[48;2;215;255;255m+             "staticClass": undefined,
[38;2;0;95;95m[48;2;215;255;255m+             "staticStyle": undefined,
[38;2;0;95;95m[48;2;215;255;255m+             "style": undefined,
[38;2;0;95;95m[48;2;215;255;255m+           },
[38;2;0;95;95m[48;2;215;255;255m+         },
[38;2;0;95;95m[48;2;215;255;255m+         "config": Object {
[38;2;0;95;95m[48;2;215;255;255m+           "_lifecycleHooks": Array [
[38;2;0;95;95m[48;2;215;255;255m+             "beforeCreate",
[38;2;0;95;95m[48;2;215;255;255m+             "created",
[38;2;0;95;95m[48;2;215;255;255m+             "beforeMount",
[38;2;0;95;95m[48;2;215;255;255m+             "mounted",
[38;2;0;95;95m[48;2;215;255;255m+             "beforeUpdate",
[38;2;0;95;95m[48;2;215;255;255m+             "updated",
[38;2;0;95;95m[48;2;215;255;255m+             "beforeDestroy",
[38;2;0;95;95m[48;2;215;255;255m+             "destroyed",
[38;2;0;95;95m[48;2;215;255;255m+             "activated",
[38;2;0;95;95m[48;2;215;255;255m+             "deactivated",
[38;2;0;95;95m[48;2;215;255;255m+             "errorCaptured",
[38;2;0;95;95m[48;2;215;255;255m+             "serverPrefetch",
[38;2;0;95;95m[48;2;215;255;255m+           ],
[38;2;0;95;95m[48;2;215;255;255m+           "async": true,
[38;2;0;95;95m[48;2;215;255;255m+           "devtools": false,
[38;2;0;95;95m[48;2;215;255;255m+           "errorHandler": undefined,
[38;2;0;95;95m[48;2;215;255;255m+           "getTagNamespace": [Function],
[38;2;0;95;95m[48;2;215;255;255m+           "ignoredElements": Array [],
[38;2;0;95;95m[48;2;215;255;255m+           "isReservedAttr": [Function],
[38;2;0;95;95m[48;2;215;255;255m+           "isReservedTag": [Function],
[38;2;0;95;95m[48;2;215;255;255m+           "isUnknownElement": [Function],
[38;2;0;95;95m[48;2;215;255;255m+           "keyCodes": Object {},
[38;2;0;95;95m[48;2;215;255;255m+           "mustUseProp": [Function],
[38;2;0;95;95m[48;2;215;255;255m+           "optionMergeStrategies": Object {
[38;2;0;95;95m[48;2;215;255;255m+             "activated": [Function],
[38;2;0;95;95m[48;2;215;255;255m+             "beforeCreate": [Function],
[38;2;0;95;95m[48;2;215;255;255m+             "beforeDestroy": [Function],
[38;2;0;95;95m[48;2;215;255;255m+             "beforeMount": [Function],
[38;2;0;95;95m[48;2;215;255;255m+             "beforeUpdate": [Function],
[38;2;0;95;95m[48;2;215;255;255m+             "components": [Function],
[38;2;0;95;95m[48;2;215;255;255m+             "computed": [Function],
[38;2;0;95;95m[48;2;215;255;255m+             "created": [Function],
[38;2;0;95;95m[48;2;215;255;255m+             "data": [Function],
[38;2;0;95;95m[48;2;215;255;255m+             "deactivated": [Function],
[38;2;0;95;95m[48;2;215;255;255m+             "destroyed": [Function],
[38;2;0;95;95m[48;2;215;255;255m+             "directives": [Function],
[38;2;0;95;95m[48;2;215;255;255m+             "el": [Function],
[38;2;0;95;95m[48;2;215;255;255m+             "errorCaptured": [Function],
[38;2;0;95;95m[48;2;215;255;255m+             "filters": [Function],
[38;2;0;95;95m[48;2;215;255;255m+             "inject": [Function],
[38;2;0;95;95m[48;2;215;255;255m+             "methods": [Function],
[38;2;0;95;95m[48;2;215;255;255m+             "mounted": [Function],
[38;2;0;95;95m[48;2;215;255;255m+             "props": [Function],
[38;2;0;95;95m[48;2;215;255;255m+             "propsData": [Function],
[38;2;0;95;95m[48;2;215;255;255m+             "provide": [Function],
[38;2;0;95;95m[48;2;215;255;255m+             "serverPrefetch": [Function],
[38;2;0;95;95m[48;2;215;255;255m+             "updated": [Function],
[38;2;0;95;95m[48;2;215;255;255m+             "watch": [Function],
[38;2;0;95;95m[48;2;215;255;255m+           },
[38;2;0;95;95m[48;2;215;255;255m+           "parsePlatformTagName": [Function],
[38;2;0;95;95m[48;2;215;255;255m+           "performance": false,
[38;2;0;95;95m[48;2;215;255;255m+           "productionTip": false,
[38;2;0;95;95m[48;2;215;255;255m+           "silent": false,
[38;2;0;95;95m[48;2;215;255;255m+           "warnHandler": null,
[38;2;0;95;95m[48;2;215;255;255m+         },
[38;2;0;95;95m[48;2;215;255;255m+         "data": [Function],
[38;2;0;95;95m[48;2;215;255;255m+         "delete": [Function],
[38;2;0;95;95m[48;2;215;255;255m+         "directive": [Function],
[38;2;0;95;95m[48;2;215;255;255m+         "directives": Object {},
[38;2;0;95;95m[48;2;215;255;255m+         "extend": [Function],
[38;2;0;95;95m[48;2;215;255;255m+         "extendOptions": Object {
[38;2;0;95;95m[48;2;215;255;255m+           "_Ctor": Object {
[38;2;0;95;95m[48;2;215;255;255m+             "0": [Function],
[38;2;0;95;95m[48;2;215;255;255m+           },
[38;2;0;95;95m[48;2;215;255;255m+         },
[38;2;0;95;95m[48;2;215;255;255m+         "filter": [Function],
[38;2;0;95;95m[48;2;215;255;255m+         "filters": Object {},
[38;2;0;95;95m[48;2;215;255;255m+         "methods": undefined,
[38;2;0;95;95m[48;2;215;255;255m+         "mixin": [Function],
[38;2;0;95;95m[48;2;215;255;255m+         "mocks": undefined,
[38;2;0;95;95m[48;2;215;255;255m+         "nextTick": [Function],
[38;2;0;95;95m[48;2;215;255;255m+         "observable": [Function],
[38;2;0;95;95m[48;2;215;255;255m+         "options": Object {
[38;2;0;95;95m[48;2;215;255;255m+           "_Ctor": Object {
[38;2;0;95;95m[48;2;215;255;255m+             "0": [Function],
[38;2;0;95;95m[48;2;215;255;255m+           },
[38;2;0;95;95m[48;2;215;255;255m+           "_base": [Function],
[38;2;0;95;95m[48;2;215;255;255m+           "beforeCreate": Array [
[38;2;0;95;95m[48;2;215;255;255m+             [Function],
[38;2;0;95;95m[48;2;215;255;255m+             [Function],
[38;2;0;95;95m[48;2;215;255;255m+           ],
[38;2;0;95;95m[48;2;215;255;255m+           "components": Object {
[38;2;0;95;95m[48;2;215;255;255m+             "BTooltip": [Function],
[38;2;0;95;95m[48;2;215;255;255m+           },
[38;2;0;95;95m[48;2;215;255;255m+           "directives": Object {
[38;2;0;95;95m[48;2;215;255;255m+             "BHover": Object {
[38;2;0;95;95m[48;2;215;255;255m+               "bind": [Function],
[38;2;0;95;95m[48;2;215;255;255m+               "componentUpdated": [Function],
[38;2;0;95;95m[48;2;215;255;255m+               "unbind": [Function],
[38;2;0;95;95m[48;2;215;255;255m+             },
[38;2;0;95;95m[48;2;215;255;255m+             "BModal": Object {
[38;2;0;95;95m[48;2;215;255;255m+               "componentUpdated": [Function],
[38;2;0;95;95m[48;2;215;255;255m+               "inserted": [Function],
[38;2;0;95;95m[48;2;215;255;255m+               "unbind": [Function],
[38;2;0;95;95m[48;2;215;255;255m+               "updated": [Function],
[38;2;0;95;95m[48;2;215;255;255m+             },
[38;2;0;95;95m[48;2;215;255;255m+             "BScrollspy": Object {
[38;2;0;95;95m[48;2;215;255;255m+               "bind": [Function],
[38;2;0;95;95m[48;2;215;255;255m+               "componentUpdated": [Function],
[38;2;0;95;95m[48;2;215;255;255m+               "inserted": [Function],
[38;2;0;95;95m[48;2;215;255;255m+               "unbind": [Function],
[38;2;0;95;95m[48;2;215;255;255m+               "update": [Function],
[38;2;0;95;95m[48;2;215;255;255m+             },
[38;2;0;95;95m[48;2;215;255;255m+             "BTooltip": Object {
[38;2;0;95;95m[48;2;215;255;255m+               "bind": [Function],
[38;2;0;95;95m[48;2;215;255;255m+               "componentUpdated": [Function],
[38;2;0;95;95m[48;2;215;255;255m+               "unbind": [Function],
[38;2;0;95;95m[48;2;215;255;255m+             },
[38;2;0;95;95m[48;2;215;255;255m+             "BVisible": Object {
[38;2;0;95;95m[48;2;215;255;255m+               "bind": [Function],
[38;2;0;95;95m[48;2;215;255;255m+               "componentUpdated": [Function],
[38;2;0;95;95m[48;2;215;255;255m+               "unbind": [Function],
[38;2;0;95;95m[48;2;215;255;255m+             },
[38;2;0;95;95m[48;2;215;255;255m+           },
[38;2;0;95;95m[48;2;215;255;255m+           "filters": Object {},
[38;2;0;95;95m[48;2;215;255;255m+         },
[38;2;0;95;95m[48;2;215;255;255m+         "provide": [Function],
[38;2;0;95;95m[48;2;215;255;255m+         "render": [Function],
[38;2;0;95;95m[48;2;215;255;255m+         "sealedOptions": Object {
[38;2;0;95;95m[48;2;215;255;255m+           "_Ctor": Object {
[38;2;0;95;95m[48;2;215;255;255m+             "0": [Function],
[38;2;0;95;95m[48;2;215;255;255m+           },
[38;2;0;95;95m[48;2;215;255;255m+           "_base": [Function],
[38;2;0;95;95m[48;2;215;255;255m+           "components": Object {
[38;2;0;95;95m[48;2;215;255;255m+             "BAlert": [Function],
[38;2;0;95;95m[48;2;215;255;255m+             "BAspect": [Function],
[38;2;0;95;95m[48;2;215;255;255m+             "BAvatar": [Function],
[38;2;0;95;95m[48;2;215;255;255m+             "BAvatarGroup": [Function],
[38;2;0;95;95m[48;2;215;255;255m+             "BBadge": [Function],
[38;2;0;95;95m[48;2;215;255;255m+             "BBreadcrumb": [Function],
[38;2;0;95;95m[48;2;215;255;255m+             "BBreadcrumbItem": [Function],
[38;2;0;95;95m[48;2;215;255;255m+             "BBreadcrumbLink": [Function],
[38;2;0;95;95m[48;2;215;255;255m+             "BBtn": [Function],
[38;2;0;95;95m[48;2;215;255;255m+             "BBtnClose": [Function],
[38;2;0;95;95m[48;2;215;255;255m+             "BBtnGroup": [Function],
[38;2;0;95;95m[48;2;215;255;255m+             "BBtnToolbar": [Function],
[38;2;0;95;95m[48;2;215;255;255m+             "BButton": [Function],
[38;2;0;95;95m[48;2;215;255;255m+             "BButtonClose": [Function],
[38;2;0;95;95m[48;2;215;255;255m+             "BButtonGroup": [Function],
[38;2;0;95;95m[48;2;215;255;255m+             "BButtonToolbar": [Function],
[38;2;0;95;95m[48;2;215;255;255m+             "BCalendar": [Function],
[38;2;0;95;95m[48;2;215;255;255m+             "BCard": [Function],
[38;2;0;95;95m[48;2;215;255;255m+             "BCardBody": [Function],
[38;2;0;95;95m[48;2;215;255;255m+             "BCardFooter": [Function],
[38;2;0;95;95m[48;2;215;255;255m+             "BCardGroup": [Function],
[38;2;0;95;95m[48;2;215;255;255m+             "BCardHeader": [Function],
[38;2;0;95;95m[48;2;215;255;255m+             "BCardImg": [Function],
[38;2;0;95;95m[48;2;215;255;255m+             "BCardImgLazy": [Function],
[38;2;0;95;95m[48;2;215;255;255m+             "BCardSubTitle": [Function],
[38;2;0;95;95m[48;2;215;255;255m+             "BCardText": [Function],
[38;2;0;95;95m[48;2;215;255;255m+             "BCardTitle": [Function],
[38;2;0;95;95m[48;2;215;255;255m+             "BCarousel": [Function],
[38;2;0;95;95m[48;2;215;255;255m+             "BCarouselSlide": [Function],
[38;2;0;95;95m[48;2;215;255;255m+             "BCheck": [Function],
[38;2;0;95;95m[48;2;215;255;255m+             "BCheckGroup": [Function],
[38;2;0;95;95m[48;2;215;255;255m+             "BCheckbox": [Function],
[38;2;0;95;95m[48;2;215;255;255m+             "BCheckboxGroup": [Function],
[38;2;0;95;95m[48;2;215;255;255m+             "BCol": [Function],
[38;2;0;95;95m[48;2;215;255;255m+             "BCollapse": [Function],
[38;2;0;95;95m[48;2;215;255;255m+             "BContainer": [Function],
[38;2;0;95;95m[48;2;215;255;255m+             "BDatalist": [Function],
[38;2;0;95;95m[48;2;215;255;255m+             "BDatepicker": [Function],
[38;2;0;95;95m[48;2;215;255;255m+             "BDd": [Function],
[38;2;0;95;95m[48;2;215;255;255m+             "BDdDivider": [Function],
[38;2;0;95;95m[48;2;215;255;255m+             "BDdForm": [Function],
[38;2;0;95;95m[48;2;215;255;255m+             "BDdGroup": [Function],
[38;2;0;95;95m[48;2;215;255;255m+             "BDdHeader": [Function],
[38;2;0;95;95m[48;2;215;255;255m+             "BDdItem": [Function],
[38;2;0;95;95m[48;2;215;255;255m+             "BDdItemBtn": [Function],
[38;2;0;95;95m[48;2;215;255;255m+             "BDdItemButton": [Function],
[38;2;0;95;95m[48;2;215;255;255m+             "BDdText": [Function],
[38;2;0;95;95m[48;2;215;255;255m+             "BDropdown": [Function],
[38;2;0;95;95m[48;2;215;255;255m+             "BDropdownDivider": [Function],
[38;2;0;95;95m[48;2;215;255;255m+             "BDropdownForm": [Function],
[38;2;0;95;95m[48;2;215;255;255m+             "BDropdownGroup": [Function],
[38;2;0;95;95m[48;2;215;255;255m+             "BDropdownHeader": [Function],
[38;2;0;95;95m[48;2;215;255;255m+             "BDropdownItem": [Function],
[38;2;0;95;95m[48;2;215;255;255m+             "BDropdownItemBtn": [Function],
[38;2;0;95;95m[48;2;215;255;255m+             "BDropdownItemButton": [Function],
[38;2;0;95;95m[48;2;215;255;255m+             "BDropdownText": [Function],
[38;2;0;95;95m[48;2;215;255;255m+             "BEmbed": [Function],
[38;2;0;95;95m[48;2;215;255;255m+             "BFile": [Function],
[38;2;0;95;95m[48;2;215;255;255m+             "BForm": [Function],
[38;2;0;95;95m[48;2;215;255;255m+             "BFormCheckbox": [Function],
[38;2;0;95;95m[48;2;215;255;255m+             "BFormCheckboxGroup": [Function],
[38;2;0;95;95m[48;2;215;255;255m+             "BFormDatalist": [Function],
[38;2;0;95;95m[48;2;215;255;255m+             "BFormDatepicker": [Function],
[38;2;0;95;95m[48;2;215;255;255m+             "BFormFeedback": [Function],
[38;2;0;95;95m[48;2;215;255;255m+             "BFormFieldset": [Function],
[38;2;0;95;95m[48;2;215;255;255m+             "BFormFile": [Function],
[38;2;0;95;95m[48;2;215;255;255m+             "BFormGroup": [Function],
[38;2;0;95;95m[48;2;215;255;255m+             "BFormInput": [Function],
[38;2;0;95;95m[48;2;215;255;255m+             "BFormInvalidFeedback": [Function],
[38;2;0;95;95m[48;2;215;255;255m+             "BFormRadio": [Function],
[38;2;0;95;95m[48;2;215;255;255m+             "BFormRadioGroup": [Function],
[38;2;0;95;95m[48;2;215;255;255m+             "BFormRating": [Function],
[38;2;0;95;95m[48;2;215;255;255m+             "BFormRow": [Function],
[38;2;0;95;95m[48;2;215;255;255m+             "BFormSelect": [Function],
[38;2;0;95;95m[48;2;215;255;255m+             "BFormSelectOption": [Function],
[38;2;0;95;95m[48;2;215;255;255m+             "BFormSelectOptionGroup": [Function],
[38;2;0;95;95m[48;2;215;255;255m+             "BFormSpinbutton": [Function],
[38;2;0;95;95m[48;2;215;255;255m+             "BFormTag": [Function],
[38;2;0;95;95m[48;2;215;255;255m+             "BFormTags": [Function],
[38;2;0;95;95m[48;2;215;255;255m+             "BFormText": [Function],
[38;2;0;95;95m[48;2;215;255;255m+             "BFormTextarea": [Function],
[38;2;0;95;95m[48;2;215;255;255m+             "BFormTimepicker": [Function],
[38;2;0;95;95m[48;2;215;255;255m+             "BFormValidFeedback": [Function],
[38;2;0;95;95m[48;2;215;255;255m+             "BImg": [Function],
[38;2;0;95;95m[48;2;215;255;255m+             "BImgLazy": [Function],
[38;2;0;95;95m[48;2;215;255;255m+             "BInput": [Function],
[38;2;0;95;95m[48;2;215;255;255m+             "BInputGroup": [Function],
[38;2;0;95;95m[48;2;215;255;255m+             "BInputGroupAddon": [Function],
[38;2;0;95;95m[48;2;215;255;255m+             "BInputGroupAppend": [Function],
[38;2;0;95;95m[48;2;215;255;255m+             "BInputGroupPrepend": [Function],
[38;2;0;95;95m[48;2;215;255;255m+             "BInputGroupText": [Function],
[38;2;0;95;95m[48;2;215;255;255m+             "BJumbotron": [Function],
[38;2;0;95;95m[48;2;215;255;255m+             "BLink": [Function],
[38;2;0;95;95m[48;2;215;255;255m+             "BListGroup": [Function],
[38;2;0;95;95m[48;2;215;255;255m+             "BListGroupItem": [Function],
[38;2;0;95;95m[48;2;215;255;255m+             "BMedia": [Function],
[38;2;0;95;95m[48;2;215;255;255m+             "BMediaAside": [Function],
[38;2;0;95;95m[48;2;215;255;255m+             "BMediaBody": [Function],
[38;2;0;95;95m[48;2;215;255;255m+             "BModal": [Function],
[38;2;0;95;95m[48;2;215;255;255m+             "BRadio": [Function],
[38;2;0;95;95m[48;2;215;255;255m+             "BRadioGroup": [Function],
[38;2;0;95;95m[48;2;215;255;255m+             "BRating": [Function],
[38;2;0;95;95m[48;2;215;255;255m+             "BRow": [Function],
[38;2;0;95;95m[48;2;215;255;255m+             "BSelect": [Function],
[38;2;0;95;95m[48;2;215;255;255m+             "BSelectOption": [Function],
[38;2;0;95;95m[48;2;215;255;255m+             "BSelectOptionGroup": [Function],
[38;2;0;95;95m[48;2;215;255;255m+             "BSpinbutton": [Function],
[38;2;0;95;95m[48;2;215;255;255m+             "BTag": [Function],
[38;2;0;95;95m[48;2;215;255;255m+             "BTags": [Function],
[38;2;0;95;95m[48;2;215;255;255m+             "BTextarea": [Function],
[38;2;0;95;95m[48;2;215;255;255m+             "BTimepicker": [Function],
[38;2;0;95;95m[48;2;215;255;255m+           },
[38;2;0;95;95m[48;2;215;255;255m+           "directives": Object {
[38;2;0;95;95m[48;2;215;255;255m+             "BModal": Object {
[38;2;0;95;95m[48;2;215;255;255m+               "componentUpdated": [Function],
[38;2;0;95;95m[48;2;215;255;255m+               "inserted": [Function],
[38;2;0;95;95m[48;2;215;255;255m+               "unbind": [Function],
[38;2;0;95;95m[48;2;215;255;255m+               "updated": [Function],
[38;2;0;95;95m[48;2;215;255;255m+             },
[38;2;0;95;95m[48;2;215;255;255m+             "BToggle": Object {
[38;2;0;95;95m[48;2;215;255;255m+               "bind": [Function],
[38;2;0;95;95m[48;2;215;255;255m+               "componentUpdated": [Function],
[38;2;0;95;95m[48;2;215;255;255m+               "unbind": [Function],
[38;2;0;95;95m[48;2;215;255;255m+               "updated": [Function],
[38;2;0;95;95m[48;2;215;255;255m+             },
[38;2;0;95;95m[48;2;215;255;255m+           },
[38;2;0;95;95m[48;2;215;255;255m+           "filters": Object {},
[38;2;0;95;95m[48;2;215;255;255m+         },
[38;2;0;95;95m[48;2;215;255;255m+         "set": [Function],
[38;2;0;95;95m[48;2;215;255;255m+         "shouldProxy": true,
[38;2;0;95;95m[48;2;215;255;255m+         "stubs": Object {
[38;2;0;95;95m[48;2;215;255;255m+           "transition": true,
[38;2;0;95;95m[48;2;215;255;255m+           "transition-group": true,
[38;2;0;95;95m[48;2;215;255;255m+         },
[38;2;0;95;95m[48;2;215;255;255m+         "super": [Function],
[38;2;0;95;95m[48;2;215;255;255m+         "superOptions": Object {
[38;2;0;95;95m[48;2;215;255;255m+           "_base": [Function],
[38;2;0;95;95m[48;2;215;255;255m+           "components": Object {
[38;2;0;95;95m[48;2;215;255;255m+             "KeepAlive": Object {
[38;2;0;95;95m[48;2;215;255;255m+               "abstract": true,
[38;2;0;95;95m[48;2;215;255;255m+               "created": [Function],
[38;2;0;95;95m[48;2;215;255;255m+               "destroyed": [Function],
[38;2;0;95;95m[48;2;215;255;255m+               "methods": Object {
[38;2;0;95;95m[48;2;215;255;255m+                 "cacheVNode": [Function],
[38;2;0;95;95m[48;2;215;255;255m+               },
[38;2;0;95;95m[48;2;215;255;255m+               "mounted": [Function],
[38;2;0;95;95m[48;2;215;255;255m+               "name": "keep-alive",
[38;2;0;95;95m[48;2;215;255;255m+               "props": Object {
[38;2;0;95;95m[48;2;215;255;255m+                 "exclude": Array [
[38;2;0;95;95m[48;2;215;255;255m+                   [Function],
[38;2;0;95;95m[48;2;215;255;255m+                   [Function],
[38;2;0;95;95m[48;2;215;255;255m+                   [Function],
[38;2;0;95;95m[48;2;215;255;255m+                 ],
[38;2;0;95;95m[48;2;215;255;255m+                 "include": Array [
[38;2;0;95;95m[48;2;215;255;255m+                   [Function],
[38;2;0;95;95m[48;2;215;255;255m+                   [Function],
[38;2;0;95;95m[48;2;215;255;255m+                   [Function],
[38;2;0;95;95m[48;2;215;255;255m+                 ],
[38;2;0;95;95m[48;2;215;255;255m+                 "max": Array [
[38;2;0;95;95m[48;2;215;255;255m+                   [Function],
[38;2;0;95;95m[48;2;215;255;255m+                   [Function],
[38;2;0;95;95m[48;2;215;255;255m+                 ],
[38;2;0;95;95m[48;2;215;255;255m+               },
[38;2;0;95;95m[48;2;215;255;255m+               "render": [Function],
[38;2;0;95;95m[48;2;215;255;255m+               "updated": [Function],
[38;2;0;95;95m[48;2;215;255;255m+             },
[38;2;0;95;95m[48;2;215;255;255m+             "Transition": Object {
[38;2;0;95;95m[48;2;215;255;255m+               "_Ctor": Object {
[38;2;0;95;95m[48;2;215;255;255m+                 "1404": [Function],
[38;2;0;95;95m[48;2;215;255;255m+               },
[38;2;0;95;95m[48;2;215;255;255m+               "abstract": true,
[38;2;0;95;95m[48;2;215;255;255m+               "name": "transition",
[38;2;0;95;95m[48;2;215;255;255m+               "props": Object {
[38;2;0;95;95m[48;2;215;255;255m+                 "appear": Object {
[38;2;0;95;95m[48;2;215;255;255m+                   "type": [Function],
[38;2;0;95;95m[48;2;215;255;255m+                 },
[38;2;0;95;95m[48;2;215;255;255m+                 "appearActiveClass": Object {
[38;2;0;95;95m[48;2;215;255;255m+                   "type": [Function],
[38;2;0;95;95m[48;2;215;255;255m+                 },
[38;2;0;95;95m[48;2;215;255;255m+                 "appearClass": Object {
[38;2;0;95;95m[48;2;215;255;255m+                   "type": [Function],
[38;2;0;95;95m[48;2;215;255;255m+                 },
[38;2;0;95;95m[48;2;215;255;255m+                 "appearToClass": Object {
[38;2;0;95;95m[48;2;215;255;255m+                   "type": [Function],
[38;2;0;95;95m[48;2;215;255;255m+                 },
[38;2;0;95;95m[48;2;215;255;255m+                 "css": Object {
[38;2;0;95;95m[48;2;215;255;255m+                   "type": [Function],
[38;2;0;95;95m[48;2;215;255;255m+                 },
[38;2;0;95;95m[48;2;215;255;255m+                 "duration": Object {
[38;2;0;95;95m[48;2;215;255;255m+                   "type": Array [
[38;2;0;95;95m[48;2;215;255;255m+                     [Function],
[38;2;0;95;95m[48;2;215;255;255m+                     [Function],
[38;2;0;95;95m[48;2;215;255;255m+                     [Function],
[38;2;0;95;95m[48;2;215;255;255m+                   ],
[38;2;0;95;95m[48;2;215;255;255m+                 },
[38;2;0;95;95m[48;2;215;255;255m+                 "enterActiveClass": Object {
[38;2;0;95;95m[48;2;215;255;255m+                   "type": [Function],
[38;2;0;95;95m[48;2;215;255;255m+                 },
[38;2;0;95;95m[48;2;215;255;255m+                 "enterClass": Object {
[38;2;0;95;95m[48;2;215;255;255m+                   "type": [Function],
[38;2;0;95;95m[48;2;215;255;255m+                 },
[38;2;0;95;95m[48;2;215;255;255m+                 "enterToClass": Object {
[38;2;0;95;95m[48;2;215;255;255m+                   "type": [Function],
[38;2;0;95;95m[48;2;215;255;255m+                 },
[38;2;0;95;95m[48;2;215;255;255m+                 "leaveActiveClass": Object {
[38;2;0;95;95m[48;2;215;255;255m+                   "type": [Function],
[38;2;0;95;95m[48;2;215;255;255m+                 },
[38;2;0;95;95m[48;2;215;255;255m+                 "leaveClass": Object {
[38;2;0;95;95m[48;2;215;255;255m+                   "type": [Function],
[38;2;0;95;95m[48;2;215;255;255m+                 },
[38;2;0;95;95m[48;2;215;255;255m+                 "leaveToClass": Object {
[38;2;0;95;95m[48;2;215;255;255m+                   "type": [Function],
[38;2;0;95;95m[48;2;215;255;255m+                 },
[38;2;0;95;95m[48;2;215;255;255m+                 "mode": Object {
[38;2;0;95;95m[48;2;215;255;255m+                   "type": [Function],
[38;2;0;95;95m[48;2;215;255;255m+                 },
[38;2;0;95;95m[48;2;215;255;255m+                 "name": Object {
[38;2;0;95;95m[48;2;215;255;255m+                   "type": [Function],
[38;2;0;95;95m[48;2;215;255;255m+                 },
[38;2;0;95;95m[48;2;215;255;255m+                 "type": Object {
[38;2;0;95;95m[48;2;215;255;255m+                   "type": [Function],
[38;2;0;95;95m[48;2;215;255;255m+                 },
[38;2;0;95;95m[48;2;215;255;255m+               },
[38;2;0;95;95m[48;2;215;255;255m+               "render": [Function],
[38;2;0;95;95m[48;2;215;255;255m+             },
[38;2;0;95;95m[48;2;215;255;255m+             "TransitionGroup": Object {
[38;2;0;95;95m[48;2;215;255;255m+               "_Ctor": Object {
[38;2;0;95;95m[48;2;215;255;255m+                 "1404": [Function],
[38;2;0;95;95m[48;2;215;255;255m+               },
[38;2;0;95;95m[48;2;215;255;255m+               "beforeMount": [Function],
[38;2;0;95;95m[48;2;215;255;255m+               "methods": Object {
[38;2;0;95;95m[48;2;215;255;255m+                 "hasMove": [Function],
[38;2;0;95;95m[48;2;215;255;255m+               },
[38;2;0;95;95m[48;2;215;255;255m+               "props": Object {
[38;2;0;95;95m[48;2;215;255;255m+                 "appear": Object {
[38;2;0;95;95m[48;2;215;255;255m+                   "type": [Function],
[38;2;0;95;95m[48;2;215;255;255m+                 },
[38;2;0;95;95m[48;2;215;255;255m+                 "appearActiveClass": Object {
[38;2;0;95;95m[48;2;215;255;255m+                   "type": [Function],
[38;2;0;95;95m[48;2;215;255;255m+                 },
[38;2;0;95;95m[48;2;215;255;255m+                 "appearClass": Object {
[38;2;0;95;95m[48;2;215;255;255m+                   "type": [Function],
[38;2;0;95;95m[48;2;215;255;255m+                 },
[38;2;0;95;95m[48;2;215;255;255m+                 "appearToClass": Object {
[38;2;0;95;95m[48;2;215;255;255m+                   "type": [Function],
[38;2;0;95;95m[48;2;215;255;255m+                 },
[38;2;0;95;95m[48;2;215;255;255m+                 "css": Object {
[38;2;0;95;95m[48;2;215;255;255m+                   "type": [Function],
[38;2;0;95;95m[48;2;215;255;255m+                 },
[38;2;0;95;95m[48;2;215;255;255m+                 "duration": Object {
[38;2;0;95;95m[48;2;215;255;255m+                   "type": Array [
[38;2;0;95;95m[48;2;215;255;255m+                     [Function],
[38;2;0;95;95m[48;2;215;255;255m+                     [Function],
[38;2;0;95;95m[48;2;215;255;255m+                     [Function],
[38;2;0;95;95m[48;2;215;255;255m+                   ],
[38;2;0;95;95m[48;2;215;255;255m+                 },
[38;2;0;95;95m[48;2;215;255;255m+                 "enterActiveClass": Object {
[38;2;0;95;95m[48;2;215;255;255m+                   "type": [Function],
[38;2;0;95;95m[48;2;215;255;255m+                 },
[38;2;0;95;95m[48;2;215;255;255m+                 "enterClass": Object {
[38;2;0;95;95m[48;2;215;255;255m+                   "type": [Function],
[38;2;0;95;95m[48;2;215;255;255m+                 },
[38;2;0;95;95m[48;2;215;255;255m+                 "enterToClass": Object {
[38;2;0;95;95m[48;2;215;255;255m+                   "type": [Function],
[38;2;0;95;95m[48;2;215;255;255m+                 },
[38;2;0;95;95m[48;2;215;255;255m+                 "leaveActiveClass": Object {
[38;2;0;95;95m[48;2;215;255;255m+                   "type": [Function],
[38;2;0;95;95m[48;2;215;255;255m+                 },
[38;2;0;95;95m[48;2;215;255;255m+                 "leaveClass": Object {
[38;2;0;95;95m[48;2;215;255;255m+                   "type": [Function],
[38;2;0;95;95m[48;2;215;255;255m+                 },
[38;2;0;95;95m[48;2;215;255;255m+                 "leaveToClass": Object {
[38;2;0;95;95m[48;2;215;255;255m+                   "type": [Function],
[38;2;0;95;95m[48;2;215;255;255m+                 },
[38;2;0;95;95m[48;2;215;255;255m+                 "moveClass": Object {
[38;2;0;95;95m[48;2;215;255;255m+                   "type": [Function],
[38;2;0;95;95m[48;2;215;255;255m+                 },
[38;2;0;95;95m[48;2;215;255;255m+                 "name": Object {
[38;2;0;95;95m[48;2;215;255;255m+                   "type": [Function],
[38;2;0;95;95m[48;2;215;255;255m+                 },
[38;2;0;95;95m[48;2;215;255;255m+                 "tag": Object {
[38;2;0;95;95m[48;2;215;255;255m+                   "type": [Function],
[38;2;0;95;95m[48;2;215;255;255m+                 },
[38;2;0;95;95m[48;2;215;255;255m+                 "type": Object {
[38;2;0;95;95m[48;2;215;255;255m+                   "type": [Function],
[38;2;0;95;95m[48;2;215;255;255m+                 },
[38;2;0;95;95m[48;2;215;255;255m+               },
[38;2;0;95;95m[48;2;215;255;255m+               "render": [Function],
[38;2;0;95;95m[48;2;215;255;255m+               "updated": [Function],
[38;2;0;95;95m[48;2;215;255;255m+             },
[38;2;0;95;95m[48;2;215;255;255m+           },
[38;2;0;95;95m[48;2;215;255;255m+           "directives": Object {
[38;2;0;95;95m[48;2;215;255;255m+             "model": Object {
[38;2;0;95;95m[48;2;215;255;255m+               "componentUpdated": [Function],
[38;2;0;95;95m[48;2;215;255;255m+               "inserted": [Function],
[38;2;0;95;95m[48;2;215;255;255m+             },
[38;2;0;95;95m[48;2;215;255;255m+             "show": Object {
[38;2;0;95;95m[48;2;215;255;255m+               "bind": [Function],
[38;2;0;95;95m[48;2;215;255;255m+               "unbind": [Function],
[38;2;0;95;95m[48;2;215;255;255m+               "update": [Function],
[38;2;0;95;95m[48;2;215;255;255m+             },
[38;2;0;95;95m[48;2;215;255;255m+           },
[38;2;0;95;95m[48;2;215;255;255m+           "filters": Object {},
[38;2;0;95;95m[48;2;215;255;255m+         },
[38;2;0;95;95m[48;2;215;255;255m+         "use": [Function],
[38;2;0;95;95m[48;2;215;255;255m+         "util": Object {
[38;2;0;95;95m[48;2;215;255;255m+           "defineReactive": [Function],
[38;2;0;95;95m[48;2;215;255;255m+           "extend": [Function],
[38;2;0;95;95m[48;2;215;255;255m+           "mergeOptions": [Function],
[38;2;0;95;95m[48;2;215;255;255m+           "warn": [Function],
[38;2;0;95;95m[48;2;215;255;255m+         },
[38;2;0;95;95m[48;2;215;255;255m+         "version": "2.6.14",
[38;2;0;95;95m[48;2;215;255;255m+       },
[38;2;0;95;95m[48;2;215;255;255m+       "$parent": undefined,
[38;2;0;95;95m[48;2;215;255;255m+       "$refs": Object {},
[38;2;0;95;95m[48;2;215;255;255m+       "$root": [Circular],
[38;2;0;95;95m[48;2;215;255;255m+       "$scopedSlots": Object {},
[38;2;0;95;95m[48;2;215;255;255m+       "$slots": Object {},
[38;2;0;95;95m[48;2;215;255;255m+       "$vnode": undefined,
[38;2;0;95;95m[48;2;215;255;255m+       "__emitted": Object {},
[38;2;0;95;95m[48;2;215;255;255m+       "__emittedByOrder": Array [],
[38;2;0;95;95m[48;2;215;255;255m+       "_c": [Function],
[38;2;0;95;95m[48;2;215;255;255m+       "_data": Object {
[38;2;0;95;95m[48;2;215;255;255m+         "vueTestUtils_childProps": Object {},
[38;2;0;95;95m[48;2;215;255;255m+       },
[38;2;0;95;95m[48;2;215;255;255m+       "_directInactive": false,
[38;2;0;95;95m[48;2;215;255;255m+       "_events": Object {},
[38;2;0;95;95m[48;2;215;255;255m+       "_hasHookEvent": false,
[38;2;0;95;95m[48;2;215;255;255m+       "_inactive": null,
[38;2;0;95;95m[48;2;215;255;255m+       "_isBeingDestroyed": false,
[38;2;0;95;95m[48;2;215;255;255m+       "_isDestroyed": false,
[38;2;0;95;95m[48;2;215;255;255m+       "_isMounted": true,
[38;2;0;95;95m[48;2;215;255;255m+       "_isVue": true,
[38;2;0;95;95m[48;2;215;255;255m+       "_provided": Object {},
[38;2;0;95;95m[48;2;215;255;255m+       "_renderProxy": [Circular],
[38;2;0;95;95m[48;2;215;255;255m+       "_self": [Circular],
[38;2;0;95;95m[48;2;215;255;255m+       "_staticTrees": null,
[38;2;0;95;95m[48;2;215;255;255m+       "_uid": 2,
[38;2;0;95;95m[48;2;215;255;255m+       "_vnode": VNode {
[38;2;0;95;95m[48;2;215;255;255m+         "asyncFactory": undefined,
[38;2;0;95;95m[48;2;215;255;255m+         "asyncMeta": undefined,
[38;2;0;95;95m[48;2;215;255;255m+         "children": undefined,
[38;2;0;95;95m[48;2;215;255;255m+         "componentInstance": [Circular],
[38;2;0;95;95m[48;2;215;255;255m+         "componentOptions": Object {
[38;2;0;95;95m[48;2;215;255;255m+           "Ctor": [Function],
[38;2;0;95;95m[48;2;215;255;255m+           "children": undefined,
[38;2;0;95;95m[48;2;215;255;255m+           "listeners": Object {},
[38;2;0;95;95m[48;2;215;255;255m+           "propsData": undefined,
[38;2;0;95;95m[48;2;215;255;255m+           "tag": undefined,
[38;2;0;95;95m[48;2;215;255;255m+         },
[38;2;0;95;95m[48;2;215;255;255m+         "context": [Circular],
[38;2;0;95;95m[48;2;215;255;255m+         "data": Object {
[38;2;0;95;95m[48;2;215;255;255m+           "attrs": Object {},
[38;2;0;95;95m[48;2;215;255;255m+           "hook": Object {
[38;2;0;95;95m[48;2;215;255;255m+             "destroy": [Function],
[38;2;0;95;95m[48;2;215;255;255m+             "init": [Function],
[38;2;0;95;95m[48;2;215;255;255m+             "insert": [Function],
[38;2;0;95;95m[48;2;215;255;255m+             "prepatch": [Function],
[38;2;0;95;95m[48;2;215;255;255m+           },
[38;2;0;95;95m[48;2;215;255;255m+           "on": undefined,
[38;2;0;95;95m[48;2;215;255;255m+           "pendingInsert": null,
[38;2;0;95;95m[48;2;215;255;255m+           "scopedSlots": Object {
[38;2;0;95;95m[48;2;215;255;255m+             "_normalized": Object {},
[38;2;0;95;95m[48;2;215;255;255m+           },
[38;2;0;95;95m[48;2;215;255;255m+         },
[38;2;0;95;95m[48;2;215;255;255m+         "elm": <div>
[38;2;0;95;95m[48;2;215;255;255m+           <b-dropdown
[38;2;0;95;95m[48;2;215;255;255m+             no-caret=""
[38;2;0;95;95m[48;2;215;255;255m+             right=""
[38;2;0;95;95m[48;2;215;255;255m+             size="lg"
[38;2;0;95;95m[48;2;215;255;255m+             variant="link"
[38;2;0;95;95m[48;2;215;255;255m+           >
[38;2;0;95;95m[48;2;215;255;255m+              
[38;2;0;95;95m[48;2;215;255;255m+             <b-dropdown-item>
[38;2;0;95;95m[48;2;215;255;255m+               <b-icon
[38;2;0;95;95m[48;2;215;255;255m+                 icon="door-open"
[38;2;0;95;95m[48;2;215;255;255m+               />
[38;2;0;95;95m[48;2;215;255;255m+               
[38;2;0;95;95m[48;2;215;255;255m+       回到主页
[38;2;0;95;95m[48;2;215;255;255m+     
[38;2;0;95;95m[48;2;215;255;255m+             </b-dropdown-item>
[38;2;0;95;95m[48;2;215;255;255m+              
[38;2;0;95;95m[48;2;215;255;255m+             <b-dropdown-item>
[38;2;0;95;95m[48;2;215;255;255m+               <b-icon
[38;2;0;95;95m[48;2;215;255;255m+                 icon="cursor-fill"
[38;2;0;95;95m[48;2;215;255;255m+               />
[38;2;0;95;95m[48;2;215;255;255m+               
[38;2;0;95;95m[48;2;215;255;255m+       注销用户
[38;2;0;95;95m[48;2;215;255;255m+     
[38;2;0;95;95m[48;2;215;255;255m+             </b-dropdown-item>
[38;2;0;95;95m[48;2;215;255;255m+           </b-dropdown>
[38;2;0;95;95m[48;2;215;255;255m+         </div>,
[38;2;0;95;95m[48;2;215;255;255m+         "fnContext": undefined,
[38;2;0;95;95m[48;2;215;255;255m+         "fnOptions": undefined,
[38;2;0;95;95m[48;2;215;255;255m+         "fnScopeId": undefined,
[38;2;0;95;95m[48;2;215;255;255m+         "isAsyncPlaceholder": false,
[38;2;0;95;95m[48;2;215;255;255m+         "isCloned": false,
[38;2;0;95;95m[48;2;215;255;255m+         "isComment": false,
[38;2;0;95;95m[48;2;215;255;255m+         "isOnce": false,
[38;2;0;95;95m[48;2;215;255;255m+         "isRootInsert": true,
[38;2;0;95;95m[48;2;215;255;255m+         "isStatic": false,
[38;2;0;95;95m[48;2;215;255;255m+         "key": undefined,
[38;2;0;95;95m[48;2;215;255;255m+         "ns": undefined,
[38;2;0;95;95m[48;2;215;255;255m+         "parent": undefined,
[38;2;0;95;95m[48;2;215;255;255m+         "raw": false,
[38;2;0;95;95m[48;2;215;255;255m+         "tag": "vue-component-1408-UserLogo",
[38;2;0;95;95m[48;2;215;255;255m+         "text": undefined,
[38;2;0;95;95m[48;2;215;255;255m+       },
[38;2;0;95;95m[48;2;215;255;255m+       "_watcher": Watcher {
[38;2;0;95;95m[48;2;215;255;255m+         "active": true,
[38;2;0;95;95m[48;2;215;255;255m+         "before": [Function],
[38;2;0;95;95m[48;2;215;255;255m+         "cb": [Function],
[38;2;0;95;95m[48;2;215;255;255m+         "deep": false,
[38;2;0;95;95m[48;2;215;255;255m+         "depIds": Set {
[38;2;0;95;95m[48;2;215;255;255m+           21,
[38;2;0;95;95m[48;2;215;255;255m+           22,
[38;2;0;95;95m[48;2;215;255;255m+         },
[38;2;0;95;95m[48;2;215;255;255m+         "deps": Array [
[38;2;0;95;95m[48;2;215;255;255m+           Dep {
[38;2;0;95;95m[48;2;215;255;255m+             "id": 21,
[38;2;0;95;95m[48;2;215;255;255m+             "subs": Array [
[38;2;0;95;95m[48;2;215;255;255m+               [Circular],
[38;2;0;95;95m[48;2;215;255;255m+             ],
[38;2;0;95;95m[48;2;215;255;255m+           },
[38;2;0;95;95m[48;2;215;255;255m+           Dep {
[38;2;0;95;95m[48;2;215;255;255m+             "id": 22,
[38;2;0;95;95m[48;2;215;255;255m+             "subs": Array [
[38;2;0;95;95m[48;2;215;255;255m+               [Circular],
[38;2;0;95;95m[48;2;215;255;255m+             ],
[38;2;0;95;95m[48;2;215;255;255m+           },
[38;2;0;95;95m[48;2;215;255;255m+         ],
[38;2;0;95;95m[48;2;215;255;255m+         "dirty": false,
[38;2;0;95;95m[48;2;215;255;255m+         "expression": "function () {
[38;2;0;95;95m[48;2;215;255;255m+       vm._update(vm._render(), hydrating);
[38;2;0;95;95m[48;2;215;255;255m+     }",
[38;2;0;95;95m[48;2;215;255;255m+         "getter": [Function],
[38;2;0;95;95m[48;2;215;255;255m+         "id": 5,
[38;2;0;95;95m[48;2;215;255;255m+         "lazy": false,
[38;2;0;95;95m[48;2;215;255;255m+         "newDepIds": Set {},
[38;2;0;95;95m[48;2;215;255;255m+         "newDeps": Array [],
[38;2;0;95;95m[48;2;215;255;255m+         "sync": false,
[38;2;0;95;95m[48;2;215;255;255m+         "user": false,
[38;2;0;95;95m[48;2;215;255;255m+         "value": undefined,
[38;2;0;95;95m[48;2;215;255;255m+         "vm": [Circular],
[38;2;0;95;95m[48;2;215;255;255m+       },
[38;2;0;95;95m[48;2;215;255;255m+       "_watchers": Array [
[38;2;0;95;95m[48;2;215;255;255m+         Watcher {
[38;2;0;95;95m[48;2;215;255;255m+           "active": true,
[38;2;0;95;95m[48;2;215;255;255m+           "before": [Function],
[38;2;0;95;95m[48;2;215;255;255m+           "cb": [Function],
[38;2;0;95;95m[48;2;215;255;255m+           "deep": false,
[38;2;0;95;95m[48;2;215;255;255m+           "depIds": Set {
[38;2;0;95;95m[48;2;215;255;255m+             21,
[38;2;0;95;95m[48;2;215;255;255m+             22,
[38;2;0;95;95m[48;2;215;255;255m+           },
[38;2;0;95;95m[48;2;215;255;255m+           "deps": Array [
[38;2;0;95;95m[48;2;215;255;255m+             Dep {
[38;2;0;95;95m[48;2;215;255;255m+               "id": 21,
[38;2;0;95;95m[48;2;215;255;255m+               "subs": Array [
[38;2;0;95;95m[48;2;215;255;255m+                 [Circular],
[38;2;0;95;95m[48;2;215;255;255m+               ],
[38;2;0;95;95m[48;2;215;255;255m+             },
[38;2;0;95;95m[48;2;215;255;255m+             Dep {
[38;2;0;95;95m[48;2;215;255;255m+               "id": 22,
[38;2;0;95;95m[48;2;215;255;255m+               "subs": Array [
[38;2;0;95;95m[48;2;215;255;255m+                 [Circular],
[38;2;0;95;95m[48;2;215;255;255m+               ],
[38;2;0;95;95m[48;2;215;255;255m+             },
[38;2;0;95;95m[48;2;215;255;255m+           ],
[38;2;0;95;95m[48;2;215;255;255m+           "dirty": false,
[38;2;0;95;95m[48;2;215;255;255m+           "expression": "function () {
[38;2;0;95;95m[48;2;215;255;255m+       vm._update(vm._render(), hydrating);
[38;2;0;95;95m[48;2;215;255;255m+     }",
[38;2;0;95;95m[48;2;215;255;255m+           "getter": [Function],
[38;2;0;95;95m[48;2;215;255;255m+           "id": 5,
[38;2;0;95;95m[48;2;215;255;255m+           "lazy": false,
[38;2;0;95;95m[48;2;215;255;255m+           "newDepIds": Set {},
[38;2;0;95;95m[48;2;215;255;255m+           "newDeps": Array [],
[38;2;0;95;95m[48;2;215;255;255m+           "sync": false,
[38;2;0;95;95m[48;2;215;255;255m+           "user": false,
[38;2;0;95;95m[48;2;215;255;255m+           "value": undefined,
[38;2;0;95;95m[48;2;215;255;255m+           "vm": [Circular],
[38;2;0;95;95m[48;2;215;255;255m+         },
[38;2;0;95;95m[48;2;215;255;255m+       ],
[38;2;0;95;95m[48;2;215;255;255m+       "vueTestUtils_childProps": Object {},
[38;2;0;95;95m[48;2;215;255;255m+     },
[38;2;0;95;95m[48;2;215;255;255m+     "_self": [Circular],
[38;2;0;95;95m[48;2;215;255;255m+     "_staticTrees": null,
[38;2;0;95;95m[48;2;215;255;255m+     "_uid": 2,
[38;2;0;95;95m[48;2;215;255;255m+     "_vnode": VNode {
[38;2;0;95;95m[48;2;215;255;255m+       "asyncFactory": undefined,
[38;2;0;95;95m[48;2;215;255;255m+       "asyncMeta": undefined,
[38;2;0;95;95m[48;2;215;255;255m+       "children": undefined,
[38;2;0;95;95m[48;2;215;255;255m+       "componentInstance": [Circular],
[38;2;0;95;95m[48;2;215;255;255m+       "componentOptions": Object {
[38;2;0;95;95m[48;2;215;255;255m+         "Ctor": [Function],
[38;2;0;95;95m[48;2;215;255;255m+         "children": undefined,
[38;2;0;95;95m[48;2;215;255;255m+         "listeners": Object {},
[38;2;0;95;95m[48;2;215;255;255m+         "propsData": undefined,
[38;2;0;95;95m[48;2;215;255;255m+         "tag": undefined,
[38;2;0;95;95m[48;2;215;255;255m+       },
[38;2;0;95;95m[48;2;215;255;255m+       "context": [Circular],
[38;2;0;95;95m[48;2;215;255;255m+       "data": Object {
[38;2;0;95;95m[48;2;215;255;255m+         "attrs": Object {},
[38;2;0;95;95m[48;2;215;255;255m+         "hook": Object {
[38;2;0;95;95m[48;2;215;255;255m+           "destroy": [Function],
[38;2;0;95;95m[48;2;215;255;255m+           "init": [Function],
[38;2;0;95;95m[48;2;215;255;255m+           "insert": [Function],
[38;2;0;95;95m[48;2;215;255;255m+           "prepatch": [Function],
[38;2;0;95;95m[48;2;215;255;255m+         },
[38;2;0;95;95m[48;2;215;255;255m+         "on": undefined,
[38;2;0;95;95m[48;2;215;255;255m+         "pendingInsert": null,
[38;2;0;95;95m[48;2;215;255;255m+         "scopedSlots": Object {
[38;2;0;95;95m[48;2;215;255;255m+           "_normalized": Object {},
[38;2;0;95;95m[48;2;215;255;255m+         },
[38;2;0;95;95m[48;2;215;255;255m+       },
[38;2;0;95;95m[48;2;215;255;255m+       "elm": <div>
[38;2;0;95;95m[48;2;215;255;255m+         <b-dropdown
[38;2;0;95;95m[48;2;215;255;255m+           no-caret=""
[38;2;0;95;95m[48;2;215;255;255m+           right=""
[38;2;0;95;95m[48;2;215;255;255m+           size="lg"
[38;2;0;95;95m[48;2;215;255;255m+           variant="link"
[38;2;0;95;95m[48;2;215;255;255m+         >
[38;2;0;95;95m[48;2;215;255;255m+            
[38;2;0;95;95m[48;2;215;255;255m+           <b-dropdown-item>
[38;2;0;95;95m[48;2;215;255;255m+             <b-icon
[38;2;0;95;95m[48;2;215;255;255m+               icon="door-open"
[38;2;0;95;95m[48;2;215;255;255m+             />
[38;2;0;95;95m[48;2;215;255;255m+             
[38;2;0;95;95m[48;2;215;255;255m+       回到主页
[38;2;0;95;95m[48;2;215;255;255m+     
[38;2;0;95;95m[48;2;215;255;255m+           </b-dropdown-item>
[38;2;0;95;95m[48;2;215;255;255m+            
[38;2;0;95;95m[48;2;215;255;255m+           <b-dropdown-item>
[38;2;0;95;95m[48;2;215;255;255m+             <b-icon
[38;2;0;95;95m[48;2;215;255;255m+               icon="cursor-fill"
[38;2;0;95;95m[48;2;215;255;255m+             />
[38;2;0;95;95m[48;2;215;255;255m+             
[38;2;0;95;95m[48;2;215;255;255m+       注销用户
[38;2;0;95;95m[48;2;215;255;255m+     
[38;2;0;95;95m[48;2;215;255;255m+           </b-dropdown-item>
[38;2;0;95;95m[48;2;215;255;255m+         </b-dropdown>
[38;2;0;95;95m[48;2;215;255;255m+       </div>,
[38;2;0;95;95m[48;2;215;255;255m+       "fnContext": undefined,
[38;2;0;95;95m[48;2;215;255;255m+       "fnOptions": undefined,
[38;2;0;95;95m[48;2;215;255;255m+       "fnScopeId": undefined,
[38;2;0;95;95m[48;2;215;255;255m+       "isAsyncPlaceholder": false,
[38;2;0;95;95m[48;2;215;255;255m+       "isCloned": false,
[38;2;0;95;95m[48;2;215;255;255m+       "isComment": false,
[38;2;0;95;95m[48;2;215;255;255m+       "isOnce": false,
[38;2;0;95;95m[48;2;215;255;255m+       "isRootInsert": true,
[38;2;0;95;95m[48;2;215;255;255m+       "isStatic": false,
[38;2;0;95;95m[48;2;215;255;255m+       "key": undefined,
[38;2;0;95;95m[48;2;215;255;255m+       "ns": undefined,
[38;2;0;95;95m[48;2;215;255;255m+       "parent": undefined,
[38;2;0;95;95m[48;2;215;255;255m+       "raw": false,
[38;2;0;95;95m[48;2;215;255;255m+       "tag": "vue-component-1408-UserLogo",
[38;2;0;95;95m[48;2;215;255;255m+       "text": undefined,
[38;2;0;95;95m[48;2;215;255;255m+     },
[38;2;0;95;95m[48;2;215;255;255m+     "_watcher": Watcher {
[38;2;0;95;95m[48;2;215;255;255m+       "active": true,
[38;2;0;95;95m[48;2;215;255;255m+       "before": [Function],
[38;2;0;95;95m[48;2;215;255;255m+       "cb": [Function],
[38;2;0;95;95m[48;2;215;255;255m+       "deep": false,
[38;2;0;95;95m[48;2;215;255;255m+       "depIds": Set {
[38;2;0;95;95m[48;2;215;255;255m+         21,
[38;2;0;95;95m[48;2;215;255;255m+         22,
[38;2;0;95;95m[48;2;215;255;255m+       },
[38;2;0;95;95m[48;2;215;255;255m+       "deps": Array [
[38;2;0;95;95m[48;2;215;255;255m+         Dep {
[38;2;0;95;95m[48;2;215;255;255m+           "id": 21,
[38;2;0;95;95m[48;2;215;255;255m+           "subs": Array [
[38;2;0;95;95m[48;2;215;255;255m+             [Circular],
[38;2;0;95;95m[48;2;215;255;255m+           ],
[38;2;0;95;95m[48;2;215;255;255m+         },
[38;2;0;95;95m[48;2;215;255;255m+         Dep {
[38;2;0;95;95m[48;2;215;255;255m+           "id": 22,
[38;2;0;95;95m[48;2;215;255;255m+           "subs": Array [
[38;2;0;95;95m[48;2;215;255;255m+             [Circular],
[38;2;0;95;95m[48;2;215;255;255m+           ],
[38;2;0;95;95m[48;2;215;255;255m+         },
[38;2;0;95;95m[48;2;215;255;255m+       ],
[38;2;0;95;95m[48;2;215;255;255m+       "dirty": false,
[38;2;0;95;95m[48;2;215;255;255m+       "expression": "function () {
[38;2;0;95;95m[48;2;215;255;255m+       vm._update(vm._render(), hydrating);
[38;2;0;95;95m[48;2;215;255;255m+     }",
[38;2;0;95;95m[48;2;215;255;255m+       "getter": [Function],
[38;2;0;95;95m[48;2;215;255;255m+       "id": 5,
[38;2;0;95;95m[48;2;215;255;255m+       "lazy": false,
[38;2;0;95;95m[48;2;215;255;255m+       "newDepIds": Set {},
[38;2;0;95;95m[48;2;215;255;255m+       "newDeps": Array [],
[38;2;0;95;95m[48;2;215;255;255m+       "sync": false,
[38;2;0;95;95m[48;2;215;255;255m+       "user": false,
[38;2;0;95;95m[48;2;215;255;255m+       "value": undefined,
[38;2;0;95;95m[48;2;215;255;255m+       "vm": [Circular],
[38;2;0;95;95m[48;2;215;255;255m+     },
[38;2;0;95;95m[48;2;215;255;255m+     "_watchers": Array [
[38;2;0;95;95m[48;2;215;255;255m+       Watcher {
[38;2;0;95;95m[48;2;215;255;255m+         "active": true,
[38;2;0;95;95m[48;2;215;255;255m+         "before": [Function],
[38;2;0;95;95m[48;2;215;255;255m+         "cb": [Function],
[38;2;0;95;95m[48;2;215;255;255m+         "deep": false,
[38;2;0;95;95m[48;2;215;255;255m+         "depIds": Set {
[38;2;0;95;95m[48;2;215;255;255m+           21,
[38;2;0;95;95m[48;2;215;255;255m+           22,
[38;2;0;95;95m[48;2;215;255;255m+         },
[38;2;0;95;95m[48;2;215;255;255m+         "deps": Array [
[38;2;0;95;95m[48;2;215;255;255m+           Dep {
[38;2;0;95;95m[48;2;215;255;255m+             "id": 21,
[38;2;0;95;95m[48;2;215;255;255m+             "subs": Array [
[38;2;0;95;95m[48;2;215;255;255m+               [Circular],
[38;2;0;95;95m[48;2;215;255;255m+             ],
[38;2;0;95;95m[48;2;215;255;255m+           },
[38;2;0;95;95m[48;2;215;255;255m+           Dep {
[38;2;0;95;95m[48;2;215;255;255m+             "id": 22,
[38;2;0;95;95m[48;2;215;255;255m+             "subs": Array [
[38;2;0;95;95m[48;2;215;255;255m+               [Circular],
[38;2;0;95;95m[48;2;215;255;255m+             ],
[38;2;0;95;95m[48;2;215;255;255m+           },
[38;2;0;95;95m[48;2;215;255;255m+         ],
[38;2;0;95;95m[48;2;215;255;255m+         "dirty": false,
[38;2;0;95;95m[48;2;215;255;255m+         "expression": "function () {
[38;2;0;95;95m[48;2;215;255;255m+       vm._update(vm._render(), hydrating);
[38;2;0;95;95m[48;2;215;255;255m+     }",
[38;2;0;95;95m[48;2;215;255;255m+         "getter": [Function],
[38;2;0;95;95m[48;2;215;255;255m+         "id": 5,
[38;2;0;95;95m[48;2;215;255;255m+         "lazy": false,
[38;2;0;95;95m[48;2;215;255;255m+         "newDepIds": Set {},
[38;2;0;95;95m[48;2;215;255;255m+         "newDeps": Array [],
[38;2;0;95;95m[48;2;215;255;255m+         "sync": false,
[38;2;0;95;95m[48;2;215;255;255m+         "user": false,
[38;2;0;95;95m[48;2;215;255;255m+         "value": undefined,
[38;2;0;95;95m[48;2;215;255;255m+         "vm": [Circular],
[38;2;0;95;95m[48;2;215;255;255m+       },
[38;2;0;95;95m[48;2;215;255;255m+     ],
[38;2;0;95;95m[48;2;215;255;255m+     "vueTestUtils_childProps": Object {},
[38;2;0;95;95m[48;2;215;255;255m+   },
[38;2;0;95;95m[48;2;215;255;255m+   "$scopedSlots": Object {},
[38;2;0;95;95m[48;2;215;255;255m+   "$slots": Object {},
[38;2;0;95;95m[48;2;215;255;255m+   "$vnode": VNode {
[38;2;0;95;95m[48;2;215;255;255m+     "asyncFactory": undefined,
[38;2;0;95;95m[48;2;215;255;255m+     "asyncMeta": undefined,
[38;2;0;95;95m[48;2;215;255;255m+     "children": undefined,
[38;2;0;95;95m[48;2;215;255;255m+     "componentInstance": [Circular],
[38;2;0;95;95m[48;2;215;255;255m+     "componentOptions": Object {
[38;2;0;95;95m[48;2;215;255;255m+       "Ctor": [Function],
[38;2;0;95;95m[48;2;215;255;255m+       "children": undefined,
[38;2;0;95;95m[48;2;215;255;255m+       "listeners": Object {},
[38;2;0;95;95m[48;2;215;255;255m+       "propsData": undefined,
[38;2;0;95;95m[48;2;215;255;255m+       "tag": undefined,
[38;2;0;95;95m[48;2;215;255;255m+     },
[38;2;0;95;95m[48;2;215;255;255m+     "context": VueComponent {
[38;2;0;95;95m[48;2;215;255;255m+       "$attrs": Object {},
[38;2;0;95;95m[48;2;215;255;255m+       "$children": Array [
[38;2;0;95;95m[48;2;215;255;255m+         [Circular],
[38;2;0;95;95m[48;2;215;255;255m+       ],
[38;2;0;95;95m[48;2;215;255;255m+       "$createElement": [Function],
[38;2;0;95;95m[48;2;215;255;255m+       "$el": <div>
[38;2;0;95;95m[48;2;215;255;255m+         <b-dropdown
[38;2;0;95;95m[48;2;215;255;255m+           no-caret=""
[38;2;0;95;95m[48;2;215;255;255m+           right=""
[38;2;0;95;95m[48;2;215;255;255m+           size="lg"
[38;2;0;95;95m[48;2;215;255;255m+           variant="link"
[38;2;0;95;95m[48;2;215;255;255m+         >
[38;2;0;95;95m[48;2;215;255;255m+            
[38;2;0;95;95m[48;2;215;255;255m+           <b-dropdown-item>
[38;2;0;95;95m[48;2;215;255;255m+             <b-icon
[38;2;0;95;95m[48;2;215;255;255m+               icon="door-open"
[38;2;0;95;95m[48;2;215;255;255m+             />
[38;2;0;95;95m[48;2;215;255;255m+             
[38;2;0;95;95m[48;2;215;255;255m+       回到主页
[38;2;0;95;95m[48;2;215;255;255m+     
[38;2;0;95;95m[48;2;215;255;255m+           </b-dropdown-item>
[38;2;0;95;95m[48;2;215;255;255m+            
[38;2;0;95;95m[48;2;215;255;255m+           <b-dropdown-item>
[38;2;0;95;95m[48;2;215;255;255m+             <b-icon
[38;2;0;95;95m[48;2;215;255;255m+               icon="cursor-fill"
[38;2;0;95;95m[48;2;215;255;255m+             />
[38;2;0;95;95m[48;2;215;255;255m+             
[38;2;0;95;95m[48;2;215;255;255m+       注销用户
[38;2;0;95;95m[48;2;215;255;255m+     
[38;2;0;95;95m[48;2;215;255;255m+           </b-dropdown-item>
[38;2;0;95;95m[48;2;215;255;255m+         </b-dropdown>
[38;2;0;95;95m[48;2;215;255;255m+       </div>,
[38;2;0;95;95m[48;2;215;255;255m+       "$emit": [Function],
[38;2;0;95;95m[48;2;215;255;255m+       "$listeners": Object {},
[38;2;0;95;95m[48;2;215;255;255m+       "$options": Object {
[38;2;0;95;95m[48;2;215;255;255m+         "$_doNotStubChildren": true,
[38;2;0;95;95m[48;2;215;255;255m+         "$_isWrapperParent": true,
[38;2;0;95;95m[48;2;215;255;255m+         "_Ctor": Object {
[38;2;0;95;95m[48;2;215;255;255m+           "1404": [Function],
[38;2;0;95;95m[48;2;215;255;255m+         },
[38;2;0;95;95m[48;2;215;255;255m+         "_base": [Function],
[38;2;0;95;95m[48;2;215;255;255m+         "_installedPlugins": Array [
[38;2;0;95;95m[48;2;215;255;255m+           Object {
[38;2;0;95;95m[48;2;215;255;255m+             "install": [Function],
[38;2;0;95;95m[48;2;215;255;255m+           },
[38;2;0;95;95m[48;2;215;255;255m+           Object {
[38;2;0;95;95m[48;2;215;255;255m+             "install": [Function],
[38;2;0;95;95m[48;2;215;255;255m+           },
[38;2;0;95;95m[48;2;215;255;255m+           Object {
[38;2;0;95;95m[48;2;215;255;255m+             "install": [Function],
[38;2;0;95;95m[48;2;215;255;255m+           },
[38;2;0;95;95m[48;2;215;255;255m+           Object {
[38;2;0;95;95m[48;2;215;255;255m+             "install": [Function],
[38;2;0;95;95m[48;2;215;255;255m+           },
[38;2;0;95;95m[48;2;215;255;255m+           Object {
[38;2;0;95;95m[48;2;215;255;255m+             "install": [Function],
[38;2;0;95;95m[48;2;215;255;255m+           },
[38;2;0;95;95m[48;2;215;255;255m+           Object {
[38;2;0;95;95m[48;2;215;255;255m+             "install": [Function],
[38;2;0;95;95m[48;2;215;255;255m+           },
[38;2;0;95;95m[48;2;215;255;255m+           Object {
[38;2;0;95;95m[48;2;215;255;255m+             "install": [Function],
[38;2;0;95;95m[48;2;215;255;255m+           },
[38;2;0;95;95m[48;2;215;255;255m+           Object {
[38;2;0;95;95m[48;2;215;255;255m+             "install": [Function],
[38;2;0;95;95m[48;2;215;255;255m+           },
[38;2;0;95;95m[48;2;215;255;255m+           Object {
[38;2;0;95;95m[48;2;215;255;255m+             "install": [Function],
[38;2;0;95;95m[48;2;215;255;255m+           },
[38;2;0;95;95m[48;2;215;255;255m+           Object {
[38;2;0;95;95m[48;2;215;255;255m+             "install": [Function],
[38;2;0;95;95m[48;2;215;255;255m+           },
[38;2;0;95;95m[48;2;215;255;255m+           Object {
[38;2;0;95;95m[48;2;215;255;255m+             "install": [Function],
[38;2;0;95;95m[48;2;215;255;255m+           },
[38;2;0;95;95m[48;2;215;255;255m+           Object {
[38;2;0;95;95m[48;2;215;255;255m+             "install": [Function],
[38;2;0;95;95m[48;2;215;255;255m+           },
[38;2;0;95;95m[48;2;215;255;255m+           Object {
[38;2;0;95;95m[48;2;215;255;255m+             "install": [Function],
[38;2;0;95;95m[48;2;215;255;255m+           },
[38;2;0;95;95m[48;2;215;255;255m+           Object {
[38;2;0;95;95m[48;2;215;255;255m+             "install": [Function],
[38;2;0;95;95m[48;2;215;255;255m+           },
[38;2;0;95;95m[48;2;215;255;255m+           Object {
[38;2;0;95;95m[48;2;215;255;255m+             "install": [Function],
[38;2;0;95;95m[48;2;215;255;255m+           },
[38;2;0;95;95m[48;2;215;255;255m+           Object {
[38;2;0;95;95m[48;2;215;255;255m+             "install": [Function],
[38;2;0;95;95m[48;2;215;255;255m+           },
[38;2;0;95;95m[48;2;215;255;255m+           Object {
[38;2;0;95;95m[48;2;215;255;255m+             "install": [Function],
[38;2;0;95;95m[48;2;215;255;255m+           },
[38;2;0;95;95m[48;2;215;255;255m+           Object {
[38;2;0;95;95m[48;2;215;255;255m+             "install": [Function],
[38;2;0;95;95m[48;2;215;255;255m+           },
[38;2;0;95;95m[48;2;215;255;255m+           Object {
[38;2;0;95;95m[48;2;215;255;255m+             "install": [Function],
[38;2;0;95;95m[48;2;215;255;255m+           },
[38;2;0;95;95m[48;2;215;255;255m+           Object {
[38;2;0;95;95m[48;2;215;255;255m+             "install": [Function],
[38;2;0;95;95m[48;2;215;255;255m+           },
[38;2;0;95;95m[48;2;215;255;255m+           Object {
[38;2;0;95;95m[48;2;215;255;255m+             "install": [Function],
[38;2;0;95;95m[48;2;215;255;255m+           },
[38;2;0;95;95m[48;2;215;255;255m+           Object {
[38;2;0;95;95m[48;2;215;255;255m+             "install": [Function],
[38;2;0;95;95m[48;2;215;255;255m+           },
[38;2;0;95;95m[48;2;215;255;255m+           Object {
[38;2;0;95;95m[48;2;215;255;255m+             "install": [Function],
[38;2;0;95;95m[48;2;215;255;255m+           },
[38;2;0;95;95m[48;2;215;255;255m+           Object {
[38;2;0;95;95m[48;2;215;255;255m+             "install": [Function],
[38;2;0;95;95m[48;2;215;255;255m+           },
[38;2;0;95;95m[48;2;215;255;255m+           Object {
[38;2;0;95;95m[48;2;215;255;255m+             "install": [Function],
[38;2;0;95;95m[48;2;215;255;255m+           },
[38;2;0;95;95m[48;2;215;255;255m+           Object {
[38;2;0;95;95m[48;2;215;255;255m+             "install": [Function],
[38;2;0;95;95m[48;2;215;255;255m+           },
[38;2;0;95;95m[48;2;215;255;255m+           Object {
[38;2;0;95;95m[48;2;215;255;255m+             "install": [Function],
[38;2;0;95;95m[48;2;215;255;255m+           },
[38;2;0;95;95m[48;2;215;255;255m+           Object {
[38;2;0;95;95m[48;2;215;255;255m+             "install": [Function],
[38;2;0;95;95m[48;2;215;255;255m+           },
[38;2;0;95;95m[48;2;215;255;255m+           Object {
[38;2;0;95;95m[48;2;215;255;255m+             "install": [Function],
[38;2;0;95;95m[48;2;215;255;255m+           },
[38;2;0;95;95m[48;2;215;255;255m+           Object {
[38;2;0;95;95m[48;2;215;255;255m+             "install": [Function],
[38;2;0;95;95m[48;2;215;255;255m+           },
[38;2;0;95;95m[48;2;215;255;255m+           Object {
[38;2;0;95;95m[48;2;215;255;255m+             "install": [Function],
[38;2;0;95;95m[48;2;215;255;255m+           },
[38;2;0;95;95m[48;2;215;255;255m+           Object {
[38;2;0;95;95m[48;2;215;255;255m+             "install": [Function],
[38;2;0;95;95m[48;2;215;255;255m+           },
[38;2;0;95;95m[48;2;215;255;255m+           Object {
[38;2;0;95;95m[48;2;215;255;255m+             "install": [Function],
[38;2;0;95;95m[48;2;215;255;255m+           },
[38;2;0;95;95m[48;2;215;255;255m+           Object {
[38;2;0;95;95m[48;2;215;255;255m+             "install": [Function],
[38;2;0;95;95m[48;2;215;255;255m+           },
[38;2;0;95;95m[48;2;215;255;255m+           Object {
[38;2;0;95;95m[48;2;215;255;255m+             "install": [Function],
[38;2;0;95;95m[48;2;215;255;255m+           },
[38;2;0;95;95m[48;2;215;255;255m+           [Function],
[38;2;0;95;95m[48;2;215;255;255m+           Object {
[38;2;0;95;95m[48;2;215;255;255m+             "install": [Function],
[38;2;0;95;95m[48;2;215;255;255m+           },
[38;2;0;95;95m[48;2;215;255;255m+           Object {
[38;2;0;95;95m[48;2;215;255;255m+             "install": [Function],
[38;2;0;95;95m[48;2;215;255;255m+           },
[38;2;0;95;95m[48;2;215;255;255m+           Object {
[38;2;0;95;95m[48;2;215;255;255m+             "install": [Function],
[38;2;0;95;95m[48;2;215;255;255m+           },
[38;2;0;95;95m[48;2;215;255;255m+           Object {
[38;2;0;95;95m[48;2;215;255;255m+             "install": [Function],
[38;2;0;95;95m[48;2;215;255;255m+           },
[38;2;0;95;95m[48;2;215;255;255m+           Object {
[38;2;0;95;95m[48;2;215;255;255m+             "install": [Function],
[38;2;0;95;95m[48;2;215;255;255m+           },
[38;2;0;95;95m[48;2;215;255;255m+           Object {
[38;2;0;95;95m[48;2;215;255;255m+             "install": [Function],
[38;2;0;95;95m[48;2;215;255;255m+           },
[38;2;0;95;95m[48;2;215;255;255m+           Object {
[38;2;0;95;95m[48;2;215;255;255m+             "install": [Function],
[38;2;0;95;95m[48;2;215;255;255m+           },
[38;2;0;95;95m[48;2;215;255;255m+           Object {
[38;2;0;95;95m[48;2;215;255;255m+             "install": [Function],
[38;2;0;95;95m[48;2;215;255;255m+           },
[38;2;0;95;95m[48;2;215;255;255m+           Object {
[38;2;0;95;95m[48;2;215;255;255m+             "install": [Function],
[38;2;0;95;95m[48;2;215;255;255m+           },
[38;2;0;95;95m[48;2;215;255;255m+           Object {
[38;2;0;95;95m[48;2;215;255;255m+             "install": [Function],
[38;2;0;95;95m[48;2;215;255;255m+           },
[38;2;0;95;95m[48;2;215;255;255m+           Object {
[38;2;0;95;95m[48;2;215;255;255m+             "install": [Function],
[38;2;0;95;95m[48;2;215;255;255m+           },
[38;2;0;95;95m[48;2;215;255;255m+           Object {
[38;2;0;95;95m[48;2;215;255;255m+             "install": [Function],
[38;2;0;95;95m[48;2;215;255;255m+           },
[38;2;0;95;95m[48;2;215;255;255m+           Object {
[38;2;0;95;95m[48;2;215;255;255m+             "install": [Function],
[38;2;0;95;95m[48;2;215;255;255m+           },
[38;2;0;95;95m[48;2;215;255;255m+           Object {
[38;2;0;95;95m[48;2;215;255;255m+             "install": [Function],
[38;2;0;95;95m[48;2;215;255;255m+           },
[38;2;0;95;95m[48;2;215;255;255m+           Object {
[38;2;0;95;95m[48;2;215;255;255m+             "install": [Function],
[38;2;0;95;95m[48;2;215;255;255m+           },
[38;2;0;95;95m[48;2;215;255;255m+           Object {
[38;2;0;95;95m[48;2;215;255;255m+             "install": [Function],
[38;2;0;95;95m[48;2;215;255;255m+           },
[38;2;0;95;95m[48;2;215;255;255m+           Object {
[38;2;0;95;95m[48;2;215;255;255m+             "install": [Function],
[38;2;0;95;95m[48;2;215;255;255m+           },
[38;2;0;95;95m[48;2;215;255;255m+           Object {
[38;2;0;95;95m[48;2;215;255;255m+             "install": [Function],
[38;2;0;95;95m[48;2;215;255;255m+           },
[38;2;0;95;95m[48;2;215;255;255m+           [Function],
[38;2;0;95;95m[48;2;215;255;255m+           Object {
[38;2;0;95;95m[48;2;215;255;255m+             "install": [Function],
[38;2;0;95;95m[48;2;215;255;255m+           },
[38;2;0;95;95m[48;2;215;255;255m+           Object {
[38;2;0;95;95m[48;2;215;255;255m+             "install": [Function],
[38;2;0;95;95m[48;2;215;255;255m+           },
[38;2;0;95;95m[48;2;215;255;255m+           Object {
[38;2;0;95;95m[48;2;215;255;255m+             "install": [Function],
[38;2;0;95;95m[48;2;215;255;255m+           },
[38;2;0;95;95m[48;2;215;255;255m+           Object {
[38;2;0;95;95m[48;2;215;255;255m+             "install": [Function],
[38;2;0;95;95m[48;2;215;255;255m+           },
[38;2;0;95;95m[48;2;215;255;255m+           Object {
[38;2;0;95;95m[48;2;215;255;255m+             "install": [Function],
[38;2;0;95;95m[48;2;215;255;255m+           },
[38;2;0;95;95m[48;2;215;255;255m+           Object {
[38;2;0;95;95m[48;2;215;255;255m+             "install": [Function],
[38;2;0;95;95m[48;2;215;255;255m+           },
[38;2;0;95;95m[48;2;215;255;255m+           Object {
[38;2;0;95;95m[48;2;215;255;255m+             "install": [Function],
[38;2;0;95;95m[48;2;215;255;255m+           },
[38;2;0;95;95m[48;2;215;255;255m+           Object {
[38;2;0;95;95m[48;2;215;255;255m+             "install": [Function],
[38;2;0;95;95m[48;2;215;255;255m+           },
[38;2;0;95;95m[48;2;215;255;255m+           Object {
[38;2;0;95;95m[48;2;215;255;255m+             "install": [Function],
[38;2;0;95;95m[48;2;215;255;255m+           },
[38;2;0;95;95m[48;2;215;255;255m+           Object {
[38;2;0;95;95m[48;2;215;255;255m+             "install": [Function],
[38;2;0;95;95m[48;2;215;255;255m+           },
[38;2;0;95;95m[48;2;215;255;255m+           Object {
[38;2;0;95;95m[48;2;215;255;255m+             "NAME": "BootstrapVue",
[38;2;0;95;95m[48;2;215;255;255m+             "install": [Function],
[38;2;0;95;95m[48;2;215;255;255m+           },
[38;2;0;95;95m[48;2;215;255;255m+         ],
[38;2;0;95;95m[48;2;215;255;255m+         "_isFunctionalContainer": undefined,
[38;2;0;95;95m[48;2;215;255;255m+         "beforeCreate": Array [
[38;2;0;95;95m[48;2;215;255;255m+           [Function],
[38;2;0;95;95m[48;2;215;255;255m+           [Function],
[38;2;0;95;95m[48;2;215;255;255m+           [Function],
[38;2;0;95;95m[48;2;215;255;255m+         ],
[38;2;0;95;95m[48;2;215;255;255m+         "cid": 1398,
[38;2;0;95;95m[48;2;215;255;255m+         "component": [Function],
[38;2;0;95;95m[48;2;215;255;255m+         "components": Object {
[38;2;0;95;95m[48;2;215;255;255m+           "transition": Object {
[38;2;0;95;95m[48;2;215;255;255m+             "$_doNotStubChildren": true,
[38;2;0;95;95m[48;2;215;255;255m+             "$_vueTestUtils_original": Object {
[38;2;0;95;95m[48;2;215;255;255m+               "_Ctor": Object {
[38;2;0;95;95m[48;2;215;255;255m+                 "1404": [Function],
[38;2;0;95;95m[48;2;215;255;255m+               },
[38;2;0;95;95m[48;2;215;255;255m+               "abstract": true,
[38;2;0;95;95m[48;2;215;255;255m+               "name": "transition",
[38;2;0;95;95m[48;2;215;255;255m+               "props": Object {
[38;2;0;95;95m[48;2;215;255;255m+                 "appear": Object {
[38;2;0;95;95m[48;2;215;255;255m+                   "type": [Function],
[38;2;0;95;95m[48;2;215;255;255m+                 },
[38;2;0;95;95m[48;2;215;255;255m+                 "appearActiveClass": Object {
[38;2;0;95;95m[48;2;215;255;255m+                   "type": [Function],
[38;2;0;95;95m[48;2;215;255;255m+                 },
[38;2;0;95;95m[48;2;215;255;255m+                 "appearClass": Object {
[38;2;0;95;95m[48;2;215;255;255m+                   "type": [Function],
[38;2;0;95;95m[48;2;215;255;255m+                 },
[38;2;0;95;95m[48;2;215;255;255m+                 "appearToClass": Object {
[38;2;0;95;95m[48;2;215;255;255m+                   "type": [Function],
[38;2;0;95;95m[48;2;215;255;255m+                 },
[38;2;0;95;95m[48;2;215;255;255m+                 "css": Object {
[38;2;0;95;95m[48;2;215;255;255m+                   "type": [Function],
[38;2;0;95;95m[48;2;215;255;255m+                 },
[38;2;0;95;95m[48;2;215;255;255m+                 "duration": Object {
[38;2;0;95;95m[48;2;215;255;255m+                   "type": Array [
[38;2;0;95;95m[48;2;215;255;255m+                     [Function],
[38;2;0;95;95m[48;2;215;255;255m+                     [Function],
[38;2;0;95;95m[48;2;215;255;255m+                     [Function],
[38;2;0;95;95m[48;2;215;255;255m+                   ],
[38;2;0;95;95m[48;2;215;255;255m+                 },
[38;2;0;95;95m[48;2;215;255;255m+                 "enterActiveClass": Object {
[38;2;0;95;95m[48;2;215;255;255m+                   "type": [Function],
[38;2;0;95;95m[48;2;215;255;255m+                 },
[38;2;0;95;95m[48;2;215;255;255m+                 "enterClass": Object {
[38;2;0;95;95m[48;2;215;255;255m+                   "type": [Function],
[38;2;0;95;95m[48;2;215;255;255m+                 },
[38;2;0;95;95m[48;2;215;255;255m+                 "enterToClass": Object {
[38;2;0;95;95m[48;2;215;255;255m+                   "type": [Function],
[38;2;0;95;95m[48;2;215;255;255m+                 },
[38;2;0;95;95m[48;2;215;255;255m+                 "leaveActiveClass": Object {
[38;2;0;95;95m[48;2;215;255;255m+                   "type": [Function],
[38;2;0;95;95m[48;2;215;255;255m+                 },
[38;2;0;95;95m[48;2;215;255;255m+                 "leaveClass": Object {
[38;2;0;95;95m[48;2;215;255;255m+                   "type": [Function],
[38;2;0;95;95m[48;2;215;255;255m+                 },
[38;2;0;95;95m[48;2;215;255;255m+                 "leaveToClass": Object {
[38;2;0;95;95m[48;2;215;255;255m+                   "type": [Function],
[38;2;0;95;95m[48;2;215;255;255m+                 },
[38;2;0;95;95m[48;2;215;255;255m+                 "mode": Object {
[38;2;0;95;95m[48;2;215;255;255m+                   "type": [Function],
[38;2;0;95;95m[48;2;215;255;255m+                 },
[38;2;0;95;95m[48;2;215;255;255m+                 "name": Object {
[38;2;0;95;95m[48;2;215;255;255m+                   "type": [Function],
[38;2;0;95;95m[48;2;215;255;255m+                 },
[38;2;0;95;95m[48;2;215;255;255m+                 "type": Object {
[38;2;0;95;95m[48;2;215;255;255m+                   "type": [Function],
[38;2;0;95;95m[48;2;215;255;255m+                 },
[38;2;0;95;95m[48;2;215;255;255m+               },
[38;2;0;95;95m[48;2;215;255;255m+               "render": [Function],
[38;2;0;95;95m[48;2;215;255;255m+             },
[38;2;0;95;95m[48;2;215;255;255m+             "abstract": true,
[38;2;0;95;95m[48;2;215;255;255m+             "attrs": undefined,
[38;2;0;95;95m[48;2;215;255;255m+             "class": undefined,
[38;2;0;95;95m[48;2;215;255;255m+             "domProps": undefined,
[38;2;0;95;95m[48;2;215;255;255m+             "functional": undefined,
[38;2;0;95;95m[48;2;215;255;255m+             "key": undefined,
[38;2;0;95;95m[48;2;215;255;255m+             "model": undefined,
[38;2;0;95;95m[48;2;215;255;255m+             "name": "transition",
[38;2;0;95;95m[48;2;215;255;255m+             "nativeOn": undefined,
[38;2;0;95;95m[48;2;215;255;255m+             "normalizedStyle": undefined,
[38;2;0;95;95m[48;2;215;255;255m+             "on": undefined,
[38;2;0;95;95m[48;2;215;255;255m+             "props": Object {
[38;2;0;95;95m[48;2;215;255;255m+               "appear": Object {
[38;2;0;95;95m[48;2;215;255;255m+                 "type": [Function],
[38;2;0;95;95m[48;2;215;255;255m+               },
[38;2;0;95;95m[48;2;215;255;255m+               "appearActiveClass": Object {
[38;2;0;95;95m[48;2;215;255;255m+                 "type": [Function],
[38;2;0;95;95m[48;2;215;255;255m+               },
[38;2;0;95;95m[48;2;215;255;255m+               "appearClass": Object {
[38;2;0;95;95m[48;2;215;255;255m+                 "type": [Function],
[38;2;0;95;95m[48;2;215;255;255m+               },
[38;2;0;95;95m[48;2;215;255;255m+               "appearToClass": Object {
[38;2;0;95;95m[48;2;215;255;255m+                 "type": [Function],
[38;2;0;95;95m[48;2;215;255;255m+               },
[38;2;0;95;95m[48;2;215;255;255m+               "css": Object {
[38;2;0;95;95m[48;2;215;255;255m+                 "type": [Function],
[38;2;0;95;95m[48;2;215;255;255m+               },
[38;2;0;95;95m[48;2;215;255;255m+               "duration": Object {
[38;2;0;95;95m[48;2;215;255;255m+                 "type": Array [
[38;2;0;95;95m[48;2;215;255;255m+                   [Function],
[38;2;0;95;95m[48;2;215;255;255m+                   [Function],
[38;2;0;95;95m[48;2;215;255;255m+                   [Function],
[38;2;0;95;95m[48;2;215;255;255m+                 ],
[38;2;0;95;95m[48;2;215;255;255m+               },
[38;2;0;95;95m[48;2;215;255;255m+               "enterActiveClass": Object {
[38;2;0;95;95m[48;2;215;255;255m+                 "type": [Function],
[38;2;0;95;95m[48;2;215;255;255m+               },
[38;2;0;95;95m[48;2;215;255;255m+               "enterClass": Object {
[38;2;0;95;95m[48;2;215;255;255m+                 "type": [Function],
[38;2;0;95;95m[48;2;215;255;255m+               },
[38;2;0;95;95m[48;2;215;255;255m+               "enterToClass": Object {
[38;2;0;95;95m[48;2;215;255;255m+                 "type": [Function],
[38;2;0;95;95m[48;2;215;255;255m+               },
[38;2;0;95;95m[48;2;215;255;255m+               "leaveActiveClass": Object {
[38;2;0;95;95m[48;2;215;255;255m+                 "type": [Function],
[38;2;0;95;95m[48;2;215;255;255m+               },
[38;2;0;95;95m[48;2;215;255;255m+               "leaveClass": Object {
[38;2;0;95;95m[48;2;215;255;255m+                 "type": [Function],
[38;2;0;95;95m[48;2;215;255;255m+               },
[38;2;0;95;95m[48;2;215;255;255m+               "leaveToClass": Object {
[38;2;0;95;95m[48;2;215;255;255m+                 "type": [Function],
[38;2;0;95;95m[48;2;215;255;255m+               },
[38;2;0;95;95m[48;2;215;255;255m+               "mode": Object {
[38;2;0;95;95m[48;2;215;255;255m+                 "type": [Function],
[38;2;0;95;95m[48;2;215;255;255m+               },
[38;2;0;95;95m[48;2;215;255;255m+               "name": Object {
[38;2;0;95;95m[48;2;215;255;255m+                 "type": [Function],
[38;2;0;95;95m[48;2;215;255;255m+               },
[38;2;0;95;95m[48;2;215;255;255m+               "type": Object {
[38;2;0;95;95m[48;2;215;255;255m+                 "type": [Function],
[38;2;0;95;95m[48;2;215;255;255m+               },
[38;2;0;95;95m[48;2;215;255;255m+             },
[38;2;0;95;95m[48;2;215;255;255m+             "render": [Function],
[38;2;0;95;95m[48;2;215;255;255m+             "staticClass": undefined,
[38;2;0;95;95m[48;2;215;255;255m+             "staticStyle": undefined,
[38;2;0;95;95m[48;2;215;255;255m+             "style": undefined,
[38;2;0;95;95m[48;2;215;255;255m+           },
[38;2;0;95;95m[48;2;215;255;255m+           "transition-group": Object {
[38;2;0;95;95m[48;2;215;255;255m+             "$_doNotStubChildren": true,
[38;2;0;95;95m[48;2;215;255;255m+             "$_vueTestUtils_original": Object {
[38;2;0;95;95m[48;2;215;255;255m+               "_Ctor": Object {
[38;2;0;95;95m[48;2;215;255;255m+                 "1404": [Function],
[38;2;0;95;95m[48;2;215;255;255m+               },
[38;2;0;95;95m[48;2;215;255;255m+               "beforeMount": [Function],
[38;2;0;95;95m[48;2;215;255;255m+               "methods": Object {
[38;2;0;95;95m[48;2;215;255;255m+                 "hasMove": [Function],
[38;2;0;95;95m[48;2;215;255;255m+               },
[38;2;0;95;95m[48;2;215;255;255m+               "props": Object {
[38;2;0;95;95m[48;2;215;255;255m+                 "appear": Object {
[38;2;0;95;95m[48;2;215;255;255m+                   "type": [Function],
[38;2;0;95;95m[48;2;215;255;255m+                 },
[38;2;0;95;95m[48;2;215;255;255m+                 "appearActiveClass": Object {
[38;2;0;95;95m[48;2;215;255;255m+                   "type": [Function],
[38;2;0;95;95m[48;2;215;255;255m+                 },
[38;2;0;95;95m[48;2;215;255;255m+                 "appearClass": Object {
[38;2;0;95;95m[48;2;215;255;255m+                   "type": [Function],
[38;2;0;95;95m[48;2;215;255;255m+                 },
[38;2;0;95;95m[48;2;215;255;255m+                 "appearToClass": Object {
[38;2;0;95;95m[48;2;215;255;255m+                   "type": [Function],
[38;2;0;95;95m[48;2;215;255;255m+                 },
[38;2;0;95;95m[48;2;215;255;255m+                 "css": Object {
[38;2;0;95;95m[48;2;215;255;255m+                   "type": [Function],
[38;2;0;95;95m[48;2;215;255;255m+                 },
[38;2;0;95;95m[48;2;215;255;255m+                 "duration": Object {
[38;2;0;95;95m[48;2;215;255;255m+                   "type": Array [
[38;2;0;95;95m[48;2;215;255;255m+                     [Function],
[38;2;0;95;95m[48;2;215;255;255m+                     [Function],
[38;2;0;95;95m[48;2;215;255;255m+                     [Function],
[38;2;0;95;95m[48;2;215;255;255m+                   ],
[38;2;0;95;95m[48;2;215;255;255m+                 },
[38;2;0;95;95m[48;2;215;255;255m+                 "enterActiveClass": Object {
[38;2;0;95;95m[48;2;215;255;255m+                   "type": [Function],
[38;2;0;95;95m[48;2;215;255;255m+                 },
[38;2;0;95;95m[48;2;215;255;255m+                 "enterClass": Object {
[38;2;0;95;95m[48;2;215;255;255m+                   "type": [Function],
[38;2;0;95;95m[48;2;215;255;255m+                 },
[38;2;0;95;95m[48;2;215;255;255m+                 "enterToClass": Object {
[38;2;0;95;95m[48;2;215;255;255m+                   "type": [Function],
[38;2;0;95;95m[48;2;215;255;255m+                 },
[38;2;0;95;95m[48;2;215;255;255m+                 "leaveActiveClass": Object {
[38;2;0;95;95m[48;2;215;255;255m+                   "type": [Function],
[38;2;0;95;95m[48;2;215;255;255m+                 },
[38;2;0;95;95m[48;2;215;255;255m+                 "leaveClass": Object {
[38;2;0;95;95m[48;2;215;255;255m+                   "type": [Function],
[38;2;0;95;95m[48;2;215;255;255m+                 },
[38;2;0;95;95m[48;2;215;255;255m+                 "leaveToClass": Object {
[38;2;0;95;95m[48;2;215;255;255m+                   "type": [Function],
[38;2;0;95;95m[48;2;215;255;255m+                 },
[38;2;0;95;95m[48;2;215;255;255m+                 "moveClass": Object {
[38;2;0;95;95m[48;2;215;255;255m+                   "type": [Function],
[38;2;0;95;95m[48;2;215;255;255m+                 },
[38;2;0;95;95m[48;2;215;255;255m+                 "name": Object {
[38;2;0;95;95m[48;2;215;255;255m+                   "type": [Function],
[38;2;0;95;95m[48;2;215;255;255m+                 },
[38;2;0;95;95m[48;2;215;255;255m+                 "tag": Object {
[38;2;0;95;95m[48;2;215;255;255m+                   "type": [Function],
[38;2;0;95;95m[48;2;215;255;255m+                 },
[38;2;0;95;95m[48;2;215;255;255m+                 "type": Object {
[38;2;0;95;95m[48;2;215;255;255m+                   "type": [Function],
[38;2;0;95;95m[48;2;215;255;255m+                 },
[38;2;0;95;95m[48;2;215;255;255m+               },
[38;2;0;95;95m[48;2;215;255;255m+               "render": [Function],
[38;2;0;95;95m[48;2;215;255;255m+               "updated": [Function],
[38;2;0;95;95m[48;2;215;255;255m+             },
[38;2;0;95;95m[48;2;215;255;255m+             "abstract": undefined,
[38;2;0;95;95m[48;2;215;255;255m+             "attrs": undefined,
[38;2;0;95;95m[48;2;215;255;255m+             "class": undefined,
[38;2;0;95;95m[48;2;215;255;255m+             "domProps": undefined,
[38;2;0;95;95m[48;2;215;255;255m+             "functional": undefined,
[38;2;0;95;95m[48;2;215;255;255m+             "key": undefined,
[38;2;0;95;95m[48;2;215;255;255m+             "model": undefined,
[38;2;0;95;95m[48;2;215;255;255m+             "name": undefined,
[38;2;0;95;95m[48;2;215;255;255m+             "nativeOn": undefined,
[38;2;0;95;95m[48;2;215;255;255m+             "normalizedStyle": undefined,
[38;2;0;95;95m[48;2;215;255;255m+             "on": undefined,
[38;2;0;95;95m[48;2;215;255;255m+             "props": Object {
[38;2;0;95;95m[48;2;215;255;255m+               "appear": Object {
[38;2;0;95;95m[48;2;215;255;255m+                 "type": [Function],
[38;2;0;95;95m[48;2;215;255;255m+               },
[38;2;0;95;95m[48;2;215;255;255m+               "appearActiveClass": Object {
[38;2;0;95;95m[48;2;215;255;255m+                 "type": [Function],
[38;2;0;95;95m[48;2;215;255;255m+               },
[38;2;0;95;95m[48;2;215;255;255m+               "appearClass": Object {
[38;2;0;95;95m[48;2;215;255;255m+                 "type": [Function],
[38;2;0;95;95m[48;2;215;255;255m+               },
[38;2;0;95;95m[48;2;215;255;255m+               "appearToClass": Object {
[38;2;0;95;95m[48;2;215;255;255m+                 "type": [Function],
[38;2;0;95;95m[48;2;215;255;255m+               },
[38;2;0;95;95m[48;2;215;255;255m+               "css": Object {
[38;2;0;95;95m[48;2;215;255;255m+                 "type": [Function],
[38;2;0;95;95m[48;2;215;255;255m+               },
[38;2;0;95;95m[48;2;215;255;255m+               "duration": Object {
[38;2;0;95;95m[48;2;215;255;255m+                 "type": Array [
[38;2;0;95;95m[48;2;215;255;255m+                   [Function],
[38;2;0;95;95m[48;2;215;255;255m+                   [Function],
[38;2;0;95;95m[48;2;215;255;255m+                   [Function],
[38;2;0;95;95m[48;2;215;255;255m+                 ],
[38;2;0;95;95m[48;2;215;255;255m+               },
[38;2;0;95;95m[48;2;215;255;255m+               "enterActiveClass": Object {
[38;2;0;95;95m[48;2;215;255;255m+                 "type": [Function],
[38;2;0;95;95m[48;2;215;255;255m+               },
[38;2;0;95;95m[48;2;215;255;255m+               "enterClass": Object {
[38;2;0;95;95m[48;2;215;255;255m+                 "type": [Function],
[38;2;0;95;95m[48;2;215;255;255m+               },
[38;2;0;95;95m[48;2;215;255;255m+               "enterToClass": Object {
[38;2;0;95;95m[48;2;215;255;255m+                 "type": [Function],
[38;2;0;95;95m[48;2;215;255;255m+               },
[38;2;0;95;95m[48;2;215;255;255m+               "leaveActiveClass": Object {
[38;2;0;95;95m[48;2;215;255;255m+                 "type": [Function],
[38;2;0;95;95m[48;2;215;255;255m+               },
[38;2;0;95;95m[48;2;215;255;255m+               "leaveClass": Object {
[38;2;0;95;95m[48;2;215;255;255m+                 "type": [Function],
[38;2;0;95;95m[48;2;215;255;255m+               },
[38;2;0;95;95m[48;2;215;255;255m+               "leaveToClass": Object {
[38;2;0;95;95m[48;2;215;255;255m+                 "type": [Function],
[38;2;0;95;95m[48;2;215;255;255m+               },
[38;2;0;95;95m[48;2;215;255;255m+               "moveClass": Object {
[38;2;0;95;95m[48;2;215;255;255m+                 "type": [Function],
[38;2;0;95;95m[48;2;215;255;255m+               },
[38;2;0;95;95m[48;2;215;255;255m+               "name": Object {
[38;2;0;95;95m[48;2;215;255;255m+                 "type": [Function],
[38;2;0;95;95m[48;2;215;255;255m+               },
[38;2;0;95;95m[48;2;215;255;255m+               "tag": Object {
[38;2;0;95;95m[48;2;215;255;255m+                 "type": [Function],
[38;2;0;95;95m[48;2;215;255;255m+               },
[38;2;0;95;95m[48;2;215;255;255m+               "type": Object {
[38;2;0;95;95m[48;2;215;255;255m+                 "type": [Function],
[38;2;0;95;95m[48;2;215;255;255m+               },
[38;2;0;95;95m[48;2;215;255;255m+             },
[38;2;0;95;95m[48;2;215;255;255m+             "render": [Function],
[38;2;0;95;95m[48;2;215;255;255m+             "staticClass": undefined,
[38;2;0;95;95m[48;2;215;255;255m+             "staticStyle": undefined,
[38;2;0;95;95m[48;2;215;255;255m+             "style": undefined,
[38;2;0;95;95m[48;2;215;255;255m+           },
[38;2;0;95;95m[48;2;215;255;255m+         },
[38;2;0;95;95m[48;2;215;255;255m+         "config": Object {
[38;2;0;95;95m[48;2;215;255;255m+           "_lifecycleHooks": Array [
[38;2;0;95;95m[48;2;215;255;255m+             "beforeCreate",
[38;2;0;95;95m[48;2;215;255;255m+             "created",
[38;2;0;95;95m[48;2;215;255;255m+             "beforeMount",
[38;2;0;95;95m[48;2;215;255;255m+             "mounted",
[38;2;0;95;95m[48;2;215;255;255m+             "beforeUpdate",
[38;2;0;95;95m[48;2;215;255;255m+             "updated",
[38;2;0;95;95m[48;2;215;255;255m+             "beforeDestroy",
[38;2;0;95;95m[48;2;215;255;255m+             "destroyed",
[38;2;0;95;95m[48;2;215;255;255m+             "activated",
[38;2;0;95;95m[48;2;215;255;255m+             "deactivated",
[38;2;0;95;95m[48;2;215;255;255m+             "errorCaptured",
[38;2;0;95;95m[48;2;215;255;255m+             "serverPrefetch",
[38;2;0;95;95m[48;2;215;255;255m+           ],
[38;2;0;95;95m[48;2;215;255;255m+           "async": true,
[38;2;0;95;95m[48;2;215;255;255m+           "devtools": false,
[38;2;0;95;95m[48;2;215;255;255m+           "errorHandler": undefined,
[38;2;0;95;95m[48;2;215;255;255m+           "getTagNamespace": [Function],
[38;2;0;95;95m[48;2;215;255;255m+           "ignoredElements": Array [],
[38;2;0;95;95m[48;2;215;255;255m+           "isReservedAttr": [Function],
[38;2;0;95;95m[48;2;215;255;255m+           "isReservedTag": [Function],
[38;2;0;95;95m[48;2;215;255;255m+           "isUnknownElement": [Function],
[38;2;0;95;95m[48;2;215;255;255m+           "keyCodes": Object {},
[38;2;0;95;95m[48;2;215;255;255m+           "mustUseProp": [Function],
[38;2;0;95;95m[48;2;215;255;255m+           "optionMergeStrategies": Object {
[38;2;0;95;95m[48;2;215;255;255m+             "activated": [Function],
[38;2;0;95;95m[48;2;215;255;255m+             "beforeCreate": [Function],
[38;2;0;95;95m[48;2;215;255;255m+             "beforeDestroy": [Function],
[38;2;0;95;95m[48;2;215;255;255m+             "beforeMount": [Function],
[38;2;0;95;95m[48;2;215;255;255m+             "beforeUpdate": [Function],
[38;2;0;95;95m[48;2;215;255;255m+             "components": [Function],
[38;2;0;95;95m[48;2;215;255;255m+             "computed": [Function],
[38;2;0;95;95m[48;2;215;255;255m+             "created": [Function],
[38;2;0;95;95m[48;2;215;255;255m+             "data": [Function],
[38;2;0;95;95m[48;2;215;255;255m+             "deactivated": [Function],
[38;2;0;95;95m[48;2;215;255;255m+             "destroyed": [Function],
[38;2;0;95;95m[48;2;215;255;255m+             "directives": [Function],
[38;2;0;95;95m[48;2;215;255;255m+             "el": [Function],
[38;2;0;95;95m[48;2;215;255;255m+             "errorCaptured": [Function],
[38;2;0;95;95m[48;2;215;255;255m+             "filters": [Function],
[38;2;0;95;95m[48;2;215;255;255m+             "inject": [Function],
[38;2;0;95;95m[48;2;215;255;255m+             "methods": [Function],
[38;2;0;95;95m[48;2;215;255;255m+             "mounted": [Function],
[38;2;0;95;95m[48;2;215;255;255m+             "props": [Function],
[38;2;0;95;95m[48;2;215;255;255m+             "propsData": [Function],
[38;2;0;95;95m[48;2;215;255;255m+             "provide": [Function],
[38;2;0;95;95m[48;2;215;255;255m+             "serverPrefetch": [Function],
[38;2;0;95;95m[48;2;215;255;255m+             "updated": [Function],
[38;2;0;95;95m[48;2;215;255;255m+             "watch": [Function],
[38;2;0;95;95m[48;2;215;255;255m+           },
[38;2;0;95;95m[48;2;215;255;255m+           "parsePlatformTagName": [Function],
[38;2;0;95;95m[48;2;215;255;255m+           "performance": false,
[38;2;0;95;95m[48;2;215;255;255m+           "productionTip": false,
[38;2;0;95;95m[48;2;215;255;255m+           "silent": false,
[38;2;0;95;95m[48;2;215;255;255m+           "warnHandler": null,
[38;2;0;95;95m[48;2;215;255;255m+         },
[38;2;0;95;95m[48;2;215;255;255m+         "data": [Function],
[38;2;0;95;95m[48;2;215;255;255m+         "delete": [Function],
[38;2;0;95;95m[48;2;215;255;255m+         "directive": [Function],
[38;2;0;95;95m[48;2;215;255;255m+         "directives": Object {},
[38;2;0;95;95m[48;2;215;255;255m+         "extend": [Function],
[38;2;0;95;95m[48;2;215;255;255m+         "extendOptions": Object {
[38;2;0;95;95m[48;2;215;255;255m+           "_Ctor": Object {
[38;2;0;95;95m[48;2;215;255;255m+             "0": [Function],
[38;2;0;95;95m[48;2;215;255;255m+           },
[38;2;0;95;95m[48;2;215;255;255m+         },
[38;2;0;95;95m[48;2;215;255;255m+         "filter": [Function],
[38;2;0;95;95m[48;2;215;255;255m+         "filters": Object {},
[38;2;0;95;95m[48;2;215;255;255m+         "methods": undefined,
[38;2;0;95;95m[48;2;215;255;255m+         "mixin": [Function],
[38;2;0;95;95m[48;2;215;255;255m+         "mocks": undefined,
[38;2;0;95;95m[48;2;215;255;255m+         "nextTick": [Function],
[38;2;0;95;95m[48;2;215;255;255m+         "observable": [Function],
[38;2;0;95;95m[48;2;215;255;255m+         "options": Object {
[38;2;0;95;95m[48;2;215;255;255m+           "_Ctor": Object {
[38;2;0;95;95m[48;2;215;255;255m+             "0": [Function],
[38;2;0;95;95m[48;2;215;255;255m+           },
[38;2;0;95;95m[48;2;215;255;255m+           "_base": [Function],
[38;2;0;95;95m[48;2;215;255;255m+           "beforeCreate": Array [
[38;2;0;95;95m[48;2;215;255;255m+             [Function],
[38;2;0;95;95m[48;2;215;255;255m+             [Function],
[38;2;0;95;95m[48;2;215;255;255m+           ],
[38;2;0;95;95m[48;2;215;255;255m+           "components": Object {
[38;2;0;95;95m[48;2;215;255;255m+             "BTooltip": [Function],
[38;2;0;95;95m[48;2;215;255;255m+           },
[38;2;0;95;95m[48;2;215;255;255m+           "directives": Object {
[38;2;0;95;95m[48;2;215;255;255m+             "BHover": Object {
[38;2;0;95;95m[48;2;215;255;255m+               "bind": [Function],
[38;2;0;95;95m[48;2;215;255;255m+               "componentUpdated": [Function],
[38;2;0;95;95m[48;2;215;255;255m+               "unbind": [Function],
[38;2;0;95;95m[48;2;215;255;255m+             },
[38;2;0;95;95m[48;2;215;255;255m+             "BModal": Object {
[38;2;0;95;95m[48;2;215;255;255m+               "componentUpdated": [Function],
[38;2;0;95;95m[48;2;215;255;255m+               "inserted": [Function],
[38;2;0;95;95m[48;2;215;255;255m+               "unbind": [Function],
[38;2;0;95;95m[48;2;215;255;255m+               "updated": [Function],
[38;2;0;95;95m[48;2;215;255;255m+             },
[38;2;0;95;95m[48;2;215;255;255m+             "BScrollspy": Object {
[38;2;0;95;95m[48;2;215;255;255m+               "bind": [Function],
[38;2;0;95;95m[48;2;215;255;255m+               "componentUpdated": [Function],
[38;2;0;95;95m[48;2;215;255;255m+               "inserted": [Function],
[38;2;0;95;95m[48;2;215;255;255m+               "unbind": [Function],
[38;2;0;95;95m[48;2;215;255;255m+               "update": [Function],
[38;2;0;95;95m[48;2;215;255;255m+             },
[38;2;0;95;95m[48;2;215;255;255m+             "BTooltip": Object {
[38;2;0;95;95m[48;2;215;255;255m+               "bind": [Function],
[38;2;0;95;95m[48;2;215;255;255m+               "componentUpdated": [Function],
[38;2;0;95;95m[48;2;215;255;255m+               "unbind": [Function],
[38;2;0;95;95m[48;2;215;255;255m+             },
[38;2;0;95;95m[48;2;215;255;255m+             "BVisible": Object {
[38;2;0;95;95m[48;2;215;255;255m+               "bind": [Function],
[38;2;0;95;95m[48;2;215;255;255m+               "componentUpdated": [Function],
[38;2;0;95;95m[48;2;215;255;255m+               "unbind": [Function],
[38;2;0;95;95m[48;2;215;255;255m+             },
[38;2;0;95;95m[48;2;215;255;255m+           },
[38;2;0;95;95m[48;2;215;255;255m+           "filters": Object {},
[38;2;0;95;95m[48;2;215;255;255m+         },
[38;2;0;95;95m[48;2;215;255;255m+         "provide": [Function],
[38;2;0;95;95m[48;2;215;255;255m+         "render": [Function],
[38;2;0;95;95m[48;2;215;255;255m+         "sealedOptions": Object {
[38;2;0;95;95m[48;2;215;255;255m+           "_Ctor": Object {
[38;2;0;95;95m[48;2;215;255;255m+             "0": [Function],
[38;2;0;95;95m[48;2;215;255;255m+           },
[38;2;0;95;95m[48;2;215;255;255m+           "_base": [Function],
[38;2;0;95;95m[48;2;215;255;255m+           "components": Object {
[38;2;0;95;95m[48;2;215;255;255m+             "BAlert": [Function],
[38;2;0;95;95m[48;2;215;255;255m+             "BAspect": [Function],
[38;2;0;95;95m[48;2;215;255;255m+             "BAvatar": [Function],
[38;2;0;95;95m[48;2;215;255;255m+             "BAvatarGroup": [Function],
[38;2;0;95;95m[48;2;215;255;255m+             "BBadge": [Function],
[38;2;0;95;95m[48;2;215;255;255m+             "BBreadcrumb": [Function],
[38;2;0;95;95m[48;2;215;255;255m+             "BBreadcrumbItem": [Function],
[38;2;0;95;95m[48;2;215;255;255m+             "BBreadcrumbLink": [Function],
[38;2;0;95;95m[48;2;215;255;255m+             "BBtn": [Function],
[38;2;0;95;95m[48;2;215;255;255m+             "BBtnClose": [Function],
[38;2;0;95;95m[48;2;215;255;255m+             "BBtnGroup": [Function],
[38;2;0;95;95m[48;2;215;255;255m+             "BBtnToolbar": [Function],
[38;2;0;95;95m[48;2;215;255;255m+             "BButton": [Function],
[38;2;0;95;95m[48;2;215;255;255m+             "BButtonClose": [Function],
[38;2;0;95;95m[48;2;215;255;255m+             "BButtonGroup": [Function],
[38;2;0;95;95m[48;2;215;255;255m+             "BButtonToolbar": [Function],
[38;2;0;95;95m[48;2;215;255;255m+             "BCalendar": [Function],
[38;2;0;95;95m[48;2;215;255;255m+             "BCard": [Function],
[38;2;0;95;95m[48;2;215;255;255m+             "BCardBody": [Function],
[38;2;0;95;95m[48;2;215;255;255m+             "BCardFooter": [Function],
[38;2;0;95;95m[48;2;215;255;255m+             "BCardGroup": [Function],
[38;2;0;95;95m[48;2;215;255;255m+             "BCardHeader": [Function],
[38;2;0;95;95m[48;2;215;255;255m+             "BCardImg": [Function],
[38;2;0;95;95m[48;2;215;255;255m+             "BCardImgLazy": [Function],
[38;2;0;95;95m[48;2;215;255;255m+             "BCardSubTitle": [Function],
[38;2;0;95;95m[48;2;215;255;255m+             "BCardText": [Function],
[38;2;0;95;95m[48;2;215;255;255m+             "BCardTitle": [Function],
[38;2;0;95;95m[48;2;215;255;255m+             "BCarousel": [Function],
[38;2;0;95;95m[48;2;215;255;255m+             "BCarouselSlide": [Function],
[38;2;0;95;95m[48;2;215;255;255m+             "BCheck": [Function],
[38;2;0;95;95m[48;2;215;255;255m+             "BCheckGroup": [Function],
[38;2;0;95;95m[48;2;215;255;255m+             "BCheckbox": [Function],
[38;2;0;95;95m[48;2;215;255;255m+             "BCheckboxGroup": [Function],
[38;2;0;95;95m[48;2;215;255;255m+             "BCol": [Function],
[38;2;0;95;95m[48;2;215;255;255m+             "BCollapse": [Function],
[38;2;0;95;95m[48;2;215;255;255m+             "BContainer": [Function],
[38;2;0;95;95m[48;2;215;255;255m+             "BDatalist": [Function],
[38;2;0;95;95m[48;2;215;255;255m+             "BDatepicker": [Function],
[38;2;0;95;95m[48;2;215;255;255m+             "BDd": [Function],
[38;2;0;95;95m[48;2;215;255;255m+             "BDdDivider": [Function],
[38;2;0;95;95m[48;2;215;255;255m+             "BDdForm": [Function],
[38;2;0;95;95m[48;2;215;255;255m+             "BDdGroup": [Function],
[38;2;0;95;95m[48;2;215;255;255m+             "BDdHeader": [Function],
[38;2;0;95;95m[48;2;215;255;255m+             "BDdItem": [Function],
[38;2;0;95;95m[48;2;215;255;255m+             "BDdItemBtn": [Function],
[38;2;0;95;95m[48;2;215;255;255m+             "BDdItemButton": [Function],
[38;2;0;95;95m[48;2;215;255;255m+             "BDdText": [Function],
[38;2;0;95;95m[48;2;215;255;255m+             "BDropdown": [Function],
[38;2;0;95;95m[48;2;215;255;255m+             "BDropdownDivider": [Function],
[38;2;0;95;95m[48;2;215;255;255m+             "BDropdownForm": [Function],
[38;2;0;95;95m[48;2;215;255;255m+             "BDropdownGroup": [Function],
[38;2;0;95;95m[48;2;215;255;255m+             "BDropdownHeader": [Function],
[38;2;0;95;95m[48;2;215;255;255m+             "BDropdownItem": [Function],
[38;2;0;95;95m[48;2;215;255;255m+             "BDropdownItemBtn": [Function],
[38;2;0;95;95m[48;2;215;255;255m+             "BDropdownItemButton": [Function],
[38;2;0;95;95m[48;2;215;255;255m+             "BDropdownText": [Function],
[38;2;0;95;95m[48;2;215;255;255m+             "BEmbed": [Function],
[38;2;0;95;95m[48;2;215;255;255m+             "BFile": [Function],
[38;2;0;95;95m[48;2;215;255;255m+             "BForm": [Function],
[38;2;0;95;95m[48;2;215;255;255m+             "BFormCheckbox": [Function],
[38;2;0;95;95m[48;2;215;255;255m+             "BFormCheckboxGroup": [Function],
[38;2;0;95;95m[48;2;215;255;255m+             "BFormDatalist": [Function],
[38;2;0;95;95m[48;2;215;255;255m+             "BFormDatepicker": [Function],
[38;2;0;95;95m[48;2;215;255;255m+             "BFormFeedback": [Function],
[38;2;0;95;95m[48;2;215;255;255m+             "BFormFieldset": [Function],
[38;2;0;95;95m[48;2;215;255;255m+             "BFormFile": [Function],
[38;2;0;95;95m[48;2;215;255;255m+             "BFormGroup": [Function],
[38;2;0;95;95m[48;2;215;255;255m+             "BFormInput": [Function],
[38;2;0;95;95m[48;2;215;255;255m+             "BFormInvalidFeedback": [Function],
[38;2;0;95;95m[48;2;215;255;255m+             "BFormRadio": [Function],
[38;2;0;95;95m[48;2;215;255;255m+             "BFormRadioGroup": [Function],
[38;2;0;95;95m[48;2;215;255;255m+             "BFormRating": [Function],
[38;2;0;95;95m[48;2;215;255;255m+             "BFormRow": [Function],
[38;2;0;95;95m[48;2;215;255;255m+             "BFormSelect": [Function],
[38;2;0;95;95m[48;2;215;255;255m+             "BFormSelectOption": [Function],
[38;2;0;95;95m[48;2;215;255;255m+             "BFormSelectOptionGroup": [Function],
[38;2;0;95;95m[48;2;215;255;255m+             "BFormSpinbutton": [Function],
[38;2;0;95;95m[48;2;215;255;255m+             "BFormTag": [Function],
[38;2;0;95;95m[48;2;215;255;255m+             "BFormTags": [Function],
[38;2;0;95;95m[48;2;215;255;255m+             "BFormText": [Function],
[38;2;0;95;95m[48;2;215;255;255m+             "BFormTextarea": [Function],
[38;2;0;95;95m[48;2;215;255;255m+             "BFormTimepicker": [Function],
[38;2;0;95;95m[48;2;215;255;255m+             "BFormValidFeedback": [Function],
[38;2;0;95;95m[48;2;215;255;255m+             "BImg": [Function],
[38;2;0;95;95m[48;2;215;255;255m+             "BImgLazy": [Function],
[38;2;0;95;95m[48;2;215;255;255m+             "BInput": [Function],
[38;2;0;95;95m[48;2;215;255;255m+             "BInputGroup": [Function],
[38;2;0;95;95m[48;2;215;255;255m+             "BInputGroupAddon": [Function],
[38;2;0;95;95m[48;2;215;255;255m+             "BInputGroupAppend": [Function],
[38;2;0;95;95m[48;2;215;255;255m+             "BInputGroupPrepend": [Function],
[38;2;0;95;95m[48;2;215;255;255m+             "BInputGroupText": [Function],
[38;2;0;95;95m[48;2;215;255;255m+             "BJumbotron": [Function],
[38;2;0;95;95m[48;2;215;255;255m+             "BLink": [Function],
[38;2;0;95;95m[48;2;215;255;255m+             "BListGroup": [Function],
[38;2;0;95;95m[48;2;215;255;255m+             "BListGroupItem": [Function],
[38;2;0;95;95m[48;2;215;255;255m+             "BMedia": [Function],
[38;2;0;95;95m[48;2;215;255;255m+             "BMediaAside": [Function],
[38;2;0;95;95m[48;2;215;255;255m+             "BMediaBody": [Function],
[38;2;0;95;95m[48;2;215;255;255m+             "BModal": [Function],
[38;2;0;95;95m[48;2;215;255;255m+             "BRadio": [Function],
[38;2;0;95;95m[48;2;215;255;255m+             "BRadioGroup": [Function],
[38;2;0;95;95m[48;2;215;255;255m+             "BRating": [Function],
[38;2;0;95;95m[48;2;215;255;255m+             "BRow": [Function],
[38;2;0;95;95m[48;2;215;255;255m+             "BSelect": [Function],
[38;2;0;95;95m[48;2;215;255;255m+             "BSelectOption": [Function],
[38;2;0;95;95m[48;2;215;255;255m+             "BSelectOptionGroup": [Function],
[38;2;0;95;95m[48;2;215;255;255m+             "BSpinbutton": [Function],
[38;2;0;95;95m[48;2;215;255;255m+             "BTag": [Function],
[38;2;0;95;95m[48;2;215;255;255m+             "BTags": [Function],
[38;2;0;95;95m[48;2;215;255;255m+             "BTextarea": [Function],
[38;2;0;95;95m[48;2;215;255;255m+             "BTimepicker": [Function],
[38;2;0;95;95m[48;2;215;255;255m+           },
[38;2;0;95;95m[48;2;215;255;255m+           "directives": Object {
[38;2;0;95;95m[48;2;215;255;255m+             "BModal": Object {
[38;2;0;95;95m[48;2;215;255;255m+               "componentUpdated": [Function],
[38;2;0;95;95m[48;2;215;255;255m+               "inserted": [Function],
[38;2;0;95;95m[48;2;215;255;255m+               "unbind": [Function],
[38;2;0;95;95m[48;2;215;255;255m+               "updated": [Function],
[38;2;0;95;95m[48;2;215;255;255m+             },
[38;2;0;95;95m[48;2;215;255;255m+             "BToggle": Object {
[38;2;0;95;95m[48;2;215;255;255m+               "bind": [Function],
[38;2;0;95;95m[48;2;215;255;255m+               "componentUpdated": [Function],
[38;2;0;95;95m[48;2;215;255;255m+               "unbind": [Function],
[38;2;0;95;95m[48;2;215;255;255m+               "updated": [Function],
[38;2;0;95;95m[48;2;215;255;255m+             },
[38;2;0;95;95m[48;2;215;255;255m+           },
[38;2;0;95;95m[48;2;215;255;255m+           "filters": Object {},
[38;2;0;95;95m[48;2;215;255;255m+         },
[38;2;0;95;95m[48;2;215;255;255m+         "set": [Function],
[38;2;0;95;95m[48;2;215;255;255m+         "shouldProxy": true,
[38;2;0;95;95m[48;2;215;255;255m+         "stubs": Object {
[38;2;0;95;95m[48;2;215;255;255m+           "transition": true,
[38;2;0;95;95m[48;2;215;255;255m+           "transition-group": true,
[38;2;0;95;95m[48;2;215;255;255m+         },
[38;2;0;95;95m[48;2;215;255;255m+         "super": [Function],
[38;2;0;95;95m[48;2;215;255;255m+         "superOptions": Object {
[38;2;0;95;95m[48;2;215;255;255m+           "_base": [Function],
[38;2;0;95;95m[48;2;215;255;255m+           "components": Object {
[38;2;0;95;95m[48;2;215;255;255m+             "KeepAlive": Object {
[38;2;0;95;95m[48;2;215;255;255m+               "abstract": true,
[38;2;0;95;95m[48;2;215;255;255m+               "created": [Function],
[38;2;0;95;95m[48;2;215;255;255m+               "destroyed": [Function],
[38;2;0;95;95m[48;2;215;255;255m+               "methods": Object {
[38;2;0;95;95m[48;2;215;255;255m+                 "cacheVNode": [Function],
[38;2;0;95;95m[48;2;215;255;255m+               },
[38;2;0;95;95m[48;2;215;255;255m+               "mounted": [Function],
[38;2;0;95;95m[48;2;215;255;255m+               "name": "keep-alive",
[38;2;0;95;95m[48;2;215;255;255m+               "props": Object {
[38;2;0;95;95m[48;2;215;255;255m+                 "exclude": Array [
[38;2;0;95;95m[48;2;215;255;255m+                   [Function],
[38;2;0;95;95m[48;2;215;255;255m+                   [Function],
[38;2;0;95;95m[48;2;215;255;255m+                   [Function],
[38;2;0;95;95m[48;2;215;255;255m+                 ],
[38;2;0;95;95m[48;2;215;255;255m+                 "include": Array [
[38;2;0;95;95m[48;2;215;255;255m+                   [Function],
[38;2;0;95;95m[48;2;215;255;255m+                   [Function],
[38;2;0;95;95m[48;2;215;255;255m+                   [Function],
[38;2;0;95;95m[48;2;215;255;255m+                 ],
[38;2;0;95;95m[48;2;215;255;255m+                 "max": Array [
[38;2;0;95;95m[48;2;215;255;255m+                   [Function],
[38;2;0;95;95m[48;2;215;255;255m+                   [Function],
[38;2;0;95;95m[48;2;215;255;255m+                 ],
[38;2;0;95;95m[48;2;215;255;255m+               },
[38;2;0;95;95m[48;2;215;255;255m+               "render": [Function],
[38;2;0;95;95m[48;2;215;255;255m+               "updated": [Function],
[38;2;0;95;95m[48;2;215;255;255m+             },
[38;2;0;95;95m[48;2;215;255;255m+             "Transition": Object {
[38;2;0;95;95m[48;2;215;255;255m+               "_Ctor": Object {
[38;2;0;95;95m[48;2;215;255;255m+                 "1404": [Function],
[38;2;0;95;95m[48;2;215;255;255m+               },
[38;2;0;95;95m[48;2;215;255;255m+               "abstract": true,
[38;2;0;95;95m[48;2;215;255;255m+               "name": "transition",
[38;2;0;95;95m[48;2;215;255;255m+               "props": Object {
[38;2;0;95;95m[48;2;215;255;255m+                 "appear": Object {
[38;2;0;95;95m[48;2;215;255;255m+                   "type": [Function],
[38;2;0;95;95m[48;2;215;255;255m+                 },
[38;2;0;95;95m[48;2;215;255;255m+                 "appearActiveClass": Object {
[38;2;0;95;95m[48;2;215;255;255m+                   "type": [Function],
[38;2;0;95;95m[48;2;215;255;255m+                 },
[38;2;0;95;95m[48;2;215;255;255m+                 "appearClass": Object {
[38;2;0;95;95m[48;2;215;255;255m+                   "type": [Function],
[38;2;0;95;95m[48;2;215;255;255m+                 },
[38;2;0;95;95m[48;2;215;255;255m+                 "appearToClass": Object {
[38;2;0;95;95m[48;2;215;255;255m+                   "type": [Function],
[38;2;0;95;95m[48;2;215;255;255m+                 },
[38;2;0;95;95m[48;2;215;255;255m+                 "css": Object {
[38;2;0;95;95m[48;2;215;255;255m+                   "type": [Function],
[38;2;0;95;95m[48;2;215;255;255m+                 },
[38;2;0;95;95m[48;2;215;255;255m+                 "duration": Object {
[38;2;0;95;95m[48;2;215;255;255m+                   "type": Array [
[38;2;0;95;95m[48;2;215;255;255m+                     [Function],
[38;2;0;95;95m[48;2;215;255;255m+                     [Function],
[38;2;0;95;95m[48;2;215;255;255m+                     [Function],
[38;2;0;95;95m[48;2;215;255;255m+                   ],
[38;2;0;95;95m[48;2;215;255;255m+                 },
[38;2;0;95;95m[48;2;215;255;255m+                 "enterActiveClass": Object {
[38;2;0;95;95m[48;2;215;255;255m+                   "type": [Function],
[38;2;0;95;95m[48;2;215;255;255m+                 },
[38;2;0;95;95m[48;2;215;255;255m+                 "enterClass": Object {
[38;2;0;95;95m[48;2;215;255;255m+                   "type": [Function],
[38;2;0;95;95m[48;2;215;255;255m+                 },
[38;2;0;95;95m[48;2;215;255;255m+                 "enterToClass": Object {
[38;2;0;95;95m[48;2;215;255;255m+                   "type": [Function],
[38;2;0;95;95m[48;2;215;255;255m+                 },
[38;2;0;95;95m[48;2;215;255;255m+                 "leaveActiveClass": Object {
[38;2;0;95;95m[48;2;215;255;255m+                   "type": [Function],
[38;2;0;95;95m[48;2;215;255;255m+                 },
[38;2;0;95;95m[48;2;215;255;255m+                 "leaveClass": Object {
[38;2;0;95;95m[48;2;215;255;255m+                   "type": [Function],
[38;2;0;95;95m[48;2;215;255;255m+                 },
[38;2;0;95;95m[48;2;215;255;255m+                 "leaveToClass": Object {
[38;2;0;95;95m[48;2;215;255;255m+                   "type": [Function],
[38;2;0;95;95m[48;2;215;255;255m+                 },
[38;2;0;95;95m[48;2;215;255;255m+                 "mode": Object {
[38;2;0;95;95m[48;2;215;255;255m+                   "type": [Function],
[38;2;0;95;95m[48;2;215;255;255m+                 },
[38;2;0;95;95m[48;2;215;255;255m+                 "name": Object {
[38;2;0;95;95m[48;2;215;255;255m+                   "type": [Function],
[38;2;0;95;95m[48;2;215;255;255m+                 },
[38;2;0;95;95m[48;2;215;255;255m+                 "type": Object {
[38;2;0;95;95m[48;2;215;255;255m+                   "type": [Function],
[38;2;0;95;95m[48;2;215;255;255m+                 },
[38;2;0;95;95m[48;2;215;255;255m+               },
[38;2;0;95;95m[48;2;215;255;255m+               "render": [Function],
[38;2;0;95;95m[48;2;215;255;255m+             },
[38;2;0;95;95m[48;2;215;255;255m+             "TransitionGroup": Object {
[38;2;0;95;95m[48;2;215;255;255m+               "_Ctor": Object {
[38;2;0;95;95m[48;2;215;255;255m+                 "1404": [Function],
[38;2;0;95;95m[48;2;215;255;255m+               },
[38;2;0;95;95m[48;2;215;255;255m+               "beforeMount": [Function],
[38;2;0;95;95m[48;2;215;255;255m+               "methods": Object {
[38;2;0;95;95m[48;2;215;255;255m+                 "hasMove": [Function],
[38;2;0;95;95m[48;2;215;255;255m+               },
[38;2;0;95;95m[48;2;215;255;255m+               "props": Object {
[38;2;0;95;95m[48;2;215;255;255m+                 "appear": Object {
[38;2;0;95;95m[48;2;215;255;255m+                   "type": [Function],
[38;2;0;95;95m[48;2;215;255;255m+                 },
[38;2;0;95;95m[48;2;215;255;255m+                 "appearActiveClass": Object {
[38;2;0;95;95m[48;2;215;255;255m+                   "type": [Function],
[38;2;0;95;95m[48;2;215;255;255m+                 },
[38;2;0;95;95m[48;2;215;255;255m+                 "appearClass": Object {
[38;2;0;95;95m[48;2;215;255;255m+                   "type": [Function],
[38;2;0;95;95m[48;2;215;255;255m+                 },
[38;2;0;95;95m[48;2;215;255;255m+                 "appearToClass": Object {
[38;2;0;95;95m[48;2;215;255;255m+                   "type": [Function],
[38;2;0;95;95m[48;2;215;255;255m+                 },
[38;2;0;95;95m[48;2;215;255;255m+                 "css": Object {
[38;2;0;95;95m[48;2;215;255;255m+                   "type": [Function],
[38;2;0;95;95m[48;2;215;255;255m+                 },
[38;2;0;95;95m[48;2;215;255;255m+                 "duration": Object {
[38;2;0;95;95m[48;2;215;255;255m+                   "type": Array [
[38;2;0;95;95m[48;2;215;255;255m+                     [Function],
[38;2;0;95;95m[48;2;215;255;255m+                     [Function],
[38;2;0;95;95m[48;2;215;255;255m+                     [Function],
[38;2;0;95;95m[48;2;215;255;255m+                   ],
[38;2;0;95;95m[48;2;215;255;255m+                 },
[38;2;0;95;95m[48;2;215;255;255m+                 "enterActiveClass": Object {
[38;2;0;95;95m[48;2;215;255;255m+                   "type": [Function],
[38;2;0;95;95m[48;2;215;255;255m+                 },
[38;2;0;95;95m[48;2;215;255;255m+                 "enterClass": Object {
[38;2;0;95;95m[48;2;215;255;255m+                   "type": [Function],
[38;2;0;95;95m[48;2;215;255;255m+                 },
[38;2;0;95;95m[48;2;215;255;255m+                 "enterToClass": Object {
[38;2;0;95;95m[48;2;215;255;255m+                   "type": [Function],
[38;2;0;95;95m[48;2;215;255;255m+                 },
[38;2;0;95;95m[48;2;215;255;255m+                 "leaveActiveClass": Object {
[38;2;0;95;95m[48;2;215;255;255m+                   "type": [Function],
[38;2;0;95;95m[48;2;215;255;255m+                 },
[38;2;0;95;95m[48;2;215;255;255m+                 "leaveClass": Object {
[38;2;0;95;95m[48;2;215;255;255m+                   "type": [Function],
[38;2;0;95;95m[48;2;215;255;255m+                 },
[38;2;0;95;95m[48;2;215;255;255m+                 "leaveToClass": Object {
[38;2;0;95;95m[48;2;215;255;255m+                   "type": [Function],
[38;2;0;95;95m[48;2;215;255;255m+                 },
[38;2;0;95;95m[48;2;215;255;255m+                 "moveClass": Object {
[38;2;0;95;95m[48;2;215;255;255m+                   "type": [Function],
[38;2;0;95;95m[48;2;215;255;255m+                 },
[38;2;0;95;95m[48;2;215;255;255m+                 "name": Object {
[38;2;0;95;95m[48;2;215;255;255m+                   "type": [Function],
[38;2;0;95;95m[48;2;215;255;255m+                 },
[38;2;0;95;95m[48;2;215;255;255m+                 "tag": Object {
[38;2;0;95;95m[48;2;215;255;255m+                   "type": [Function],
[38;2;0;95;95m[48;2;215;255;255m+                 },
[38;2;0;95;95m[48;2;215;255;255m+                 "type": Object {
[38;2;0;95;95m[48;2;215;255;255m+                   "type": [Function],
[38;2;0;95;95m[48;2;215;255;255m+                 },
[38;2;0;95;95m[48;2;215;255;255m+               },
[38;2;0;95;95m[48;2;215;255;255m+               "render": [Function],
[38;2;0;95;95m[48;2;215;255;255m+               "updated": [Function],
[38;2;0;95;95m[48;2;215;255;255m+             },
[38;2;0;95;95m[48;2;215;255;255m+           },
[38;2;0;95;95m[48;2;215;255;255m+           "directives": Object {
[38;2;0;95;95m[48;2;215;255;255m+             "model": Object {
[38;2;0;95;95m[48;2;215;255;255m+               "componentUpdated": [Function],
[38;2;0;95;95m[48;2;215;255;255m+               "inserted": [Function],
[38;2;0;95;95m[48;2;215;255;255m+             },
[38;2;0;95;95m[48;2;215;255;255m+             "show": Object {
[38;2;0;95;95m[48;2;215;255;255m+               "bind": [Function],
[38;2;0;95;95m[48;2;215;255;255m+               "unbind": [Function],
[38;2;0;95;95m[48;2;215;255;255m+               "update": [Function],
[38;2;0;95;95m[48;2;215;255;255m+             },
[38;2;0;95;95m[48;2;215;255;255m+           },
[38;2;0;95;95m[48;2;215;255;255m+           "filters": Object {},
[38;2;0;95;95m[48;2;215;255;255m+         },
[38;2;0;95;95m[48;2;215;255;255m+         "use": [Function],
[38;2;0;95;95m[48;2;215;255;255m+         "util": Object {
[38;2;0;95;95m[48;2;215;255;255m+           "defineReactive": [Function],
[38;2;0;95;95m[48;2;215;255;255m+           "extend": [Function],
[38;2;0;95;95m[48;2;215;255;255m+           "mergeOptions": [Function],
[38;2;0;95;95m[48;2;215;255;255m+           "warn": [Function],
[38;2;0;95;95m[48;2;215;255;255m+         },
[38;2;0;95;95m[48;2;215;255;255m+         "version": "2.6.14",
[38;2;0;95;95m[48;2;215;255;255m+       },
[38;2;0;95;95m[48;2;215;255;255m+       "$parent": undefined,
[38;2;0;95;95m[48;2;215;255;255m+       "$refs": Object {},
[38;2;0;95;95m[48;2;215;255;255m+       "$root": [Circular],
[38;2;0;95;95m[48;2;215;255;255m+       "$scopedSlots": Object {},
[38;2;0;95;95m[48;2;215;255;255m+       "$slots": Object {},
[38;2;0;95;95m[48;2;215;255;255m+       "$vnode": undefined,
[38;2;0;95;95m[48;2;215;255;255m+       "__emitted": Object {},
[38;2;0;95;95m[48;2;215;255;255m+       "__emittedByOrder": Array [],
[38;2;0;95;95m[48;2;215;255;255m+       "_c": [Function],
[38;2;0;95;95m[48;2;215;255;255m+       "_data": Object {
[38;2;0;95;95m[48;2;215;255;255m+         "vueTestUtils_childProps": Object {},
[38;2;0;95;95m[48;2;215;255;255m+       },
[38;2;0;95;95m[48;2;215;255;255m+       "_directInactive": false,
[38;2;0;95;95m[48;2;215;255;255m+       "_events": Object {},
[38;2;0;95;95m[48;2;215;255;255m+       "_hasHookEvent": false,
[38;2;0;95;95m[48;2;215;255;255m+       "_inactive": null,
[38;2;0;95;95m[48;2;215;255;255m+       "_isBeingDestroyed": false,
[38;2;0;95;95m[48;2;215;255;255m+       "_isDestroyed": false,
[38;2;0;95;95m[48;2;215;255;255m+       "_isMounted": true,
[38;2;0;95;95m[48;2;215;255;255m+       "_isVue": true,
[38;2;0;95;95m[48;2;215;255;255m+       "_provided": Object {},
[38;2;0;95;95m[48;2;215;255;255m+       "_renderProxy": VueComponent {
[38;2;0;95;95m[48;2;215;255;255m+         "$attrs": Object {},
[38;2;0;95;95m[48;2;215;255;255m+         "$children": Array [
[38;2;0;95;95m[48;2;215;255;255m+           [Circular],
[38;2;0;95;95m[48;2;215;255;255m+         ],
[38;2;0;95;95m[48;2;215;255;255m+         "$createElement": [Function],
[38;2;0;95;95m[48;2;215;255;255m+         "$el": <div>
[38;2;0;95;95m[48;2;215;255;255m+           <b-dropdown
[38;2;0;95;95m[48;2;215;255;255m+             no-caret=""
[38;2;0;95;95m[48;2;215;255;255m+             right=""
[38;2;0;95;95m[48;2;215;255;255m+             size="lg"
[38;2;0;95;95m[48;2;215;255;255m+             variant="link"
[38;2;0;95;95m[48;2;215;255;255m+           >
[38;2;0;95;95m[48;2;215;255;255m+              
[38;2;0;95;95m[48;2;215;255;255m+             <b-dropdown-item>
[38;2;0;95;95m[48;2;215;255;255m+               <b-icon
[38;2;0;95;95m[48;2;215;255;255m+                 icon="door-open"
[38;2;0;95;95m[48;2;215;255;255m+               />
[38;2;0;95;95m[48;2;215;255;255m+               
[38;2;0;95;95m[48;2;215;255;255m+       回到主页
[38;2;0;95;95m[48;2;215;255;255m+     
[38;2;0;95;95m[48;2;215;255;255m+             </b-dropdown-item>
[38;2;0;95;95m[48;2;215;255;255m+              
[38;2;0;95;95m[48;2;215;255;255m+             <b-dropdown-item>
[38;2;0;95;95m[48;2;215;255;255m+               <b-icon
[38;2;0;95;95m[48;2;215;255;255m+                 icon="cursor-fill"
[38;2;0;95;95m[48;2;215;255;255m+               />
[38;2;0;95;95m[48;2;215;255;255m+               
[38;2;0;95;95m[48;2;215;255;255m+       注销用户
[38;2;0;95;95m[48;2;215;255;255m+     
[38;2;0;95;95m[48;2;215;255;255m+             </b-dropdown-item>
[38;2;0;95;95m[48;2;215;255;255m+           </b-dropdown>
[38;2;0;95;95m[48;2;215;255;255m+         </div>,
[38;2;0;95;95m[48;2;215;255;255m+         "$emit": [Function],
[38;2;0;95;95m[48;2;215;255;255m+         "$listeners": Object {},
[38;2;0;95;95m[48;2;215;255;255m+         "$options": Object {
[38;2;0;95;95m[48;2;215;255;255m+           "$_doNotStubChildren": true,
[38;2;0;95;95m[48;2;215;255;255m+           "$_isWrapperParent": true,
[38;2;0;95;95m[48;2;215;255;255m+           "_Ctor": Object {
[38;2;0;95;95m[48;2;215;255;255m+             "1404": [Function],
[38;2;0;95;95m[48;2;215;255;255m+           },
[38;2;0;95;95m[48;2;215;255;255m+           "_base": [Function],
[38;2;0;95;95m[48;2;215;255;255m+           "_installedPlugins": Array [
[38;2;0;95;95m[48;2;215;255;255m+             Object {
[38;2;0;95;95m[48;2;215;255;255m+               "install": [Function],
[38;2;0;95;95m[48;2;215;255;255m+             },
[38;2;0;95;95m[48;2;215;255;255m+             Object {
[38;2;0;95;95m[48;2;215;255;255m+               "install": [Function],
[38;2;0;95;95m[48;2;215;255;255m+             },
[38;2;0;95;95m[48;2;215;255;255m+             Object {
[38;2;0;95;95m[48;2;215;255;255m+               "install": [Function],
[38;2;0;95;95m[48;2;215;255;255m+             },
[38;2;0;95;95m[48;2;215;255;255m+             Object {
[38;2;0;95;95m[48;2;215;255;255m+               "install": [Function],
[38;2;0;95;95m[48;2;215;255;255m+             },
[38;2;0;95;95m[48;2;215;255;255m+             Object {
[38;2;0;95;95m[48;2;215;255;255m+               "install": [Function],
[38;2;0;95;95m[48;2;215;255;255m+             },
[38;2;0;95;95m[48;2;215;255;255m+             Object {
[38;2;0;95;95m[48;2;215;255;255m+               "install": [Function],
[38;2;0;95;95m[48;2;215;255;255m+             },
[38;2;0;95;95m[48;2;215;255;255m+             Object {
[38;2;0;95;95m[48;2;215;255;255m+               "install": [Function],
[38;2;0;95;95m[48;2;215;255;255m+             },
[38;2;0;95;95m[48;2;215;255;255m+             Object {
[38;2;0;95;95m[48;2;215;255;255m+               "install": [Function],
[38;2;0;95;95m[48;2;215;255;255m+             },
[38;2;0;95;95m[48;2;215;255;255m+             Object {
[38;2;0;95;95m[48;2;215;255;255m+               "install": [Function],
[38;2;0;95;95m[48;2;215;255;255m+             },
[38;2;0;95;95m[48;2;215;255;255m+             Object {
[38;2;0;95;95m[48;2;215;255;255m+               "install": [Function],
[38;2;0;95;95m[48;2;215;255;255m+             },
[38;2;0;95;95m[48;2;215;255;255m+             Object {
[38;2;0;95;95m[48;2;215;255;255m+               "install": [Function],
[38;2;0;95;95m[48;2;215;255;255m+             },
[38;2;0;95;95m[48;2;215;255;255m+             Object {
[38;2;0;95;95m[48;2;215;255;255m+               "install": [Function],
[38;2;0;95;95m[48;2;215;255;255m+             },
[38;2;0;95;95m[48;2;215;255;255m+             Object {
[38;2;0;95;95m[48;2;215;255;255m+               "install": [Function],
[38;2;0;95;95m[48;2;215;255;255m+             },
[38;2;0;95;95m[48;2;215;255;255m+             Object {
[38;2;0;95;95m[48;2;215;255;255m+               "install": [Function],
[38;2;0;95;95m[48;2;215;255;255m+             },
[38;2;0;95;95m[48;2;215;255;255m+             Object {
[38;2;0;95;95m[48;2;215;255;255m+               "install": [Function],
[38;2;0;95;95m[48;2;215;255;255m+             },
[38;2;0;95;95m[48;2;215;255;255m+             Object {
[38;2;0;95;95m[48;2;215;255;255m+               "install": [Function],
[38;2;0;95;95m[48;2;215;255;255m+             },
[38;2;0;95;95m[48;2;215;255;255m+             Object {
[38;2;0;95;95m[48;2;215;255;255m+               "install": [Function],
[38;2;0;95;95m[48;2;215;255;255m+             },
[38;2;0;95;95m[48;2;215;255;255m+             Object {
[38;2;0;95;95m[48;2;215;255;255m+               "install": [Function],
[38;2;0;95;95m[48;2;215;255;255m+             },
[38;2;0;95;95m[48;2;215;255;255m+             Object {
[38;2;0;95;95m[48;2;215;255;255m+               "install": [Function],
[38;2;0;95;95m[48;2;215;255;255m+             },
[38;2;0;95;95m[48;2;215;255;255m+             Object {
[38;2;0;95;95m[48;2;215;255;255m+               "install": [Function],
[38;2;0;95;95m[48;2;215;255;255m+             },
[38;2;0;95;95m[48;2;215;255;255m+             Object {
[38;2;0;95;95m[48;2;215;255;255m+               "install": [Function],
[38;2;0;95;95m[48;2;215;255;255m+             },
[38;2;0;95;95m[48;2;215;255;255m+             Object {
[38;2;0;95;95m[48;2;215;255;255m+               "install": [Function],
[38;2;0;95;95m[48;2;215;255;255m+             },
[38;2;0;95;95m[48;2;215;255;255m+             Object {
[38;2;0;95;95m[48;2;215;255;255m+               "install": [Function],
[38;2;0;95;95m[48;2;215;255;255m+             },
[38;2;0;95;95m[48;2;215;255;255m+             Object {
[38;2;0;95;95m[48;2;215;255;255m+               "install": [Function],
[38;2;0;95;95m[48;2;215;255;255m+             },
[38;2;0;95;95m[48;2;215;255;255m+             Object {
[38;2;0;95;95m[48;2;215;255;255m+               "install": [Function],
[38;2;0;95;95m[48;2;215;255;255m+             },
[38;2;0;95;95m[48;2;215;255;255m+             Object {
[38;2;0;95;95m[48;2;215;255;255m+               "install": [Function],
[38;2;0;95;95m[48;2;215;255;255m+             },
[38;2;0;95;95m[48;2;215;255;255m+             Object {
[38;2;0;95;95m[48;2;215;255;255m+               "install": [Function],
[38;2;0;95;95m[48;2;215;255;255m+             },
[38;2;0;95;95m[48;2;215;255;255m+             Object {
[38;2;0;95;95m[48;2;215;255;255m+               "install": [Function],
[38;2;0;95;95m[48;2;215;255;255m+             },
[38;2;0;95;95m[48;2;215;255;255m+             Object {
[38;2;0;95;95m[48;2;215;255;255m+               "install": [Function],
[38;2;0;95;95m[48;2;215;255;255m+             },
[38;2;0;95;95m[48;2;215;255;255m+             Object {
[38;2;0;95;95m[48;2;215;255;255m+               "install": [Function],
[38;2;0;95;95m[48;2;215;255;255m+             },
[38;2;0;95;95m[48;2;215;255;255m+             Object {
[38;2;0;95;95m[48;2;215;255;255m+               "install": [Function],
[38;2;0;95;95m[48;2;215;255;255m+             },
[38;2;0;95;95m[48;2;215;255;255m+             Object {
[38;2;0;95;95m[48;2;215;255;255m+               "install": [Function],
[38;2;0;95;95m[48;2;215;255;255m+             },
[38;2;0;95;95m[48;2;215;255;255m+             Object {
[38;2;0;95;95m[48;2;215;255;255m+               "install": [Function],
[38;2;0;95;95m[48;2;215;255;255m+             },
[38;2;0;95;95m[48;2;215;255;255m+             Object {
[38;2;0;95;95m[48;2;215;255;255m+               "install": [Function],
[38;2;0;95;95m[48;2;215;255;255m+             },
[38;2;0;95;95m[48;2;215;255;255m+             Object {
[38;2;0;95;95m[48;2;215;255;255m+               "install": [Function],
[38;2;0;95;95m[48;2;215;255;255m+             },
[38;2;0;95;95m[48;2;215;255;255m+             [Function],
[38;2;0;95;95m[48;2;215;255;255m+             Object {
[38;2;0;95;95m[48;2;215;255;255m+               "install": [Function],
[38;2;0;95;95m[48;2;215;255;255m+             },
[38;2;0;95;95m[48;2;215;255;255m+             Object {
[38;2;0;95;95m[48;2;215;255;255m+               "install": [Function],
[38;2;0;95;95m[48;2;215;255;255m+             },
[38;2;0;95;95m[48;2;215;255;255m+             Object {
[38;2;0;95;95m[48;2;215;255;255m+               "install": [Function],
[38;2;0;95;95m[48;2;215;255;255m+             },
[38;2;0;95;95m[48;2;215;255;255m+             Object {
[38;2;0;95;95m[48;2;215;255;255m+               "install": [Function],
[38;2;0;95;95m[48;2;215;255;255m+             },
[38;2;0;95;95m[48;2;215;255;255m+             Object {
[38;2;0;95;95m[48;2;215;255;255m+               "install": [Function],
[38;2;0;95;95m[48;2;215;255;255m+             },
[38;2;0;95;95m[48;2;215;255;255m+             Object {
[38;2;0;95;95m[48;2;215;255;255m+               "install": [Function],
[38;2;0;95;95m[48;2;215;255;255m+             },
[38;2;0;95;95m[48;2;215;255;255m+             Object {
[38;2;0;95;95m[48;2;215;255;255m+               "install": [Function],
[38;2;0;95;95m[48;2;215;255;255m+             },
[38;2;0;95;95m[48;2;215;255;255m+             Object {
[38;2;0;95;95m[48;2;215;255;255m+               "install": [Function],
[38;2;0;95;95m[48;2;215;255;255m+             },
[38;2;0;95;95m[48;2;215;255;255m+             Object {
[38;2;0;95;95m[48;2;215;255;255m+               "install": [Function],
[38;2;0;95;95m[48;2;215;255;255m+             },
[38;2;0;95;95m[48;2;215;255;255m+             Object {
[38;2;0;95;95m[48;2;215;255;255m+               "install": [Function],
[38;2;0;95;95m[48;2;215;255;255m+             },
[38;2;0;95;95m[48;2;215;255;255m+             Object {
[38;2;0;95;95m[48;2;215;255;255m+               "install": [Function],
[38;2;0;95;95m[48;2;215;255;255m+             },
[38;2;0;95;95m[48;2;215;255;255m+             Object {
[38;2;0;95;95m[48;2;215;255;255m+               "install": [Function],
[38;2;0;95;95m[48;2;215;255;255m+             },
[38;2;0;95;95m[48;2;215;255;255m+             Object {
[38;2;0;95;95m[48;2;215;255;255m+               "install": [Function],
[38;2;0;95;95m[48;2;215;255;255m+             },
[38;2;0;95;95m[48;2;215;255;255m+             Object {
[38;2;0;95;95m[48;2;215;255;255m+               "install": [Function],
[38;2;0;95;95m[48;2;215;255;255m+             },
[38;2;0;95;95m[48;2;215;255;255m+             Object {
[38;2;0;95;95m[48;2;215;255;255m+               "install": [Function],
[38;2;0;95;95m[48;2;215;255;255m+             },
[38;2;0;95;95m[48;2;215;255;255m+             Object {
[38;2;0;95;95m[48;2;215;255;255m+               "install": [Function],
[38;2;0;95;95m[48;2;215;255;255m+             },
[38;2;0;95;95m[48;2;215;255;255m+             Object {
[38;2;0;95;95m[48;2;215;255;255m+               "install": [Function],
[38;2;0;95;95m[48;2;215;255;255m+             },
[38;2;0;95;95m[48;2;215;255;255m+             Object {
[38;2;0;95;95m[48;2;215;255;255m+               "install": [Function],
[38;2;0;95;95m[48;2;215;255;255m+             },
[38;2;0;95;95m[48;2;215;255;255m+             [Function],
[38;2;0;95;95m[48;2;215;255;255m+             Object {
[38;2;0;95;95m[48;2;215;255;255m+               "install": [Function],
[38;2;0;95;95m[48;2;215;255;255m+             },
[38;2;0;95;95m[48;2;215;255;255m+             Object {
[38;2;0;95;95m[48;2;215;255;255m+               "install": [Function],
[38;2;0;95;95m[48;2;215;255;255m+             },
[38;2;0;95;95m[48;2;215;255;255m+             Object {
[38;2;0;95;95m[48;2;215;255;255m+               "install": [Function],
[38;2;0;95;95m[48;2;215;255;255m+             },
[38;2;0;95;95m[48;2;215;255;255m+             Object {
[38;2;0;95;95m[48;2;215;255;255m+               "install": [Function],
[38;2;0;95;95m[48;2;215;255;255m+             },
[38;2;0;95;95m[48;2;215;255;255m+             Object {
[38;2;0;95;95m[48;2;215;255;255m+               "install": [Function],
[38;2;0;95;95m[48;2;215;255;255m+             },
[38;2;0;95;95m[48;2;215;255;255m+             Object {
[38;2;0;95;95m[48;2;215;255;255m+               "install": [Function],
[38;2;0;95;95m[48;2;215;255;255m+             },
[38;2;0;95;95m[48;2;215;255;255m+             Object {
[38;2;0;95;95m[48;2;215;255;255m+               "install": [Function],
[38;2;0;95;95m[48;2;215;255;255m+             },
[38;2;0;95;95m[48;2;215;255;255m+             Object {
[38;2;0;95;95m[48;2;215;255;255m+               "install": [Function],
[38;2;0;95;95m[48;2;215;255;255m+             },
[38;2;0;95;95m[48;2;215;255;255m+             Object {
[38;2;0;95;95m[48;2;215;255;255m+               "install": [Function],
[38;2;0;95;95m[48;2;215;255;255m+             },
[38;2;0;95;95m[48;2;215;255;255m+             Object {
[38;2;0;95;95m[48;2;215;255;255m+               "install": [Function],
[38;2;0;95;95m[48;2;215;255;255m+             },
[38;2;0;95;95m[48;2;215;255;255m+             Object {
[38;2;0;95;95m[48;2;215;255;255m+               "NAME": "BootstrapVue",
[38;2;0;95;95m[48;2;215;255;255m+               "install": [Function],
[38;2;0;95;95m[48;2;215;255;255m+             },
[38;2;0;95;95m[48;2;215;255;255m+           ],
[38;2;0;95;95m[48;2;215;255;255m+           "_isFunctionalContainer": undefined,
[38;2;0;95;95m[48;2;215;255;255m+           "beforeCreate": Array [
[38;2;0;95;95m[48;2;215;255;255m+             [Function],
[38;2;0;95;95m[48;2;215;255;255m+             [Function],
[38;2;0;95;95m[48;2;215;255;255m+             [Function],
[38;2;0;95;95m[48;2;215;255;255m+           ],
[38;2;0;95;95m[48;2;215;255;255m+           "cid": 1398,
[38;2;0;95;95m[48;2;215;255;255m+           "component": [Function],
[38;2;0;95;95m[48;2;215;255;255m+           "components": Object {
[38;2;0;95;95m[48;2;215;255;255m+             "transition": Object {
[38;2;0;95;95m[48;2;215;255;255m+               "$_doNotStubChildren": true,
[38;2;0;95;95m[48;2;215;255;255m+               "$_vueTestUtils_original": Object {
[38;2;0;95;95m[48;2;215;255;255m+                 "_Ctor": Object {
[38;2;0;95;95m[48;2;215;255;255m+                   "1404": [Function],
[38;2;0;95;95m[48;2;215;255;255m+                 },
[38;2;0;95;95m[48;2;215;255;255m+                 "abstract": true,
[38;2;0;95;95m[48;2;215;255;255m+                 "name": "transition",
[38;2;0;95;95m[48;2;215;255;255m+                 "props": Object {
[38;2;0;95;95m[48;2;215;255;255m+                   "appear": Object {
[38;2;0;95;95m[48;2;215;255;255m+                     "type": [Function],
[38;2;0;95;95m[48;2;215;255;255m+                   },
[38;2;0;95;95m[48;2;215;255;255m+                   "appearActiveClass": Object {
[38;2;0;95;95m[48;2;215;255;255m+                     "type": [Function],
[38;2;0;95;95m[48;2;215;255;255m+                   },
[38;2;0;95;95m[48;2;215;255;255m+                   "appearClass": Object {
[38;2;0;95;95m[48;2;215;255;255m+                     "type": [Function],
[38;2;0;95;95m[48;2;215;255;255m+                   },
[38;2;0;95;95m[48;2;215;255;255m+                   "appearToClass": Object {
[38;2;0;95;95m[48;2;215;255;255m+                     "type": [Function],
[38;2;0;95;95m[48;2;215;255;255m+                   },
[38;2;0;95;95m[48;2;215;255;255m+                   "css": Object {
[38;2;0;95;95m[48;2;215;255;255m+                     "type": [Function],
[38;2;0;95;95m[48;2;215;255;255m+                   },
[38;2;0;95;95m[48;2;215;255;255m+                   "duration": Object {
[38;2;0;95;95m[48;2;215;255;255m+                     "type": Array [
[38;2;0;95;95m[48;2;215;255;255m+                       [Function],
[38;2;0;95;95m[48;2;215;255;255m+                       [Function],
[38;2;0;95;95m[48;2;215;255;255m+                       [Function],
[38;2;0;95;95m[48;2;215;255;255m+                     ],
[38;2;0;95;95m[48;2;215;255;255m+                   },
[38;2;0;95;95m[48;2;215;255;255m+                   "enterActiveClass": Object {
[38;2;0;95;95m[48;2;215;255;255m+                     "type": [Function],
[38;2;0;95;95m[48;2;215;255;255m+                   },
[38;2;0;95;95m[48;2;215;255;255m+                   "enterClass": Object {
[38;2;0;95;95m[48;2;215;255;255m+                     "type": [Function],
[38;2;0;95;95m[48;2;215;255;255m+                   },
[38;2;0;95;95m[48;2;215;255;255m+                   "enterToClass": Object {
[38;2;0;95;95m[48;2;215;255;255m+                     "type": [Function],
[38;2;0;95;95m[48;2;215;255;255m+                   },
[38;2;0;95;95m[48;2;215;255;255m+                   "leaveActiveClass": Object {
[38;2;0;95;95m[48;2;215;255;255m+                     "type": [Function],
[38;2;0;95;95m[48;2;215;255;255m+                   },
[38;2;0;95;95m[48;2;215;255;255m+                   "leaveClass": Object {
[38;2;0;95;95m[48;2;215;255;255m+                     "type": [Function],
[38;2;0;95;95m[48;2;215;255;255m+                   },
[38;2;0;95;95m[48;2;215;255;255m+                   "leaveToClass": Object {
[38;2;0;95;95m[48;2;215;255;255m+                     "type": [Function],
[38;2;0;95;95m[48;2;215;255;255m+                   },
[38;2;0;95;95m[48;2;215;255;255m+                   "mode": Object {
[38;2;0;95;95m[48;2;215;255;255m+                     "type": [Function],
[38;2;0;95;95m[48;2;215;255;255m+                   },
[38;2;0;95;95m[48;2;215;255;255m+                   "name": Object {
[38;2;0;95;95m[48;2;215;255;255m+                     "type": [Function],
[38;2;0;95;95m[48;2;215;255;255m+                   },
[38;2;0;95;95m[48;2;215;255;255m+                   "type": Object {
[38;2;0;95;95m[48;2;215;255;255m+                     "type": [Function],
[38;2;0;95;95m[48;2;215;255;255m+                   },
[38;2;0;95;95m[48;2;215;255;255m+                 },
[38;2;0;95;95m[48;2;215;255;255m+                 "render": [Function],
[38;2;0;95;95m[48;2;215;255;255m+               },
[38;2;0;95;95m[48;2;215;255;255m+               "abstract": true,
[38;2;0;95;95m[48;2;215;255;255m+               "attrs": undefined,
[38;2;0;95;95m[48;2;215;255;255m+               "class": undefined,
[38;2;0;95;95m[48;2;215;255;255m+               "domProps": undefined,
[38;2;0;95;95m[48;2;215;255;255m+               "functional": undefined,
[38;2;0;95;95m[48;2;215;255;255m+               "key": undefined,
[38;2;0;95;95m[48;2;215;255;255m+               "model": undefined,
[38;2;0;95;95m[48;2;215;255;255m+               "name": "transition",
[38;2;0;95;95m[48;2;215;255;255m+               "nativeOn": undefined,
[38;2;0;95;95m[48;2;215;255;255m+               "normalizedStyle": undefined,
[38;2;0;95;95m[48;2;215;255;255m+               "on": undefined,
[38;2;0;95;95m[48;2;215;255;255m+               "props": Object {
[38;2;0;95;95m[48;2;215;255;255m+                 "appear": Object {
[38;2;0;95;95m[48;2;215;255;255m+                   "type": [Function],
[38;2;0;95;95m[48;2;215;255;255m+                 },
[38;2;0;95;95m[48;2;215;255;255m+                 "appearActiveClass": Object {
[38;2;0;95;95m[48;2;215;255;255m+                   "type": [Function],
[38;2;0;95;95m[48;2;215;255;255m+                 },
[38;2;0;95;95m[48;2;215;255;255m+                 "appearClass": Object {
[38;2;0;95;95m[48;2;215;255;255m+                   "type": [Function],
[38;2;0;95;95m[48;2;215;255;255m+                 },
[38;2;0;95;95m[48;2;215;255;255m+                 "appearToClass": Object {
[38;2;0;95;95m[48;2;215;255;255m+                   "type": [Function],
[38;2;0;95;95m[48;2;215;255;255m+                 },
[38;2;0;95;95m[48;2;215;255;255m+                 "css": Object {
[38;2;0;95;95m[48;2;215;255;255m+                   "type": [Function],
[38;2;0;95;95m[48;2;215;255;255m+                 },
[38;2;0;95;95m[48;2;215;255;255m+                 "duration": Object {
[38;2;0;95;95m[48;2;215;255;255m+                   "type": Array [
[38;2;0;95;95m[48;2;215;255;255m+                     [Function],
[38;2;0;95;95m[48;2;215;255;255m+                     [Function],
[38;2;0;95;95m[48;2;215;255;255m+                     [Function],
[38;2;0;95;95m[48;2;215;255;255m+                   ],
[38;2;0;95;95m[48;2;215;255;255m+                 },
[38;2;0;95;95m[48;2;215;255;255m+                 "enterActiveClass": Object {
[38;2;0;95;95m[48;2;215;255;255m+                   "type": [Function],
[38;2;0;95;95m[48;2;215;255;255m+                 },
[38;2;0;95;95m[48;2;215;255;255m+                 "enterClass": Object {
[38;2;0;95;95m[48;2;215;255;255m+                   "type": [Function],
[38;2;0;95;95m[48;2;215;255;255m+                 },
[38;2;0;95;95m[48;2;215;255;255m+                 "enterToClass": Object {
[38;2;0;95;95m[48;2;215;255;255m+                   "type": [Function],
[38;2;0;95;95m[48;2;215;255;255m+                 },
[38;2;0;95;95m[48;2;215;255;255m+                 "leaveActiveClass": Object {
[38;2;0;95;95m[48;2;215;255;255m+                   "type": [Function],
[38;2;0;95;95m[48;2;215;255;255m+                 },
[38;2;0;95;95m[48;2;215;255;255m+                 "leaveClass": Object {
[38;2;0;95;95m[48;2;215;255;255m+                   "type": [Function],
[38;2;0;95;95m[48;2;215;255;255m+                 },
[38;2;0;95;95m[48;2;215;255;255m+                 "leaveToClass": Object {
[38;2;0;95;95m[48;2;215;255;255m+                   "type": [Function],
[38;2;0;95;95m[48;2;215;255;255m+                 },
[38;2;0;95;95m[48;2;215;255;255m+                 "mode": Object {
[38;2;0;95;95m[48;2;215;255;255m+                   "type": [Function],
[38;2;0;95;95m[48;2;215;255;255m+                 },
[38;2;0;95;95m[48;2;215;255;255m+                 "name": Object {
[38;2;0;95;95m[48;2;215;255;255m+                   "type": [Function],
[38;2;0;95;95m[48;2;215;255;255m+                 },
[38;2;0;95;95m[48;2;215;255;255m+                 "type": Object {
[38;2;0;95;95m[48;2;215;255;255m+                   "type": [Function],
[38;2;0;95;95m[48;2;215;255;255m+                 },
[38;2;0;95;95m[48;2;215;255;255m+               },
[38;2;0;95;95m[48;2;215;255;255m+               "render": [Function],
[38;2;0;95;95m[48;2;215;255;255m+               "staticClass": undefined,
[38;2;0;95;95m[48;2;215;255;255m+               "staticStyle": undefined,
[38;2;0;95;95m[48;2;215;255;255m+               "style": undefined,
[38;2;0;95;95m[48;2;215;255;255m+             },
[38;2;0;95;95m[48;2;215;255;255m+             "transition-group": Object {
[38;2;0;95;95m[48;2;215;255;255m+               "$_doNotStubChildren": true,
[38;2;0;95;95m[48;2;215;255;255m+               "$_vueTestUtils_original": Object {
[38;2;0;95;95m[48;2;215;255;255m+                 "_Ctor": Object {
[38;2;0;95;95m[48;2;215;255;255m+                   "1404": [Function],
[38;2;0;95;95m[48;2;215;255;255m+                 },
[38;2;0;95;95m[48;2;215;255;255m+                 "beforeMount": [Function],
[38;2;0;95;95m[48;2;215;255;255m+                 "methods": Object {
[38;2;0;95;95m[48;2;215;255;255m+                   "hasMove": [Function],
[38;2;0;95;95m[48;2;215;255;255m+                 },
[38;2;0;95;95m[48;2;215;255;255m+                 "props": Object {
[38;2;0;95;95m[48;2;215;255;255m+                   "appear": Object {
[38;2;0;95;95m[48;2;215;255;255m+                     "type": [Function],
[38;2;0;95;95m[48;2;215;255;255m+                   },
[38;2;0;95;95m[48;2;215;255;255m+                   "appearActiveClass": Object {
[38;2;0;95;95m[48;2;215;255;255m+                     "type": [Function],
[38;2;0;95;95m[48;2;215;255;255m+                   },
[38;2;0;95;95m[48;2;215;255;255m+                   "appearClass": Object {
[38;2;0;95;95m[48;2;215;255;255m+                     "type": [Function],
[38;2;0;95;95m[48;2;215;255;255m+                   },
[38;2;0;95;95m[48;2;215;255;255m+                   "appearToClass": Object {
[38;2;0;95;95m[48;2;215;255;255m+                     "type": [Function],
[38;2;0;95;95m[48;2;215;255;255m+                   },
[38;2;0;95;95m[48;2;215;255;255m+                   "css": Object {
[38;2;0;95;95m[48;2;215;255;255m+                     "type": [Function],
[38;2;0;95;95m[48;2;215;255;255m+                   },
[38;2;0;95;95m[48;2;215;255;255m+                   "duration": Object {
[38;2;0;95;95m[48;2;215;255;255m+                     "type": Array [
[38;2;0;95;95m[48;2;215;255;255m+                       [Function],
[38;2;0;95;95m[48;2;215;255;255m+                       [Function],
[38;2;0;95;95m[48;2;215;255;255m+                       [Function],
[38;2;0;95;95m[48;2;215;255;255m+                     ],
[38;2;0;95;95m[48;2;215;255;255m+                   },
[38;2;0;95;95m[48;2;215;255;255m+                   "enterActiveClass": Object {
[38;2;0;95;95m[48;2;215;255;255m+                     "type": [Function],
[38;2;0;95;95m[48;2;215;255;255m+                   },
[38;2;0;95;95m[48;2;215;255;255m+                   "enterClass": Object {
[38;2;0;95;95m[48;2;215;255;255m+                     "type": [Function],
[38;2;0;95;95m[48;2;215;255;255m+                   },
[38;2;0;95;95m[48;2;215;255;255m+                   "enterToClass": Object {
[38;2;0;95;95m[48;2;215;255;255m+                     "type": [Function],
[38;2;0;95;95m[48;2;215;255;255m+                   },
[38;2;0;95;95m[48;2;215;255;255m+                   "leaveActiveClass": Object {
[38;2;0;95;95m[48;2;215;255;255m+                     "type": [Function],
[38;2;0;95;95m[48;2;215;255;255m+                   },
[38;2;0;95;95m[48;2;215;255;255m+                   "leaveClass": Object {
[38;2;0;95;95m[48;2;215;255;255m+                     "type": [Function],
[38;2;0;95;95m[48;2;215;255;255m+                   },
[38;2;0;95;95m[48;2;215;255;255m+                   "leaveToClass": Object {
[38;2;0;95;95m[48;2;215;255;255m+                     "type": [Function],
[38;2;0;95;95m[48;2;215;255;255m+                   },
[38;2;0;95;95m[48;2;215;255;255m+                   "moveClass": Object {
[38;2;0;95;95m[48;2;215;255;255m+                     "type": [Function],
[38;2;0;95;95m[48;2;215;255;255m+                   },
[38;2;0;95;95m[48;2;215;255;255m+                   "name": Object {
[38;2;0;95;95m[48;2;215;255;255m+                     "type": [Function],
[38;2;0;95;95m[48;2;215;255;255m+                   },
[38;2;0;95;95m[48;2;215;255;255m+                   "tag": Object {
[38;2;0;95;95m[48;2;215;255;255m+                     "type": [Function],
[38;2;0;95;95m[48;2;215;255;255m+                   },
[38;2;0;95;95m[48;2;215;255;255m+                   "type": Object {
[38;2;0;95;95m[48;2;215;255;255m+                     "type": [Function],
[38;2;0;95;95m[48;2;215;255;255m+                   },
[38;2;0;95;95m[48;2;215;255;255m+                 },
[38;2;0;95;95m[48;2;215;255;255m+                 "render": [Function],
[38;2;0;95;95m[48;2;215;255;255m+                 "updated": [Function],
[38;2;0;95;95m[48;2;215;255;255m+               },
[38;2;0;95;95m[48;2;215;255;255m+               "abstract": undefined,
[38;2;0;95;95m[48;2;215;255;255m+               "attrs": undefined,
[38;2;0;95;95m[48;2;215;255;255m+               "class": undefined,
[38;2;0;95;95m[48;2;215;255;255m+               "domProps": undefined,
[38;2;0;95;95m[48;2;215;255;255m+               "functional": undefined,
[38;2;0;95;95m[48;2;215;255;255m+               "key": undefined,
[38;2;0;95;95m[48;2;215;255;255m+               "model": undefined,
[38;2;0;95;95m[48;2;215;255;255m+               "name": undefined,
[38;2;0;95;95m[48;2;215;255;255m+               "nativeOn": undefined,
[38;2;0;95;95m[48;2;215;255;255m+               "normalizedStyle": undefined,
[38;2;0;95;95m[48;2;215;255;255m+               "on": undefined,
[38;2;0;95;95m[48;2;215;255;255m+               "props": Object {
[38;2;0;95;95m[48;2;215;255;255m+                 "appear": Object {
[38;2;0;95;95m[48;2;215;255;255m+                   "type": [Function],
[38;2;0;95;95m[48;2;215;255;255m+                 },
[38;2;0;95;95m[48;2;215;255;255m+                 "appearActiveClass": Object {
[38;2;0;95;95m[48;2;215;255;255m+                   "type": [Function],
[38;2;0;95;95m[48;2;215;255;255m+                 },
[38;2;0;95;95m[48;2;215;255;255m+                 "appearClass": Object {
[38;2;0;95;95m[48;2;215;255;255m+                   "type": [Function],
[38;2;0;95;95m[48;2;215;255;255m+                 },
[38;2;0;95;95m[48;2;215;255;255m+                 "appearToClass": Object {
[38;2;0;95;95m[48;2;215;255;255m+                   "type": [Function],
[38;2;0;95;95m[48;2;215;255;255m+                 },
[38;2;0;95;95m[48;2;215;255;255m+                 "css": Object {
[38;2;0;95;95m[48;2;215;255;255m+                   "type": [Function],
[38;2;0;95;95m[48;2;215;255;255m+                 },
[38;2;0;95;95m[48;2;215;255;255m+                 "duration": Object {
[38;2;0;95;95m[48;2;215;255;255m+                   "type": Array [
[38;2;0;95;95m[48;2;215;255;255m+                     [Function],
[38;2;0;95;95m[48;2;215;255;255m+                     [Function],
[38;2;0;95;95m[48;2;215;255;255m+                     [Function],
[38;2;0;95;95m[48;2;215;255;255m+                   ],
[38;2;0;95;95m[48;2;215;255;255m+                 },
[38;2;0;95;95m[48;2;215;255;255m+                 "enterActiveClass": Object {
[38;2;0;95;95m[48;2;215;255;255m+                   "type": [Function],
[38;2;0;95;95m[48;2;215;255;255m+                 },
[38;2;0;95;95m[48;2;215;255;255m+                 "enterClass": Object {
[38;2;0;95;95m[48;2;215;255;255m+                   "type": [Function],
[38;2;0;95;95m[48;2;215;255;255m+                 },
[38;2;0;95;95m[48;2;215;255;255m+                 "enterToClass": Object {
[38;2;0;95;95m[48;2;215;255;255m+                   "type": [Function],
[38;2;0;95;95m[48;2;215;255;255m+                 },
[38;2;0;95;95m[48;2;215;255;255m+                 "leaveActiveClass": Object {
[38;2;0;95;95m[48;2;215;255;255m+                   "type": [Function],
[38;2;0;95;95m[48;2;215;255;255m+                 },
[38;2;0;95;95m[48;2;215;255;255m+                 "leaveClass": Object {
[38;2;0;95;95m[48;2;215;255;255m+                   "type": [Function],
[38;2;0;95;95m[48;2;215;255;255m+                 },
[38;2;0;95;95m[48;2;215;255;255m+                 "leaveToClass": Object {
[38;2;0;95;95m[48;2;215;255;255m+                   "type": [Function],
[38;2;0;95;95m[48;2;215;255;255m+                 },
[38;2;0;95;95m[48;2;215;255;255m+                 "moveClass": Object {
[38;2;0;95;95m[48;2;215;255;255m+                   "type": [Function],
[38;2;0;95;95m[48;2;215;255;255m+                 },
[38;2;0;95;95m[48;2;215;255;255m+                 "name": Object {
[38;2;0;95;95m[48;2;215;255;255m+                   "type": [Function],
[38;2;0;95;95m[48;2;215;255;255m+                 },
[38;2;0;95;95m[48;2;215;255;255m+                 "tag": Object {
[38;2;0;95;95m[48;2;215;255;255m+                   "type": [Function],
[38;2;0;95;95m[48;2;215;255;255m+                 },
[38;2;0;95;95m[48;2;215;255;255m+                 "type": Object {
[38;2;0;95;95m[48;2;215;255;255m+                   "type": [Function],
[38;2;0;95;95m[48;2;215;255;255m+                 },
[38;2;0;95;95m[48;2;215;255;255m+               },
[38;2;0;95;95m[48;2;215;255;255m+               "render": [Function],
[38;2;0;95;95m[48;2;215;255;255m+               "staticClass": undefined,
[38;2;0;95;95m[48;2;215;255;255m+               "staticStyle": undefined,
[38;2;0;95;95m[48;2;215;255;255m+               "style": undefined,
[38;2;0;95;95m[48;2;215;255;255m+             },
[38;2;0;95;95m[48;2;215;255;255m+           },
[38;2;0;95;95m[48;2;215;255;255m+           "config": Object {
[38;2;0;95;95m[48;2;215;255;255m+             "_lifecycleHooks": Array [
[38;2;0;95;95m[48;2;215;255;255m+               "beforeCreate",
[38;2;0;95;95m[48;2;215;255;255m+               "created",
[38;2;0;95;95m[48;2;215;255;255m+               "beforeMount",
[38;2;0;95;95m[48;2;215;255;255m+               "mounted",
[38;2;0;95;95m[48;2;215;255;255m+               "beforeUpdate",
[38;2;0;95;95m[48;2;215;255;255m+               "updated",
[38;2;0;95;95m[48;2;215;255;255m+               "beforeDestroy",
[38;2;0;95;95m[48;2;215;255;255m+               "destroyed",
[38;2;0;95;95m[48;2;215;255;255m+               "activated",
[38;2;0;95;95m[48;2;215;255;255m+               "deactivated",
[38;2;0;95;95m[48;2;215;255;255m+               "errorCaptured",
[38;2;0;95;95m[48;2;215;255;255m+               "serverPrefetch",
[38;2;0;95;95m[48;2;215;255;255m+             ],
[38;2;0;95;95m[48;2;215;255;255m+             "async": true,
[38;2;0;95;95m[48;2;215;255;255m+             "devtools": false,
[38;2;0;95;95m[48;2;215;255;255m+             "errorHandler": undefined,
[38;2;0;95;95m[48;2;215;255;255m+             "getTagNamespace": [Function],
[38;2;0;95;95m[48;2;215;255;255m+             "ignoredElements": Array [],
[38;2;0;95;95m[48;2;215;255;255m+             "isReservedAttr": [Function],
[38;2;0;95;95m[48;2;215;255;255m+             "isReservedTag": [Function],
[38;2;0;95;95m[48;2;215;255;255m+             "isUnknownElement": [Function],
[38;2;0;95;95m[48;2;215;255;255m+             "keyCodes": Object {},
[38;2;0;95;95m[48;2;215;255;255m+             "mustUseProp": [Function],
[38;2;0;95;95m[48;2;215;255;255m+             "optionMergeStrategies": Object {
[38;2;0;95;95m[48;2;215;255;255m+               "activated": [Function],
[38;2;0;95;95m[48;2;215;255;255m+               "beforeCreate": [Function],
[38;2;0;95;95m[48;2;215;255;255m+               "beforeDestroy": [Function],
[38;2;0;95;95m[48;2;215;255;255m+               "beforeMount": [Function],
[38;2;0;95;95m[48;2;215;255;255m+               "beforeUpdate": [Function],
[38;2;0;95;95m[48;2;215;255;255m+               "components": [Function],
[38;2;0;95;95m[48;2;215;255;255m+               "computed": [Function],
[38;2;0;95;95m[48;2;215;255;255m+               "created": [Function],
[38;2;0;95;95m[48;2;215;255;255m+               "data": [Function],
[38;2;0;95;95m[48;2;215;255;255m+               "deactivated": [Function],
[38;2;0;95;95m[48;2;215;255;255m+               "destroyed": [Function],
[38;2;0;95;95m[48;2;215;255;255m+               "directives": [Function],
[38;2;0;95;95m[48;2;215;255;255m+               "el": [Function],
[38;2;0;95;95m[48;2;215;255;255m+               "errorCaptured": [Function],
[38;2;0;95;95m[48;2;215;255;255m+               "filters": [Function],
[38;2;0;95;95m[48;2;215;255;255m+               "inject": [Function],
[38;2;0;95;95m[48;2;215;255;255m+               "methods": [Function],
[38;2;0;95;95m[48;2;215;255;255m+               "mounted": [Function],
[38;2;0;95;95m[48;2;215;255;255m+               "props": [Function],
[38;2;0;95;95m[48;2;215;255;255m+               "propsData": [Function],
[38;2;0;95;95m[48;2;215;255;255m+               "provide": [Function],
[38;2;0;95;95m[48;2;215;255;255m+               "serverPrefetch": [Function],
[38;2;0;95;95m[48;2;215;255;255m+               "updated": [Function],
[38;2;0;95;95m[48;2;215;255;255m+               "watch": [Function],
[38;2;0;95;95m[48;2;215;255;255m+             },
[38;2;0;95;95m[48;2;215;255;255m+             "parsePlatformTagName": [Function],
[38;2;0;95;95m[48;2;215;255;255m+             "performance": false,
[38;2;0;95;95m[48;2;215;255;255m+             "productionTip": false,
[38;2;0;95;95m[48;2;215;255;255m+             "silent": false,
[38;2;0;95;95m[48;2;215;255;255m+             "warnHandler": null,
[38;2;0;95;95m[48;2;215;255;255m+           },
[38;2;0;95;95m[48;2;215;255;255m+           "data": [Function],
[38;2;0;95;95m[48;2;215;255;255m+           "delete": [Function],
[38;2;0;95;95m[48;2;215;255;255m+           "directive": [Function],
[38;2;0;95;95m[48;2;215;255;255m+           "directives": Object {},
[38;2;0;95;95m[48;2;215;255;255m+           "extend": [Function],
[38;2;0;95;95m[48;2;215;255;255m+           "extendOptions": Object {
[38;2;0;95;95m[48;2;215;255;255m+             "_Ctor": Object {
[38;2;0;95;95m[48;2;215;255;255m+               "0": [Function],
[38;2;0;95;95m[48;2;215;255;255m+             },
[38;2;0;95;95m[48;2;215;255;255m+           },
[38;2;0;95;95m[48;2;215;255;255m+           "filter": [Function],
[38;2;0;95;95m[48;2;215;255;255m+           "filters": Object {},
[38;2;0;95;95m[48;2;215;255;255m+           "methods": undefined,
[38;2;0;95;95m[48;2;215;255;255m+           "mixin": [Function],
[38;2;0;95;95m[48;2;215;255;255m+           "mocks": undefined,
[38;2;0;95;95m[48;2;215;255;255m+           "nextTick": [Function],
[38;2;0;95;95m[48;2;215;255;255m+           "observable": [Function],
[38;2;0;95;95m[48;2;215;255;255m+           "options": Object {
[38;2;0;95;95m[48;2;215;255;255m+             "_Ctor": Object {
[38;2;0;95;95m[48;2;215;255;255m+               "0": [Function],
[38;2;0;95;95m[48;2;215;255;255m+             },
[38;2;0;95;95m[48;2;215;255;255m+             "_base": [Function],
[38;2;0;95;95m[48;2;215;255;255m+             "beforeCreate": Array [
[38;2;0;95;95m[48;2;215;255;255m+               [Function],
[38;2;0;95;95m[48;2;215;255;255m+               [Function],
[38;2;0;95;95m[48;2;215;255;255m+             ],
[38;2;0;95;95m[48;2;215;255;255m+             "components": Object {
[38;2;0;95;95m[48;2;215;255;255m+               "BTooltip": [Function],
[38;2;0;95;95m[48;2;215;255;255m+             },
[38;2;0;95;95m[48;2;215;255;255m+             "directives": Object {
[38;2;0;95;95m[48;2;215;255;255m+               "BHover": Object {
[38;2;0;95;95m[48;2;215;255;255m+                 "bind": [Function],
[38;2;0;95;95m[48;2;215;255;255m+                 "componentUpdated": [Function],
[38;2;0;95;95m[48;2;215;255;255m+                 "unbind": [Function],
[38;2;0;95;95m[48;2;215;255;255m+               },
[38;2;0;95;95m[48;2;215;255;255m+               "BModal": Object {
[38;2;0;95;95m[48;2;215;255;255m+                 "componentUpdated": [Function],
[38;2;0;95;95m[48;2;215;255;255m+                 "inserted": [Function],
[38;2;0;95;95m[48;2;215;255;255m+                 "unbind": [Function],
[38;2;0;95;95m[48;2;215;255;255m+                 "updated": [Function],
[38;2;0;95;95m[48;2;215;255;255m+               },
[38;2;0;95;95m[48;2;215;255;255m+               "BScrollspy": Object {
[38;2;0;95;95m[48;2;215;255;255m+                 "bind": [Function],
[38;2;0;95;95m[48;2;215;255;255m+                 "componentUpdated": [Function],
[38;2;0;95;95m[48;2;215;255;255m+                 "inserted": [Function],
[38;2;0;95;95m[48;2;215;255;255m+                 "unbind": [Function],
[38;2;0;95;95m[48;2;215;255;255m+                 "update": [Function],
[38;2;0;95;95m[48;2;215;255;255m+               },
[38;2;0;95;95m[48;2;215;255;255m+               "BTooltip": Object {
[38;2;0;95;95m[48;2;215;255;255m+                 "bind": [Function],
[38;2;0;95;95m[48;2;215;255;255m+                 "componentUpdated": [Function],
[38;2;0;95;95m[48;2;215;255;255m+                 "unbind": [Function],
[38;2;0;95;95m[48;2;215;255;255m+               },
[38;2;0;95;95m[48;2;215;255;255m+               "BVisible": Object {
[38;2;0;95;95m[48;2;215;255;255m+                 "bind": [Function],
[38;2;0;95;95m[48;2;215;255;255m+                 "componentUpdated": [Function],
[38;2;0;95;95m[48;2;215;255;255m+                 "unbind": [Function],
[38;2;0;95;95m[48;2;215;255;255m+               },
[38;2;0;95;95m[48;2;215;255;255m+             },
[38;2;0;95;95m[48;2;215;255;255m+             "filters": Object {},
[38;2;0;95;95m[48;2;215;255;255m+           },
[38;2;0;95;95m[48;2;215;255;255m+           "provide": [Function],
[38;2;0;95;95m[48;2;215;255;255m+           "render": [Function],
[38;2;0;95;95m[48;2;215;255;255m+           "sealedOptions": Object {
[38;2;0;95;95m[48;2;215;255;255m+             "_Ctor": Object {
[38;2;0;95;95m[48;2;215;255;255m+               "0": [Function],
[38;2;0;95;95m[48;2;215;255;255m+             },
[38;2;0;95;95m[48;2;215;255;255m+             "_base": [Function],
[38;2;0;95;95m[48;2;215;255;255m+             "components": Object {
[38;2;0;95;95m[48;2;215;255;255m+               "BAlert": [Function],
[38;2;0;95;95m[48;2;215;255;255m+               "BAspect": [Function],
[38;2;0;95;95m[48;2;215;255;255m+               "BAvatar": [Function],
[38;2;0;95;95m[48;2;215;255;255m+               "BAvatarGroup": [Function],
[38;2;0;95;95m[48;2;215;255;255m+               "BBadge": [Function],
[38;2;0;95;95m[48;2;215;255;255m+               "BBreadcrumb": [Function],
[38;2;0;95;95m[48;2;215;255;255m+               "BBreadcrumbItem": [Function],
[38;2;0;95;95m[48;2;215;255;255m+               "BBreadcrumbLink": [Function],
[38;2;0;95;95m[48;2;215;255;255m+               "BBtn": [Function],
[38;2;0;95;95m[48;2;215;255;255m+               "BBtnClose": [Function],
[38;2;0;95;95m[48;2;215;255;255m+               "BBtnGroup": [Function],
[38;2;0;95;95m[48;2;215;255;255m+               "BBtnToolbar": [Function],
[38;2;0;95;95m[48;2;215;255;255m+               "BButton": [Function],
[38;2;0;95;95m[48;2;215;255;255m+               "BButtonClose": [Function],
[38;2;0;95;95m[48;2;215;255;255m+               "BButtonGroup": [Function],
[38;2;0;95;95m[48;2;215;255;255m+               "BButtonToolbar": [Function],
[38;2;0;95;95m[48;2;215;255;255m+               "BCalendar": [Function],
[38;2;0;95;95m[48;2;215;255;255m+               "BCard": [Function],
[38;2;0;95;95m[48;2;215;255;255m+               "BCardBody": [Function],
[38;2;0;95;95m[48;2;215;255;255m+               "BCardFooter": [Function],
[38;2;0;95;95m[48;2;215;255;255m+               "BCardGroup": [Function],
[38;2;0;95;95m[48;2;215;255;255m+               "BCardHeader": [Function],
[38;2;0;95;95m[48;2;215;255;255m+               "BCardImg": [Function],
[38;2;0;95;95m[48;2;215;255;255m+               "BCardImgLazy": [Function],
[38;2;0;95;95m[48;2;215;255;255m+               "BCardSubTitle": [Function],
[38;2;0;95;95m[48;2;215;255;255m+               "BCardText": [Function],
[38;2;0;95;95m[48;2;215;255;255m+               "BCardTitle": [Function],
[38;2;0;95;95m[48;2;215;255;255m+               "BCarousel": [Function],
[38;2;0;95;95m[48;2;215;255;255m+               "BCarouselSlide": [Function],
[38;2;0;95;95m[48;2;215;255;255m+               "BCheck": [Function],
[38;2;0;95;95m[48;2;215;255;255m+               "BCheckGroup": [Function],
[38;2;0;95;95m[48;2;215;255;255m+               "BCheckbox": [Function],
[38;2;0;95;95m[48;2;215;255;255m+               "BCheckboxGroup": [Function],
[38;2;0;95;95m[48;2;215;255;255m+               "BCol": [Function],
[38;2;0;95;95m[48;2;215;255;255m+               "BCollapse": [Function],
[38;2;0;95;95m[48;2;215;255;255m+               "BContainer": [Function],
[38;2;0;95;95m[48;2;215;255;255m+               "BDatalist": [Function],
[38;2;0;95;95m[48;2;215;255;255m+               "BDatepicker": [Function],
[38;2;0;95;95m[48;2;215;255;255m+               "BDd": [Function],
[38;2;0;95;95m[48;2;215;255;255m+               "BDdDivider": [Function],
[38;2;0;95;95m[48;2;215;255;255m+               "BDdForm": [Function],
[38;2;0;95;95m[48;2;215;255;255m+               "BDdGroup": [Function],
[38;2;0;95;95m[48;2;215;255;255m+               "BDdHeader": [Function],
[38;2;0;95;95m[48;2;215;255;255m+               "BDdItem": [Function],
[38;2;0;95;95m[48;2;215;255;255m+               "BDdItemBtn": [Function],
[38;2;0;95;95m[48;2;215;255;255m+               "BDdItemButton": [Function],
[38;2;0;95;95m[48;2;215;255;255m+               "BDdText": [Function],
[38;2;0;95;95m[48;2;215;255;255m+               "BDropdown": [Function],
[38;2;0;95;95m[48;2;215;255;255m+               "BDropdownDivider": [Function],
[38;2;0;95;95m[48;2;215;255;255m+               "BDropdownForm": [Function],
[38;2;0;95;95m[48;2;215;255;255m+               "BDropdownGroup": [Function],
[38;2;0;95;95m[48;2;215;255;255m+               "BDropdownHeader": [Function],
[38;2;0;95;95m[48;2;215;255;255m+               "BDropdownItem": [Function],
[38;2;0;95;95m[48;2;215;255;255m+               "BDropdownItemBtn": [Function],
[38;2;0;95;95m[48;2;215;255;255m+               "BDropdownItemButton": [Function],
[38;2;0;95;95m[48;2;215;255;255m+               "BDropdownText": [Function],
[38;2;0;95;95m[48;2;215;255;255m+               "BEmbed": [Function],
[38;2;0;95;95m[48;2;215;255;255m+               "BFile": [Function],
[38;2;0;95;95m[48;2;215;255;255m+               "BForm": [Function],
[38;2;0;95;95m[48;2;215;255;255m+               "BFormCheckbox": [Function],
[38;2;0;95;95m[48;2;215;255;255m+               "BFormCheckboxGroup": [Function],
[38;2;0;95;95m[48;2;215;255;255m+               "BFormDatalist": [Function],
[38;2;0;95;95m[48;2;215;255;255m+               "BFormDatepicker": [Function],
[38;2;0;95;95m[48;2;215;255;255m+               "BFormFeedback": [Function],
[38;2;0;95;95m[48;2;215;255;255m+               "BFormFieldset": [Function],
[38;2;0;95;95m[48;2;215;255;255m+               "BFormFile": [Function],
[38;2;0;95;95m[48;2;215;255;255m+               "BFormGroup": [Function],
[38;2;0;95;95m[48;2;215;255;255m+               "BFormInput": [Function],
[38;2;0;95;95m[48;2;215;255;255m+               "BFormInvalidFeedback": [Function],
[38;2;0;95;95m[48;2;215;255;255m+               "BFormRadio": [Function],
[38;2;0;95;95m[48;2;215;255;255m+               "BFormRadioGroup": [Function],
[38;2;0;95;95m[48;2;215;255;255m+               "BFormRating": [Function],
[38;2;0;95;95m[48;2;215;255;255m+               "BFormRow": [Function],
[38;2;0;95;95m[48;2;215;255;255m+               "BFormSelect": [Function],
[38;2;0;95;95m[48;2;215;255;255m+               "BFormSelectOption": [Function],
[38;2;0;95;95m[48;2;215;255;255m+               "BFormSelectOptionGroup": [Function],
[38;2;0;95;95m[48;2;215;255;255m+               "BFormSpinbutton": [Function],
[38;2;0;95;95m[48;2;215;255;255m+               "BFormTag": [Function],
[38;2;0;95;95m[48;2;215;255;255m+               "BFormTags": [Function],
[38;2;0;95;95m[48;2;215;255;255m+               "BFormText": [Function],
[38;2;0;95;95m[48;2;215;255;255m+               "BFormTextarea": [Function],
[38;2;0;95;95m[48;2;215;255;255m+               "BFormTimepicker": [Function],
[38;2;0;95;95m[48;2;215;255;255m+               "BFormValidFeedback": [Function],
[38;2;0;95;95m[48;2;215;255;255m+               "BImg": [Function],
[38;2;0;95;95m[48;2;215;255;255m+               "BImgLazy": [Function],
[38;2;0;95;95m[48;2;215;255;255m+               "BInput": [Function],
[38;2;0;95;95m[48;2;215;255;255m+               "BInputGroup": [Function],
[38;2;0;95;95m[48;2;215;255;255m+               "BInputGroupAddon": [Function],
[38;2;0;95;95m[48;2;215;255;255m+               "BInputGroupAppend": [Function],
[38;2;0;95;95m[48;2;215;255;255m+               "BInputGroupPrepend": [Function],
[38;2;0;95;95m[48;2;215;255;255m+               "BInputGroupText": [Function],
[38;2;0;95;95m[48;2;215;255;255m+               "BJumbotron": [Function],
[38;2;0;95;95m[48;2;215;255;255m+               "BLink": [Function],
[38;2;0;95;95m[48;2;215;255;255m+               "BListGroup": [Function],
[38;2;0;95;95m[48;2;215;255;255m+               "BListGroupItem": [Function],
[38;2;0;95;95m[48;2;215;255;255m+               "BMedia": [Function],
[38;2;0;95;95m[48;2;215;255;255m+               "BMediaAside": [Function],
[38;2;0;95;95m[48;2;215;255;255m+               "BMediaBody": [Function],
[38;2;0;95;95m[48;2;215;255;255m+               "BModal": [Function],
[38;2;0;95;95m[48;2;215;255;255m+               "BRadio": [Function],
[38;2;0;95;95m[48;2;215;255;255m+               "BRadioGroup": [Function],
[38;2;0;95;95m[48;2;215;255;255m+               "BRating": [Function],
[38;2;0;95;95m[48;2;215;255;255m+               "BRow": [Function],
[38;2;0;95;95m[48;2;215;255;255m+               "BSelect": [Function],
[38;2;0;95;95m[48;2;215;255;255m+               "BSelectOption": [Function],
[38;2;0;95;95m[48;2;215;255;255m+               "BSelectOptionGroup": [Function],
[38;2;0;95;95m[48;2;215;255;255m+               "BSpinbutton": [Function],
[38;2;0;95;95m[48;2;215;255;255m+               "BTag": [Function],
[38;2;0;95;95m[48;2;215;255;255m+               "BTags": [Function],
[38;2;0;95;95m[48;2;215;255;255m+               "BTextarea": [Function],
[38;2;0;95;95m[48;2;215;255;255m+               "BTimepicker": [Function],
[38;2;0;95;95m[48;2;215;255;255m+             },
[38;2;0;95;95m[48;2;215;255;255m+             "directives": Object {
[38;2;0;95;95m[48;2;215;255;255m+               "BModal": Object {
[38;2;0;95;95m[48;2;215;255;255m+                 "componentUpdated": [Function],
[38;2;0;95;95m[48;2;215;255;255m+                 "inserted": [Function],
[38;2;0;95;95m[48;2;215;255;255m+                 "unbind": [Function],
[38;2;0;95;95m[48;2;215;255;255m+                 "updated": [Function],
[38;2;0;95;95m[48;2;215;255;255m+               },
[38;2;0;95;95m[48;2;215;255;255m+               "BToggle": Object {
[38;2;0;95;95m[48;2;215;255;255m+                 "bind": [Function],
[38;2;0;95;95m[48;2;215;255;255m+                 "componentUpdated": [Function],
[38;2;0;95;95m[48;2;215;255;255m+                 "unbind": [Function],
[38;2;0;95;95m[48;2;215;255;255m+                 "updated": [Function],
[38;2;0;95;95m[48;2;215;255;255m+               },
[38;2;0;95;95m[48;2;215;255;255m+             },
[38;2;0;95;95m[48;2;215;255;255m+             "filters": Object {},
[38;2;0;95;95m[48;2;215;255;255m+           },
[38;2;0;95;95m[48;2;215;255;255m+           "set": [Function],
[38;2;0;95;95m[48;2;215;255;255m+           "shouldProxy": true,
[38;2;0;95;95m[48;2;215;255;255m+           "stubs": Object {
[38;2;0;95;95m[48;2;215;255;255m+             "transition": true,
[38;2;0;95;95m[48;2;215;255;255m+             "transition-group": true,
[38;2;0;95;95m[48;2;215;255;255m+           },
[38;2;0;95;95m[48;2;215;255;255m+           "super": [Function],
[38;2;0;95;95m[48;2;215;255;255m+           "superOptions": Object {
[38;2;0;95;95m[48;2;215;255;255m+             "_base": [Function],
[38;2;0;95;95m[48;2;215;255;255m+             "components": Object {
[38;2;0;95;95m[48;2;215;255;255m+               "KeepAlive": Object {
[38;2;0;95;95m[48;2;215;255;255m+                 "abstract": true,
[38;2;0;95;95m[48;2;215;255;255m+                 "created": [Function],
[38;2;0;95;95m[48;2;215;255;255m+                 "destroyed": [Function],
[38;2;0;95;95m[48;2;215;255;255m+                 "methods": Object {
[38;2;0;95;95m[48;2;215;255;255m+                   "cacheVNode": [Function],
[38;2;0;95;95m[48;2;215;255;255m+                 },
[38;2;0;95;95m[48;2;215;255;255m+                 "mounted": [Function],
[38;2;0;95;95m[48;2;215;255;255m+                 "name": "keep-alive",
[38;2;0;95;95m[48;2;215;255;255m+                 "props": Object {
[38;2;0;95;95m[48;2;215;255;255m+                   "exclude": Array [
[38;2;0;95;95m[48;2;215;255;255m+                     [Function],
[38;2;0;95;95m[48;2;215;255;255m+                     [Function],
[38;2;0;95;95m[48;2;215;255;255m+                     [Function],
[38;2;0;95;95m[48;2;215;255;255m+                   ],
[38;2;0;95;95m[48;2;215;255;255m+                   "include": Array [
[38;2;0;95;95m[48;2;215;255;255m+                     [Function],
[38;2;0;95;95m[48;2;215;255;255m+                     [Function],
[38;2;0;95;95m[48;2;215;255;255m+                     [Function],
[38;2;0;95;95m[48;2;215;255;255m+                   ],
[38;2;0;95;95m[48;2;215;255;255m+                   "max": Array [
[38;2;0;95;95m[48;2;215;255;255m+                     [Function],
[38;2;0;95;95m[48;2;215;255;255m+                     [Function],
[38;2;0;95;95m[48;2;215;255;255m+                   ],
[38;2;0;95;95m[48;2;215;255;255m+                 },
[38;2;0;95;95m[48;2;215;255;255m+                 "render": [Function],
[38;2;0;95;95m[48;2;215;255;255m+                 "updated": [Function],
[38;2;0;95;95m[48;2;215;255;255m+               },
[38;2;0;95;95m[48;2;215;255;255m+               "Transition": Object {
[38;2;0;95;95m[48;2;215;255;255m+                 "_Ctor": Object {
[38;2;0;95;95m[48;2;215;255;255m+                   "1404": [Function],
[38;2;0;95;95m[48;2;215;255;255m+                 },
[38;2;0;95;95m[48;2;215;255;255m+                 "abstract": true,
[38;2;0;95;95m[48;2;215;255;255m+                 "name": "transition",
[38;2;0;95;95m[48;2;215;255;255m+                 "props": Object {
[38;2;0;95;95m[48;2;215;255;255m+                   "appear": Object {
[38;2;0;95;95m[48;2;215;255;255m+                     "type": [Function],
[38;2;0;95;95m[48;2;215;255;255m+                   },
[38;2;0;95;95m[48;2;215;255;255m+                   "appearActiveClass": Object {
[38;2;0;95;95m[48;2;215;255;255m+                     "type": [Function],
[38;2;0;95;95m[48;2;215;255;255m+                   },
[38;2;0;95;95m[48;2;215;255;255m+                   "appearClass": Object {
[38;2;0;95;95m[48;2;215;255;255m+                     "type": [Function],
[38;2;0;95;95m[48;2;215;255;255m+                   },
[38;2;0;95;95m[48;2;215;255;255m+                   "appearToClass": Object {
[38;2;0;95;95m[48;2;215;255;255m+                     "type": [Function],
[38;2;0;95;95m[48;2;215;255;255m+                   },
[38;2;0;95;95m[48;2;215;255;255m+                   "css": Object {
[38;2;0;95;95m[48;2;215;255;255m+                     "type": [Function],
[38;2;0;95;95m[48;2;215;255;255m+                   },
[38;2;0;95;95m[48;2;215;255;255m+                   "duration": Object {
[38;2;0;95;95m[48;2;215;255;255m+                     "type": Array [
[38;2;0;95;95m[48;2;215;255;255m+                       [Function],
[38;2;0;95;95m[48;2;215;255;255m+                       [Function],
[38;2;0;95;95m[48;2;215;255;255m+                       [Function],
[38;2;0;95;95m[48;2;215;255;255m+                     ],
[38;2;0;95;95m[48;2;215;255;255m+                   },
[38;2;0;95;95m[48;2;215;255;255m+                   "enterActiveClass": Object {
[38;2;0;95;95m[48;2;215;255;255m+                     "type": [Function],
[38;2;0;95;95m[48;2;215;255;255m+                   },
[38;2;0;95;95m[48;2;215;255;255m+                   "enterClass": Object {
[38;2;0;95;95m[48;2;215;255;255m+                     "type": [Function],
[38;2;0;95;95m[48;2;215;255;255m+                   },
[38;2;0;95;95m[48;2;215;255;255m+                   "enterToClass": Object {
[38;2;0;95;95m[48;2;215;255;255m+                     "type": [Function],
[38;2;0;95;95m[48;2;215;255;255m+                   },
[38;2;0;95;95m[48;2;215;255;255m+                   "leaveActiveClass": Object {
[38;2;0;95;95m[48;2;215;255;255m+                     "type": [Function],
[38;2;0;95;95m[48;2;215;255;255m+                   },
[38;2;0;95;95m[48;2;215;255;255m+                   "leaveClass": Object {
[38;2;0;95;95m[48;2;215;255;255m+                     "type": [Function],
[38;2;0;95;95m[48;2;215;255;255m+                   },
[38;2;0;95;95m[48;2;215;255;255m+                   "leaveToClass": Object {
[38;2;0;95;95m[48;2;215;255;255m+                     "type": [Function],
[38;2;0;95;95m[48;2;215;255;255m+                   },
[38;2;0;95;95m[48;2;215;255;255m+                   "mode": Object {
[38;2;0;95;95m[48;2;215;255;255m+                     "type": [Function],
[38;2;0;95;95m[48;2;215;255;255m+                   },
[38;2;0;95;95m[48;2;215;255;255m+                   "name": Object {
[38;2;0;95;95m[48;2;215;255;255m+                     "type": [Function],
[38;2;0;95;95m[48;2;215;255;255m+                   },
[38;2;0;95;95m[48;2;215;255;255m+                   "type": Object {
[38;2;0;95;95m[48;2;215;255;255m+                     "type": [Function],
[38;2;0;95;95m[48;2;215;255;255m+                   },
[38;2;0;95;95m[48;2;215;255;255m+                 },
[38;2;0;95;95m[48;2;215;255;255m+                 "render": [Function],
[38;2;0;95;95m[48;2;215;255;255m+               },
[38;2;0;95;95m[48;2;215;255;255m+               "TransitionGroup": Object {
[38;2;0;95;95m[48;2;215;255;255m+                 "_Ctor": Object {
[38;2;0;95;95m[48;2;215;255;255m+                   "1404": [Function],
[38;2;0;95;95m[48;2;215;255;255m+                 },
[38;2;0;95;95m[48;2;215;255;255m+                 "beforeMount": [Function],
[38;2;0;95;95m[48;2;215;255;255m+                 "methods": Object {
[38;2;0;95;95m[48;2;215;255;255m+                   "hasMove": [Function],
[38;2;0;95;95m[48;2;215;255;255m+                 },
[38;2;0;95;95m[48;2;215;255;255m+                 "props": Object {
[38;2;0;95;95m[48;2;215;255;255m+                   "appear": Object {
[38;2;0;95;95m[48;2;215;255;255m+                     "type": [Function],
[38;2;0;95;95m[48;2;215;255;255m+                   },
[38;2;0;95;95m[48;2;215;255;255m+                   "appearActiveClass": Object {
[38;2;0;95;95m[48;2;215;255;255m+                     "type": [Function],
[38;2;0;95;95m[48;2;215;255;255m+                   },
[38;2;0;95;95m[48;2;215;255;255m+                   "appearClass": Object {
[38;2;0;95;95m[48;2;215;255;255m+                     "type": [Function],
[38;2;0;95;95m[48;2;215;255;255m+                   },
[38;2;0;95;95m[48;2;215;255;255m+                   "appearToClass": Object {
[38;2;0;95;95m[48;2;215;255;255m+                     "type": [Function],
[38;2;0;95;95m[48;2;215;255;255m+                   },
[38;2;0;95;95m[48;2;215;255;255m+                   "css": Object {
[38;2;0;95;95m[48;2;215;255;255m+                     "type": [Function],
[38;2;0;95;95m[48;2;215;255;255m+                   },
[38;2;0;95;95m[48;2;215;255;255m+                   "duration": Object {
[38;2;0;95;95m[48;2;215;255;255m+                     "type": Array [
[38;2;0;95;95m[48;2;215;255;255m+                       [Function],
[38;2;0;95;95m[48;2;215;255;255m+                       [Function],
[38;2;0;95;95m[48;2;215;255;255m+                       [Function],
[38;2;0;95;95m[48;2;215;255;255m+                     ],
[38;2;0;95;95m[48;2;215;255;255m+                   },
[38;2;0;95;95m[48;2;215;255;255m+                   "enterActiveClass": Object {
[38;2;0;95;95m[48;2;215;255;255m+                     "type": [Function],
[38;2;0;95;95m[48;2;215;255;255m+                   },
[38;2;0;95;95m[48;2;215;255;255m+                   "enterClass": Object {
[38;2;0;95;95m[48;2;215;255;255m+                     "type": [Function],
[38;2;0;95;95m[48;2;215;255;255m+                   },
[38;2;0;95;95m[48;2;215;255;255m+                   "enterToClass": Object {
[38;2;0;95;95m[48;2;215;255;255m+                     "type": [Function],
[38;2;0;95;95m[48;2;215;255;255m+                   },
[38;2;0;95;95m[48;2;215;255;255m+                   "leaveActiveClass": Object {
[38;2;0;95;95m[48;2;215;255;255m+                     "type": [Function],
[38;2;0;95;95m[48;2;215;255;255m+                   },
[38;2;0;95;95m[48;2;215;255;255m+                   "leaveClass": Object {
[38;2;0;95;95m[48;2;215;255;255m+                     "type": [Function],
[38;2;0;95;95m[48;2;215;255;255m+                   },
[38;2;0;95;95m[48;2;215;255;255m+                   "leaveToClass": Object {
[38;2;0;95;95m[48;2;215;255;255m+                     "type": [Function],
[38;2;0;95;95m[48;2;215;255;255m+                   },
[38;2;0;95;95m[48;2;215;255;255m+                   "moveClass": Object {
[38;2;0;95;95m[48;2;215;255;255m+                     "type": [Function],
[38;2;0;95;95m[48;2;215;255;255m+                   },
[38;2;0;95;95m[48;2;215;255;255m+                   "name": Object {
[38;2;0;95;95m[48;2;215;255;255m+                     "type": [Function],
[38;2;0;95;95m[48;2;215;255;255m+                   },
[38;2;0;95;95m[48;2;215;255;255m+                   "tag": Object {
[38;2;0;95;95m[48;2;215;255;255m+                     "type": [Function],
[38;2;0;95;95m[48;2;215;255;255m+                   },
[38;2;0;95;95m[48;2;215;255;255m+                   "type": Object {
[38;2;0;95;95m[48;2;215;255;255m+                     "type": [Function],
[38;2;0;95;95m[48;2;215;255;255m+                   },
[38;2;0;95;95m[48;2;215;255;255m+                 },
[38;2;0;95;95m[48;2;215;255;255m+                 "render": [Function],
[38;2;0;95;95m[48;2;215;255;255m+                 "updated": [Function],
[38;2;0;95;95m[48;2;215;255;255m+               },
[38;2;0;95;95m[48;2;215;255;255m+             },
[38;2;0;95;95m[48;2;215;255;255m+             "directives": Object {
[38;2;0;95;95m[48;2;215;255;255m+               "model": Object {
[38;2;0;95;95m[48;2;215;255;255m+                 "componentUpdated": [Function],
[38;2;0;95;95m[48;2;215;255;255m+                 "inserted": [Function],
[38;2;0;95;95m[48;2;215;255;255m+               },
[38;2;0;95;95m[48;2;215;255;255m+               "show": Object {
[38;2;0;95;95m[48;2;215;255;255m+                 "bind": [Function],
[38;2;0;95;95m[48;2;215;255;255m+                 "unbind": [Function],
[38;2;0;95;95m[48;2;215;255;255m+                 "update": [Function],
[38;2;0;95;95m[48;2;215;255;255m+               },
[38;2;0;95;95m[48;2;215;255;255m+             },
[38;2;0;95;95m[48;2;215;255;255m+             "filters": Object {},
[38;2;0;95;95m[48;2;215;255;255m+           },
[38;2;0;95;95m[48;2;215;255;255m+           "use": [Function],
[38;2;0;95;95m[48;2;215;255;255m+           "util": Object {
[38;2;0;95;95m[48;2;215;255;255m+             "defineReactive": [Function],
[38;2;0;95;95m[48;2;215;255;255m+             "extend": [Function],
[38;2;0;95;95m[48;2;215;255;255m+             "mergeOptions": [Function],
[38;2;0;95;95m[48;2;215;255;255m+             "warn": [Function],
[38;2;0;95;95m[48;2;215;255;255m+           },
[38;2;0;95;95m[48;2;215;255;255m+           "version": "2.6.14",
[38;2;0;95;95m[48;2;215;255;255m+         },
[38;2;0;95;95m[48;2;215;255;255m+         "$parent": undefined,
[38;2;0;95;95m[48;2;215;255;255m+         "$refs": Object {},
[38;2;0;95;95m[48;2;215;255;255m+         "$root": [Circular],
[38;2;0;95;95m[48;2;215;255;255m+         "$scopedSlots": Object {},
[38;2;0;95;95m[48;2;215;255;255m+         "$slots": Object {},
[38;2;0;95;95m[48;2;215;255;255m+         "$vnode": undefined,
[38;2;0;95;95m[48;2;215;255;255m+         "__emitted": Object {},
[38;2;0;95;95m[48;2;215;255;255m+         "__emittedByOrder": Array [],
[38;2;0;95;95m[48;2;215;255;255m+         "_c": [Function],
[38;2;0;95;95m[48;2;215;255;255m+         "_data": Object {
[38;2;0;95;95m[48;2;215;255;255m+           "vueTestUtils_childProps": Object {},
[38;2;0;95;95m[48;2;215;255;255m+         },
[38;2;0;95;95m[48;2;215;255;255m+         "_directInactive": false,
[38;2;0;95;95m[48;2;215;255;255m+         "_events": Object {},
[38;2;0;95;95m[48;2;215;255;255m+         "_hasHookEvent": false,
[38;2;0;95;95m[48;2;215;255;255m+         "_inactive": null,
[38;2;0;95;95m[48;2;215;255;255m+         "_isBeingDestroyed": false,
[38;2;0;95;95m[48;2;215;255;255m+         "_isDestroyed": false,
[38;2;0;95;95m[48;2;215;255;255m+         "_isMounted": true,
[38;2;0;95;95m[48;2;215;255;255m+         "_isVue": true,
[38;2;0;95;95m[48;2;215;255;255m+         "_provided": Object {},
[38;2;0;95;95m[48;2;215;255;255m+         "_renderProxy": [Circular],
[38;2;0;95;95m[48;2;215;255;255m+         "_self": [Circular],
[38;2;0;95;95m[48;2;215;255;255m+         "_staticTrees": null,
[38;2;0;95;95m[48;2;215;255;255m+         "_uid": 2,
[38;2;0;95;95m[48;2;215;255;255m+         "_vnode": [Circular],
[38;2;0;95;95m[48;2;215;255;255m+         "_watcher": Watcher {
[38;2;0;95;95m[48;2;215;255;255m+           "active": true,
[38;2;0;95;95m[48;2;215;255;255m+           "before": [Function],
[38;2;0;95;95m[48;2;215;255;255m+           "cb": [Function],
[38;2;0;95;95m[48;2;215;255;255m+           "deep": false,
[38;2;0;95;95m[48;2;215;255;255m+           "depIds": Set {
[38;2;0;95;95m[48;2;215;255;255m+             21,
[38;2;0;95;95m[48;2;215;255;255m+             22,
[38;2;0;95;95m[48;2;215;255;255m+           },
[38;2;0;95;95m[48;2;215;255;255m+           "deps": Array [
[38;2;0;95;95m[48;2;215;255;255m+             Dep {
[38;2;0;95;95m[48;2;215;255;255m+               "id": 21,
[38;2;0;95;95m[48;2;215;255;255m+               "subs": Array [
[38;2;0;95;95m[48;2;215;255;255m+                 [Circular],
[38;2;0;95;95m[48;2;215;255;255m+               ],
[38;2;0;95;95m[48;2;215;255;255m+             },
[38;2;0;95;95m[48;2;215;255;255m+             Dep {
[38;2;0;95;95m[48;2;215;255;255m+               "id": 22,
[38;2;0;95;95m[48;2;215;255;255m+               "subs": Array [
[38;2;0;95;95m[48;2;215;255;255m+                 [Circular],
[38;2;0;95;95m[48;2;215;255;255m+               ],
[38;2;0;95;95m[48;2;215;255;255m+             },
[38;2;0;95;95m[48;2;215;255;255m+           ],
[38;2;0;95;95m[48;2;215;255;255m+           "dirty": false,
[38;2;0;95;95m[48;2;215;255;255m+           "expression": "function () {
[38;2;0;95;95m[48;2;215;255;255m+       vm._update(vm._render(), hydrating);
[38;2;0;95;95m[48;2;215;255;255m+     }",
[38;2;0;95;95m[48;2;215;255;255m+           "getter": [Function],
[38;2;0;95;95m[48;2;215;255;255m+           "id": 5,
[38;2;0;95;95m[48;2;215;255;255m+           "lazy": false,
[38;2;0;95;95m[48;2;215;255;255m+           "newDepIds": Set {},
[38;2;0;95;95m[48;2;215;255;255m+           "newDeps": Array [],
[38;2;0;95;95m[48;2;215;255;255m+           "sync": false,
[38;2;0;95;95m[48;2;215;255;255m+           "user": false,
[38;2;0;95;95m[48;2;215;255;255m+           "value": undefined,
[38;2;0;95;95m[48;2;215;255;255m+           "vm": [Circular],
[38;2;0;95;95m[48;2;215;255;255m+         },
[38;2;0;95;95m[48;2;215;255;255m+         "_watchers": Array [
[38;2;0;95;95m[48;2;215;255;255m+           Watcher {
[38;2;0;95;95m[48;2;215;255;255m+             "active": true,
[38;2;0;95;95m[48;2;215;255;255m+             "before": [Function],
[38;2;0;95;95m[48;2;215;255;255m+             "cb": [Function],
[38;2;0;95;95m[48;2;215;255;255m+             "deep": false,
[38;2;0;95;95m[48;2;215;255;255m+             "depIds": Set {
[38;2;0;95;95m[48;2;215;255;255m+               21,
[38;2;0;95;95m[48;2;215;255;255m+               22,
[38;2;0;95;95m[48;2;215;255;255m+             },
[38;2;0;95;95m[48;2;215;255;255m+             "deps": Array [
[38;2;0;95;95m[48;2;215;255;255m+               Dep {
[38;2;0;95;95m[48;2;215;255;255m+                 "id": 21,
[38;2;0;95;95m[48;2;215;255;255m+                 "subs": Array [
[38;2;0;95;95m[48;2;215;255;255m+                   [Circular],
[38;2;0;95;95m[48;2;215;255;255m+                 ],
[38;2;0;95;95m[48;2;215;255;255m+               },
[38;2;0;95;95m[48;2;215;255;255m+               Dep {
[38;2;0;95;95m[48;2;215;255;255m+                 "id": 22,
[38;2;0;95;95m[48;2;215;255;255m+                 "subs": Array [
[38;2;0;95;95m[48;2;215;255;255m+                   [Circular],
[38;2;0;95;95m[48;2;215;255;255m+                 ],
[38;2;0;95;95m[48;2;215;255;255m+               },
[38;2;0;95;95m[48;2;215;255;255m+             ],
[38;2;0;95;95m[48;2;215;255;255m+             "dirty": false,
[38;2;0;95;95m[48;2;215;255;255m+             "expression": "function () {
[38;2;0;95;95m[48;2;215;255;255m+       vm._update(vm._render(), hydrating);
[38;2;0;95;95m[48;2;215;255;255m+     }",
[38;2;0;95;95m[48;2;215;255;255m+             "getter": [Function],
[38;2;0;95;95m[48;2;215;255;255m+             "id": 5,
[38;2;0;95;95m[48;2;215;255;255m+             "lazy": false,
[38;2;0;95;95m[48;2;215;255;255m+             "newDepIds": Set {},
[38;2;0;95;95m[48;2;215;255;255m+             "newDeps": Array [],
[38;2;0;95;95m[48;2;215;255;255m+             "sync": false,
[38;2;0;95;95m[48;2;215;255;255m+             "user": false,
[38;2;0;95;95m[48;2;215;255;255m+             "value": undefined,
[38;2;0;95;95m[48;2;215;255;255m+             "vm": [Circular],
[38;2;0;95;95m[48;2;215;255;255m+           },
[38;2;0;95;95m[48;2;215;255;255m+         ],
[38;2;0;95;95m[48;2;215;255;255m+         "vueTestUtils_childProps": Object {},
[38;2;0;95;95m[48;2;215;255;255m+       },
[38;2;0;95;95m[48;2;215;255;255m+       "_self": [Circular],
[38;2;0;95;95m[48;2;215;255;255m+       "_staticTrees": null,
[38;2;0;95;95m[48;2;215;255;255m+       "_uid": 2,
[38;2;0;95;95m[48;2;215;255;255m+       "_vnode": [Circular],
[38;2;0;95;95m[48;2;215;255;255m+       "_watcher": Watcher {
[38;2;0;95;95m[48;2;215;255;255m+         "active": true,
[38;2;0;95;95m[48;2;215;255;255m+         "before": [Function],
[38;2;0;95;95m[48;2;215;255;255m+         "cb": [Function],
[38;2;0;95;95m[48;2;215;255;255m+         "deep": false,
[38;2;0;95;95m[48;2;215;255;255m+         "depIds": Set {
[38;2;0;95;95m[48;2;215;255;255m+           21,
[38;2;0;95;95m[48;2;215;255;255m+           22,
[38;2;0;95;95m[48;2;215;255;255m+         },
[38;2;0;95;95m[48;2;215;255;255m+         "deps": Array [
[38;2;0;95;95m[48;2;215;255;255m+           Dep {
[38;2;0;95;95m[48;2;215;255;255m+             "id": 21,
[38;2;0;95;95m[48;2;215;255;255m+             "subs": Array [
[38;2;0;95;95m[48;2;215;255;255m+               [Circular],
[38;2;0;95;95m[48;2;215;255;255m+             ],
[38;2;0;95;95m[48;2;215;255;255m+           },
[38;2;0;95;95m[48;2;215;255;255m+           Dep {
[38;2;0;95;95m[48;2;215;255;255m+             "id": 22,
[38;2;0;95;95m[48;2;215;255;255m+             "subs": Array [
[38;2;0;95;95m[48;2;215;255;255m+               [Circular],
[38;2;0;95;95m[48;2;215;255;255m+             ],
[38;2;0;95;95m[48;2;215;255;255m+           },
[38;2;0;95;95m[48;2;215;255;255m+         ],
[38;2;0;95;95m[48;2;215;255;255m+         "dirty": false,
[38;2;0;95;95m[48;2;215;255;255m+         "expression": "function () {
[38;2;0;95;95m[48;2;215;255;255m+       vm._update(vm._render(), hydrating);
[38;2;0;95;95m[48;2;215;255;255m+     }",
[38;2;0;95;95m[48;2;215;255;255m+         "getter": [Function],
[38;2;0;95;95m[48;2;215;255;255m+         "id": 5,
[38;2;0;95;95m[48;2;215;255;255m+         "lazy": false,
[38;2;0;95;95m[48;2;215;255;255m+         "newDepIds": Set {},
[38;2;0;95;95m[48;2;215;255;255m+         "newDeps": Array [],
[38;2;0;95;95m[48;2;215;255;255m+         "sync": false,
[38;2;0;95;95m[48;2;215;255;255m+         "user": false,
[38;2;0;95;95m[48;2;215;255;255m+         "value": undefined,
[38;2;0;95;95m[48;2;215;255;255m+         "vm": [Circular],
[38;2;0;95;95m[48;2;215;255;255m+       },
[38;2;0;95;95m[48;2;215;255;255m+       "_watchers": Array [
[38;2;0;95;95m[48;2;215;255;255m+         Watcher {
[38;2;0;95;95m[48;2;215;255;255m+           "active": true,
[38;2;0;95;95m[48;2;215;255;255m+           "before": [Function],
[38;2;0;95;95m[48;2;215;255;255m+           "cb": [Function],
[38;2;0;95;95m[48;2;215;255;255m+           "deep": false,
[38;2;0;95;95m[48;2;215;255;255m+           "depIds": Set {
[38;2;0;95;95m[48;2;215;255;255m+             21,
[38;2;0;95;95m[48;2;215;255;255m+             22,
[38;2;0;95;95m[48;2;215;255;255m+           },
[38;2;0;95;95m[48;2;215;255;255m+           "deps": Array [
[38;2;0;95;95m[48;2;215;255;255m+             Dep {
[38;2;0;95;95m[48;2;215;255;255m+               "id": 21,
[38;2;0;95;95m[48;2;215;255;255m+               "subs": Array [
[38;2;0;95;95m[48;2;215;255;255m+                 [Circular],
[38;2;0;95;95m[48;2;215;255;255m+               ],
[38;2;0;95;95m[48;2;215;255;255m+             },
[38;2;0;95;95m[48;2;215;255;255m+             Dep {
[38;2;0;95;95m[48;2;215;255;255m+               "id": 22,
[38;2;0;95;95m[48;2;215;255;255m+               "subs": Array [
[38;2;0;95;95m[48;2;215;255;255m+                 [Circular],
[38;2;0;95;95m[48;2;215;255;255m+               ],
[38;2;0;95;95m[48;2;215;255;255m+             },
[38;2;0;95;95m[48;2;215;255;255m+           ],
[38;2;0;95;95m[48;2;215;255;255m+           "dirty": false,
[38;2;0;95;95m[48;2;215;255;255m+           "expression": "function () {
[38;2;0;95;95m[48;2;215;255;255m+       vm._update(vm._render(), hydrating);
[38;2;0;95;95m[48;2;215;255;255m+     }",
[38;2;0;95;95m[48;2;215;255;255m+           "getter": [Function],
[38;2;0;95;95m[48;2;215;255;255m+           "id": 5,
[38;2;0;95;95m[48;2;215;255;255m+           "lazy": false,
[38;2;0;95;95m[48;2;215;255;255m+           "newDepIds": Set {},
[38;2;0;95;95m[48;2;215;255;255m+           "newDeps": Array [],
[38;2;0;95;95m[48;2;215;255;255m+           "sync": false,
[38;2;0;95;95m[48;2;215;255;255m+           "user": false,
[38;2;0;95;95m[48;2;215;255;255m+           "value": undefined,
[38;2;0;95;95m[48;2;215;255;255m+           "vm": [Circular],
[38;2;0;95;95m[48;2;215;255;255m+         },
[38;2;0;95;95m[48;2;215;255;255m+       ],
[38;2;0;95;95m[48;2;215;255;255m+       "vueTestUtils_childProps": Object {},
[38;2;0;95;95m[48;2;215;255;255m+     },
[38;2;0;95;95m[48;2;215;255;255m+     "data": Object {
[38;2;0;95;95m[48;2;215;255;255m+       "attrs": Object {},
[38;2;0;95;95m[48;2;215;255;255m+       "hook": Object {
[38;2;0;95;95m[48;2;215;255;255m+         "destroy": [Function],
[38;2;0;95;95m[48;2;215;255;255m+         "init": [Function],
[38;2;0;95;95m[48;2;215;255;255m+         "insert": [Function],
[38;2;0;95;95m[48;2;215;255;255m+         "prepatch": [Function],
[38;2;0;95;95m[48;2;215;255;255m+       },
[38;2;0;95;95m[48;2;215;255;255m+       "on": undefined,
[38;2;0;95;95m[48;2;215;255;255m+       "pendingInsert": null,
[38;2;0;95;95m[48;2;215;255;255m+       "scopedSlots": Object {
[38;2;0;95;95m[48;2;215;255;255m+         "_normalized": Object {},
[38;2;0;95;95m[48;2;215;255;255m+       },
[38;2;0;95;95m[48;2;215;255;255m+     },
[38;2;0;95;95m[48;2;215;255;255m+     "elm": <div>
[38;2;0;95;95m[48;2;215;255;255m+       <b-dropdown
[38;2;0;95;95m[48;2;215;255;255m+         no-caret=""
[38;2;0;95;95m[48;2;215;255;255m+         right=""
[38;2;0;95;95m[48;2;215;255;255m+         size="lg"
[38;2;0;95;95m[48;2;215;255;255m+         variant="link"
[38;2;0;95;95m[48;2;215;255;255m+       >
[38;2;0;95;95m[48;2;215;255;255m+          
[38;2;0;95;95m[48;2;215;255;255m+         <b-dropdown-item>
[38;2;0;95;95m[48;2;215;255;255m+           <b-icon
[38;2;0;95;95m[48;2;215;255;255m+             icon="door-open"
[38;2;0;95;95m[48;2;215;255;255m+           />
[38;2;0;95;95m[48;2;215;255;255m+           
[38;2;0;95;95m[48;2;215;255;255m+       回到主页
[38;2;0;95;95m[48;2;215;255;255m+     
[38;2;0;95;95m[48;2;215;255;255m+         </b-dropdown-item>
[38;2;0;95;95m[48;2;215;255;255m+          
[38;2;0;95;95m[48;2;215;255;255m+         <b-dropdown-item>
[38;2;0;95;95m[48;2;215;255;255m+           <b-icon
[38;2;0;95;95m[48;2;215;255;255m+             icon="cursor-fill"
[38;2;0;95;95m[48;2;215;255;255m+           />
[38;2;0;95;95m[48;2;215;255;255m+           
[38;2;0;95;95m[48;2;215;255;255m+       注销用户
[38;2;0;95;95m[48;2;215;255;255m+     
[38;2;0;95;95m[48;2;215;255;255m+         </b-dropdown-item>
[38;2;0;95;95m[48;2;215;255;255m+       </b-dropdown>
[38;2;0;95;95m[48;2;215;255;255m+     </div>,
[38;2;0;95;95m[48;2;215;255;255m+     "fnContext": undefined,
[38;2;0;95;95m[48;2;215;255;255m+     "fnOptions": undefined,
[38;2;0;95;95m[48;2;215;255;255m+     "fnScopeId": undefined,
[38;2;0;95;95m[48;2;215;255;255m+     "isAsyncPlaceholder": false,
[38;2;0;95;95m[48;2;215;255;255m+     "isCloned": false,
[38;2;0;95;95m[48;2;215;255;255m+     "isComment": false,
[38;2;0;95;95m[48;2;215;255;255m+     "isOnce": false,
[38;2;0;95;95m[48;2;215;255;255m+     "isRootInsert": true,
[38;2;0;95;95m[48;2;215;255;255m+     "isStatic": false,
[38;2;0;95;95m[48;2;215;255;255m+     "key": undefined,
[38;2;0;95;95m[48;2;215;255;255m+     "ns": undefined,
[38;2;0;95;95m[48;2;215;255;255m+     "parent": undefined,
[38;2;0;95;95m[48;2;215;255;255m+     "raw": false,
[38;2;0;95;95m[48;2;215;255;255m+     "tag": "vue-component-1408-UserLogo",
[38;2;0;95;95m[48;2;215;255;255m+     "text": undefined,
[38;2;0;95;95m[48;2;215;255;255m+   },
[38;2;0;95;95m[48;2;215;255;255m+   "__emitted": Object {},
[38;2;0;95;95m[48;2;215;255;255m+   "__emittedByOrder": Array [],
[38;2;0;95;95m[48;2;215;255;255m+   "_c": [Function],
[38;2;0;95;95m[48;2;215;255;255m+   "_data": Object {},
[38;2;0;95;95m[48;2;215;255;255m+   "_directInactive": false,
[38;2;0;95;95m[48;2;215;255;255m+   "_events": Object {},
[38;2;0;95;95m[48;2;215;255;255m+   "_hasHookEvent": false,
[38;2;0;95;95m[48;2;215;255;255m+   "_inactive": null,
[38;2;0;95;95m[48;2;215;255;255m+   "_isBeingDestroyed": false,
[38;2;0;95;95m[48;2;215;255;255m+   "_isDestroyed": false,
[38;2;0;95;95m[48;2;215;255;255m+   "_isMounted": true,
[38;2;0;95;95m[48;2;215;255;255m+   "_isVue": true,
[38;2;0;95;95m[48;2;215;255;255m+   "_renderProxy": VueComponent {
[38;2;0;95;95m[48;2;215;255;255m+     "$attrs": Object {},
[38;2;0;95;95m[48;2;215;255;255m+     "$children": Array [],
[38;2;0;95;95m[48;2;215;255;255m+     "$createElement": [Function],
[38;2;0;95;95m[48;2;215;255;255m+     "$el": <div>
[38;2;0;95;95m[48;2;215;255;255m+       <b-dropdown
[38;2;0;95;95m[48;2;215;255;255m+         no-caret=""
[38;2;0;95;95m[48;2;215;255;255m+         right=""
[38;2;0;95;95m[48;2;215;255;255m+         size="lg"
[38;2;0;95;95m[48;2;215;255;255m+         variant="link"
[38;2;0;95;95m[48;2;215;255;255m+       >
[38;2;0;95;95m[48;2;215;255;255m+          
[38;2;0;95;95m[48;2;215;255;255m+         <b-dropdown-item>
[38;2;0;95;95m[48;2;215;255;255m+           <b-icon
[38;2;0;95;95m[48;2;215;255;255m+             icon="door-open"
[38;2;0;95;95m[48;2;215;255;255m+           />
[38;2;0;95;95m[48;2;215;255;255m+           
[38;2;0;95;95m[48;2;215;255;255m+       回到主页
[38;2;0;95;95m[48;2;215;255;255m+     
[38;2;0;95;95m[48;2;215;255;255m+         </b-dropdown-item>
[38;2;0;95;95m[48;2;215;255;255m+          
[38;2;0;95;95m[48;2;215;255;255m+         <b-dropdown-item>
[38;2;0;95;95m[48;2;215;255;255m+           <b-icon
[38;2;0;95;95m[48;2;215;255;255m+             icon="cursor-fill"
[38;2;0;95;95m[48;2;215;255;255m+           />
[38;2;0;95;95m[48;2;215;255;255m+           
[38;2;0;95;95m[48;2;215;255;255m+       注销用户
[38;2;0;95;95m[48;2;215;255;255m+     
[38;2;0;95;95m[48;2;215;255;255m+         </b-dropdown-item>
[38;2;0;95;95m[48;2;215;255;255m+       </b-dropdown>
[38;2;0;95;95m[48;2;215;255;255m+     </div>,
[38;2;0;95;95m[48;2;215;255;255m+     "$emit": [Function],
[38;2;0;95;95m[48;2;215;255;255m+     "$listeners": Object {},
[38;2;0;95;95m[48;2;215;255;255m+     "$options": Object {
[38;2;0;95;95m[48;2;215;255;255m+       "_componentTag": undefined,
[38;2;0;95;95m[48;2;215;255;255m+       "_parentListeners": Object {},
[38;2;0;95;95m[48;2;215;255;255m+       "_parentVnode": VNode {
[38;2;0;95;95m[48;2;215;255;255m+         "asyncFactory": undefined,
[38;2;0;95;95m[48;2;215;255;255m+         "asyncMeta": undefined,
[38;2;0;95;95m[48;2;215;255;255m+         "children": undefined,
[38;2;0;95;95m[48;2;215;255;255m+         "componentInstance": [Circular],
[38;2;0;95;95m[48;2;215;255;255m+         "componentOptions": Object {
[38;2;0;95;95m[48;2;215;255;255m+           "Ctor": [Function],
[38;2;0;95;95m[48;2;215;255;255m+           "children": undefined,
[38;2;0;95;95m[48;2;215;255;255m+           "listeners": Object {},
[38;2;0;95;95m[48;2;215;255;255m+           "propsData": undefined,
[38;2;0;95;95m[48;2;215;255;255m+           "tag": undefined,
[38;2;0;95;95m[48;2;215;255;255m+         },
[38;2;0;95;95m[48;2;215;255;255m+         "context": VueComponent {
[38;2;0;95;95m[48;2;215;255;255m+           "$attrs": Object {},
[38;2;0;95;95m[48;2;215;255;255m+           "$children": Array [
[38;2;0;95;95m[48;2;215;255;255m+             [Circular],
[38;2;0;95;95m[48;2;215;255;255m+           ],
[38;2;0;95;95m[48;2;215;255;255m+           "$createElement": [Function],
[38;2;0;95;95m[48;2;215;255;255m+           "$el": <div>
[38;2;0;95;95m[48;2;215;255;255m+             <b-dropdown
[38;2;0;95;95m[48;2;215;255;255m+               no-caret=""
[38;2;0;95;95m[48;2;215;255;255m+               right=""
[38;2;0;95;95m[48;2;215;255;255m+               size="lg"
[38;2;0;95;95m[48;2;215;255;255m+               variant="link"
[38;2;0;95;95m[48;2;215;255;255m+             >
[38;2;0;95;95m[48;2;215;255;255m+                
[38;2;0;95;95m[48;2;215;255;255m+               <b-dropdown-item>
[38;2;0;95;95m[48;2;215;255;255m+                 <b-icon
[38;2;0;95;95m[48;2;215;255;255m+                   icon="door-open"
[38;2;0;95;95m[48;2;215;255;255m+                 />
[38;2;0;95;95m[48;2;215;255;255m+                 
[38;2;0;95;95m[48;2;215;255;255m+       回到主页
[38;2;0;95;95m[48;2;215;255;255m+     
[38;2;0;95;95m[48;2;215;255;255m+               </b-dropdown-item>
[38;2;0;95;95m[48;2;215;255;255m+                
[38;2;0;95;95m[48;2;215;255;255m+               <b-dropdown-item>
[38;2;0;95;95m[48;2;215;255;255m+                 <b-icon
[38;2;0;95;95m[48;2;215;255;255m+                   icon="cursor-fill"
[38;2;0;95;95m[48;2;215;255;255m+                 />
[38;2;0;95;95m[48;2;215;255;255m+                 
[38;2;0;95;95m[48;2;215;255;255m+       注销用户
[38;2;0;95;95m[48;2;215;255;255m+     
[38;2;0;95;95m[48;2;215;255;255m+               </b-dropdown-item>
[38;2;0;95;95m[48;2;215;255;255m+             </b-dropdown>
[38;2;0;95;95m[48;2;215;255;255m+           </div>,
[38;2;0;95;95m[48;2;215;255;255m+           "$emit": [Function],
[38;2;0;95;95m[48;2;215;255;255m+           "$listeners": Object {},
[38;2;0;95;95m[48;2;215;255;255m+           "$options": Object {
[38;2;0;95;95m[48;2;215;255;255m+             "$_doNotStubChildren": true,
[38;2;0;95;95m[48;2;215;255;255m+             "$_isWrapperParent": true,
[38;2;0;95;95m[48;2;215;255;255m+             "_Ctor": Object {
[38;2;0;95;95m[48;2;215;255;255m+               "1404": [Function],
[38;2;0;95;95m[48;2;215;255;255m+             },
[38;2;0;95;95m[48;2;215;255;255m+             "_base": [Function],
[38;2;0;95;95m[48;2;215;255;255m+             "_installedPlugins": Array [
[38;2;0;95;95m[48;2;215;255;255m+               Object {
[38;2;0;95;95m[48;2;215;255;255m+                 "install": [Function],
[38;2;0;95;95m[48;2;215;255;255m+               },
[38;2;0;95;95m[48;2;215;255;255m+               Object {
[38;2;0;95;95m[48;2;215;255;255m+                 "install": [Function],
[38;2;0;95;95m[48;2;215;255;255m+               },
[38;2;0;95;95m[48;2;215;255;255m+               Object {
[38;2;0;95;95m[48;2;215;255;255m+                 "install": [Function],
[38;2;0;95;95m[48;2;215;255;255m+               },
[38;2;0;95;95m[48;2;215;255;255m+               Object {
[38;2;0;95;95m[48;2;215;255;255m+                 "install": [Function],
[38;2;0;95;95m[48;2;215;255;255m+               },
[38;2;0;95;95m[48;2;215;255;255m+               Object {
[38;2;0;95;95m[48;2;215;255;255m+                 "install": [Function],
[38;2;0;95;95m[48;2;215;255;255m+               },
[38;2;0;95;95m[48;2;215;255;255m+               Object {
[38;2;0;95;95m[48;2;215;255;255m+                 "install": [Function],
[38;2;0;95;95m[48;2;215;255;255m+               },
[38;2;0;95;95m[48;2;215;255;255m+               Object {
[38;2;0;95;95m[48;2;215;255;255m+                 "install": [Function],
[38;2;0;95;95m[48;2;215;255;255m+               },
[38;2;0;95;95m[48;2;215;255;255m+               Object {
[38;2;0;95;95m[48;2;215;255;255m+                 "install": [Function],
[38;2;0;95;95m[48;2;215;255;255m+               },
[38;2;0;95;95m[48;2;215;255;255m+               Object {
[38;2;0;95;95m[48;2;215;255;255m+                 "install": [Function],
[38;2;0;95;95m[48;2;215;255;255m+               },
[38;2;0;95;95m[48;2;215;255;255m+               Object {
[38;2;0;95;95m[48;2;215;255;255m+                 "install": [Function],
[38;2;0;95;95m[48;2;215;255;255m+               },
[38;2;0;95;95m[48;2;215;255;255m+               Object {
[38;2;0;95;95m[48;2;215;255;255m+                 "install": [Function],
[38;2;0;95;95m[48;2;215;255;255m+               },
[38;2;0;95;95m[48;2;215;255;255m+               Object {
[38;2;0;95;95m[48;2;215;255;255m+                 "install": [Function],
[38;2;0;95;95m[48;2;215;255;255m+               },
[38;2;0;95;95m[48;2;215;255;255m+               Object {
[38;2;0;95;95m[48;2;215;255;255m+                 "install": [Function],
[38;2;0;95;95m[48;2;215;255;255m+               },
[38;2;0;95;95m[48;2;215;255;255m+               Object {
[38;2;0;95;95m[48;2;215;255;255m+                 "install": [Function],
[38;2;0;95;95m[48;2;215;255;255m+               },
[38;2;0;95;95m[48;2;215;255;255m+               Object {
[38;2;0;95;95m[48;2;215;255;255m+                 "install": [Function],
[38;2;0;95;95m[48;2;215;255;255m+               },
[38;2;0;95;95m[48;2;215;255;255m+               Object {
[38;2;0;95;95m[48;2;215;255;255m+                 "install": [Function],
[38;2;0;95;95m[48;2;215;255;255m+               },
[38;2;0;95;95m[48;2;215;255;255m+               Object {
[38;2;0;95;95m[48;2;215;255;255m+                 "install": [Function],
[38;2;0;95;95m[48;2;215;255;255m+               },
[38;2;0;95;95m[48;2;215;255;255m+               Object {
[38;2;0;95;95m[48;2;215;255;255m+                 "install": [Function],
[38;2;0;95;95m[48;2;215;255;255m+               },
[38;2;0;95;95m[48;2;215;255;255m+               Object {
[38;2;0;95;95m[48;2;215;255;255m+                 "install": [Function],
[38;2;0;95;95m[48;2;215;255;255m+               },
[38;2;0;95;95m[48;2;215;255;255m+               Object {
[38;2;0;95;95m[48;2;215;255;255m+                 "install": [Function],
[38;2;0;95;95m[48;2;215;255;255m+               },
[38;2;0;95;95m[48;2;215;255;255m+               Object {
[38;2;0;95;95m[48;2;215;255;255m+                 "install": [Function],
[38;2;0;95;95m[48;2;215;255;255m+               },
[38;2;0;95;95m[48;2;215;255;255m+               Object {
[38;2;0;95;95m[48;2;215;255;255m+                 "install": [Function],
[38;2;0;95;95m[48;2;215;255;255m+               },
[38;2;0;95;95m[48;2;215;255;255m+               Object {
[38;2;0;95;95m[48;2;215;255;255m+                 "install": [Function],
[38;2;0;95;95m[48;2;215;255;255m+               },
[38;2;0;95;95m[48;2;215;255;255m+               Object {
[38;2;0;95;95m[48;2;215;255;255m+                 "install": [Function],
[38;2;0;95;95m[48;2;215;255;255m+               },
[38;2;0;95;95m[48;2;215;255;255m+               Object {
[38;2;0;95;95m[48;2;215;255;255m+                 "install": [Function],
[38;2;0;95;95m[48;2;215;255;255m+               },
[38;2;0;95;95m[48;2;215;255;255m+               Object {
[38;2;0;95;95m[48;2;215;255;255m+                 "install": [Function],
[38;2;0;95;95m[48;2;215;255;255m+               },
[38;2;0;95;95m[48;2;215;255;255m+               Object {
[38;2;0;95;95m[48;2;215;255;255m+                 "install": [Function],
[38;2;0;95;95m[48;2;215;255;255m+               },
[38;2;0;95;95m[48;2;215;255;255m+               Object {
[38;2;0;95;95m[48;2;215;255;255m+                 "install": [Function],
[38;2;0;95;95m[48;2;215;255;255m+               },
[38;2;0;95;95m[48;2;215;255;255m+               Object {
[38;2;0;95;95m[48;2;215;255;255m+                 "install": [Function],
[38;2;0;95;95m[48;2;215;255;255m+               },
[38;2;0;95;95m[48;2;215;255;255m+               Object {
[38;2;0;95;95m[48;2;215;255;255m+                 "install": [Function],
[38;2;0;95;95m[48;2;215;255;255m+               },
[38;2;0;95;95m[48;2;215;255;255m+               Object {
[38;2;0;95;95m[48;2;215;255;255m+                 "install": [Function],
[38;2;0;95;95m[48;2;215;255;255m+               },
[38;2;0;95;95m[48;2;215;255;255m+               Object {
[38;2;0;95;95m[48;2;215;255;255m+                 "install": [Function],
[38;2;0;95;95m[48;2;215;255;255m+               },
[38;2;0;95;95m[48;2;215;255;255m+               Object {
[38;2;0;95;95m[48;2;215;255;255m+                 "install": [Function],
[38;2;0;95;95m[48;2;215;255;255m+               },
[38;2;0;95;95m[48;2;215;255;255m+               Object {
[38;2;0;95;95m[48;2;215;255;255m+                 "install": [Function],
[38;2;0;95;95m[48;2;215;255;255m+               },
[38;2;0;95;95m[48;2;215;255;255m+               Object {
[38;2;0;95;95m[48;2;215;255;255m+                 "install": [Function],
[38;2;0;95;95m[48;2;215;255;255m+               },
[38;2;0;95;95m[48;2;215;255;255m+               [Function],
[38;2;0;95;95m[48;2;215;255;255m+               Object {
[38;2;0;95;95m[48;2;215;255;255m+                 "install": [Function],
[38;2;0;95;95m[48;2;215;255;255m+               },
[38;2;0;95;95m[48;2;215;255;255m+               Object {
[38;2;0;95;95m[48;2;215;255;255m+                 "install": [Function],
[38;2;0;95;95m[48;2;215;255;255m+               },
[38;2;0;95;95m[48;2;215;255;255m+               Object {
[38;2;0;95;95m[48;2;215;255;255m+                 "install": [Function],
[38;2;0;95;95m[48;2;215;255;255m+               },
[38;2;0;95;95m[48;2;215;255;255m+               Object {
[38;2;0;95;95m[48;2;215;255;255m+                 "install": [Function],
[38;2;0;95;95m[48;2;215;255;255m+               },
[38;2;0;95;95m[48;2;215;255;255m+               Object {
[38;2;0;95;95m[48;2;215;255;255m+                 "install": [Function],
[38;2;0;95;95m[48;2;215;255;255m+               },
[38;2;0;95;95m[48;2;215;255;255m+               Object {
[38;2;0;95;95m[48;2;215;255;255m+                 "install": [Function],
[38;2;0;95;95m[48;2;215;255;255m+               },
[38;2;0;95;95m[48;2;215;255;255m+               Object {
[38;2;0;95;95m[48;2;215;255;255m+                 "install": [Function],
[38;2;0;95;95m[48;2;215;255;255m+               },
[38;2;0;95;95m[48;2;215;255;255m+               Object {
[38;2;0;95;95m[48;2;215;255;255m+                 "install": [Function],
[38;2;0;95;95m[48;2;215;255;255m+               },
[38;2;0;95;95m[48;2;215;255;255m+               Object {
[38;2;0;95;95m[48;2;215;255;255m+                 "install": [Function],
[38;2;0;95;95m[48;2;215;255;255m+               },
[38;2;0;95;95m[48;2;215;255;255m+               Object {
[38;2;0;95;95m[48;2;215;255;255m+                 "install": [Function],
[38;2;0;95;95m[48;2;215;255;255m+               },
[38;2;0;95;95m[48;2;215;255;255m+               Object {
[38;2;0;95;95m[48;2;215;255;255m+                 "install": [Function],
[38;2;0;95;95m[48;2;215;255;255m+               },
[38;2;0;95;95m[48;2;215;255;255m+               Object {
[38;2;0;95;95m[48;2;215;255;255m+                 "install": [Function],
[38;2;0;95;95m[48;2;215;255;255m+               },
[38;2;0;95;95m[48;2;215;255;255m+               Object {
[38;2;0;95;95m[48;2;215;255;255m+                 "install": [Function],
[38;2;0;95;95m[48;2;215;255;255m+               },
[38;2;0;95;95m[48;2;215;255;255m+               Object {
[38;2;0;95;95m[48;2;215;255;255m+                 "install": [Function],
[38;2;0;95;95m[48;2;215;255;255m+               },
[38;2;0;95;95m[48;2;215;255;255m+               Object {
[38;2;0;95;95m[48;2;215;255;255m+                 "install": [Function],
[38;2;0;95;95m[48;2;215;255;255m+               },
[38;2;0;95;95m[48;2;215;255;255m+               Object {
[38;2;0;95;95m[48;2;215;255;255m+                 "install": [Function],
[38;2;0;95;95m[48;2;215;255;255m+               },
[38;2;0;95;95m[48;2;215;255;255m+               Object {
[38;2;0;95;95m[48;2;215;255;255m+                 "install": [Function],
[38;2;0;95;95m[48;2;215;255;255m+               },
[38;2;0;95;95m[48;2;215;255;255m+               Object {
[38;2;0;95;95m[48;2;215;255;255m+                 "install": [Function],
[38;2;0;95;95m[48;2;215;255;255m+               },
[38;2;0;95;95m[48;2;215;255;255m+               [Function],
[38;2;0;95;95m[48;2;215;255;255m+               Object {
[38;2;0;95;95m[48;2;215;255;255m+                 "install": [Function],
[38;2;0;95;95m[48;2;215;255;255m+               },
[38;2;0;95;95m[48;2;215;255;255m+               Object {
[38;2;0;95;95m[48;2;215;255;255m+                 "install": [Function],
[38;2;0;95;95m[48;2;215;255;255m+               },
[38;2;0;95;95m[48;2;215;255;255m+               Object {
[38;2;0;95;95m[48;2;215;255;255m+                 "install": [Function],
[38;2;0;95;95m[48;2;215;255;255m+               },
[38;2;0;95;95m[48;2;215;255;255m+               Object {
[38;2;0;95;95m[48;2;215;255;255m+                 "install": [Function],
[38;2;0;95;95m[48;2;215;255;255m+               },
[38;2;0;95;95m[48;2;215;255;255m+               Object {
[38;2;0;95;95m[48;2;215;255;255m+                 "install": [Function],
[38;2;0;95;95m[48;2;215;255;255m+               },
[38;2;0;95;95m[48;2;215;255;255m+               Object {
[38;2;0;95;95m[48;2;215;255;255m+                 "install": [Function],
[38;2;0;95;95m[48;2;215;255;255m+               },
[38;2;0;95;95m[48;2;215;255;255m+               Object {
[38;2;0;95;95m[48;2;215;255;255m+                 "install": [Function],
[38;2;0;95;95m[48;2;215;255;255m+               },
[38;2;0;95;95m[48;2;215;255;255m+               Object {
[38;2;0;95;95m[48;2;215;255;255m+                 "install": [Function],
[38;2;0;95;95m[48;2;215;255;255m+               },
[38;2;0;95;95m[48;2;215;255;255m+               Object {
[38;2;0;95;95m[48;2;215;255;255m+                 "install": [Function],
[38;2;0;95;95m[48;2;215;255;255m+               },
[38;2;0;95;95m[48;2;215;255;255m+               Object {
[38;2;0;95;95m[48;2;215;255;255m+                 "install": [Function],
[38;2;0;95;95m[48;2;215;255;255m+               },
[38;2;0;95;95m[48;2;215;255;255m+               Object {
[38;2;0;95;95m[48;2;215;255;255m+                 "NAME": "BootstrapVue",
[38;2;0;95;95m[48;2;215;255;255m+                 "install": [Function],
[38;2;0;95;95m[48;2;215;255;255m+               },
[38;2;0;95;95m[48;2;215;255;255m+             ],
[38;2;0;95;95m[48;2;215;255;255m+             "_isFunctionalContainer": undefined,
[38;2;0;95;95m[48;2;215;255;255m+             "beforeCreate": Array [
[38;2;0;95;95m[48;2;215;255;255m+               [Function],
[38;2;0;95;95m[48;2;215;255;255m+               [Function],
[38;2;0;95;95m[48;2;215;255;255m+               [Function],
[38;2;0;95;95m[48;2;215;255;255m+             ],
[38;2;0;95;95m[48;2;215;255;255m+             "cid": 1398,
[38;2;0;95;95m[48;2;215;255;255m+             "component": [Function],
[38;2;0;95;95m[48;2;215;255;255m+             "components": Object {
[38;2;0;95;95m[48;2;215;255;255m+               "transition": Object {
[38;2;0;95;95m[48;2;215;255;255m+                 "$_doNotStubChildren": true,
[38;2;0;95;95m[48;2;215;255;255m+                 "$_vueTestUtils_original": Object {
[38;2;0;95;95m[48;2;215;255;255m+                   "_Ctor": Object {
[38;2;0;95;95m[48;2;215;255;255m+                     "1404": [Function],
[38;2;0;95;95m[48;2;215;255;255m+                   },
[38;2;0;95;95m[48;2;215;255;255m+                   "abstract": true,
[38;2;0;95;95m[48;2;215;255;255m+                   "name": "transition",
[38;2;0;95;95m[48;2;215;255;255m+                   "props": Object {
[38;2;0;95;95m[48;2;215;255;255m+                     "appear": Object {
[38;2;0;95;95m[48;2;215;255;255m+                       "type": [Function],
[38;2;0;95;95m[48;2;215;255;255m+                     },
[38;2;0;95;95m[48;2;215;255;255m+                     "appearActiveClass": Object {
[38;2;0;95;95m[48;2;215;255;255m+                       "type": [Function],
[38;2;0;95;95m[48;2;215;255;255m+                     },
[38;2;0;95;95m[48;2;215;255;255m+                     "appearClass": Object {
[38;2;0;95;95m[48;2;215;255;255m+                       "type": [Function],
[38;2;0;95;95m[48;2;215;255;255m+                     },
[38;2;0;95;95m[48;2;215;255;255m+                     "appearToClass": Object {
[38;2;0;95;95m[48;2;215;255;255m+                       "type": [Function],
[38;2;0;95;95m[48;2;215;255;255m+                     },
[38;2;0;95;95m[48;2;215;255;255m+                     "css": Object {
[38;2;0;95;95m[48;2;215;255;255m+                       "type": [Function],
[38;2;0;95;95m[48;2;215;255;255m+                     },
[38;2;0;95;95m[48;2;215;255;255m+                     "duration": Object {
[38;2;0;95;95m[48;2;215;255;255m+                       "type": Array [
[38;2;0;95;95m[48;2;215;255;255m+                         [Function],
[38;2;0;95;95m[48;2;215;255;255m+                         [Function],
[38;2;0;95;95m[48;2;215;255;255m+                         [Function],
[38;2;0;95;95m[48;2;215;255;255m+                       ],
[38;2;0;95;95m[48;2;215;255;255m+                     },
[38;2;0;95;95m[48;2;215;255;255m+                     "enterActiveClass": Object {
[38;2;0;95;95m[48;2;215;255;255m+                       "type": [Function],
[38;2;0;95;95m[48;2;215;255;255m+                     },
[38;2;0;95;95m[48;2;215;255;255m+                     "enterClass": Object {
[38;2;0;95;95m[48;2;215;255;255m+                       "type": [Function],
[38;2;0;95;95m[48;2;215;255;255m+                     },
[38;2;0;95;95m[48;2;215;255;255m+                     "enterToClass": Object {
[38;2;0;95;95m[48;2;215;255;255m+                       "type": [Function],
[38;2;0;95;95m[48;2;215;255;255m+                     },
[38;2;0;95;95m[48;2;215;255;255m+                     "leaveActiveClass": Object {
[38;2;0;95;95m[48;2;215;255;255m+                       "type": [Function],
[38;2;0;95;95m[48;2;215;255;255m+                     },
[38;2;0;95;95m[48;2;215;255;255m+                     "leaveClass": Object {
[38;2;0;95;95m[48;2;215;255;255m+                       "type": [Function],
[38;2;0;95;95m[48;2;215;255;255m+                     },
[38;2;0;95;95m[48;2;215;255;255m+                     "leaveToClass": Object {
[38;2;0;95;95m[48;2;215;255;255m+                       "type": [Function],
[38;2;0;95;95m[48;2;215;255;255m+                     },
[38;2;0;95;95m[48;2;215;255;255m+                     "mode": Object {
[38;2;0;95;95m[48;2;215;255;255m+                       "type": [Function],
[38;2;0;95;95m[48;2;215;255;255m+                     },
[38;2;0;95;95m[48;2;215;255;255m+                     "name": Object {
[38;2;0;95;95m[48;2;215;255;255m+                       "type": [Function],
[38;2;0;95;95m[48;2;215;255;255m+                     },
[38;2;0;95;95m[48;2;215;255;255m+                     "type": Object {
[38;2;0;95;95m[48;2;215;255;255m+                       "type": [Function],
[38;2;0;95;95m[48;2;215;255;255m+                     },
[38;2;0;95;95m[48;2;215;255;255m+                   },
[38;2;0;95;95m[48;2;215;255;255m+                   "render": [Function],
[38;2;0;95;95m[48;2;215;255;255m+                 },
[38;2;0;95;95m[48;2;215;255;255m+                 "abstract": true,
[38;2;0;95;95m[48;2;215;255;255m+                 "attrs": undefined,
[38;2;0;95;95m[48;2;215;255;255m+                 "class": undefined,
[38;2;0;95;95m[48;2;215;255;255m+                 "domProps": undefined,
[38;2;0;95;95m[48;2;215;255;255m+                 "functional": undefined,
[38;2;0;95;95m[48;2;215;255;255m+                 "key": undefined,
[38;2;0;95;95m[48;2;215;255;255m+                 "model": undefined,
[38;2;0;95;95m[48;2;215;255;255m+                 "name": "transition",
[38;2;0;95;95m[48;2;215;255;255m+                 "nativeOn": undefined,
[38;2;0;95;95m[48;2;215;255;255m+                 "normalizedStyle": undefined,
[38;2;0;95;95m[48;2;215;255;255m+                 "on": undefined,
[38;2;0;95;95m[48;2;215;255;255m+                 "props": Object {
[38;2;0;95;95m[48;2;215;255;255m+                   "appear": Object {
[38;2;0;95;95m[48;2;215;255;255m+                     "type": [Function],
[38;2;0;95;95m[48;2;215;255;255m+                   },
[38;2;0;95;95m[48;2;215;255;255m+                   "appearActiveClass": Object {
[38;2;0;95;95m[48;2;215;255;255m+                     "type": [Function],
[38;2;0;95;95m[48;2;215;255;255m+                   },
[38;2;0;95;95m[48;2;215;255;255m+                   "appearClass": Object {
[38;2;0;95;95m[48;2;215;255;255m+                     "type": [Function],
[38;2;0;95;95m[48;2;215;255;255m+                   },
[38;2;0;95;95m[48;2;215;255;255m+                   "appearToClass": Object {
[38;2;0;95;95m[48;2;215;255;255m+                     "type": [Function],
[38;2;0;95;95m[48;2;215;255;255m+                   },
[38;2;0;95;95m[48;2;215;255;255m+                   "css": Object {
[38;2;0;95;95m[48;2;215;255;255m+                     "type": [Function],
[38;2;0;95;95m[48;2;215;255;255m+                   },
[38;2;0;95;95m[48;2;215;255;255m+                   "duration": Object {
[38;2;0;95;95m[48;2;215;255;255m+                     "type": Array [
[38;2;0;95;95m[48;2;215;255;255m+                       [Function],
[38;2;0;95;95m[48;2;215;255;255m+                       [Function],
[38;2;0;95;95m[48;2;215;255;255m+                       [Function],
[38;2;0;95;95m[48;2;215;255;255m+                     ],
[38;2;0;95;95m[48;2;215;255;255m+                   },
[38;2;0;95;95m[48;2;215;255;255m+                   "enterActiveClass": Object {
[38;2;0;95;95m[48;2;215;255;255m+                     "type": [Function],
[38;2;0;95;95m[48;2;215;255;255m+                   },
[38;2;0;95;95m[48;2;215;255;255m+                   "enterClass": Object {
[38;2;0;95;95m[48;2;215;255;255m+                     "type": [Function],
[38;2;0;95;95m[48;2;215;255;255m+                   },
[38;2;0;95;95m[48;2;215;255;255m+                   "enterToClass": Object {
[38;2;0;95;95m[48;2;215;255;255m+                     "type": [Function],
[38;2;0;95;95m[48;2;215;255;255m+                   },
[38;2;0;95;95m[48;2;215;255;255m+                   "leaveActiveClass": Object {
[38;2;0;95;95m[48;2;215;255;255m+                     "type": [Function],
[38;2;0;95;95m[48;2;215;255;255m+                   },
[38;2;0;95;95m[48;2;215;255;255m+                   "leaveClass": Object {
[38;2;0;95;95m[48;2;215;255;255m+                     "type": [Function],
[38;2;0;95;95m[48;2;215;255;255m+                   },
[38;2;0;95;95m[48;2;215;255;255m+                   "leaveToClass": Object {
[38;2;0;95;95m[48;2;215;255;255m+                     "type": [Function],
[38;2;0;95;95m[48;2;215;255;255m+                   },
[38;2;0;95;95m[48;2;215;255;255m+                   "mode": Object {
[38;2;0;95;95m[48;2;215;255;255m+                     "type": [Function],
[38;2;0;95;95m[48;2;215;255;255m+                   },
[38;2;0;95;95m[48;2;215;255;255m+                   "name": Object {
[38;2;0;95;95m[48;2;215;255;255m+                     "type": [Function],
[38;2;0;95;95m[48;2;215;255;255m+                   },
[38;2;0;95;95m[48;2;215;255;255m+                   "type": Object {
[38;2;0;95;95m[48;2;215;255;255m+                     "type": [Function],
[38;2;0;95;95m[48;2;215;255;255m+                   },
[38;2;0;95;95m[48;2;215;255;255m+                 },
[38;2;0;95;95m[48;2;215;255;255m+                 "render": [Function],
[38;2;0;95;95m[48;2;215;255;255m+                 "staticClass": undefined,
[38;2;0;95;95m[48;2;215;255;255m+                 "staticStyle": undefined,
[38;2;0;95;95m[48;2;215;255;255m+                 "style": undefined,
[38;2;0;95;95m[48;2;215;255;255m+               },
[38;2;0;95;95m[48;2;215;255;255m+               "transition-group": Object {
[38;2;0;95;95m[48;2;215;255;255m+                 "$_doNotStubChildren": true,
[38;2;0;95;95m[48;2;215;255;255m+                 "$_vueTestUtils_original": Object {
[38;2;0;95;95m[48;2;215;255;255m+                   "_Ctor": Object {
[38;2;0;95;95m[48;2;215;255;255m+                     "1404": [Function],
[38;2;0;95;95m[48;2;215;255;255m+                   },
[38;2;0;95;95m[48;2;215;255;255m+                   "beforeMount": [Function],
[38;2;0;95;95m[48;2;215;255;255m+                   "methods": Object {
[38;2;0;95;95m[48;2;215;255;255m+                     "hasMove": [Function],
[38;2;0;95;95m[48;2;215;255;255m+                   },
[38;2;0;95;95m[48;2;215;255;255m+                   "props": Object {
[38;2;0;95;95m[48;2;215;255;255m+                     "appear": Object {
[38;2;0;95;95m[48;2;215;255;255m+                       "type": [Function],
[38;2;0;95;95m[48;2;215;255;255m+                     },
[38;2;0;95;95m[48;2;215;255;255m+                     "appearActiveClass": Object {
[38;2;0;95;95m[48;2;215;255;255m+                       "type": [Function],
[38;2;0;95;95m[48;2;215;255;255m+                     },
[38;2;0;95;95m[48;2;215;255;255m+                     "appearClass": Object {
[38;2;0;95;95m[48;2;215;255;255m+                       "type": [Function],
[38;2;0;95;95m[48;2;215;255;255m+                     },
[38;2;0;95;95m[48;2;215;255;255m+                     "appearToClass": Object {
[38;2;0;95;95m[48;2;215;255;255m+                       "type": [Function],
[38;2;0;95;95m[48;2;215;255;255m+                     },
[38;2;0;95;95m[48;2;215;255;255m+                     "css": Object {
[38;2;0;95;95m[48;2;215;255;255m+                       "type": [Function],
[38;2;0;95;95m[48;2;215;255;255m+                     },
[38;2;0;95;95m[48;2;215;255;255m+                     "duration": Object {
[38;2;0;95;95m[48;2;215;255;255m+                       "type": Array [
[38;2;0;95;95m[48;2;215;255;255m+                         [Function],
[38;2;0;95;95m[48;2;215;255;255m+                         [Function],
[38;2;0;95;95m[48;2;215;255;255m+                         [Function],
[38;2;0;95;95m[48;2;215;255;255m+                       ],
[38;2;0;95;95m[48;2;215;255;255m+                     },
[38;2;0;95;95m[48;2;215;255;255m+                     "enterActiveClass": Object {
[38;2;0;95;95m[48;2;215;255;255m+                       "type": [Function],
[38;2;0;95;95m[48;2;215;255;255m+                     },
[38;2;0;95;95m[48;2;215;255;255m+                     "enterClass": Object {
[38;2;0;95;95m[48;2;215;255;255m+                       "type": [Function],
[38;2;0;95;95m[48;2;215;255;255m+                     },
[38;2;0;95;95m[48;2;215;255;255m+                     "enterToClass": Object {
[38;2;0;95;95m[48;2;215;255;255m+                       "type": [Function],
[38;2;0;95;95m[48;2;215;255;255m+                     },
[38;2;0;95;95m[48;2;215;255;255m+                     "leaveActiveClass": Object {
[38;2;0;95;95m[48;2;215;255;255m+                       "type": [Function],
[38;2;0;95;95m[48;2;215;255;255m+                     },
[38;2;0;95;95m[48;2;215;255;255m+                     "leaveClass": Object {
[38;2;0;95;95m[48;2;215;255;255m+                       "type": [Function],
[38;2;0;95;95m[48;2;215;255;255m+                     },
[38;2;0;95;95m[48;2;215;255;255m+                     "leaveToClass": Object {
[38;2;0;95;95m[48;2;215;255;255m+                       "type": [Function],
[38;2;0;95;95m[48;2;215;255;255m+                     },
[38;2;0;95;95m[48;2;215;255;255m+                     "moveClass": Object {
[38;2;0;95;95m[48;2;215;255;255m+                       "type": [Function],
[38;2;0;95;95m[48;2;215;255;255m+                     },
[38;2;0;95;95m[48;2;215;255;255m+                     "name": Object {
[38;2;0;95;95m[48;2;215;255;255m+                       "type": [Function],
[38;2;0;95;95m[48;2;215;255;255m+                     },
[38;2;0;95;95m[48;2;215;255;255m+                     "tag": Object {
[38;2;0;95;95m[48;2;215;255;255m+                       "type": [Function],
[38;2;0;95;95m[48;2;215;255;255m+                     },
[38;2;0;95;95m[48;2;215;255;255m+                     "type": Object {
[38;2;0;95;95m[48;2;215;255;255m+                       "type": [Function],
[38;2;0;95;95m[48;2;215;255;255m+                     },
[38;2;0;95;95m[48;2;215;255;255m+                   },
[38;2;0;95;95m[48;2;215;255;255m+                   "render": [Function],
[38;2;0;95;95m[48;2;215;255;255m+                   "updated": [Function],
[38;2;0;95;95m[48;2;215;255;255m+                 },
[38;2;0;95;95m[48;2;215;255;255m+                 "abstract": undefined,
[38;2;0;95;95m[48;2;215;255;255m+                 "attrs": undefined,
[38;2;0;95;95m[48;2;215;255;255m+                 "class": undefined,
[38;2;0;95;95m[48;2;215;255;255m+                 "domProps": undefined,
[38;2;0;95;95m[48;2;215;255;255m+                 "functional": undefined,
[38;2;0;95;95m[48;2;215;255;255m+                 "key": undefined,
[38;2;0;95;95m[48;2;215;255;255m+                 "model": undefined,
[38;2;0;95;95m[48;2;215;255;255m+                 "name": undefined,
[38;2;0;95;95m[48;2;215;255;255m+                 "nativeOn": undefined,
[38;2;0;95;95m[48;2;215;255;255m+                 "normalizedStyle": undefined,
[38;2;0;95;95m[48;2;215;255;255m+                 "on": undefined,
[38;2;0;95;95m[48;2;215;255;255m+                 "props": Object {
[38;2;0;95;95m[48;2;215;255;255m+                   "appear": Object {
[38;2;0;95;95m[48;2;215;255;255m+                     "type": [Function],
[38;2;0;95;95m[48;2;215;255;255m+                   },
[38;2;0;95;95m[48;2;215;255;255m+                   "appearActiveClass": Object {
[38;2;0;95;95m[48;2;215;255;255m+                     "type": [Function],
[38;2;0;95;95m[48;2;215;255;255m+                   },
[38;2;0;95;95m[48;2;215;255;255m+                   "appearClass": Object {
[38;2;0;95;95m[48;2;215;255;255m+                     "type": [Function],
[38;2;0;95;95m[48;2;215;255;255m+                   },
[38;2;0;95;95m[48;2;215;255;255m+                   "appearToClass": Object {
[38;2;0;95;95m[48;2;215;255;255m+                     "type": [Function],
[38;2;0;95;95m[48;2;215;255;255m+                   },
[38;2;0;95;95m[48;2;215;255;255m+                   "css": Object {
[38;2;0;95;95m[48;2;215;255;255m+                     "type": [Function],
[38;2;0;95;95m[48;2;215;255;255m+                   },
[38;2;0;95;95m[48;2;215;255;255m+                   "duration": Object {
[38;2;0;95;95m[48;2;215;255;255m+                     "type": Array [
[38;2;0;95;95m[48;2;215;255;255m+                       [Function],
[38;2;0;95;95m[48;2;215;255;255m+                       [Function],
[38;2;0;95;95m[48;2;215;255;255m+                       [Function],
[38;2;0;95;95m[48;2;215;255;255m+                     ],
[38;2;0;95;95m[48;2;215;255;255m+                   },
[38;2;0;95;95m[48;2;215;255;255m+                   "enterActiveClass": Object {
[38;2;0;95;95m[48;2;215;255;255m+                     "type": [Function],
[38;2;0;95;95m[48;2;215;255;255m+                   },
[38;2;0;95;95m[48;2;215;255;255m+                   "enterClass": Object {
[38;2;0;95;95m[48;2;215;255;255m+                     "type": [Function],
[38;2;0;95;95m[48;2;215;255;255m+                   },
[38;2;0;95;95m[48;2;215;255;255m+                   "enterToClass": Object {
[38;2;0;95;95m[48;2;215;255;255m+                     "type": [Function],
[38;2;0;95;95m[48;2;215;255;255m+                   },
[38;2;0;95;95m[48;2;215;255;255m+                   "leaveActiveClass": Object {
[38;2;0;95;95m[48;2;215;255;255m+                     "type": [Function],
[38;2;0;95;95m[48;2;215;255;255m+                   },
[38;2;0;95;95m[48;2;215;255;255m+                   "leaveClass": Object {
[38;2;0;95;95m[48;2;215;255;255m+                     "type": [Function],
[38;2;0;95;95m[48;2;215;255;255m+                   },
[38;2;0;95;95m[48;2;215;255;255m+                   "leaveToClass": Object {
[38;2;0;95;95m[48;2;215;255;255m+                     "type": [Function],
[38;2;0;95;95m[48;2;215;255;255m+                   },
[38;2;0;95;95m[48;2;215;255;255m+                   "moveClass": Object {
[38;2;0;95;95m[48;2;215;255;255m+                     "type": [Function],
[38;2;0;95;95m[48;2;215;255;255m+                   },
[38;2;0;95;95m[48;2;215;255;255m+                   "name": Object {
[38;2;0;95;95m[48;2;215;255;255m+                     "type": [Function],
[38;2;0;95;95m[48;2;215;255;255m+                   },
[38;2;0;95;95m[48;2;215;255;255m+                   "tag": Object {
[38;2;0;95;95m[48;2;215;255;255m+                     "type": [Function],
[38;2;0;95;95m[48;2;215;255;255m+                   },
[38;2;0;95;95m[48;2;215;255;255m+                   "type": Object {
[38;2;0;95;95m[48;2;215;255;255m+                     "type": [Function],
[38;2;0;95;95m[48;2;215;255;255m+                   },
[38;2;0;95;95m[48;2;215;255;255m+                 },
[38;2;0;95;95m[48;2;215;255;255m+                 "render": [Function],
[38;2;0;95;95m[48;2;215;255;255m+                 "staticClass": undefined,
[38;2;0;95;95m[48;2;215;255;255m+                 "staticStyle": undefined,
[38;2;0;95;95m[48;2;215;255;255m+                 "style": undefined,
[38;2;0;95;95m[48;2;215;255;255m+               },
[38;2;0;95;95m[48;2;215;255;255m+             },
[38;2;0;95;95m[48;2;215;255;255m+             "config": Object {
[38;2;0;95;95m[48;2;215;255;255m+               "_lifecycleHooks": Array [
[38;2;0;95;95m[48;2;215;255;255m+                 "beforeCreate",
[38;2;0;95;95m[48;2;215;255;255m+                 "created",
[38;2;0;95;95m[48;2;215;255;255m+                 "beforeMount",
[38;2;0;95;95m[48;2;215;255;255m+                 "mounted",
[38;2;0;95;95m[48;2;215;255;255m+                 "beforeUpdate",
[38;2;0;95;95m[48;2;215;255;255m+                 "updated",
[38;2;0;95;95m[48;2;215;255;255m+                 "beforeDestroy",
[38;2;0;95;95m[48;2;215;255;255m+                 "destroyed",
[38;2;0;95;95m[48;2;215;255;255m+                 "activated",
[38;2;0;95;95m[48;2;215;255;255m+                 "deactivated",
[38;2;0;95;95m[48;2;215;255;255m+                 "errorCaptured",
[38;2;0;95;95m[48;2;215;255;255m+                 "serverPrefetch",
[38;2;0;95;95m[48;2;215;255;255m+               ],
[38;2;0;95;95m[48;2;215;255;255m+               "async": true,
[38;2;0;95;95m[48;2;215;255;255m+               "devtools": false,
[38;2;0;95;95m[48;2;215;255;255m+               "errorHandler": undefined,
[38;2;0;95;95m[48;2;215;255;255m+               "getTagNamespace": [Function],
[38;2;0;95;95m[48;2;215;255;255m+               "ignoredElements": Array [],
[38;2;0;95;95m[48;2;215;255;255m+               "isReservedAttr": [Function],
[38;2;0;95;95m[48;2;215;255;255m+               "isReservedTag": [Function],
[38;2;0;95;95m[48;2;215;255;255m+               "isUnknownElement": [Function],
[38;2;0;95;95m[48;2;215;255;255m+               "keyCodes": Object {},
[38;2;0;95;95m[48;2;215;255;255m+               "mustUseProp": [Function],
[38;2;0;95;95m[48;2;215;255;255m+               "optionMergeStrategies": Object {
[38;2;0;95;95m[48;2;215;255;255m+                 "activated": [Function],
[38;2;0;95;95m[48;2;215;255;255m+                 "beforeCreate": [Function],
[38;2;0;95;95m[48;2;215;255;255m+                 "beforeDestroy": [Function],
[38;2;0;95;95m[48;2;215;255;255m+                 "beforeMount": [Function],
[38;2;0;95;95m[48;2;215;255;255m+                 "beforeUpdate": [Function],
[38;2;0;95;95m[48;2;215;255;255m+                 "components": [Function],
[38;2;0;95;95m[48;2;215;255;255m+                 "computed": [Function],
[38;2;0;95;95m[48;2;215;255;255m+                 "created": [Function],
[38;2;0;95;95m[48;2;215;255;255m+                 "data": [Function],
[38;2;0;95;95m[48;2;215;255;255m+                 "deactivated": [Function],
[38;2;0;95;95m[48;2;215;255;255m+                 "destroyed": [Function],
[38;2;0;95;95m[48;2;215;255;255m+                 "directives": [Function],
[38;2;0;95;95m[48;2;215;255;255m+                 "el": [Function],
[38;2;0;95;95m[48;2;215;255;255m+                 "errorCaptured": [Function],
[38;2;0;95;95m[48;2;215;255;255m+                 "filters": [Function],
[38;2;0;95;95m[48;2;215;255;255m+                 "inject": [Function],
[38;2;0;95;95m[48;2;215;255;255m+                 "methods": [Function],
[38;2;0;95;95m[48;2;215;255;255m+                 "mounted": [Function],
[38;2;0;95;95m[48;2;215;255;255m+                 "props": [Function],
[38;2;0;95;95m[48;2;215;255;255m+                 "propsData": [Function],
[38;2;0;95;95m[48;2;215;255;255m+                 "provide": [Function],
[38;2;0;95;95m[48;2;215;255;255m+                 "serverPrefetch": [Function],
[38;2;0;95;95m[48;2;215;255;255m+                 "updated": [Function],
[38;2;0;95;95m[48;2;215;255;255m+                 "watch": [Function],
[38;2;0;95;95m[48;2;215;255;255m+               },
[38;2;0;95;95m[48;2;215;255;255m+               "parsePlatformTagName": [Function],
[38;2;0;95;95m[48;2;215;255;255m+               "performance": false,
[38;2;0;95;95m[48;2;215;255;255m+               "productionTip": false,
[38;2;0;95;95m[48;2;215;255;255m+               "silent": false,
[38;2;0;95;95m[48;2;215;255;255m+               "warnHandler": null,
[38;2;0;95;95m[48;2;215;255;255m+             },
[38;2;0;95;95m[48;2;215;255;255m+             "data": [Function],
[38;2;0;95;95m[48;2;215;255;255m+             "delete": [Function],
[38;2;0;95;95m[48;2;215;255;255m+             "directive": [Function],
[38;2;0;95;95m[48;2;215;255;255m+             "directives": Object {},
[38;2;0;95;95m[48;2;215;255;255m+             "extend": [Function],
[38;2;0;95;95m[48;2;215;255;255m+             "extendOptions": Object {
[38;2;0;95;95m[48;2;215;255;255m+               "_Ctor": Object {
[38;2;0;95;95m[48;2;215;255;255m+                 "0": [Function],
[38;2;0;95;95m[48;2;215;255;255m+               },
[38;2;0;95;95m[48;2;215;255;255m+             },
[38;2;0;95;95m[48;2;215;255;255m+             "filter": [Function],
[38;2;0;95;95m[48;2;215;255;255m+             "filters": Object {},
[38;2;0;95;95m[48;2;215;255;255m+             "methods": undefined,
[38;2;0;95;95m[48;2;215;255;255m+             "mixin": [Function],
[38;2;0;95;95m[48;2;215;255;255m+             "mocks": undefined,
[38;2;0;95;95m[48;2;215;255;255m+             "nextTick": [Function],
[38;2;0;95;95m[48;2;215;255;255m+             "observable": [Function],
[38;2;0;95;95m[48;2;215;255;255m+             "options": Object {
[38;2;0;95;95m[48;2;215;255;255m+               "_Ctor": Object {
[38;2;0;95;95m[48;2;215;255;255m+                 "0": [Function],
[38;2;0;95;95m[48;2;215;255;255m+               },
[38;2;0;95;95m[48;2;215;255;255m+               "_base": [Function],
[38;2;0;95;95m[48;2;215;255;255m+               "beforeCreate": Array [
[38;2;0;95;95m[48;2;215;255;255m+                 [Function],
[38;2;0;95;95m[48;2;215;255;255m+                 [Function],
[38;2;0;95;95m[48;2;215;255;255m+               ],
[38;2;0;95;95m[48;2;215;255;255m+               "components": Object {
[38;2;0;95;95m[48;2;215;255;255m+                 "BTooltip": [Function],
[38;2;0;95;95m[48;2;215;255;255m+               },
[38;2;0;95;95m[48;2;215;255;255m+               "directives": Object {
[38;2;0;95;95m[48;2;215;255;255m+                 "BHover": Object {
[38;2;0;95;95m[48;2;215;255;255m+                   "bind": [Function],
[38;2;0;95;95m[48;2;215;255;255m+                   "componentUpdated": [Function],
[38;2;0;95;95m[48;2;215;255;255m+                   "unbind": [Function],
[38;2;0;95;95m[48;2;215;255;255m+                 },
[38;2;0;95;95m[48;2;215;255;255m+                 "BModal": Object {
[38;2;0;95;95m[48;2;215;255;255m+                   "componentUpdated": [Function],
[38;2;0;95;95m[48;2;215;255;255m+                   "inserted": [Function],
[38;2;0;95;95m[48;2;215;255;255m+                   "unbind": [Function],
[38;2;0;95;95m[48;2;215;255;255m+                   "updated": [Function],
[38;2;0;95;95m[48;2;215;255;255m+                 },
[38;2;0;95;95m[48;2;215;255;255m+                 "BScrollspy": Object {
[38;2;0;95;95m[48;2;215;255;255m+                   "bind": [Function],
[38;2;0;95;95m[48;2;215;255;255m+                   "componentUpdated": [Function],
[38;2;0;95;95m[48;2;215;255;255m+                   "inserted": [Function],
[38;2;0;95;95m[48;2;215;255;255m+                   "unbind": [Function],
[38;2;0;95;95m[48;2;215;255;255m+                   "update": [Function],
[38;2;0;95;95m[48;2;215;255;255m+                 },
[38;2;0;95;95m[48;2;215;255;255m+                 "BTooltip": Object {
[38;2;0;95;95m[48;2;215;255;255m+                   "bind": [Function],
[38;2;0;95;95m[48;2;215;255;255m+                   "componentUpdated": [Function],
[38;2;0;95;95m[48;2;215;255;255m+                   "unbind": [Function],
[38;2;0;95;95m[48;2;215;255;255m+                 },
[38;2;0;95;95m[48;2;215;255;255m+                 "BVisible": Object {
[38;2;0;95;95m[48;2;215;255;255m+                   "bind": [Function],
[38;2;0;95;95m[48;2;215;255;255m+                   "componentUpdated": [Function],
[38;2;0;95;95m[48;2;215;255;255m+                   "unbind": [Function],
[38;2;0;95;95m[48;2;215;255;255m+                 },
[38;2;0;95;95m[48;2;215;255;255m+               },
[38;2;0;95;95m[48;2;215;255;255m+               "filters": Object {},
[38;2;0;95;95m[48;2;215;255;255m+             },
[38;2;0;95;95m[48;2;215;255;255m+             "provide": [Function],
[38;2;0;95;95m[48;2;215;255;255m+             "render": [Function],
[38;2;0;95;95m[48;2;215;255;255m+             "sealedOptions": Object {
[38;2;0;95;95m[48;2;215;255;255m+               "_Ctor": Object {
[38;2;0;95;95m[48;2;215;255;255m+                 "0": [Function],
[38;2;0;95;95m[48;2;215;255;255m+               },
[38;2;0;95;95m[48;2;215;255;255m+               "_base": [Function],
[38;2;0;95;95m[48;2;215;255;255m+               "components": Object {
[38;2;0;95;95m[48;2;215;255;255m+                 "BAlert": [Function],
[38;2;0;95;95m[48;2;215;255;255m+                 "BAspect": [Function],
[38;2;0;95;95m[48;2;215;255;255m+                 "BAvatar": [Function],
[38;2;0;95;95m[48;2;215;255;255m+                 "BAvatarGroup": [Function],
[38;2;0;95;95m[48;2;215;255;255m+                 "BBadge": [Function],
[38;2;0;95;95m[48;2;215;255;255m+                 "BBreadcrumb": [Function],
[38;2;0;95;95m[48;2;215;255;255m+                 "BBreadcrumbItem": [Function],
[38;2;0;95;95m[48;2;215;255;255m+                 "BBreadcrumbLink": [Function],
[38;2;0;95;95m[48;2;215;255;255m+                 "BBtn": [Function],
[38;2;0;95;95m[48;2;215;255;255m+                 "BBtnClose": [Function],
[38;2;0;95;95m[48;2;215;255;255m+                 "BBtnGroup": [Function],
[38;2;0;95;95m[48;2;215;255;255m+                 "BBtnToolbar": [Function],
[38;2;0;95;95m[48;2;215;255;255m+                 "BButton": [Function],
[38;2;0;95;95m[48;2;215;255;255m+                 "BButtonClose": [Function],
[38;2;0;95;95m[48;2;215;255;255m+                 "BButtonGroup": [Function],
[38;2;0;95;95m[48;2;215;255;255m+                 "BButtonToolbar": [Function],
[38;2;0;95;95m[48;2;215;255;255m+                 "BCalendar": [Function],
[38;2;0;95;95m[48;2;215;255;255m+                 "BCard": [Function],
[38;2;0;95;95m[48;2;215;255;255m+                 "BCardBody": [Function],
[38;2;0;95;95m[48;2;215;255;255m+                 "BCardFooter": [Function],
[38;2;0;95;95m[48;2;215;255;255m+                 "BCardGroup": [Function],
[38;2;0;95;95m[48;2;215;255;255m+                 "BCardHeader": [Function],
[38;2;0;95;95m[48;2;215;255;255m+                 "BCardImg": [Function],
[38;2;0;95;95m[48;2;215;255;255m+                 "BCardImgLazy": [Function],
[38;2;0;95;95m[48;2;215;255;255m+                 "BCardSubTitle": [Function],
[38;2;0;95;95m[48;2;215;255;255m+                 "BCardText": [Function],
[38;2;0;95;95m[48;2;215;255;255m+                 "BCardTitle": [Function],
[38;2;0;95;95m[48;2;215;255;255m+                 "BCarousel": [Function],
[38;2;0;95;95m[48;2;215;255;255m+                 "BCarouselSlide": [Function],
[38;2;0;95;95m[48;2;215;255;255m+                 "BCheck": [Function],
[38;2;0;95;95m[48;2;215;255;255m+                 "BCheckGroup": [Function],
[38;2;0;95;95m[48;2;215;255;255m+                 "BCheckbox": [Function],
[38;2;0;95;95m[48;2;215;255;255m+                 "BCheckboxGroup": [Function],
[38;2;0;95;95m[48;2;215;255;255m+                 "BCol": [Function],
[38;2;0;95;95m[48;2;215;255;255m+                 "BCollapse": [Function],
[38;2;0;95;95m[48;2;215;255;255m+                 "BContainer": [Function],
[38;2;0;95;95m[48;2;215;255;255m+                 "BDatalist": [Function],
[38;2;0;95;95m[48;2;215;255;255m+                 "BDatepicker": [Function],
[38;2;0;95;95m[48;2;215;255;255m+                 "BDd": [Function],
[38;2;0;95;95m[48;2;215;255;255m+                 "BDdDivider": [Function],
[38;2;0;95;95m[48;2;215;255;255m+                 "BDdForm": [Function],
[38;2;0;95;95m[48;2;215;255;255m+                 "BDdGroup": [Function],
[38;2;0;95;95m[48;2;215;255;255m+                 "BDdHeader": [Function],
[38;2;0;95;95m[48;2;215;255;255m+                 "BDdItem": [Function],
[38;2;0;95;95m[48;2;215;255;255m+                 "BDdItemBtn": [Function],
[38;2;0;95;95m[48;2;215;255;255m+                 "BDdItemButton": [Function],
[38;2;0;95;95m[48;2;215;255;255m+                 "BDdText": [Function],
[38;2;0;95;95m[48;2;215;255;255m+                 "BDropdown": [Function],
[38;2;0;95;95m[48;2;215;255;255m+                 "BDropdownDivider": [Function],
[38;2;0;95;95m[48;2;215;255;255m+                 "BDropdownForm": [Function],
[38;2;0;95;95m[48;2;215;255;255m+                 "BDropdownGroup": [Function],
[38;2;0;95;95m[48;2;215;255;255m+                 "BDropdownHeader": [Function],
[38;2;0;95;95m[48;2;215;255;255m+                 "BDropdownItem": [Function],
[38;2;0;95;95m[48;2;215;255;255m+                 "BDropdownItemBtn": [Function],
[38;2;0;95;95m[48;2;215;255;255m+                 "BDropdownItemButton": [Function],
[38;2;0;95;95m[48;2;215;255;255m+                 "BDropdownText": [Function],
[38;2;0;95;95m[48;2;215;255;255m+                 "BEmbed": [Function],
[38;2;0;95;95m[48;2;215;255;255m+                 "BFile": [Function],
[38;2;0;95;95m[48;2;215;255;255m+                 "BForm": [Function],
[38;2;0;95;95m[48;2;215;255;255m+                 "BFormCheckbox": [Function],
[38;2;0;95;95m[48;2;215;255;255m+                 "BFormCheckboxGroup": [Function],
[38;2;0;95;95m[48;2;215;255;255m+                 "BFormDatalist": [Function],
[38;2;0;95;95m[48;2;215;255;255m+                 "BFormDatepicker": [Function],
[38;2;0;95;95m[48;2;215;255;255m+                 "BFormFeedback": [Function],
[38;2;0;95;95m[48;2;215;255;255m+                 "BFormFieldset": [Function],
[38;2;0;95;95m[48;2;215;255;255m+                 "BFormFile": [Function],
[38;2;0;95;95m[48;2;215;255;255m+                 "BFormGroup": [Function],
[38;2;0;95;95m[48;2;215;255;255m+                 "BFormInput": [Function],
[38;2;0;95;95m[48;2;215;255;255m+                 "BFormInvalidFeedback": [Function],
[38;2;0;95;95m[48;2;215;255;255m+                 "BFormRadio": [Function],
[38;2;0;95;95m[48;2;215;255;255m+                 "BFormRadioGroup": [Function],
[38;2;0;95;95m[48;2;215;255;255m+                 "BFormRating": [Function],
[38;2;0;95;95m[48;2;215;255;255m+                 "BFormRow": [Function],
[38;2;0;95;95m[48;2;215;255;255m+                 "BFormSelect": [Function],
[38;2;0;95;95m[48;2;215;255;255m+                 "BFormSelectOption": [Function],
[38;2;0;95;95m[48;2;215;255;255m+                 "BFormSelectOptionGroup": [Function],
[38;2;0;95;95m[48;2;215;255;255m+                 "BFormSpinbutton": [Function],
[38;2;0;95;95m[48;2;215;255;255m+                 "BFormTag": [Function],
[38;2;0;95;95m[48;2;215;255;255m+                 "BFormTags": [Function],
[38;2;0;95;95m[48;2;215;255;255m+                 "BFormText": [Function],
[38;2;0;95;95m[48;2;215;255;255m+                 "BFormTextarea": [Function],
[38;2;0;95;95m[48;2;215;255;255m+                 "BFormTimepicker": [Function],
[38;2;0;95;95m[48;2;215;255;255m+                 "BFormValidFeedback": [Function],
[38;2;0;95;95m[48;2;215;255;255m+                 "BImg": [Function],
[38;2;0;95;95m[48;2;215;255;255m+                 "BImgLazy": [Function],
[38;2;0;95;95m[48;2;215;255;255m+                 "BInput": [Function],
[38;2;0;95;95m[48;2;215;255;255m+                 "BInputGroup": [Function],
[38;2;0;95;95m[48;2;215;255;255m+                 "BInputGroupAddon": [Function],
[38;2;0;95;95m[48;2;215;255;255m+                 "BInputGroupAppend": [Function],
[38;2;0;95;95m[48;2;215;255;255m+                 "BInputGroupPrepend": [Function],
[38;2;0;95;95m[48;2;215;255;255m+                 "BInputGroupText": [Function],
[38;2;0;95;95m[48;2;215;255;255m+                 "BJumbotron": [Function],
[38;2;0;95;95m[48;2;215;255;255m+                 "BLink": [Function],
[38;2;0;95;95m[48;2;215;255;255m+                 "BListGroup": [Function],
[38;2;0;95;95m[48;2;215;255;255m+                 "BListGroupItem": [Function],
[38;2;0;95;95m[48;2;215;255;255m+                 "BMedia": [Function],
[38;2;0;95;95m[48;2;215;255;255m+                 "BMediaAside": [Function],
[38;2;0;95;95m[48;2;215;255;255m+                 "BMediaBody": [Function],
[38;2;0;95;95m[48;2;215;255;255m+                 "BModal": [Function],
[38;2;0;95;95m[48;2;215;255;255m+                 "BRadio": [Function],
[38;2;0;95;95m[48;2;215;255;255m+                 "BRadioGroup": [Function],
[38;2;0;95;95m[48;2;215;255;255m+                 "BRating": [Function],
[38;2;0;95;95m[48;2;215;255;255m+                 "BRow": [Function],
[38;2;0;95;95m[48;2;215;255;255m+                 "BSelect": [Function],
[38;2;0;95;95m[48;2;215;255;255m+                 "BSelectOption": [Function],
[38;2;0;95;95m[48;2;215;255;255m+                 "BSelectOptionGroup": [Function],
[38;2;0;95;95m[48;2;215;255;255m+                 "BSpinbutton": [Function],
[38;2;0;95;95m[48;2;215;255;255m+                 "BTag": [Function],
[38;2;0;95;95m[48;2;215;255;255m+                 "BTags": [Function],
[38;2;0;95;95m[48;2;215;255;255m+                 "BTextarea": [Function],
[38;2;0;95;95m[48;2;215;255;255m+                 "BTimepicker": [Function],
[38;2;0;95;95m[48;2;215;255;255m+               },
[38;2;0;95;95m[48;2;215;255;255m+               "directives": Object {
[38;2;0;95;95m[48;2;215;255;255m+                 "BModal": Object {
[38;2;0;95;95m[48;2;215;255;255m+                   "componentUpdated": [Function],
[38;2;0;95;95m[48;2;215;255;255m+                   "inserted": [Function],
[38;2;0;95;95m[48;2;215;255;255m+                   "unbind": [Function],
[38;2;0;95;95m[48;2;215;255;255m+                   "updated": [Function],
[38;2;0;95;95m[48;2;215;255;255m+                 },
[38;2;0;95;95m[48;2;215;255;255m+                 "BToggle": Object {
[38;2;0;95;95m[48;2;215;255;255m+                   "bind": [Function],
[38;2;0;95;95m[48;2;215;255;255m+                   "componentUpdated": [Function],
[38;2;0;95;95m[48;2;215;255;255m+                   "unbind": [Function],
[38;2;0;95;95m[48;2;215;255;255m+                   "updated": [Function],
[38;2;0;95;95m[48;2;215;255;255m+                 },
[38;2;0;95;95m[48;2;215;255;255m+               },
[38;2;0;95;95m[48;2;215;255;255m+               "filters": Object {},
[38;2;0;95;95m[48;2;215;255;255m+             },
[38;2;0;95;95m[48;2;215;255;255m+             "set": [Function],
[38;2;0;95;95m[48;2;215;255;255m+             "shouldProxy": true,
[38;2;0;95;95m[48;2;215;255;255m+             "stubs": Object {
[38;2;0;95;95m[48;2;215;255;255m+               "transition": true,
[38;2;0;95;95m[48;2;215;255;255m+               "transition-group": true,
[38;2;0;95;95m[48;2;215;255;255m+             },
[38;2;0;95;95m[48;2;215;255;255m+             "super": [Function],
[38;2;0;95;95m[48;2;215;255;255m+             "superOptions": Object {
[38;2;0;95;95m[48;2;215;255;255m+               "_base": [Function],
[38;2;0;95;95m[48;2;215;255;255m+               "components": Object {
[38;2;0;95;95m[48;2;215;255;255m+                 "KeepAlive": Object {
[38;2;0;95;95m[48;2;215;255;255m+                   "abstract": true,
[38;2;0;95;95m[48;2;215;255;255m+                   "created": [Function],
[38;2;0;95;95m[48;2;215;255;255m+                   "destroyed": [Function],
[38;2;0;95;95m[48;2;215;255;255m+                   "methods": Object {
[38;2;0;95;95m[48;2;215;255;255m+                     "cacheVNode": [Function],
[38;2;0;95;95m[48;2;215;255;255m+                   },
[38;2;0;95;95m[48;2;215;255;255m+                   "mounted": [Function],
[38;2;0;95;95m[48;2;215;255;255m+                   "name": "keep-alive",
[38;2;0;95;95m[48;2;215;255;255m+                   "props": Object {
[38;2;0;95;95m[48;2;215;255;255m+                     "exclude": Array [
[38;2;0;95;95m[48;2;215;255;255m+                       [Function],
[38;2;0;95;95m[48;2;215;255;255m+                       [Function],
[38;2;0;95;95m[48;2;215;255;255m+                       [Function],
[38;2;0;95;95m[48;2;215;255;255m+                     ],
[38;2;0;95;95m[48;2;215;255;255m+                     "include": Array [
[38;2;0;95;95m[48;2;215;255;255m+                       [Function],
[38;2;0;95;95m[48;2;215;255;255m+                       [Function],
[38;2;0;95;95m[48;2;215;255;255m+                       [Function],
[38;2;0;95;95m[48;2;215;255;255m+                     ],
[38;2;0;95;95m[48;2;215;255;255m+                     "max": Array [
[38;2;0;95;95m[48;2;215;255;255m+                       [Function],
[38;2;0;95;95m[48;2;215;255;255m+                       [Function],
[38;2;0;95;95m[48;2;215;255;255m+                     ],
[38;2;0;95;95m[48;2;215;255;255m+                   },
[38;2;0;95;95m[48;2;215;255;255m+                   "render": [Function],
[38;2;0;95;95m[48;2;215;255;255m+                   "updated": [Function],
[38;2;0;95;95m[48;2;215;255;255m+                 },
[38;2;0;95;95m[48;2;215;255;255m+                 "Transition": Object {
[38;2;0;95;95m[48;2;215;255;255m+                   "_Ctor": Object {
[38;2;0;95;95m[48;2;215;255;255m+                     "1404": [Function],
[38;2;0;95;95m[48;2;215;255;255m+                   },
[38;2;0;95;95m[48;2;215;255;255m+                   "abstract": true,
[38;2;0;95;95m[48;2;215;255;255m+                   "name": "transition",
[38;2;0;95;95m[48;2;215;255;255m+                   "props": Object {
[38;2;0;95;95m[48;2;215;255;255m+                     "appear": Object {
[38;2;0;95;95m[48;2;215;255;255m+                       "type": [Function],
[38;2;0;95;95m[48;2;215;255;255m+                     },
[38;2;0;95;95m[48;2;215;255;255m+                     "appearActiveClass": Object {
[38;2;0;95;95m[48;2;215;255;255m+                       "type": [Function],
[38;2;0;95;95m[48;2;215;255;255m+                     },
[38;2;0;95;95m[48;2;215;255;255m+                     "appearClass": Object {
[38;2;0;95;95m[48;2;215;255;255m+                       "type": [Function],
[38;2;0;95;95m[48;2;215;255;255m+                     },
[38;2;0;95;95m[48;2;215;255;255m+                     "appearToClass": Object {
[38;2;0;95;95m[48;2;215;255;255m+                       "type": [Function],
[38;2;0;95;95m[48;2;215;255;255m+                     },
[38;2;0;95;95m[48;2;215;255;255m+                     "css": Object {
[38;2;0;95;95m[48;2;215;255;255m+                       "type": [Function],
[38;2;0;95;95m[48;2;215;255;255m+                     },
[38;2;0;95;95m[48;2;215;255;255m+                     "duration": Object {
[38;2;0;95;95m[48;2;215;255;255m+                       "type": Array [
[38;2;0;95;95m[48;2;215;255;255m+                         [Function],
[38;2;0;95;95m[48;2;215;255;255m+                         [Function],
[38;2;0;95;95m[48;2;215;255;255m+                         [Function],
[38;2;0;95;95m[48;2;215;255;255m+                       ],
[38;2;0;95;95m[48;2;215;255;255m+                     },
[38;2;0;95;95m[48;2;215;255;255m+                     "enterActiveClass": Object {
[38;2;0;95;95m[48;2;215;255;255m+                       "type": [Function],
[38;2;0;95;95m[48;2;215;255;255m+                     },
[38;2;0;95;95m[48;2;215;255;255m+                     "enterClass": Object {
[38;2;0;95;95m[48;2;215;255;255m+                       "type": [Function],
[38;2;0;95;95m[48;2;215;255;255m+                     },
[38;2;0;95;95m[48;2;215;255;255m+                     "enterToClass": Object {
[38;2;0;95;95m[48;2;215;255;255m+                       "type": [Function],
[38;2;0;95;95m[48;2;215;255;255m+                     },
[38;2;0;95;95m[48;2;215;255;255m+                     "leaveActiveClass": Object {
[38;2;0;95;95m[48;2;215;255;255m+                       "type": [Function],
[38;2;0;95;95m[48;2;215;255;255m+                     },
[38;2;0;95;95m[48;2;215;255;255m+                     "leaveClass": Object {
[38;2;0;95;95m[48;2;215;255;255m+                       "type": [Function],
[38;2;0;95;95m[48;2;215;255;255m+                     },
[38;2;0;95;95m[48;2;215;255;255m+                     "leaveToClass": Object {
[38;2;0;95;95m[48;2;215;255;255m+                       "type": [Function],
[38;2;0;95;95m[48;2;215;255;255m+                     },
[38;2;0;95;95m[48;2;215;255;255m+                     "mode": Object {
[38;2;0;95;95m[48;2;215;255;255m+                       "type": [Function],
[38;2;0;95;95m[48;2;215;255;255m+                     },
[38;2;0;95;95m[48;2;215;255;255m+                     "name": Object {
[38;2;0;95;95m[48;2;215;255;255m+                       "type": [Function],
[38;2;0;95;95m[48;2;215;255;255m+                     },
[38;2;0;95;95m[48;2;215;255;255m+                     "type": Object {
[38;2;0;95;95m[48;2;215;255;255m+                       "type": [Function],
[38;2;0;95;95m[48;2;215;255;255m+                     },
[38;2;0;95;95m[48;2;215;255;255m+                   },
[38;2;0;95;95m[48;2;215;255;255m+                   "render": [Function],
[38;2;0;95;95m[48;2;215;255;255m+                 },
[38;2;0;95;95m[48;2;215;255;255m+                 "TransitionGroup": Object {
[38;2;0;95;95m[48;2;215;255;255m+                   "_Ctor": Object {
[38;2;0;95;95m[48;2;215;255;255m+                     "1404": [Function],
[38;2;0;95;95m[48;2;215;255;255m+                   },
[38;2;0;95;95m[48;2;215;255;255m+                   "beforeMount": [Function],
[38;2;0;95;95m[48;2;215;255;255m+                   "methods": Object {
[38;2;0;95;95m[48;2;215;255;255m+                     "hasMove": [Function],
[38;2;0;95;95m[48;2;215;255;255m+                   },
[38;2;0;95;95m[48;2;215;255;255m+                   "props": Object {
[38;2;0;95;95m[48;2;215;255;255m+                     "appear": Object {
[38;2;0;95;95m[48;2;215;255;255m+                       "type": [Function],
[38;2;0;95;95m[48;2;215;255;255m+                     },
[38;2;0;95;95m[48;2;215;255;255m+                     "appearActiveClass": Object {
[38;2;0;95;95m[48;2;215;255;255m+                       "type": [Function],
[38;2;0;95;95m[48;2;215;255;255m+                     },
[38;2;0;95;95m[48;2;215;255;255m+                     "appearClass": Object {
[38;2;0;95;95m[48;2;215;255;255m+                       "type": [Function],
[38;2;0;95;95m[48;2;215;255;255m+                     },
[38;2;0;95;95m[48;2;215;255;255m+                     "appearToClass": Object {
[38;2;0;95;95m[48;2;215;255;255m+                       "type": [Function],
[38;2;0;95;95m[48;2;215;255;255m+                     },
[38;2;0;95;95m[48;2;215;255;255m+                     "css": Object {
[38;2;0;95;95m[48;2;215;255;255m+                       "type": [Function],
[38;2;0;95;95m[48;2;215;255;255m+                     },
[38;2;0;95;95m[48;2;215;255;255m+                     "duration": Object {
[38;2;0;95;95m[48;2;215;255;255m+                       "type": Array [
[38;2;0;95;95m[48;2;215;255;255m+                         [Function],
[38;2;0;95;95m[48;2;215;255;255m+                         [Function],
[38;2;0;95;95m[48;2;215;255;255m+                         [Function],
[38;2;0;95;95m[48;2;215;255;255m+                       ],
[38;2;0;95;95m[48;2;215;255;255m+                     },
[38;2;0;95;95m[48;2;215;255;255m+                     "enterActiveClass": Object {
[38;2;0;95;95m[48;2;215;255;255m+                       "type": [Function],
[38;2;0;95;95m[48;2;215;255;255m+                     },
[38;2;0;95;95m[48;2;215;255;255m+                     "enterClass": Object {
[38;2;0;95;95m[48;2;215;255;255m+                       "type": [Function],
[38;2;0;95;95m[48;2;215;255;255m+                     },
[38;2;0;95;95m[48;2;215;255;255m+                     "enterToClass": Object {
[38;2;0;95;95m[48;2;215;255;255m+                       "type": [Function],
[38;2;0;95;95m[48;2;215;255;255m+                     },
[38;2;0;95;95m[48;2;215;255;255m+                     "leaveActiveClass": Object {
[38;2;0;95;95m[48;2;215;255;255m+                       "type": [Function],
[38;2;0;95;95m[48;2;215;255;255m+                     },
[38;2;0;95;95m[48;2;215;255;255m+                     "leaveClass": Object {
[38;2;0;95;95m[48;2;215;255;255m+                       "type": [Function],
[38;2;0;95;95m[48;2;215;255;255m+                     },
[38;2;0;95;95m[48;2;215;255;255m+                     "leaveToClass": Object {
[38;2;0;95;95m[48;2;215;255;255m+                       "type": [Function],
[38;2;0;95;95m[48;2;215;255;255m+                     },
[38;2;0;95;95m[48;2;215;255;255m+                     "moveClass": Object {
[38;2;0;95;95m[48;2;215;255;255m+                       "type": [Function],
[38;2;0;95;95m[48;2;215;255;255m+                     },
[38;2;0;95;95m[48;2;215;255;255m+                     "name": Object {
[38;2;0;95;95m[48;2;215;255;255m+                       "type": [Function],
[38;2;0;95;95m[48;2;215;255;255m+                     },
[38;2;0;95;95m[48;2;215;255;255m+                     "tag": Object {
[38;2;0;95;95m[48;2;215;255;255m+                       "type": [Function],
[38;2;0;95;95m[48;2;215;255;255m+                     },
[38;2;0;95;95m[48;2;215;255;255m+                     "type": Object {
[38;2;0;95;95m[48;2;215;255;255m+                       "type": [Function],
[38;2;0;95;95m[48;2;215;255;255m+                     },
[38;2;0;95;95m[48;2;215;255;255m+                   },
[38;2;0;95;95m[48;2;215;255;255m+                   "render": [Function],
[38;2;0;95;95m[48;2;215;255;255m+                   "updated": [Function],
[38;2;0;95;95m[48;2;215;255;255m+                 },
[38;2;0;95;95m[48;2;215;255;255m+               },
[38;2;0;95;95m[48;2;215;255;255m+               "directives": Object {
[38;2;0;95;95m[48;2;215;255;255m+                 "model": Object {
[38;2;0;95;95m[48;2;215;255;255m+                   "componentUpdated": [Function],
[38;2;0;95;95m[48;2;215;255;255m+                   "inserted": [Function],
[38;2;0;95;95m[48;2;215;255;255m+                 },
[38;2;0;95;95m[48;2;215;255;255m+                 "show": Object {
[38;2;0;95;95m[48;2;215;255;255m+                   "bind": [Function],
[38;2;0;95;95m[48;2;215;255;255m+                   "unbind": [Function],
[38;2;0;95;95m[48;2;215;255;255m+                   "update": [Function],
[38;2;0;95;95m[48;2;215;255;255m+                 },
[38;2;0;95;95m[48;2;215;255;255m+               },
[38;2;0;95;95m[48;2;215;255;255m+               "filters": Object {},
[38;2;0;95;95m[48;2;215;255;255m+             },
[38;2;0;95;95m[48;2;215;255;255m+             "use": [Function],
[38;2;0;95;95m[48;2;215;255;255m+             "util": Object {
[38;2;0;95;95m[48;2;215;255;255m+               "defineReactive": [Function],
[38;2;0;95;95m[48;2;215;255;255m+               "extend": [Function],
[38;2;0;95;95m[48;2;215;255;255m+               "mergeOptions": [Function],
[38;2;0;95;95m[48;2;215;255;255m+               "warn": [Function],
[38;2;0;95;95m[48;2;215;255;255m+             },
[38;2;0;95;95m[48;2;215;255;255m+             "version": "2.6.14",
[38;2;0;95;95m[48;2;215;255;255m+           },
[38;2;0;95;95m[48;2;215;255;255m+           "$parent": undefined,
[38;2;0;95;95m[48;2;215;255;255m+           "$refs": Object {},
[38;2;0;95;95m[48;2;215;255;255m+           "$root": [Circular],
[38;2;0;95;95m[48;2;215;255;255m+           "$scopedSlots": Object {},
[38;2;0;95;95m[48;2;215;255;255m+           "$slots": Object {},
[38;2;0;95;95m[48;2;215;255;255m+           "$vnode": undefined,
[38;2;0;95;95m[48;2;215;255;255m+           "__emitted": Object {},
[38;2;0;95;95m[48;2;215;255;255m+           "__emittedByOrder": Array [],
[38;2;0;95;95m[48;2;215;255;255m+           "_c": [Function],
[38;2;0;95;95m[48;2;215;255;255m+           "_data": Object {
[38;2;0;95;95m[48;2;215;255;255m+             "vueTestUtils_childProps": Object {},
[38;2;0;95;95m[48;2;215;255;255m+           },
[38;2;0;95;95m[48;2;215;255;255m+           "_directInactive": false,
[38;2;0;95;95m[48;2;215;255;255m+           "_events": Object {},
[38;2;0;95;95m[48;2;215;255;255m+           "_hasHookEvent": false,
[38;2;0;95;95m[48;2;215;255;255m+           "_inactive": null,
[38;2;0;95;95m[48;2;215;255;255m+           "_isBeingDestroyed": false,
[38;2;0;95;95m[48;2;215;255;255m+           "_isDestroyed": false,
[38;2;0;95;95m[48;2;215;255;255m+           "_isMounted": true,
[38;2;0;95;95m[48;2;215;255;255m+           "_isVue": true,
[38;2;0;95;95m[48;2;215;255;255m+           "_provided": Object {},
[38;2;0;95;95m[48;2;215;255;255m+           "_renderProxy": VueComponent {
[38;2;0;95;95m[48;2;215;255;255m+             "$attrs": Object {},
[38;2;0;95;95m[48;2;215;255;255m+             "$children": Array [
[38;2;0;95;95m[48;2;215;255;255m+               [Circular],
[38;2;0;95;95m[48;2;215;255;255m+             ],
[38;2;0;95;95m[48;2;215;255;255m+             "$createElement": [Function],
[38;2;0;95;95m[48;2;215;255;255m+             "$el": <div>
[38;2;0;95;95m[48;2;215;255;255m+               <b-dropdown
[38;2;0;95;95m[48;2;215;255;255m+                 no-caret=""
[38;2;0;95;95m[48;2;215;255;255m+                 right=""
[38;2;0;95;95m[48;2;215;255;255m+                 size="lg"
[38;2;0;95;95m[48;2;215;255;255m+                 variant="link"
[38;2;0;95;95m[48;2;215;255;255m+               >
[38;2;0;95;95m[48;2;215;255;255m+                  
[38;2;0;95;95m[48;2;215;255;255m+                 <b-dropdown-item>
[38;2;0;95;95m[48;2;215;255;255m+                   <b-icon
[38;2;0;95;95m[48;2;215;255;255m+                     icon="door-open"
[38;2;0;95;95m[48;2;215;255;255m+                   />
[38;2;0;95;95m[48;2;215;255;255m+                   
[38;2;0;95;95m[48;2;215;255;255m+       回到主页
[38;2;0;95;95m[48;2;215;255;255m+     
[38;2;0;95;95m[48;2;215;255;255m+                 </b-dropdown-item>
[38;2;0;95;95m[48;2;215;255;255m+                  
[38;2;0;95;95m[48;2;215;255;255m+                 <b-dropdown-item>
[38;2;0;95;95m[48;2;215;255;255m+                   <b-icon
[38;2;0;95;95m[48;2;215;255;255m+                     icon="cursor-fill"
[38;2;0;95;95m[48;2;215;255;255m+                   />
[38;2;0;95;95m[48;2;215;255;255m+                   
[38;2;0;95;95m[48;2;215;255;255m+       注销用户
[38;2;0;95;95m[48;2;215;255;255m+     
[38;2;0;95;95m[48;2;215;255;255m+                 </b-dropdown-item>
[38;2;0;95;95m[48;2;215;255;255m+               </b-dropdown>
[38;2;0;95;95m[48;2;215;255;255m+             </div>,
[38;2;0;95;95m[48;2;215;255;255m+             "$emit": [Function],
[38;2;0;95;95m[48;2;215;255;255m+             "$listeners": Object {},
[38;2;0;95;95m[48;2;215;255;255m+             "$options": Object {
[38;2;0;95;95m[48;2;215;255;255m+               "$_doNotStubChildren": true,
[38;2;0;95;95m[48;2;215;255;255m+               "$_isWrapperParent": true,
[38;2;0;95;95m[48;2;215;255;255m+               "_Ctor": Object {
[38;2;0;95;95m[48;2;215;255;255m+                 "1404": [Function],
[38;2;0;95;95m[48;2;215;255;255m+               },
[38;2;0;95;95m[48;2;215;255;255m+               "_base": [Function],
[38;2;0;95;95m[48;2;215;255;255m+               "_installedPlugins": Array [
[38;2;0;95;95m[48;2;215;255;255m+                 Object {
[38;2;0;95;95m[48;2;215;255;255m+                   "install": [Function],
[38;2;0;95;95m[48;2;215;255;255m+                 },
[38;2;0;95;95m[48;2;215;255;255m+                 Object {
[38;2;0;95;95m[48;2;215;255;255m+                   "install": [Function],
[38;2;0;95;95m[48;2;215;255;255m+                 },
[38;2;0;95;95m[48;2;215;255;255m+                 Object {
[38;2;0;95;95m[48;2;215;255;255m+                   "install": [Function],
[38;2;0;95;95m[48;2;215;255;255m+                 },
[38;2;0;95;95m[48;2;215;255;255m+                 Object {
[38;2;0;95;95m[48;2;215;255;255m+                   "install": [Function],
[38;2;0;95;95m[48;2;215;255;255m+                 },
[38;2;0;95;95m[48;2;215;255;255m+                 Object {
[38;2;0;95;95m[48;2;215;255;255m+                   "install": [Function],
[38;2;0;95;95m[48;2;215;255;255m+                 },
[38;2;0;95;95m[48;2;215;255;255m+                 Object {
[38;2;0;95;95m[48;2;215;255;255m+                   "install": [Function],
[38;2;0;95;95m[48;2;215;255;255m+                 },
[38;2;0;95;95m[48;2;215;255;255m+                 Object {
[38;2;0;95;95m[48;2;215;255;255m+                   "install": [Function],
[38;2;0;95;95m[48;2;215;255;255m+                 },
[38;2;0;95;95m[48;2;215;255;255m+                 Object {
[38;2;0;95;95m[48;2;215;255;255m+                   "install": [Function],
[38;2;0;95;95m[48;2;215;255;255m+                 },
[38;2;0;95;95m[48;2;215;255;255m+                 Object {
[38;2;0;95;95m[48;2;215;255;255m+                   "install": [Function],
[38;2;0;95;95m[48;2;215;255;255m+                 },
[38;2;0;95;95m[48;2;215;255;255m+                 Object {
[38;2;0;95;95m[48;2;215;255;255m+                   "install": [Function],
[38;2;0;95;95m[48;2;215;255;255m+                 },
[38;2;0;95;95m[48;2;215;255;255m+                 Object {
[38;2;0;95;95m[48;2;215;255;255m+                   "install": [Function],
[38;2;0;95;95m[48;2;215;255;255m+                 },
[38;2;0;95;95m[48;2;215;255;255m+                 Object {
[38;2;0;95;95m[48;2;215;255;255m+                   "install": [Function],
[38;2;0;95;95m[48;2;215;255;255m+                 },
[38;2;0;95;95m[48;2;215;255;255m+                 Object {
[38;2;0;95;95m[48;2;215;255;255m+                   "install": [Function],
[38;2;0;95;95m[48;2;215;255;255m+                 },
[38;2;0;95;95m[48;2;215;255;255m+                 Object {
[38;2;0;95;95m[48;2;215;255;255m+                   "install": [Function],
[38;2;0;95;95m[48;2;215;255;255m+                 },
[38;2;0;95;95m[48;2;215;255;255m+                 Object {
[38;2;0;95;95m[48;2;215;255;255m+                   "install": [Function],
[38;2;0;95;95m[48;2;215;255;255m+                 },
[38;2;0;95;95m[48;2;215;255;255m+                 Object {
[38;2;0;95;95m[48;2;215;255;255m+                   "install": [Function],
[38;2;0;95;95m[48;2;215;255;255m+                 },
[38;2;0;95;95m[48;2;215;255;255m+                 Object {
[38;2;0;95;95m[48;2;215;255;255m+                   "install": [Function],
[38;2;0;95;95m[48;2;215;255;255m+                 },
[38;2;0;95;95m[48;2;215;255;255m+                 Object {
[38;2;0;95;95m[48;2;215;255;255m+                   "install": [Function],
[38;2;0;95;95m[48;2;215;255;255m+                 },
[38;2;0;95;95m[48;2;215;255;255m+                 Object {
[38;2;0;95;95m[48;2;215;255;255m+                   "install": [Function],
[38;2;0;95;95m[48;2;215;255;255m+                 },
[38;2;0;95;95m[48;2;215;255;255m+                 Object {
[38;2;0;95;95m[48;2;215;255;255m+                   "install": [Function],
[38;2;0;95;95m[48;2;215;255;255m+                 },
[38;2;0;95;95m[48;2;215;255;255m+                 Object {
[38;2;0;95;95m[48;2;215;255;255m+                   "install": [Function],
[38;2;0;95;95m[48;2;215;255;255m+                 },
[38;2;0;95;95m[48;2;215;255;255m+                 Object {
[38;2;0;95;95m[48;2;215;255;255m+                   "install": [Function],
[38;2;0;95;95m[48;2;215;255;255m+                 },
[38;2;0;95;95m[48;2;215;255;255m+                 Object {
[38;2;0;95;95m[48;2;215;255;255m+                   "install": [Function],
[38;2;0;95;95m[48;2;215;255;255m+                 },
[38;2;0;95;95m[48;2;215;255;255m+                 Object {
[38;2;0;95;95m[48;2;215;255;255m+                   "install": [Function],
[38;2;0;95;95m[48;2;215;255;255m+                 },
[38;2;0;95;95m[48;2;215;255;255m+                 Object {
[38;2;0;95;95m[48;2;215;255;255m+                   "install": [Function],
[38;2;0;95;95m[48;2;215;255;255m+                 },
[38;2;0;95;95m[48;2;215;255;255m+                 Object {
[38;2;0;95;95m[48;2;215;255;255m+                   "install": [Function],
[38;2;0;95;95m[48;2;215;255;255m+                 },
[38;2;0;95;95m[48;2;215;255;255m+                 Object {
[38;2;0;95;95m[48;2;215;255;255m+                   "install": [Function],
[38;2;0;95;95m[48;2;215;255;255m+                 },
[38;2;0;95;95m[48;2;215;255;255m+                 Object {
[38;2;0;95;95m[48;2;215;255;255m+                   "install": [Function],
[38;2;0;95;95m[48;2;215;255;255m+                 },
[38;2;0;95;95m[48;2;215;255;255m+                 Object {
[38;2;0;95;95m[48;2;215;255;255m+                   "install": [Function],
[38;2;0;95;95m[48;2;215;255;255m+                 },
[38;2;0;95;95m[48;2;215;255;255m+                 Object {
[38;2;0;95;95m[48;2;215;255;255m+                   "install": [Function],
[38;2;0;95;95m[48;2;215;255;255m+                 },
[38;2;0;95;95m[48;2;215;255;255m+                 Object {
[38;2;0;95;95m[48;2;215;255;255m+                   "install": [Function],
[38;2;0;95;95m[48;2;215;255;255m+                 },
[38;2;0;95;95m[48;2;215;255;255m+                 Object {
[38;2;0;95;95m[48;2;215;255;255m+                   "install": [Function],
[38;2;0;95;95m[48;2;215;255;255m+                 },
[38;2;0;95;95m[48;2;215;255;255m+                 Object {
[38;2;0;95;95m[48;2;215;255;255m+                   "install": [Function],
[38;2;0;95;95m[48;2;215;255;255m+                 },
[38;2;0;95;95m[48;2;215;255;255m+                 Object {
[38;2;0;95;95m[48;2;215;255;255m+                   "install": [Function],
[38;2;0;95;95m[48;2;215;255;255m+                 },
[38;2;0;95;95m[48;2;215;255;255m+                 Object {
[38;2;0;95;95m[48;2;215;255;255m+                   "install": [Function],
[38;2;0;95;95m[48;2;215;255;255m+                 },
[38;2;0;95;95m[48;2;215;255;255m+                 [Function],
[38;2;0;95;95m[48;2;215;255;255m+                 Object {
[38;2;0;95;95m[48;2;215;255;255m+                   "install": [Function],
[38;2;0;95;95m[48;2;215;255;255m+                 },
[38;2;0;95;95m[48;2;215;255;255m+                 Object {
[38;2;0;95;95m[48;2;215;255;255m+                   "install": [Function],
[38;2;0;95;95m[48;2;215;255;255m+                 },
[38;2;0;95;95m[48;2;215;255;255m+                 Object {
[38;2;0;95;95m[48;2;215;255;255m+                   "install": [Function],
[38;2;0;95;95m[48;2;215;255;255m+                 },
[38;2;0;95;95m[48;2;215;255;255m+                 Object {
[38;2;0;95;95m[48;2;215;255;255m+                   "install": [Function],
[38;2;0;95;95m[48;2;215;255;255m+                 },
[38;2;0;95;95m[48;2;215;255;255m+                 Object {
[38;2;0;95;95m[48;2;215;255;255m+                   "install": [Function],
[38;2;0;95;95m[48;2;215;255;255m+                 },
[38;2;0;95;95m[48;2;215;255;255m+                 Object {
[38;2;0;95;95m[48;2;215;255;255m+                   "install": [Function],
[38;2;0;95;95m[48;2;215;255;255m+                 },
[38;2;0;95;95m[48;2;215;255;255m+                 Object {
[38;2;0;95;95m[48;2;215;255;255m+                   "install": [Function],
[38;2;0;95;95m[48;2;215;255;255m+                 },
[38;2;0;95;95m[48;2;215;255;255m+                 Object {
[38;2;0;95;95m[48;2;215;255;255m+                   "install": [Function],
[38;2;0;95;95m[48;2;215;255;255m+                 },
[38;2;0;95;95m[48;2;215;255;255m+                 Object {
[38;2;0;95;95m[48;2;215;255;255m+                   "install": [Function],
[38;2;0;95;95m[48;2;215;255;255m+                 },
[38;2;0;95;95m[48;2;215;255;255m+                 Object {
[38;2;0;95;95m[48;2;215;255;255m+                   "install": [Function],
[38;2;0;95;95m[48;2;215;255;255m+                 },
[38;2;0;95;95m[48;2;215;255;255m+                 Object {
[38;2;0;95;95m[48;2;215;255;255m+                   "install": [Function],
[38;2;0;95;95m[48;2;215;255;255m+                 },
[38;2;0;95;95m[48;2;215;255;255m+                 Object {
[38;2;0;95;95m[48;2;215;255;255m+                   "install": [Function],
[38;2;0;95;95m[48;2;215;255;255m+                 },
[38;2;0;95;95m[48;2;215;255;255m+                 Object {
[38;2;0;95;95m[48;2;215;255;255m+                   "install": [Function],
[38;2;0;95;95m[48;2;215;255;255m+                 },
[38;2;0;95;95m[48;2;215;255;255m+                 Object {
[38;2;0;95;95m[48;2;215;255;255m+                   "install": [Function],
[38;2;0;95;95m[48;2;215;255;255m+                 },
[38;2;0;95;95m[48;2;215;255;255m+                 Object {
[38;2;0;95;95m[48;2;215;255;255m+                   "install": [Function],
[38;2;0;95;95m[48;2;215;255;255m+                 },
[38;2;0;95;95m[48;2;215;255;255m+                 Object {
[38;2;0;95;95m[48;2;215;255;255m+                   "install": [Function],
[38;2;0;95;95m[48;2;215;255;255m+                 },
[38;2;0;95;95m[48;2;215;255;255m+                 Object {
[38;2;0;95;95m[48;2;215;255;255m+                   "install": [Function],
[38;2;0;95;95m[48;2;215;255;255m+                 },
[38;2;0;95;95m[48;2;215;255;255m+                 Object {
[38;2;0;95;95m[48;2;215;255;255m+                   "install": [Function],
[38;2;0;95;95m[48;2;215;255;255m+                 },
[38;2;0;95;95m[48;2;215;255;255m+                 [Function],
[38;2;0;95;95m[48;2;215;255;255m+                 Object {
[38;2;0;95;95m[48;2;215;255;255m+                   "install": [Function],
[38;2;0;95;95m[48;2;215;255;255m+                 },
[38;2;0;95;95m[48;2;215;255;255m+                 Object {
[38;2;0;95;95m[48;2;215;255;255m+                   "install": [Function],
[38;2;0;95;95m[48;2;215;255;255m+                 },
[38;2;0;95;95m[48;2;215;255;255m+                 Object {
[38;2;0;95;95m[48;2;215;255;255m+                   "install": [Function],
[38;2;0;95;95m[48;2;215;255;255m+                 },
[38;2;0;95;95m[48;2;215;255;255m+                 Object {
[38;2;0;95;95m[48;2;215;255;255m+                   "install": [Function],
[38;2;0;95;95m[48;2;215;255;255m+                 },
[38;2;0;95;95m[48;2;215;255;255m+                 Object {
[38;2;0;95;95m[48;2;215;255;255m+                   "install": [Function],
[38;2;0;95;95m[48;2;215;255;255m+                 },
[38;2;0;95;95m[48;2;215;255;255m+                 Object {
[38;2;0;95;95m[48;2;215;255;255m+                   "install": [Function],
[38;2;0;95;95m[48;2;215;255;255m+                 },
[38;2;0;95;95m[48;2;215;255;255m+                 Object {
[38;2;0;95;95m[48;2;215;255;255m+                   "install": [Function],
[38;2;0;95;95m[48;2;215;255;255m+                 },
[38;2;0;95;95m[48;2;215;255;255m+                 Object {
[38;2;0;95;95m[48;2;215;255;255m+                   "install": [Function],
[38;2;0;95;95m[48;2;215;255;255m+                 },
[38;2;0;95;95m[48;2;215;255;255m+                 Object {
[38;2;0;95;95m[48;2;215;255;255m+                   "install": [Function],
[38;2;0;95;95m[48;2;215;255;255m+                 },
[38;2;0;95;95m[48;2;215;255;255m+                 Object {
[38;2;0;95;95m[48;2;215;255;255m+                   "install": [Function],
[38;2;0;95;95m[48;2;215;255;255m+                 },
[38;2;0;95;95m[48;2;215;255;255m+                 Object {
[38;2;0;95;95m[48;2;215;255;255m+                   "NAME": "BootstrapVue",
[38;2;0;95;95m[48;2;215;255;255m+                   "install": [Function],
[38;2;0;95;95m[48;2;215;255;255m+                 },
[38;2;0;95;95m[48;2;215;255;255m+               ],
[38;2;0;95;95m[48;2;215;255;255m+               "_isFunctionalContainer": undefined,
[38;2;0;95;95m[48;2;215;255;255m+               "beforeCreate": Array [
[38;2;0;95;95m[48;2;215;255;255m+                 [Function],
[38;2;0;95;95m[48;2;215;255;255m+                 [Function],
[38;2;0;95;95m[48;2;215;255;255m+                 [Function],
[38;2;0;95;95m[48;2;215;255;255m+               ],
[38;2;0;95;95m[48;2;215;255;255m+               "cid": 1398,
[38;2;0;95;95m[48;2;215;255;255m+               "component": [Function],
[38;2;0;95;95m[48;2;215;255;255m+               "components": Object {
[38;2;0;95;95m[48;2;215;255;255m+                 "transition": Object {
[38;2;0;95;95m[48;2;215;255;255m+                   "$_doNotStubChildren": true,
[38;2;0;95;95m[48;2;215;255;255m+                   "$_vueTestUtils_original": Object {
[38;2;0;95;95m[48;2;215;255;255m+                     "_Ctor": Object {
[38;2;0;95;95m[48;2;215;255;255m+                       "1404": [Function],
[38;2;0;95;95m[48;2;215;255;255m+                     },
[38;2;0;95;95m[48;2;215;255;255m+                     "abstract": true,
[38;2;0;95;95m[48;2;215;255;255m+                     "name": "transition",
[38;2;0;95;95m[48;2;215;255;255m+                     "props": Object {
[38;2;0;95;95m[48;2;215;255;255m+                       "appear": Object {
[38;2;0;95;95m[48;2;215;255;255m+                         "type": [Function],
[38;2;0;95;95m[48;2;215;255;255m+                       },
[38;2;0;95;95m[48;2;215;255;255m+                       "appearActiveClass": Object {
[38;2;0;95;95m[48;2;215;255;255m+                         "type": [Function],
[38;2;0;95;95m[48;2;215;255;255m+                       },
[38;2;0;95;95m[48;2;215;255;255m+                       "appearClass": Object {
[38;2;0;95;95m[48;2;215;255;255m+                         "type": [Function],
[38;2;0;95;95m[48;2;215;255;255m+                       },
[38;2;0;95;95m[48;2;215;255;255m+                       "appearToClass": Object {
[38;2;0;95;95m[48;2;215;255;255m+                         "type": [Function],
[38;2;0;95;95m[48;2;215;255;255m+                       },
[38;2;0;95;95m[48;2;215;255;255m+                       "css": Object {
[38;2;0;95;95m[48;2;215;255;255m+                         "type": [Function],
[38;2;0;95;95m[48;2;215;255;255m+                       },
[38;2;0;95;95m[48;2;215;255;255m+                       "duration": Object {
[38;2;0;95;95m[48;2;215;255;255m+                         "type": Array [
[38;2;0;95;95m[48;2;215;255;255m+                           [Function],
[38;2;0;95;95m[48;2;215;255;255m+                           [Function],
[38;2;0;95;95m[48;2;215;255;255m+                           [Function],
[38;2;0;95;95m[48;2;215;255;255m+                         ],
[38;2;0;95;95m[48;2;215;255;255m+                       },
[38;2;0;95;95m[48;2;215;255;255m+                       "enterActiveClass": Object {
[38;2;0;95;95m[48;2;215;255;255m+                         "type": [Function],
[38;2;0;95;95m[48;2;215;255;255m+                       },
[38;2;0;95;95m[48;2;215;255;255m+                       "enterClass": Object {
[38;2;0;95;95m[48;2;215;255;255m+                         "type": [Function],
[38;2;0;95;95m[48;2;215;255;255m+                       },
[38;2;0;95;95m[48;2;215;255;255m+                       "enterToClass": Object {
[38;2;0;95;95m[48;2;215;255;255m+                         "type": [Function],
[38;2;0;95;95m[48;2;215;255;255m+                       },
[38;2;0;95;95m[48;2;215;255;255m+                       "leaveActiveClass": Object {
[38;2;0;95;95m[48;2;215;255;255m+                         "type": [Function],
[38;2;0;95;95m[48;2;215;255;255m+                       },
[38;2;0;95;95m[48;2;215;255;255m+                       "leaveClass": Object {
[38;2;0;95;95m[48;2;215;255;255m+                         "type": [Function],
[38;2;0;95;95m[48;2;215;255;255m+                       },
[38;2;0;95;95m[48;2;215;255;255m+                       "leaveToClass": Object {
[38;2;0;95;95m[48;2;215;255;255m+                         "type": [Function],
[38;2;0;95;95m[48;2;215;255;255m+                       },
[38;2;0;95;95m[48;2;215;255;255m+                       "mode": Object {
[38;2;0;95;95m[48;2;215;255;255m+                         "type": [Function],
[38;2;0;95;95m[48;2;215;255;255m+                       },
[38;2;0;95;95m[48;2;215;255;255m+                       "name": Object {
[38;2;0;95;95m[48;2;215;255;255m+                         "type": [Function],
[38;2;0;95;95m[48;2;215;255;255m+                       },
[38;2;0;95;95m[48;2;215;255;255m+                       "type": Object {
[38;2;0;95;95m[48;2;215;255;255m+                         "type": [Function],
[38;2;0;95;95m[48;2;215;255;255m+                       },
[38;2;0;95;95m[48;2;215;255;255m+                     },
[38;2;0;95;95m[48;2;215;255;255m+                     "render": [Function],
[38;2;0;95;95m[48;2;215;255;255m+                   },
[38;2;0;95;95m[48;2;215;255;255m+                   "abstract": true,
[38;2;0;95;95m[48;2;215;255;255m+                   "attrs": undefined,
[38;2;0;95;95m[48;2;215;255;255m+                   "class": undefined,
[38;2;0;95;95m[48;2;215;255;255m+                   "domProps": undefined,
[38;2;0;95;95m[48;2;215;255;255m+                   "functional": undefined,
[38;2;0;95;95m[48;2;215;255;255m+                   "key": undefined,
[38;2;0;95;95m[48;2;215;255;255m+                   "model": undefined,
[38;2;0;95;95m[48;2;215;255;255m+                   "name": "transition",
[38;2;0;95;95m[48;2;215;255;255m+                   "nativeOn": undefined,
[38;2;0;95;95m[48;2;215;255;255m+                   "normalizedStyle": undefined,
[38;2;0;95;95m[48;2;215;255;255m+                   "on": undefined,
[38;2;0;95;95m[48;2;215;255;255m+                   "props": Object {
[38;2;0;95;95m[48;2;215;255;255m+                     "appear": Object {
[38;2;0;95;95m[48;2;215;255;255m+                       "type": [Function],
[38;2;0;95;95m[48;2;215;255;255m+                     },
[38;2;0;95;95m[48;2;215;255;255m+                     "appearActiveClass": Object {
[38;2;0;95;95m[48;2;215;255;255m+                       "type": [Function],
[38;2;0;95;95m[48;2;215;255;255m+                     },
[38;2;0;95;95m[48;2;215;255;255m+                     "appearClass": Object {
[38;2;0;95;95m[48;2;215;255;255m+                       "type": [Function],
[38;2;0;95;95m[48;2;215;255;255m+                     },
[38;2;0;95;95m[48;2;215;255;255m+                     "appearToClass": Object {
[38;2;0;95;95m[48;2;215;255;255m+                       "type": [Function],
[38;2;0;95;95m[48;2;215;255;255m+                     },
[38;2;0;95;95m[48;2;215;255;255m+                     "css": Object {
[38;2;0;95;95m[48;2;215;255;255m+                       "type": [Function],
[38;2;0;95;95m[48;2;215;255;255m+                     },
[38;2;0;95;95m[48;2;215;255;255m+                     "duration": Object {
[38;2;0;95;95m[48;2;215;255;255m+                       "type": Array [
[38;2;0;95;95m[48;2;215;255;255m+                         [Function],
[38;2;0;95;95m[48;2;215;255;255m+                         [Function],
[38;2;0;95;95m[48;2;215;255;255m+                         [Function],
[38;2;0;95;95m[48;2;215;255;255m+                       ],
[38;2;0;95;95m[48;2;215;255;255m+                     },
[38;2;0;95;95m[48;2;215;255;255m+                     "enterActiveClass": Object {
[38;2;0;95;95m[48;2;215;255;255m+                       "type": [Function],
[38;2;0;95;95m[48;2;215;255;255m+                     },
[38;2;0;95;95m[48;2;215;255;255m+                     "enterClass": Object {
[38;2;0;95;95m[48;2;215;255;255m+                       "type": [Function],
[38;2;0;95;95m[48;2;215;255;255m+                     },
[38;2;0;95;95m[48;2;215;255;255m+                     "enterToClass": Object {
[38;2;0;95;95m[48;2;215;255;255m+                       "type": [Function],
[38;2;0;95;95m[48;2;215;255;255m+                     },
[38;2;0;95;95m[48;2;215;255;255m+                     "leaveActiveClass": Object {
[38;2;0;95;95m[48;2;215;255;255m+                       "type": [Function],
[38;2;0;95;95m[48;2;215;255;255m+                     },
[38;2;0;95;95m[48;2;215;255;255m+                     "leaveClass": Object {
[38;2;0;95;95m[48;2;215;255;255m+                       "type": [Function],
[38;2;0;95;95m[48;2;215;255;255m+                     },
[38;2;0;95;95m[48;2;215;255;255m+                     "leaveToClass": Object {
[38;2;0;95;95m[48;2;215;255;255m+                       "type": [Function],
[38;2;0;95;95m[48;2;215;255;255m+                     },
[38;2;0;95;95m[48;2;215;255;255m+                     "mode": Object {
[38;2;0;95;95m[48;2;215;255;255m+                       "type": [Function],
[38;2;0;95;95m[48;2;215;255;255m+                     },
[38;2;0;95;95m[48;2;215;255;255m+                     "name": Object {
[38;2;0;95;95m[48;2;215;255;255m+                       "type": [Function],
[38;2;0;95;95m[48;2;215;255;255m+                     },
[38;2;0;95;95m[48;2;215;255;255m+                     "type": Object {
[38;2;0;95;95m[48;2;215;255;255m+                       "type": [Function],
[38;2;0;95;95m[48;2;215;255;255m+                     },
[38;2;0;95;95m[48;2;215;255;255m+                   },
[38;2;0;95;95m[48;2;215;255;255m+                   "render": [Function],
[38;2;0;95;95m[48;2;215;255;255m+                   "staticClass": undefined,
[38;2;0;95;95m[48;2;215;255;255m+                   "staticStyle": undefined,
[38;2;0;95;95m[48;2;215;255;255m+                   "style": undefined,
[38;2;0;95;95m[48;2;215;255;255m+                 },
[38;2;0;95;95m[48;2;215;255;255m+                 "transition-group": Object {
[38;2;0;95;95m[48;2;215;255;255m+                   "$_doNotStubChildren": true,
[38;2;0;95;95m[48;2;215;255;255m+                   "$_vueTestUtils_original": Object {
[38;2;0;95;95m[48;2;215;255;255m+                     "_Ctor": Object {
[38;2;0;95;95m[48;2;215;255;255m+                       "1404": [Function],
[38;2;0;95;95m[48;2;215;255;255m+                     },
[38;2;0;95;95m[48;2;215;255;255m+                     "beforeMount": [Function],
[38;2;0;95;95m[48;2;215;255;255m+                     "methods": Object {
[38;2;0;95;95m[48;2;215;255;255m+                       "hasMove": [Function],
[38;2;0;95;95m[48;2;215;255;255m+                     },
[38;2;0;95;95m[48;2;215;255;255m+                     "props": Object {
[38;2;0;95;95m[48;2;215;255;255m+                       "appear": Object {
[38;2;0;95;95m[48;2;215;255;255m+                         "type": [Function],
[38;2;0;95;95m[48;2;215;255;255m+                       },
[38;2;0;95;95m[48;2;215;255;255m+                       "appearActiveClass": Object {
[38;2;0;95;95m[48;2;215;255;255m+                         "type": [Function],
[38;2;0;95;95m[48;2;215;255;255m+                       },
[38;2;0;95;95m[48;2;215;255;255m+                       "appearClass": Object {
[38;2;0;95;95m[48;2;215;255;255m+                         "type": [Function],
[38;2;0;95;95m[48;2;215;255;255m+                       },
[38;2;0;95;95m[48;2;215;255;255m+                       "appearToClass": Object {
[38;2;0;95;95m[48;2;215;255;255m+                         "type": [Function],
[38;2;0;95;95m[48;2;215;255;255m+                       },
[38;2;0;95;95m[48;2;215;255;255m+                       "css": Object {
[38;2;0;95;95m[48;2;215;255;255m+                         "type": [Function],
[38;2;0;95;95m[48;2;215;255;255m+                       },
[38;2;0;95;95m[48;2;215;255;255m+                       "duration": Object {
[38;2;0;95;95m[48;2;215;255;255m+                         "type": Array [
[38;2;0;95;95m[48;2;215;255;255m+                           [Function],
[38;2;0;95;95m[48;2;215;255;255m+                           [Function],
[38;2;0;95;95m[48;2;215;255;255m+                           [Function],
[38;2;0;95;95m[48;2;215;255;255m+                         ],
[38;2;0;95;95m[48;2;215;255;255m+                       },
[38;2;0;95;95m[48;2;215;255;255m+                       "enterActiveClass": Object {
[38;2;0;95;95m[48;2;215;255;255m+                         "type": [Function],
[38;2;0;95;95m[48;2;215;255;255m+                       },
[38;2;0;95;95m[48;2;215;255;255m+                       "enterClass": Object {
[38;2;0;95;95m[48;2;215;255;255m+                         "type": [Function],
[38;2;0;95;95m[48;2;215;255;255m+                       },
[38;2;0;95;95m[48;2;215;255;255m+                       "enterToClass": Object {
[38;2;0;95;95m[48;2;215;255;255m+                         "type": [Function],
[38;2;0;95;95m[48;2;215;255;255m+                       },
[38;2;0;95;95m[48;2;215;255;255m+                       "leaveActiveClass": Object {
[38;2;0;95;95m[48;2;215;255;255m+                         "type": [Function],
[38;2;0;95;95m[48;2;215;255;255m+                       },
[38;2;0;95;95m[48;2;215;255;255m+                       "leaveClass": Object {
[38;2;0;95;95m[48;2;215;255;255m+                         "type": [Function],
[38;2;0;95;95m[48;2;215;255;255m+                       },
[38;2;0;95;95m[48;2;215;255;255m+                       "leaveToClass": Object {
[38;2;0;95;95m[48;2;215;255;255m+                         "type": [Function],
[38;2;0;95;95m[48;2;215;255;255m+                       },
[38;2;0;95;95m[48;2;215;255;255m+                       "moveClass": Object {
[38;2;0;95;95m[48;2;215;255;255m+                         "type": [Function],
[38;2;0;95;95m[48;2;215;255;255m+                       },
[38;2;0;95;95m[48;2;215;255;255m+                       "name": Object {
[38;2;0;95;95m[48;2;215;255;255m+                         "type": [Function],
[38;2;0;95;95m[48;2;215;255;255m+                       },
[38;2;0;95;95m[48;2;215;255;255m+                       "tag": Object {
[38;2;0;95;95m[48;2;215;255;255m+                         "type": [Function],
[38;2;0;95;95m[48;2;215;255;255m+                       },
[38;2;0;95;95m[48;2;215;255;255m+                       "type": Object {
[38;2;0;95;95m[48;2;215;255;255m+                         "type": [Function],
[38;2;0;95;95m[48;2;215;255;255m+                       },
[38;2;0;95;95m[48;2;215;255;255m+                     },
[38;2;0;95;95m[48;2;215;255;255m+                     "render": [Function],
[38;2;0;95;95m[48;2;215;255;255m+                     "updated": [Function],
[38;2;0;95;95m[48;2;215;255;255m+                   },
[38;2;0;95;95m[48;2;215;255;255m+                   "abstract": undefined,
[38;2;0;95;95m[48;2;215;255;255m+                   "attrs": undefined,
[38;2;0;95;95m[48;2;215;255;255m+                   "class": undefined,
[38;2;0;95;95m[48;2;215;255;255m+                   "domProps": undefined,
[38;2;0;95;95m[48;2;215;255;255m+                   "functional": undefined,
[38;2;0;95;95m[48;2;215;255;255m+                   "key": undefined,
[38;2;0;95;95m[48;2;215;255;255m+                   "model": undefined,
[38;2;0;95;95m[48;2;215;255;255m+                   "name": undefined,
[38;2;0;95;95m[48;2;215;255;255m+                   "nativeOn": undefined,
[38;2;0;95;95m[48;2;215;255;255m+                   "normalizedStyle": undefined,
[38;2;0;95;95m[48;2;215;255;255m+                   "on": undefined,
[38;2;0;95;95m[48;2;215;255;255m+                   "props": Object {
[38;2;0;95;95m[48;2;215;255;255m+                     "appear": Object {
[38;2;0;95;95m[48;2;215;255;255m+                       "type": [Function],
[38;2;0;95;95m[48;2;215;255;255m+                     },
[38;2;0;95;95m[48;2;215;255;255m+                     "appearActiveClass": Object {
[38;2;0;95;95m[48;2;215;255;255m+                       "type": [Function],
[38;2;0;95;95m[48;2;215;255;255m+                     },
[38;2;0;95;95m[48;2;215;255;255m+                     "appearClass": Object {
[38;2;0;95;95m[48;2;215;255;255m+                       "type": [Function],
[38;2;0;95;95m[48;2;215;255;255m+                     },
[38;2;0;95;95m[48;2;215;255;255m+                     "appearToClass": Object {
[38;2;0;95;95m[48;2;215;255;255m+                       "type": [Function],
[38;2;0;95;95m[48;2;215;255;255m+                     },
[38;2;0;95;95m[48;2;215;255;255m+                     "css": Object {
[38;2;0;95;95m[48;2;215;255;255m+                       "type": [Function],
[38;2;0;95;95m[48;2;215;255;255m+                     },
[38;2;0;95;95m[48;2;215;255;255m+                     "duration": Object {
[38;2;0;95;95m[48;2;215;255;255m+                       "type": Array [
[38;2;0;95;95m[48;2;215;255;255m+                         [Function],
[38;2;0;95;95m[48;2;215;255;255m+                         [Function],
[38;2;0;95;95m[48;2;215;255;255m+                         [Function],
[38;2;0;95;95m[48;2;215;255;255m+                       ],
[38;2;0;95;95m[48;2;215;255;255m+                     },
[38;2;0;95;95m[48;2;215;255;255m+                     "enterActiveClass": Object {
[38;2;0;95;95m[48;2;215;255;255m+                       "type": [Function],
[38;2;0;95;95m[48;2;215;255;255m+                     },
[38;2;0;95;95m[48;2;215;255;255m+                     "enterClass": Object {
[38;2;0;95;95m[48;2;215;255;255m+                       "type": [Function],
[38;2;0;95;95m[48;2;215;255;255m+                     },
[38;2;0;95;95m[48;2;215;255;255m+                     "enterToClass": Object {
[38;2;0;95;95m[48;2;215;255;255m+                       "type": [Function],
[38;2;0;95;95m[48;2;215;255;255m+                     },
[38;2;0;95;95m[48;2;215;255;255m+                     "leaveActiveClass": Object {
[38;2;0;95;95m[48;2;215;255;255m+                       "type": [Function],
[38;2;0;95;95m[48;2;215;255;255m+                     },
[38;2;0;95;95m[48;2;215;255;255m+                     "leaveClass": Object {
[38;2;0;95;95m[48;2;215;255;255m+                       "type": [Function],
[38;2;0;95;95m[48;2;215;255;255m+                     },
[38;2;0;95;95m[48;2;215;255;255m+                     "leaveToClass": Object {
[38;2;0;95;95m[48;2;215;255;255m+                       "type": [Function],
[38;2;0;95;95m[48;2;215;255;255m+                     },
[38;2;0;95;95m[48;2;215;255;255m+                     "moveClass": Object {
[38;2;0;95;95m[48;2;215;255;255m+                       "type": [Function],
[38;2;0;95;95m[48;2;215;255;255m+                     },
[38;2;0;95;95m[48;2;215;255;255m+                     "name": Object {
[38;2;0;95;95m[48;2;215;255;255m+                       "type": [Function],
[38;2;0;95;95m[48;2;215;255;255m+                     },
[38;2;0;95;95m[48;2;215;255;255m+                     "tag": Object {
[38;2;0;95;95m[48;2;215;255;255m+                       "type": [Function],
[38;2;0;95;95m[48;2;215;255;255m+                     },
[38;2;0;95;95m[48;2;215;255;255m+                     "type": Object {
[38;2;0;95;95m[48;2;215;255;255m+                       "type": [Function],
[38;2;0;95;95m[48;2;215;255;255m+                     },
[38;2;0;95;95m[48;2;215;255;255m+                   },
[38;2;0;95;95m[48;2;215;255;255m+                   "render": [Function],
[38;2;0;95;95m[48;2;215;255;255m+                   "staticClass": undefined,
[38;2;0;95;95m[48;2;215;255;255m+                   "staticStyle": undefined,
[38;2;0;95;95m[48;2;215;255;255m+                   "style": undefined,
[38;2;0;95;95m[48;2;215;255;255m+                 },
[38;2;0;95;95m[48;2;215;255;255m+               },
[38;2;0;95;95m[48;2;215;255;255m+               "config": Object {
[38;2;0;95;95m[48;2;215;255;255m+                 "_lifecycleHooks": Array [
[38;2;0;95;95m[48;2;215;255;255m+                   "beforeCreate",
[38;2;0;95;95m[48;2;215;255;255m+                   "created",
[38;2;0;95;95m[48;2;215;255;255m+                   "beforeMount",
[38;2;0;95;95m[48;2;215;255;255m+                   "mounted",
[38;2;0;95;95m[48;2;215;255;255m+                   "beforeUpdate",
[38;2;0;95;95m[48;2;215;255;255m+                   "updated",
[38;2;0;95;95m[48;2;215;255;255m+                   "beforeDestroy",
[38;2;0;95;95m[48;2;215;255;255m+                   "destroyed",
[38;2;0;95;95m[48;2;215;255;255m+                   "activated",
[38;2;0;95;95m[48;2;215;255;255m+                   "deactivated",
[38;2;0;95;95m[48;2;215;255;255m+                   "errorCaptured",
[38;2;0;95;95m[48;2;215;255;255m+                   "serverPrefetch",
[38;2;0;95;95m[48;2;215;255;255m+                 ],
[38;2;0;95;95m[48;2;215;255;255m+                 "async": true,
[38;2;0;95;95m[48;2;215;255;255m+                 "devtools": false,
[38;2;0;95;95m[48;2;215;255;255m+                 "errorHandler": undefined,
[38;2;0;95;95m[48;2;215;255;255m+                 "getTagNamespace": [Function],
[38;2;0;95;95m[48;2;215;255;255m+                 "ignoredElements": Array [],
[38;2;0;95;95m[48;2;215;255;255m+                 "isReservedAttr": [Function],
[38;2;0;95;95m[48;2;215;255;255m+                 "isReservedTag": [Function],
[38;2;0;95;95m[48;2;215;255;255m+                 "isUnknownElement": [Function],
[38;2;0;95;95m[48;2;215;255;255m+                 "keyCodes": Object {},
[38;2;0;95;95m[48;2;215;255;255m+                 "mustUseProp": [Function],
[38;2;0;95;95m[48;2;215;255;255m+                 "optionMergeStrategies": Object {
[38;2;0;95;95m[48;2;215;255;255m+                   "activated": [Function],
[38;2;0;95;95m[48;2;215;255;255m+                   "beforeCreate": [Function],
[38;2;0;95;95m[48;2;215;255;255m+                   "beforeDestroy": [Function],
[38;2;0;95;95m[48;2;215;255;255m+                   "beforeMount": [Function],
[38;2;0;95;95m[48;2;215;255;255m+                   "beforeUpdate": [Function],
[38;2;0;95;95m[48;2;215;255;255m+                   "components": [Function],
[38;2;0;95;95m[48;2;215;255;255m+                   "computed": [Function],
[38;2;0;95;95m[48;2;215;255;255m+                   "created": [Function],
[38;2;0;95;95m[48;2;215;255;255m+                   "data": [Function],
[38;2;0;95;95m[48;2;215;255;255m+                   "deactivated": [Function],
[38;2;0;95;95m[48;2;215;255;255m+                   "destroyed": [Function],
[38;2;0;95;95m[48;2;215;255;255m+                   "directives": [Function],
[38;2;0;95;95m[48;2;215;255;255m+                   "el": [Function],
[38;2;0;95;95m[48;2;215;255;255m+                   "errorCaptured": [Function],
[38;2;0;95;95m[48;2;215;255;255m+                   "filters": [Function],
[38;2;0;95;95m[48;2;215;255;255m+                   "inject": [Function],
[38;2;0;95;95m[48;2;215;255;255m+                   "methods": [Function],
[38;2;0;95;95m[48;2;215;255;255m+                   "mounted": [Function],
[38;2;0;95;95m[48;2;215;255;255m+                   "props": [Function],
[38;2;0;95;95m[48;2;215;255;255m+                   "propsData": [Function],
[38;2;0;95;95m[48;2;215;255;255m+                   "provide": [Function],
[38;2;0;95;95m[48;2;215;255;255m+                   "serverPrefetch": [Function],
[38;2;0;95;95m[48;2;215;255;255m+                   "updated": [Function],
[38;2;0;95;95m[48;2;215;255;255m+                   "watch": [Function],
[38;2;0;95;95m[48;2;215;255;255m+                 },
[38;2;0;95;95m[48;2;215;255;255m+                 "parsePlatformTagName": [Function],
[38;2;0;95;95m[48;2;215;255;255m+                 "performance": false,
[38;2;0;95;95m[48;2;215;255;255m+                 "productionTip": false,
[38;2;0;95;95m[48;2;215;255;255m+                 "silent": false,
[38;2;0;95;95m[48;2;215;255;255m+                 "warnHandler": null,
[38;2;0;95;95m[48;2;215;255;255m+               },
[38;2;0;95;95m[48;2;215;255;255m+               "data": [Function],
[38;2;0;95;95m[48;2;215;255;255m+               "delete": [Function],
[38;2;0;95;95m[48;2;215;255;255m+               "directive": [Function],
[38;2;0;95;95m[48;2;215;255;255m+               "directives": Object {},
[38;2;0;95;95m[48;2;215;255;255m+               "extend": [Function],
[38;2;0;95;95m[48;2;215;255;255m+               "extendOptions": Object {
[38;2;0;95;95m[48;2;215;255;255m+                 "_Ctor": Object {
[38;2;0;95;95m[48;2;215;255;255m+                   "0": [Function],
[38;2;0;95;95m[48;2;215;255;255m+                 },
[38;2;0;95;95m[48;2;215;255;255m+               },
[38;2;0;95;95m[48;2;215;255;255m+               "filter": [Function],
[38;2;0;95;95m[48;2;215;255;255m+               "filters": Object {},
[38;2;0;95;95m[48;2;215;255;255m+               "methods": undefined,
[38;2;0;95;95m[48;2;215;255;255m+               "mixin": [Function],
[38;2;0;95;95m[48;2;215;255;255m+               "mocks": undefined,
[38;2;0;95;95m[48;2;215;255;255m+               "nextTick": [Function],
[38;2;0;95;95m[48;2;215;255;255m+               "observable": [Function],
[38;2;0;95;95m[48;2;215;255;255m+               "options": Object {
[38;2;0;95;95m[48;2;215;255;255m+                 "_Ctor": Object {
[38;2;0;95;95m[48;2;215;255;255m+                   "0": [Function],
[38;2;0;95;95m[48;2;215;255;255m+                 },
[38;2;0;95;95m[48;2;215;255;255m+                 "_base": [Function],
[38;2;0;95;95m[48;2;215;255;255m+                 "beforeCreate": Array [
[38;2;0;95;95m[48;2;215;255;255m+                   [Function],
[38;2;0;95;95m[48;2;215;255;255m+                   [Function],
[38;2;0;95;95m[48;2;215;255;255m+                 ],
[38;2;0;95;95m[48;2;215;255;255m+                 "components": Object {
[38;2;0;95;95m[48;2;215;255;255m+                   "BTooltip": [Function],
[38;2;0;95;95m[48;2;215;255;255m+                 },
[38;2;0;95;95m[48;2;215;255;255m+                 "directives": Object {
[38;2;0;95;95m[48;2;215;255;255m+                   "BHover": Object {
[38;2;0;95;95m[48;2;215;255;255m+                     "bind": [Function],
[38;2;0;95;95m[48;2;215;255;255m+                     "componentUpdated": [Function],
[38;2;0;95;95m[48;2;215;255;255m+                     "unbind": [Function],
[38;2;0;95;95m[48;2;215;255;255m+                   },
[38;2;0;95;95m[48;2;215;255;255m+                   "BModal": Object {
[38;2;0;95;95m[48;2;215;255;255m+                     "componentUpdated": [Function],
[38;2;0;95;95m[48;2;215;255;255m+                     "inserted": [Function],
[38;2;0;95;95m[48;2;215;255;255m+                     "unbind": [Function],
[38;2;0;95;95m[48;2;215;255;255m+                     "updated": [Function],
[38;2;0;95;95m[48;2;215;255;255m+                   },
[38;2;0;95;95m[48;2;215;255;255m+                   "BScrollspy": Object {
[38;2;0;95;95m[48;2;215;255;255m+                     "bind": [Function],
[38;2;0;95;95m[48;2;215;255;255m+                     "componentUpdated": [Function],
[38;2;0;95;95m[48;2;215;255;255m+                     "inserted": [Function],
[38;2;0;95;95m[48;2;215;255;255m+                     "unbind": [Function],
[38;2;0;95;95m[48;2;215;255;255m+                     "update": [Function],
[38;2;0;95;95m[48;2;215;255;255m+                   },
[38;2;0;95;95m[48;2;215;255;255m+                   "BTooltip": Object {
[38;2;0;95;95m[48;2;215;255;255m+                     "bind": [Function],
[38;2;0;95;95m[48;2;215;255;255m+                     "componentUpdated": [Function],
[38;2;0;95;95m[48;2;215;255;255m+                     "unbind": [Function],
[38;2;0;95;95m[48;2;215;255;255m+                   },
[38;2;0;95;95m[48;2;215;255;255m+                   "BVisible": Object {
[38;2;0;95;95m[48;2;215;255;255m+                     "bind": [Function],
[38;2;0;95;95m[48;2;215;255;255m+                     "componentUpdated": [Function],
[38;2;0;95;95m[48;2;215;255;255m+                     "unbind": [Function],
[38;2;0;95;95m[48;2;215;255;255m+                   },
[38;2;0;95;95m[48;2;215;255;255m+                 },
[38;2;0;95;95m[48;2;215;255;255m+                 "filters": Object {},
[38;2;0;95;95m[48;2;215;255;255m+               },
[38;2;0;95;95m[48;2;215;255;255m+               "provide": [Function],
[38;2;0;95;95m[48;2;215;255;255m+               "render": [Function],
[38;2;0;95;95m[48;2;215;255;255m+               "sealedOptions": Object {
[38;2;0;95;95m[48;2;215;255;255m+                 "_Ctor": Object {
[38;2;0;95;95m[48;2;215;255;255m+                   "0": [Function],
[38;2;0;95;95m[48;2;215;255;255m+                 },
[38;2;0;95;95m[48;2;215;255;255m+                 "_base": [Function],
[38;2;0;95;95m[48;2;215;255;255m+                 "components": Object {
[38;2;0;95;95m[48;2;215;255;255m+                   "BAlert": [Function],
[38;2;0;95;95m[48;2;215;255;255m+                   "BAspect": [Function],
[38;2;0;95;95m[48;2;215;255;255m+                   "BAvatar": [Function],
[38;2;0;95;95m[48;2;215;255;255m+                   "BAvatarGroup": [Function],
[38;2;0;95;95m[48;2;215;255;255m+                   "BBadge": [Function],
[38;2;0;95;95m[48;2;215;255;255m+                   "BBreadcrumb": [Function],
[38;2;0;95;95m[48;2;215;255;255m+                   "BBreadcrumbItem": [Function],
[38;2;0;95;95m[48;2;215;255;255m+                   "BBreadcrumbLink": [Function],
[38;2;0;95;95m[48;2;215;255;255m+                   "BBtn": [Function],
[38;2;0;95;95m[48;2;215;255;255m+                   "BBtnClose": [Function],
[38;2;0;95;95m[48;2;215;255;255m+                   "BBtnGroup": [Function],
[38;2;0;95;95m[48;2;215;255;255m+                   "BBtnToolbar": [Function],
[38;2;0;95;95m[48;2;215;255;255m+                   "BButton": [Function],
[38;2;0;95;95m[48;2;215;255;255m+                   "BButtonClose": [Function],
[38;2;0;95;95m[48;2;215;255;255m+                   "BButtonGroup": [Function],
[38;2;0;95;95m[48;2;215;255;255m+                   "BButtonToolbar": [Function],
[38;2;0;95;95m[48;2;215;255;255m+                   "BCalendar": [Function],
[38;2;0;95;95m[48;2;215;255;255m+                   "BCard": [Function],
[38;2;0;95;95m[48;2;215;255;255m+                   "BCardBody": [Function],
[38;2;0;95;95m[48;2;215;255;255m+                   "BCardFooter": [Function],
[38;2;0;95;95m[48;2;215;255;255m+                   "BCardGroup": [Function],
[38;2;0;95;95m[48;2;215;255;255m+                   "BCardHeader": [Function],
[38;2;0;95;95m[48;2;215;255;255m+                   "BCardImg": [Function],
[38;2;0;95;95m[48;2;215;255;255m+                   "BCardImgLazy": [Function],
[38;2;0;95;95m[48;2;215;255;255m+                   "BCardSubTitle": [Function],
[38;2;0;95;95m[48;2;215;255;255m+                   "BCardText": [Function],
[38;2;0;95;95m[48;2;215;255;255m+                   "BCardTitle": [Function],
[38;2;0;95;95m[48;2;215;255;255m+                   "BCarousel": [Function],
[38;2;0;95;95m[48;2;215;255;255m+                   "BCarouselSlide": [Function],
[38;2;0;95;95m[48;2;215;255;255m+                   "BCheck": [Function],
[38;2;0;95;95m[48;2;215;255;255m+                   "BCheckGroup": [Function],
[38;2;0;95;95m[48;2;215;255;255m+                   "BCheckbox": [Function],
[38;2;0;95;95m[48;2;215;255;255m+                   "BCheckboxGroup": [Function],
[38;2;0;95;95m[48;2;215;255;255m+                   "BCol": [Function],
[38;2;0;95;95m[48;2;215;255;255m+                   "BCollapse": [Function],
[38;2;0;95;95m[48;2;215;255;255m+                   "BContainer": [Function],
[38;2;0;95;95m[48;2;215;255;255m+                   "BDatalist": [Function],
[38;2;0;95;95m[48;2;215;255;255m+                   "BDatepicker": [Function],
[38;2;0;95;95m[48;2;215;255;255m+                   "BDd": [Function],
[38;2;0;95;95m[48;2;215;255;255m+                   "BDdDivider": [Function],
[38;2;0;95;95m[48;2;215;255;255m+                   "BDdForm": [Function],
[38;2;0;95;95m[48;2;215;255;255m+                   "BDdGroup": [Function],
[38;2;0;95;95m[48;2;215;255;255m+                   "BDdHeader": [Function],
[38;2;0;95;95m[48;2;215;255;255m+                   "BDdItem": [Function],
[38;2;0;95;95m[48;2;215;255;255m+                   "BDdItemBtn": [Function],
[38;2;0;95;95m[48;2;215;255;255m+                   "BDdItemButton": [Function],
[38;2;0;95;95m[48;2;215;255;255m+                   "BDdText": [Function],
[38;2;0;95;95m[48;2;215;255;255m+                   "BDropdown": [Function],
[38;2;0;95;95m[48;2;215;255;255m+                   "BDropdownDivider": [Function],
[38;2;0;95;95m[48;2;215;255;255m+                   "BDropdownForm": [Function],
[38;2;0;95;95m[48;2;215;255;255m+                   "BDropdownGroup": [Function],
[38;2;0;95;95m[48;2;215;255;255m+                   "BDropdownHeader": [Function],
[38;2;0;95;95m[48;2;215;255;255m+                   "BDropdownItem": [Function],
[38;2;0;95;95m[48;2;215;255;255m+                   "BDropdownItemBtn": [Function],
[38;2;0;95;95m[48;2;215;255;255m+                   "BDropdownItemButton": [Function],
[38;2;0;95;95m[48;2;215;255;255m+                   "BDropdownText": [Function],
[38;2;0;95;95m[48;2;215;255;255m+                   "BEmbed": [Function],
[38;2;0;95;95m[48;2;215;255;255m+                   "BFile": [Function],
[38;2;0;95;95m[48;2;215;255;255m+                   "BForm": [Function],
[38;2;0;95;95m[48;2;215;255;255m+                   "BFormCheckbox": [Function],
[38;2;0;95;95m[48;2;215;255;255m+                   "BFormCheckboxGroup": [Function],
[38;2;0;95;95m[48;2;215;255;255m+                   "BFormDatalist": [Function],
[38;2;0;95;95m[48;2;215;255;255m+                   "BFormDatepicker": [Function],
[38;2;0;95;95m[48;2;215;255;255m+                   "BFormFeedback": [Function],
[38;2;0;95;95m[48;2;215;255;255m+                   "BFormFieldset": [Function],
[38;2;0;95;95m[48;2;215;255;255m+                   "BFormFile": [Function],
[38;2;0;95;95m[48;2;215;255;255m+                   "BFormGroup": [Function],
[38;2;0;95;95m[48;2;215;255;255m+                   "BFormInput": [Function],
[38;2;0;95;95m[48;2;215;255;255m+                   "BFormInvalidFeedback": [Function],
[38;2;0;95;95m[48;2;215;255;255m+                   "BFormRadio": [Function],
[38;2;0;95;95m[48;2;215;255;255m+                   "BFormRadioGroup": [Function],
[38;2;0;95;95m[48;2;215;255;255m+                   "BFormRating": [Function],
[38;2;0;95;95m[48;2;215;255;255m+                   "BFormRow": [Function],
[38;2;0;95;95m[48;2;215;255;255m+                   "BFormSelect": [Function],
[38;2;0;95;95m[48;2;215;255;255m+                   "BFormSelectOption": [Function],
[38;2;0;95;95m[48;2;215;255;255m+                   "BFormSelectOptionGroup": [Function],
[38;2;0;95;95m[48;2;215;255;255m+                   "BFormSpinbutton": [Function],
[38;2;0;95;95m[48;2;215;255;255m+                   "BFormTag": [Function],
[38;2;0;95;95m[48;2;215;255;255m+                   "BFormTags": [Function],
[38;2;0;95;95m[48;2;215;255;255m+                   "BFormText": [Function],
[38;2;0;95;95m[48;2;215;255;255m+                   "BFormTextarea": [Function],
[38;2;0;95;95m[48;2;215;255;255m+                   "BFormTimepicker": [Function],
[38;2;0;95;95m[48;2;215;255;255m+                   "BFormValidFeedback": [Function],
[38;2;0;95;95m[48;2;215;255;255m+                   "BImg": [Function],
[38;2;0;95;95m[48;2;215;255;255m+                   "BImgLazy": [Function],
[38;2;0;95;95m[48;2;215;255;255m+                   "BInput": [Function],
[38;2;0;95;95m[48;2;215;255;255m+                   "BInputGroup": [Function],
[38;2;0;95;95m[48;2;215;255;255m+                   "BInputGroupAddon": [Function],
[38;2;0;95;95m[48;2;215;255;255m+                   "BInputGroupAppend": [Function],
[38;2;0;95;95m[48;2;215;255;255m+                   "BInputGroupPrepend": [Function],
[38;2;0;95;95m[48;2;215;255;255m+                   "BInputGroupText": [Function],
[38;2;0;95;95m[48;2;215;255;255m+                   "BJumbotron": [Function],
[38;2;0;95;95m[48;2;215;255;255m+                   "BLink": [Function],
[38;2;0;95;95m[48;2;215;255;255m+                   "BListGroup": [Function],
[38;2;0;95;95m[48;2;215;255;255m+                   "BListGroupItem": [Function],
[38;2;0;95;95m[48;2;215;255;255m+                   "BMedia": [Function],
[38;2;0;95;95m[48;2;215;255;255m+                   "BMediaAside": [Function],
[38;2;0;95;95m[48;2;215;255;255m+                   "BMediaBody": [Function],
[38;2;0;95;95m[48;2;215;255;255m+                   "BModal": [Function],
[38;2;0;95;95m[48;2;215;255;255m+                   "BRadio": [Function],
[38;2;0;95;95m[48;2;215;255;255m+                   "BRadioGroup": [Function],
[38;2;0;95;95m[48;2;215;255;255m+                   "BRating": [Function],
[38;2;0;95;95m[48;2;215;255;255m+                   "BRow": [Function],
[38;2;0;95;95m[48;2;215;255;255m+                   "BSelect": [Function],
[38;2;0;95;95m[48;2;215;255;255m+                   "BSelectOption": [Function],
[38;2;0;95;95m[48;2;215;255;255m+                   "BSelectOptionGroup": [Function],
[38;2;0;95;95m[48;2;215;255;255m+                   "BSpinbutton": [Function],
[38;2;0;95;95m[48;2;215;255;255m+                   "BTag": [Function],
[38;2;0;95;95m[48;2;215;255;255m+                   "BTags": [Function],
[38;2;0;95;95m[48;2;215;255;255m+                   "BTextarea": [Function],
[38;2;0;95;95m[48;2;215;255;255m+                   "BTimepicker": [Function],
[38;2;0;95;95m[48;2;215;255;255m+                 },
[38;2;0;95;95m[48;2;215;255;255m+                 "directives": Object {
[38;2;0;95;95m[48;2;215;255;255m+                   "BModal": Object {
[38;2;0;95;95m[48;2;215;255;255m+                     "componentUpdated": [Function],
[38;2;0;95;95m[48;2;215;255;255m+                     "inserted": [Function],
[38;2;0;95;95m[48;2;215;255;255m+                     "unbind": [Function],
[38;2;0;95;95m[48;2;215;255;255m+                     "updated": [Function],
[38;2;0;95;95m[48;2;215;255;255m+                   },
[38;2;0;95;95m[48;2;215;255;255m+                   "BToggle": Object {
[38;2;0;95;95m[48;2;215;255;255m+                     "bind": [Function],
[38;2;0;95;95m[48;2;215;255;255m+                     "componentUpdated": [Function],
[38;2;0;95;95m[48;2;215;255;255m+                     "unbind": [Function],
[38;2;0;95;95m[48;2;215;255;255m+                     "updated": [Function],
[38;2;0;95;95m[48;2;215;255;255m+                   },
[38;2;0;95;95m[48;2;215;255;255m+                 },
[38;2;0;95;95m[48;2;215;255;255m+                 "filters": Object {},
[38;2;0;95;95m[48;2;215;255;255m+               },
[38;2;0;95;95m[48;2;215;255;255m+               "set": [Function],
[38;2;0;95;95m[48;2;215;255;255m+               "shouldProxy": true,
[38;2;0;95;95m[48;2;215;255;255m+               "stubs": Object {
[38;2;0;95;95m[48;2;215;255;255m+                 "transition": true,
[38;2;0;95;95m[48;2;215;255;255m+                 "transition-group": true,
[38;2;0;95;95m[48;2;215;255;255m+               },
[38;2;0;95;95m[48;2;215;255;255m+               "super": [Function],
[38;2;0;95;95m[48;2;215;255;255m+               "superOptions": Object {
[38;2;0;95;95m[48;2;215;255;255m+                 "_base": [Function],
[38;2;0;95;95m[48;2;215;255;255m+                 "components": Object {
[38;2;0;95;95m[48;2;215;255;255m+                   "KeepAlive": Object {
[38;2;0;95;95m[48;2;215;255;255m+                     "abstract": true,
[38;2;0;95;95m[48;2;215;255;255m+                     "created": [Function],
[38;2;0;95;95m[48;2;215;255;255m+                     "destroyed": [Function],
[38;2;0;95;95m[48;2;215;255;255m+                     "methods": Object {
[38;2;0;95;95m[48;2;215;255;255m+                       "cacheVNode": [Function],
[38;2;0;95;95m[48;2;215;255;255m+                     },
[38;2;0;95;95m[48;2;215;255;255m+                     "mounted": [Function],
[38;2;0;95;95m[48;2;215;255;255m+                     "name": "keep-alive",
[38;2;0;95;95m[48;2;215;255;255m+                     "props": Object {
[38;2;0;95;95m[48;2;215;255;255m+                       "exclude": Array [
[38;2;0;95;95m[48;2;215;255;255m+                         [Function],
[38;2;0;95;95m[48;2;215;255;255m+                         [Function],
[38;2;0;95;95m[48;2;215;255;255m+                         [Function],
[38;2;0;95;95m[48;2;215;255;255m+                       ],
[38;2;0;95;95m[48;2;215;255;255m+                       "include": Array [
[38;2;0;95;95m[48;2;215;255;255m+                         [Function],
[38;2;0;95;95m[48;2;215;255;255m+                         [Function],
[38;2;0;95;95m[48;2;215;255;255m+                         [Function],
[38;2;0;95;95m[48;2;215;255;255m+                       ],
[38;2;0;95;95m[48;2;215;255;255m+                       "max": Array [
[38;2;0;95;95m[48;2;215;255;255m+                         [Function],
[38;2;0;95;95m[48;2;215;255;255m+                         [Function],
[38;2;0;95;95m[48;2;215;255;255m+                       ],
[38;2;0;95;95m[48;2;215;255;255m+                     },
[38;2;0;95;95m[48;2;215;255;255m+                     "render": [Function],
[38;2;0;95;95m[48;2;215;255;255m+                     "updated": [Function],
[38;2;0;95;95m[48;2;215;255;255m+                   },
[38;2;0;95;95m[48;2;215;255;255m+                   "Transition": Object {
[38;2;0;95;95m[48;2;215;255;255m+                     "_Ctor": Object {
[38;2;0;95;95m[48;2;215;255;255m+                       "1404": [Function],
[38;2;0;95;95m[48;2;215;255;255m+                     },
[38;2;0;95;95m[48;2;215;255;255m+                     "abstract": true,
[38;2;0;95;95m[48;2;215;255;255m+                     "name": "transition",
[38;2;0;95;95m[48;2;215;255;255m+                     "props": Object {
[38;2;0;95;95m[48;2;215;255;255m+                       "appear": Object {
[38;2;0;95;95m[48;2;215;255;255m+                         "type": [Function],
[38;2;0;95;95m[48;2;215;255;255m+                       },
[38;2;0;95;95m[48;2;215;255;255m+                       "appearActiveClass": Object {
[38;2;0;95;95m[48;2;215;255;255m+                         "type": [Function],
[38;2;0;95;95m[48;2;215;255;255m+                       },
[38;2;0;95;95m[48;2;215;255;255m+                       "appearClass": Object {
[38;2;0;95;95m[48;2;215;255;255m+                         "type": [Function],
[38;2;0;95;95m[48;2;215;255;255m+                       },
[38;2;0;95;95m[48;2;215;255;255m+                       "appearToClass": Object {
[38;2;0;95;95m[48;2;215;255;255m+                         "type": [Function],
[38;2;0;95;95m[48;2;215;255;255m+                       },
[38;2;0;95;95m[48;2;215;255;255m+                       "css": Object {
[38;2;0;95;95m[48;2;215;255;255m+                         "type": [Function],
[38;2;0;95;95m[48;2;215;255;255m+                       },
[38;2;0;95;95m[48;2;215;255;255m+                       "duration": Object {
[38;2;0;95;95m[48;2;215;255;255m+                         "type": Array [
[38;2;0;95;95m[48;2;215;255;255m+                           [Function],
[38;2;0;95;95m[48;2;215;255;255m+                           [Function],
[38;2;0;95;95m[48;2;215;255;255m+                           [Function],
[38;2;0;95;95m[48;2;215;255;255m+                         ],
[38;2;0;95;95m[48;2;215;255;255m+                       },
[38;2;0;95;95m[48;2;215;255;255m+                       "enterActiveClass": Object {
[38;2;0;95;95m[48;2;215;255;255m+                         "type": [Function],
[38;2;0;95;95m[48;2;215;255;255m+                       },
[38;2;0;95;95m[48;2;215;255;255m+                       "enterClass": Object {
[38;2;0;95;95m[48;2;215;255;255m+                         "type": [Function],
[38;2;0;95;95m[48;2;215;255;255m+                       },
[38;2;0;95;95m[48;2;215;255;255m+                       "enterToClass": Object {
[38;2;0;95;95m[48;2;215;255;255m+                         "type": [Function],
[38;2;0;95;95m[48;2;215;255;255m+                       },
[38;2;0;95;95m[48;2;215;255;255m+                       "leaveActiveClass": Object {
[38;2;0;95;95m[48;2;215;255;255m+                         "type": [Function],
[38;2;0;95;95m[48;2;215;255;255m+                       },
[38;2;0;95;95m[48;2;215;255;255m+                       "leaveClass": Object {
[38;2;0;95;95m[48;2;215;255;255m+                         "type": [Function],
[38;2;0;95;95m[48;2;215;255;255m+                       },
[38;2;0;95;95m[48;2;215;255;255m+                       "leaveToClass": Object {
[38;2;0;95;95m[48;2;215;255;255m+                         "type": [Function],
[38;2;0;95;95m[48;2;215;255;255m+                       },
[38;2;0;95;95m[48;2;215;255;255m+                       "mode": Object {
[38;2;0;95;95m[48;2;215;255;255m+                         "type": [Function],
[38;2;0;95;95m[48;2;215;255;255m+                       },
[38;2;0;95;95m[48;2;215;255;255m+                       "name": Object {
[38;2;0;95;95m[48;2;215;255;255m+                         "type": [Function],
[38;2;0;95;95m[48;2;215;255;255m+                       },
[38;2;0;95;95m[48;2;215;255;255m+                       "type": Object {
[38;2;0;95;95m[48;2;215;255;255m+                         "type": [Function],
[38;2;0;95;95m[48;2;215;255;255m+                       },
[38;2;0;95;95m[48;2;215;255;255m+                     },
[38;2;0;95;95m[48;2;215;255;255m+                     "render": [Function],
[38;2;0;95;95m[48;2;215;255;255m+                   },
[38;2;0;95;95m[48;2;215;255;255m+                   "TransitionGroup": Object {
[38;2;0;95;95m[48;2;215;255;255m+                     "_Ctor": Object {
[38;2;0;95;95m[48;2;215;255;255m+                       "1404": [Function],
[38;2;0;95;95m[48;2;215;255;255m+                     },
[38;2;0;95;95m[48;2;215;255;255m+                     "beforeMount": [Function],
[38;2;0;95;95m[48;2;215;255;255m+                     "methods": Object {
[38;2;0;95;95m[48;2;215;255;255m+                       "hasMove": [Function],
[38;2;0;95;95m[48;2;215;255;255m+                     },
[38;2;0;95;95m[48;2;215;255;255m+                     "props": Object {
[38;2;0;95;95m[48;2;215;255;255m+                       "appear": Object {
[38;2;0;95;95m[48;2;215;255;255m+                         "type": [Function],
[38;2;0;95;95m[48;2;215;255;255m+                       },
[38;2;0;95;95m[48;2;215;255;255m+                       "appearActiveClass": Object {
[38;2;0;95;95m[48;2;215;255;255m+                         "type": [Function],
[38;2;0;95;95m[48;2;215;255;255m+                       },
[38;2;0;95;95m[48;2;215;255;255m+                       "appearClass": Object {
[38;2;0;95;95m[48;2;215;255;255m+                         "type": [Function],
[38;2;0;95;95m[48;2;215;255;255m+                       },
[38;2;0;95;95m[48;2;215;255;255m+                       "appearToClass": Object {
[38;2;0;95;95m[48;2;215;255;255m+                         "type": [Function],
[38;2;0;95;95m[48;2;215;255;255m+                       },
[38;2;0;95;95m[48;2;215;255;255m+                       "css": Object {
[38;2;0;95;95m[48;2;215;255;255m+                         "type": [Function],
[38;2;0;95;95m[48;2;215;255;255m+                       },
[38;2;0;95;95m[48;2;215;255;255m+                       "duration": Object {
[38;2;0;95;95m[48;2;215;255;255m+                         "type": Array [
[38;2;0;95;95m[48;2;215;255;255m+                           [Function],
[38;2;0;95;95m[48;2;215;255;255m+                           [Function],
[38;2;0;95;95m[48;2;215;255;255m+                           [Function],
[38;2;0;95;95m[48;2;215;255;255m+                         ],
[38;2;0;95;95m[48;2;215;255;255m+                       },
[38;2;0;95;95m[48;2;215;255;255m+                       "enterActiveClass": Object {
[38;2;0;95;95m[48;2;215;255;255m+                         "type": [Function],
[38;2;0;95;95m[48;2;215;255;255m+                       },
[38;2;0;95;95m[48;2;215;255;255m+                       "enterClass": Object {
[38;2;0;95;95m[48;2;215;255;255m+                         "type": [Function],
[38;2;0;95;95m[48;2;215;255;255m+                       },
[38;2;0;95;95m[48;2;215;255;255m+                       "enterToClass": Object {
[38;2;0;95;95m[48;2;215;255;255m+                         "type": [Function],
[38;2;0;95;95m[48;2;215;255;255m+                       },
[38;2;0;95;95m[48;2;215;255;255m+                       "leaveActiveClass": Object {
[38;2;0;95;95m[48;2;215;255;255m+                         "type": [Function],
[38;2;0;95;95m[48;2;215;255;255m+                       },
[38;2;0;95;95m[48;2;215;255;255m+                       "leaveClass": Object {
[38;2;0;95;95m[48;2;215;255;255m+                         "type": [Function],
[38;2;0;95;95m[48;2;215;255;255m+                       },
[38;2;0;95;95m[48;2;215;255;255m+                       "leaveToClass": Object {
[38;2;0;95;95m[48;2;215;255;255m+                         "type": [Function],
[38;2;0;95;95m[48;2;215;255;255m+                       },
[38;2;0;95;95m[48;2;215;255;255m+                       "moveClass": Object {
[38;2;0;95;95m[48;2;215;255;255m+                         "type": [Function],
[38;2;0;95;95m[48;2;215;255;255m+                       },
[38;2;0;95;95m[48;2;215;255;255m+                       "name": Object {
[38;2;0;95;95m[48;2;215;255;255m+                         "type": [Function],
[38;2;0;95;95m[48;2;215;255;255m+                       },
[38;2;0;95;95m[48;2;215;255;255m+                       "tag": Object {
[38;2;0;95;95m[48;2;215;255;255m+                         "type": [Function],
[38;2;0;95;95m[48;2;215;255;255m+                       },
[38;2;0;95;95m[48;2;215;255;255m+                       "type": Object {
[38;2;0;95;95m[48;2;215;255;255m+                         "type": [Function],
[38;2;0;95;95m[48;2;215;255;255m+                       },
[38;2;0;95;95m[48;2;215;255;255m+                     },
[38;2;0;95;95m[48;2;215;255;255m+                     "render": [Function],
[38;2;0;95;95m[48;2;215;255;255m+                     "updated": [Function],
[38;2;0;95;95m[48;2;215;255;255m+                   },
[38;2;0;95;95m[48;2;215;255;255m+                 },
[38;2;0;95;95m[48;2;215;255;255m+                 "directives": Object {
[38;2;0;95;95m[48;2;215;255;255m+                   "model": Object {
[38;2;0;95;95m[48;2;215;255;255m+                     "componentUpdated": [Function],
[38;2;0;95;95m[48;2;215;255;255m+                     "inserted": [Function],
[38;2;0;95;95m[48;2;215;255;255m+                   },
[38;2;0;95;95m[48;2;215;255;255m+                   "show": Object {
[38;2;0;95;95m[48;2;215;255;255m+                     "bind": [Function],
[38;2;0;95;95m[48;2;215;255;255m+                     "unbind": [Function],
[38;2;0;95;95m[48;2;215;255;255m+                     "update": [Function],
[38;2;0;95;95m[48;2;215;255;255m+                   },
[38;2;0;95;95m[48;2;215;255;255m+                 },
[38;2;0;95;95m[48;2;215;255;255m+                 "filters": Object {},
[38;2;0;95;95m[48;2;215;255;255m+               },
[38;2;0;95;95m[48;2;215;255;255m+               "use": [Function],
[38;2;0;95;95m[48;2;215;255;255m+               "util": Object {
[38;2;0;95;95m[48;2;215;255;255m+                 "defineReactive": [Function],
[38;2;0;95;95m[48;2;215;255;255m+                 "extend": [Function],
[38;2;0;95;95m[48;2;215;255;255m+                 "mergeOptions": [Function],
[38;2;0;95;95m[48;2;215;255;255m+                 "warn": [Function],
[38;2;0;95;95m[48;2;215;255;255m+               },
[38;2;0;95;95m[48;2;215;255;255m+               "version": "2.6.14",
[38;2;0;95;95m[48;2;215;255;255m+             },
[38;2;0;95;95m[48;2;215;255;255m+             "$parent": undefined,
[38;2;0;95;95m[48;2;215;255;255m+             "$refs": Object {},
[38;2;0;95;95m[48;2;215;255;255m+             "$root": [Circular],
[38;2;0;95;95m[48;2;215;255;255m+             "$scopedSlots": Object {},
[38;2;0;95;95m[48;2;215;255;255m+             "$slots": Object {},
[38;2;0;95;95m[48;2;215;255;255m+             "$vnode": undefined,
[38;2;0;95;95m[48;2;215;255;255m+             "__emitted": Object {},
[38;2;0;95;95m[48;2;215;255;255m+             "__emittedByOrder": Array [],
[38;2;0;95;95m[48;2;215;255;255m+             "_c": [Function],
[38;2;0;95;95m[48;2;215;255;255m+             "_data": Object {
[38;2;0;95;95m[48;2;215;255;255m+               "vueTestUtils_childProps": Object {},
[38;2;0;95;95m[48;2;215;255;255m+             },
[38;2;0;95;95m[48;2;215;255;255m+             "_directInactive": false,
[38;2;0;95;95m[48;2;215;255;255m+             "_events": Object {},
[38;2;0;95;95m[48;2;215;255;255m+             "_hasHookEvent": false,
[38;2;0;95;95m[48;2;215;255;255m+             "_inactive": null,
[38;2;0;95;95m[48;2;215;255;255m+             "_isBeingDestroyed": false,
[38;2;0;95;95m[48;2;215;255;255m+             "_isDestroyed": false,
[38;2;0;95;95m[48;2;215;255;255m+             "_isMounted": true,
[38;2;0;95;95m[48;2;215;255;255m+             "_isVue": true,
[38;2;0;95;95m[48;2;215;255;255m+             "_provided": Object {},
[38;2;0;95;95m[48;2;215;255;255m+             "_renderProxy": [Circular],
[38;2;0;95;95m[48;2;215;255;255m+             "_self": [Circular],
[38;2;0;95;95m[48;2;215;255;255m+             "_staticTrees": null,
[38;2;0;95;95m[48;2;215;255;255m+             "_uid": 2,
[38;2;0;95;95m[48;2;215;255;255m+             "_vnode": [Circular],
[38;2;0;95;95m[48;2;215;255;255m+             "_watcher": Watcher {
[38;2;0;95;95m[48;2;215;255;255m+               "active": true,
[38;2;0;95;95m[48;2;215;255;255m+               "before": [Function],
[38;2;0;95;95m[48;2;215;255;255m+               "cb": [Function],
[38;2;0;95;95m[48;2;215;255;255m+               "deep": false,
[38;2;0;95;95m[48;2;215;255;255m+               "depIds": Set {
[38;2;0;95;95m[48;2;215;255;255m+                 21,
[38;2;0;95;95m[48;2;215;255;255m+                 22,
[38;2;0;95;95m[48;2;215;255;255m+               },
[38;2;0;95;95m[48;2;215;255;255m+               "deps": Array [
[38;2;0;95;95m[48;2;215;255;255m+                 Dep {
[38;2;0;95;95m[48;2;215;255;255m+                   "id": 21,
[38;2;0;95;95m[48;2;215;255;255m+                   "subs": Array [
[38;2;0;95;95m[48;2;215;255;255m+                     [Circular],
[38;2;0;95;95m[48;2;215;255;255m+                   ],
[38;2;0;95;95m[48;2;215;255;255m+                 },
[38;2;0;95;95m[48;2;215;255;255m+                 Dep {
[38;2;0;95;95m[48;2;215;255;255m+                   "id": 22,
[38;2;0;95;95m[48;2;215;255;255m+                   "subs": Array [
[38;2;0;95;95m[48;2;215;255;255m+                     [Circular],
[38;2;0;95;95m[48;2;215;255;255m+                   ],
[38;2;0;95;95m[48;2;215;255;255m+                 },
[38;2;0;95;95m[48;2;215;255;255m+               ],
[38;2;0;95;95m[48;2;215;255;255m+               "dirty": false,
[38;2;0;95;95m[48;2;215;255;255m+               "expression": "function () {
[38;2;0;95;95m[48;2;215;255;255m+       vm._update(vm._render(), hydrating);
[38;2;0;95;95m[48;2;215;255;255m+     }",
[38;2;0;95;95m[48;2;215;255;255m+               "getter": [Function],
[38;2;0;95;95m[48;2;215;255;255m+               "id": 5,
[38;2;0;95;95m[48;2;215;255;255m+               "lazy": false,
[38;2;0;95;95m[48;2;215;255;255m+               "newDepIds": Set {},
[38;2;0;95;95m[48;2;215;255;255m+               "newDeps": Array [],
[38;2;0;95;95m[48;2;215;255;255m+               "sync": false,
[38;2;0;95;95m[48;2;215;255;255m+               "user": false,
[38;2;0;95;95m[48;2;215;255;255m+               "value": undefined,
[38;2;0;95;95m[48;2;215;255;255m+               "vm": [Circular],
[38;2;0;95;95m[48;2;215;255;255m+             },
[38;2;0;95;95m[48;2;215;255;255m+             "_watchers": Array [
[38;2;0;95;95m[48;2;215;255;255m+               Watcher {
[38;2;0;95;95m[48;2;215;255;255m+                 "active": true,
[38;2;0;95;95m[48;2;215;255;255m+                 "before": [Function],
[38;2;0;95;95m[48;2;215;255;255m+                 "cb": [Function],
[38;2;0;95;95m[48;2;215;255;255m+                 "deep": false,
[38;2;0;95;95m[48;2;215;255;255m+                 "depIds": Set {
[38;2;0;95;95m[48;2;215;255;255m+                   21,
[38;2;0;95;95m[48;2;215;255;255m+                   22,
[38;2;0;95;95m[48;2;215;255;255m+                 },
[38;2;0;95;95m[48;2;215;255;255m+                 "deps": Array [
[38;2;0;95;95m[48;2;215;255;255m+                   Dep {
[38;2;0;95;95m[48;2;215;255;255m+                     "id": 21,
[38;2;0;95;95m[48;2;215;255;255m+                     "subs": Array [
[38;2;0;95;95m[48;2;215;255;255m+                       [Circular],
[38;2;0;95;95m[48;2;215;255;255m+                     ],
[38;2;0;95;95m[48;2;215;255;255m+                   },
[38;2;0;95;95m[48;2;215;255;255m+                   Dep {
[38;2;0;95;95m[48;2;215;255;255m+                     "id": 22,
[38;2;0;95;95m[48;2;215;255;255m+                     "subs": Array [
[38;2;0;95;95m[48;2;215;255;255m+                       [Circular],
[38;2;0;95;95m[48;2;215;255;255m+                     ],
[38;2;0;95;95m[48;2;215;255;255m+                   },
[38;2;0;95;95m[48;2;215;255;255m+                 ],
[38;2;0;95;95m[48;2;215;255;255m+                 "dirty": false,
[38;2;0;95;95m[48;2;215;255;255m+                 "expression": "function () {
[38;2;0;95;95m[48;2;215;255;255m+       vm._update(vm._render(), hydrating);
[38;2;0;95;95m[48;2;215;255;255m+     }",
[38;2;0;95;95m[48;2;215;255;255m+                 "getter": [Function],
[38;2;0;95;95m[48;2;215;255;255m+                 "id": 5,
[38;2;0;95;95m[48;2;215;255;255m+                 "lazy": false,
[38;2;0;95;95m[48;2;215;255;255m+                 "newDepIds": Set {},
[38;2;0;95;95m[48;2;215;255;255m+                 "newDeps": Array [],
[38;2;0;95;95m[48;2;215;255;255m+                 "sync": false,
[38;2;0;95;95m[48;2;215;255;255m+                 "user": false,
[38;2;0;95;95m[48;2;215;255;255m+                 "value": undefined,
[38;2;0;95;95m[48;2;215;255;255m+                 "vm": [Circular],
[38;2;0;95;95m[48;2;215;255;255m+               },
[38;2;0;95;95m[48;2;215;255;255m+             ],
[38;2;0;95;95m[48;2;215;255;255m+             "vueTestUtils_childProps": Object {},
[38;2;0;95;95m[48;2;215;255;255m+           },
[38;2;0;95;95m[48;2;215;255;255m+           "_self": [Circular],
[38;2;0;95;95m[48;2;215;255;255m+           "_staticTrees": null,
[38;2;0;95;95m[48;2;215;255;255m+           "_uid": 2,
[38;2;0;95;95m[48;2;215;255;255m+           "_vnode": [Circular],
[38;2;0;95;95m[48;2;215;255;255m+           "_watcher": Watcher {
[38;2;0;95;95m[48;2;215;255;255m+             "active": true,
[38;2;0;95;95m[48;2;215;255;255m+             "before": [Function],
[38;2;0;95;95m[48;2;215;255;255m+             "cb": [Function],
[38;2;0;95;95m[48;2;215;255;255m+             "deep": false,
[38;2;0;95;95m[48;2;215;255;255m+             "depIds": Set {
[38;2;0;95;95m[48;2;215;255;255m+               21,
[38;2;0;95;95m[48;2;215;255;255m+               22,
[38;2;0;95;95m[48;2;215;255;255m+             },
[38;2;0;95;95m[48;2;215;255;255m+             "deps": Array [
[38;2;0;95;95m[48;2;215;255;255m+               Dep {
[38;2;0;95;95m[48;2;215;255;255m+                 "id": 21,
[38;2;0;95;95m[48;2;215;255;255m+                 "subs": Array [
[38;2;0;95;95m[48;2;215;255;255m+                   [Circular],
[38;2;0;95;95m[48;2;215;255;255m+                 ],
[38;2;0;95;95m[48;2;215;255;255m+               },
[38;2;0;95;95m[48;2;215;255;255m+               Dep {
[38;2;0;95;95m[48;2;215;255;255m+                 "id": 22,
[38;2;0;95;95m[48;2;215;255;255m+                 "subs": Array [
[38;2;0;95;95m[48;2;215;255;255m+                   [Circular],
[38;2;0;95;95m[48;2;215;255;255m+                 ],
[38;2;0;95;95m[48;2;215;255;255m+               },
[38;2;0;95;95m[48;2;215;255;255m+             ],
[38;2;0;95;95m[48;2;215;255;255m+             "dirty": false,
[38;2;0;95;95m[48;2;215;255;255m+             "expression": "function () {
[38;2;0;95;95m[48;2;215;255;255m+       vm._update(vm._render(), hydrating);
[38;2;0;95;95m[48;2;215;255;255m+     }",
[38;2;0;95;95m[48;2;215;255;255m+             "getter": [Function],
[38;2;0;95;95m[48;2;215;255;255m+             "id": 5,
[38;2;0;95;95m[48;2;215;255;255m+             "lazy": false,
[38;2;0;95;95m[48;2;215;255;255m+             "newDepIds": Set {},
[38;2;0;95;95m[48;2;215;255;255m+             "newDeps": Array [],
[38;2;0;95;95m[48;2;215;255;255m+             "sync": false,
[38;2;0;95;95m[48;2;215;255;255m+             "user": false,
[38;2;0;95;95m[48;2;215;255;255m+             "value": undefined,
[38;2;0;95;95m[48;2;215;255;255m+             "vm": [Circular],
[38;2;0;95;95m[48;2;215;255;255m+           },
[38;2;0;95;95m[48;2;215;255;255m+           "_watchers": Array [
[38;2;0;95;95m[48;2;215;255;255m+             Watcher {
[38;2;0;95;95m[48;2;215;255;255m+               "active": true,
[38;2;0;95;95m[48;2;215;255;255m+               "before": [Function],
[38;2;0;95;95m[48;2;215;255;255m+               "cb": [Function],
[38;2;0;95;95m[48;2;215;255;255m+               "deep": false,
[38;2;0;95;95m[48;2;215;255;255m+               "depIds": Set {
[38;2;0;95;95m[48;2;215;255;255m+                 21,
[38;2;0;95;95m[48;2;215;255;255m+                 22,
[38;2;0;95;95m[48;2;215;255;255m+               },
[38;2;0;95;95m[48;2;215;255;255m+               "deps": Array [
[38;2;0;95;95m[48;2;215;255;255m+                 Dep {
[38;2;0;95;95m[48;2;215;255;255m+                   "id": 21,
[38;2;0;95;95m[48;2;215;255;255m+                   "subs": Array [
[38;2;0;95;95m[48;2;215;255;255m+                     [Circular],
[38;2;0;95;95m[48;2;215;255;255m+                   ],
[38;2;0;95;95m[48;2;215;255;255m+                 },
[38;2;0;95;95m[48;2;215;255;255m+                 Dep {
[38;2;0;95;95m[48;2;215;255;255m+                   "id": 22,
[38;2;0;95;95m[48;2;215;255;255m+                   "subs": Array [
[38;2;0;95;95m[48;2;215;255;255m+                     [Circular],
[38;2;0;95;95m[48;2;215;255;255m+                   ],
[38;2;0;95;95m[48;2;215;255;255m+                 },
[38;2;0;95;95m[48;2;215;255;255m+               ],
[38;2;0;95;95m[48;2;215;255;255m+               "dirty": false,
[38;2;0;95;95m[48;2;215;255;255m+               "expression": "function () {
[38;2;0;95;95m[48;2;215;255;255m+       vm._update(vm._render(), hydrating);
[38;2;0;95;95m[48;2;215;255;255m+     }",
[38;2;0;95;95m[48;2;215;255;255m+               "getter": [Function],
[38;2;0;95;95m[48;2;215;255;255m+               "id": 5,
[38;2;0;95;95m[48;2;215;255;255m+               "lazy": false,
[38;2;0;95;95m[48;2;215;255;255m+               "newDepIds": Set {},
[38;2;0;95;95m[48;2;215;255;255m+               "newDeps": Array [],
[38;2;0;95;95m[48;2;215;255;255m+               "sync": false,
[38;2;0;95;95m[48;2;215;255;255m+               "user": false,
[38;2;0;95;95m[48;2;215;255;255m+               "value": undefined,
[38;2;0;95;95m[48;2;215;255;255m+               "vm": [Circular],
[38;2;0;95;95m[48;2;215;255;255m+             },
[38;2;0;95;95m[48;2;215;255;255m+           ],
[38;2;0;95;95m[48;2;215;255;255m+           "vueTestUtils_childProps": Object {},
[38;2;0;95;95m[48;2;215;255;255m+         },
[38;2;0;95;95m[48;2;215;255;255m+         "data": Object {
[38;2;0;95;95m[48;2;215;255;255m+           "attrs": Object {},
[38;2;0;95;95m[48;2;215;255;255m+           "hook": Object {
[38;2;0;95;95m[48;2;215;255;255m+             "destroy": [Function],
[38;2;0;95;95m[48;2;215;255;255m+             "init": [Function],
[38;2;0;95;95m[48;2;215;255;255m+             "insert": [Function],
[38;2;0;95;95m[48;2;215;255;255m+             "prepatch": [Function],
[38;2;0;95;95m[48;2;215;255;255m+           },
[38;2;0;95;95m[48;2;215;255;255m+           "on": undefined,
[38;2;0;95;95m[48;2;215;255;255m+           "pendingInsert": null,
[38;2;0;95;95m[48;2;215;255;255m+           "scopedSlots": Object {
[38;2;0;95;95m[48;2;215;255;255m+             "_normalized": Object {},
[38;2;0;95;95m[48;2;215;255;255m+           },
[38;2;0;95;95m[48;2;215;255;255m+         },
[38;2;0;95;95m[48;2;215;255;255m+         "elm": <div>
[38;2;0;95;95m[48;2;215;255;255m+           <b-dropdown
[38;2;0;95;95m[48;2;215;255;255m+             no-caret=""
[38;2;0;95;95m[48;2;215;255;255m+             right=""
[38;2;0;95;95m[48;2;215;255;255m+             size="lg"
[38;2;0;95;95m[48;2;215;255;255m+             variant="link"
[38;2;0;95;95m[48;2;215;255;255m+           >
[38;2;0;95;95m[48;2;215;255;255m+              
[38;2;0;95;95m[48;2;215;255;255m+             <b-dropdown-item>
[38;2;0;95;95m[48;2;215;255;255m+               <b-icon
[38;2;0;95;95m[48;2;215;255;255m+                 icon="door-open"
[38;2;0;95;95m[48;2;215;255;255m+               />
[38;2;0;95;95m[48;2;215;255;255m+               
[38;2;0;95;95m[48;2;215;255;255m+       回到主页
[38;2;0;95;95m[48;2;215;255;255m+     
[38;2;0;95;95m[48;2;215;255;255m+             </b-dropdown-item>
[38;2;0;95;95m[48;2;215;255;255m+              
[38;2;0;95;95m[48;2;215;255;255m+             <b-dropdown-item>
[38;2;0;95;95m[48;2;215;255;255m+               <b-icon
[38;2;0;95;95m[48;2;215;255;255m+                 icon="cursor-fill"
[38;2;0;95;95m[48;2;215;255;255m+               />
[38;2;0;95;95m[48;2;215;255;255m+               
[38;2;0;95;95m[48;2;215;255;255m+       注销用户
[38;2;0;95;95m[48;2;215;255;255m+     
[38;2;0;95;95m[48;2;215;255;255m+             </b-dropdown-item>
[38;2;0;95;95m[48;2;215;255;255m+           </b-dropdown>
[38;2;0;95;95m[48;2;215;255;255m+         </div>,
[38;2;0;95;95m[48;2;215;255;255m+         "fnContext": undefined,
[38;2;0;95;95m[48;2;215;255;255m+         "fnOptions": undefined,
[38;2;0;95;95m[48;2;215;255;255m+         "fnScopeId": undefined,
[38;2;0;95;95m[48;2;215;255;255m+         "isAsyncPlaceholder": false,
[38;2;0;95;95m[48;2;215;255;255m+         "isCloned": false,
[38;2;0;95;95m[48;2;215;255;255m+         "isComment": false,
[38;2;0;95;95m[48;2;215;255;255m+         "isOnce": false,
[38;2;0;95;95m[48;2;215;255;255m+         "isRootInsert": true,
[38;2;0;95;95m[48;2;215;255;255m+         "isStatic": false,
[38;2;0;95;95m[48;2;215;255;255m+         "key": undefined,
[38;2;0;95;95m[48;2;215;255;255m+         "ns": undefined,
[38;2;0;95;95m[48;2;215;255;255m+         "parent": undefined,
[38;2;0;95;95m[48;2;215;255;255m+         "raw": false,
[38;2;0;95;95m[48;2;215;255;255m+         "tag": "vue-component-1408-UserLogo",
[38;2;0;95;95m[48;2;215;255;255m+         "text": undefined,
[38;2;0;95;95m[48;2;215;255;255m+       },
[38;2;0;95;95m[48;2;215;255;255m+       "_renderChildren": undefined,
[38;2;0;95;95m[48;2;215;255;255m+       "parent": VueComponent {
[38;2;0;95;95m[48;2;215;255;255m+         "$attrs": Object {},
[38;2;0;95;95m[48;2;215;255;255m+         "$children": Array [
[38;2;0;95;95m[48;2;215;255;255m+           [Circular],
[38;2;0;95;95m[48;2;215;255;255m+         ],
[38;2;0;95;95m[48;2;215;255;255m+         "$createElement": [Function],
[38;2;0;95;95m[48;2;215;255;255m+         "$el": <div>
[38;2;0;95;95m[48;2;215;255;255m+           <b-dropdown
[38;2;0;95;95m[48;2;215;255;255m+             no-caret=""
[38;2;0;95;95m[48;2;215;255;255m+             right=""
[38;2;0;95;95m[48;2;215;255;255m+             size="lg"
[38;2;0;95;95m[48;2;215;255;255m+             variant="link"
[38;2;0;95;95m[48;2;215;255;255m+           >
[38;2;0;95;95m[48;2;215;255;255m+              
[38;2;0;95;95m[48;2;215;255;255m+             <b-dropdown-item>
[38;2;0;95;95m[48;2;215;255;255m+               <b-icon
[38;2;0;95;95m[48;2;215;255;255m+                 icon="door-open"
[38;2;0;95;95m[48;2;215;255;255m+               />
[38;2;0;95;95m[48;2;215;255;255m+               
[38;2;0;95;95m[48;2;215;255;255m+       回到主页
[38;2;0;95;95m[48;2;215;255;255m+     
[38;2;0;95;95m[48;2;215;255;255m+             </b-dropdown-item>
[38;2;0;95;95m[48;2;215;255;255m+              
[38;2;0;95;95m[48;2;215;255;255m+             <b-dropdown-item>
[38;2;0;95;95m[48;2;215;255;255m+               <b-icon
[38;2;0;95;95m[48;2;215;255;255m+                 icon="cursor-fill"
[38;2;0;95;95m[48;2;215;255;255m+               />
[38;2;0;95;95m[48;2;215;255;255m+               
[38;2;0;95;95m[48;2;215;255;255m+       注销用户
[38;2;0;95;95m[48;2;215;255;255m+     
[38;2;0;95;95m[48;2;215;255;255m+             </b-dropdown-item>
[38;2;0;95;95m[48;2;215;255;255m+           </b-dropdown>
[38;2;0;95;95m[48;2;215;255;255m+         </div>,
[38;2;0;95;95m[48;2;215;255;255m+         "$emit": [Function],
[38;2;0;95;95m[48;2;215;255;255m+         "$listeners": Object {},
[38;2;0;95;95m[48;2;215;255;255m+         "$options": Object {
[38;2;0;95;95m[48;2;215;255;255m+           "$_doNotStubChildren": true,
[38;2;0;95;95m[48;2;215;255;255m+           "$_isWrapperParent": true,
[38;2;0;95;95m[48;2;215;255;255m+           "_Ctor": Object {
[38;2;0;95;95m[48;2;215;255;255m+             "1404": [Function],
[38;2;0;95;95m[48;2;215;255;255m+           },
[38;2;0;95;95m[48;2;215;255;255m+           "_base": [Function],
[38;2;0;95;95m[48;2;215;255;255m+           "_installedPlugins": Array [
[38;2;0;95;95m[48;2;215;255;255m+             Object {
[38;2;0;95;95m[48;2;215;255;255m+               "install": [Function],
[38;2;0;95;95m[48;2;215;255;255m+             },
[38;2;0;95;95m[48;2;215;255;255m+             Object {
[38;2;0;95;95m[48;2;215;255;255m+               "install": [Function],
[38;2;0;95;95m[48;2;215;255;255m+             },
[38;2;0;95;95m[48;2;215;255;255m+             Object {
[38;2;0;95;95m[48;2;215;255;255m+               "install": [Function],
[38;2;0;95;95m[48;2;215;255;255m+             },
[38;2;0;95;95m[48;2;215;255;255m+             Object {
[38;2;0;95;95m[48;2;215;255;255m+               "install": [Function],
[38;2;0;95;95m[48;2;215;255;255m+             },
[38;2;0;95;95m[48;2;215;255;255m+             Object {
[38;2;0;95;95m[48;2;215;255;255m+               "install": [Function],
[38;2;0;95;95m[48;2;215;255;255m+             },
[38;2;0;95;95m[48;2;215;255;255m+             Object {
[38;2;0;95;95m[48;2;215;255;255m+               "install": [Function],
[38;2;0;95;95m[48;2;215;255;255m+             },
[38;2;0;95;95m[48;2;215;255;255m+             Object {
[38;2;0;95;95m[48;2;215;255;255m+               "install": [Function],
[38;2;0;95;95m[48;2;215;255;255m+             },
[38;2;0;95;95m[48;2;215;255;255m+             Object {
[38;2;0;95;95m[48;2;215;255;255m+               "install": [Function],
[38;2;0;95;95m[48;2;215;255;255m+             },
[38;2;0;95;95m[48;2;215;255;255m+             Object {
[38;2;0;95;95m[48;2;215;255;255m+               "install": [Function],
[38;2;0;95;95m[48;2;215;255;255m+             },
[38;2;0;95;95m[48;2;215;255;255m+             Object {
[38;2;0;95;95m[48;2;215;255;255m+               "install": [Function],
[38;2;0;95;95m[48;2;215;255;255m+             },
[38;2;0;95;95m[48;2;215;255;255m+             Object {
[38;2;0;95;95m[48;2;215;255;255m+               "install": [Function],
[38;2;0;95;95m[48;2;215;255;255m+             },
[38;2;0;95;95m[48;2;215;255;255m+             Object {
[38;2;0;95;95m[48;2;215;255;255m+               "install": [Function],
[38;2;0;95;95m[48;2;215;255;255m+             },
[38;2;0;95;95m[48;2;215;255;255m+             Object {
[38;2;0;95;95m[48;2;215;255;255m+               "install": [Function],
[38;2;0;95;95m[48;2;215;255;255m+             },
[38;2;0;95;95m[48;2;215;255;255m+             Object {
[38;2;0;95;95m[48;2;215;255;255m+               "install": [Function],
[38;2;0;95;95m[48;2;215;255;255m+             },
[38;2;0;95;95m[48;2;215;255;255m+             Object {
[38;2;0;95;95m[48;2;215;255;255m+               "install": [Function],
[38;2;0;95;95m[48;2;215;255;255m+             },
[38;2;0;95;95m[48;2;215;255;255m+             Object {
[38;2;0;95;95m[48;2;215;255;255m+               "install": [Function],
[38;2;0;95;95m[48;2;215;255;255m+             },
[38;2;0;95;95m[48;2;215;255;255m+             Object {
[38;2;0;95;95m[48;2;215;255;255m+               "install": [Function],
[38;2;0;95;95m[48;2;215;255;255m+             },
[38;2;0;95;95m[48;2;215;255;255m+             Object {
[38;2;0;95;95m[48;2;215;255;255m+               "install": [Function],
[38;2;0;95;95m[48;2;215;255;255m+             },
[38;2;0;95;95m[48;2;215;255;255m+             Object {
[38;2;0;95;95m[48;2;215;255;255m+               "install": [Function],
[38;2;0;95;95m[48;2;215;255;255m+             },
[38;2;0;95;95m[48;2;215;255;255m+             Object {
[38;2;0;95;95m[48;2;215;255;255m+               "install": [Function],
[38;2;0;95;95m[48;2;215;255;255m+             },
[38;2;0;95;95m[48;2;215;255;255m+             Object {
[38;2;0;95;95m[48;2;215;255;255m+               "install": [Function],
[38;2;0;95;95m[48;2;215;255;255m+             },
[38;2;0;95;95m[48;2;215;255;255m+             Object {
[38;2;0;95;95m[48;2;215;255;255m+               "install": [Function],
[38;2;0;95;95m[48;2;215;255;255m+             },
[38;2;0;95;95m[48;2;215;255;255m+             Object {
[38;2;0;95;95m[48;2;215;255;255m+               "install": [Function],
[38;2;0;95;95m[48;2;215;255;255m+             },
[38;2;0;95;95m[48;2;215;255;255m+             Object {
[38;2;0;95;95m[48;2;215;255;255m+               "install": [Function],
[38;2;0;95;95m[48;2;215;255;255m+             },
[38;2;0;95;95m[48;2;215;255;255m+             Object {
[38;2;0;95;95m[48;2;215;255;255m+               "install": [Function],
[38;2;0;95;95m[48;2;215;255;255m+             },
[38;2;0;95;95m[48;2;215;255;255m+             Object {
[38;2;0;95;95m[48;2;215;255;255m+               "install": [Function],
[38;2;0;95;95m[48;2;215;255;255m+             },
[38;2;0;95;95m[48;2;215;255;255m+             Object {
[38;2;0;95;95m[48;2;215;255;255m+               "install": [Function],
[38;2;0;95;95m[48;2;215;255;255m+             },
[38;2;0;95;95m[48;2;215;255;255m+             Object {
[38;2;0;95;95m[48;2;215;255;255m+               "install": [Function],
[38;2;0;95;95m[48;2;215;255;255m+             },
[38;2;0;95;95m[48;2;215;255;255m+             Object {
[38;2;0;95;95m[48;2;215;255;255m+               "install": [Function],
[38;2;0;95;95m[48;2;215;255;255m+             },
[38;2;0;95;95m[48;2;215;255;255m+             Object {
[38;2;0;95;95m[48;2;215;255;255m+               "install": [Function],
[38;2;0;95;95m[48;2;215;255;255m+             },
[38;2;0;95;95m[48;2;215;255;255m+             Object {
[38;2;0;95;95m[48;2;215;255;255m+               "install": [Function],
[38;2;0;95;95m[48;2;215;255;255m+             },
[38;2;0;95;95m[48;2;215;255;255m+             Object {
[38;2;0;95;95m[48;2;215;255;255m+               "install": [Function],
[38;2;0;95;95m[48;2;215;255;255m+             },
[38;2;0;95;95m[48;2;215;255;255m+             Object {
[38;2;0;95;95m[48;2;215;255;255m+               "install": [Function],
[38;2;0;95;95m[48;2;215;255;255m+             },
[38;2;0;95;95m[48;2;215;255;255m+             Object {
[38;2;0;95;95m[48;2;215;255;255m+               "install": [Function],
[38;2;0;95;95m[48;2;215;255;255m+             },
[38;2;0;95;95m[48;2;215;255;255m+             Object {
[38;2;0;95;95m[48;2;215;255;255m+               "install": [Function],
[38;2;0;95;95m[48;2;215;255;255m+             },
[38;2;0;95;95m[48;2;215;255;255m+             [Function],
[38;2;0;95;95m[48;2;215;255;255m+             Object {
[38;2;0;95;95m[48;2;215;255;255m+               "install": [Function],
[38;2;0;95;95m[48;2;215;255;255m+             },
[38;2;0;95;95m[48;2;215;255;255m+             Object {
[38;2;0;95;95m[48;2;215;255;255m+               "install": [Function],
[38;2;0;95;95m[48;2;215;255;255m+             },
[38;2;0;95;95m[48;2;215;255;255m+             Object {
[38;2;0;95;95m[48;2;215;255;255m+               "install": [Function],
[38;2;0;95;95m[48;2;215;255;255m+             },
[38;2;0;95;95m[48;2;215;255;255m+             Object {
[38;2;0;95;95m[48;2;215;255;255m+               "install": [Function],
[38;2;0;95;95m[48;2;215;255;255m+             },
[38;2;0;95;95m[48;2;215;255;255m+             Object {
[38;2;0;95;95m[48;2;215;255;255m+               "install": [Function],
[38;2;0;95;95m[48;2;215;255;255m+             },
[38;2;0;95;95m[48;2;215;255;255m+             Object {
[38;2;0;95;95m[48;2;215;255;255m+               "install": [Function],
[38;2;0;95;95m[48;2;215;255;255m+             },
[38;2;0;95;95m[48;2;215;255;255m+             Object {
[38;2;0;95;95m[48;2;215;255;255m+               "install": [Function],
[38;2;0;95;95m[48;2;215;255;255m+             },
[38;2;0;95;95m[48;2;215;255;255m+             Object {
[38;2;0;95;95m[48;2;215;255;255m+               "install": [Function],
[38;2;0;95;95m[48;2;215;255;255m+             },
[38;2;0;95;95m[48;2;215;255;255m+             Object {
[38;2;0;95;95m[48;2;215;255;255m+               "install": [Function],
[38;2;0;95;95m[48;2;215;255;255m+             },
[38;2;0;95;95m[48;2;215;255;255m+             Object {
[38;2;0;95;95m[48;2;215;255;255m+               "install": [Function],
[38;2;0;95;95m[48;2;215;255;255m+             },
[38;2;0;95;95m[48;2;215;255;255m+             Object {
[38;2;0;95;95m[48;2;215;255;255m+               "install": [Function],
[38;2;0;95;95m[48;2;215;255;255m+             },
[38;2;0;95;95m[48;2;215;255;255m+             Object {
[38;2;0;95;95m[48;2;215;255;255m+               "install": [Function],
[38;2;0;95;95m[48;2;215;255;255m+             },
[38;2;0;95;95m[48;2;215;255;255m+             Object {
[38;2;0;95;95m[48;2;215;255;255m+               "install": [Function],
[38;2;0;95;95m[48;2;215;255;255m+             },
[38;2;0;95;95m[48;2;215;255;255m+             Object {
[38;2;0;95;95m[48;2;215;255;255m+               "install": [Function],
[38;2;0;95;95m[48;2;215;255;255m+             },
[38;2;0;95;95m[48;2;215;255;255m+             Object {
[38;2;0;95;95m[48;2;215;255;255m+               "install": [Function],
[38;2;0;95;95m[48;2;215;255;255m+             },
[38;2;0;95;95m[48;2;215;255;255m+             Object {
[38;2;0;95;95m[48;2;215;255;255m+               "install": [Function],
[38;2;0;95;95m[48;2;215;255;255m+             },
[38;2;0;95;95m[48;2;215;255;255m+             Object {
[38;2;0;95;95m[48;2;215;255;255m+               "install": [Function],
[38;2;0;95;95m[48;2;215;255;255m+             },
[38;2;0;95;95m[48;2;215;255;255m+             Object {
[38;2;0;95;95m[48;2;215;255;255m+               "install": [Function],
[38;2;0;95;95m[48;2;215;255;255m+             },
[38;2;0;95;95m[48;2;215;255;255m+             [Function],
[38;2;0;95;95m[48;2;215;255;255m+             Object {
[38;2;0;95;95m[48;2;215;255;255m+               "install": [Function],
[38;2;0;95;95m[48;2;215;255;255m+             },
[38;2;0;95;95m[48;2;215;255;255m+             Object {
[38;2;0;95;95m[48;2;215;255;255m+               "install": [Function],
[38;2;0;95;95m[48;2;215;255;255m+             },
[38;2;0;95;95m[48;2;215;255;255m+             Object {
[38;2;0;95;95m[48;2;215;255;255m+               "install": [Function],
[38;2;0;95;95m[48;2;215;255;255m+             },
[38;2;0;95;95m[48;2;215;255;255m+             Object {
[38;2;0;95;95m[48;2;215;255;255m+               "install": [Function],
[38;2;0;95;95m[48;2;215;255;255m+             },
[38;2;0;95;95m[48;2;215;255;255m+             Object {
[38;2;0;95;95m[48;2;215;255;255m+               "install": [Function],
[38;2;0;95;95m[48;2;215;255;255m+             },
[38;2;0;95;95m[48;2;215;255;255m+             Object {
[38;2;0;95;95m[48;2;215;255;255m+               "install": [Function],
[38;2;0;95;95m[48;2;215;255;255m+             },
[38;2;0;95;95m[48;2;215;255;255m+             Object {
[38;2;0;95;95m[48;2;215;255;255m+               "install": [Function],
[38;2;0;95;95m[48;2;215;255;255m+             },
[38;2;0;95;95m[48;2;215;255;255m+             Object {
[38;2;0;95;95m[48;2;215;255;255m+               "install": [Function],
[38;2;0;95;95m[48;2;215;255;255m+             },
[38;2;0;95;95m[48;2;215;255;255m+             Object {
[38;2;0;95;95m[48;2;215;255;255m+               "install": [Function],
[38;2;0;95;95m[48;2;215;255;255m+             },
[38;2;0;95;95m[48;2;215;255;255m+             Object {
[38;2;0;95;95m[48;2;215;255;255m+               "install": [Function],
[38;2;0;95;95m[48;2;215;255;255m+             },
[38;2;0;95;95m[48;2;215;255;255m+             Object {
[38;2;0;95;95m[48;2;215;255;255m+               "NAME": "BootstrapVue",
[38;2;0;95;95m[48;2;215;255;255m+               "install": [Function],
[38;2;0;95;95m[48;2;215;255;255m+             },
[38;2;0;95;95m[48;2;215;255;255m+           ],
[38;2;0;95;95m[48;2;215;255;255m+           "_isFunctionalContainer": undefined,
[38;2;0;95;95m[48;2;215;255;255m+           "beforeCreate": Array [
[38;2;0;95;95m[48;2;215;255;255m+             [Function],
[38;2;0;95;95m[48;2;215;255;255m+             [Function],
[38;2;0;95;95m[48;2;215;255;255m+             [Function],
[38;2;0;95;95m[48;2;215;255;255m+           ],
[38;2;0;95;95m[48;2;215;255;255m+           "cid": 1398,
[38;2;0;95;95m[48;2;215;255;255m+           "component": [Function],
[38;2;0;95;95m[48;2;215;255;255m+           "components": Object {
[38;2;0;95;95m[48;2;215;255;255m+             "transition": Object {
[38;2;0;95;95m[48;2;215;255;255m+               "$_doNotStubChildren": true,
[38;2;0;95;95m[48;2;215;255;255m+               "$_vueTestUtils_original": Object {
[38;2;0;95;95m[48;2;215;255;255m+                 "_Ctor": Object {
[38;2;0;95;95m[48;2;215;255;255m+                   "1404": [Function],
[38;2;0;95;95m[48;2;215;255;255m+                 },
[38;2;0;95;95m[48;2;215;255;255m+                 "abstract": true,
[38;2;0;95;95m[48;2;215;255;255m+                 "name": "transition",
[38;2;0;95;95m[48;2;215;255;255m+                 "props": Object {
[38;2;0;95;95m[48;2;215;255;255m+                   "appear": Object {
[38;2;0;95;95m[48;2;215;255;255m+                     "type": [Function],
[38;2;0;95;95m[48;2;215;255;255m+                   },
[38;2;0;95;95m[48;2;215;255;255m+                   "appearActiveClass": Object {
[38;2;0;95;95m[48;2;215;255;255m+                     "type": [Function],
[38;2;0;95;95m[48;2;215;255;255m+                   },
[38;2;0;95;95m[48;2;215;255;255m+                   "appearClass": Object {
[38;2;0;95;95m[48;2;215;255;255m+                     "type": [Function],
[38;2;0;95;95m[48;2;215;255;255m+                   },
[38;2;0;95;95m[48;2;215;255;255m+                   "appearToClass": Object {
[38;2;0;95;95m[48;2;215;255;255m+                     "type": [Function],
[38;2;0;95;95m[48;2;215;255;255m+                   },
[38;2;0;95;95m[48;2;215;255;255m+                   "css": Object {
[38;2;0;95;95m[48;2;215;255;255m+                     "type": [Function],
[38;2;0;95;95m[48;2;215;255;255m+                   },
[38;2;0;95;95m[48;2;215;255;255m+                   "duration": Object {
[38;2;0;95;95m[48;2;215;255;255m+                     "type": Array [
[38;2;0;95;95m[48;2;215;255;255m+                       [Function],
[38;2;0;95;95m[48;2;215;255;255m+                       [Function],
[38;2;0;95;95m[48;2;215;255;255m+                       [Function],
[38;2;0;95;95m[48;2;215;255;255m+                     ],
[38;2;0;95;95m[48;2;215;255;255m+                   },
[38;2;0;95;95m[48;2;215;255;255m+                   "enterActiveClass": Object {
[38;2;0;95;95m[48;2;215;255;255m+                     "type": [Function],
[38;2;0;95;95m[48;2;215;255;255m+                   },
[38;2;0;95;95m[48;2;215;255;255m+                   "enterClass": Object {
[38;2;0;95;95m[48;2;215;255;255m+                     "type": [Function],
[38;2;0;95;95m[48;2;215;255;255m+                   },
[38;2;0;95;95m[48;2;215;255;255m+                   "enterToClass": Object {
[38;2;0;95;95m[48;2;215;255;255m+                     "type": [Function],
[38;2;0;95;95m[48;2;215;255;255m+                   },
[38;2;0;95;95m[48;2;215;255;255m+                   "leaveActiveClass": Object {
[38;2;0;95;95m[48;2;215;255;255m+                     "type": [Function],
[38;2;0;95;95m[48;2;215;255;255m+                   },
[38;2;0;95;95m[48;2;215;255;255m+                   "leaveClass": Object {
[38;2;0;95;95m[48;2;215;255;255m+                     "type": [Function],
[38;2;0;95;95m[48;2;215;255;255m+                   },
[38;2;0;95;95m[48;2;215;255;255m+                   "leaveToClass": Object {
[38;2;0;95;95m[48;2;215;255;255m+                     "type": [Function],
[38;2;0;95;95m[48;2;215;255;255m+                   },
[38;2;0;95;95m[48;2;215;255;255m+                   "mode": Object {
[38;2;0;95;95m[48;2;215;255;255m+                     "type": [Function],
[38;2;0;95;95m[48;2;215;255;255m+                   },
[38;2;0;95;95m[48;2;215;255;255m+                   "name": Object {
[38;2;0;95;95m[48;2;215;255;255m+                     "type": [Function],
[38;2;0;95;95m[48;2;215;255;255m+                   },
[38;2;0;95;95m[48;2;215;255;255m+                   "type": Object {
[38;2;0;95;95m[48;2;215;255;255m+                     "type": [Function],
[38;2;0;95;95m[48;2;215;255;255m+                   },
[38;2;0;95;95m[48;2;215;255;255m+                 },
[38;2;0;95;95m[48;2;215;255;255m+                 "render": [Function],
[38;2;0;95;95m[48;2;215;255;255m+               },
[38;2;0;95;95m[48;2;215;255;255m+               "abstract": true,
[38;2;0;95;95m[48;2;215;255;255m+               "attrs": undefined,
[38;2;0;95;95m[48;2;215;255;255m+               "class": undefined,
[38;2;0;95;95m[48;2;215;255;255m+               "domProps": undefined,
[38;2;0;95;95m[48;2;215;255;255m+               "functional": undefined,
[38;2;0;95;95m[48;2;215;255;255m+               "key": undefined,
[38;2;0;95;95m[48;2;215;255;255m+               "model": undefined,
[38;2;0;95;95m[48;2;215;255;255m+               "name": "transition",
[38;2;0;95;95m[48;2;215;255;255m+               "nativeOn": undefined,
[38;2;0;95;95m[48;2;215;255;255m+               "normalizedStyle": undefined,
[38;2;0;95;95m[48;2;215;255;255m+               "on": undefined,
[38;2;0;95;95m[48;2;215;255;255m+               "props": Object {
[38;2;0;95;95m[48;2;215;255;255m+                 "appear": Object {
[38;2;0;95;95m[48;2;215;255;255m+                   "type": [Function],
[38;2;0;95;95m[48;2;215;255;255m+                 },
[38;2;0;95;95m[48;2;215;255;255m+                 "appearActiveClass": Object {
[38;2;0;95;95m[48;2;215;255;255m+                   "type": [Function],
[38;2;0;95;95m[48;2;215;255;255m+                 },
[38;2;0;95;95m[48;2;215;255;255m+                 "appearClass": Object {
[38;2;0;95;95m[48;2;215;255;255m+                   "type": [Function],
[38;2;0;95;95m[48;2;215;255;255m+                 },
[38;2;0;95;95m[48;2;215;255;255m+                 "appearToClass": Object {
[38;2;0;95;95m[48;2;215;255;255m+                   "type": [Function],
[38;2;0;95;95m[48;2;215;255;255m+                 },
[38;2;0;95;95m[48;2;215;255;255m+                 "css": Object {
[38;2;0;95;95m[48;2;215;255;255m+                   "type": [Function],
[38;2;0;95;95m[48;2;215;255;255m+                 },
[38;2;0;95;95m[48;2;215;255;255m+                 "duration": Object {
[38;2;0;95;95m[48;2;215;255;255m+                   "type": Array [
[38;2;0;95;95m[48;2;215;255;255m+                     [Function],
[38;2;0;95;95m[48;2;215;255;255m+                     [Function],
[38;2;0;95;95m[48;2;215;255;255m+                     [Function],
[38;2;0;95;95m[48;2;215;255;255m+                   ],
[38;2;0;95;95m[48;2;215;255;255m+                 },
[38;2;0;95;95m[48;2;215;255;255m+                 "enterActiveClass": Object {
[38;2;0;95;95m[48;2;215;255;255m+                   "type": [Function],
[38;2;0;95;95m[48;2;215;255;255m+                 },
[38;2;0;95;95m[48;2;215;255;255m+                 "enterClass": Object {
[38;2;0;95;95m[48;2;215;255;255m+                   "type": [Function],
[38;2;0;95;95m[48;2;215;255;255m+                 },
[38;2;0;95;95m[48;2;215;255;255m+                 "enterToClass": Object {
[38;2;0;95;95m[48;2;215;255;255m+                   "type": [Function],
[38;2;0;95;95m[48;2;215;255;255m+                 },
[38;2;0;95;95m[48;2;215;255;255m+                 "leaveActiveClass": Object {
[38;2;0;95;95m[48;2;215;255;255m+                   "type": [Function],
[38;2;0;95;95m[48;2;215;255;255m+                 },
[38;2;0;95;95m[48;2;215;255;255m+                 "leaveClass": Object {
[38;2;0;95;95m[48;2;215;255;255m+                   "type": [Function],
[38;2;0;95;95m[48;2;215;255;255m+                 },
[38;2;0;95;95m[48;2;215;255;255m+                 "leaveToClass": Object {
[38;2;0;95;95m[48;2;215;255;255m+                   "type": [Function],
[38;2;0;95;95m[48;2;215;255;255m+                 },
[38;2;0;95;95m[48;2;215;255;255m+                 "mode": Object {
[38;2;0;95;95m[48;2;215;255;255m+                   "type": [Function],
[38;2;0;95;95m[48;2;215;255;255m+                 },
[38;2;0;95;95m[48;2;215;255;255m+                 "name": Object {
[38;2;0;95;95m[48;2;215;255;255m+                   "type": [Function],
[38;2;0;95;95m[48;2;215;255;255m+                 },
[38;2;0;95;95m[48;2;215;255;255m+                 "type": Object {
[38;2;0;95;95m[48;2;215;255;255m+                   "type": [Function],
[38;2;0;95;95m[48;2;215;255;255m+                 },
[38;2;0;95;95m[48;2;215;255;255m+               },
[38;2;0;95;95m[48;2;215;255;255m+               "render": [Function],
[38;2;0;95;95m[48;2;215;255;255m+               "staticClass": undefined,
[38;2;0;95;95m[48;2;215;255;255m+               "staticStyle": undefined,
[38;2;0;95;95m[48;2;215;255;255m+               "style": undefined,
[38;2;0;95;95m[48;2;215;255;255m+             },
[38;2;0;95;95m[48;2;215;255;255m+             "transition-group": Object {
[38;2;0;95;95m[48;2;215;255;255m+               "$_doNotStubChildren": true,
[38;2;0;95;95m[48;2;215;255;255m+               "$_vueTestUtils_original": Object {
[38;2;0;95;95m[48;2;215;255;255m+                 "_Ctor": Object {
[38;2;0;95;95m[48;2;215;255;255m+                   "1404": [Function],
[38;2;0;95;95m[48;2;215;255;255m+                 },
[38;2;0;95;95m[48;2;215;255;255m+                 "beforeMount": [Function],
[38;2;0;95;95m[48;2;215;255;255m+                 "methods": Object {
[38;2;0;95;95m[48;2;215;255;255m+                   "hasMove": [Function],
[38;2;0;95;95m[48;2;215;255;255m+                 },
[38;2;0;95;95m[48;2;215;255;255m+                 "props": Object {
[38;2;0;95;95m[48;2;215;255;255m+                   "appear": Object {
[38;2;0;95;95m[48;2;215;255;255m+                     "type": [Function],
[38;2;0;95;95m[48;2;215;255;255m+                   },
[38;2;0;95;95m[48;2;215;255;255m+                   "appearActiveClass": Object {
[38;2;0;95;95m[48;2;215;255;255m+                     "type": [Function],
[38;2;0;95;95m[48;2;215;255;255m+                   },
[38;2;0;95;95m[48;2;215;255;255m+                   "appearClass": Object {
[38;2;0;95;95m[48;2;215;255;255m+                     "type": [Function],
[38;2;0;95;95m[48;2;215;255;255m+                   },
[38;2;0;95;95m[48;2;215;255;255m+                   "appearToClass": Object {
[38;2;0;95;95m[48;2;215;255;255m+                     "type": [Function],
[38;2;0;95;95m[48;2;215;255;255m+                   },
[38;2;0;95;95m[48;2;215;255;255m+                   "css": Object {
[38;2;0;95;95m[48;2;215;255;255m+                     "type": [Function],
[38;2;0;95;95m[48;2;215;255;255m+                   },
[38;2;0;95;95m[48;2;215;255;255m+                   "duration": Object {
[38;2;0;95;95m[48;2;215;255;255m+                     "type": Array [
[38;2;0;95;95m[48;2;215;255;255m+                       [Function],
[38;2;0;95;95m[48;2;215;255;255m+                       [Function],
[38;2;0;95;95m[48;2;215;255;255m+                       [Function],
[38;2;0;95;95m[48;2;215;255;255m+                     ],
[38;2;0;95;95m[48;2;215;255;255m+                   },
[38;2;0;95;95m[48;2;215;255;255m+                   "enterActiveClass": Object {
[38;2;0;95;95m[48;2;215;255;255m+                     "type": [Function],
[38;2;0;95;95m[48;2;215;255;255m+                   },
[38;2;0;95;95m[48;2;215;255;255m+                   "enterClass": Object {
[38;2;0;95;95m[48;2;215;255;255m+                     "type": [Function],
[38;2;0;95;95m[48;2;215;255;255m+                   },
[38;2;0;95;95m[48;2;215;255;255m+                   "enterToClass": Object {
[38;2;0;95;95m[48;2;215;255;255m+                     "type": [Function],
[38;2;0;95;95m[48;2;215;255;255m+                   },
[38;2;0;95;95m[48;2;215;255;255m+                   "leaveActiveClass": Object {
[38;2;0;95;95m[48;2;215;255;255m+                     "type": [Function],
[38;2;0;95;95m[48;2;215;255;255m+                   },
[38;2;0;95;95m[48;2;215;255;255m+                   "leaveClass": Object {
[38;2;0;95;95m[48;2;215;255;255m+                     "type": [Function],
[38;2;0;95;95m[48;2;215;255;255m+                   },
[38;2;0;95;95m[48;2;215;255;255m+                   "leaveToClass": Object {
[38;2;0;95;95m[48;2;215;255;255m+                     "type": [Function],
[38;2;0;95;95m[48;2;215;255;255m+                   },
[38;2;0;95;95m[48;2;215;255;255m+                   "moveClass": Object {
[38;2;0;95;95m[48;2;215;255;255m+                     "type": [Function],
[38;2;0;95;95m[48;2;215;255;255m+                   },
[38;2;0;95;95m[48;2;215;255;255m+                   "name": Object {
[38;2;0;95;95m[48;2;215;255;255m+                     "type": [Function],
[38;2;0;95;95m[48;2;215;255;255m+                   },
[38;2;0;95;95m[48;2;215;255;255m+                   "tag": Object {
[38;2;0;95;95m[48;2;215;255;255m+                     "type": [Function],
[38;2;0;95;95m[48;2;215;255;255m+                   },
[38;2;0;95;95m[48;2;215;255;255m+                   "type": Object {
[38;2;0;95;95m[48;2;215;255;255m+                     "type": [Function],
[38;2;0;95;95m[48;2;215;255;255m+                   },
[38;2;0;95;95m[48;2;215;255;255m+                 },
[38;2;0;95;95m[48;2;215;255;255m+                 "render": [Function],
[38;2;0;95;95m[48;2;215;255;255m+                 "updated": [Function],
[38;2;0;95;95m[48;2;215;255;255m+               },
[38;2;0;95;95m[48;2;215;255;255m+               "abstract": undefined,
[38;2;0;95;95m[48;2;215;255;255m+               "attrs": undefined,
[38;2;0;95;95m[48;2;215;255;255m+               "class": undefined,
[38;2;0;95;95m[48;2;215;255;255m+               "domProps": undefined,
[38;2;0;95;95m[48;2;215;255;255m+               "functional": undefined,
[38;2;0;95;95m[48;2;215;255;255m+               "key": undefined,
[38;2;0;95;95m[48;2;215;255;255m+               "model": undefined,
[38;2;0;95;95m[48;2;215;255;255m+               "name": undefined,
[38;2;0;95;95m[48;2;215;255;255m+               "nativeOn": undefined,
[38;2;0;95;95m[48;2;215;255;255m+               "normalizedStyle": undefined,
[38;2;0;95;95m[48;2;215;255;255m+               "on": undefined,
[38;2;0;95;95m[48;2;215;255;255m+               "props": Object {
[38;2;0;95;95m[48;2;215;255;255m+                 "appear": Object {
[38;2;0;95;95m[48;2;215;255;255m+                   "type": [Function],
[38;2;0;95;95m[48;2;215;255;255m+                 },
[38;2;0;95;95m[48;2;215;255;255m+                 "appearActiveClass": Object {
[38;2;0;95;95m[48;2;215;255;255m+                   "type": [Function],
[38;2;0;95;95m[48;2;215;255;255m+                 },
[38;2;0;95;95m[48;2;215;255;255m+                 "appearClass": Object {
[38;2;0;95;95m[48;2;215;255;255m+                   "type": [Function],
[38;2;0;95;95m[48;2;215;255;255m+                 },
[38;2;0;95;95m[48;2;215;255;255m+                 "appearToClass": Object {
[38;2;0;95;95m[48;2;215;255;255m+                   "type": [Function],
[38;2;0;95;95m[48;2;215;255;255m+                 },
[38;2;0;95;95m[48;2;215;255;255m+                 "css": Object {
[38;2;0;95;95m[48;2;215;255;255m+                   "type": [Function],
[38;2;0;95;95m[48;2;215;255;255m+                 },
[38;2;0;95;95m[48;2;215;255;255m+                 "duration": Object {
[38;2;0;95;95m[48;2;215;255;255m+                   "type": Array [
[38;2;0;95;95m[48;2;215;255;255m+                     [Function],
[38;2;0;95;95m[48;2;215;255;255m+                     [Function],
[38;2;0;95;95m[48;2;215;255;255m+                     [Function],
[38;2;0;95;95m[48;2;215;255;255m+                   ],
[38;2;0;95;95m[48;2;215;255;255m+                 },
[38;2;0;95;95m[48;2;215;255;255m+                 "enterActiveClass": Object {
[38;2;0;95;95m[48;2;215;255;255m+                   "type": [Function],
[38;2;0;95;95m[48;2;215;255;255m+                 },
[38;2;0;95;95m[48;2;215;255;255m+                 "enterClass": Object {
[38;2;0;95;95m[48;2;215;255;255m+                   "type": [Function],
[38;2;0;95;95m[48;2;215;255;255m+                 },
[38;2;0;95;95m[48;2;215;255;255m+                 "enterToClass": Object {
[38;2;0;95;95m[48;2;215;255;255m+                   "type": [Function],
[38;2;0;95;95m[48;2;215;255;255m+                 },
[38;2;0;95;95m[48;2;215;255;255m+                 "leaveActiveClass": Object {
[38;2;0;95;95m[48;2;215;255;255m+                   "type": [Function],
[38;2;0;95;95m[48;2;215;255;255m+                 },
[38;2;0;95;95m[48;2;215;255;255m+                 "leaveClass": Object {
[38;2;0;95;95m[48;2;215;255;255m+                   "type": [Function],
[38;2;0;95;95m[48;2;215;255;255m+                 },
[38;2;0;95;95m[48;2;215;255;255m+                 "leaveToClass": Object {
[38;2;0;95;95m[48;2;215;255;255m+                   "type": [Function],
[38;2;0;95;95m[48;2;215;255;255m+                 },
[38;2;0;95;95m[48;2;215;255;255m+                 "moveClass": Object {
[38;2;0;95;95m[48;2;215;255;255m+                   "type": [Function],
[38;2;0;95;95m[48;2;215;255;255m+                 },
[38;2;0;95;95m[48;2;215;255;255m+                 "name": Object {
[38;2;0;95;95m[48;2;215;255;255m+                   "type": [Function],
[38;2;0;95;95m[48;2;215;255;255m+                 },
[38;2;0;95;95m[48;2;215;255;255m+                 "tag": Object {
[38;2;0;95;95m[48;2;215;255;255m+                   "type": [Function],
[38;2;0;95;95m[48;2;215;255;255m+                 },
[38;2;0;95;95m[48;2;215;255;255m+                 "type": Object {
[38;2;0;95;95m[48;2;215;255;255m+                   "type": [Function],
[38;2;0;95;95m[48;2;215;255;255m+                 },
[38;2;0;95;95m[48;2;215;255;255m+               },
[38;2;0;95;95m[48;2;215;255;255m+               "render": [Function],
[38;2;0;95;95m[48;2;215;255;255m+               "staticClass": undefined,
[38;2;0;95;95m[48;2;215;255;255m+               "staticStyle": undefined,
[38;2;0;95;95m[48;2;215;255;255m+               "style": undefined,
[38;2;0;95;95m[48;2;215;255;255m+             },
[38;2;0;95;95m[48;2;215;255;255m+           },
[38;2;0;95;95m[48;2;215;255;255m+           "config": Object {
[38;2;0;95;95m[48;2;215;255;255m+             "_lifecycleHooks": Array [
[38;2;0;95;95m[48;2;215;255;255m+               "beforeCreate",
[38;2;0;95;95m[48;2;215;255;255m+               "created",
[38;2;0;95;95m[48;2;215;255;255m+               "beforeMount",
[38;2;0;95;95m[48;2;215;255;255m+               "mounted",
[38;2;0;95;95m[48;2;215;255;255m+               "beforeUpdate",
[38;2;0;95;95m[48;2;215;255;255m+               "updated",
[38;2;0;95;95m[48;2;215;255;255m+               "beforeDestroy",
[38;2;0;95;95m[48;2;215;255;255m+               "destroyed",
[38;2;0;95;95m[48;2;215;255;255m+               "activated",
[38;2;0;95;95m[48;2;215;255;255m+               "deactivated",
[38;2;0;95;95m[48;2;215;255;255m+               "errorCaptured",
[38;2;0;95;95m[48;2;215;255;255m+               "serverPrefetch",
[38;2;0;95;95m[48;2;215;255;255m+             ],
[38;2;0;95;95m[48;2;215;255;255m+             "async": true,
[38;2;0;95;95m[48;2;215;255;255m+             "devtools": false,
[38;2;0;95;95m[48;2;215;255;255m+             "errorHandler": undefined,
[38;2;0;95;95m[48;2;215;255;255m+             "getTagNamespace": [Function],
[38;2;0;95;95m[48;2;215;255;255m+             "ignoredElements": Array [],
[38;2;0;95;95m[48;2;215;255;255m+             "isReservedAttr": [Function],
[38;2;0;95;95m[48;2;215;255;255m+             "isReservedTag": [Function],
[38;2;0;95;95m[48;2;215;255;255m+             "isUnknownElement": [Function],
[38;2;0;95;95m[48;2;215;255;255m+             "keyCodes": Object {},
[38;2;0;95;95m[48;2;215;255;255m+             "mustUseProp": [Function],
[38;2;0;95;95m[48;2;215;255;255m+             "optionMergeStrategies": Object {
[38;2;0;95;95m[48;2;215;255;255m+               "activated": [Function],
[38;2;0;95;95m[48;2;215;255;255m+               "beforeCreate": [Function],
[38;2;0;95;95m[48;2;215;255;255m+               "beforeDestroy": [Function],
[38;2;0;95;95m[48;2;215;255;255m+               "beforeMount": [Function],
[38;2;0;95;95m[48;2;215;255;255m+               "beforeUpdate": [Function],
[38;2;0;95;95m[48;2;215;255;255m+               "components": [Function],
[38;2;0;95;95m[48;2;215;255;255m+               "computed": [Function],
[38;2;0;95;95m[48;2;215;255;255m+               "created": [Function],
[38;2;0;95;95m[48;2;215;255;255m+               "data": [Function],
[38;2;0;95;95m[48;2;215;255;255m+               "deactivated": [Function],
[38;2;0;95;95m[48;2;215;255;255m+               "destroyed": [Function],
[38;2;0;95;95m[48;2;215;255;255m+               "directives": [Function],
[38;2;0;95;95m[48;2;215;255;255m+               "el": [Function],
[38;2;0;95;95m[48;2;215;255;255m+               "errorCaptured": [Function],
[38;2;0;95;95m[48;2;215;255;255m+               "filters": [Function],
[38;2;0;95;95m[48;2;215;255;255m+               "inject": [Function],
[38;2;0;95;95m[48;2;215;255;255m+               "methods": [Function],
[38;2;0;95;95m[48;2;215;255;255m+               "mounted": [Function],
[38;2;0;95;95m[48;2;215;255;255m+               "props": [Function],
[38;2;0;95;95m[48;2;215;255;255m+               "propsData": [Function],
[38;2;0;95;95m[48;2;215;255;255m+               "provide": [Function],
[38;2;0;95;95m[48;2;215;255;255m+               "serverPrefetch": [Function],
[38;2;0;95;95m[48;2;215;255;255m+               "updated": [Function],
[38;2;0;95;95m[48;2;215;255;255m+               "watch": [Function],
[38;2;0;95;95m[48;2;215;255;255m+             },
[38;2;0;95;95m[48;2;215;255;255m+             "parsePlatformTagName": [Function],
[38;2;0;95;95m[48;2;215;255;255m+             "performance": false,
[38;2;0;95;95m[48;2;215;255;255m+             "productionTip": false,
[38;2;0;95;95m[48;2;215;255;255m+             "silent": false,
[38;2;0;95;95m[48;2;215;255;255m+             "warnHandler": null,
[38;2;0;95;95m[48;2;215;255;255m+           },
[38;2;0;95;95m[48;2;215;255;255m+           "data": [Function],
[38;2;0;95;95m[48;2;215;255;255m+           "delete": [Function],
[38;2;0;95;95m[48;2;215;255;255m+           "directive": [Function],
[38;2;0;95;95m[48;2;215;255;255m+           "directives": Object {},
[38;2;0;95;95m[48;2;215;255;255m+           "extend": [Function],
[38;2;0;95;95m[48;2;215;255;255m+           "extendOptions": Object {
[38;2;0;95;95m[48;2;215;255;255m+             "_Ctor": Object {
[38;2;0;95;95m[48;2;215;255;255m+               "0": [Function],
[38;2;0;95;95m[48;2;215;255;255m+             },
[38;2;0;95;95m[48;2;215;255;255m+           },
[38;2;0;95;95m[48;2;215;255;255m+           "filter": [Function],
[38;2;0;95;95m[48;2;215;255;255m+           "filters": Object {},
[38;2;0;95;95m[48;2;215;255;255m+           "methods": undefined,
[38;2;0;95;95m[48;2;215;255;255m+           "mixin": [Function],
[38;2;0;95;95m[48;2;215;255;255m+           "mocks": undefined,
[38;2;0;95;95m[48;2;215;255;255m+           "nextTick": [Function],
[38;2;0;95;95m[48;2;215;255;255m+           "observable": [Function],
[38;2;0;95;95m[48;2;215;255;255m+           "options": Object {
[38;2;0;95;95m[48;2;215;255;255m+             "_Ctor": Object {
[38;2;0;95;95m[48;2;215;255;255m+               "0": [Function],
[38;2;0;95;95m[48;2;215;255;255m+             },
[38;2;0;95;95m[48;2;215;255;255m+             "_base": [Function],
[38;2;0;95;95m[48;2;215;255;255m+             "beforeCreate": Array [
[38;2;0;95;95m[48;2;215;255;255m+               [Function],
[38;2;0;95;95m[48;2;215;255;255m+               [Function],
[38;2;0;95;95m[48;2;215;255;255m+             ],
[38;2;0;95;95m[48;2;215;255;255m+             "components": Object {
[38;2;0;95;95m[48;2;215;255;255m+               "BTooltip": [Function],
[38;2;0;95;95m[48;2;215;255;255m+             },
[38;2;0;95;95m[48;2;215;255;255m+             "directives": Object {
[38;2;0;95;95m[48;2;215;255;255m+               "BHover": Object {
[38;2;0;95;95m[48;2;215;255;255m+                 "bind": [Function],
[38;2;0;95;95m[48;2;215;255;255m+                 "componentUpdated": [Function],
[38;2;0;95;95m[48;2;215;255;255m+                 "unbind": [Function],
[38;2;0;95;95m[48;2;215;255;255m+               },
[38;2;0;95;95m[48;2;215;255;255m+               "BModal": Object {
[38;2;0;95;95m[48;2;215;255;255m+                 "componentUpdated": [Function],
[38;2;0;95;95m[48;2;215;255;255m+                 "inserted": [Function],
[38;2;0;95;95m[48;2;215;255;255m+                 "unbind": [Function],
[38;2;0;95;95m[48;2;215;255;255m+                 "updated": [Function],
[38;2;0;95;95m[48;2;215;255;255m+               },
[38;2;0;95;95m[48;2;215;255;255m+               "BScrollspy": Object {
[38;2;0;95;95m[48;2;215;255;255m+                 "bind": [Function],
[38;2;0;95;95m[48;2;215;255;255m+                 "componentUpdated": [Function],
[38;2;0;95;95m[48;2;215;255;255m+                 "inserted": [Function],
[38;2;0;95;95m[48;2;215;255;255m+                 "unbind": [Function],
[38;2;0;95;95m[48;2;215;255;255m+                 "update": [Function],
[38;2;0;95;95m[48;2;215;255;255m+               },
[38;2;0;95;95m[48;2;215;255;255m+               "BTooltip": Object {
[38;2;0;95;95m[48;2;215;255;255m+                 "bind": [Function],
[38;2;0;95;95m[48;2;215;255;255m+                 "componentUpdated": [Function],
[38;2;0;95;95m[48;2;215;255;255m+                 "unbind": [Function],
[38;2;0;95;95m[48;2;215;255;255m+               },
[38;2;0;95;95m[48;2;215;255;255m+               "BVisible": Object {
[38;2;0;95;95m[48;2;215;255;255m+                 "bind": [Function],
[38;2;0;95;95m[48;2;215;255;255m+                 "componentUpdated": [Function],
[38;2;0;95;95m[48;2;215;255;255m+                 "unbind": [Function],
[38;2;0;95;95m[48;2;215;255;255m+               },
[38;2;0;95;95m[48;2;215;255;255m+             },
[38;2;0;95;95m[48;2;215;255;255m+             "filters": Object {},
[38;2;0;95;95m[48;2;215;255;255m+           },
[38;2;0;95;95m[48;2;215;255;255m+           "provide": [Function],
[38;2;0;95;95m[48;2;215;255;255m+           "render": [Function],
[38;2;0;95;95m[48;2;215;255;255m+           "sealedOptions": Object {
[38;2;0;95;95m[48;2;215;255;255m+             "_Ctor": Object {
[38;2;0;95;95m[48;2;215;255;255m+               "0": [Function],
[38;2;0;95;95m[48;2;215;255;255m+             },
[38;2;0;95;95m[48;2;215;255;255m+             "_base": [Function],
[38;2;0;95;95m[48;2;215;255;255m+             "components": Object {
[38;2;0;95;95m[48;2;215;255;255m+               "BAlert": [Function],
[38;2;0;95;95m[48;2;215;255;255m+               "BAspect": [Function],
[38;2;0;95;95m[48;2;215;255;255m+               "BAvatar": [Function],
[38;2;0;95;95m[48;2;215;255;255m+               "BAvatarGroup": [Function],
[38;2;0;95;95m[48;2;215;255;255m+               "BBadge": [Function],
[38;2;0;95;95m[48;2;215;255;255m+               "BBreadcrumb": [Function],
[38;2;0;95;95m[48;2;215;255;255m+               "BBreadcrumbItem": [Function],
[38;2;0;95;95m[48;2;215;255;255m+               "BBreadcrumbLink": [Function],
[38;2;0;95;95m[48;2;215;255;255m+               "BBtn": [Function],
[38;2;0;95;95m[48;2;215;255;255m+               "BBtnClose": [Function],
[38;2;0;95;95m[48;2;215;255;255m+               "BBtnGroup": [Function],
[38;2;0;95;95m[48;2;215;255;255m+               "BBtnToolbar": [Function],
[38;2;0;95;95m[48;2;215;255;255m+               "BButton": [Function],
[38;2;0;95;95m[48;2;215;255;255m+               "BButtonClose": [Function],
[38;2;0;95;95m[48;2;215;255;255m+               "BButtonGroup": [Function],
[38;2;0;95;95m[48;2;215;255;255m+               "BButtonToolbar": [Function],
[38;2;0;95;95m[48;2;215;255;255m+               "BCalendar": [Function],
[38;2;0;95;95m[48;2;215;255;255m+               "BCard": [Function],
[38;2;0;95;95m[48;2;215;255;255m+               "BCardBody": [Function],
[38;2;0;95;95m[48;2;215;255;255m+               "BCardFooter": [Function],
[38;2;0;95;95m[48;2;215;255;255m+               "BCardGroup": [Function],
[38;2;0;95;95m[48;2;215;255;255m+               "BCardHeader": [Function],
[38;2;0;95;95m[48;2;215;255;255m+               "BCardImg": [Function],
[38;2;0;95;95m[48;2;215;255;255m+               "BCardImgLazy": [Function],
[38;2;0;95;95m[48;2;215;255;255m+               "BCardSubTitle": [Function],
[38;2;0;95;95m[48;2;215;255;255m+               "BCardText": [Function],
[38;2;0;95;95m[48;2;215;255;255m+               "BCardTitle": [Function],
[38;2;0;95;95m[48;2;215;255;255m+               "BCarousel": [Function],
[38;2;0;95;95m[48;2;215;255;255m+               "BCarouselSlide": [Function],
[38;2;0;95;95m[48;2;215;255;255m+               "BCheck": [Function],
[38;2;0;95;95m[48;2;215;255;255m+               "BCheckGroup": [Function],
[38;2;0;95;95m[48;2;215;255;255m+               "BCheckbox": [Function],
[38;2;0;95;95m[48;2;215;255;255m+               "BCheckboxGroup": [Function],
[38;2;0;95;95m[48;2;215;255;255m+               "BCol": [Function],
[38;2;0;95;95m[48;2;215;255;255m+               "BCollapse": [Function],
[38;2;0;95;95m[48;2;215;255;255m+               "BContainer": [Function],
[38;2;0;95;95m[48;2;215;255;255m+               "BDatalist": [Function],
[38;2;0;95;95m[48;2;215;255;255m+               "BDatepicker": [Function],
[38;2;0;95;95m[48;2;215;255;255m+               "BDd": [Function],
[38;2;0;95;95m[48;2;215;255;255m+               "BDdDivider": [Function],
[38;2;0;95;95m[48;2;215;255;255m+               "BDdForm": [Function],
[38;2;0;95;95m[48;2;215;255;255m+               "BDdGroup": [Function],
[38;2;0;95;95m[48;2;215;255;255m+               "BDdHeader": [Function],
[38;2;0;95;95m[48;2;215;255;255m+               "BDdItem": [Function],
[38;2;0;95;95m[48;2;215;255;255m+               "BDdItemBtn": [Function],
[38;2;0;95;95m[48;2;215;255;255m+               "BDdItemButton": [Function],
[38;2;0;95;95m[48;2;215;255;255m+               "BDdText": [Function],
[38;2;0;95;95m[48;2;215;255;255m+               "BDropdown": [Function],
[38;2;0;95;95m[48;2;215;255;255m+               "BDropdownDivider": [Function],
[38;2;0;95;95m[48;2;215;255;255m+               "BDropdownForm": [Function],
[38;2;0;95;95m[48;2;215;255;255m+               "BDropdownGroup": [Function],
[38;2;0;95;95m[48;2;215;255;255m+               "BDropdownHeader": [Function],
[38;2;0;95;95m[48;2;215;255;255m+               "BDropdownItem": [Function],
[38;2;0;95;95m[48;2;215;255;255m+               "BDropdownItemBtn": [Function],
[38;2;0;95;95m[48;2;215;255;255m+               "BDropdownItemButton": [Function],
[38;2;0;95;95m[48;2;215;255;255m+               "BDropdownText": [Function],
[38;2;0;95;95m[48;2;215;255;255m+               "BEmbed": [Function],
[38;2;0;95;95m[48;2;215;255;255m+               "BFile": [Function],
[38;2;0;95;95m[48;2;215;255;255m+               "BForm": [Function],
[38;2;0;95;95m[48;2;215;255;255m+               "BFormCheckbox": [Function],
[38;2;0;95;95m[48;2;215;255;255m+               "BFormCheckboxGroup": [Function],
[38;2;0;95;95m[48;2;215;255;255m+               "BFormDatalist": [Function],
[38;2;0;95;95m[48;2;215;255;255m+               "BFormDatepicker": [Function],
[38;2;0;95;95m[48;2;215;255;255m+               "BFormFeedback": [Function],
[38;2;0;95;95m[48;2;215;255;255m+               "BFormFieldset": [Function],
[38;2;0;95;95m[48;2;215;255;255m+               "BFormFile": [Function],
[38;2;0;95;95m[48;2;215;255;255m+               "BFormGroup": [Function],
[38;2;0;95;95m[48;2;215;255;255m+               "BFormInput": [Function],
[38;2;0;95;95m[48;2;215;255;255m+               "BFormInvalidFeedback": [Function],
[38;2;0;95;95m[48;2;215;255;255m+               "BFormRadio": [Function],
[38;2;0;95;95m[48;2;215;255;255m+               "BFormRadioGroup": [Function],
[38;2;0;95;95m[48;2;215;255;255m+               "BFormRating": [Function],
[38;2;0;95;95m[48;2;215;255;255m+               "BFormRow": [Function],
[38;2;0;95;95m[48;2;215;255;255m+               "BFormSelect": [Function],
[38;2;0;95;95m[48;2;215;255;255m+               "BFormSelectOption": [Function],
[38;2;0;95;95m[48;2;215;255;255m+               "BFormSelectOptionGroup": [Function],
[38;2;0;95;95m[48;2;215;255;255m+               "BFormSpinbutton": [Function],
[38;2;0;95;95m[48;2;215;255;255m+               "BFormTag": [Function],
[38;2;0;95;95m[48;2;215;255;255m+               "BFormTags": [Function],
[38;2;0;95;95m[48;2;215;255;255m+               "BFormText": [Function],
[38;2;0;95;95m[48;2;215;255;255m+               "BFormTextarea": [Function],
[38;2;0;95;95m[48;2;215;255;255m+               "BFormTimepicker": [Function],
[38;2;0;95;95m[48;2;215;255;255m+               "BFormValidFeedback": [Function],
[38;2;0;95;95m[48;2;215;255;255m+               "BImg": [Function],
[38;2;0;95;95m[48;2;215;255;255m+               "BImgLazy": [Function],
[38;2;0;95;95m[48;2;215;255;255m+               "BInput": [Function],
[38;2;0;95;95m[48;2;215;255;255m+               "BInputGroup": [Function],
[38;2;0;95;95m[48;2;215;255;255m+               "BInputGroupAddon": [Function],
[38;2;0;95;95m[48;2;215;255;255m+               "BInputGroupAppend": [Function],
[38;2;0;95;95m[48;2;215;255;255m+               "BInputGroupPrepend": [Function],
[38;2;0;95;95m[48;2;215;255;255m+               "BInputGroupText": [Function],
[38;2;0;95;95m[48;2;215;255;255m+               "BJumbotron": [Function],
[38;2;0;95;95m[48;2;215;255;255m+               "BLink": [Function],
[38;2;0;95;95m[48;2;215;255;255m+               "BListGroup": [Function],
[38;2;0;95;95m[48;2;215;255;255m+               "BListGroupItem": [Function],
[38;2;0;95;95m[48;2;215;255;255m+               "BMedia": [Function],
[38;2;0;95;95m[48;2;215;255;255m+               "BMediaAside": [Function],
[38;2;0;95;95m[48;2;215;255;255m+               "BMediaBody": [Function],
[38;2;0;95;95m[48;2;215;255;255m+               "BModal": [Function],
[38;2;0;95;95m[48;2;215;255;255m+               "BRadio": [Function],
[38;2;0;95;95m[48;2;215;255;255m+               "BRadioGroup": [Function],
[38;2;0;95;95m[48;2;215;255;255m+               "BRating": [Function],
[38;2;0;95;95m[48;2;215;255;255m+               "BRow": [Function],
[38;2;0;95;95m[48;2;215;255;255m+               "BSelect": [Function],
[38;2;0;95;95m[48;2;215;255;255m+               "BSelectOption": [Function],
[38;2;0;95;95m[48;2;215;255;255m+               "BSelectOptionGroup": [Function],
[38;2;0;95;95m[48;2;215;255;255m+               "BSpinbutton": [Function],
[38;2;0;95;95m[48;2;215;255;255m+               "BTag": [Function],
[38;2;0;95;95m[48;2;215;255;255m+               "BTags": [Function],
[38;2;0;95;95m[48;2;215;255;255m+               "BTextarea": [Function],
[38;2;0;95;95m[48;2;215;255;255m+               "BTimepicker": [Function],
[38;2;0;95;95m[48;2;215;255;255m+             },
[38;2;0;95;95m[48;2;215;255;255m+             "directives": Object {
[38;2;0;95;95m[48;2;215;255;255m+               "BModal": Object {
[38;2;0;95;95m[48;2;215;255;255m+                 "componentUpdated": [Function],
[38;2;0;95;95m[48;2;215;255;255m+                 "inserted": [Function],
[38;2;0;95;95m[48;2;215;255;255m+                 "unbind": [Function],
[38;2;0;95;95m[48;2;215;255;255m+                 "updated": [Function],
[38;2;0;95;95m[48;2;215;255;255m+               },
[38;2;0;95;95m[48;2;215;255;255m+               "BToggle": Object {
[38;2;0;95;95m[48;2;215;255;255m+                 "bind": [Function],
[38;2;0;95;95m[48;2;215;255;255m+                 "componentUpdated": [Function],
[38;2;0;95;95m[48;2;215;255;255m+                 "unbind": [Function],
[38;2;0;95;95m[48;2;215;255;255m+                 "updated": [Function],
[38;2;0;95;95m[48;2;215;255;255m+               },
[38;2;0;95;95m[48;2;215;255;255m+             },
[38;2;0;95;95m[48;2;215;255;255m+             "filters": Object {},
[38;2;0;95;95m[48;2;215;255;255m+           },
[38;2;0;95;95m[48;2;215;255;255m+           "set": [Function],
[38;2;0;95;95m[48;2;215;255;255m+           "shouldProxy": true,
[38;2;0;95;95m[48;2;215;255;255m+           "stubs": Object {
[38;2;0;95;95m[48;2;215;255;255m+             "transition": true,
[38;2;0;95;95m[48;2;215;255;255m+             "transition-group": true,
[38;2;0;95;95m[48;2;215;255;255m+           },
[38;2;0;95;95m[48;2;215;255;255m+           "super": [Function],
[38;2;0;95;95m[48;2;215;255;255m+           "superOptions": Object {
[38;2;0;95;95m[48;2;215;255;255m+             "_base": [Function],
[38;2;0;95;95m[48;2;215;255;255m+             "components": Object {
[38;2;0;95;95m[48;2;215;255;255m+               "KeepAlive": Object {
[38;2;0;95;95m[48;2;215;255;255m+                 "abstract": true,
[38;2;0;95;95m[48;2;215;255;255m+                 "created": [Function],
[38;2;0;95;95m[48;2;215;255;255m+                 "destroyed": [Function],
[38;2;0;95;95m[48;2;215;255;255m+                 "methods": Object {
[38;2;0;95;95m[48;2;215;255;255m+                   "cacheVNode": [Function],
[38;2;0;95;95m[48;2;215;255;255m+                 },
[38;2;0;95;95m[48;2;215;255;255m+                 "mounted": [Function],
[38;2;0;95;95m[48;2;215;255;255m+                 "name": "keep-alive",
[38;2;0;95;95m[48;2;215;255;255m+                 "props": Object {
[38;2;0;95;95m[48;2;215;255;255m+                   "exclude": Array [
[38;2;0;95;95m[48;2;215;255;255m+                     [Function],
[38;2;0;95;95m[48;2;215;255;255m+                     [Function],
[38;2;0;95;95m[48;2;215;255;255m+                     [Function],
[38;2;0;95;95m[48;2;215;255;255m+                   ],
[38;2;0;95;95m[48;2;215;255;255m+                   "include": Array [
[38;2;0;95;95m[48;2;215;255;255m+                     [Function],
[38;2;0;95;95m[48;2;215;255;255m+                     [Function],
[38;2;0;95;95m[48;2;215;255;255m+                     [Function],
[38;2;0;95;95m[48;2;215;255;255m+                   ],
[38;2;0;95;95m[48;2;215;255;255m+                   "max": Array [
[38;2;0;95;95m[48;2;215;255;255m+                     [Function],
[38;2;0;95;95m[48;2;215;255;255m+                     [Function],
[38;2;0;95;95m[48;2;215;255;255m+                   ],
[38;2;0;95;95m[48;2;215;255;255m+                 },
[38;2;0;95;95m[48;2;215;255;255m+                 "render": [Function],
[38;2;0;95;95m[48;2;215;255;255m+                 "updated": [Function],
[38;2;0;95;95m[48;2;215;255;255m+               },
[38;2;0;95;95m[48;2;215;255;255m+               "Transition": Object {
[38;2;0;95;95m[48;2;215;255;255m+                 "_Ctor": Object {
[38;2;0;95;95m[48;2;215;255;255m+                   "1404": [Function],
[38;2;0;95;95m[48;2;215;255;255m+                 },
[38;2;0;95;95m[48;2;215;255;255m+                 "abstract": true,
[38;2;0;95;95m[48;2;215;255;255m+                 "name": "transition",
[38;2;0;95;95m[48;2;215;255;255m+                 "props": Object {
[38;2;0;95;95m[48;2;215;255;255m+                   "appear": Object {
[38;2;0;95;95m[48;2;215;255;255m+                     "type": [Function],
[38;2;0;95;95m[48;2;215;255;255m+                   },
[38;2;0;95;95m[48;2;215;255;255m+                   "appearActiveClass": Object {
[38;2;0;95;95m[48;2;215;255;255m+                     "type": [Function],
[38;2;0;95;95m[48;2;215;255;255m+                   },
[38;2;0;95;95m[48;2;215;255;255m+                   "appearClass": Object {
[38;2;0;95;95m[48;2;215;255;255m+                     "type": [Function],
[38;2;0;95;95m[48;2;215;255;255m+                   },
[38;2;0;95;95m[48;2;215;255;255m+                   "appearToClass": Object {
[38;2;0;95;95m[48;2;215;255;255m+                     "type": [Function],
[38;2;0;95;95m[48;2;215;255;255m+                   },
[38;2;0;95;95m[48;2;215;255;255m+                   "css": Object {
[38;2;0;95;95m[48;2;215;255;255m+                     "type": [Function],
[38;2;0;95;95m[48;2;215;255;255m+                   },
[38;2;0;95;95m[48;2;215;255;255m+                   "duration": Object {
[38;2;0;95;95m[48;2;215;255;255m+                     "type": Array [
[38;2;0;95;95m[48;2;215;255;255m+                       [Function],
[38;2;0;95;95m[48;2;215;255;255m+                       [Function],
[38;2;0;95;95m[48;2;215;255;255m+                       [Function],
[38;2;0;95;95m[48;2;215;255;255m+                     ],
[38;2;0;95;95m[48;2;215;255;255m+                   },
[38;2;0;95;95m[48;2;215;255;255m+                   "enterActiveClass": Object {
[38;2;0;95;95m[48;2;215;255;255m+                     "type": [Function],
[38;2;0;95;95m[48;2;215;255;255m+                   },
[38;2;0;95;95m[48;2;215;255;255m+                   "enterClass": Object {
[38;2;0;95;95m[48;2;215;255;255m+                     "type": [Function],
[38;2;0;95;95m[48;2;215;255;255m+                   },
[38;2;0;95;95m[48;2;215;255;255m+                   "enterToClass": Object {
[38;2;0;95;95m[48;2;215;255;255m+                     "type": [Function],
[38;2;0;95;95m[48;2;215;255;255m+                   },
[38;2;0;95;95m[48;2;215;255;255m+                   "leaveActiveClass": Object {
[38;2;0;95;95m[48;2;215;255;255m+                     "type": [Function],
[38;2;0;95;95m[48;2;215;255;255m+                   },
[38;2;0;95;95m[48;2;215;255;255m+                   "leaveClass": Object {
[38;2;0;95;95m[48;2;215;255;255m+                     "type": [Function],
[38;2;0;95;95m[48;2;215;255;255m+                   },
[38;2;0;95;95m[48;2;215;255;255m+                   "leaveToClass": Object {
[38;2;0;95;95m[48;2;215;255;255m+                     "type": [Function],
[38;2;0;95;95m[48;2;215;255;255m+                   },
[38;2;0;95;95m[48;2;215;255;255m+                   "mode": Object {
[38;2;0;95;95m[48;2;215;255;255m+                     "type": [Function],
[38;2;0;95;95m[48;2;215;255;255m+                   },
[38;2;0;95;95m[48;2;215;255;255m+                   "name": Object {
[38;2;0;95;95m[48;2;215;255;255m+                     "type": [Function],
[38;2;0;95;95m[48;2;215;255;255m+                   },
[38;2;0;95;95m[48;2;215;255;255m+                   "type": Object {
[38;2;0;95;95m[48;2;215;255;255m+                     "type": [Function],
[38;2;0;95;95m[48;2;215;255;255m+                   },
[38;2;0;95;95m[48;2;215;255;255m+                 },
[38;2;0;95;95m[48;2;215;255;255m+                 "render": [Function],
[38;2;0;95;95m[48;2;215;255;255m+               },
[38;2;0;95;95m[48;2;215;255;255m+               "TransitionGroup": Object {
[38;2;0;95;95m[48;2;215;255;255m+                 "_Ctor": Object {
[38;2;0;95;95m[48;2;215;255;255m+                   "1404": [Function],
[38;2;0;95;95m[48;2;215;255;255m+                 },
[38;2;0;95;95m[48;2;215;255;255m+                 "beforeMount": [Function],
[38;2;0;95;95m[48;2;215;255;255m+                 "methods": Object {
[38;2;0;95;95m[48;2;215;255;255m+                   "hasMove": [Function],
[38;2;0;95;95m[48;2;215;255;255m+                 },
[38;2;0;95;95m[48;2;215;255;255m+                 "props": Object {
[38;2;0;95;95m[48;2;215;255;255m+                   "appear": Object {
[38;2;0;95;95m[48;2;215;255;255m+                     "type": [Function],
[38;2;0;95;95m[48;2;215;255;255m+                   },
[38;2;0;95;95m[48;2;215;255;255m+                   "appearActiveClass": Object {
[38;2;0;95;95m[48;2;215;255;255m+                     "type": [Function],
[38;2;0;95;95m[48;2;215;255;255m+                   },
[38;2;0;95;95m[48;2;215;255;255m+                   "appearClass": Object {
[38;2;0;95;95m[48;2;215;255;255m+                     "type": [Function],
[38;2;0;95;95m[48;2;215;255;255m+                   },
[38;2;0;95;95m[48;2;215;255;255m+                   "appearToClass": Object {
[38;2;0;95;95m[48;2;215;255;255m+                     "type": [Function],
[38;2;0;95;95m[48;2;215;255;255m+                   },
[38;2;0;95;95m[48;2;215;255;255m+                   "css": Object {
[38;2;0;95;95m[48;2;215;255;255m+                     "type": [Function],
[38;2;0;95;95m[48;2;215;255;255m+                   },
[38;2;0;95;95m[48;2;215;255;255m+                   "duration": Object {
[38;2;0;95;95m[48;2;215;255;255m+                     "type": Array [
[38;2;0;95;95m[48;2;215;255;255m+                       [Function],
[38;2;0;95;95m[48;2;215;255;255m+                       [Function],
[38;2;0;95;95m[48;2;215;255;255m+                       [Function],
[38;2;0;95;95m[48;2;215;255;255m+                     ],
[38;2;0;95;95m[48;2;215;255;255m+                   },
[38;2;0;95;95m[48;2;215;255;255m+                   "enterActiveClass": Object {
[38;2;0;95;95m[48;2;215;255;255m+                     "type": [Function],
[38;2;0;95;95m[48;2;215;255;255m+                   },
[38;2;0;95;95m[48;2;215;255;255m+                   "enterClass": Object {
[38;2;0;95;95m[48;2;215;255;255m+                     "type": [Function],
[38;2;0;95;95m[48;2;215;255;255m+                   },
[38;2;0;95;95m[48;2;215;255;255m+                   "enterToClass": Object {
[38;2;0;95;95m[48;2;215;255;255m+                     "type": [Function],
[38;2;0;95;95m[48;2;215;255;255m+                   },
[38;2;0;95;95m[48;2;215;255;255m+                   "leaveActiveClass": Object {
[38;2;0;95;95m[48;2;215;255;255m+                     "type": [Function],
[38;2;0;95;95m[48;2;215;255;255m+                   },
[38;2;0;95;95m[48;2;215;255;255m+                   "leaveClass": Object {
[38;2;0;95;95m[48;2;215;255;255m+                     "type": [Function],
[38;2;0;95;95m[48;2;215;255;255m+                   },
[38;2;0;95;95m[48;2;215;255;255m+                   "leaveToClass": Object {
[38;2;0;95;95m[48;2;215;255;255m+                     "type": [Function],
[38;2;0;95;95m[48;2;215;255;255m+                   },
[38;2;0;95;95m[48;2;215;255;255m+                   "moveClass": Object {
[38;2;0;95;95m[48;2;215;255;255m+                     "type": [Function],
[38;2;0;95;95m[48;2;215;255;255m+                   },
[38;2;0;95;95m[48;2;215;255;255m+                   "name": Object {
[38;2;0;95;95m[48;2;215;255;255m+                     "type": [Function],
[38;2;0;95;95m[48;2;215;255;255m+                   },
[38;2;0;95;95m[48;2;215;255;255m+                   "tag": Object {
[38;2;0;95;95m[48;2;215;255;255m+                     "type": [Function],
[38;2;0;95;95m[48;2;215;255;255m+                   },
[38;2;0;95;95m[48;2;215;255;255m+                   "type": Object {
[38;2;0;95;95m[48;2;215;255;255m+                     "type": [Function],
[38;2;0;95;95m[48;2;215;255;255m+                   },
[38;2;0;95;95m[48;2;215;255;255m+                 },
[38;2;0;95;95m[48;2;215;255;255m+                 "render": [Function],
[38;2;0;95;95m[48;2;215;255;255m+                 "updated": [Function],
[38;2;0;95;95m[48;2;215;255;255m+               },
[38;2;0;95;95m[48;2;215;255;255m+             },
[38;2;0;95;95m[48;2;215;255;255m+             "directives": Object {
[38;2;0;95;95m[48;2;215;255;255m+               "model": Object {
[38;2;0;95;95m[48;2;215;255;255m+                 "componentUpdated": [Function],
[38;2;0;95;95m[48;2;215;255;255m+                 "inserted": [Function],
[38;2;0;95;95m[48;2;215;255;255m+               },
[38;2;0;95;95m[48;2;215;255;255m+               "show": Object {
[38;2;0;95;95m[48;2;215;255;255m+                 "bind": [Function],
[38;2;0;95;95m[48;2;215;255;255m+                 "unbind": [Function],
[38;2;0;95;95m[48;2;215;255;255m+                 "update": [Function],
[38;2;0;95;95m[48;2;215;255;255m+               },
[38;2;0;95;95m[48;2;215;255;255m+             },
[38;2;0;95;95m[48;2;215;255;255m+             "filters": Object {},
[38;2;0;95;95m[48;2;215;255;255m+           },
[38;2;0;95;95m[48;2;215;255;255m+           "use": [Function],
[38;2;0;95;95m[48;2;215;255;255m+           "util": Object {
[38;2;0;95;95m[48;2;215;255;255m+             "defineReactive": [Function],
[38;2;0;95;95m[48;2;215;255;255m+             "extend": [Function],
[38;2;0;95;95m[48;2;215;255;255m+             "mergeOptions": [Function],
[38;2;0;95;95m[48;2;215;255;255m+             "warn": [Function],
[38;2;0;95;95m[48;2;215;255;255m+           },
[38;2;0;95;95m[48;2;215;255;255m+           "version": "2.6.14",
[38;2;0;95;95m[48;2;215;255;255m+         },
[38;2;0;95;95m[48;2;215;255;255m+         "$parent": undefined,
[38;2;0;95;95m[48;2;215;255;255m+         "$refs": Object {},
[38;2;0;95;95m[48;2;215;255;255m+         "$root": [Circular],
[38;2;0;95;95m[48;2;215;255;255m+         "$scopedSlots": Object {},
[38;2;0;95;95m[48;2;215;255;255m+         "$slots": Object {},
[38;2;0;95;95m[48;2;215;255;255m+         "$vnode": undefined,
[38;2;0;95;95m[48;2;215;255;255m+         "__emitted": Object {},
[38;2;0;95;95m[48;2;215;255;255m+         "__emittedByOrder": Array [],
[38;2;0;95;95m[48;2;215;255;255m+         "_c": [Function],
[38;2;0;95;95m[48;2;215;255;255m+         "_data": Object {
[38;2;0;95;95m[48;2;215;255;255m+           "vueTestUtils_childProps": Object {},
[38;2;0;95;95m[48;2;215;255;255m+         },
[38;2;0;95;95m[48;2;215;255;255m+         "_directInactive": false,
[38;2;0;95;95m[48;2;215;255;255m+         "_events": Object {},
[38;2;0;95;95m[48;2;215;255;255m+         "_hasHookEvent": false,
[38;2;0;95;95m[48;2;215;255;255m+         "_inactive": null,
[38;2;0;95;95m[48;2;215;255;255m+         "_isBeingDestroyed": false,
[38;2;0;95;95m[48;2;215;255;255m+         "_isDestroyed": false,
[38;2;0;95;95m[48;2;215;255;255m+         "_isMounted": true,
[38;2;0;95;95m[48;2;215;255;255m+         "_isVue": true,
[38;2;0;95;95m[48;2;215;255;255m+         "_provided": Object {},
[38;2;0;95;95m[48;2;215;255;255m+         "_renderProxy": VueComponent {
[38;2;0;95;95m[48;2;215;255;255m+           "$attrs": Object {},
[38;2;0;95;95m[48;2;215;255;255m+           "$children": Array [
[38;2;0;95;95m[48;2;215;255;255m+             [Circular],
[38;2;0;95;95m[48;2;215;255;255m+           ],
[38;2;0;95;95m[48;2;215;255;255m+           "$createElement": [Function],
[38;2;0;95;95m[48;2;215;255;255m+           "$el": <div>
[38;2;0;95;95m[48;2;215;255;255m+             <b-dropdown
[38;2;0;95;95m[48;2;215;255;255m+               no-caret=""
[38;2;0;95;95m[48;2;215;255;255m+               right=""
[38;2;0;95;95m[48;2;215;255;255m+               size="lg"
[38;2;0;95;95m[48;2;215;255;255m+               variant="link"
[38;2;0;95;95m[48;2;215;255;255m+             >
[38;2;0;95;95m[48;2;215;255;255m+                
[38;2;0;95;95m[48;2;215;255;255m+               <b-dropdown-item>
[38;2;0;95;95m[48;2;215;255;255m+                 <b-icon
[38;2;0;95;95m[48;2;215;255;255m+                   icon="door-open"
[38;2;0;95;95m[48;2;215;255;255m+                 />
[38;2;0;95;95m[48;2;215;255;255m+                 
[38;2;0;95;95m[48;2;215;255;255m+       回到主页
[38;2;0;95;95m[48;2;215;255;255m+     
[38;2;0;95;95m[48;2;215;255;255m+               </b-dropdown-item>
[38;2;0;95;95m[48;2;215;255;255m+                
[38;2;0;95;95m[48;2;215;255;255m+               <b-dropdown-item>
[38;2;0;95;95m[48;2;215;255;255m+                 <b-icon
[38;2;0;95;95m[48;2;215;255;255m+                   icon="cursor-fill"
[38;2;0;95;95m[48;2;215;255;255m+                 />
[38;2;0;95;95m[48;2;215;255;255m+                 
[38;2;0;95;95m[48;2;215;255;255m+       注销用户
[38;2;0;95;95m[48;2;215;255;255m+     
[38;2;0;95;95m[48;2;215;255;255m+               </b-dropdown-item>
[38;2;0;95;95m[48;2;215;255;255m+             </b-dropdown>
[38;2;0;95;95m[48;2;215;255;255m+           </div>,
[38;2;0;95;95m[48;2;215;255;255m+           "$emit": [Function],
[38;2;0;95;95m[48;2;215;255;255m+           "$listeners": Object {},
[38;2;0;95;95m[48;2;215;255;255m+           "$options": Object {
[38;2;0;95;95m[48;2;215;255;255m+             "$_doNotStubChildren": true,
[38;2;0;95;95m[48;2;215;255;255m+             "$_isWrapperParent": true,
[38;2;0;95;95m[48;2;215;255;255m+             "_Ctor": Object {
[38;2;0;95;95m[48;2;215;255;255m+               "1404": [Function],
[38;2;0;95;95m[48;2;215;255;255m+             },
[38;2;0;95;95m[48;2;215;255;255m+             "_base": [Function],
[38;2;0;95;95m[48;2;215;255;255m+             "_installedPlugins": Array [
[38;2;0;95;95m[48;2;215;255;255m+               Object {
[38;2;0;95;95m[48;2;215;255;255m+                 "install": [Function],
[38;2;0;95;95m[48;2;215;255;255m+               },
[38;2;0;95;95m[48;2;215;255;255m+               Object {
[38;2;0;95;95m[48;2;215;255;255m+                 "install": [Function],
[38;2;0;95;95m[48;2;215;255;255m+               },
[38;2;0;95;95m[48;2;215;255;255m+               Object {
[38;2;0;95;95m[48;2;215;255;255m+                 "install": [Function],
[38;2;0;95;95m[48;2;215;255;255m+               },
[38;2;0;95;95m[48;2;215;255;255m+               Object {
[38;2;0;95;95m[48;2;215;255;255m+                 "install": [Function],
[38;2;0;95;95m[48;2;215;255;255m+               },
[38;2;0;95;95m[48;2;215;255;255m+               Object {
[38;2;0;95;95m[48;2;215;255;255m+                 "install": [Function],
[38;2;0;95;95m[48;2;215;255;255m+               },
[38;2;0;95;95m[48;2;215;255;255m+               Object {
[38;2;0;95;95m[48;2;215;255;255m+                 "install": [Function],
[38;2;0;95;95m[48;2;215;255;255m+               },
[38;2;0;95;95m[48;2;215;255;255m+               Object {
[38;2;0;95;95m[48;2;215;255;255m+                 "install": [Function],
[38;2;0;95;95m[48;2;215;255;255m+               },
[38;2;0;95;95m[48;2;215;255;255m+               Object {
[38;2;0;95;95m[48;2;215;255;255m+                 "install": [Function],
[38;2;0;95;95m[48;2;215;255;255m+               },
[38;2;0;95;95m[48;2;215;255;255m+               Object {
[38;2;0;95;95m[48;2;215;255;255m+                 "install": [Function],
[38;2;0;95;95m[48;2;215;255;255m+               },
[38;2;0;95;95m[48;2;215;255;255m+               Object {
[38;2;0;95;95m[48;2;215;255;255m+                 "install": [Function],
[38;2;0;95;95m[48;2;215;255;255m+               },
[38;2;0;95;95m[48;2;215;255;255m+               Object {
[38;2;0;95;95m[48;2;215;255;255m+                 "install": [Function],
[38;2;0;95;95m[48;2;215;255;255m+               },
[38;2;0;95;95m[48;2;215;255;255m+               Object {
[38;2;0;95;95m[48;2;215;255;255m+                 "install": [Function],
[38;2;0;95;95m[48;2;215;255;255m+               },
[38;2;0;95;95m[48;2;215;255;255m+               Object {
[38;2;0;95;95m[48;2;215;255;255m+                 "install": [Function],
[38;2;0;95;95m[48;2;215;255;255m+               },
[38;2;0;95;95m[48;2;215;255;255m+               Object {
[38;2;0;95;95m[48;2;215;255;255m+                 "install": [Function],
[38;2;0;95;95m[48;2;215;255;255m+               },
[38;2;0;95;95m[48;2;215;255;255m+               Object {
[38;2;0;95;95m[48;2;215;255;255m+                 "install": [Function],
[38;2;0;95;95m[48;2;215;255;255m+               },
[38;2;0;95;95m[48;2;215;255;255m+               Object {
[38;2;0;95;95m[48;2;215;255;255m+                 "install": [Function],
[38;2;0;95;95m[48;2;215;255;255m+               },
[38;2;0;95;95m[48;2;215;255;255m+               Object {
[38;2;0;95;95m[48;2;215;255;255m+                 "install": [Function],
[38;2;0;95;95m[48;2;215;255;255m+               },
[38;2;0;95;95m[48;2;215;255;255m+               Object {
[38;2;0;95;95m[48;2;215;255;255m+                 "install": [Function],
[38;2;0;95;95m[48;2;215;255;255m+               },
[38;2;0;95;95m[48;2;215;255;255m+               Object {
[38;2;0;95;95m[48;2;215;255;255m+                 "install": [Function],
[38;2;0;95;95m[48;2;215;255;255m+               },
[38;2;0;95;95m[48;2;215;255;255m+               Object {
[38;2;0;95;95m[48;2;215;255;255m+                 "install": [Function],
[38;2;0;95;95m[48;2;215;255;255m+               },
[38;2;0;95;95m[48;2;215;255;255m+               Object {
[38;2;0;95;95m[48;2;215;255;255m+                 "install": [Function],
[38;2;0;95;95m[48;2;215;255;255m+               },
[38;2;0;95;95m[48;2;215;255;255m+               Object {
[38;2;0;95;95m[48;2;215;255;255m+                 "install": [Function],
[38;2;0;95;95m[48;2;215;255;255m+               },
[38;2;0;95;95m[48;2;215;255;255m+               Object {
[38;2;0;95;95m[48;2;215;255;255m+                 "install": [Function],
[38;2;0;95;95m[48;2;215;255;255m+               },
[38;2;0;95;95m[48;2;215;255;255m+               Object {
[38;2;0;95;95m[48;2;215;255;255m+                 "install": [Function],
[38;2;0;95;95m[48;2;215;255;255m+               },
[38;2;0;95;95m[48;2;215;255;255m+               Object {
[38;2;0;95;95m[48;2;215;255;255m+                 "install": [Function],
[38;2;0;95;95m[48;2;215;255;255m+               },
[38;2;0;95;95m[48;2;215;255;255m+               Object {
[38;2;0;95;95m[48;2;215;255;255m+                 "install": [Function],
[38;2;0;95;95m[48;2;215;255;255m+               },
[38;2;0;95;95m[48;2;215;255;255m+               Object {
[38;2;0;95;95m[48;2;215;255;255m+                 "install": [Function],
[38;2;0;95;95m[48;2;215;255;255m+               },
[38;2;0;95;95m[48;2;215;255;255m+               Object {
[38;2;0;95;95m[48;2;215;255;255m+                 "install": [Function],
[38;2;0;95;95m[48;2;215;255;255m+               },
[38;2;0;95;95m[48;2;215;255;255m+               Object {
[38;2;0;95;95m[48;2;215;255;255m+                 "install": [Function],
[38;2;0;95;95m[48;2;215;255;255m+               },
[38;2;0;95;95m[48;2;215;255;255m+               Object {
[38;2;0;95;95m[48;2;215;255;255m+                 "install": [Function],
[38;2;0;95;95m[48;2;215;255;255m+               },
[38;2;0;95;95m[48;2;215;255;255m+               Object {
[38;2;0;95;95m[48;2;215;255;255m+                 "install": [Function],
[38;2;0;95;95m[48;2;215;255;255m+               },
[38;2;0;95;95m[48;2;215;255;255m+               Object {
[38;2;0;95;95m[48;2;215;255;255m+                 "install": [Function],
[38;2;0;95;95m[48;2;215;255;255m+               },
[38;2;0;95;95m[48;2;215;255;255m+               Object {
[38;2;0;95;95m[48;2;215;255;255m+                 "install": [Function],
[38;2;0;95;95m[48;2;215;255;255m+               },
[38;2;0;95;95m[48;2;215;255;255m+               Object {
[38;2;0;95;95m[48;2;215;255;255m+                 "install": [Function],
[38;2;0;95;95m[48;2;215;255;255m+               },
[38;2;0;95;95m[48;2;215;255;255m+               Object {
[38;2;0;95;95m[48;2;215;255;255m+                 "install": [Function],
[38;2;0;95;95m[48;2;215;255;255m+               },
[38;2;0;95;95m[48;2;215;255;255m+               [Function],
[38;2;0;95;95m[48;2;215;255;255m+               Object {
[38;2;0;95;95m[48;2;215;255;255m+                 "install": [Function],
[38;2;0;95;95m[48;2;215;255;255m+               },
[38;2;0;95;95m[48;2;215;255;255m+               Object {
[38;2;0;95;95m[48;2;215;255;255m+                 "install": [Function],
[38;2;0;95;95m[48;2;215;255;255m+               },
[38;2;0;95;95m[48;2;215;255;255m+               Object {
[38;2;0;95;95m[48;2;215;255;255m+                 "install": [Function],
[38;2;0;95;95m[48;2;215;255;255m+               },
[38;2;0;95;95m[48;2;215;255;255m+               Object {
[38;2;0;95;95m[48;2;215;255;255m+                 "install": [Function],
[38;2;0;95;95m[48;2;215;255;255m+               },
[38;2;0;95;95m[48;2;215;255;255m+               Object {
[38;2;0;95;95m[48;2;215;255;255m+                 "install": [Function],
[38;2;0;95;95m[48;2;215;255;255m+               },
[38;2;0;95;95m[48;2;215;255;255m+               Object {
[38;2;0;95;95m[48;2;215;255;255m+                 "install": [Function],
[38;2;0;95;95m[48;2;215;255;255m+               },
[38;2;0;95;95m[48;2;215;255;255m+               Object {
[38;2;0;95;95m[48;2;215;255;255m+                 "install": [Function],
[38;2;0;95;95m[48;2;215;255;255m+               },
[38;2;0;95;95m[48;2;215;255;255m+               Object {
[38;2;0;95;95m[48;2;215;255;255m+                 "install": [Function],
[38;2;0;95;95m[48;2;215;255;255m+               },
[38;2;0;95;95m[48;2;215;255;255m+               Object {
[38;2;0;95;95m[48;2;215;255;255m+                 "install": [Function],
[38;2;0;95;95m[48;2;215;255;255m+               },
[38;2;0;95;95m[48;2;215;255;255m+               Object {
[38;2;0;95;95m[48;2;215;255;255m+                 "install": [Function],
[38;2;0;95;95m[48;2;215;255;255m+               },
[38;2;0;95;95m[48;2;215;255;255m+               Object {
[38;2;0;95;95m[48;2;215;255;255m+                 "install": [Function],
[38;2;0;95;95m[48;2;215;255;255m+               },
[38;2;0;95;95m[48;2;215;255;255m+               Object {
[38;2;0;95;95m[48;2;215;255;255m+                 "install": [Function],
[38;2;0;95;95m[48;2;215;255;255m+               },
[38;2;0;95;95m[48;2;215;255;255m+               Object {
[38;2;0;95;95m[48;2;215;255;255m+                 "install": [Function],
[38;2;0;95;95m[48;2;215;255;255m+               },
[38;2;0;95;95m[48;2;215;255;255m+               Object {
[38;2;0;95;95m[48;2;215;255;255m+                 "install": [Function],
[38;2;0;95;95m[48;2;215;255;255m+               },
[38;2;0;95;95m[48;2;215;255;255m+               Object {
[38;2;0;95;95m[48;2;215;255;255m+                 "install": [Function],
[38;2;0;95;95m[48;2;215;255;255m+               },
[38;2;0;95;95m[48;2;215;255;255m+               Object {
[38;2;0;95;95m[48;2;215;255;255m+                 "install": [Function],
[38;2;0;95;95m[48;2;215;255;255m+               },
[38;2;0;95;95m[48;2;215;255;255m+               Object {
[38;2;0;95;95m[48;2;215;255;255m+                 "install": [Function],
[38;2;0;95;95m[48;2;215;255;255m+               },
[38;2;0;95;95m[48;2;215;255;255m+               Object {
[38;2;0;95;95m[48;2;215;255;255m+                 "install": [Function],
[38;2;0;95;95m[48;2;215;255;255m+               },
[38;2;0;95;95m[48;2;215;255;255m+               [Function],
[38;2;0;95;95m[48;2;215;255;255m+               Object {
[38;2;0;95;95m[48;2;215;255;255m+                 "install": [Function],
[38;2;0;95;95m[48;2;215;255;255m+               },
[38;2;0;95;95m[48;2;215;255;255m+               Object {
[38;2;0;95;95m[48;2;215;255;255m+                 "install": [Function],
[38;2;0;95;95m[48;2;215;255;255m+               },
[38;2;0;95;95m[48;2;215;255;255m+               Object {
[38;2;0;95;95m[48;2;215;255;255m+                 "install": [Function],
[38;2;0;95;95m[48;2;215;255;255m+               },
[38;2;0;95;95m[48;2;215;255;255m+               Object {
[38;2;0;95;95m[48;2;215;255;255m+                 "install": [Function],
[38;2;0;95;95m[48;2;215;255;255m+               },
[38;2;0;95;95m[48;2;215;255;255m+               Object {
[38;2;0;95;95m[48;2;215;255;255m+                 "install": [Function],
[38;2;0;95;95m[48;2;215;255;255m+               },
[38;2;0;95;95m[48;2;215;255;255m+               Object {
[38;2;0;95;95m[48;2;215;255;255m+                 "install": [Function],
[38;2;0;95;95m[48;2;215;255;255m+               },
[38;2;0;95;95m[48;2;215;255;255m+               Object {
[38;2;0;95;95m[48;2;215;255;255m+                 "install": [Function],
[38;2;0;95;95m[48;2;215;255;255m+               },
[38;2;0;95;95m[48;2;215;255;255m+               Object {
[38;2;0;95;95m[48;2;215;255;255m+                 "install": [Function],
[38;2;0;95;95m[48;2;215;255;255m+               },
[38;2;0;95;95m[48;2;215;255;255m+               Object {
[38;2;0;95;95m[48;2;215;255;255m+                 "install": [Function],
[38;2;0;95;95m[48;2;215;255;255m+               },
[38;2;0;95;95m[48;2;215;255;255m+               Object {
[38;2;0;95;95m[48;2;215;255;255m+                 "install": [Function],
[38;2;0;95;95m[48;2;215;255;255m+               },
[38;2;0;95;95m[48;2;215;255;255m+               Object {
[38;2;0;95;95m[48;2;215;255;255m+                 "NAME": "BootstrapVue",
[38;2;0;95;95m[48;2;215;255;255m+                 "install": [Function],
[38;2;0;95;95m[48;2;215;255;255m+               },
[38;2;0;95;95m[48;2;215;255;255m+             ],
[38;2;0;95;95m[48;2;215;255;255m+             "_isFunctionalContainer": undefined,
[38;2;0;95;95m[48;2;215;255;255m+             "beforeCreate": Array [
[38;2;0;95;95m[48;2;215;255;255m+               [Function],
[38;2;0;95;95m[48;2;215;255;255m+               [Function],
[38;2;0;95;95m[48;2;215;255;255m+               [Function],
[38;2;0;95;95m[48;2;215;255;255m+             ],
[38;2;0;95;95m[48;2;215;255;255m+             "cid": 1398,
[38;2;0;95;95m[48;2;215;255;255m+             "component": [Function],
[38;2;0;95;95m[48;2;215;255;255m+             "components": Object {
[38;2;0;95;95m[48;2;215;255;255m+               "transition": Object {
[38;2;0;95;95m[48;2;215;255;255m+                 "$_doNotStubChildren": true,
[38;2;0;95;95m[48;2;215;255;255m+                 "$_vueTestUtils_original": Object {
[38;2;0;95;95m[48;2;215;255;255m+                   "_Ctor": Object {
[38;2;0;95;95m[48;2;215;255;255m+                     "1404": [Function],
[38;2;0;95;95m[48;2;215;255;255m+                   },
[38;2;0;95;95m[48;2;215;255;255m+                   "abstract": true,
[38;2;0;95;95m[48;2;215;255;255m+                   "name": "transition",
[38;2;0;95;95m[48;2;215;255;255m+                   "props": Object {
[38;2;0;95;95m[48;2;215;255;255m+                     "appear": Object {
[38;2;0;95;95m[48;2;215;255;255m+                       "type": [Function],
[38;2;0;95;95m[48;2;215;255;255m+                     },
[38;2;0;95;95m[48;2;215;255;255m+                     "appearActiveClass": Object {
[38;2;0;95;95m[48;2;215;255;255m+                       "type": [Function],
[38;2;0;95;95m[48;2;215;255;255m+                     },
[38;2;0;95;95m[48;2;215;255;255m+                     "appearClass": Object {
[38;2;0;95;95m[48;2;215;255;255m+                       "type": [Function],
[38;2;0;95;95m[48;2;215;255;255m+                     },
[38;2;0;95;95m[48;2;215;255;255m+                     "appearToClass": Object {
[38;2;0;95;95m[48;2;215;255;255m+                       "type": [Function],
[38;2;0;95;95m[48;2;215;255;255m+                     },
[38;2;0;95;95m[48;2;215;255;255m+                     "css": Object {
[38;2;0;95;95m[48;2;215;255;255m+                       "type": [Function],
[38;2;0;95;95m[48;2;215;255;255m+                     },
[38;2;0;95;95m[48;2;215;255;255m+                     "duration": Object {
[38;2;0;95;95m[48;2;215;255;255m+                       "type": Array [
[38;2;0;95;95m[48;2;215;255;255m+                         [Function],
[38;2;0;95;95m[48;2;215;255;255m+                         [Function],
[38;2;0;95;95m[48;2;215;255;255m+                         [Function],
[38;2;0;95;95m[48;2;215;255;255m+                       ],
[38;2;0;95;95m[48;2;215;255;255m+                     },
[38;2;0;95;95m[48;2;215;255;255m+                     "enterActiveClass": Object {
[38;2;0;95;95m[48;2;215;255;255m+                       "type": [Function],
[38;2;0;95;95m[48;2;215;255;255m+                     },
[38;2;0;95;95m[48;2;215;255;255m+                     "enterClass": Object {
[38;2;0;95;95m[48;2;215;255;255m+                       "type": [Function],
[38;2;0;95;95m[48;2;215;255;255m+                     },
[38;2;0;95;95m[48;2;215;255;255m+                     "enterToClass": Object {
[38;2;0;95;95m[48;2;215;255;255m+                       "type": [Function],
[38;2;0;95;95m[48;2;215;255;255m+                     },
[38;2;0;95;95m[48;2;215;255;255m+                     "leaveActiveClass": Object {
[38;2;0;95;95m[48;2;215;255;255m+                       "type": [Function],
[38;2;0;95;95m[48;2;215;255;255m+                     },
[38;2;0;95;95m[48;2;215;255;255m+                     "leaveClass": Object {
[38;2;0;95;95m[48;2;215;255;255m+                       "type": [Function],
[38;2;0;95;95m[48;2;215;255;255m+                     },
[38;2;0;95;95m[48;2;215;255;255m+                     "leaveToClass": Object {
[38;2;0;95;95m[48;2;215;255;255m+                       "type": [Function],
[38;2;0;95;95m[48;2;215;255;255m+                     },
[38;2;0;95;95m[48;2;215;255;255m+                     "mode": Object {
[38;2;0;95;95m[48;2;215;255;255m+                       "type": [Function],
[38;2;0;95;95m[48;2;215;255;255m+                     },
[38;2;0;95;95m[48;2;215;255;255m+                     "name": Object {
[38;2;0;95;95m[48;2;215;255;255m+                       "type": [Function],
[38;2;0;95;95m[48;2;215;255;255m+                     },
[38;2;0;95;95m[48;2;215;255;255m+                     "type": Object {
[38;2;0;95;95m[48;2;215;255;255m+                       "type": [Function],
[38;2;0;95;95m[48;2;215;255;255m+                     },
[38;2;0;95;95m[48;2;215;255;255m+                   },
[38;2;0;95;95m[48;2;215;255;255m+                   "render": [Function],
[38;2;0;95;95m[48;2;215;255;255m+                 },
[38;2;0;95;95m[48;2;215;255;255m+                 "abstract": true,
[38;2;0;95;95m[48;2;215;255;255m+                 "attrs": undefined,
[38;2;0;95;95m[48;2;215;255;255m+                 "class": undefined,
[38;2;0;95;95m[48;2;215;255;255m+                 "domProps": undefined,
[38;2;0;95;95m[48;2;215;255;255m+                 "functional": undefined,
[38;2;0;95;95m[48;2;215;255;255m+                 "key": undefined,
[38;2;0;95;95m[48;2;215;255;255m+                 "model": undefined,
[38;2;0;95;95m[48;2;215;255;255m+                 "name": "transition",
[38;2;0;95;95m[48;2;215;255;255m+                 "nativeOn": undefined,
[38;2;0;95;95m[48;2;215;255;255m+                 "normalizedStyle": undefined,
[38;2;0;95;95m[48;2;215;255;255m+                 "on": undefined,
[38;2;0;95;95m[48;2;215;255;255m+                 "props": Object {
[38;2;0;95;95m[48;2;215;255;255m+                   "appear": Object {
[38;2;0;95;95m[48;2;215;255;255m+                     "type": [Function],
[38;2;0;95;95m[48;2;215;255;255m+                   },
[38;2;0;95;95m[48;2;215;255;255m+                   "appearActiveClass": Object {
[38;2;0;95;95m[48;2;215;255;255m+                     "type": [Function],
[38;2;0;95;95m[48;2;215;255;255m+                   },
[38;2;0;95;95m[48;2;215;255;255m+                   "appearClass": Object {
[38;2;0;95;95m[48;2;215;255;255m+                     "type": [Function],
[38;2;0;95;95m[48;2;215;255;255m+                   },
[38;2;0;95;95m[48;2;215;255;255m+                   "appearToClass": Object {
[38;2;0;95;95m[48;2;215;255;255m+                     "type": [Function],
[38;2;0;95;95m[48;2;215;255;255m+                   },
[38;2;0;95;95m[48;2;215;255;255m+                   "css": Object {
[38;2;0;95;95m[48;2;215;255;255m+                     "type": [Function],
[38;2;0;95;95m[48;2;215;255;255m+                   },
[38;2;0;95;95m[48;2;215;255;255m+                   "duration": Object {
[38;2;0;95;95m[48;2;215;255;255m+                     "type": Array [
[38;2;0;95;95m[48;2;215;255;255m+                       [Function],
[38;2;0;95;95m[48;2;215;255;255m+                       [Function],
[38;2;0;95;95m[48;2;215;255;255m+                       [Function],
[38;2;0;95;95m[48;2;215;255;255m+                     ],
[38;2;0;95;95m[48;2;215;255;255m+                   },
[38;2;0;95;95m[48;2;215;255;255m+                   "enterActiveClass": Object {
[38;2;0;95;95m[48;2;215;255;255m+                     "type": [Function],
[38;2;0;95;95m[48;2;215;255;255m+                   },
[38;2;0;95;95m[48;2;215;255;255m+                   "enterClass": Object {
[38;2;0;95;95m[48;2;215;255;255m+                     "type": [Function],
[38;2;0;95;95m[48;2;215;255;255m+                   },
[38;2;0;95;95m[48;2;215;255;255m+                   "enterToClass": Object {
[38;2;0;95;95m[48;2;215;255;255m+                     "type": [Function],
[38;2;0;95;95m[48;2;215;255;255m+                   },
[38;2;0;95;95m[48;2;215;255;255m+                   "leaveActiveClass": Object {
[38;2;0;95;95m[48;2;215;255;255m+                     "type": [Function],
[38;2;0;95;95m[48;2;215;255;255m+                   },
[38;2;0;95;95m[48;2;215;255;255m+                   "leaveClass": Object {
[38;2;0;95;95m[48;2;215;255;255m+                     "type": [Function],
[38;2;0;95;95m[48;2;215;255;255m+                   },
[38;2;0;95;95m[48;2;215;255;255m+                   "leaveToClass": Object {
[38;2;0;95;95m[48;2;215;255;255m+                     "type": [Function],
[38;2;0;95;95m[48;2;215;255;255m+                   },
[38;2;0;95;95m[48;2;215;255;255m+                   "mode": Object {
[38;2;0;95;95m[48;2;215;255;255m+                     "type": [Function],
[38;2;0;95;95m[48;2;215;255;255m+                   },
[38;2;0;95;95m[48;2;215;255;255m+                   "name": Object {
[38;2;0;95;95m[48;2;215;255;255m+                     "type": [Function],
[38;2;0;95;95m[48;2;215;255;255m+                   },
[38;2;0;95;95m[48;2;215;255;255m+                   "type": Object {
[38;2;0;95;95m[48;2;215;255;255m+                     "type": [Function],
[38;2;0;95;95m[48;2;215;255;255m+                   },
[38;2;0;95;95m[48;2;215;255;255m+                 },
[38;2;0;95;95m[48;2;215;255;255m+                 "render": [Function],
[38;2;0;95;95m[48;2;215;255;255m+                 "staticClass": undefined,
[38;2;0;95;95m[48;2;215;255;255m+                 "staticStyle": undefined,
[38;2;0;95;95m[48;2;215;255;255m+                 "style": undefined,
[38;2;0;95;95m[48;2;215;255;255m+               },
[38;2;0;95;95m[48;2;215;255;255m+               "transition-group": Object {
[38;2;0;95;95m[48;2;215;255;255m+                 "$_doNotStubChildren": true,
[38;2;0;95;95m[48;2;215;255;255m+                 "$_vueTestUtils_original": Object {
[38;2;0;95;95m[48;2;215;255;255m+                   "_Ctor": Object {
[38;2;0;95;95m[48;2;215;255;255m+                     "1404": [Function],
[38;2;0;95;95m[48;2;215;255;255m+                   },
[38;2;0;95;95m[48;2;215;255;255m+                   "beforeMount": [Function],
[38;2;0;95;95m[48;2;215;255;255m+                   "methods": Object {
[38;2;0;95;95m[48;2;215;255;255m+                     "hasMove": [Function],
[38;2;0;95;95m[48;2;215;255;255m+                   },
[38;2;0;95;95m[48;2;215;255;255m+                   "props": Object {
[38;2;0;95;95m[48;2;215;255;255m+                     "appear": Object {
[38;2;0;95;95m[48;2;215;255;255m+                       "type": [Function],
[38;2;0;95;95m[48;2;215;255;255m+                     },
[38;2;0;95;95m[48;2;215;255;255m+                     "appearActiveClass": Object {
[38;2;0;95;95m[48;2;215;255;255m+                       "type": [Function],
[38;2;0;95;95m[48;2;215;255;255m+                     },
[38;2;0;95;95m[48;2;215;255;255m+                     "appearClass": Object {
[38;2;0;95;95m[48;2;215;255;255m+                       "type": [Function],
[38;2;0;95;95m[48;2;215;255;255m+                     },
[38;2;0;95;95m[48;2;215;255;255m+                     "appearToClass": Object {
[38;2;0;95;95m[48;2;215;255;255m+                       "type": [Function],
[38;2;0;95;95m[48;2;215;255;255m+                     },
[38;2;0;95;95m[48;2;215;255;255m+                     "css": Object {
[38;2;0;95;95m[48;2;215;255;255m+                       "type": [Function],
[38;2;0;95;95m[48;2;215;255;255m+                     },
[38;2;0;95;95m[48;2;215;255;255m+                     "duration": Object {
[38;2;0;95;95m[48;2;215;255;255m+                       "type": Array [
[38;2;0;95;95m[48;2;215;255;255m+                         [Function],
[38;2;0;95;95m[48;2;215;255;255m+                         [Function],
[38;2;0;95;95m[48;2;215;255;255m+                         [Function],
[38;2;0;95;95m[48;2;215;255;255m+                       ],
[38;2;0;95;95m[48;2;215;255;255m+                     },
[38;2;0;95;95m[48;2;215;255;255m+                     "enterActiveClass": Object {
[38;2;0;95;95m[48;2;215;255;255m+                       "type": [Function],
[38;2;0;95;95m[48;2;215;255;255m+                     },
[38;2;0;95;95m[48;2;215;255;255m+                     "enterClass": Object {
[38;2;0;95;95m[48;2;215;255;255m+                       "type": [Function],
[38;2;0;95;95m[48;2;215;255;255m+                     },
[38;2;0;95;95m[48;2;215;255;255m+                     "enterToClass": Object {
[38;2;0;95;95m[48;2;215;255;255m+                       "type": [Function],
[38;2;0;95;95m[48;2;215;255;255m+                     },
[38;2;0;95;95m[48;2;215;255;255m+                     "leaveActiveClass": Object {
[38;2;0;95;95m[48;2;215;255;255m+                       "type": [Function],
[38;2;0;95;95m[48;2;215;255;255m+                     },
[38;2;0;95;95m[48;2;215;255;255m+                     "leaveClass": Object {
[38;2;0;95;95m[48;2;215;255;255m+                       "type": [Function],
[38;2;0;95;95m[48;2;215;255;255m+                     },
[38;2;0;95;95m[48;2;215;255;255m+                     "leaveToClass": Object {
[38;2;0;95;95m[48;2;215;255;255m+                       "type": [Function],
[38;2;0;95;95m[48;2;215;255;255m+                     },
[38;2;0;95;95m[48;2;215;255;255m+                     "moveClass": Object {
[38;2;0;95;95m[48;2;215;255;255m+                       "type": [Function],
[38;2;0;95;95m[48;2;215;255;255m+                     },
[38;2;0;95;95m[48;2;215;255;255m+                     "name": Object {
[38;2;0;95;95m[48;2;215;255;255m+                       "type": [Function],
[38;2;0;95;95m[48;2;215;255;255m+                     },
[38;2;0;95;95m[48;2;215;255;255m+                     "tag": Object {
[38;2;0;95;95m[48;2;215;255;255m+                       "type": [Function],
[38;2;0;95;95m[48;2;215;255;255m+                     },
[38;2;0;95;95m[48;2;215;255;255m+                     "type": Object {
[38;2;0;95;95m[48;2;215;255;255m+                       "type": [Function],
[38;2;0;95;95m[48;2;215;255;255m+                     },
[38;2;0;95;95m[48;2;215;255;255m+                   },
[38;2;0;95;95m[48;2;215;255;255m+                   "render": [Function],
[38;2;0;95;95m[48;2;215;255;255m+                   "updated": [Function],
[38;2;0;95;95m[48;2;215;255;255m+                 },
[38;2;0;95;95m[48;2;215;255;255m+                 "abstract": undefined,
[38;2;0;95;95m[48;2;215;255;255m+                 "attrs": undefined,
[38;2;0;95;95m[48;2;215;255;255m+                 "class": undefined,
[38;2;0;95;95m[48;2;215;255;255m+                 "domProps": undefined,
[38;2;0;95;95m[48;2;215;255;255m+                 "functional": undefined,
[38;2;0;95;95m[48;2;215;255;255m+                 "key": undefined,
[38;2;0;95;95m[48;2;215;255;255m+                 "model": undefined,
[38;2;0;95;95m[48;2;215;255;255m+                 "name": undefined,
[38;2;0;95;95m[48;2;215;255;255m+                 "nativeOn": undefined,
[38;2;0;95;95m[48;2;215;255;255m+                 "normalizedStyle": undefined,
[38;2;0;95;95m[48;2;215;255;255m+                 "on": undefined,
[38;2;0;95;95m[48;2;215;255;255m+                 "props": Object {
[38;2;0;95;95m[48;2;215;255;255m+                   "appear": Object {
[38;2;0;95;95m[48;2;215;255;255m+                     "type": [Function],
[38;2;0;95;95m[48;2;215;255;255m+                   },
[38;2;0;95;95m[48;2;215;255;255m+                   "appearActiveClass": Object {
[38;2;0;95;95m[48;2;215;255;255m+                     "type": [Function],
[38;2;0;95;95m[48;2;215;255;255m+                   },
[38;2;0;95;95m[48;2;215;255;255m+                   "appearClass": Object {
[38;2;0;95;95m[48;2;215;255;255m+                     "type": [Function],
[38;2;0;95;95m[48;2;215;255;255m+                   },
[38;2;0;95;95m[48;2;215;255;255m+                   "appearToClass": Object {
[38;2;0;95;95m[48;2;215;255;255m+                     "type": [Function],
[38;2;0;95;95m[48;2;215;255;255m+                   },
[38;2;0;95;95m[48;2;215;255;255m+                   "css": Object {
[38;2;0;95;95m[48;2;215;255;255m+                     "type": [Function],
[38;2;0;95;95m[48;2;215;255;255m+                   },
[38;2;0;95;95m[48;2;215;255;255m+                   "duration": Object {
[38;2;0;95;95m[48;2;215;255;255m+                     "type": Array [
[38;2;0;95;95m[48;2;215;255;255m+                       [Function],
[38;2;0;95;95m[48;2;215;255;255m+                       [Function],
[38;2;0;95;95m[48;2;215;255;255m+                       [Function],
[38;2;0;95;95m[48;2;215;255;255m+                     ],
[38;2;0;95;95m[48;2;215;255;255m+                   },
[38;2;0;95;95m[48;2;215;255;255m+                   "enterActiveClass": Object {
[38;2;0;95;95m[48;2;215;255;255m+                     "type": [Function],
[38;2;0;95;95m[48;2;215;255;255m+                   },
[38;2;0;95;95m[48;2;215;255;255m+                   "enterClass": Object {
[38;2;0;95;95m[48;2;215;255;255m+                     "type": [Function],
[38;2;0;95;95m[48;2;215;255;255m+                   },
[38;2;0;95;95m[48;2;215;255;255m+                   "enterToClass": Object {
[38;2;0;95;95m[48;2;215;255;255m+                     "type": [Function],
[38;2;0;95;95m[48;2;215;255;255m+                   },
[38;2;0;95;95m[48;2;215;255;255m+                   "leaveActiveClass": Object {
[38;2;0;95;95m[48;2;215;255;255m+                     "type": [Function],
[38;2;0;95;95m[48;2;215;255;255m+                   },
[38;2;0;95;95m[48;2;215;255;255m+                   "leaveClass": Object {
[38;2;0;95;95m[48;2;215;255;255m+                     "type": [Function],
[38;2;0;95;95m[48;2;215;255;255m+                   },
[38;2;0;95;95m[48;2;215;255;255m+                   "leaveToClass": Object {
[38;2;0;95;95m[48;2;215;255;255m+                     "type": [Function],
[38;2;0;95;95m[48;2;215;255;255m+                   },
[38;2;0;95;95m[48;2;215;255;255m+                   "moveClass": Object {
[38;2;0;95;95m[48;2;215;255;255m+                     "type": [Function],
[38;2;0;95;95m[48;2;215;255;255m+                   },
[38;2;0;95;95m[48;2;215;255;255m+                   "name": Object {
[38;2;0;95;95m[48;2;215;255;255m+                     "type": [Function],
[38;2;0;95;95m[48;2;215;255;255m+                   },
[38;2;0;95;95m[48;2;215;255;255m+                   "tag": Object {
[38;2;0;95;95m[48;2;215;255;255m+                     "type": [Function],
[38;2;0;95;95m[48;2;215;255;255m+                   },
[38;2;0;95;95m[48;2;215;255;255m+                   "type": Object {
[38;2;0;95;95m[48;2;215;255;255m+                     "type": [Function],
[38;2;0;95;95m[48;2;215;255;255m+                   },
[38;2;0;95;95m[48;2;215;255;255m+                 },
[38;2;0;95;95m[48;2;215;255;255m+                 "render": [Function],
[38;2;0;95;95m[48;2;215;255;255m+                 "staticClass": undefined,
[38;2;0;95;95m[48;2;215;255;255m+                 "staticStyle": undefined,
[38;2;0;95;95m[48;2;215;255;255m+                 "style": undefined,
[38;2;0;95;95m[48;2;215;255;255m+               },
[38;2;0;95;95m[48;2;215;255;255m+             },
[38;2;0;95;95m[48;2;215;255;255m+             "config": Object {
[38;2;0;95;95m[48;2;215;255;255m+               "_lifecycleHooks": Array [
[38;2;0;95;95m[48;2;215;255;255m+                 "beforeCreate",
[38;2;0;95;95m[48;2;215;255;255m+                 "created",
[38;2;0;95;95m[48;2;215;255;255m+                 "beforeMount",
[38;2;0;95;95m[48;2;215;255;255m+                 "mounted",
[38;2;0;95;95m[48;2;215;255;255m+                 "beforeUpdate",
[38;2;0;95;95m[48;2;215;255;255m+                 "updated",
[38;2;0;95;95m[48;2;215;255;255m+                 "beforeDestroy",
[38;2;0;95;95m[48;2;215;255;255m+                 "destroyed",
[38;2;0;95;95m[48;2;215;255;255m+                 "activated",
[38;2;0;95;95m[48;2;215;255;255m+                 "deactivated",
[38;2;0;95;95m[48;2;215;255;255m+                 "errorCaptured",
[38;2;0;95;95m[48;2;215;255;255m+                 "serverPrefetch",
[38;2;0;95;95m[48;2;215;255;255m+               ],
[38;2;0;95;95m[48;2;215;255;255m+               "async": true,
[38;2;0;95;95m[48;2;215;255;255m+               "devtools": false,
[38;2;0;95;95m[48;2;215;255;255m+               "errorHandler": undefined,
[38;2;0;95;95m[48;2;215;255;255m+               "getTagNamespace": [Function],
[38;2;0;95;95m[48;2;215;255;255m+               "ignoredElements": Array [],
[38;2;0;95;95m[48;2;215;255;255m+               "isReservedAttr": [Function],
[38;2;0;95;95m[48;2;215;255;255m+               "isReservedTag": [Function],
[38;2;0;95;95m[48;2;215;255;255m+               "isUnknownElement": [Function],
[38;2;0;95;95m[48;2;215;255;255m+               "keyCodes": Object {},
[38;2;0;95;95m[48;2;215;255;255m+               "mustUseProp": [Function],
[38;2;0;95;95m[48;2;215;255;255m+               "optionMergeStrategies": Object {
[38;2;0;95;95m[48;2;215;255;255m+                 "activated": [Function],
[38;2;0;95;95m[48;2;215;255;255m+                 "beforeCreate": [Function],
[38;2;0;95;95m[48;2;215;255;255m+                 "beforeDestroy": [Function],
[38;2;0;95;95m[48;2;215;255;255m+                 "beforeMount": [Function],
[38;2;0;95;95m[48;2;215;255;255m+                 "beforeUpdate": [Function],
[38;2;0;95;95m[48;2;215;255;255m+                 "components": [Function],
[38;2;0;95;95m[48;2;215;255;255m+                 "computed": [Function],
[38;2;0;95;95m[48;2;215;255;255m+                 "created": [Function],
[38;2;0;95;95m[48;2;215;255;255m+                 "data": [Function],
[38;2;0;95;95m[48;2;215;255;255m+                 "deactivated": [Function],
[38;2;0;95;95m[48;2;215;255;255m+                 "destroyed": [Function],
[38;2;0;95;95m[48;2;215;255;255m+                 "directives": [Function],
[38;2;0;95;95m[48;2;215;255;255m+                 "el": [Function],
[38;2;0;95;95m[48;2;215;255;255m+                 "errorCaptured": [Function],
[38;2;0;95;95m[48;2;215;255;255m+                 "filters": [Function],
[38;2;0;95;95m[48;2;215;255;255m+                 "inject": [Function],
[38;2;0;95;95m[48;2;215;255;255m+                 "methods": [Function],
[38;2;0;95;95m[48;2;215;255;255m+                 "mounted": [Function],
[38;2;0;95;95m[48;2;215;255;255m+                 "props": [Function],
[38;2;0;95;95m[48;2;215;255;255m+                 "propsData": [Function],
[38;2;0;95;95m[48;2;215;255;255m+                 "provide": [Function],
[38;2;0;95;95m[48;2;215;255;255m+                 "serverPrefetch": [Function],
[38;2;0;95;95m[48;2;215;255;255m+                 "updated": [Function],
[38;2;0;95;95m[48;2;215;255;255m+                 "watch": [Function],
[38;2;0;95;95m[48;2;215;255;255m+               },
[38;2;0;95;95m[48;2;215;255;255m+               "parsePlatformTagName": [Function],
[38;2;0;95;95m[48;2;215;255;255m+               "performance": false,
[38;2;0;95;95m[48;2;215;255;255m+               "productionTip": false,
[38;2;0;95;95m[48;2;215;255;255m+               "silent": false,
[38;2;0;95;95m[48;2;215;255;255m+               "warnHandler": null,
[38;2;0;95;95m[48;2;215;255;255m+             },
[38;2;0;95;95m[48;2;215;255;255m+             "data": [Function],
[38;2;0;95;95m[48;2;215;255;255m+             "delete": [Function],
[38;2;0;95;95m[48;2;215;255;255m+             "directive": [Function],
[38;2;0;95;95m[48;2;215;255;255m+             "directives": Object {},
[38;2;0;95;95m[48;2;215;255;255m+             "extend": [Function],
[38;2;0;95;95m[48;2;215;255;255m+             "extendOptions": Object {
[38;2;0;95;95m[48;2;215;255;255m+               "_Ctor": Object {
[38;2;0;95;95m[48;2;215;255;255m+                 "0": [Function],
[38;2;0;95;95m[48;2;215;255;255m+               },
[38;2;0;95;95m[48;2;215;255;255m+             },
[38;2;0;95;95m[48;2;215;255;255m+             "filter": [Function],
[38;2;0;95;95m[48;2;215;255;255m+             "filters": Object {},
[38;2;0;95;95m[48;2;215;255;255m+             "methods": undefined,
[38;2;0;95;95m[48;2;215;255;255m+             "mixin": [Function],
[38;2;0;95;95m[48;2;215;255;255m+             "mocks": undefined,
[38;2;0;95;95m[48;2;215;255;255m+             "nextTick": [Function],
[38;2;0;95;95m[48;2;215;255;255m+             "observable": [Function],
[38;2;0;95;95m[48;2;215;255;255m+             "options": Object {
[38;2;0;95;95m[48;2;215;255;255m+               "_Ctor": Object {
[38;2;0;95;95m[48;2;215;255;255m+                 "0": [Function],
[38;2;0;95;95m[48;2;215;255;255m+               },
[38;2;0;95;95m[48;2;215;255;255m+               "_base": [Function],
[38;2;0;95;95m[48;2;215;255;255m+               "beforeCreate": Array [
[38;2;0;95;95m[48;2;215;255;255m+                 [Function],
[38;2;0;95;95m[48;2;215;255;255m+                 [Function],
[38;2;0;95;95m[48;2;215;255;255m+               ],
[38;2;0;95;95m[48;2;215;255;255m+               "components": Object {
[38;2;0;95;95m[48;2;215;255;255m+                 "BTooltip": [Function],
[38;2;0;95;95m[48;2;215;255;255m+               },
[38;2;0;95;95m[48;2;215;255;255m+               "directives": Object {
[38;2;0;95;95m[48;2;215;255;255m+                 "BHover": Object {
[38;2;0;95;95m[48;2;215;255;255m+                   "bind": [Function],
[38;2;0;95;95m[48;2;215;255;255m+                   "componentUpdated": [Function],
[38;2;0;95;95m[48;2;215;255;255m+                   "unbind": [Function],
[38;2;0;95;95m[48;2;215;255;255m+                 },
[38;2;0;95;95m[48;2;215;255;255m+                 "BModal": Object {
[38;2;0;95;95m[48;2;215;255;255m+                   "componentUpdated": [Function],
[38;2;0;95;95m[48;2;215;255;255m+                   "inserted": [Function],
[38;2;0;95;95m[48;2;215;255;255m+                   "unbind": [Function],
[38;2;0;95;95m[48;2;215;255;255m+                   "updated": [Function],
[38;2;0;95;95m[48;2;215;255;255m+                 },
[38;2;0;95;95m[48;2;215;255;255m+                 "BScrollspy": Object {
[38;2;0;95;95m[48;2;215;255;255m+                   "bind": [Function],
[38;2;0;95;95m[48;2;215;255;255m+                   "componentUpdated": [Function],
[38;2;0;95;95m[48;2;215;255;255m+                   "inserted": [Function],
[38;2;0;95;95m[48;2;215;255;255m+                   "unbind": [Function],
[38;2;0;95;95m[48;2;215;255;255m+                   "update": [Function],
[38;2;0;95;95m[48;2;215;255;255m+                 },
[38;2;0;95;95m[48;2;215;255;255m+                 "BTooltip": Object {
[38;2;0;95;95m[48;2;215;255;255m+                   "bind": [Function],
[38;2;0;95;95m[48;2;215;255;255m+                   "componentUpdated": [Function],
[38;2;0;95;95m[48;2;215;255;255m+                   "unbind": [Function],
[38;2;0;95;95m[48;2;215;255;255m+                 },
[38;2;0;95;95m[48;2;215;255;255m+                 "BVisible": Object {
[38;2;0;95;95m[48;2;215;255;255m+                   "bind": [Function],
[38;2;0;95;95m[48;2;215;255;255m+                   "componentUpdated": [Function],
[38;2;0;95;95m[48;2;215;255;255m+                   "unbind": [Function],
[38;2;0;95;95m[48;2;215;255;255m+                 },
[38;2;0;95;95m[48;2;215;255;255m+               },
[38;2;0;95;95m[48;2;215;255;255m+               "filters": Object {},
[38;2;0;95;95m[48;2;215;255;255m+             },
[38;2;0;95;95m[48;2;215;255;255m+             "provide": [Function],
[38;2;0;95;95m[48;2;215;255;255m+             "render": [Function],
[38;2;0;95;95m[48;2;215;255;255m+             "sealedOptions": Object {
[38;2;0;95;95m[48;2;215;255;255m+               "_Ctor": Object {
[38;2;0;95;95m[48;2;215;255;255m+                 "0": [Function],
[38;2;0;95;95m[48;2;215;255;255m+               },
[38;2;0;95;95m[48;2;215;255;255m+               "_base": [Function],
[38;2;0;95;95m[48;2;215;255;255m+               "components": Object {
[38;2;0;95;95m[48;2;215;255;255m+                 "BAlert": [Function],
[38;2;0;95;95m[48;2;215;255;255m+                 "BAspect": [Function],
[38;2;0;95;95m[48;2;215;255;255m+                 "BAvatar": [Function],
[38;2;0;95;95m[48;2;215;255;255m+                 "BAvatarGroup": [Function],
[38;2;0;95;95m[48;2;215;255;255m+                 "BBadge": [Function],
[38;2;0;95;95m[48;2;215;255;255m+                 "BBreadcrumb": [Function],
[38;2;0;95;95m[48;2;215;255;255m+                 "BBreadcrumbItem": [Function],
[38;2;0;95;95m[48;2;215;255;255m+                 "BBreadcrumbLink": [Function],
[38;2;0;95;95m[48;2;215;255;255m+                 "BBtn": [Function],
[38;2;0;95;95m[48;2;215;255;255m+                 "BBtnClose": [Function],
[38;2;0;95;95m[48;2;215;255;255m+                 "BBtnGroup": [Function],
[38;2;0;95;95m[48;2;215;255;255m+                 "BBtnToolbar": [Function],
[38;2;0;95;95m[48;2;215;255;255m+                 "BButton": [Function],
[38;2;0;95;95m[48;2;215;255;255m+                 "BButtonClose": [Function],
[38;2;0;95;95m[48;2;215;255;255m+                 "BButtonGroup": [Function],
[38;2;0;95;95m[48;2;215;255;255m+                 "BButtonToolbar": [Function],
[38;2;0;95;95m[48;2;215;255;255m+                 "BCalendar": [Function],
[38;2;0;95;95m[48;2;215;255;255m+                 "BCard": [Function],
[38;2;0;95;95m[48;2;215;255;255m+                 "BCardBody": [Function],
[38;2;0;95;95m[48;2;215;255;255m+                 "BCardFooter": [Function],
[38;2;0;95;95m[48;2;215;255;255m+                 "BCardGroup": [Function],
[38;2;0;95;95m[48;2;215;255;255m+                 "BCardHeader": [Function],
[38;2;0;95;95m[48;2;215;255;255m+                 "BCardImg": [Function],
[38;2;0;95;95m[48;2;215;255;255m+                 "BCardImgLazy": [Function],
[38;2;0;95;95m[48;2;215;255;255m+                 "BCardSubTitle": [Function],
[38;2;0;95;95m[48;2;215;255;255m+                 "BCardText": [Function],
[38;2;0;95;95m[48;2;215;255;255m+                 "BCardTitle": [Function],
[38;2;0;95;95m[48;2;215;255;255m+                 "BCarousel": [Function],
[38;2;0;95;95m[48;2;215;255;255m+                 "BCarouselSlide": [Function],
[38;2;0;95;95m[48;2;215;255;255m+                 "BCheck": [Function],
[38;2;0;95;95m[48;2;215;255;255m+                 "BCheckGroup": [Function],
[38;2;0;95;95m[48;2;215;255;255m+                 "BCheckbox": [Function],
[38;2;0;95;95m[48;2;215;255;255m+                 "BCheckboxGroup": [Function],
[38;2;0;95;95m[48;2;215;255;255m+                 "BCol": [Function],
[38;2;0;95;95m[48;2;215;255;255m+                 "BCollapse": [Function],
[38;2;0;95;95m[48;2;215;255;255m+                 "BContainer": [Function],
[38;2;0;95;95m[48;2;215;255;255m+                 "BDatalist": [Function],
[38;2;0;95;95m[48;2;215;255;255m+                 "BDatepicker": [Function],
[38;2;0;95;95m[48;2;215;255;255m+                 "BDd": [Function],
[38;2;0;95;95m[48;2;215;255;255m+                 "BDdDivider": [Function],
[38;2;0;95;95m[48;2;215;255;255m+                 "BDdForm": [Function],
[38;2;0;95;95m[48;2;215;255;255m+                 "BDdGroup": [Function],
[38;2;0;95;95m[48;2;215;255;255m+                 "BDdHeader": [Function],
[38;2;0;95;95m[48;2;215;255;255m+                 "BDdItem": [Function],
[38;2;0;95;95m[48;2;215;255;255m+                 "BDdItemBtn": [Function],
[38;2;0;95;95m[48;2;215;255;255m+                 "BDdItemButton": [Function],
[38;2;0;95;95m[48;2;215;255;255m+                 "BDdText": [Function],
[38;2;0;95;95m[48;2;215;255;255m+                 "BDropdown": [Function],
[38;2;0;95;95m[48;2;215;255;255m+                 "BDropdownDivider": [Function],
[38;2;0;95;95m[48;2;215;255;255m+                 "BDropdownForm": [Function],
[38;2;0;95;95m[48;2;215;255;255m+                 "BDropdownGroup": [Function],
[38;2;0;95;95m[48;2;215;255;255m+                 "BDropdownHeader": [Function],
[38;2;0;95;95m[48;2;215;255;255m+                 "BDropdownItem": [Function],
[38;2;0;95;95m[48;2;215;255;255m+                 "BDropdownItemBtn": [Function],
[38;2;0;95;95m[48;2;215;255;255m+                 "BDropdownItemButton": [Function],
[38;2;0;95;95m[48;2;215;255;255m+                 "BDropdownText": [Function],
[38;2;0;95;95m[48;2;215;255;255m+                 "BEmbed": [Function],
[38;2;0;95;95m[48;2;215;255;255m+                 "BFile": [Function],
[38;2;0;95;95m[48;2;215;255;255m+                 "BForm": [Function],
[38;2;0;95;95m[48;2;215;255;255m+                 "BFormCheckbox": [Function],
[38;2;0;95;95m[48;2;215;255;255m+                 "BFormCheckboxGroup": [Function],
[38;2;0;95;95m[48;2;215;255;255m+                 "BFormDatalist": [Function],
[38;2;0;95;95m[48;2;215;255;255m+                 "BFormDatepicker": [Function],
[38;2;0;95;95m[48;2;215;255;255m+                 "BFormFeedback": [Function],
[38;2;0;95;95m[48;2;215;255;255m+                 "BFormFieldset": [Function],
[38;2;0;95;95m[48;2;215;255;255m+                 "BFormFile": [Function],
[38;2;0;95;95m[48;2;215;255;255m+                 "BFormGroup": [Function],
[38;2;0;95;95m[48;2;215;255;255m+                 "BFormInput": [Function],
[38;2;0;95;95m[48;2;215;255;255m+                 "BFormInvalidFeedback": [Function],
[38;2;0;95;95m[48;2;215;255;255m+                 "BFormRadio": [Function],
[38;2;0;95;95m[48;2;215;255;255m+                 "BFormRadioGroup": [Function],
[38;2;0;95;95m[48;2;215;255;255m+                 "BFormRating": [Function],
[38;2;0;95;95m[48;2;215;255;255m+                 "BFormRow": [Function],
[38;2;0;95;95m[48;2;215;255;255m+                 "BFormSelect": [Function],
[38;2;0;95;95m[48;2;215;255;255m+                 "BFormSelectOption": [Function],
[38;2;0;95;95m[48;2;215;255;255m+                 "BFormSelectOptionGroup": [Function],
[38;2;0;95;95m[48;2;215;255;255m+                 "BFormSpinbutton": [Function],
[38;2;0;95;95m[48;2;215;255;255m+                 "BFormTag": [Function],
[38;2;0;95;95m[48;2;215;255;255m+                 "BFormTags": [Function],
[38;2;0;95;95m[48;2;215;255;255m+                 "BFormText": [Function],
[38;2;0;95;95m[48;2;215;255;255m+                 "BFormTextarea": [Function],
[38;2;0;95;95m[48;2;215;255;255m+                 "BFormTimepicker": [Function],
[38;2;0;95;95m[48;2;215;255;255m+                 "BFormValidFeedback": [Function],
[38;2;0;95;95m[48;2;215;255;255m+                 "BImg": [Function],
[38;2;0;95;95m[48;2;215;255;255m+                 "BImgLazy": [Function],
[38;2;0;95;95m[48;2;215;255;255m+                 "BInput": [Function],
[38;2;0;95;95m[48;2;215;255;255m+                 "BInputGroup": [Function],
[38;2;0;95;95m[48;2;215;255;255m+                 "BInputGroupAddon": [Function],
[38;2;0;95;95m[48;2;215;255;255m+                 "BInputGroupAppend": [Function],
[38;2;0;95;95m[48;2;215;255;255m+                 "BInputGroupPrepend": [Function],
[38;2;0;95;95m[48;2;215;255;255m+                 "BInputGroupText": [Function],
[38;2;0;95;95m[48;2;215;255;255m+                 "BJumbotron": [Function],
[38;2;0;95;95m[48;2;215;255;255m+                 "BLink": [Function],
[38;2;0;95;95m[48;2;215;255;255m+                 "BListGroup": [Function],
[38;2;0;95;95m[48;2;215;255;255m+                 "BListGroupItem": [Function],
[38;2;0;95;95m[48;2;215;255;255m+                 "BMedia": [Function],
[38;2;0;95;95m[48;2;215;255;255m+                 "BMediaAside": [Function],
[38;2;0;95;95m[48;2;215;255;255m+                 "BMediaBody": [Function],
[38;2;0;95;95m[48;2;215;255;255m+                 "BModal": [Function],
[38;2;0;95;95m[48;2;215;255;255m+                 "BRadio": [Function],
[38;2;0;95;95m[48;2;215;255;255m+                 "BRadioGroup": [Function],
[38;2;0;95;95m[48;2;215;255;255m+                 "BRating": [Function],
[38;2;0;95;95m[48;2;215;255;255m+                 "BRow": [Function],
[38;2;0;95;95m[48;2;215;255;255m+                 "BSelect": [Function],
[38;2;0;95;95m[48;2;215;255;255m+                 "BSelectOption": [Function],
[38;2;0;95;95m[48;2;215;255;255m+                 "BSelectOptionGroup": [Function],
[38;2;0;95;95m[48;2;215;255;255m+                 "BSpinbutton": [Function],
[38;2;0;95;95m[48;2;215;255;255m+                 "BTag": [Function],
[38;2;0;95;95m[48;2;215;255;255m+                 "BTags": [Function],
[38;2;0;95;95m[48;2;215;255;255m+                 "BTextarea": [Function],
[38;2;0;95;95m[48;2;215;255;255m+                 "BTimepicker": [Function],
[38;2;0;95;95m[48;2;215;255;255m+               },
[38;2;0;95;95m[48;2;215;255;255m+               "directives": Object {
[38;2;0;95;95m[48;2;215;255;255m+                 "BModal": Object {
[38;2;0;95;95m[48;2;215;255;255m+                   "componentUpdated": [Function],
[38;2;0;95;95m[48;2;215;255;255m+                   "inserted": [Function],
[38;2;0;95;95m[48;2;215;255;255m+                   "unbind": [Function],
[38;2;0;95;95m[48;2;215;255;255m+                   "updated": [Function],
[38;2;0;95;95m[48;2;215;255;255m+                 },
[38;2;0;95;95m[48;2;215;255;255m+                 "BToggle": Object {
[38;2;0;95;95m[48;2;215;255;255m+                   "bind": [Function],
[38;2;0;95;95m[48;2;215;255;255m+                   "componentUpdated": [Function],
[38;2;0;95;95m[48;2;215;255;255m+                   "unbind": [Function],
[38;2;0;95;95m[48;2;215;255;255m+                   "updated": [Function],
[38;2;0;95;95m[48;2;215;255;255m+                 },
[38;2;0;95;95m[48;2;215;255;255m+               },
[38;2;0;95;95m[48;2;215;255;255m+               "filters": Object {},
[38;2;0;95;95m[48;2;215;255;255m+             },
[38;2;0;95;95m[48;2;215;255;255m+             "set": [Function],
[38;2;0;95;95m[48;2;215;255;255m+             "shouldProxy": true,
[38;2;0;95;95m[48;2;215;255;255m+             "stubs": Object {
[38;2;0;95;95m[48;2;215;255;255m+               "transition": true,
[38;2;0;95;95m[48;2;215;255;255m+               "transition-group": true,
[38;2;0;95;95m[48;2;215;255;255m+             },
[38;2;0;95;95m[48;2;215;255;255m+             "super": [Function],
[38;2;0;95;95m[48;2;215;255;255m+             "superOptions": Object {
[38;2;0;95;95m[48;2;215;255;255m+               "_base": [Function],
[38;2;0;95;95m[48;2;215;255;255m+               "components": Object {
[38;2;0;95;95m[48;2;215;255;255m+                 "KeepAlive": Object {
[38;2;0;95;95m[48;2;215;255;255m+                   "abstract": true,
[38;2;0;95;95m[48;2;215;255;255m+                   "created": [Function],
[38;2;0;95;95m[48;2;215;255;255m+                   "destroyed": [Function],
[38;2;0;95;95m[48;2;215;255;255m+                   "methods": Object {
[38;2;0;95;95m[48;2;215;255;255m+                     "cacheVNode": [Function],
[38;2;0;95;95m[48;2;215;255;255m+                   },
[38;2;0;95;95m[48;2;215;255;255m+                   "mounted": [Function],
[38;2;0;95;95m[48;2;215;255;255m+                   "name": "keep-alive",
[38;2;0;95;95m[48;2;215;255;255m+                   "props": Object {
[38;2;0;95;95m[48;2;215;255;255m+                     "exclude": Array [
[38;2;0;95;95m[48;2;215;255;255m+                       [Function],
[38;2;0;95;95m[48;2;215;255;255m+                       [Function],
[38;2;0;95;95m[48;2;215;255;255m+                       [Function],
[38;2;0;95;95m[48;2;215;255;255m+                     ],
[38;2;0;95;95m[48;2;215;255;255m+                     "include": Array [
[38;2;0;95;95m[48;2;215;255;255m+                       [Function],
[38;2;0;95;95m[48;2;215;255;255m+                       [Function],
[38;2;0;95;95m[48;2;215;255;255m+                       [Function],
[38;2;0;95;95m[48;2;215;255;255m+                     ],
[38;2;0;95;95m[48;2;215;255;255m+                     "max": Array [
[38;2;0;95;95m[48;2;215;255;255m+                       [Function],
[38;2;0;95;95m[48;2;215;255;255m+                       [Function],
[38;2;0;95;95m[48;2;215;255;255m+                     ],
[38;2;0;95;95m[48;2;215;255;255m+                   },
[38;2;0;95;95m[48;2;215;255;255m+                   "render": [Function],
[38;2;0;95;95m[48;2;215;255;255m+                   "updated": [Function],
[38;2;0;95;95m[48;2;215;255;255m+                 },
[38;2;0;95;95m[48;2;215;255;255m+                 "Transition": Object {
[38;2;0;95;95m[48;2;215;255;255m+                   "_Ctor": Object {
[38;2;0;95;95m[48;2;215;255;255m+                     "1404": [Function],
[38;2;0;95;95m[48;2;215;255;255m+                   },
[38;2;0;95;95m[48;2;215;255;255m+                   "abstract": true,
[38;2;0;95;95m[48;2;215;255;255m+                   "name": "transition",
[38;2;0;95;95m[48;2;215;255;255m+                   "props": Object {
[38;2;0;95;95m[48;2;215;255;255m+                     "appear": Object {
[38;2;0;95;95m[48;2;215;255;255m+                       "type": [Function],
[38;2;0;95;95m[48;2;215;255;255m+                     },
[38;2;0;95;95m[48;2;215;255;255m+                     "appearActiveClass": Object {
[38;2;0;95;95m[48;2;215;255;255m+                       "type": [Function],
[38;2;0;95;95m[48;2;215;255;255m+                     },
[38;2;0;95;95m[48;2;215;255;255m+                     "appearClass": Object {
[38;2;0;95;95m[48;2;215;255;255m+                       "type": [Function],
[38;2;0;95;95m[48;2;215;255;255m+                     },
[38;2;0;95;95m[48;2;215;255;255m+                     "appearToClass": Object {
[38;2;0;95;95m[48;2;215;255;255m+                       "type": [Function],
[38;2;0;95;95m[48;2;215;255;255m+                     },
[38;2;0;95;95m[48;2;215;255;255m+                     "css": Object {
[38;2;0;95;95m[48;2;215;255;255m+                       "type": [Function],
[38;2;0;95;95m[48;2;215;255;255m+                     },
[38;2;0;95;95m[48;2;215;255;255m+                     "duration": Object {
[38;2;0;95;95m[48;2;215;255;255m+                       "type": Array [
[38;2;0;95;95m[48;2;215;255;255m+                         [Function],
[38;2;0;95;95m[48;2;215;255;255m+                         [Function],
[38;2;0;95;95m[48;2;215;255;255m+                         [Function],
[38;2;0;95;95m[48;2;215;255;255m+                       ],
[38;2;0;95;95m[48;2;215;255;255m+                     },
[38;2;0;95;95m[48;2;215;255;255m+                     "enterActiveClass": Object {
[38;2;0;95;95m[48;2;215;255;255m+                       "type": [Function],
[38;2;0;95;95m[48;2;215;255;255m+                     },
[38;2;0;95;95m[48;2;215;255;255m+                     "enterClass": Object {
[38;2;0;95;95m[48;2;215;255;255m+                       "type": [Function],
[38;2;0;95;95m[48;2;215;255;255m+                     },
[38;2;0;95;95m[48;2;215;255;255m+                     "enterToClass": Object {
[38;2;0;95;95m[48;2;215;255;255m+                       "type": [Function],
[38;2;0;95;95m[48;2;215;255;255m+                     },
[38;2;0;95;95m[48;2;215;255;255m+                     "leaveActiveClass": Object {
[38;2;0;95;95m[48;2;215;255;255m+                       "type": [Function],
[38;2;0;95;95m[48;2;215;255;255m+                     },
[38;2;0;95;95m[48;2;215;255;255m+                     "leaveClass": Object {
[38;2;0;95;95m[48;2;215;255;255m+                       "type": [Function],
[38;2;0;95;95m[48;2;215;255;255m+                     },
[38;2;0;95;95m[48;2;215;255;255m+                     "leaveToClass": Object {
[38;2;0;95;95m[48;2;215;255;255m+                       "type": [Function],
[38;2;0;95;95m[48;2;215;255;255m+                     },
[38;2;0;95;95m[48;2;215;255;255m+                     "mode": Object {
[38;2;0;95;95m[48;2;215;255;255m+                       "type": [Function],
[38;2;0;95;95m[48;2;215;255;255m+                     },
[38;2;0;95;95m[48;2;215;255;255m+                     "name": Object {
[38;2;0;95;95m[48;2;215;255;255m+                       "type": [Function],
[38;2;0;95;95m[48;2;215;255;255m+                     },
[38;2;0;95;95m[48;2;215;255;255m+                     "type": Object {
[38;2;0;95;95m[48;2;215;255;255m+                       "type": [Function],
[38;2;0;95;95m[48;2;215;255;255m+                     },
[38;2;0;95;95m[48;2;215;255;255m+                   },
[38;2;0;95;95m[48;2;215;255;255m+                   "render": [Function],
[38;2;0;95;95m[48;2;215;255;255m+                 },
[38;2;0;95;95m[48;2;215;255;255m+                 "TransitionGroup": Object {
[38;2;0;95;95m[48;2;215;255;255m+                   "_Ctor": Object {
[38;2;0;95;95m[48;2;215;255;255m+                     "1404": [Function],
[38;2;0;95;95m[48;2;215;255;255m+                   },
[38;2;0;95;95m[48;2;215;255;255m+                   "beforeMount": [Function],
[38;2;0;95;95m[48;2;215;255;255m+                   "methods": Object {
[38;2;0;95;95m[48;2;215;255;255m+                     "hasMove": [Function],
[38;2;0;95;95m[48;2;215;255;255m+                   },
[38;2;0;95;95m[48;2;215;255;255m+                   "props": Object {
[38;2;0;95;95m[48;2;215;255;255m+                     "appear": Object {
[38;2;0;95;95m[48;2;215;255;255m+                       "type": [Function],
[38;2;0;95;95m[48;2;215;255;255m+                     },
[38;2;0;95;95m[48;2;215;255;255m+                     "appearActiveClass": Object {
[38;2;0;95;95m[48;2;215;255;255m+                       "type": [Function],
[38;2;0;95;95m[48;2;215;255;255m+                     },
[38;2;0;95;95m[48;2;215;255;255m+                     "appearClass": Object {
[38;2;0;95;95m[48;2;215;255;255m+                       "type": [Function],
[38;2;0;95;95m[48;2;215;255;255m+                     },
[38;2;0;95;95m[48;2;215;255;255m+                     "appearToClass": Object {
[38;2;0;95;95m[48;2;215;255;255m+                       "type": [Function],
[38;2;0;95;95m[48;2;215;255;255m+                     },
[38;2;0;95;95m[48;2;215;255;255m+                     "css": Object {
[38;2;0;95;95m[48;2;215;255;255m+                       "type": [Function],
[38;2;0;95;95m[48;2;215;255;255m+                     },
[38;2;0;95;95m[48;2;215;255;255m+                     "duration": Object {
[38;2;0;95;95m[48;2;215;255;255m+                       "type": Array [
[38;2;0;95;95m[48;2;215;255;255m+                         [Function],
[38;2;0;95;95m[48;2;215;255;255m+                         [Function],
[38;2;0;95;95m[48;2;215;255;255m+                         [Function],
[38;2;0;95;95m[48;2;215;255;255m+                       ],
[38;2;0;95;95m[48;2;215;255;255m+                     },
[38;2;0;95;95m[48;2;215;255;255m+                     "enterActiveClass": Object {
[38;2;0;95;95m[48;2;215;255;255m+                       "type": [Function],
[38;2;0;95;95m[48;2;215;255;255m+                     },
[38;2;0;95;95m[48;2;215;255;255m+                     "enterClass": Object {
[38;2;0;95;95m[48;2;215;255;255m+                       "type": [Function],
[38;2;0;95;95m[48;2;215;255;255m+                     },
[38;2;0;95;95m[48;2;215;255;255m+                     "enterToClass": Object {
[38;2;0;95;95m[48;2;215;255;255m+                       "type": [Function],
[38;2;0;95;95m[48;2;215;255;255m+                     },
[38;2;0;95;95m[48;2;215;255;255m+                     "leaveActiveClass": Object {
[38;2;0;95;95m[48;2;215;255;255m+                       "type": [Function],
[38;2;0;95;95m[48;2;215;255;255m+                     },
[38;2;0;95;95m[48;2;215;255;255m+                     "leaveClass": Object {
[38;2;0;95;95m[48;2;215;255;255m+                       "type": [Function],
[38;2;0;95;95m[48;2;215;255;255m+                     },
[38;2;0;95;95m[48;2;215;255;255m+                     "leaveToClass": Object {
[38;2;0;95;95m[48;2;215;255;255m+                       "type": [Function],
[38;2;0;95;95m[48;2;215;255;255m+                     },
[38;2;0;95;95m[48;2;215;255;255m+                     "moveClass": Object {
[38;2;0;95;95m[48;2;215;255;255m+                       "type": [Function],
[38;2;0;95;95m[48;2;215;255;255m+                     },
[38;2;0;95;95m[48;2;215;255;255m+                     "name": Object {
[38;2;0;95;95m[48;2;215;255;255m+                       "type": [Function],
[38;2;0;95;95m[48;2;215;255;255m+                     },
[38;2;0;95;95m[48;2;215;255;255m+                     "tag": Object {
[38;2;0;95;95m[48;2;215;255;255m+                       "type": [Function],
[38;2;0;95;95m[48;2;215;255;255m+                     },
[38;2;0;95;95m[48;2;215;255;255m+                     "type": Object {
[38;2;0;95;95m[48;2;215;255;255m+                       "type": [Function],
[38;2;0;95;95m[48;2;215;255;255m+                     },
[38;2;0;95;95m[48;2;215;255;255m+                   },
[38;2;0;95;95m[48;2;215;255;255m+                   "render": [Function],
[38;2;0;95;95m[48;2;215;255;255m+                   "updated": [Function],
[38;2;0;95;95m[48;2;215;255;255m+                 },
[38;2;0;95;95m[48;2;215;255;255m+               },
[38;2;0;95;95m[48;2;215;255;255m+               "directives": Object {
[38;2;0;95;95m[48;2;215;255;255m+                 "model": Object {
[38;2;0;95;95m[48;2;215;255;255m+                   "componentUpdated": [Function],
[38;2;0;95;95m[48;2;215;255;255m+                   "inserted": [Function],
[38;2;0;95;95m[48;2;215;255;255m+                 },
[38;2;0;95;95m[48;2;215;255;255m+                 "show": Object {
[38;2;0;95;95m[48;2;215;255;255m+                   "bind": [Function],
[38;2;0;95;95m[48;2;215;255;255m+                   "unbind": [Function],
[38;2;0;95;95m[48;2;215;255;255m+                   "update": [Function],
[38;2;0;95;95m[48;2;215;255;255m+                 },
[38;2;0;95;95m[48;2;215;255;255m+               },
[38;2;0;95;95m[48;2;215;255;255m+               "filters": Object {},
[38;2;0;95;95m[48;2;215;255;255m+             },
[38;2;0;95;95m[48;2;215;255;255m+             "use": [Function],
[38;2;0;95;95m[48;2;215;255;255m+             "util": Object {
[38;2;0;95;95m[48;2;215;255;255m+               "defineReactive": [Function],
[38;2;0;95;95m[48;2;215;255;255m+               "extend": [Function],
[38;2;0;95;95m[48;2;215;255;255m+               "mergeOptions": [Function],
[38;2;0;95;95m[48;2;215;255;255m+               "warn": [Function],
[38;2;0;95;95m[48;2;215;255;255m+             },
[38;2;0;95;95m[48;2;215;255;255m+             "version": "2.6.14",
[38;2;0;95;95m[48;2;215;255;255m+           },
[38;2;0;95;95m[48;2;215;255;255m+           "$parent": undefined,
[38;2;0;95;95m[48;2;215;255;255m+           "$refs": Object {},
[38;2;0;95;95m[48;2;215;255;255m+           "$root": [Circular],
[38;2;0;95;95m[48;2;215;255;255m+           "$scopedSlots": Object {},
[38;2;0;95;95m[48;2;215;255;255m+           "$slots": Object {},
[38;2;0;95;95m[48;2;215;255;255m+           "$vnode": undefined,
[38;2;0;95;95m[48;2;215;255;255m+           "__emitted": Object {},
[38;2;0;95;95m[48;2;215;255;255m+           "__emittedByOrder": Array [],
[38;2;0;95;95m[48;2;215;255;255m+           "_c": [Function],
[38;2;0;95;95m[48;2;215;255;255m+           "_data": Object {
[38;2;0;95;95m[48;2;215;255;255m+             "vueTestUtils_childProps": Object {},
[38;2;0;95;95m[48;2;215;255;255m+           },
[38;2;0;95;95m[48;2;215;255;255m+           "_directInactive": false,
[38;2;0;95;95m[48;2;215;255;255m+           "_events": Object {},
[38;2;0;95;95m[48;2;215;255;255m+           "_hasHookEvent": false,
[38;2;0;95;95m[48;2;215;255;255m+           "_inactive": null,
[38;2;0;95;95m[48;2;215;255;255m+           "_isBeingDestroyed": false,
[38;2;0;95;95m[48;2;215;255;255m+           "_isDestroyed": false,
[38;2;0;95;95m[48;2;215;255;255m+           "_isMounted": true,
[38;2;0;95;95m[48;2;215;255;255m+           "_isVue": true,
[38;2;0;95;95m[48;2;215;255;255m+           "_provided": Object {},
[38;2;0;95;95m[48;2;215;255;255m+           "_renderProxy": [Circular],
[38;2;0;95;95m[48;2;215;255;255m+           "_self": [Circular],
[38;2;0;95;95m[48;2;215;255;255m+           "_staticTrees": null,
[38;2;0;95;95m[48;2;215;255;255m+           "_uid": 2,
[38;2;0;95;95m[48;2;215;255;255m+           "_vnode": VNode {
[38;2;0;95;95m[48;2;215;255;255m+             "asyncFactory": undefined,
[38;2;0;95;95m[48;2;215;255;255m+             "asyncMeta": undefined,
[38;2;0;95;95m[48;2;215;255;255m+             "children": undefined,
[38;2;0;95;95m[48;2;215;255;255m+             "componentInstance": [Circular],
[38;2;0;95;95m[48;2;215;255;255m+             "componentOptions": Object {
[38;2;0;95;95m[48;2;215;255;255m+               "Ctor": [Function],
[38;2;0;95;95m[48;2;215;255;255m+               "children": undefined,
[38;2;0;95;95m[48;2;215;255;255m+               "listeners": Object {},
[38;2;0;95;95m[48;2;215;255;255m+               "propsData": undefined,
[38;2;0;95;95m[48;2;215;255;255m+               "tag": undefined,
[38;2;0;95;95m[48;2;215;255;255m+             },
[38;2;0;95;95m[48;2;215;255;255m+             "context": [Circular],
[38;2;0;95;95m[48;2;215;255;255m+             "data": Object {
[38;2;0;95;95m[48;2;215;255;255m+               "attrs": Object {},
[38;2;0;95;95m[48;2;215;255;255m+               "hook": Object {
[38;2;0;95;95m[48;2;215;255;255m+                 "destroy": [Function],
[38;2;0;95;95m[48;2;215;255;255m+                 "init": [Function],
[38;2;0;95;95m[48;2;215;255;255m+                 "insert": [Function],
[38;2;0;95;95m[48;2;215;255;255m+                 "prepatch": [Function],
[38;2;0;95;95m[48;2;215;255;255m+               },
[38;2;0;95;95m[48;2;215;255;255m+               "on": undefined,
[38;2;0;95;95m[48;2;215;255;255m+               "pendingInsert": null,
[38;2;0;95;95m[48;2;215;255;255m+               "scopedSlots": Object {
[38;2;0;95;95m[48;2;215;255;255m+                 "_normalized": Object {},
[38;2;0;95;95m[48;2;215;255;255m+               },
[38;2;0;95;95m[48;2;215;255;255m+             },
[38;2;0;95;95m[48;2;215;255;255m+             "elm": <div>
[38;2;0;95;95m[48;2;215;255;255m+               <b-dropdown
[38;2;0;95;95m[48;2;215;255;255m+                 no-caret=""
[38;2;0;95;95m[48;2;215;255;255m+                 right=""
[38;2;0;95;95m[48;2;215;255;255m+                 size="lg"
[38;2;0;95;95m[48;2;215;255;255m+                 variant="link"
[38;2;0;95;95m[48;2;215;255;255m+               >
[38;2;0;95;95m[48;2;215;255;255m+                  
[38;2;0;95;95m[48;2;215;255;255m+                 <b-dropdown-item>
[38;2;0;95;95m[48;2;215;255;255m+                   <b-icon
[38;2;0;95;95m[48;2;215;255;255m+                     icon="door-open"
[38;2;0;95;95m[48;2;215;255;255m+                   />
[38;2;0;95;95m[48;2;215;255;255m+                   
[38;2;0;95;95m[48;2;215;255;255m+       回到主页
[38;2;0;95;95m[48;2;215;255;255m+     
[38;2;0;95;95m[48;2;215;255;255m+                 </b-dropdown-item>
[38;2;0;95;95m[48;2;215;255;255m+                  
[38;2;0;95;95m[48;2;215;255;255m+                 <b-dropdown-item>
[38;2;0;95;95m[48;2;215;255;255m+                   <b-icon
[38;2;0;95;95m[48;2;215;255;255m+                     icon="cursor-fill"
[38;2;0;95;95m[48;2;215;255;255m+                   />
[38;2;0;95;95m[48;2;215;255;255m+                   
[38;2;0;95;95m[48;2;215;255;255m+       注销用户
[38;2;0;95;95m[48;2;215;255;255m+     
[38;2;0;95;95m[48;2;215;255;255m+                 </b-dropdown-item>
[38;2;0;95;95m[48;2;215;255;255m+               </b-dropdown>
[38;2;0;95;95m[48;2;215;255;255m+             </div>,
[38;2;0;95;95m[48;2;215;255;255m+             "fnContext": undefined,
[38;2;0;95;95m[48;2;215;255;255m+             "fnOptions": undefined,
[38;2;0;95;95m[48;2;215;255;255m+             "fnScopeId": undefined,
[38;2;0;95;95m[48;2;215;255;255m+             "isAsyncPlaceholder": false,
[38;2;0;95;95m[48;2;215;255;255m+             "isCloned": false,
[38;2;0;95;95m[48;2;215;255;255m+             "isComment": false,
[38;2;0;95;95m[48;2;215;255;255m+             "isOnce": false,
[38;2;0;95;95m[48;2;215;255;255m+             "isRootInsert": true,
[38;2;0;95;95m[48;2;215;255;255m+             "isStatic": false,
[38;2;0;95;95m[48;2;215;255;255m+             "key": undefined,
[38;2;0;95;95m[48;2;215;255;255m+             "ns": undefined,
[38;2;0;95;95m[48;2;215;255;255m+             "parent": undefined,
[38;2;0;95;95m[48;2;215;255;255m+             "raw": false,
[38;2;0;95;95m[48;2;215;255;255m+             "tag": "vue-component-1408-UserLogo",
[38;2;0;95;95m[48;2;215;255;255m+             "text": undefined,
[38;2;0;95;95m[48;2;215;255;255m+           },
[38;2;0;95;95m[48;2;215;255;255m+           "_watcher": Watcher {
[38;2;0;95;95m[48;2;215;255;255m+             "active": true,
[38;2;0;95;95m[48;2;215;255;255m+             "before": [Function],
[38;2;0;95;95m[48;2;215;255;255m+             "cb": [Function],
[38;2;0;95;95m[48;2;215;255;255m+             "deep": false,
[38;2;0;95;95m[48;2;215;255;255m+             "depIds": Set {
[38;2;0;95;95m[48;2;215;255;255m+               21,
[38;2;0;95;95m[48;2;215;255;255m+               22,
[38;2;0;95;95m[48;2;215;255;255m+             },
[38;2;0;95;95m[48;2;215;255;255m+             "deps": Array [
[38;2;0;95;95m[48;2;215;255;255m+               Dep {
[38;2;0;95;95m[48;2;215;255;255m+                 "id": 21,
[38;2;0;95;95m[48;2;215;255;255m+                 "subs": Array [
[38;2;0;95;95m[48;2;215;255;255m+                   [Circular],
[38;2;0;95;95m[48;2;215;255;255m+                 ],
[38;2;0;95;95m[48;2;215;255;255m+               },
[38;2;0;95;95m[48;2;215;255;255m+               Dep {
[38;2;0;95;95m[48;2;215;255;255m+                 "id": 22,
[38;2;0;95;95m[48;2;215;255;255m+                 "subs": Array [
[38;2;0;95;95m[48;2;215;255;255m+                   [Circular],
[38;2;0;95;95m[48;2;215;255;255m+                 ],
[38;2;0;95;95m[48;2;215;255;255m+               },
[38;2;0;95;95m[48;2;215;255;255m+             ],
[38;2;0;95;95m[48;2;215;255;255m+             "dirty": false,
[38;2;0;95;95m[48;2;215;255;255m+             "expression": "function () {
[38;2;0;95;95m[48;2;215;255;255m+       vm._update(vm._render(), hydrating);
[38;2;0;95;95m[48;2;215;255;255m+     }",
[38;2;0;95;95m[48;2;215;255;255m+             "getter": [Function],
[38;2;0;95;95m[48;2;215;255;255m+             "id": 5,
[38;2;0;95;95m[48;2;215;255;255m+             "lazy": false,
[38;2;0;95;95m[48;2;215;255;255m+             "newDepIds": Set {},
[38;2;0;95;95m[48;2;215;255;255m+             "newDeps": Array [],
[38;2;0;95;95m[48;2;215;255;255m+             "sync": false,
[38;2;0;95;95m[48;2;215;255;255m+             "user": false,
[38;2;0;95;95m[48;2;215;255;255m+             "value": undefined,
[38;2;0;95;95m[48;2;215;255;255m+             "vm": [Circular],
[38;2;0;95;95m[48;2;215;255;255m+           },
[38;2;0;95;95m[48;2;215;255;255m+           "_watchers": Array [
[38;2;0;95;95m[48;2;215;255;255m+             Watcher {
[38;2;0;95;95m[48;2;215;255;255m+               "active": true,
[38;2;0;95;95m[48;2;215;255;255m+               "before": [Function],
[38;2;0;95;95m[48;2;215;255;255m+               "cb": [Function],
[38;2;0;95;95m[48;2;215;255;255m+               "deep": false,
[38;2;0;95;95m[48;2;215;255;255m+               "depIds": Set {
[38;2;0;95;95m[48;2;215;255;255m+                 21,
[38;2;0;95;95m[48;2;215;255;255m+                 22,
[38;2;0;95;95m[48;2;215;255;255m+               },
[38;2;0;95;95m[48;2;215;255;255m+               "deps": Array [
[38;2;0;95;95m[48;2;215;255;255m+                 Dep {
[38;2;0;95;95m[48;2;215;255;255m+                   "id": 21,
[38;2;0;95;95m[48;2;215;255;255m+                   "subs": Array [
[38;2;0;95;95m[48;2;215;255;255m+                     [Circular],
[38;2;0;95;95m[48;2;215;255;255m+                   ],
[38;2;0;95;95m[48;2;215;255;255m+                 },
[38;2;0;95;95m[48;2;215;255;255m+                 Dep {
[38;2;0;95;95m[48;2;215;255;255m+                   "id": 22,
[38;2;0;95;95m[48;2;215;255;255m+                   "subs": Array [
[38;2;0;95;95m[48;2;215;255;255m+                     [Circular],
[38;2;0;95;95m[48;2;215;255;255m+                   ],
[38;2;0;95;95m[48;2;215;255;255m+                 },
[38;2;0;95;95m[48;2;215;255;255m+               ],
[38;2;0;95;95m[48;2;215;255;255m+               "dirty": false,
[38;2;0;95;95m[48;2;215;255;255m+               "expression": "function () {
[38;2;0;95;95m[48;2;215;255;255m+       vm._update(vm._render(), hydrating);
[38;2;0;95;95m[48;2;215;255;255m+     }",
[38;2;0;95;95m[48;2;215;255;255m+               "getter": [Function],
[38;2;0;95;95m[48;2;215;255;255m+               "id": 5,
[38;2;0;95;95m[48;2;215;255;255m+               "lazy": false,
[38;2;0;95;95m[48;2;215;255;255m+               "newDepIds": Set {},
[38;2;0;95;95m[48;2;215;255;255m+               "newDeps": Array [],
[38;2;0;95;95m[48;2;215;255;255m+               "sync": false,
[38;2;0;95;95m[48;2;215;255;255m+               "user": false,
[38;2;0;95;95m[48;2;215;255;255m+               "value": undefined,
[38;2;0;95;95m[48;2;215;255;255m+               "vm": [Circular],
[38;2;0;95;95m[48;2;215;255;255m+             },
[38;2;0;95;95m[48;2;215;255;255m+           ],
[38;2;0;95;95m[48;2;215;255;255m+           "vueTestUtils_childProps": Object {},
[38;2;0;95;95m[48;2;215;255;255m+         },
[38;2;0;95;95m[48;2;215;255;255m+         "_self": [Circular],
[38;2;0;95;95m[48;2;215;255;255m+         "_staticTrees": null,
[38;2;0;95;95m[48;2;215;255;255m+         "_uid": 2,
[38;2;0;95;95m[48;2;215;255;255m+         "_vnode": VNode {
[38;2;0;95;95m[48;2;215;255;255m+           "asyncFactory": undefined,
[38;2;0;95;95m[48;2;215;255;255m+           "asyncMeta": undefined,
[38;2;0;95;95m[48;2;215;255;255m+           "children": undefined,
[38;2;0;95;95m[48;2;215;255;255m+           "componentInstance": [Circular],
[38;2;0;95;95m[48;2;215;255;255m+           "componentOptions": Object {
[38;2;0;95;95m[48;2;215;255;255m+             "Ctor": [Function],
[38;2;0;95;95m[48;2;215;255;255m+             "children": undefined,
[38;2;0;95;95m[48;2;215;255;255m+             "listeners": Object {},
[38;2;0;95;95m[48;2;215;255;255m+             "propsData": undefined,
[38;2;0;95;95m[48;2;215;255;255m+             "tag": undefined,
[38;2;0;95;95m[48;2;215;255;255m+           },
[38;2;0;95;95m[48;2;215;255;255m+           "context": [Circular],
[38;2;0;95;95m[48;2;215;255;255m+           "data": Object {
[38;2;0;95;95m[48;2;215;255;255m+             "attrs": Object {},
[38;2;0;95;95m[48;2;215;255;255m+             "hook": Object {
[38;2;0;95;95m[48;2;215;255;255m+               "destroy": [Function],
[38;2;0;95;95m[48;2;215;255;255m+               "init": [Function],
[38;2;0;95;95m[48;2;215;255;255m+               "insert": [Function],
[38;2;0;95;95m[48;2;215;255;255m+               "prepatch": [Function],
[38;2;0;95;95m[48;2;215;255;255m+             },
[38;2;0;95;95m[48;2;215;255;255m+             "on": undefined,
[38;2;0;95;95m[48;2;215;255;255m+             "pendingInsert": null,
[38;2;0;95;95m[48;2;215;255;255m+             "scopedSlots": Object {
[38;2;0;95;95m[48;2;215;255;255m+               "_normalized": Object {},
[38;2;0;95;95m[48;2;215;255;255m+             },
[38;2;0;95;95m[48;2;215;255;255m+           },
[38;2;0;95;95m[48;2;215;255;255m+           "elm": <div>
[38;2;0;95;95m[48;2;215;255;255m+             <b-dropdown
[38;2;0;95;95m[48;2;215;255;255m+               no-caret=""
[38;2;0;95;95m[48;2;215;255;255m+               right=""
[38;2;0;95;95m[48;2;215;255;255m+               size="lg"
[38;2;0;95;95m[48;2;215;255;255m+               variant="link"
[38;2;0;95;95m[48;2;215;255;255m+             >
[38;2;0;95;95m[48;2;215;255;255m+                
[38;2;0;95;95m[48;2;215;255;255m+               <b-dropdown-item>
[38;2;0;95;95m[48;2;215;255;255m+                 <b-icon
[38;2;0;95;95m[48;2;215;255;255m+                   icon="door-open"
[38;2;0;95;95m[48;2;215;255;255m+                 />
[38;2;0;95;95m[48;2;215;255;255m+                 
[38;2;0;95;95m[48;2;215;255;255m+       回到主页
[38;2;0;95;95m[48;2;215;255;255m+     
[38;2;0;95;95m[48;2;215;255;255m+               </b-dropdown-item>
[38;2;0;95;95m[48;2;215;255;255m+                
[38;2;0;95;95m[48;2;215;255;255m+               <b-dropdown-item>
[38;2;0;95;95m[48;2;215;255;255m+                 <b-icon
[38;2;0;95;95m[48;2;215;255;255m+                   icon="cursor-fill"
[38;2;0;95;95m[48;2;215;255;255m+                 />
[38;2;0;95;95m[48;2;215;255;255m+                 
[38;2;0;95;95m[48;2;215;255;255m+       注销用户
[38;2;0;95;95m[48;2;215;255;255m+     
[38;2;0;95;95m[48;2;215;255;255m+               </b-dropdown-item>
[38;2;0;95;95m[48;2;215;255;255m+             </b-dropdown>
[38;2;0;95;95m[48;2;215;255;255m+           </div>,
[38;2;0;95;95m[48;2;215;255;255m+           "fnContext": undefined,
[38;2;0;95;95m[48;2;215;255;255m+           "fnOptions": undefined,
[38;2;0;95;95m[48;2;215;255;255m+           "fnScopeId": undefined,
[38;2;0;95;95m[48;2;215;255;255m+           "isAsyncPlaceholder": false,
[38;2;0;95;95m[48;2;215;255;255m+           "isCloned": false,
[38;2;0;95;95m[48;2;215;255;255m+           "isComment": false,
[38;2;0;95;95m[48;2;215;255;255m+           "isOnce": false,
[38;2;0;95;95m[48;2;215;255;255m+           "isRootInsert": true,
[38;2;0;95;95m[48;2;215;255;255m+           "isStatic": false,
[38;2;0;95;95m[48;2;215;255;255m+           "key": undefined,
[38;2;0;95;95m[48;2;215;255;255m+           "ns": undefined,
[38;2;0;95;95m[48;2;215;255;255m+           "parent": undefined,
[38;2;0;95;95m[48;2;215;255;255m+           "raw": false,
[38;2;0;95;95m[48;2;215;255;255m+           "tag": "vue-component-1408-UserLogo",
[38;2;0;95;95m[48;2;215;255;255m+           "text": undefined,
[38;2;0;95;95m[48;2;215;255;255m+         },
[38;2;0;95;95m[48;2;215;255;255m+         "_watcher": Watcher {
[38;2;0;95;95m[48;2;215;255;255m+           "active": true,
[38;2;0;95;95m[48;2;215;255;255m+           "before": [Function],
[38;2;0;95;95m[48;2;215;255;255m+           "cb": [Function],
[38;2;0;95;95m[48;2;215;255;255m+           "deep": false,
[38;2;0;95;95m[48;2;215;255;255m+           "depIds": Set {
[38;2;0;95;95m[48;2;215;255;255m+             21,
[38;2;0;95;95m[48;2;215;255;255m+             22,
[38;2;0;95;95m[48;2;215;255;255m+           },
[38;2;0;95;95m[48;2;215;255;255m+           "deps": Array [
[38;2;0;95;95m[48;2;215;255;255m+             Dep {
[38;2;0;95;95m[48;2;215;255;255m+               "id": 21,
[38;2;0;95;95m[48;2;215;255;255m+               "subs": Array [
[38;2;0;95;95m[48;2;215;255;255m+                 [Circular],
[38;2;0;95;95m[48;2;215;255;255m+               ],
[38;2;0;95;95m[48;2;215;255;255m+             },
[38;2;0;95;95m[48;2;215;255;255m+             Dep {
[38;2;0;95;95m[48;2;215;255;255m+               "id": 22,
[38;2;0;95;95m[48;2;215;255;255m+               "subs": Array [
[38;2;0;95;95m[48;2;215;255;255m+                 [Circular],
[38;2;0;95;95m[48;2;215;255;255m+               ],
[38;2;0;95;95m[48;2;215;255;255m+             },
[38;2;0;95;95m[48;2;215;255;255m+           ],
[38;2;0;95;95m[48;2;215;255;255m+           "dirty": false,
[38;2;0;95;95m[48;2;215;255;255m+           "expression": "function () {
[38;2;0;95;95m[48;2;215;255;255m+       vm._update(vm._render(), hydrating);
[38;2;0;95;95m[48;2;215;255;255m+     }",
[38;2;0;95;95m[48;2;215;255;255m+           "getter": [Function],
[38;2;0;95;95m[48;2;215;255;255m+           "id": 5,
[38;2;0;95;95m[48;2;215;255;255m+           "lazy": false,
[38;2;0;95;95m[48;2;215;255;255m+           "newDepIds": Set {},
[38;2;0;95;95m[48;2;215;255;255m+           "newDeps": Array [],
[38;2;0;95;95m[48;2;215;255;255m+           "sync": false,
[38;2;0;95;95m[48;2;215;255;255m+           "user": false,
[38;2;0;95;95m[48;2;215;255;255m+           "value": undefined,
[38;2;0;95;95m[48;2;215;255;255m+           "vm": [Circular],
[38;2;0;95;95m[48;2;215;255;255m+         },
[38;2;0;95;95m[48;2;215;255;255m+         "_watchers": Array [
[38;2;0;95;95m[48;2;215;255;255m+           Watcher {
[38;2;0;95;95m[48;2;215;255;255m+             "active": true,
[38;2;0;95;95m[48;2;215;255;255m+             "before": [Function],
[38;2;0;95;95m[48;2;215;255;255m+             "cb": [Function],
[38;2;0;95;95m[48;2;215;255;255m+             "deep": false,
[38;2;0;95;95m[48;2;215;255;255m+             "depIds": Set {
[38;2;0;95;95m[48;2;215;255;255m+               21,
[38;2;0;95;95m[48;2;215;255;255m+               22,
[38;2;0;95;95m[48;2;215;255;255m+             },
[38;2;0;95;95m[48;2;215;255;255m+             "deps": Array [
[38;2;0;95;95m[48;2;215;255;255m+               Dep {
[38;2;0;95;95m[48;2;215;255;255m+                 "id": 21,
[38;2;0;95;95m[48;2;215;255;255m+                 "subs": Array [
[38;2;0;95;95m[48;2;215;255;255m+                   [Circular],
[38;2;0;95;95m[48;2;215;255;255m+                 ],
[38;2;0;95;95m[48;2;215;255;255m+               },
[38;2;0;95;95m[48;2;215;255;255m+               Dep {
[38;2;0;95;95m[48;2;215;255;255m+                 "id": 22,
[38;2;0;95;95m[48;2;215;255;255m+                 "subs": Array [
[38;2;0;95;95m[48;2;215;255;255m+                   [Circular],
[38;2;0;95;95m[48;2;215;255;255m+                 ],
[38;2;0;95;95m[48;2;215;255;255m+               },
[38;2;0;95;95m[48;2;215;255;255m+             ],
[38;2;0;95;95m[48;2;215;255;255m+             "dirty": false,
[38;2;0;95;95m[48;2;215;255;255m+             "expression": "function () {
[38;2;0;95;95m[48;2;215;255;255m+       vm._update(vm._render(), hydrating);
[38;2;0;95;95m[48;2;215;255;255m+     }",
[38;2;0;95;95m[48;2;215;255;255m+             "getter": [Function],
[38;2;0;95;95m[48;2;215;255;255m+             "id": 5,
[38;2;0;95;95m[48;2;215;255;255m+             "lazy": false,
[38;2;0;95;95m[48;2;215;255;255m+             "newDepIds": Set {},
[38;2;0;95;95m[48;2;215;255;255m+             "newDeps": Array [],
[38;2;0;95;95m[48;2;215;255;255m+             "sync": false,
[38;2;0;95;95m[48;2;215;255;255m+             "user": false,
[38;2;0;95;95m[48;2;215;255;255m+             "value": undefined,
[38;2;0;95;95m[48;2;215;255;255m+             "vm": [Circular],
[38;2;0;95;95m[48;2;215;255;255m+           },
[38;2;0;95;95m[48;2;215;255;255m+         ],
[38;2;0;95;95m[48;2;215;255;255m+         "vueTestUtils_childProps": Object {},
[38;2;0;95;95m[48;2;215;255;255m+       },
[38;2;0;95;95m[48;2;215;255;255m+       "propsData": undefined,
[38;2;0;95;95m[48;2;215;255;255m+     },
[38;2;0;95;95m[48;2;215;255;255m+     "$parent": VueComponent {
[38;2;0;95;95m[48;2;215;255;255m+       "$attrs": Object {},
[38;2;0;95;95m[48;2;215;255;255m+       "$children": Array [
[38;2;0;95;95m[48;2;215;255;255m+         [Circular],
[38;2;0;95;95m[48;2;215;255;255m+       ],
[38;2;0;95;95m[48;2;215;255;255m+       "$createElement": [Function],
[38;2;0;95;95m[48;2;215;255;255m+       "$el": <div>
[38;2;0;95;95m[48;2;215;255;255m+         <b-dropdown
[38;2;0;95;95m[48;2;215;255;255m+           no-caret=""
[38;2;0;95;95m[48;2;215;255;255m+           right=""
[38;2;0;95;95m[48;2;215;255;255m+           size="lg"
[38;2;0;95;95m[48;2;215;255;255m+           variant="link"
[38;2;0;95;95m[48;2;215;255;255m+         >
[38;2;0;95;95m[48;2;215;255;255m+            
[38;2;0;95;95m[48;2;215;255;255m+           <b-dropdown-item>
[38;2;0;95;95m[48;2;215;255;255m+             <b-icon
[38;2;0;95;95m[48;2;215;255;255m+               icon="door-open"
[38;2;0;95;95m[48;2;215;255;255m+             />
[38;2;0;95;95m[48;2;215;255;255m+             
[38;2;0;95;95m[48;2;215;255;255m+       回到主页
[38;2;0;95;95m[48;2;215;255;255m+     
[38;2;0;95;95m[48;2;215;255;255m+           </b-dropdown-item>
[38;2;0;95;95m[48;2;215;255;255m+            
[38;2;0;95;95m[48;2;215;255;255m+           <b-dropdown-item>
[38;2;0;95;95m[48;2;215;255;255m+             <b-icon
[38;2;0;95;95m[48;2;215;255;255m+               icon="cursor-fill"
[38;2;0;95;95m[48;2;215;255;255m+             />
[38;2;0;95;95m[48;2;215;255;255m+             
[38;2;0;95;95m[48;2;215;255;255m+       注销用户
[38;2;0;95;95m[48;2;215;255;255m+     
[38;2;0;95;95m[48;2;215;255;255m+           </b-dropdown-item>
[38;2;0;95;95m[48;2;215;255;255m+         </b-dropdown>
[38;2;0;95;95m[48;2;215;255;255m+       </div>,
[38;2;0;95;95m[48;2;215;255;255m+       "$emit": [Function],
[38;2;0;95;95m[48;2;215;255;255m+       "$listeners": Object {},
[38;2;0;95;95m[48;2;215;255;255m+       "$options": Object {
[38;2;0;95;95m[48;2;215;255;255m+         "$_doNotStubChildren": true,
[38;2;0;95;95m[48;2;215;255;255m+         "$_isWrapperParent": true,
[38;2;0;95;95m[48;2;215;255;255m+         "_Ctor": Object {
[38;2;0;95;95m[48;2;215;255;255m+           "1404": [Function],
[38;2;0;95;95m[48;2;215;255;255m+         },
[38;2;0;95;95m[48;2;215;255;255m+         "_base": [Function],
[38;2;0;95;95m[48;2;215;255;255m+         "_installedPlugins": Array [
[38;2;0;95;95m[48;2;215;255;255m+           Object {
[38;2;0;95;95m[48;2;215;255;255m+             "install": [Function],
[38;2;0;95;95m[48;2;215;255;255m+           },
[38;2;0;95;95m[48;2;215;255;255m+           Object {
[38;2;0;95;95m[48;2;215;255;255m+             "install": [Function],
[38;2;0;95;95m[48;2;215;255;255m+           },
[38;2;0;95;95m[48;2;215;255;255m+           Object {
[38;2;0;95;95m[48;2;215;255;255m+             "install": [Function],
[38;2;0;95;95m[48;2;215;255;255m+           },
[38;2;0;95;95m[48;2;215;255;255m+           Object {
[38;2;0;95;95m[48;2;215;255;255m+             "install": [Function],
[38;2;0;95;95m[48;2;215;255;255m+           },
[38;2;0;95;95m[48;2;215;255;255m+           Object {
[38;2;0;95;95m[48;2;215;255;255m+             "install": [Function],
[38;2;0;95;95m[48;2;215;255;255m+           },
[38;2;0;95;95m[48;2;215;255;255m+           Object {
[38;2;0;95;95m[48;2;215;255;255m+             "install": [Function],
[38;2;0;95;95m[48;2;215;255;255m+           },
[38;2;0;95;95m[48;2;215;255;255m+           Object {
[38;2;0;95;95m[48;2;215;255;255m+             "install": [Function],
[38;2;0;95;95m[48;2;215;255;255m+           },
[38;2;0;95;95m[48;2;215;255;255m+           Object {
[38;2;0;95;95m[48;2;215;255;255m+             "install": [Function],
[38;2;0;95;95m[48;2;215;255;255m+           },
[38;2;0;95;95m[48;2;215;255;255m+           Object {
[38;2;0;95;95m[48;2;215;255;255m+             "install": [Function],
[38;2;0;95;95m[48;2;215;255;255m+           },
[38;2;0;95;95m[48;2;215;255;255m+           Object {
[38;2;0;95;95m[48;2;215;255;255m+             "install": [Function],
[38;2;0;95;95m[48;2;215;255;255m+           },
[38;2;0;95;95m[48;2;215;255;255m+           Object {
[38;2;0;95;95m[48;2;215;255;255m+             "install": [Function],
[38;2;0;95;95m[48;2;215;255;255m+           },
[38;2;0;95;95m[48;2;215;255;255m+           Object {
[38;2;0;95;95m[48;2;215;255;255m+             "install": [Function],
[38;2;0;95;95m[48;2;215;255;255m+           },
[38;2;0;95;95m[48;2;215;255;255m+           Object {
[38;2;0;95;95m[48;2;215;255;255m+             "install": [Function],
[38;2;0;95;95m[48;2;215;255;255m+           },
[38;2;0;95;95m[48;2;215;255;255m+           Object {
[38;2;0;95;95m[48;2;215;255;255m+             "install": [Function],
[38;2;0;95;95m[48;2;215;255;255m+           },
[38;2;0;95;95m[48;2;215;255;255m+           Object {
[38;2;0;95;95m[48;2;215;255;255m+             "install": [Function],
[38;2;0;95;95m[48;2;215;255;255m+           },
[38;2;0;95;95m[48;2;215;255;255m+           Object {
[38;2;0;95;95m[48;2;215;255;255m+             "install": [Function],
[38;2;0;95;95m[48;2;215;255;255m+           },
[38;2;0;95;95m[48;2;215;255;255m+           Object {
[38;2;0;95;95m[48;2;215;255;255m+             "install": [Function],
[38;2;0;95;95m[48;2;215;255;255m+           },
[38;2;0;95;95m[48;2;215;255;255m+           Object {
[38;2;0;95;95m[48;2;215;255;255m+             "install": [Function],
[38;2;0;95;95m[48;2;215;255;255m+           },
[38;2;0;95;95m[48;2;215;255;255m+           Object {
[38;2;0;95;95m[48;2;215;255;255m+             "install": [Function],
[38;2;0;95;95m[48;2;215;255;255m+           },
[38;2;0;95;95m[48;2;215;255;255m+           Object {
[38;2;0;95;95m[48;2;215;255;255m+             "install": [Function],
[38;2;0;95;95m[48;2;215;255;255m+           },
[38;2;0;95;95m[48;2;215;255;255m+           Object {
[38;2;0;95;95m[48;2;215;255;255m+             "install": [Function],
[38;2;0;95;95m[48;2;215;255;255m+           },
[38;2;0;95;95m[48;2;215;255;255m+           Object {
[38;2;0;95;95m[48;2;215;255;255m+             "install": [Function],
[38;2;0;95;95m[48;2;215;255;255m+           },
[38;2;0;95;95m[48;2;215;255;255m+           Object {
[38;2;0;95;95m[48;2;215;255;255m+             "install": [Function],
[38;2;0;95;95m[48;2;215;255;255m+           },
[38;2;0;95;95m[48;2;215;255;255m+           Object {
[38;2;0;95;95m[48;2;215;255;255m+             "install": [Function],
[38;2;0;95;95m[48;2;215;255;255m+           },
[38;2;0;95;95m[48;2;215;255;255m+           Object {
[38;2;0;95;95m[48;2;215;255;255m+             "install": [Function],
[38;2;0;95;95m[48;2;215;255;255m+           },
[38;2;0;95;95m[48;2;215;255;255m+           Object {
[38;2;0;95;95m[48;2;215;255;255m+             "install": [Function],
[38;2;0;95;95m[48;2;215;255;255m+           },
[38;2;0;95;95m[48;2;215;255;255m+           Object {
[38;2;0;95;95m[48;2;215;255;255m+             "install": [Function],
[38;2;0;95;95m[48;2;215;255;255m+           },
[38;2;0;95;95m[48;2;215;255;255m+           Object {
[38;2;0;95;95m[48;2;215;255;255m+             "install": [Function],
[38;2;0;95;95m[48;2;215;255;255m+           },
[38;2;0;95;95m[48;2;215;255;255m+           Object {
[38;2;0;95;95m[48;2;215;255;255m+             "install": [Function],
[38;2;0;95;95m[48;2;215;255;255m+           },
[38;2;0;95;95m[48;2;215;255;255m+           Object {
[38;2;0;95;95m[48;2;215;255;255m+             "install": [Function],
[38;2;0;95;95m[48;2;215;255;255m+           },
[38;2;0;95;95m[48;2;215;255;255m+           Object {
[38;2;0;95;95m[48;2;215;255;255m+             "install": [Function],
[38;2;0;95;95m[48;2;215;255;255m+           },
[38;2;0;95;95m[48;2;215;255;255m+           Object {
[38;2;0;95;95m[48;2;215;255;255m+             "install": [Function],
[38;2;0;95;95m[48;2;215;255;255m+           },
[38;2;0;95;95m[48;2;215;255;255m+           Object {
[38;2;0;95;95m[48;2;215;255;255m+             "install": [Function],
[38;2;0;95;95m[48;2;215;255;255m+           },
[38;2;0;95;95m[48;2;215;255;255m+           Object {
[38;2;0;95;95m[48;2;215;255;255m+             "install": [Function],
[38;2;0;95;95m[48;2;215;255;255m+           },
[38;2;0;95;95m[48;2;215;255;255m+           Object {
[38;2;0;95;95m[48;2;215;255;255m+             "install": [Function],
[38;2;0;95;95m[48;2;215;255;255m+           },
[38;2;0;95;95m[48;2;215;255;255m+           [Function],
[38;2;0;95;95m[48;2;215;255;255m+           Object {
[38;2;0;95;95m[48;2;215;255;255m+             "install": [Function],
[38;2;0;95;95m[48;2;215;255;255m+           },
[38;2;0;95;95m[48;2;215;255;255m+           Object {
[38;2;0;95;95m[48;2;215;255;255m+             "install": [Function],
[38;2;0;95;95m[48;2;215;255;255m+           },
[38;2;0;95;95m[48;2;215;255;255m+           Object {
[38;2;0;95;95m[48;2;215;255;255m+             "install": [Function],
[38;2;0;95;95m[48;2;215;255;255m+           },
[38;2;0;95;95m[48;2;215;255;255m+           Object {
[38;2;0;95;95m[48;2;215;255;255m+             "install": [Function],
[38;2;0;95;95m[48;2;215;255;255m+           },
[38;2;0;95;95m[48;2;215;255;255m+           Object {
[38;2;0;95;95m[48;2;215;255;255m+             "install": [Function],
[38;2;0;95;95m[48;2;215;255;255m+           },
[38;2;0;95;95m[48;2;215;255;255m+           Object {
[38;2;0;95;95m[48;2;215;255;255m+             "install": [Function],
[38;2;0;95;95m[48;2;215;255;255m+           },
[38;2;0;95;95m[48;2;215;255;255m+           Object {
[38;2;0;95;95m[48;2;215;255;255m+             "install": [Function],
[38;2;0;95;95m[48;2;215;255;255m+           },
[38;2;0;95;95m[48;2;215;255;255m+           Object {
[38;2;0;95;95m[48;2;215;255;255m+             "install": [Function],
[38;2;0;95;95m[48;2;215;255;255m+           },
[38;2;0;95;95m[48;2;215;255;255m+           Object {
[38;2;0;95;95m[48;2;215;255;255m+             "install": [Function],
[38;2;0;95;95m[48;2;215;255;255m+           },
[38;2;0;95;95m[48;2;215;255;255m+           Object {
[38;2;0;95;95m[48;2;215;255;255m+             "install": [Function],
[38;2;0;95;95m[48;2;215;255;255m+           },
[38;2;0;95;95m[48;2;215;255;255m+           Object {
[38;2;0;95;95m[48;2;215;255;255m+             "install": [Function],
[38;2;0;95;95m[48;2;215;255;255m+           },
[38;2;0;95;95m[48;2;215;255;255m+           Object {
[38;2;0;95;95m[48;2;215;255;255m+             "install": [Function],
[38;2;0;95;95m[48;2;215;255;255m+           },
[38;2;0;95;95m[48;2;215;255;255m+           Object {
[38;2;0;95;95m[48;2;215;255;255m+             "install": [Function],
[38;2;0;95;95m[48;2;215;255;255m+           },
[38;2;0;95;95m[48;2;215;255;255m+           Object {
[38;2;0;95;95m[48;2;215;255;255m+             "install": [Function],
[38;2;0;95;95m[48;2;215;255;255m+           },
[38;2;0;95;95m[48;2;215;255;255m+           Object {
[38;2;0;95;95m[48;2;215;255;255m+             "install": [Function],
[38;2;0;95;95m[48;2;215;255;255m+           },
[38;2;0;95;95m[48;2;215;255;255m+           Object {
[38;2;0;95;95m[48;2;215;255;255m+             "install": [Function],
[38;2;0;95;95m[48;2;215;255;255m+           },
[38;2;0;95;95m[48;2;215;255;255m+           Object {
[38;2;0;95;95m[48;2;215;255;255m+             "install": [Function],
[38;2;0;95;95m[48;2;215;255;255m+           },
[38;2;0;95;95m[48;2;215;255;255m+           Object {
[38;2;0;95;95m[48;2;215;255;255m+             "install": [Function],
[38;2;0;95;95m[48;2;215;255;255m+           },
[38;2;0;95;95m[48;2;215;255;255m+           [Function],
[38;2;0;95;95m[48;2;215;255;255m+           Object {
[38;2;0;95;95m[48;2;215;255;255m+             "install": [Function],
[38;2;0;95;95m[48;2;215;255;255m+           },
[38;2;0;95;95m[48;2;215;255;255m+           Object {
[38;2;0;95;95m[48;2;215;255;255m+             "install": [Function],
[38;2;0;95;95m[48;2;215;255;255m+           },
[38;2;0;95;95m[48;2;215;255;255m+           Object {
[38;2;0;95;95m[48;2;215;255;255m+             "install": [Function],
[38;2;0;95;95m[48;2;215;255;255m+           },
[38;2;0;95;95m[48;2;215;255;255m+           Object {
[38;2;0;95;95m[48;2;215;255;255m+             "install": [Function],
[38;2;0;95;95m[48;2;215;255;255m+           },
[38;2;0;95;95m[48;2;215;255;255m+           Object {
[38;2;0;95;95m[48;2;215;255;255m+             "install": [Function],
[38;2;0;95;95m[48;2;215;255;255m+           },
[38;2;0;95;95m[48;2;215;255;255m+           Object {
[38;2;0;95;95m[48;2;215;255;255m+             "install": [Function],
[38;2;0;95;95m[48;2;215;255;255m+           },
[38;2;0;95;95m[48;2;215;255;255m+           Object {
[38;2;0;95;95m[48;2;215;255;255m+             "install": [Function],
[38;2;0;95;95m[48;2;215;255;255m+           },
[38;2;0;95;95m[48;2;215;255;255m+           Object {
[38;2;0;95;95m[48;2;215;255;255m+             "install": [Function],
[38;2;0;95;95m[48;2;215;255;255m+           },
[38;2;0;95;95m[48;2;215;255;255m+           Object {
[38;2;0;95;95m[48;2;215;255;255m+             "install": [Function],
[38;2;0;95;95m[48;2;215;255;255m+           },
[38;2;0;95;95m[48;2;215;255;255m+           Object {
[38;2;0;95;95m[48;2;215;255;255m+             "install": [Function],
[38;2;0;95;95m[48;2;215;255;255m+           },
[38;2;0;95;95m[48;2;215;255;255m+           Object {
[38;2;0;95;95m[48;2;215;255;255m+             "NAME": "BootstrapVue",
[38;2;0;95;95m[48;2;215;255;255m+             "install": [Function],
[38;2;0;95;95m[48;2;215;255;255m+           },
[38;2;0;95;95m[48;2;215;255;255m+         ],
[38;2;0;95;95m[48;2;215;255;255m+         "_isFunctionalContainer": undefined,
[38;2;0;95;95m[48;2;215;255;255m+         "beforeCreate": Array [
[38;2;0;95;95m[48;2;215;255;255m+           [Function],
[38;2;0;95;95m[48;2;215;255;255m+           [Function],
[38;2;0;95;95m[48;2;215;255;255m+           [Function],
[38;2;0;95;95m[48;2;215;255;255m+         ],
[38;2;0;95;95m[48;2;215;255;255m+         "cid": 1398,
[38;2;0;95;95m[48;2;215;255;255m+         "component": [Function],
[38;2;0;95;95m[48;2;215;255;255m+         "components": Object {
[38;2;0;95;95m[48;2;215;255;255m+           "transition": Object {
[38;2;0;95;95m[48;2;215;255;255m+             "$_doNotStubChildren": true,
[38;2;0;95;95m[48;2;215;255;255m+             "$_vueTestUtils_original": Object {
[38;2;0;95;95m[48;2;215;255;255m+               "_Ctor": Object {
[38;2;0;95;95m[48;2;215;255;255m+                 "1404": [Function],
[38;2;0;95;95m[48;2;215;255;255m+               },
[38;2;0;95;95m[48;2;215;255;255m+               "abstract": true,
[38;2;0;95;95m[48;2;215;255;255m+               "name": "transition",
[38;2;0;95;95m[48;2;215;255;255m+               "props": Object {
[38;2;0;95;95m[48;2;215;255;255m+                 "appear": Object {
[38;2;0;95;95m[48;2;215;255;255m+                   "type": [Function],
[38;2;0;95;95m[48;2;215;255;255m+                 },
[38;2;0;95;95m[48;2;215;255;255m+                 "appearActiveClass": Object {
[38;2;0;95;95m[48;2;215;255;255m+                   "type": [Function],
[38;2;0;95;95m[48;2;215;255;255m+                 },
[38;2;0;95;95m[48;2;215;255;255m+                 "appearClass": Object {
[38;2;0;95;95m[48;2;215;255;255m+                   "type": [Function],
[38;2;0;95;95m[48;2;215;255;255m+                 },
[38;2;0;95;95m[48;2;215;255;255m+                 "appearToClass": Object {
[38;2;0;95;95m[48;2;215;255;255m+                   "type": [Function],
[38;2;0;95;95m[48;2;215;255;255m+                 },
[38;2;0;95;95m[48;2;215;255;255m+                 "css": Object {
[38;2;0;95;95m[48;2;215;255;255m+                   "type": [Function],
[38;2;0;95;95m[48;2;215;255;255m+                 },
[38;2;0;95;95m[48;2;215;255;255m+                 "duration": Object {
[38;2;0;95;95m[48;2;215;255;255m+                   "type": Array [
[38;2;0;95;95m[48;2;215;255;255m+                     [Function],
[38;2;0;95;95m[48;2;215;255;255m+                     [Function],
[38;2;0;95;95m[48;2;215;255;255m+                     [Function],
[38;2;0;95;95m[48;2;215;255;255m+                   ],
[38;2;0;95;95m[48;2;215;255;255m+                 },
[38;2;0;95;95m[48;2;215;255;255m+                 "enterActiveClass": Object {
[38;2;0;95;95m[48;2;215;255;255m+                   "type": [Function],
[38;2;0;95;95m[48;2;215;255;255m+                 },
[38;2;0;95;95m[48;2;215;255;255m+                 "enterClass": Object {
[38;2;0;95;95m[48;2;215;255;255m+                   "type": [Function],
[38;2;0;95;95m[48;2;215;255;255m+                 },
[38;2;0;95;95m[48;2;215;255;255m+                 "enterToClass": Object {
[38;2;0;95;95m[48;2;215;255;255m+                   "type": [Function],
[38;2;0;95;95m[48;2;215;255;255m+                 },
[38;2;0;95;95m[48;2;215;255;255m+                 "leaveActiveClass": Object {
[38;2;0;95;95m[48;2;215;255;255m+                   "type": [Function],
[38;2;0;95;95m[48;2;215;255;255m+                 },
[38;2;0;95;95m[48;2;215;255;255m+                 "leaveClass": Object {
[38;2;0;95;95m[48;2;215;255;255m+                   "type": [Function],
[38;2;0;95;95m[48;2;215;255;255m+                 },
[38;2;0;95;95m[48;2;215;255;255m+                 "leaveToClass": Object {
[38;2;0;95;95m[48;2;215;255;255m+                   "type": [Function],
[38;2;0;95;95m[48;2;215;255;255m+                 },
[38;2;0;95;95m[48;2;215;255;255m+                 "mode": Object {
[38;2;0;95;95m[48;2;215;255;255m+                   "type": [Function],
[38;2;0;95;95m[48;2;215;255;255m+                 },
[38;2;0;95;95m[48;2;215;255;255m+                 "name": Object {
[38;2;0;95;95m[48;2;215;255;255m+                   "type": [Function],
[38;2;0;95;95m[48;2;215;255;255m+                 },
[38;2;0;95;95m[48;2;215;255;255m+                 "type": Object {
[38;2;0;95;95m[48;2;215;255;255m+                   "type": [Function],
[38;2;0;95;95m[48;2;215;255;255m+                 },
[38;2;0;95;95m[48;2;215;255;255m+               },
[38;2;0;95;95m[48;2;215;255;255m+               "render": [Function],
[38;2;0;95;95m[48;2;215;255;255m+             },
[38;2;0;95;95m[48;2;215;255;255m+             "abstract": true,
[38;2;0;95;95m[48;2;215;255;255m+             "attrs": undefined,
[38;2;0;95;95m[48;2;215;255;255m+             "class": undefined,
[38;2;0;95;95m[48;2;215;255;255m+             "domProps": undefined,
[38;2;0;95;95m[48;2;215;255;255m+             "functional": undefined,
[38;2;0;95;95m[48;2;215;255;255m+             "key": undefined,
[38;2;0;95;95m[48;2;215;255;255m+             "model": undefined,
[38;2;0;95;95m[48;2;215;255;255m+             "name": "transition",
[38;2;0;95;95m[48;2;215;255;255m+             "nativeOn": undefined,
[38;2;0;95;95m[48;2;215;255;255m+             "normalizedStyle": undefined,
[38;2;0;95;95m[48;2;215;255;255m+             "on": undefined,
[38;2;0;95;95m[48;2;215;255;255m+             "props": Object {
[38;2;0;95;95m[48;2;215;255;255m+               "appear": Object {
[38;2;0;95;95m[48;2;215;255;255m+                 "type": [Function],
[38;2;0;95;95m[48;2;215;255;255m+               },
[38;2;0;95;95m[48;2;215;255;255m+               "appearActiveClass": Object {
[38;2;0;95;95m[48;2;215;255;255m+                 "type": [Function],
[38;2;0;95;95m[48;2;215;255;255m+               },
[38;2;0;95;95m[48;2;215;255;255m+               "appearClass": Object {
[38;2;0;95;95m[48;2;215;255;255m+                 "type": [Function],
[38;2;0;95;95m[48;2;215;255;255m+               },
[38;2;0;95;95m[48;2;215;255;255m+               "appearToClass": Object {
[38;2;0;95;95m[48;2;215;255;255m+                 "type": [Function],
[38;2;0;95;95m[48;2;215;255;255m+               },
[38;2;0;95;95m[48;2;215;255;255m+               "css": Object {
[38;2;0;95;95m[48;2;215;255;255m+                 "type": [Function],
[38;2;0;95;95m[48;2;215;255;255m+               },
[38;2;0;95;95m[48;2;215;255;255m+               "duration": Object {
[38;2;0;95;95m[48;2;215;255;255m+                 "type": Array [
[38;2;0;95;95m[48;2;215;255;255m+                   [Function],
[38;2;0;95;95m[48;2;215;255;255m+                   [Function],
[38;2;0;95;95m[48;2;215;255;255m+                   [Function],
[38;2;0;95;95m[48;2;215;255;255m+                 ],
[38;2;0;95;95m[48;2;215;255;255m+               },
[38;2;0;95;95m[48;2;215;255;255m+               "enterActiveClass": Object {
[38;2;0;95;95m[48;2;215;255;255m+                 "type": [Function],
[38;2;0;95;95m[48;2;215;255;255m+               },
[38;2;0;95;95m[48;2;215;255;255m+               "enterClass": Object {
[38;2;0;95;95m[48;2;215;255;255m+                 "type": [Function],
[38;2;0;95;95m[48;2;215;255;255m+               },
[38;2;0;95;95m[48;2;215;255;255m+               "enterToClass": Object {
[38;2;0;95;95m[48;2;215;255;255m+                 "type": [Function],
[38;2;0;95;95m[48;2;215;255;255m+               },
[38;2;0;95;95m[48;2;215;255;255m+               "leaveActiveClass": Object {
[38;2;0;95;95m[48;2;215;255;255m+                 "type": [Function],
[38;2;0;95;95m[48;2;215;255;255m+               },
[38;2;0;95;95m[48;2;215;255;255m+               "leaveClass": Object {
[38;2;0;95;95m[48;2;215;255;255m+                 "type": [Function],
[38;2;0;95;95m[48;2;215;255;255m+               },
[38;2;0;95;95m[48;2;215;255;255m+               "leaveToClass": Object {
[38;2;0;95;95m[48;2;215;255;255m+                 "type": [Function],
[38;2;0;95;95m[48;2;215;255;255m+               },
[38;2;0;95;95m[48;2;215;255;255m+               "mode": Object {
[38;2;0;95;95m[48;2;215;255;255m+                 "type": [Function],
[38;2;0;95;95m[48;2;215;255;255m+               },
[38;2;0;95;95m[48;2;215;255;255m+               "name": Object {
[38;2;0;95;95m[48;2;215;255;255m+                 "type": [Function],
[38;2;0;95;95m[48;2;215;255;255m+               },
[38;2;0;95;95m[48;2;215;255;255m+               "type": Object {
[38;2;0;95;95m[48;2;215;255;255m+                 "type": [Function],
[38;2;0;95;95m[48;2;215;255;255m+               },
[38;2;0;95;95m[48;2;215;255;255m+             },
[38;2;0;95;95m[48;2;215;255;255m+             "render": [Function],
[38;2;0;95;95m[48;2;215;255;255m+             "staticClass": undefined,
[38;2;0;95;95m[48;2;215;255;255m+             "staticStyle": undefined,
[38;2;0;95;95m[48;2;215;255;255m+             "style": undefined,
[38;2;0;95;95m[48;2;215;255;255m+           },
[38;2;0;95;95m[48;2;215;255;255m+           "transition-group": Object {
[38;2;0;95;95m[48;2;215;255;255m+             "$_doNotStubChildren": true,
[38;2;0;95;95m[48;2;215;255;255m+             "$_vueTestUtils_original": Object {
[38;2;0;95;95m[48;2;215;255;255m+               "_Ctor": Object {
[38;2;0;95;95m[48;2;215;255;255m+                 "1404": [Function],
[38;2;0;95;95m[48;2;215;255;255m+               },
[38;2;0;95;95m[48;2;215;255;255m+               "beforeMount": [Function],
[38;2;0;95;95m[48;2;215;255;255m+               "methods": Object {
[38;2;0;95;95m[48;2;215;255;255m+                 "hasMove": [Function],
[38;2;0;95;95m[48;2;215;255;255m+               },
[38;2;0;95;95m[48;2;215;255;255m+               "props": Object {
[38;2;0;95;95m[48;2;215;255;255m+                 "appear": Object {
[38;2;0;95;95m[48;2;215;255;255m+                   "type": [Function],
[38;2;0;95;95m[48;2;215;255;255m+                 },
[38;2;0;95;95m[48;2;215;255;255m+                 "appearActiveClass": Object {
[38;2;0;95;95m[48;2;215;255;255m+                   "type": [Function],
[38;2;0;95;95m[48;2;215;255;255m+                 },
[38;2;0;95;95m[48;2;215;255;255m+                 "appearClass": Object {
[38;2;0;95;95m[48;2;215;255;255m+                   "type": [Function],
[38;2;0;95;95m[48;2;215;255;255m+                 },
[38;2;0;95;95m[48;2;215;255;255m+                 "appearToClass": Object {
[38;2;0;95;95m[48;2;215;255;255m+                   "type": [Function],
[38;2;0;95;95m[48;2;215;255;255m+                 },
[38;2;0;95;95m[48;2;215;255;255m+                 "css": Object {
[38;2;0;95;95m[48;2;215;255;255m+                   "type": [Function],
[38;2;0;95;95m[48;2;215;255;255m+                 },
[38;2;0;95;95m[48;2;215;255;255m+                 "duration": Object {
[38;2;0;95;95m[48;2;215;255;255m+                   "type": Array [
[38;2;0;95;95m[48;2;215;255;255m+                     [Function],
[38;2;0;95;95m[48;2;215;255;255m+                     [Function],
[38;2;0;95;95m[48;2;215;255;255m+                     [Function],
[38;2;0;95;95m[48;2;215;255;255m+                   ],
[38;2;0;95;95m[48;2;215;255;255m+                 },
[38;2;0;95;95m[48;2;215;255;255m+                 "enterActiveClass": Object {
[38;2;0;95;95m[48;2;215;255;255m+                   "type": [Function],
[38;2;0;95;95m[48;2;215;255;255m+                 },
[38;2;0;95;95m[48;2;215;255;255m+                 "enterClass": Object {
[38;2;0;95;95m[48;2;215;255;255m+                   "type": [Function],
[38;2;0;95;95m[48;2;215;255;255m+                 },
[38;2;0;95;95m[48;2;215;255;255m+                 "enterToClass": Object {
[38;2;0;95;95m[48;2;215;255;255m+                   "type": [Function],
[38;2;0;95;95m[48;2;215;255;255m+                 },
[38;2;0;95;95m[48;2;215;255;255m+                 "leaveActiveClass": Object {
[38;2;0;95;95m[48;2;215;255;255m+                   "type": [Function],
[38;2;0;95;95m[48;2;215;255;255m+                 },
[38;2;0;95;95m[48;2;215;255;255m+                 "leaveClass": Object {
[38;2;0;95;95m[48;2;215;255;255m+                   "type": [Function],
[38;2;0;95;95m[48;2;215;255;255m+                 },
[38;2;0;95;95m[48;2;215;255;255m+                 "leaveToClass": Object {
[38;2;0;95;95m[48;2;215;255;255m+                   "type": [Function],
[38;2;0;95;95m[48;2;215;255;255m+                 },
[38;2;0;95;95m[48;2;215;255;255m+                 "moveClass": Object {
[38;2;0;95;95m[48;2;215;255;255m+                   "type": [Function],
[38;2;0;95;95m[48;2;215;255;255m+                 },
[38;2;0;95;95m[48;2;215;255;255m+                 "name": Object {
[38;2;0;95;95m[48;2;215;255;255m+                   "type": [Function],
[38;2;0;95;95m[48;2;215;255;255m+                 },
[38;2;0;95;95m[48;2;215;255;255m+                 "tag": Object {
[38;2;0;95;95m[48;2;215;255;255m+                   "type": [Function],
[38;2;0;95;95m[48;2;215;255;255m+                 },
[38;2;0;95;95m[48;2;215;255;255m+                 "type": Object {
[38;2;0;95;95m[48;2;215;255;255m+                   "type": [Function],
[38;2;0;95;95m[48;2;215;255;255m+                 },
[38;2;0;95;95m[48;2;215;255;255m+               },
[38;2;0;95;95m[48;2;215;255;255m+               "render": [Function],
[38;2;0;95;95m[48;2;215;255;255m+               "updated": [Function],
[38;2;0;95;95m[48;2;215;255;255m+             },
[38;2;0;95;95m[48;2;215;255;255m+             "abstract": undefined,
[38;2;0;95;95m[48;2;215;255;255m+             "attrs": undefined,
[38;2;0;95;95m[48;2;215;255;255m+             "class": undefined,
[38;2;0;95;95m[48;2;215;255;255m+             "domProps": undefined,
[38;2;0;95;95m[48;2;215;255;255m+             "functional": undefined,
[38;2;0;95;95m[48;2;215;255;255m+             "key": undefined,
[38;2;0;95;95m[48;2;215;255;255m+             "model": undefined,
[38;2;0;95;95m[48;2;215;255;255m+             "name": undefined,
[38;2;0;95;95m[48;2;215;255;255m+             "nativeOn": undefined,
[38;2;0;95;95m[48;2;215;255;255m+             "normalizedStyle": undefined,
[38;2;0;95;95m[48;2;215;255;255m+             "on": undefined,
[38;2;0;95;95m[48;2;215;255;255m+             "props": Object {
[38;2;0;95;95m[48;2;215;255;255m+               "appear": Object {
[38;2;0;95;95m[48;2;215;255;255m+                 "type": [Function],
[38;2;0;95;95m[48;2;215;255;255m+               },
[38;2;0;95;95m[48;2;215;255;255m+               "appearActiveClass": Object {
[38;2;0;95;95m[48;2;215;255;255m+                 "type": [Function],
[38;2;0;95;95m[48;2;215;255;255m+               },
[38;2;0;95;95m[48;2;215;255;255m+               "appearClass": Object {
[38;2;0;95;95m[48;2;215;255;255m+                 "type": [Function],
[38;2;0;95;95m[48;2;215;255;255m+               },
[38;2;0;95;95m[48;2;215;255;255m+               "appearToClass": Object {
[38;2;0;95;95m[48;2;215;255;255m+                 "type": [Function],
[38;2;0;95;95m[48;2;215;255;255m+               },
[38;2;0;95;95m[48;2;215;255;255m+               "css": Object {
[38;2;0;95;95m[48;2;215;255;255m+                 "type": [Function],
[38;2;0;95;95m[48;2;215;255;255m+               },
[38;2;0;95;95m[48;2;215;255;255m+               "duration": Object {
[38;2;0;95;95m[48;2;215;255;255m+                 "type": Array [
[38;2;0;95;95m[48;2;215;255;255m+                   [Function],
[38;2;0;95;95m[48;2;215;255;255m+                   [Function],
[38;2;0;95;95m[48;2;215;255;255m+                   [Function],
[38;2;0;95;95m[48;2;215;255;255m+                 ],
[38;2;0;95;95m[48;2;215;255;255m+               },
[38;2;0;95;95m[48;2;215;255;255m+               "enterActiveClass": Object {
[38;2;0;95;95m[48;2;215;255;255m+                 "type": [Function],
[38;2;0;95;95m[48;2;215;255;255m+               },
[38;2;0;95;95m[48;2;215;255;255m+               "enterClass": Object {
[38;2;0;95;95m[48;2;215;255;255m+                 "type": [Function],
[38;2;0;95;95m[48;2;215;255;255m+               },
[38;2;0;95;95m[48;2;215;255;255m+               "enterToClass": Object {
[38;2;0;95;95m[48;2;215;255;255m+                 "type": [Function],
[38;2;0;95;95m[48;2;215;255;255m+               },
[38;2;0;95;95m[48;2;215;255;255m+               "leaveActiveClass": Object {
[38;2;0;95;95m[48;2;215;255;255m+                 "type": [Function],
[38;2;0;95;95m[48;2;215;255;255m+               },
[38;2;0;95;95m[48;2;215;255;255m+               "leaveClass": Object {
[38;2;0;95;95m[48;2;215;255;255m+                 "type": [Function],
[38;2;0;95;95m[48;2;215;255;255m+               },
[38;2;0;95;95m[48;2;215;255;255m+               "leaveToClass": Object {
[38;2;0;95;95m[48;2;215;255;255m+                 "type": [Function],
[38;2;0;95;95m[48;2;215;255;255m+               },
[38;2;0;95;95m[48;2;215;255;255m+               "moveClass": Object {
[38;2;0;95;95m[48;2;215;255;255m+                 "type": [Function],
[38;2;0;95;95m[48;2;215;255;255m+               },
[38;2;0;95;95m[48;2;215;255;255m+               "name": Object {
[38;2;0;95;95m[48;2;215;255;255m+                 "type": [Function],
[38;2;0;95;95m[48;2;215;255;255m+               },
[38;2;0;95;95m[48;2;215;255;255m+               "tag": Object {
[38;2;0;95;95m[48;2;215;255;255m+                 "type": [Function],
[38;2;0;95;95m[48;2;215;255;255m+               },
[38;2;0;95;95m[48;2;215;255;255m+               "type": Object {
[38;2;0;95;95m[48;2;215;255;255m+                 "type": [Function],
[38;2;0;95;95m[48;2;215;255;255m+               },
[38;2;0;95;95m[48;2;215;255;255m+             },
[38;2;0;95;95m[48;2;215;255;255m+             "render": [Function],
[38;2;0;95;95m[48;2;215;255;255m+             "staticClass": undefined,
[38;2;0;95;95m[48;2;215;255;255m+             "staticStyle": undefined,
[38;2;0;95;95m[48;2;215;255;255m+             "style": undefined,
[38;2;0;95;95m[48;2;215;255;255m+           },
[38;2;0;95;95m[48;2;215;255;255m+         },
[38;2;0;95;95m[48;2;215;255;255m+         "config": Object {
[38;2;0;95;95m[48;2;215;255;255m+           "_lifecycleHooks": Array [
[38;2;0;95;95m[48;2;215;255;255m+             "beforeCreate",
[38;2;0;95;95m[48;2;215;255;255m+             "created",
[38;2;0;95;95m[48;2;215;255;255m+             "beforeMount",
[38;2;0;95;95m[48;2;215;255;255m+             "mounted",
[38;2;0;95;95m[48;2;215;255;255m+             "beforeUpdate",
[38;2;0;95;95m[48;2;215;255;255m+             "updated",
[38;2;0;95;95m[48;2;215;255;255m+             "beforeDestroy",
[38;2;0;95;95m[48;2;215;255;255m+             "destroyed",
[38;2;0;95;95m[48;2;215;255;255m+             "activated",
[38;2;0;95;95m[48;2;215;255;255m+             "deactivated",
[38;2;0;95;95m[48;2;215;255;255m+             "errorCaptured",
[38;2;0;95;95m[48;2;215;255;255m+             "serverPrefetch",
[38;2;0;95;95m[48;2;215;255;255m+           ],
[38;2;0;95;95m[48;2;215;255;255m+           "async": true,
[38;2;0;95;95m[48;2;215;255;255m+           "devtools": false,
[38;2;0;95;95m[48;2;215;255;255m+           "errorHandler": undefined,
[38;2;0;95;95m[48;2;215;255;255m+           "getTagNamespace": [Function],
[38;2;0;95;95m[48;2;215;255;255m+           "ignoredElements": Array [],
[38;2;0;95;95m[48;2;215;255;255m+           "isReservedAttr": [Function],
[38;2;0;95;95m[48;2;215;255;255m+           "isReservedTag": [Function],
[38;2;0;95;95m[48;2;215;255;255m+           "isUnknownElement": [Function],
[38;2;0;95;95m[48;2;215;255;255m+           "keyCodes": Object {},
[38;2;0;95;95m[48;2;215;255;255m+           "mustUseProp": [Function],
[38;2;0;95;95m[48;2;215;255;255m+           "optionMergeStrategies": Object {
[38;2;0;95;95m[48;2;215;255;255m+             "activated": [Function],
[38;2;0;95;95m[48;2;215;255;255m+             "beforeCreate": [Function],
[38;2;0;95;95m[48;2;215;255;255m+             "beforeDestroy": [Function],
[38;2;0;95;95m[48;2;215;255;255m+             "beforeMount": [Function],
[38;2;0;95;95m[48;2;215;255;255m+             "beforeUpdate": [Function],
[38;2;0;95;95m[48;2;215;255;255m+             "components": [Function],
[38;2;0;95;95m[48;2;215;255;255m+             "computed": [Function],
[38;2;0;95;95m[48;2;215;255;255m+             "created": [Function],
[38;2;0;95;95m[48;2;215;255;255m+             "data": [Function],
[38;2;0;95;95m[48;2;215;255;255m+             "deactivated": [Function],
[38;2;0;95;95m[48;2;215;255;255m+             "destroyed": [Function],
[38;2;0;95;95m[48;2;215;255;255m+             "directives": [Function],
[38;2;0;95;95m[48;2;215;255;255m+             "el": [Function],
[38;2;0;95;95m[48;2;215;255;255m+             "errorCaptured": [Function],
[38;2;0;95;95m[48;2;215;255;255m+             "filters": [Function],
[38;2;0;95;95m[48;2;215;255;255m+             "inject": [Function],
[38;2;0;95;95m[48;2;215;255;255m+             "methods": [Function],
[38;2;0;95;95m[48;2;215;255;255m+             "mounted": [Function],
[38;2;0;95;95m[48;2;215;255;255m+             "props": [Function],
[38;2;0;95;95m[48;2;215;255;255m+             "propsData": [Function],
[38;2;0;95;95m[48;2;215;255;255m+             "provide": [Function],
[38;2;0;95;95m[48;2;215;255;255m+             "serverPrefetch": [Function],
[38;2;0;95;95m[48;2;215;255;255m+             "updated": [Function],
[38;2;0;95;95m[48;2;215;255;255m+             "watch": [Function],
[38;2;0;95;95m[48;2;215;255;255m+           },
[38;2;0;95;95m[48;2;215;255;255m+           "parsePlatformTagName": [Function],
[38;2;0;95;95m[48;2;215;255;255m+           "performance": false,
[38;2;0;95;95m[48;2;215;255;255m+           "productionTip": false,
[38;2;0;95;95m[48;2;215;255;255m+           "silent": false,
[38;2;0;95;95m[48;2;215;255;255m+           "warnHandler": null,
[38;2;0;95;95m[48;2;215;255;255m+         },
[38;2;0;95;95m[48;2;215;255;255m+         "data": [Function],
[38;2;0;95;95m[48;2;215;255;255m+         "delete": [Function],
[38;2;0;95;95m[48;2;215;255;255m+         "directive": [Function],
[38;2;0;95;95m[48;2;215;255;255m+         "directives": Object {},
[38;2;0;95;95m[48;2;215;255;255m+         "extend": [Function],
[38;2;0;95;95m[48;2;215;255;255m+         "extendOptions": Object {
[38;2;0;95;95m[48;2;215;255;255m+           "_Ctor": Object {
[38;2;0;95;95m[48;2;215;255;255m+             "0": [Function],
[38;2;0;95;95m[48;2;215;255;255m+           },
[38;2;0;95;95m[48;2;215;255;255m+         },
[38;2;0;95;95m[48;2;215;255;255m+         "filter": [Function],
[38;2;0;95;95m[48;2;215;255;255m+         "filters": Object {},
[38;2;0;95;95m[48;2;215;255;255m+         "methods": undefined,
[38;2;0;95;95m[48;2;215;255;255m+         "mixin": [Function],
[38;2;0;95;95m[48;2;215;255;255m+         "mocks": undefined,
[38;2;0;95;95m[48;2;215;255;255m+         "nextTick": [Function],
[38;2;0;95;95m[48;2;215;255;255m+         "observable": [Function],
[38;2;0;95;95m[48;2;215;255;255m+         "options": Object {
[38;2;0;95;95m[48;2;215;255;255m+           "_Ctor": Object {
[38;2;0;95;95m[48;2;215;255;255m+             "0": [Function],
[38;2;0;95;95m[48;2;215;255;255m+           },
[38;2;0;95;95m[48;2;215;255;255m+           "_base": [Function],
[38;2;0;95;95m[48;2;215;255;255m+           "beforeCreate": Array [
[38;2;0;95;95m[48;2;215;255;255m+             [Function],
[38;2;0;95;95m[48;2;215;255;255m+             [Function],
[38;2;0;95;95m[48;2;215;255;255m+           ],
[38;2;0;95;95m[48;2;215;255;255m+           "components": Object {
[38;2;0;95;95m[48;2;215;255;255m+             "BTooltip": [Function],
[38;2;0;95;95m[48;2;215;255;255m+           },
[38;2;0;95;95m[48;2;215;255;255m+           "directives": Object {
[38;2;0;95;95m[48;2;215;255;255m+             "BHover": Object {
[38;2;0;95;95m[48;2;215;255;255m+               "bind": [Function],
[38;2;0;95;95m[48;2;215;255;255m+               "componentUpdated": [Function],
[38;2;0;95;95m[48;2;215;255;255m+               "unbind": [Function],
[38;2;0;95;95m[48;2;215;255;255m+             },
[38;2;0;95;95m[48;2;215;255;255m+             "BModal": Object {
[38;2;0;95;95m[48;2;215;255;255m+               "componentUpdated": [Function],
[38;2;0;95;95m[48;2;215;255;255m+               "inserted": [Function],
[38;2;0;95;95m[48;2;215;255;255m+               "unbind": [Function],
[38;2;0;95;95m[48;2;215;255;255m+               "updated": [Function],
[38;2;0;95;95m[48;2;215;255;255m+             },
[38;2;0;95;95m[48;2;215;255;255m+             "BScrollspy": Object {
[38;2;0;95;95m[48;2;215;255;255m+               "bind": [Function],
[38;2;0;95;95m[48;2;215;255;255m+               "componentUpdated": [Function],
[38;2;0;95;95m[48;2;215;255;255m+               "inserted": [Function],
[38;2;0;95;95m[48;2;215;255;255m+               "unbind": [Function],
[38;2;0;95;95m[48;2;215;255;255m+               "update": [Function],
[38;2;0;95;95m[48;2;215;255;255m+             },
[38;2;0;95;95m[48;2;215;255;255m+             "BTooltip": Object {
[38;2;0;95;95m[48;2;215;255;255m+               "bind": [Function],
[38;2;0;95;95m[48;2;215;255;255m+               "componentUpdated": [Function],
[38;2;0;95;95m[48;2;215;255;255m+               "unbind": [Function],
[38;2;0;95;95m[48;2;215;255;255m+             },
[38;2;0;95;95m[48;2;215;255;255m+             "BVisible": Object {
[38;2;0;95;95m[48;2;215;255;255m+               "bind": [Function],
[38;2;0;95;95m[48;2;215;255;255m+               "componentUpdated": [Function],
[38;2;0;95;95m[48;2;215;255;255m+               "unbind": [Function],
[38;2;0;95;95m[48;2;215;255;255m+             },
[38;2;0;95;95m[48;2;215;255;255m+           },
[38;2;0;95;95m[48;2;215;255;255m+           "filters": Object {},
[38;2;0;95;95m[48;2;215;255;255m+         },
[38;2;0;95;95m[48;2;215;255;255m+         "provide": [Function],
[38;2;0;95;95m[48;2;215;255;255m+         "render": [Function],
[38;2;0;95;95m[48;2;215;255;255m+         "sealedOptions": Object {
[38;2;0;95;95m[48;2;215;255;255m+           "_Ctor": Object {
[38;2;0;95;95m[48;2;215;255;255m+             "0": [Function],
[38;2;0;95;95m[48;2;215;255;255m+           },
[38;2;0;95;95m[48;2;215;255;255m+           "_base": [Function],
[38;2;0;95;95m[48;2;215;255;255m+           "components": Object {
[38;2;0;95;95m[48;2;215;255;255m+             "BAlert": [Function],
[38;2;0;95;95m[48;2;215;255;255m+             "BAspect": [Function],
[38;2;0;95;95m[48;2;215;255;255m+             "BAvatar": [Function],
[38;2;0;95;95m[48;2;215;255;255m+             "BAvatarGroup": [Function],
[38;2;0;95;95m[48;2;215;255;255m+             "BBadge": [Function],
[38;2;0;95;95m[48;2;215;255;255m+             "BBreadcrumb": [Function],
[38;2;0;95;95m[48;2;215;255;255m+             "BBreadcrumbItem": [Function],
[38;2;0;95;95m[48;2;215;255;255m+             "BBreadcrumbLink": [Function],
[38;2;0;95;95m[48;2;215;255;255m+             "BBtn": [Function],
[38;2;0;95;95m[48;2;215;255;255m+             "BBtnClose": [Function],
[38;2;0;95;95m[48;2;215;255;255m+             "BBtnGroup": [Function],
[38;2;0;95;95m[48;2;215;255;255m+             "BBtnToolbar": [Function],
[38;2;0;95;95m[48;2;215;255;255m+             "BButton": [Function],
[38;2;0;95;95m[48;2;215;255;255m+             "BButtonClose": [Function],
[38;2;0;95;95m[48;2;215;255;255m+             "BButtonGroup": [Function],
[38;2;0;95;95m[48;2;215;255;255m+             "BButtonToolbar": [Function],
[38;2;0;95;95m[48;2;215;255;255m+             "BCalendar": [Function],
[38;2;0;95;95m[48;2;215;255;255m+             "BCard": [Function],
[38;2;0;95;95m[48;2;215;255;255m+             "BCardBody": [Function],
[38;2;0;95;95m[48;2;215;255;255m+             "BCardFooter": [Function],
[38;2;0;95;95m[48;2;215;255;255m+             "BCardGroup": [Function],
[38;2;0;95;95m[48;2;215;255;255m+             "BCardHeader": [Function],
[38;2;0;95;95m[48;2;215;255;255m+             "BCardImg": [Function],
[38;2;0;95;95m[48;2;215;255;255m+             "BCardImgLazy": [Function],
[38;2;0;95;95m[48;2;215;255;255m+             "BCardSubTitle": [Function],
[38;2;0;95;95m[48;2;215;255;255m+             "BCardText": [Function],
[38;2;0;95;95m[48;2;215;255;255m+             "BCardTitle": [Function],
[38;2;0;95;95m[48;2;215;255;255m+             "BCarousel": [Function],
[38;2;0;95;95m[48;2;215;255;255m+             "BCarouselSlide": [Function],
[38;2;0;95;95m[48;2;215;255;255m+             "BCheck": [Function],
[38;2;0;95;95m[48;2;215;255;255m+             "BCheckGroup": [Function],
[38;2;0;95;95m[48;2;215;255;255m+             "BCheckbox": [Function],
[38;2;0;95;95m[48;2;215;255;255m+             "BCheckboxGroup": [Function],
[38;2;0;95;95m[48;2;215;255;255m+             "BCol": [Function],
[38;2;0;95;95m[48;2;215;255;255m+             "BCollapse": [Function],
[38;2;0;95;95m[48;2;215;255;255m+             "BContainer": [Function],
[38;2;0;95;95m[48;2;215;255;255m+             "BDatalist": [Function],
[38;2;0;95;95m[48;2;215;255;255m+             "BDatepicker": [Function],
[38;2;0;95;95m[48;2;215;255;255m+             "BDd": [Function],
[38;2;0;95;95m[48;2;215;255;255m+             "BDdDivider": [Function],
[38;2;0;95;95m[48;2;215;255;255m+             "BDdForm": [Function],
[38;2;0;95;95m[48;2;215;255;255m+             "BDdGroup": [Function],
[38;2;0;95;95m[48;2;215;255;255m+             "BDdHeader": [Function],
[38;2;0;95;95m[48;2;215;255;255m+             "BDdItem": [Function],
[38;2;0;95;95m[48;2;215;255;255m+             "BDdItemBtn": [Function],
[38;2;0;95;95m[48;2;215;255;255m+             "BDdItemButton": [Function],
[38;2;0;95;95m[48;2;215;255;255m+             "BDdText": [Function],
[38;2;0;95;95m[48;2;215;255;255m+             "BDropdown": [Function],
[38;2;0;95;95m[48;2;215;255;255m+             "BDropdownDivider": [Function],
[38;2;0;95;95m[48;2;215;255;255m+             "BDropdownForm": [Function],
[38;2;0;95;95m[48;2;215;255;255m+             "BDropdownGroup": [Function],
[38;2;0;95;95m[48;2;215;255;255m+             "BDropdownHeader": [Function],
[38;2;0;95;95m[48;2;215;255;255m+             "BDropdownItem": [Function],
[38;2;0;95;95m[48;2;215;255;255m+             "BDropdownItemBtn": [Function],
[38;2;0;95;95m[48;2;215;255;255m+             "BDropdownItemButton": [Function],
[38;2;0;95;95m[48;2;215;255;255m+             "BDropdownText": [Function],
[38;2;0;95;95m[48;2;215;255;255m+             "BEmbed": [Function],
[38;2;0;95;95m[48;2;215;255;255m+             "BFile": [Function],
[38;2;0;95;95m[48;2;215;255;255m+             "BForm": [Function],
[38;2;0;95;95m[48;2;215;255;255m+             "BFormCheckbox": [Function],
[38;2;0;95;95m[48;2;215;255;255m+             "BFormCheckboxGroup": [Function],
[38;2;0;95;95m[48;2;215;255;255m+             "BFormDatalist": [Function],
[38;2;0;95;95m[48;2;215;255;255m+             "BFormDatepicker": [Function],
[38;2;0;95;95m[48;2;215;255;255m+             "BFormFeedback": [Function],
[38;2;0;95;95m[48;2;215;255;255m+             "BFormFieldset": [Function],
[38;2;0;95;95m[48;2;215;255;255m+             "BFormFile": [Function],
[38;2;0;95;95m[48;2;215;255;255m+             "BFormGroup": [Function],
[38;2;0;95;95m[48;2;215;255;255m+             "BFormInput": [Function],
[38;2;0;95;95m[48;2;215;255;255m+             "BFormInvalidFeedback": [Function],
[38;2;0;95;95m[48;2;215;255;255m+             "BFormRadio": [Function],
[38;2;0;95;95m[48;2;215;255;255m+             "BFormRadioGroup": [Function],
[38;2;0;95;95m[48;2;215;255;255m+             "BFormRating": [Function],
[38;2;0;95;95m[48;2;215;255;255m+             "BFormRow": [Function],
[38;2;0;95;95m[48;2;215;255;255m+             "BFormSelect": [Function],
[38;2;0;95;95m[48;2;215;255;255m+             "BFormSelectOption": [Function],
[38;2;0;95;95m[48;2;215;255;255m+             "BFormSelectOptionGroup": [Function],
[38;2;0;95;95m[48;2;215;255;255m+             "BFormSpinbutton": [Function],
[38;2;0;95;95m[48;2;215;255;255m+             "BFormTag": [Function],
[38;2;0;95;95m[48;2;215;255;255m+             "BFormTags": [Function],
[38;2;0;95;95m[48;2;215;255;255m+             "BFormText": [Function],
[38;2;0;95;95m[48;2;215;255;255m+             "BFormTextarea": [Function],
[38;2;0;95;95m[48;2;215;255;255m+             "BFormTimepicker": [Function],
[38;2;0;95;95m[48;2;215;255;255m+             "BFormValidFeedback": [Function],
[38;2;0;95;95m[48;2;215;255;255m+             "BImg": [Function],
[38;2;0;95;95m[48;2;215;255;255m+             "BImgLazy": [Function],
[38;2;0;95;95m[48;2;215;255;255m+             "BInput": [Function],
[38;2;0;95;95m[48;2;215;255;255m+             "BInputGroup": [Function],
[38;2;0;95;95m[48;2;215;255;255m+             "BInputGroupAddon": [Function],
[38;2;0;95;95m[48;2;215;255;255m+             "BInputGroupAppend": [Function],
[38;2;0;95;95m[48;2;215;255;255m+             "BInputGroupPrepend": [Function],
[38;2;0;95;95m[48;2;215;255;255m+             "BInputGroupText": [Function],
[38;2;0;95;95m[48;2;215;255;255m+             "BJumbotron": [Function],
[38;2;0;95;95m[48;2;215;255;255m+             "BLink": [Function],
[38;2;0;95;95m[48;2;215;255;255m+             "BListGroup": [Function],
[38;2;0;95;95m[48;2;215;255;255m+             "BListGroupItem": [Function],
[38;2;0;95;95m[48;2;215;255;255m+             "BMedia": [Function],
[38;2;0;95;95m[48;2;215;255;255m+             "BMediaAside": [Function],
[38;2;0;95;95m[48;2;215;255;255m+             "BMediaBody": [Function],
[38;2;0;95;95m[48;2;215;255;255m+             "BModal": [Function],
[38;2;0;95;95m[48;2;215;255;255m+             "BRadio": [Function],
[38;2;0;95;95m[48;2;215;255;255m+             "BRadioGroup": [Function],
[38;2;0;95;95m[48;2;215;255;255m+             "BRating": [Function],
[38;2;0;95;95m[48;2;215;255;255m+             "BRow": [Function],
[38;2;0;95;95m[48;2;215;255;255m+             "BSelect": [Function],
[38;2;0;95;95m[48;2;215;255;255m+             "BSelectOption": [Function],
[38;2;0;95;95m[48;2;215;255;255m+             "BSelectOptionGroup": [Function],
[38;2;0;95;95m[48;2;215;255;255m+             "BSpinbutton": [Function],
[38;2;0;95;95m[48;2;215;255;255m+             "BTag": [Function],
[38;2;0;95;95m[48;2;215;255;255m+             "BTags": [Function],
[38;2;0;95;95m[48;2;215;255;255m+             "BTextarea": [Function],
[38;2;0;95;95m[48;2;215;255;255m+             "BTimepicker": [Function],
[38;2;0;95;95m[48;2;215;255;255m+           },
[38;2;0;95;95m[48;2;215;255;255m+           "directives": Object {
[38;2;0;95;95m[48;2;215;255;255m+             "BModal": Object {
[38;2;0;95;95m[48;2;215;255;255m+               "componentUpdated": [Function],
[38;2;0;95;95m[48;2;215;255;255m+               "inserted": [Function],
[38;2;0;95;95m[48;2;215;255;255m+               "unbind": [Function],
[38;2;0;95;95m[48;2;215;255;255m+               "updated": [Function],
[38;2;0;95;95m[48;2;215;255;255m+             },
[38;2;0;95;95m[48;2;215;255;255m+             "BToggle": Object {
[38;2;0;95;95m[48;2;215;255;255m+               "bind": [Function],
[38;2;0;95;95m[48;2;215;255;255m+               "componentUpdated": [Function],
[38;2;0;95;95m[48;2;215;255;255m+               "unbind": [Function],
[38;2;0;95;95m[48;2;215;255;255m+               "updated": [Function],
[38;2;0;95;95m[48;2;215;255;255m+             },
[38;2;0;95;95m[48;2;215;255;255m+           },
[38;2;0;95;95m[48;2;215;255;255m+           "filters": Object {},
[38;2;0;95;95m[48;2;215;255;255m+         },
[38;2;0;95;95m[48;2;215;255;255m+         "set": [Function],
[38;2;0;95;95m[48;2;215;255;255m+         "shouldProxy": true,
[38;2;0;95;95m[48;2;215;255;255m+         "stubs": Object {
[38;2;0;95;95m[48;2;215;255;255m+           "transition": true,
[38;2;0;95;95m[48;2;215;255;255m+           "transition-group": true,
[38;2;0;95;95m[48;2;215;255;255m+         },
[38;2;0;95;95m[48;2;215;255;255m+         "super": [Function],
[38;2;0;95;95m[48;2;215;255;255m+         "superOptions": Object {
[38;2;0;95;95m[48;2;215;255;255m+           "_base": [Function],
[38;2;0;95;95m[48;2;215;255;255m+           "components": Object {
[38;2;0;95;95m[48;2;215;255;255m+             "KeepAlive": Object {
[38;2;0;95;95m[48;2;215;255;255m+               "abstract": true,
[38;2;0;95;95m[48;2;215;255;255m+               "created": [Function],
[38;2;0;95;95m[48;2;215;255;255m+               "destroyed": [Function],
[38;2;0;95;95m[48;2;215;255;255m+               "methods": Object {
[38;2;0;95;95m[48;2;215;255;255m+                 "cacheVNode": [Function],
[38;2;0;95;95m[48;2;215;255;255m+               },
[38;2;0;95;95m[48;2;215;255;255m+               "mounted": [Function],
[38;2;0;95;95m[48;2;215;255;255m+               "name": "keep-alive",
[38;2;0;95;95m[48;2;215;255;255m+               "props": Object {
[38;2;0;95;95m[48;2;215;255;255m+                 "exclude": Array [
[38;2;0;95;95m[48;2;215;255;255m+                   [Function],
[38;2;0;95;95m[48;2;215;255;255m+                   [Function],
[38;2;0;95;95m[48;2;215;255;255m+                   [Function],
[38;2;0;95;95m[48;2;215;255;255m+                 ],
[38;2;0;95;95m[48;2;215;255;255m+                 "include": Array [
[38;2;0;95;95m[48;2;215;255;255m+                   [Function],
[38;2;0;95;95m[48;2;215;255;255m+                   [Function],
[38;2;0;95;95m[48;2;215;255;255m+                   [Function],
[38;2;0;95;95m[48;2;215;255;255m+                 ],
[38;2;0;95;95m[48;2;215;255;255m+                 "max": Array [
[38;2;0;95;95m[48;2;215;255;255m+                   [Function],
[38;2;0;95;95m[48;2;215;255;255m+                   [Function],
[38;2;0;95;95m[48;2;215;255;255m+                 ],
[38;2;0;95;95m[48;2;215;255;255m+               },
[38;2;0;95;95m[48;2;215;255;255m+               "render": [Function],
[38;2;0;95;95m[48;2;215;255;255m+               "updated": [Function],
[38;2;0;95;95m[48;2;215;255;255m+             },
[38;2;0;95;95m[48;2;215;255;255m+             "Transition": Object {
[38;2;0;95;95m[48;2;215;255;255m+               "_Ctor": Object {
[38;2;0;95;95m[48;2;215;255;255m+                 "1404": [Function],
[38;2;0;95;95m[48;2;215;255;255m+               },
[38;2;0;95;95m[48;2;215;255;255m+               "abstract": true,
[38;2;0;95;95m[48;2;215;255;255m+               "name": "transition",
[38;2;0;95;95m[48;2;215;255;255m+               "props": Object {
[38;2;0;95;95m[48;2;215;255;255m+                 "appear": Object {
[38;2;0;95;95m[48;2;215;255;255m+                   "type": [Function],
[38;2;0;95;95m[48;2;215;255;255m+                 },
[38;2;0;95;95m[48;2;215;255;255m+                 "appearActiveClass": Object {
[38;2;0;95;95m[48;2;215;255;255m+                   "type": [Function],
[38;2;0;95;95m[48;2;215;255;255m+                 },
[38;2;0;95;95m[48;2;215;255;255m+                 "appearClass": Object {
[38;2;0;95;95m[48;2;215;255;255m+                   "type": [Function],
[38;2;0;95;95m[48;2;215;255;255m+                 },
[38;2;0;95;95m[48;2;215;255;255m+                 "appearToClass": Object {
[38;2;0;95;95m[48;2;215;255;255m+                   "type": [Function],
[38;2;0;95;95m[48;2;215;255;255m+                 },
[38;2;0;95;95m[48;2;215;255;255m+                 "css": Object {
[38;2;0;95;95m[48;2;215;255;255m+                   "type": [Function],
[38;2;0;95;95m[48;2;215;255;255m+                 },
[38;2;0;95;95m[48;2;215;255;255m+                 "duration": Object {
[38;2;0;95;95m[48;2;215;255;255m+                   "type": Array [
[38;2;0;95;95m[48;2;215;255;255m+                     [Function],
[38;2;0;95;95m[48;2;215;255;255m+                     [Function],
[38;2;0;95;95m[48;2;215;255;255m+                     [Function],
[38;2;0;95;95m[48;2;215;255;255m+                   ],
[38;2;0;95;95m[48;2;215;255;255m+                 },
[38;2;0;95;95m[48;2;215;255;255m+                 "enterActiveClass": Object {
[38;2;0;95;95m[48;2;215;255;255m+                   "type": [Function],
[38;2;0;95;95m[48;2;215;255;255m+                 },
[38;2;0;95;95m[48;2;215;255;255m+                 "enterClass": Object {
[38;2;0;95;95m[48;2;215;255;255m+                   "type": [Function],
[38;2;0;95;95m[48;2;215;255;255m+                 },
[38;2;0;95;95m[48;2;215;255;255m+                 "enterToClass": Object {
[38;2;0;95;95m[48;2;215;255;255m+                   "type": [Function],
[38;2;0;95;95m[48;2;215;255;255m+                 },
[38;2;0;95;95m[48;2;215;255;255m+                 "leaveActiveClass": Object {
[38;2;0;95;95m[48;2;215;255;255m+                   "type": [Function],
[38;2;0;95;95m[48;2;215;255;255m+                 },
[38;2;0;95;95m[48;2;215;255;255m+                 "leaveClass": Object {
[38;2;0;95;95m[48;2;215;255;255m+                   "type": [Function],
[38;2;0;95;95m[48;2;215;255;255m+                 },
[38;2;0;95;95m[48;2;215;255;255m+                 "leaveToClass": Object {
[38;2;0;95;95m[48;2;215;255;255m+                   "type": [Function],
[38;2;0;95;95m[48;2;215;255;255m+                 },
[38;2;0;95;95m[48;2;215;255;255m+                 "mode": Object {
[38;2;0;95;95m[48;2;215;255;255m+                   "type": [Function],
[38;2;0;95;95m[48;2;215;255;255m+                 },
[38;2;0;95;95m[48;2;215;255;255m+                 "name": Object {
[38;2;0;95;95m[48;2;215;255;255m+                   "type": [Function],
[38;2;0;95;95m[48;2;215;255;255m+                 },
[38;2;0;95;95m[48;2;215;255;255m+                 "type": Object {
[38;2;0;95;95m[48;2;215;255;255m+                   "type": [Function],
[38;2;0;95;95m[48;2;215;255;255m+                 },
[38;2;0;95;95m[48;2;215;255;255m+               },
[38;2;0;95;95m[48;2;215;255;255m+               "render": [Function],
[38;2;0;95;95m[48;2;215;255;255m+             },
[38;2;0;95;95m[48;2;215;255;255m+             "TransitionGroup": Object {
[38;2;0;95;95m[48;2;215;255;255m+               "_Ctor": Object {
[38;2;0;95;95m[48;2;215;255;255m+                 "1404": [Function],
[38;2;0;95;95m[48;2;215;255;255m+               },
[38;2;0;95;95m[48;2;215;255;255m+               "beforeMount": [Function],
[38;2;0;95;95m[48;2;215;255;255m+               "methods": Object {
[38;2;0;95;95m[48;2;215;255;255m+                 "hasMove": [Function],
[38;2;0;95;95m[48;2;215;255;255m+               },
[38;2;0;95;95m[48;2;215;255;255m+               "props": Object {
[38;2;0;95;95m[48;2;215;255;255m+                 "appear": Object {
[38;2;0;95;95m[48;2;215;255;255m+                   "type": [Function],
[38;2;0;95;95m[48;2;215;255;255m+                 },
[38;2;0;95;95m[48;2;215;255;255m+                 "appearActiveClass": Object {
[38;2;0;95;95m[48;2;215;255;255m+                   "type": [Function],
[38;2;0;95;95m[48;2;215;255;255m+                 },
[38;2;0;95;95m[48;2;215;255;255m+                 "appearClass": Object {
[38;2;0;95;95m[48;2;215;255;255m+                   "type": [Function],
[38;2;0;95;95m[48;2;215;255;255m+                 },
[38;2;0;95;95m[48;2;215;255;255m+                 "appearToClass": Object {
[38;2;0;95;95m[48;2;215;255;255m+                   "type": [Function],
[38;2;0;95;95m[48;2;215;255;255m+                 },
[38;2;0;95;95m[48;2;215;255;255m+                 "css": Object {
[38;2;0;95;95m[48;2;215;255;255m+                   "type": [Function],
[38;2;0;95;95m[48;2;215;255;255m+                 },
[38;2;0;95;95m[48;2;215;255;255m+                 "duration": Object {
[38;2;0;95;95m[48;2;215;255;255m+                   "type": Array [
[38;2;0;95;95m[48;2;215;255;255m+                     [Function],
[38;2;0;95;95m[48;2;215;255;255m+                     [Function],
[38;2;0;95;95m[48;2;215;255;255m+                     [Function],
[38;2;0;95;95m[48;2;215;255;255m+                   ],
[38;2;0;95;95m[48;2;215;255;255m+                 },
[38;2;0;95;95m[48;2;215;255;255m+                 "enterActiveClass": Object {
[38;2;0;95;95m[48;2;215;255;255m+                   "type": [Function],
[38;2;0;95;95m[48;2;215;255;255m+                 },
[38;2;0;95;95m[48;2;215;255;255m+                 "enterClass": Object {
[38;2;0;95;95m[48;2;215;255;255m+                   "type": [Function],
[38;2;0;95;95m[48;2;215;255;255m+                 },
[38;2;0;95;95m[48;2;215;255;255m+                 "enterToClass": Object {
[38;2;0;95;95m[48;2;215;255;255m+                   "type": [Function],
[38;2;0;95;95m[48;2;215;255;255m+                 },
[38;2;0;95;95m[48;2;215;255;255m+                 "leaveActiveClass": Object {
[38;2;0;95;95m[48;2;215;255;255m+                   "type": [Function],
[38;2;0;95;95m[48;2;215;255;255m+                 },
[38;2;0;95;95m[48;2;215;255;255m+                 "leaveClass": Object {
[38;2;0;95;95m[48;2;215;255;255m+                   "type": [Function],
[38;2;0;95;95m[48;2;215;255;255m+                 },
[38;2;0;95;95m[48;2;215;255;255m+                 "leaveToClass": Object {
[38;2;0;95;95m[48;2;215;255;255m+                   "type": [Function],
[38;2;0;95;95m[48;2;215;255;255m+                 },
[38;2;0;95;95m[48;2;215;255;255m+                 "moveClass": Object {
[38;2;0;95;95m[48;2;215;255;255m+                   "type": [Function],
[38;2;0;95;95m[48;2;215;255;255m+                 },
[38;2;0;95;95m[48;2;215;255;255m+                 "name": Object {
[38;2;0;95;95m[48;2;215;255;255m+                   "type": [Function],
[38;2;0;95;95m[48;2;215;255;255m+                 },
[38;2;0;95;95m[48;2;215;255;255m+                 "tag": Object {
[38;2;0;95;95m[48;2;215;255;255m+                   "type": [Function],
[38;2;0;95;95m[48;2;215;255;255m+                 },
[38;2;0;95;95m[48;2;215;255;255m+                 "type": Object {
[38;2;0;95;95m[48;2;215;255;255m+                   "type": [Function],
[38;2;0;95;95m[48;2;215;255;255m+                 },
[38;2;0;95;95m[48;2;215;255;255m+               },
[38;2;0;95;95m[48;2;215;255;255m+               "render": [Function],
[38;2;0;95;95m[48;2;215;255;255m+               "updated": [Function],
[38;2;0;95;95m[48;2;215;255;255m+             },
[38;2;0;95;95m[48;2;215;255;255m+           },
[38;2;0;95;95m[48;2;215;255;255m+           "directives": Object {
[38;2;0;95;95m[48;2;215;255;255m+             "model": Object {
[38;2;0;95;95m[48;2;215;255;255m+               "componentUpdated": [Function],
[38;2;0;95;95m[48;2;215;255;255m+               "inserted": [Function],
[38;2;0;95;95m[48;2;215;255;255m+             },
[38;2;0;95;95m[48;2;215;255;255m+             "show": Object {
[38;2;0;95;95m[48;2;215;255;255m+               "bind": [Function],
[38;2;0;95;95m[48;2;215;255;255m+               "unbind": [Function],
[38;2;0;95;95m[48;2;215;255;255m+               "update": [Function],
[38;2;0;95;95m[48;2;215;255;255m+             },
[38;2;0;95;95m[48;2;215;255;255m+           },
[38;2;0;95;95m[48;2;215;255;255m+           "filters": Object {},
[38;2;0;95;95m[48;2;215;255;255m+         },
[38;2;0;95;95m[48;2;215;255;255m+         "use": [Function],
[38;2;0;95;95m[48;2;215;255;255m+         "util": Object {
[38;2;0;95;95m[48;2;215;255;255m+           "defineReactive": [Function],
[38;2;0;95;95m[48;2;215;255;255m+           "extend": [Function],
[38;2;0;95;95m[48;2;215;255;255m+           "mergeOptions": [Function],
[38;2;0;95;95m[48;2;215;255;255m+           "warn": [Function],
[38;2;0;95;95m[48;2;215;255;255m+         },
[38;2;0;95;95m[48;2;215;255;255m+         "version": "2.6.14",
[38;2;0;95;95m[48;2;215;255;255m+       },
[38;2;0;95;95m[48;2;215;255;255m+       "$parent": undefined,
[38;2;0;95;95m[48;2;215;255;255m+       "$refs": Object {},
[38;2;0;95;95m[48;2;215;255;255m+       "$root": [Circular],
[38;2;0;95;95m[48;2;215;255;255m+       "$scopedSlots": Object {},
[38;2;0;95;95m[48;2;215;255;255m+       "$slots": Object {},
[38;2;0;95;95m[48;2;215;255;255m+       "$vnode": undefined,
[38;2;0;95;95m[48;2;215;255;255m+       "__emitted": Object {},
[38;2;0;95;95m[48;2;215;255;255m+       "__emittedByOrder": Array [],
[38;2;0;95;95m[48;2;215;255;255m+       "_c": [Function],
[38;2;0;95;95m[48;2;215;255;255m+       "_data": Object {
[38;2;0;95;95m[48;2;215;255;255m+         "vueTestUtils_childProps": Object {},
[38;2;0;95;95m[48;2;215;255;255m+       },
[38;2;0;95;95m[48;2;215;255;255m+       "_directInactive": false,
[38;2;0;95;95m[48;2;215;255;255m+       "_events": Object {},
[38;2;0;95;95m[48;2;215;255;255m+       "_hasHookEvent": false,
[38;2;0;95;95m[48;2;215;255;255m+       "_inactive": null,
[38;2;0;95;95m[48;2;215;255;255m+       "_isBeingDestroyed": false,
[38;2;0;95;95m[48;2;215;255;255m+       "_isDestroyed": false,
[38;2;0;95;95m[48;2;215;255;255m+       "_isMounted": true,
[38;2;0;95;95m[48;2;215;255;255m+       "_isVue": true,
[38;2;0;95;95m[48;2;215;255;255m+       "_provided": Object {},
[38;2;0;95;95m[48;2;215;255;255m+       "_renderProxy": VueComponent {
[38;2;0;95;95m[48;2;215;255;255m+         "$attrs": Object {},
[38;2;0;95;95m[48;2;215;255;255m+         "$children": Array [
[38;2;0;95;95m[48;2;215;255;255m+           [Circular],
[38;2;0;95;95m[48;2;215;255;255m+         ],
[38;2;0;95;95m[48;2;215;255;255m+         "$createElement": [Function],
[38;2;0;95;95m[48;2;215;255;255m+         "$el": <div>
[38;2;0;95;95m[48;2;215;255;255m+           <b-dropdown
[38;2;0;95;95m[48;2;215;255;255m+             no-caret=""
[38;2;0;95;95m[48;2;215;255;255m+             right=""
[38;2;0;95;95m[48;2;215;255;255m+             size="lg"
[38;2;0;95;95m[48;2;215;255;255m+             variant="link"
[38;2;0;95;95m[48;2;215;255;255m+           >
[38;2;0;95;95m[48;2;215;255;255m+              
[38;2;0;95;95m[48;2;215;255;255m+             <b-dropdown-item>
[38;2;0;95;95m[48;2;215;255;255m+               <b-icon
[38;2;0;95;95m[48;2;215;255;255m+                 icon="door-open"
[38;2;0;95;95m[48;2;215;255;255m+               />
[38;2;0;95;95m[48;2;215;255;255m+               
[38;2;0;95;95m[48;2;215;255;255m+       回到主页
[38;2;0;95;95m[48;2;215;255;255m+     
[38;2;0;95;95m[48;2;215;255;255m+             </b-dropdown-item>
[38;2;0;95;95m[48;2;215;255;255m+              
[38;2;0;95;95m[48;2;215;255;255m+             <b-dropdown-item>
[38;2;0;95;95m[48;2;215;255;255m+               <b-icon
[38;2;0;95;95m[48;2;215;255;255m+                 icon="cursor-fill"
[38;2;0;95;95m[48;2;215;255;255m+               />
[38;2;0;95;95m[48;2;215;255;255m+               
[38;2;0;95;95m[48;2;215;255;255m+       注销用户
[38;2;0;95;95m[48;2;215;255;255m+     
[38;2;0;95;95m[48;2;215;255;255m+             </b-dropdown-item>
[38;2;0;95;95m[48;2;215;255;255m+           </b-dropdown>
[38;2;0;95;95m[48;2;215;255;255m+         </div>,
[38;2;0;95;95m[48;2;215;255;255m+         "$emit": [Function],
[38;2;0;95;95m[48;2;215;255;255m+         "$listeners": Object {},
[38;2;0;95;95m[48;2;215;255;255m+         "$options": Object {
[38;2;0;95;95m[48;2;215;255;255m+           "$_doNotStubChildren": true,
[38;2;0;95;95m[48;2;215;255;255m+           "$_isWrapperParent": true,
[38;2;0;95;95m[48;2;215;255;255m+           "_Ctor": Object {
[38;2;0;95;95m[48;2;215;255;255m+             "1404": [Function],
[38;2;0;95;95m[48;2;215;255;255m+           },
[38;2;0;95;95m[48;2;215;255;255m+           "_base": [Function],
[38;2;0;95;95m[48;2;215;255;255m+           "_installedPlugins": Array [
[38;2;0;95;95m[48;2;215;255;255m+             Object {
[38;2;0;95;95m[48;2;215;255;255m+               "install": [Function],
[38;2;0;95;95m[48;2;215;255;255m+             },
[38;2;0;95;95m[48;2;215;255;255m+             Object {
[38;2;0;95;95m[48;2;215;255;255m+               "install": [Function],
[38;2;0;95;95m[48;2;215;255;255m+             },
[38;2;0;95;95m[48;2;215;255;255m+             Object {
[38;2;0;95;95m[48;2;215;255;255m+               "install": [Function],
[38;2;0;95;95m[48;2;215;255;255m+             },
[38;2;0;95;95m[48;2;215;255;255m+             Object {
[38;2;0;95;95m[48;2;215;255;255m+               "install": [Function],
[38;2;0;95;95m[48;2;215;255;255m+             },
[38;2;0;95;95m[48;2;215;255;255m+             Object {
[38;2;0;95;95m[48;2;215;255;255m+               "install": [Function],
[38;2;0;95;95m[48;2;215;255;255m+             },
[38;2;0;95;95m[48;2;215;255;255m+             Object {
[38;2;0;95;95m[48;2;215;255;255m+               "install": [Function],
[38;2;0;95;95m[48;2;215;255;255m+             },
[38;2;0;95;95m[48;2;215;255;255m+             Object {
[38;2;0;95;95m[48;2;215;255;255m+               "install": [Function],
[38;2;0;95;95m[48;2;215;255;255m+             },
[38;2;0;95;95m[48;2;215;255;255m+             Object {
[38;2;0;95;95m[48;2;215;255;255m+               "install": [Function],
[38;2;0;95;95m[48;2;215;255;255m+             },
[38;2;0;95;95m[48;2;215;255;255m+             Object {
[38;2;0;95;95m[48;2;215;255;255m+               "install": [Function],
[38;2;0;95;95m[48;2;215;255;255m+             },
[38;2;0;95;95m[48;2;215;255;255m+             Object {
[38;2;0;95;95m[48;2;215;255;255m+               "install": [Function],
[38;2;0;95;95m[48;2;215;255;255m+             },
[38;2;0;95;95m[48;2;215;255;255m+             Object {
[38;2;0;95;95m[48;2;215;255;255m+               "install": [Function],
[38;2;0;95;95m[48;2;215;255;255m+             },
[38;2;0;95;95m[48;2;215;255;255m+             Object {
[38;2;0;95;95m[48;2;215;255;255m+               "install": [Function],
[38;2;0;95;95m[48;2;215;255;255m+             },
[38;2;0;95;95m[48;2;215;255;255m+             Object {
[38;2;0;95;95m[48;2;215;255;255m+               "install": [Function],
[38;2;0;95;95m[48;2;215;255;255m+             },
[38;2;0;95;95m[48;2;215;255;255m+             Object {
[38;2;0;95;95m[48;2;215;255;255m+               "install": [Function],
[38;2;0;95;95m[48;2;215;255;255m+             },
[38;2;0;95;95m[48;2;215;255;255m+             Object {
[38;2;0;95;95m[48;2;215;255;255m+               "install": [Function],
[38;2;0;95;95m[48;2;215;255;255m+             },
[38;2;0;95;95m[48;2;215;255;255m+             Object {
[38;2;0;95;95m[48;2;215;255;255m+               "install": [Function],
[38;2;0;95;95m[48;2;215;255;255m+             },
[38;2;0;95;95m[48;2;215;255;255m+             Object {
[38;2;0;95;95m[48;2;215;255;255m+               "install": [Function],
[38;2;0;95;95m[48;2;215;255;255m+             },
[38;2;0;95;95m[48;2;215;255;255m+             Object {
[38;2;0;95;95m[48;2;215;255;255m+               "install": [Function],
[38;2;0;95;95m[48;2;215;255;255m+             },
[38;2;0;95;95m[48;2;215;255;255m+             Object {
[38;2;0;95;95m[48;2;215;255;255m+               "install": [Function],
[38;2;0;95;95m[48;2;215;255;255m+             },
[38;2;0;95;95m[48;2;215;255;255m+             Object {
[38;2;0;95;95m[48;2;215;255;255m+               "install": [Function],
[38;2;0;95;95m[48;2;215;255;255m+             },
[38;2;0;95;95m[48;2;215;255;255m+             Object {
[38;2;0;95;95m[48;2;215;255;255m+               "install": [Function],
[38;2;0;95;95m[48;2;215;255;255m+             },
[38;2;0;95;95m[48;2;215;255;255m+             Object {
[38;2;0;95;95m[48;2;215;255;255m+               "install": [Function],
[38;2;0;95;95m[48;2;215;255;255m+             },
[38;2;0;95;95m[48;2;215;255;255m+             Object {
[38;2;0;95;95m[48;2;215;255;255m+               "install": [Function],
[38;2;0;95;95m[48;2;215;255;255m+             },
[38;2;0;95;95m[48;2;215;255;255m+             Object {
[38;2;0;95;95m[48;2;215;255;255m+               "install": [Function],
[38;2;0;95;95m[48;2;215;255;255m+             },
[38;2;0;95;95m[48;2;215;255;255m+             Object {
[38;2;0;95;95m[48;2;215;255;255m+               "install": [Function],
[38;2;0;95;95m[48;2;215;255;255m+             },
[38;2;0;95;95m[48;2;215;255;255m+             Object {
[38;2;0;95;95m[48;2;215;255;255m+               "install": [Function],
[38;2;0;95;95m[48;2;215;255;255m+             },
[38;2;0;95;95m[48;2;215;255;255m+             Object {
[38;2;0;95;95m[48;2;215;255;255m+               "install": [Function],
[38;2;0;95;95m[48;2;215;255;255m+             },
[38;2;0;95;95m[48;2;215;255;255m+             Object {
[38;2;0;95;95m[48;2;215;255;255m+               "install": [Function],
[38;2;0;95;95m[48;2;215;255;255m+             },
[38;2;0;95;95m[48;2;215;255;255m+             Object {
[38;2;0;95;95m[48;2;215;255;255m+               "install": [Function],
[38;2;0;95;95m[48;2;215;255;255m+             },
[38;2;0;95;95m[48;2;215;255;255m+             Object {
[38;2;0;95;95m[48;2;215;255;255m+               "install": [Function],
[38;2;0;95;95m[48;2;215;255;255m+             },
[38;2;0;95;95m[48;2;215;255;255m+             Object {
[38;2;0;95;95m[48;2;215;255;255m+               "install": [Function],
[38;2;0;95;95m[48;2;215;255;255m+             },
[38;2;0;95;95m[48;2;215;255;255m+             Object {
[38;2;0;95;95m[48;2;215;255;255m+               "install": [Function],
[38;2;0;95;95m[48;2;215;255;255m+             },
[38;2;0;95;95m[48;2;215;255;255m+             Object {
[38;2;0;95;95m[48;2;215;255;255m+               "install": [Function],
[38;2;0;95;95m[48;2;215;255;255m+             },
[38;2;0;95;95m[48;2;215;255;255m+             Object {
[38;2;0;95;95m[48;2;215;255;255m+               "install": [Function],
[38;2;0;95;95m[48;2;215;255;255m+             },
[38;2;0;95;95m[48;2;215;255;255m+             Object {
[38;2;0;95;95m[48;2;215;255;255m+               "install": [Function],
[38;2;0;95;95m[48;2;215;255;255m+             },
[38;2;0;95;95m[48;2;215;255;255m+             [Function],
[38;2;0;95;95m[48;2;215;255;255m+             Object {
[38;2;0;95;95m[48;2;215;255;255m+               "install": [Function],
[38;2;0;95;95m[48;2;215;255;255m+             },
[38;2;0;95;95m[48;2;215;255;255m+             Object {
[38;2;0;95;95m[48;2;215;255;255m+               "install": [Function],
[38;2;0;95;95m[48;2;215;255;255m+             },
[38;2;0;95;95m[48;2;215;255;255m+             Object {
[38;2;0;95;95m[48;2;215;255;255m+               "install": [Function],
[38;2;0;95;95m[48;2;215;255;255m+             },
[38;2;0;95;95m[48;2;215;255;255m+             Object {
[38;2;0;95;95m[48;2;215;255;255m+               "install": [Function],
[38;2;0;95;95m[48;2;215;255;255m+             },
[38;2;0;95;95m[48;2;215;255;255m+             Object {
[38;2;0;95;95m[48;2;215;255;255m+               "install": [Function],
[38;2;0;95;95m[48;2;215;255;255m+             },
[38;2;0;95;95m[48;2;215;255;255m+             Object {
[38;2;0;95;95m[48;2;215;255;255m+               "install": [Function],
[38;2;0;95;95m[48;2;215;255;255m+             },
[38;2;0;95;95m[48;2;215;255;255m+             Object {
[38;2;0;95;95m[48;2;215;255;255m+               "install": [Function],
[38;2;0;95;95m[48;2;215;255;255m+             },
[38;2;0;95;95m[48;2;215;255;255m+             Object {
[38;2;0;95;95m[48;2;215;255;255m+               "install": [Function],
[38;2;0;95;95m[48;2;215;255;255m+             },
[38;2;0;95;95m[48;2;215;255;255m+             Object {
[38;2;0;95;95m[48;2;215;255;255m+               "install": [Function],
[38;2;0;95;95m[48;2;215;255;255m+             },
[38;2;0;95;95m[48;2;215;255;255m+             Object {
[38;2;0;95;95m[48;2;215;255;255m+               "install": [Function],
[38;2;0;95;95m[48;2;215;255;255m+             },
[38;2;0;95;95m[48;2;215;255;255m+             Object {
[38;2;0;95;95m[48;2;215;255;255m+               "install": [Function],
[38;2;0;95;95m[48;2;215;255;255m+             },
[38;2;0;95;95m[48;2;215;255;255m+             Object {
[38;2;0;95;95m[48;2;215;255;255m+               "install": [Function],
[38;2;0;95;95m[48;2;215;255;255m+             },
[38;2;0;95;95m[48;2;215;255;255m+             Object {
[38;2;0;95;95m[48;2;215;255;255m+               "install": [Function],
[38;2;0;95;95m[48;2;215;255;255m+             },
[38;2;0;95;95m[48;2;215;255;255m+             Object {
[38;2;0;95;95m[48;2;215;255;255m+               "install": [Function],
[38;2;0;95;95m[48;2;215;255;255m+             },
[38;2;0;95;95m[48;2;215;255;255m+             Object {
[38;2;0;95;95m[48;2;215;255;255m+               "install": [Function],
[38;2;0;95;95m[48;2;215;255;255m+             },
[38;2;0;95;95m[48;2;215;255;255m+             Object {
[38;2;0;95;95m[48;2;215;255;255m+               "install": [Function],
[38;2;0;95;95m[48;2;215;255;255m+             },
[38;2;0;95;95m[48;2;215;255;255m+             Object {
[38;2;0;95;95m[48;2;215;255;255m+               "install": [Function],
[38;2;0;95;95m[48;2;215;255;255m+             },
[38;2;0;95;95m[48;2;215;255;255m+             Object {
[38;2;0;95;95m[48;2;215;255;255m+               "install": [Function],
[38;2;0;95;95m[48;2;215;255;255m+             },
[38;2;0;95;95m[48;2;215;255;255m+             [Function],
[38;2;0;95;95m[48;2;215;255;255m+             Object {
[38;2;0;95;95m[48;2;215;255;255m+               "install": [Function],
[38;2;0;95;95m[48;2;215;255;255m+             },
[38;2;0;95;95m[48;2;215;255;255m+             Object {
[38;2;0;95;95m[48;2;215;255;255m+               "install": [Function],
[38;2;0;95;95m[48;2;215;255;255m+             },
[38;2;0;95;95m[48;2;215;255;255m+             Object {
[38;2;0;95;95m[48;2;215;255;255m+               "install": [Function],
[38;2;0;95;95m[48;2;215;255;255m+             },
[38;2;0;95;95m[48;2;215;255;255m+             Object {
[38;2;0;95;95m[48;2;215;255;255m+               "install": [Function],
[38;2;0;95;95m[48;2;215;255;255m+             },
[38;2;0;95;95m[48;2;215;255;255m+             Object {
[38;2;0;95;95m[48;2;215;255;255m+               "install": [Function],
[38;2;0;95;95m[48;2;215;255;255m+             },
[38;2;0;95;95m[48;2;215;255;255m+             Object {
[38;2;0;95;95m[48;2;215;255;255m+               "install": [Function],
[38;2;0;95;95m[48;2;215;255;255m+             },
[38;2;0;95;95m[48;2;215;255;255m+             Object {
[38;2;0;95;95m[48;2;215;255;255m+               "install": [Function],
[38;2;0;95;95m[48;2;215;255;255m+             },
[38;2;0;95;95m[48;2;215;255;255m+             Object {
[38;2;0;95;95m[48;2;215;255;255m+               "install": [Function],
[38;2;0;95;95m[48;2;215;255;255m+             },
[38;2;0;95;95m[48;2;215;255;255m+             Object {
[38;2;0;95;95m[48;2;215;255;255m+               "install": [Function],
[38;2;0;95;95m[48;2;215;255;255m+             },
[38;2;0;95;95m[48;2;215;255;255m+             Object {
[38;2;0;95;95m[48;2;215;255;255m+               "install": [Function],
[38;2;0;95;95m[48;2;215;255;255m+             },
[38;2;0;95;95m[48;2;215;255;255m+             Object {
[38;2;0;95;95m[48;2;215;255;255m+               "NAME": "BootstrapVue",
[38;2;0;95;95m[48;2;215;255;255m+               "install": [Function],
[38;2;0;95;95m[48;2;215;255;255m+             },
[38;2;0;95;95m[48;2;215;255;255m+           ],
[38;2;0;95;95m[48;2;215;255;255m+           "_isFunctionalContainer": undefined,
[38;2;0;95;95m[48;2;215;255;255m+           "beforeCreate": Array [
[38;2;0;95;95m[48;2;215;255;255m+             [Function],
[38;2;0;95;95m[48;2;215;255;255m+             [Function],
[38;2;0;95;95m[48;2;215;255;255m+             [Function],
[38;2;0;95;95m[48;2;215;255;255m+           ],
[38;2;0;95;95m[48;2;215;255;255m+           "cid": 1398,
[38;2;0;95;95m[48;2;215;255;255m+           "component": [Function],
[38;2;0;95;95m[48;2;215;255;255m+           "components": Object {
[38;2;0;95;95m[48;2;215;255;255m+             "transition": Object {
[38;2;0;95;95m[48;2;215;255;255m+               "$_doNotStubChildren": true,
[38;2;0;95;95m[48;2;215;255;255m+               "$_vueTestUtils_original": Object {
[38;2;0;95;95m[48;2;215;255;255m+                 "_Ctor": Object {
[38;2;0;95;95m[48;2;215;255;255m+                   "1404": [Function],
[38;2;0;95;95m[48;2;215;255;255m+                 },
[38;2;0;95;95m[48;2;215;255;255m+                 "abstract": true,
[38;2;0;95;95m[48;2;215;255;255m+                 "name": "transition",
[38;2;0;95;95m[48;2;215;255;255m+                 "props": Object {
[38;2;0;95;95m[48;2;215;255;255m+                   "appear": Object {
[38;2;0;95;95m[48;2;215;255;255m+                     "type": [Function],
[38;2;0;95;95m[48;2;215;255;255m+                   },
[38;2;0;95;95m[48;2;215;255;255m+                   "appearActiveClass": Object {
[38;2;0;95;95m[48;2;215;255;255m+                     "type": [Function],
[38;2;0;95;95m[48;2;215;255;255m+                   },
[38;2;0;95;95m[48;2;215;255;255m+                   "appearClass": Object {
[38;2;0;95;95m[48;2;215;255;255m+                     "type": [Function],
[38;2;0;95;95m[48;2;215;255;255m+                   },
[38;2;0;95;95m[48;2;215;255;255m+                   "appearToClass": Object {
[38;2;0;95;95m[48;2;215;255;255m+                     "type": [Function],
[38;2;0;95;95m[48;2;215;255;255m+                   },
[38;2;0;95;95m[48;2;215;255;255m+                   "css": Object {
[38;2;0;95;95m[48;2;215;255;255m+                     "type": [Function],
[38;2;0;95;95m[48;2;215;255;255m+                   },
[38;2;0;95;95m[48;2;215;255;255m+                   "duration": Object {
[38;2;0;95;95m[48;2;215;255;255m+                     "type": Array [
[38;2;0;95;95m[48;2;215;255;255m+                       [Function],
[38;2;0;95;95m[48;2;215;255;255m+                       [Function],
[38;2;0;95;95m[48;2;215;255;255m+                       [Function],
[38;2;0;95;95m[48;2;215;255;255m+                     ],
[38;2;0;95;95m[48;2;215;255;255m+                   },
[38;2;0;95;95m[48;2;215;255;255m+                   "enterActiveClass": Object {
[38;2;0;95;95m[48;2;215;255;255m+                     "type": [Function],
[38;2;0;95;95m[48;2;215;255;255m+                   },
[38;2;0;95;95m[48;2;215;255;255m+                   "enterClass": Object {
[38;2;0;95;95m[48;2;215;255;255m+                     "type": [Function],
[38;2;0;95;95m[48;2;215;255;255m+                   },
[38;2;0;95;95m[48;2;215;255;255m+                   "enterToClass": Object {
[38;2;0;95;95m[48;2;215;255;255m+                     "type": [Function],
[38;2;0;95;95m[48;2;215;255;255m+                   },
[38;2;0;95;95m[48;2;215;255;255m+                   "leaveActiveClass": Object {
[38;2;0;95;95m[48;2;215;255;255m+                     "type": [Function],
[38;2;0;95;95m[48;2;215;255;255m+                   },
[38;2;0;95;95m[48;2;215;255;255m+                   "leaveClass": Object {
[38;2;0;95;95m[48;2;215;255;255m+                     "type": [Function],
[38;2;0;95;95m[48;2;215;255;255m+                   },
[38;2;0;95;95m[48;2;215;255;255m+                   "leaveToClass": Object {
[38;2;0;95;95m[48;2;215;255;255m+                     "type": [Function],
[38;2;0;95;95m[48;2;215;255;255m+                   },
[38;2;0;95;95m[48;2;215;255;255m+                   "mode": Object {
[38;2;0;95;95m[48;2;215;255;255m+                     "type": [Function],
[38;2;0;95;95m[48;2;215;255;255m+                   },
[38;2;0;95;95m[48;2;215;255;255m+                   "name": Object {
[38;2;0;95;95m[48;2;215;255;255m+                     "type": [Function],
[38;2;0;95;95m[48;2;215;255;255m+                   },
[38;2;0;95;95m[48;2;215;255;255m+                   "type": Object {
[38;2;0;95;95m[48;2;215;255;255m+                     "type": [Function],
[38;2;0;95;95m[48;2;215;255;255m+                   },
[38;2;0;95;95m[48;2;215;255;255m+                 },
[38;2;0;95;95m[48;2;215;255;255m+                 "render": [Function],
[38;2;0;95;95m[48;2;215;255;255m+               },
[38;2;0;95;95m[48;2;215;255;255m+               "abstract": true,
[38;2;0;95;95m[48;2;215;255;255m+               "attrs": undefined,
[38;2;0;95;95m[48;2;215;255;255m+               "class": undefined,
[38;2;0;95;95m[48;2;215;255;255m+               "domProps": undefined,
[38;2;0;95;95m[48;2;215;255;255m+               "functional": undefined,
[38;2;0;95;95m[48;2;215;255;255m+               "key": undefined,
[38;2;0;95;95m[48;2;215;255;255m+               "model": undefined,
[38;2;0;95;95m[48;2;215;255;255m+               "name": "transition",
[38;2;0;95;95m[48;2;215;255;255m+               "nativeOn": undefined,
[38;2;0;95;95m[48;2;215;255;255m+               "normalizedStyle": undefined,
[38;2;0;95;95m[48;2;215;255;255m+               "on": undefined,
[38;2;0;95;95m[48;2;215;255;255m+               "props": Object {
[38;2;0;95;95m[48;2;215;255;255m+                 "appear": Object {
[38;2;0;95;95m[48;2;215;255;255m+                   "type": [Function],
[38;2;0;95;95m[48;2;215;255;255m+                 },
[38;2;0;95;95m[48;2;215;255;255m+                 "appearActiveClass": Object {
[38;2;0;95;95m[48;2;215;255;255m+                   "type": [Function],
[38;2;0;95;95m[48;2;215;255;255m+                 },
[38;2;0;95;95m[48;2;215;255;255m+                 "appearClass": Object {
[38;2;0;95;95m[48;2;215;255;255m+                   "type": [Function],
[38;2;0;95;95m[48;2;215;255;255m+                 },
[38;2;0;95;95m[48;2;215;255;255m+                 "appearToClass": Object {
[38;2;0;95;95m[48;2;215;255;255m+                   "type": [Function],
[38;2;0;95;95m[48;2;215;255;255m+                 },
[38;2;0;95;95m[48;2;215;255;255m+                 "css": Object {
[38;2;0;95;95m[48;2;215;255;255m+                   "type": [Function],
[38;2;0;95;95m[48;2;215;255;255m+                 },
[38;2;0;95;95m[48;2;215;255;255m+                 "duration": Object {
[38;2;0;95;95m[48;2;215;255;255m+                   "type": Array [
[38;2;0;95;95m[48;2;215;255;255m+                     [Function],
[38;2;0;95;95m[48;2;215;255;255m+                     [Function],
[38;2;0;95;95m[48;2;215;255;255m+                     [Function],
[38;2;0;95;95m[48;2;215;255;255m+                   ],
[38;2;0;95;95m[48;2;215;255;255m+                 },
[38;2;0;95;95m[48;2;215;255;255m+                 "enterActiveClass": Object {
[38;2;0;95;95m[48;2;215;255;255m+                   "type": [Function],
[38;2;0;95;95m[48;2;215;255;255m+                 },
[38;2;0;95;95m[48;2;215;255;255m+                 "enterClass": Object {
[38;2;0;95;95m[48;2;215;255;255m+                   "type": [Function],
[38;2;0;95;95m[48;2;215;255;255m+                 },
[38;2;0;95;95m[48;2;215;255;255m+                 "enterToClass": Object {
[38;2;0;95;95m[48;2;215;255;255m+                   "type": [Function],
[38;2;0;95;95m[48;2;215;255;255m+                 },
[38;2;0;95;95m[48;2;215;255;255m+                 "leaveActiveClass": Object {
[38;2;0;95;95m[48;2;215;255;255m+                   "type": [Function],
[38;2;0;95;95m[48;2;215;255;255m+                 },
[38;2;0;95;95m[48;2;215;255;255m+                 "leaveClass": Object {
[38;2;0;95;95m[48;2;215;255;255m+                   "type": [Function],
[38;2;0;95;95m[48;2;215;255;255m+                 },
[38;2;0;95;95m[48;2;215;255;255m+                 "leaveToClass": Object {
[38;2;0;95;95m[48;2;215;255;255m+                   "type": [Function],
[38;2;0;95;95m[48;2;215;255;255m+                 },
[38;2;0;95;95m[48;2;215;255;255m+                 "mode": Object {
[38;2;0;95;95m[48;2;215;255;255m+                   "type": [Function],
[38;2;0;95;95m[48;2;215;255;255m+                 },
[38;2;0;95;95m[48;2;215;255;255m+                 "name": Object {
[38;2;0;95;95m[48;2;215;255;255m+                   "type": [Function],
[38;2;0;95;95m[48;2;215;255;255m+                 },
[38;2;0;95;95m[48;2;215;255;255m+                 "type": Object {
[38;2;0;95;95m[48;2;215;255;255m+                   "type": [Function],
[38;2;0;95;95m[48;2;215;255;255m+                 },
[38;2;0;95;95m[48;2;215;255;255m+               },
[38;2;0;95;95m[48;2;215;255;255m+               "render": [Function],
[38;2;0;95;95m[48;2;215;255;255m+               "staticClass": undefined,
[38;2;0;95;95m[48;2;215;255;255m+               "staticStyle": undefined,
[38;2;0;95;95m[48;2;215;255;255m+               "style": undefined,
[38;2;0;95;95m[48;2;215;255;255m+             },
[38;2;0;95;95m[48;2;215;255;255m+             "transition-group": Object {
[38;2;0;95;95m[48;2;215;255;255m+               "$_doNotStubChildren": true,
[38;2;0;95;95m[48;2;215;255;255m+               "$_vueTestUtils_original": Object {
[38;2;0;95;95m[48;2;215;255;255m+                 "_Ctor": Object {
[38;2;0;95;95m[48;2;215;255;255m+                   "1404": [Function],
[38;2;0;95;95m[48;2;215;255;255m+                 },
[38;2;0;95;95m[48;2;215;255;255m+                 "beforeMount": [Function],
[38;2;0;95;95m[48;2;215;255;255m+                 "methods": Object {
[38;2;0;95;95m[48;2;215;255;255m+                   "hasMove": [Function],
[38;2;0;95;95m[48;2;215;255;255m+                 },
[38;2;0;95;95m[48;2;215;255;255m+                 "props": Object {
[38;2;0;95;95m[48;2;215;255;255m+                   "appear": Object {
[38;2;0;95;95m[48;2;215;255;255m+                     "type": [Function],
[38;2;0;95;95m[48;2;215;255;255m+                   },
[38;2;0;95;95m[48;2;215;255;255m+                   "appearActiveClass": Object {
[38;2;0;95;95m[48;2;215;255;255m+                     "type": [Function],
[38;2;0;95;95m[48;2;215;255;255m+                   },
[38;2;0;95;95m[48;2;215;255;255m+                   "appearClass": Object {
[38;2;0;95;95m[48;2;215;255;255m+                     "type": [Function],
[38;2;0;95;95m[48;2;215;255;255m+                   },
[38;2;0;95;95m[48;2;215;255;255m+                   "appearToClass": Object {
[38;2;0;95;95m[48;2;215;255;255m+                     "type": [Function],
[38;2;0;95;95m[48;2;215;255;255m+                   },
[38;2;0;95;95m[48;2;215;255;255m+                   "css": Object {
[38;2;0;95;95m[48;2;215;255;255m+                     "type": [Function],
[38;2;0;95;95m[48;2;215;255;255m+                   },
[38;2;0;95;95m[48;2;215;255;255m+                   "duration": Object {
[38;2;0;95;95m[48;2;215;255;255m+                     "type": Array [
[38;2;0;95;95m[48;2;215;255;255m+                       [Function],
[38;2;0;95;95m[48;2;215;255;255m+                       [Function],
[38;2;0;95;95m[48;2;215;255;255m+                       [Function],
[38;2;0;95;95m[48;2;215;255;255m+                     ],
[38;2;0;95;95m[48;2;215;255;255m+                   },
[38;2;0;95;95m[48;2;215;255;255m+                   "enterActiveClass": Object {
[38;2;0;95;95m[48;2;215;255;255m+                     "type": [Function],
[38;2;0;95;95m[48;2;215;255;255m+                   },
[38;2;0;95;95m[48;2;215;255;255m+                   "enterClass": Object {
[38;2;0;95;95m[48;2;215;255;255m+                     "type": [Function],
[38;2;0;95;95m[48;2;215;255;255m+                   },
[38;2;0;95;95m[48;2;215;255;255m+                   "enterToClass": Object {
[38;2;0;95;95m[48;2;215;255;255m+                     "type": [Function],
[38;2;0;95;95m[48;2;215;255;255m+                   },
[38;2;0;95;95m[48;2;215;255;255m+                   "leaveActiveClass": Object {
[38;2;0;95;95m[48;2;215;255;255m+                     "type": [Function],
[38;2;0;95;95m[48;2;215;255;255m+                   },
[38;2;0;95;95m[48;2;215;255;255m+                   "leaveClass": Object {
[38;2;0;95;95m[48;2;215;255;255m+                     "type": [Function],
[38;2;0;95;95m[48;2;215;255;255m+                   },
[38;2;0;95;95m[48;2;215;255;255m+                   "leaveToClass": Object {
[38;2;0;95;95m[48;2;215;255;255m+                     "type": [Function],
[38;2;0;95;95m[48;2;215;255;255m+                   },
[38;2;0;95;95m[48;2;215;255;255m+                   "moveClass": Object {
[38;2;0;95;95m[48;2;215;255;255m+                     "type": [Function],
[38;2;0;95;95m[48;2;215;255;255m+                   },
[38;2;0;95;95m[48;2;215;255;255m+                   "name": Object {
[38;2;0;95;95m[48;2;215;255;255m+                     "type": [Function],
[38;2;0;95;95m[48;2;215;255;255m+                   },
[38;2;0;95;95m[48;2;215;255;255m+                   "tag": Object {
[38;2;0;95;95m[48;2;215;255;255m+                     "type": [Function],
[38;2;0;95;95m[48;2;215;255;255m+                   },
[38;2;0;95;95m[48;2;215;255;255m+                   "type": Object {
[38;2;0;95;95m[48;2;215;255;255m+                     "type": [Function],
[38;2;0;95;95m[48;2;215;255;255m+                   },
[38;2;0;95;95m[48;2;215;255;255m+                 },
[38;2;0;95;95m[48;2;215;255;255m+                 "render": [Function],
[38;2;0;95;95m[48;2;215;255;255m+                 "updated": [Function],
[38;2;0;95;95m[48;2;215;255;255m+               },
[38;2;0;95;95m[48;2;215;255;255m+               "abstract": undefined,
[38;2;0;95;95m[48;2;215;255;255m+               "attrs": undefined,
[38;2;0;95;95m[48;2;215;255;255m+               "class": undefined,
[38;2;0;95;95m[48;2;215;255;255m+               "domProps": undefined,
[38;2;0;95;95m[48;2;215;255;255m+               "functional": undefined,
[38;2;0;95;95m[48;2;215;255;255m+               "key": undefined,
[38;2;0;95;95m[48;2;215;255;255m+               "model": undefined,
[38;2;0;95;95m[48;2;215;255;255m+               "name": undefined,
[38;2;0;95;95m[48;2;215;255;255m+               "nativeOn": undefined,
[38;2;0;95;95m[48;2;215;255;255m+               "normalizedStyle": undefined,
[38;2;0;95;95m[48;2;215;255;255m+               "on": undefined,
[38;2;0;95;95m[48;2;215;255;255m+               "props": Object {
[38;2;0;95;95m[48;2;215;255;255m+                 "appear": Object {
[38;2;0;95;95m[48;2;215;255;255m+                   "type": [Function],
[38;2;0;95;95m[48;2;215;255;255m+                 },
[38;2;0;95;95m[48;2;215;255;255m+                 "appearActiveClass": Object {
[38;2;0;95;95m[48;2;215;255;255m+                   "type": [Function],
[38;2;0;95;95m[48;2;215;255;255m+                 },
[38;2;0;95;95m[48;2;215;255;255m+                 "appearClass": Object {
[38;2;0;95;95m[48;2;215;255;255m+                   "type": [Function],
[38;2;0;95;95m[48;2;215;255;255m+                 },
[38;2;0;95;95m[48;2;215;255;255m+                 "appearToClass": Object {
[38;2;0;95;95m[48;2;215;255;255m+                   "type": [Function],
[38;2;0;95;95m[48;2;215;255;255m+                 },
[38;2;0;95;95m[48;2;215;255;255m+                 "css": Object {
[38;2;0;95;95m[48;2;215;255;255m+                   "type": [Function],
[38;2;0;95;95m[48;2;215;255;255m+                 },
[38;2;0;95;95m[48;2;215;255;255m+                 "duration": Object {
[38;2;0;95;95m[48;2;215;255;255m+                   "type": Array [
[38;2;0;95;95m[48;2;215;255;255m+                     [Function],
[38;2;0;95;95m[48;2;215;255;255m+                     [Function],
[38;2;0;95;95m[48;2;215;255;255m+                     [Function],
[38;2;0;95;95m[48;2;215;255;255m+                   ],
[38;2;0;95;95m[48;2;215;255;255m+                 },
[38;2;0;95;95m[48;2;215;255;255m+                 "enterActiveClass": Object {
[38;2;0;95;95m[48;2;215;255;255m+                   "type": [Function],
[38;2;0;95;95m[48;2;215;255;255m+                 },
[38;2;0;95;95m[48;2;215;255;255m+                 "enterClass": Object {
[38;2;0;95;95m[48;2;215;255;255m+                   "type": [Function],
[38;2;0;95;95m[48;2;215;255;255m+                 },
[38;2;0;95;95m[48;2;215;255;255m+                 "enterToClass": Object {
[38;2;0;95;95m[48;2;215;255;255m+                   "type": [Function],
[38;2;0;95;95m[48;2;215;255;255m+                 },
[38;2;0;95;95m[48;2;215;255;255m+                 "leaveActiveClass": Object {
[38;2;0;95;95m[48;2;215;255;255m+                   "type": [Function],
[38;2;0;95;95m[48;2;215;255;255m+                 },
[38;2;0;95;95m[48;2;215;255;255m+                 "leaveClass": Object {
[38;2;0;95;95m[48;2;215;255;255m+                   "type": [Function],
[38;2;0;95;95m[48;2;215;255;255m+                 },
[38;2;0;95;95m[48;2;215;255;255m+                 "leaveToClass": Object {
[38;2;0;95;95m[48;2;215;255;255m+                   "type": [Function],
[38;2;0;95;95m[48;2;215;255;255m+                 },
[38;2;0;95;95m[48;2;215;255;255m+                 "moveClass": Object {
[38;2;0;95;95m[48;2;215;255;255m+                   "type": [Function],
[38;2;0;95;95m[48;2;215;255;255m+                 },
[38;2;0;95;95m[48;2;215;255;255m+                 "name": Object {
[38;2;0;95;95m[48;2;215;255;255m+                   "type": [Function],
[38;2;0;95;95m[48;2;215;255;255m+                 },
[38;2;0;95;95m[48;2;215;255;255m+                 "tag": Object {
[38;2;0;95;95m[48;2;215;255;255m+                   "type": [Function],
[38;2;0;95;95m[48;2;215;255;255m+                 },
[38;2;0;95;95m[48;2;215;255;255m+                 "type": Object {
[38;2;0;95;95m[48;2;215;255;255m+                   "type": [Function],
[38;2;0;95;95m[48;2;215;255;255m+                 },
[38;2;0;95;95m[48;2;215;255;255m+               },
[38;2;0;95;95m[48;2;215;255;255m+               "render": [Function],
[38;2;0;95;95m[48;2;215;255;255m+               "staticClass": undefined,
[38;2;0;95;95m[48;2;215;255;255m+               "staticStyle": undefined,
[38;2;0;95;95m[48;2;215;255;255m+               "style": undefined,
[38;2;0;95;95m[48;2;215;255;255m+             },
[38;2;0;95;95m[48;2;215;255;255m+           },
[38;2;0;95;95m[48;2;215;255;255m+           "config": Object {
[38;2;0;95;95m[48;2;215;255;255m+             "_lifecycleHooks": Array [
[38;2;0;95;95m[48;2;215;255;255m+               "beforeCreate",
[38;2;0;95;95m[48;2;215;255;255m+               "created",
[38;2;0;95;95m[48;2;215;255;255m+               "beforeMount",
[38;2;0;95;95m[48;2;215;255;255m+               "mounted",
[38;2;0;95;95m[48;2;215;255;255m+               "beforeUpdate",
[38;2;0;95;95m[48;2;215;255;255m+               "updated",
[38;2;0;95;95m[48;2;215;255;255m+               "beforeDestroy",
[38;2;0;95;95m[48;2;215;255;255m+               "destroyed",
[38;2;0;95;95m[48;2;215;255;255m+               "activated",
[38;2;0;95;95m[48;2;215;255;255m+               "deactivated",
[38;2;0;95;95m[48;2;215;255;255m+               "errorCaptured",
[38;2;0;95;95m[48;2;215;255;255m+               "serverPrefetch",
[38;2;0;95;95m[48;2;215;255;255m+             ],
[38;2;0;95;95m[48;2;215;255;255m+             "async": true,
[38;2;0;95;95m[48;2;215;255;255m+             "devtools": false,
[38;2;0;95;95m[48;2;215;255;255m+             "errorHandler": undefined,
[38;2;0;95;95m[48;2;215;255;255m+             "getTagNamespace": [Function],
[38;2;0;95;95m[48;2;215;255;255m+             "ignoredElements": Array [],
[38;2;0;95;95m[48;2;215;255;255m+             "isReservedAttr": [Function],
[38;2;0;95;95m[48;2;215;255;255m+             "isReservedTag": [Function],
[38;2;0;95;95m[48;2;215;255;255m+             "isUnknownElement": [Function],
[38;2;0;95;95m[48;2;215;255;255m+             "keyCodes": Object {},
[38;2;0;95;95m[48;2;215;255;255m+             "mustUseProp": [Function],
[38;2;0;95;95m[48;2;215;255;255m+             "optionMergeStrategies": Object {
[38;2;0;95;95m[48;2;215;255;255m+               "activated": [Function],
[38;2;0;95;95m[48;2;215;255;255m+               "beforeCreate": [Function],
[38;2;0;95;95m[48;2;215;255;255m+               "beforeDestroy": [Function],
[38;2;0;95;95m[48;2;215;255;255m+               "beforeMount": [Function],
[38;2;0;95;95m[48;2;215;255;255m+               "beforeUpdate": [Function],
[38;2;0;95;95m[48;2;215;255;255m+               "components": [Function],
[38;2;0;95;95m[48;2;215;255;255m+               "computed": [Function],
[38;2;0;95;95m[48;2;215;255;255m+               "created": [Function],
[38;2;0;95;95m[48;2;215;255;255m+               "data": [Function],
[38;2;0;95;95m[48;2;215;255;255m+               "deactivated": [Function],
[38;2;0;95;95m[48;2;215;255;255m+               "destroyed": [Function],
[38;2;0;95;95m[48;2;215;255;255m+               "directives": [Function],
[38;2;0;95;95m[48;2;215;255;255m+               "el": [Function],
[38;2;0;95;95m[48;2;215;255;255m+               "errorCaptured": [Function],
[38;2;0;95;95m[48;2;215;255;255m+               "filters": [Function],
[38;2;0;95;95m[48;2;215;255;255m+               "inject": [Function],
[38;2;0;95;95m[48;2;215;255;255m+               "methods": [Function],
[38;2;0;95;95m[48;2;215;255;255m+               "mounted": [Function],
[38;2;0;95;95m[48;2;215;255;255m+               "props": [Function],
[38;2;0;95;95m[48;2;215;255;255m+               "propsData": [Function],
[38;2;0;95;95m[48;2;215;255;255m+               "provide": [Function],
[38;2;0;95;95m[48;2;215;255;255m+               "serverPrefetch": [Function],
[38;2;0;95;95m[48;2;215;255;255m+               "updated": [Function],
[38;2;0;95;95m[48;2;215;255;255m+               "watch": [Function],
[38;2;0;95;95m[48;2;215;255;255m+             },
[38;2;0;95;95m[48;2;215;255;255m+             "parsePlatformTagName": [Function],
[38;2;0;95;95m[48;2;215;255;255m+             "performance": false,
[38;2;0;95;95m[48;2;215;255;255m+             "productionTip": false,
[38;2;0;95;95m[48;2;215;255;255m+             "silent": false,
[38;2;0;95;95m[48;2;215;255;255m+             "warnHandler": null,
[38;2;0;95;95m[48;2;215;255;255m+           },
[38;2;0;95;95m[48;2;215;255;255m+           "data": [Function],
[38;2;0;95;95m[48;2;215;255;255m+           "delete": [Function],
[38;2;0;95;95m[48;2;215;255;255m+           "directive": [Function],
[38;2;0;95;95m[48;2;215;255;255m+           "directives": Object {},
[38;2;0;95;95m[48;2;215;255;255m+           "extend": [Function],
[38;2;0;95;95m[48;2;215;255;255m+           "extendOptions": Object {
[38;2;0;95;95m[48;2;215;255;255m+             "_Ctor": Object {
[38;2;0;95;95m[48;2;215;255;255m+               "0": [Function],
[38;2;0;95;95m[48;2;215;255;255m+             },
[38;2;0;95;95m[48;2;215;255;255m+           },
[38;2;0;95;95m[48;2;215;255;255m+           "filter": [Function],
[38;2;0;95;95m[48;2;215;255;255m+           "filters": Object {},
[38;2;0;95;95m[48;2;215;255;255m+           "methods": undefined,
[38;2;0;95;95m[48;2;215;255;255m+           "mixin": [Function],
[38;2;0;95;95m[48;2;215;255;255m+           "mocks": undefined,
[38;2;0;95;95m[48;2;215;255;255m+           "nextTick": [Function],
[38;2;0;95;95m[48;2;215;255;255m+           "observable": [Function],
[38;2;0;95;95m[48;2;215;255;255m+           "options": Object {
[38;2;0;95;95m[48;2;215;255;255m+             "_Ctor": Object {
[38;2;0;95;95m[48;2;215;255;255m+               "0": [Function],
[38;2;0;95;95m[48;2;215;255;255m+             },
[38;2;0;95;95m[48;2;215;255;255m+             "_base": [Function],
[38;2;0;95;95m[48;2;215;255;255m+             "beforeCreate": Array [
[38;2;0;95;95m[48;2;215;255;255m+               [Function],
[38;2;0;95;95m[48;2;215;255;255m+               [Function],
[38;2;0;95;95m[48;2;215;255;255m+             ],
[38;2;0;95;95m[48;2;215;255;255m+             "components": Object {
[38;2;0;95;95m[48;2;215;255;255m+               "BTooltip": [Function],
[38;2;0;95;95m[48;2;215;255;255m+             },
[38;2;0;95;95m[48;2;215;255;255m+             "directives": Object {
[38;2;0;95;95m[48;2;215;255;255m+               "BHover": Object {
[38;2;0;95;95m[48;2;215;255;255m+                 "bind": [Function],
[38;2;0;95;95m[48;2;215;255;255m+                 "componentUpdated": [Function],
[38;2;0;95;95m[48;2;215;255;255m+                 "unbind": [Function],
[38;2;0;95;95m[48;2;215;255;255m+               },
[38;2;0;95;95m[48;2;215;255;255m+               "BModal": Object {
[38;2;0;95;95m[48;2;215;255;255m+                 "componentUpdated": [Function],
[38;2;0;95;95m[48;2;215;255;255m+                 "inserted": [Function],
[38;2;0;95;95m[48;2;215;255;255m+                 "unbind": [Function],
[38;2;0;95;95m[48;2;215;255;255m+                 "updated": [Function],
[38;2;0;95;95m[48;2;215;255;255m+               },
[38;2;0;95;95m[48;2;215;255;255m+               "BScrollspy": Object {
[38;2;0;95;95m[48;2;215;255;255m+                 "bind": [Function],
[38;2;0;95;95m[48;2;215;255;255m+                 "componentUpdated": [Function],
[38;2;0;95;95m[48;2;215;255;255m+                 "inserted": [Function],
[38;2;0;95;95m[48;2;215;255;255m+                 "unbind": [Function],
[38;2;0;95;95m[48;2;215;255;255m+                 "update": [Function],
[38;2;0;95;95m[48;2;215;255;255m+               },
[38;2;0;95;95m[48;2;215;255;255m+               "BTooltip": Object {
[38;2;0;95;95m[48;2;215;255;255m+                 "bind": [Function],
[38;2;0;95;95m[48;2;215;255;255m+                 "componentUpdated": [Function],
[38;2;0;95;95m[48;2;215;255;255m+                 "unbind": [Function],
[38;2;0;95;95m[48;2;215;255;255m+               },
[38;2;0;95;95m[48;2;215;255;255m+               "BVisible": Object {
[38;2;0;95;95m[48;2;215;255;255m+                 "bind": [Function],
[38;2;0;95;95m[48;2;215;255;255m+                 "componentUpdated": [Function],
[38;2;0;95;95m[48;2;215;255;255m+                 "unbind": [Function],
[38;2;0;95;95m[48;2;215;255;255m+               },
[38;2;0;95;95m[48;2;215;255;255m+             },
[38;2;0;95;95m[48;2;215;255;255m+             "filters": Object {},
[38;2;0;95;95m[48;2;215;255;255m+           },
[38;2;0;95;95m[48;2;215;255;255m+           "provide": [Function],
[38;2;0;95;95m[48;2;215;255;255m+           "render": [Function],
[38;2;0;95;95m[48;2;215;255;255m+           "sealedOptions": Object {
[38;2;0;95;95m[48;2;215;255;255m+             "_Ctor": Object {
[38;2;0;95;95m[48;2;215;255;255m+               "0": [Function],
[38;2;0;95;95m[48;2;215;255;255m+             },
[38;2;0;95;95m[48;2;215;255;255m+             "_base": [Function],
[38;2;0;95;95m[48;2;215;255;255m+             "components": Object {
[38;2;0;95;95m[48;2;215;255;255m+               "BAlert": [Function],
[38;2;0;95;95m[48;2;215;255;255m+               "BAspect": [Function],
[38;2;0;95;95m[48;2;215;255;255m+               "BAvatar": [Function],
[38;2;0;95;95m[48;2;215;255;255m+               "BAvatarGroup": [Function],
[38;2;0;95;95m[48;2;215;255;255m+               "BBadge": [Function],
[38;2;0;95;95m[48;2;215;255;255m+               "BBreadcrumb": [Function],
[38;2;0;95;95m[48;2;215;255;255m+               "BBreadcrumbItem": [Function],
[38;2;0;95;95m[48;2;215;255;255m+               "BBreadcrumbLink": [Function],
[38;2;0;95;95m[48;2;215;255;255m+               "BBtn": [Function],
[38;2;0;95;95m[48;2;215;255;255m+               "BBtnClose": [Function],
[38;2;0;95;95m[48;2;215;255;255m+               "BBtnGroup": [Function],
[38;2;0;95;95m[48;2;215;255;255m+               "BBtnToolbar": [Function],
[38;2;0;95;95m[48;2;215;255;255m+               "BButton": [Function],
[38;2;0;95;95m[48;2;215;255;255m+               "BButtonClose": [Function],
[38;2;0;95;95m[48;2;215;255;255m+               "BButtonGroup": [Function],
[38;2;0;95;95m[48;2;215;255;255m+               "BButtonToolbar": [Function],
[38;2;0;95;95m[48;2;215;255;255m+               "BCalendar": [Function],
[38;2;0;95;95m[48;2;215;255;255m+               "BCard": [Function],
[38;2;0;95;95m[48;2;215;255;255m+               "BCardBody": [Function],
[38;2;0;95;95m[48;2;215;255;255m+               "BCardFooter": [Function],
[38;2;0;95;95m[48;2;215;255;255m+               "BCardGroup": [Function],
[38;2;0;95;95m[48;2;215;255;255m+               "BCardHeader": [Function],
[38;2;0;95;95m[48;2;215;255;255m+               "BCardImg": [Function],
[38;2;0;95;95m[48;2;215;255;255m+               "BCardImgLazy": [Function],
[38;2;0;95;95m[48;2;215;255;255m+               "BCardSubTitle": [Function],
[38;2;0;95;95m[48;2;215;255;255m+               "BCardText": [Function],
[38;2;0;95;95m[48;2;215;255;255m+               "BCardTitle": [Function],
[38;2;0;95;95m[48;2;215;255;255m+               "BCarousel": [Function],
[38;2;0;95;95m[48;2;215;255;255m+               "BCarouselSlide": [Function],
[38;2;0;95;95m[48;2;215;255;255m+               "BCheck": [Function],
[38;2;0;95;95m[48;2;215;255;255m+               "BCheckGroup": [Function],
[38;2;0;95;95m[48;2;215;255;255m+               "BCheckbox": [Function],
[38;2;0;95;95m[48;2;215;255;255m+               "BCheckboxGroup": [Function],
[38;2;0;95;95m[48;2;215;255;255m+               "BCol": [Function],
[38;2;0;95;95m[48;2;215;255;255m+               "BCollapse": [Function],
[38;2;0;95;95m[48;2;215;255;255m+               "BContainer": [Function],
[38;2;0;95;95m[48;2;215;255;255m+               "BDatalist": [Function],
[38;2;0;95;95m[48;2;215;255;255m+               "BDatepicker": [Function],
[38;2;0;95;95m[48;2;215;255;255m+               "BDd": [Function],
[38;2;0;95;95m[48;2;215;255;255m+               "BDdDivider": [Function],
[38;2;0;95;95m[48;2;215;255;255m+               "BDdForm": [Function],
[38;2;0;95;95m[48;2;215;255;255m+               "BDdGroup": [Function],
[38;2;0;95;95m[48;2;215;255;255m+               "BDdHeader": [Function],
[38;2;0;95;95m[48;2;215;255;255m+               "BDdItem": [Function],
[38;2;0;95;95m[48;2;215;255;255m+               "BDdItemBtn": [Function],
[38;2;0;95;95m[48;2;215;255;255m+               "BDdItemButton": [Function],
[38;2;0;95;95m[48;2;215;255;255m+               "BDdText": [Function],
[38;2;0;95;95m[48;2;215;255;255m+               "BDropdown": [Function],
[38;2;0;95;95m[48;2;215;255;255m+               "BDropdownDivider": [Function],
[38;2;0;95;95m[48;2;215;255;255m+               "BDropdownForm": [Function],
[38;2;0;95;95m[48;2;215;255;255m+               "BDropdownGroup": [Function],
[38;2;0;95;95m[48;2;215;255;255m+               "BDropdownHeader": [Function],
[38;2;0;95;95m[48;2;215;255;255m+               "BDropdownItem": [Function],
[38;2;0;95;95m[48;2;215;255;255m+               "BDropdownItemBtn": [Function],
[38;2;0;95;95m[48;2;215;255;255m+               "BDropdownItemButton": [Function],
[38;2;0;95;95m[48;2;215;255;255m+               "BDropdownText": [Function],
[38;2;0;95;95m[48;2;215;255;255m+               "BEmbed": [Function],
[38;2;0;95;95m[48;2;215;255;255m+               "BFile": [Function],
[38;2;0;95;95m[48;2;215;255;255m+               "BForm": [Function],
[38;2;0;95;95m[48;2;215;255;255m+               "BFormCheckbox": [Function],
[38;2;0;95;95m[48;2;215;255;255m+               "BFormCheckboxGroup": [Function],
[38;2;0;95;95m[48;2;215;255;255m+               "BFormDatalist": [Function],
[38;2;0;95;95m[48;2;215;255;255m+               "BFormDatepicker": [Function],
[38;2;0;95;95m[48;2;215;255;255m+               "BFormFeedback": [Function],
[38;2;0;95;95m[48;2;215;255;255m+               "BFormFieldset": [Function],
[38;2;0;95;95m[48;2;215;255;255m+               "BFormFile": [Function],
[38;2;0;95;95m[48;2;215;255;255m+               "BFormGroup": [Function],
[38;2;0;95;95m[48;2;215;255;255m+               "BFormInput": [Function],
[38;2;0;95;95m[48;2;215;255;255m+               "BFormInvalidFeedback": [Function],
[38;2;0;95;95m[48;2;215;255;255m+               "BFormRadio": [Function],
[38;2;0;95;95m[48;2;215;255;255m+               "BFormRadioGroup": [Function],
[38;2;0;95;95m[48;2;215;255;255m+               "BFormRating": [Function],
[38;2;0;95;95m[48;2;215;255;255m+               "BFormRow": [Function],
[38;2;0;95;95m[48;2;215;255;255m+               "BFormSelect": [Function],
[38;2;0;95;95m[48;2;215;255;255m+               "BFormSelectOption": [Function],
[38;2;0;95;95m[48;2;215;255;255m+               "BFormSelectOptionGroup": [Function],
[38;2;0;95;95m[48;2;215;255;255m+               "BFormSpinbutton": [Function],
[38;2;0;95;95m[48;2;215;255;255m+               "BFormTag": [Function],
[38;2;0;95;95m[48;2;215;255;255m+               "BFormTags": [Function],
[38;2;0;95;95m[48;2;215;255;255m+               "BFormText": [Function],
[38;2;0;95;95m[48;2;215;255;255m+               "BFormTextarea": [Function],
[38;2;0;95;95m[48;2;215;255;255m+               "BFormTimepicker": [Function],
[38;2;0;95;95m[48;2;215;255;255m+               "BFormValidFeedback": [Function],
[38;2;0;95;95m[48;2;215;255;255m+               "BImg": [Function],
[38;2;0;95;95m[48;2;215;255;255m+               "BImgLazy": [Function],
[38;2;0;95;95m[48;2;215;255;255m+               "BInput": [Function],
[38;2;0;95;95m[48;2;215;255;255m+               "BInputGroup": [Function],
[38;2;0;95;95m[48;2;215;255;255m+               "BInputGroupAddon": [Function],
[38;2;0;95;95m[48;2;215;255;255m+               "BInputGroupAppend": [Function],
[38;2;0;95;95m[48;2;215;255;255m+               "BInputGroupPrepend": [Function],
[38;2;0;95;95m[48;2;215;255;255m+               "BInputGroupText": [Function],
[38;2;0;95;95m[48;2;215;255;255m+               "BJumbotron": [Function],
[38;2;0;95;95m[48;2;215;255;255m+               "BLink": [Function],
[38;2;0;95;95m[48;2;215;255;255m+               "BListGroup": [Function],
[38;2;0;95;95m[48;2;215;255;255m+               "BListGroupItem": [Function],
[38;2;0;95;95m[48;2;215;255;255m+               "BMedia": [Function],
[38;2;0;95;95m[48;2;215;255;255m+               "BMediaAside": [Function],
[38;2;0;95;95m[48;2;215;255;255m+               "BMediaBody": [Function],
[38;2;0;95;95m[48;2;215;255;255m+               "BModal": [Function],
[38;2;0;95;95m[48;2;215;255;255m+               "BRadio": [Function],
[38;2;0;95;95m[48;2;215;255;255m+               "BRadioGroup": [Function],
[38;2;0;95;95m[48;2;215;255;255m+               "BRating": [Function],
[38;2;0;95;95m[48;2;215;255;255m+               "BRow": [Function],
[38;2;0;95;95m[48;2;215;255;255m+               "BSelect": [Function],
[38;2;0;95;95m[48;2;215;255;255m+               "BSelectOption": [Function],
[38;2;0;95;95m[48;2;215;255;255m+               "BSelectOptionGroup": [Function],
[38;2;0;95;95m[48;2;215;255;255m+               "BSpinbutton": [Function],
[38;2;0;95;95m[48;2;215;255;255m+               "BTag": [Function],
[38;2;0;95;95m[48;2;215;255;255m+               "BTags": [Function],
[38;2;0;95;95m[48;2;215;255;255m+               "BTextarea": [Function],
[38;2;0;95;95m[48;2;215;255;255m+               "BTimepicker": [Function],
[38;2;0;95;95m[48;2;215;255;255m+             },
[38;2;0;95;95m[48;2;215;255;255m+             "directives": Object {
[38;2;0;95;95m[48;2;215;255;255m+               "BModal": Object {
[38;2;0;95;95m[48;2;215;255;255m+                 "componentUpdated": [Function],
[38;2;0;95;95m[48;2;215;255;255m+                 "inserted": [Function],
[38;2;0;95;95m[48;2;215;255;255m+                 "unbind": [Function],
[38;2;0;95;95m[48;2;215;255;255m+                 "updated": [Function],
[38;2;0;95;95m[48;2;215;255;255m+               },
[38;2;0;95;95m[48;2;215;255;255m+               "BToggle": Object {
[38;2;0;95;95m[48;2;215;255;255m+                 "bind": [Function],
[38;2;0;95;95m[48;2;215;255;255m+                 "componentUpdated": [Function],
[38;2;0;95;95m[48;2;215;255;255m+                 "unbind": [Function],
[38;2;0;95;95m[48;2;215;255;255m+                 "updated": [Function],
[38;2;0;95;95m[48;2;215;255;255m+               },
[38;2;0;95;95m[48;2;215;255;255m+             },
[38;2;0;95;95m[48;2;215;255;255m+             "filters": Object {},
[38;2;0;95;95m[48;2;215;255;255m+           },
[38;2;0;95;95m[48;2;215;255;255m+           "set": [Function],
[38;2;0;95;95m[48;2;215;255;255m+           "shouldProxy": true,
[38;2;0;95;95m[48;2;215;255;255m+           "stubs": Object {
[38;2;0;95;95m[48;2;215;255;255m+             "transition": true,
[38;2;0;95;95m[48;2;215;255;255m+             "transition-group": true,
[38;2;0;95;95m[48;2;215;255;255m+           },
[38;2;0;95;95m[48;2;215;255;255m+           "super": [Function],
[38;2;0;95;95m[48;2;215;255;255m+           "superOptions": Object {
[38;2;0;95;95m[48;2;215;255;255m+             "_base": [Function],
[38;2;0;95;95m[48;2;215;255;255m+             "components": Object {
[38;2;0;95;95m[48;2;215;255;255m+               "KeepAlive": Object {
[38;2;0;95;95m[48;2;215;255;255m+                 "abstract": true,
[38;2;0;95;95m[48;2;215;255;255m+                 "created": [Function],
[38;2;0;95;95m[48;2;215;255;255m+                 "destroyed": [Function],
[38;2;0;95;95m[48;2;215;255;255m+                 "methods": Object {
[38;2;0;95;95m[48;2;215;255;255m+                   "cacheVNode": [Function],
[38;2;0;95;95m[48;2;215;255;255m+                 },
[38;2;0;95;95m[48;2;215;255;255m+                 "mounted": [Function],
[38;2;0;95;95m[48;2;215;255;255m+                 "name": "keep-alive",
[38;2;0;95;95m[48;2;215;255;255m+                 "props": Object {
[38;2;0;95;95m[48;2;215;255;255m+                   "exclude": Array [
[38;2;0;95;95m[48;2;215;255;255m+                     [Function],
[38;2;0;95;95m[48;2;215;255;255m+                     [Function],
[38;2;0;95;95m[48;2;215;255;255m+                     [Function],
[38;2;0;95;95m[48;2;215;255;255m+                   ],
[38;2;0;95;95m[48;2;215;255;255m+                   "include": Array [
[38;2;0;95;95m[48;2;215;255;255m+                     [Function],
[38;2;0;95;95m[48;2;215;255;255m+                     [Function],
[38;2;0;95;95m[48;2;215;255;255m+                     [Function],
[38;2;0;95;95m[48;2;215;255;255m+                   ],
[38;2;0;95;95m[48;2;215;255;255m+                   "max": Array [
[38;2;0;95;95m[48;2;215;255;255m+                     [Function],
[38;2;0;95;95m[48;2;215;255;255m+                     [Function],
[38;2;0;95;95m[48;2;215;255;255m+                   ],
[38;2;0;95;95m[48;2;215;255;255m+                 },
[38;2;0;95;95m[48;2;215;255;255m+                 "render": [Function],
[38;2;0;95;95m[48;2;215;255;255m+                 "updated": [Function],
[38;2;0;95;95m[48;2;215;255;255m+               },
[38;2;0;95;95m[48;2;215;255;255m+               "Transition": Object {
[38;2;0;95;95m[48;2;215;255;255m+                 "_Ctor": Object {
[38;2;0;95;95m[48;2;215;255;255m+                   "1404": [Function],
[38;2;0;95;95m[48;2;215;255;255m+                 },
[38;2;0;95;95m[48;2;215;255;255m+                 "abstract": true,
[38;2;0;95;95m[48;2;215;255;255m+                 "name": "transition",
[38;2;0;95;95m[48;2;215;255;255m+                 "props": Object {
[38;2;0;95;95m[48;2;215;255;255m+                   "appear": Object {
[38;2;0;95;95m[48;2;215;255;255m+                     "type": [Function],
[38;2;0;95;95m[48;2;215;255;255m+                   },
[38;2;0;95;95m[48;2;215;255;255m+                   "appearActiveClass": Object {
[38;2;0;95;95m[48;2;215;255;255m+                     "type": [Function],
[38;2;0;95;95m[48;2;215;255;255m+                   },
[38;2;0;95;95m[48;2;215;255;255m+                   "appearClass": Object {
[38;2;0;95;95m[48;2;215;255;255m+                     "type": [Function],
[38;2;0;95;95m[48;2;215;255;255m+                   },
[38;2;0;95;95m[48;2;215;255;255m+                   "appearToClass": Object {
[38;2;0;95;95m[48;2;215;255;255m+                     "type": [Function],
[38;2;0;95;95m[48;2;215;255;255m+                   },
[38;2;0;95;95m[48;2;215;255;255m+                   "css": Object {
[38;2;0;95;95m[48;2;215;255;255m+                     "type": [Function],
[38;2;0;95;95m[48;2;215;255;255m+                   },
[38;2;0;95;95m[48;2;215;255;255m+                   "duration": Object {
[38;2;0;95;95m[48;2;215;255;255m+                     "type": Array [
[38;2;0;95;95m[48;2;215;255;255m+                       [Function],
[38;2;0;95;95m[48;2;215;255;255m+                       [Function],
[38;2;0;95;95m[48;2;215;255;255m+                       [Function],
[38;2;0;95;95m[48;2;215;255;255m+                     ],
[38;2;0;95;95m[48;2;215;255;255m+                   },
[38;2;0;95;95m[48;2;215;255;255m+                   "enterActiveClass": Object {
[38;2;0;95;95m[48;2;215;255;255m+                     "type": [Function],
[38;2;0;95;95m[48;2;215;255;255m+                   },
[38;2;0;95;95m[48;2;215;255;255m+                   "enterClass": Object {
[38;2;0;95;95m[48;2;215;255;255m+                     "type": [Function],
[38;2;0;95;95m[48;2;215;255;255m+                   },
[38;2;0;95;95m[48;2;215;255;255m+                   "enterToClass": Object {
[38;2;0;95;95m[48;2;215;255;255m+                     "type": [Function],
[38;2;0;95;95m[48;2;215;255;255m+                   },
[38;2;0;95;95m[48;2;215;255;255m+                   "leaveActiveClass": Object {
[38;2;0;95;95m[48;2;215;255;255m+                     "type": [Function],
[38;2;0;95;95m[48;2;215;255;255m+                   },
[38;2;0;95;95m[48;2;215;255;255m+                   "leaveClass": Object {
[38;2;0;95;95m[48;2;215;255;255m+                     "type": [Function],
[38;2;0;95;95m[48;2;215;255;255m+                   },
[38;2;0;95;95m[48;2;215;255;255m+                   "leaveToClass": Object {
[38;2;0;95;95m[48;2;215;255;255m+                     "type": [Function],
[38;2;0;95;95m[48;2;215;255;255m+                   },
[38;2;0;95;95m[48;2;215;255;255m+                   "mode": Object {
[38;2;0;95;95m[48;2;215;255;255m+                     "type": [Function],
[38;2;0;95;95m[48;2;215;255;255m+                   },
[38;2;0;95;95m[48;2;215;255;255m+                   "name": Object {
[38;2;0;95;95m[48;2;215;255;255m+                     "type": [Function],
[38;2;0;95;95m[48;2;215;255;255m+                   },
[38;2;0;95;95m[48;2;215;255;255m+                   "type": Object {
[38;2;0;95;95m[48;2;215;255;255m+                     "type": [Function],
[38;2;0;95;95m[48;2;215;255;255m+                   },
[38;2;0;95;95m[48;2;215;255;255m+                 },
[38;2;0;95;95m[48;2;215;255;255m+                 "render": [Function],
[38;2;0;95;95m[48;2;215;255;255m+               },
[38;2;0;95;95m[48;2;215;255;255m+               "TransitionGroup": Object {
[38;2;0;95;95m[48;2;215;255;255m+                 "_Ctor": Object {
[38;2;0;95;95m[48;2;215;255;255m+                   "1404": [Function],
[38;2;0;95;95m[48;2;215;255;255m+                 },
[38;2;0;95;95m[48;2;215;255;255m+                 "beforeMount": [Function],
[38;2;0;95;95m[48;2;215;255;255m+                 "methods": Object {
[38;2;0;95;95m[48;2;215;255;255m+                   "hasMove": [Function],
[38;2;0;95;95m[48;2;215;255;255m+                 },
[38;2;0;95;95m[48;2;215;255;255m+                 "props": Object {
[38;2;0;95;95m[48;2;215;255;255m+                   "appear": Object {
[38;2;0;95;95m[48;2;215;255;255m+                     "type": [Function],
[38;2;0;95;95m[48;2;215;255;255m+                   },
[38;2;0;95;95m[48;2;215;255;255m+                   "appearActiveClass": Object {
[38;2;0;95;95m[48;2;215;255;255m+                     "type": [Function],
[38;2;0;95;95m[48;2;215;255;255m+                   },
[38;2;0;95;95m[48;2;215;255;255m+                   "appearClass": Object {
[38;2;0;95;95m[48;2;215;255;255m+                     "type": [Function],
[38;2;0;95;95m[48;2;215;255;255m+                   },
[38;2;0;95;95m[48;2;215;255;255m+                   "appearToClass": Object {
[38;2;0;95;95m[48;2;215;255;255m+                     "type": [Function],
[38;2;0;95;95m[48;2;215;255;255m+                   },
[38;2;0;95;95m[48;2;215;255;255m+                   "css": Object {
[38;2;0;95;95m[48;2;215;255;255m+                     "type": [Function],
[38;2;0;95;95m[48;2;215;255;255m+                   },
[38;2;0;95;95m[48;2;215;255;255m+                   "duration": Object {
[38;2;0;95;95m[48;2;215;255;255m+                     "type": Array [
[38;2;0;95;95m[48;2;215;255;255m+                       [Function],
[38;2;0;95;95m[48;2;215;255;255m+                       [Function],
[38;2;0;95;95m[48;2;215;255;255m+                       [Function],
[38;2;0;95;95m[48;2;215;255;255m+                     ],
[38;2;0;95;95m[48;2;215;255;255m+                   },
[38;2;0;95;95m[48;2;215;255;255m+                   "enterActiveClass": Object {
[38;2;0;95;95m[48;2;215;255;255m+                     "type": [Function],
[38;2;0;95;95m[48;2;215;255;255m+                   },
[38;2;0;95;95m[48;2;215;255;255m+                   "enterClass": Object {
[38;2;0;95;95m[48;2;215;255;255m+                     "type": [Function],
[38;2;0;95;95m[48;2;215;255;255m+                   },
[38;2;0;95;95m[48;2;215;255;255m+                   "enterToClass": Object {
[38;2;0;95;95m[48;2;215;255;255m+                     "type": [Function],
[38;2;0;95;95m[48;2;215;255;255m+                   },
[38;2;0;95;95m[48;2;215;255;255m+                   "leaveActiveClass": Object {
[38;2;0;95;95m[48;2;215;255;255m+                     "type": [Function],
[38;2;0;95;95m[48;2;215;255;255m+                   },
[38;2;0;95;95m[48;2;215;255;255m+                   "leaveClass": Object {
[38;2;0;95;95m[48;2;215;255;255m+                     "type": [Function],
[38;2;0;95;95m[48;2;215;255;255m+                   },
[38;2;0;95;95m[48;2;215;255;255m+                   "leaveToClass": Object {
[38;2;0;95;95m[48;2;215;255;255m+                     "type": [Function],
[38;2;0;95;95m[48;2;215;255;255m+                   },
[38;2;0;95;95m[48;2;215;255;255m+                   "moveClass": Object {
[38;2;0;95;95m[48;2;215;255;255m+                     "type": [Function],
[38;2;0;95;95m[48;2;215;255;255m+                   },
[38;2;0;95;95m[48;2;215;255;255m+                   "name": Object {
[38;2;0;95;95m[48;2;215;255;255m+                     "type": [Function],
[38;2;0;95;95m[48;2;215;255;255m+                   },
[38;2;0;95;95m[48;2;215;255;255m+                   "tag": Object {
[38;2;0;95;95m[48;2;215;255;255m+                     "type": [Function],
[38;2;0;95;95m[48;2;215;255;255m+                   },
[38;2;0;95;95m[48;2;215;255;255m+                   "type": Object {
[38;2;0;95;95m[48;2;215;255;255m+                     "type": [Function],
[38;2;0;95;95m[48;2;215;255;255m+                   },
[38;2;0;95;95m[48;2;215;255;255m+                 },
[38;2;0;95;95m[48;2;215;255;255m+                 "render": [Function],
[38;2;0;95;95m[48;2;215;255;255m+                 "updated": [Function],
[38;2;0;95;95m[48;2;215;255;255m+               },
[38;2;0;95;95m[48;2;215;255;255m+             },
[38;2;0;95;95m[48;2;215;255;255m+             "directives": Object {
[38;2;0;95;95m[48;2;215;255;255m+               "model": Object {
[38;2;0;95;95m[48;2;215;255;255m+                 "componentUpdated": [Function],
[38;2;0;95;95m[48;2;215;255;255m+                 "inserted": [Function],
[38;2;0;95;95m[48;2;215;255;255m+               },
[38;2;0;95;95m[48;2;215;255;255m+               "show": Object {
[38;2;0;95;95m[48;2;215;255;255m+                 "bind": [Function],
[38;2;0;95;95m[48;2;215;255;255m+                 "unbind": [Function],
[38;2;0;95;95m[48;2;215;255;255m+                 "update": [Function],
[38;2;0;95;95m[48;2;215;255;255m+               },
[38;2;0;95;95m[48;2;215;255;255m+             },
[38;2;0;95;95m[48;2;215;255;255m+             "filters": Object {},
[38;2;0;95;95m[48;2;215;255;255m+           },
[38;2;0;95;95m[48;2;215;255;255m+           "use": [Function],
[38;2;0;95;95m[48;2;215;255;255m+           "util": Object {
[38;2;0;95;95m[48;2;215;255;255m+             "defineReactive": [Function],
[38;2;0;95;95m[48;2;215;255;255m+             "extend": [Function],
[38;2;0;95;95m[48;2;215;255;255m+             "mergeOptions": [Function],
[38;2;0;95;95m[48;2;215;255;255m+             "warn": [Function],
[38;2;0;95;95m[48;2;215;255;255m+           },
[38;2;0;95;95m[48;2;215;255;255m+           "version": "2.6.14",
[38;2;0;95;95m[48;2;215;255;255m+         },
[38;2;0;95;95m[48;2;215;255;255m+         "$parent": undefined,
[38;2;0;95;95m[48;2;215;255;255m+         "$refs": Object {},
[38;2;0;95;95m[48;2;215;255;255m+         "$root": [Circular],
[38;2;0;95;95m[48;2;215;255;255m+         "$scopedSlots": Object {},
[38;2;0;95;95m[48;2;215;255;255m+         "$slots": Object {},
[38;2;0;95;95m[48;2;215;255;255m+         "$vnode": undefined,
[38;2;0;95;95m[48;2;215;255;255m+         "__emitted": Object {},
[38;2;0;95;95m[48;2;215;255;255m+         "__emittedByOrder": Array [],
[38;2;0;95;95m[48;2;215;255;255m+         "_c": [Function],
[38;2;0;95;95m[48;2;215;255;255m+         "_data": Object {
[38;2;0;95;95m[48;2;215;255;255m+           "vueTestUtils_childProps": Object {},
[38;2;0;95;95m[48;2;215;255;255m+         },
[38;2;0;95;95m[48;2;215;255;255m+         "_directInactive": false,
[38;2;0;95;95m[48;2;215;255;255m+         "_events": Object {},
[38;2;0;95;95m[48;2;215;255;255m+         "_hasHookEvent": false,
[38;2;0;95;95m[48;2;215;255;255m+         "_inactive": null,
[38;2;0;95;95m[48;2;215;255;255m+         "_isBeingDestroyed": false,
[38;2;0;95;95m[48;2;215;255;255m+         "_isDestroyed": false,
[38;2;0;95;95m[48;2;215;255;255m+         "_isMounted": true,
[38;2;0;95;95m[48;2;215;255;255m+         "_isVue": true,
[38;2;0;95;95m[48;2;215;255;255m+         "_provided": Object {},
[38;2;0;95;95m[48;2;215;255;255m+         "_renderProxy": [Circular],
[38;2;0;95;95m[48;2;215;255;255m+         "_self": [Circular],
[38;2;0;95;95m[48;2;215;255;255m+         "_staticTrees": null,
[38;2;0;95;95m[48;2;215;255;255m+         "_uid": 2,
[38;2;0;95;95m[48;2;215;255;255m+         "_vnode": VNode {
[38;2;0;95;95m[48;2;215;255;255m+           "asyncFactory": undefined,
[38;2;0;95;95m[48;2;215;255;255m+           "asyncMeta": undefined,
[38;2;0;95;95m[48;2;215;255;255m+           "children": undefined,
[38;2;0;95;95m[48;2;215;255;255m+           "componentInstance": [Circular],
[38;2;0;95;95m[48;2;215;255;255m+           "componentOptions": Object {
[38;2;0;95;95m[48;2;215;255;255m+             "Ctor": [Function],
[38;2;0;95;95m[48;2;215;255;255m+             "children": undefined,
[38;2;0;95;95m[48;2;215;255;255m+             "listeners": Object {},
[38;2;0;95;95m[48;2;215;255;255m+             "propsData": undefined,
[38;2;0;95;95m[48;2;215;255;255m+             "tag": undefined,
[38;2;0;95;95m[48;2;215;255;255m+           },
[38;2;0;95;95m[48;2;215;255;255m+           "context": [Circular],
[38;2;0;95;95m[48;2;215;255;255m+           "data": Object {
[38;2;0;95;95m[48;2;215;255;255m+             "attrs": Object {},
[38;2;0;95;95m[48;2;215;255;255m+             "hook": Object {
[38;2;0;95;95m[48;2;215;255;255m+               "destroy": [Function],
[38;2;0;95;95m[48;2;215;255;255m+               "init": [Function],
[38;2;0;95;95m[48;2;215;255;255m+               "insert": [Function],
[38;2;0;95;95m[48;2;215;255;255m+               "prepatch": [Function],
[38;2;0;95;95m[48;2;215;255;255m+             },
[38;2;0;95;95m[48;2;215;255;255m+             "on": undefined,
[38;2;0;95;95m[48;2;215;255;255m+             "pendingInsert": null,
[38;2;0;95;95m[48;2;215;255;255m+             "scopedSlots": Object {
[38;2;0;95;95m[48;2;215;255;255m+               "_normalized": Object {},
[38;2;0;95;95m[48;2;215;255;255m+             },
[38;2;0;95;95m[48;2;215;255;255m+           },
[38;2;0;95;95m[48;2;215;255;255m+           "elm": <div>
[38;2;0;95;95m[48;2;215;255;255m+             <b-dropdown
[38;2;0;95;95m[48;2;215;255;255m+               no-caret=""
[38;2;0;95;95m[48;2;215;255;255m+               right=""
[38;2;0;95;95m[48;2;215;255;255m+               size="lg"
[38;2;0;95;95m[48;2;215;255;255m+               variant="link"
[38;2;0;95;95m[48;2;215;255;255m+             >
[38;2;0;95;95m[48;2;215;255;255m+                
[38;2;0;95;95m[48;2;215;255;255m+               <b-dropdown-item>
[38;2;0;95;95m[48;2;215;255;255m+                 <b-icon
[38;2;0;95;95m[48;2;215;255;255m+                   icon="door-open"
[38;2;0;95;95m[48;2;215;255;255m+                 />
[38;2;0;95;95m[48;2;215;255;255m+                 
[38;2;0;95;95m[48;2;215;255;255m+       回到主页
[38;2;0;95;95m[48;2;215;255;255m+     
[38;2;0;95;95m[48;2;215;255;255m+               </b-dropdown-item>
[38;2;0;95;95m[48;2;215;255;255m+                
[38;2;0;95;95m[48;2;215;255;255m+               <b-dropdown-item>
[38;2;0;95;95m[48;2;215;255;255m+                 <b-icon
[38;2;0;95;95m[48;2;215;255;255m+                   icon="cursor-fill"
[38;2;0;95;95m[48;2;215;255;255m+                 />
[38;2;0;95;95m[48;2;215;255;255m+                 
[38;2;0;95;95m[48;2;215;255;255m+       注销用户
[38;2;0;95;95m[48;2;215;255;255m+     
[38;2;0;95;95m[48;2;215;255;255m+               </b-dropdown-item>
[38;2;0;95;95m[48;2;215;255;255m+             </b-dropdown>
[38;2;0;95;95m[48;2;215;255;255m+           </div>,
[38;2;0;95;95m[48;2;215;255;255m+           "fnContext": undefined,
[38;2;0;95;95m[48;2;215;255;255m+           "fnOptions": undefined,
[38;2;0;95;95m[48;2;215;255;255m+           "fnScopeId": undefined,
[38;2;0;95;95m[48;2;215;255;255m+           "isAsyncPlaceholder": false,
[38;2;0;95;95m[48;2;215;255;255m+           "isCloned": false,
[38;2;0;95;95m[48;2;215;255;255m+           "isComment": false,
[38;2;0;95;95m[48;2;215;255;255m+           "isOnce": false,
[38;2;0;95;95m[48;2;215;255;255m+           "isRootInsert": true,
[38;2;0;95;95m[48;2;215;255;255m+           "isStatic": false,
[38;2;0;95;95m[48;2;215;255;255m+           "key": undefined,
[38;2;0;95;95m[48;2;215;255;255m+           "ns": undefined,
[38;2;0;95;95m[48;2;215;255;255m+           "parent": undefined,
[38;2;0;95;95m[48;2;215;255;255m+           "raw": false,
[38;2;0;95;95m[48;2;215;255;255m+           "tag": "vue-component-1408-UserLogo",
[38;2;0;95;95m[48;2;215;255;255m+           "text": undefined,
[38;2;0;95;95m[48;2;215;255;255m+         },
[38;2;0;95;95m[48;2;215;255;255m+         "_watcher": Watcher {
[38;2;0;95;95m[48;2;215;255;255m+           "active": true,
[38;2;0;95;95m[48;2;215;255;255m+           "before": [Function],
[38;2;0;95;95m[48;2;215;255;255m+           "cb": [Function],
[38;2;0;95;95m[48;2;215;255;255m+           "deep": false,
[38;2;0;95;95m[48;2;215;255;255m+           "depIds": Set {
[38;2;0;95;95m[48;2;215;255;255m+             21,
[38;2;0;95;95m[48;2;215;255;255m+             22,
[38;2;0;95;95m[48;2;215;255;255m+           },
[38;2;0;95;95m[48;2;215;255;255m+           "deps": Array [
[38;2;0;95;95m[48;2;215;255;255m+             Dep {
[38;2;0;95;95m[48;2;215;255;255m+               "id": 21,
[38;2;0;95;95m[48;2;215;255;255m+               "subs": Array [
[38;2;0;95;95m[48;2;215;255;255m+                 [Circular],
[38;2;0;95;95m[48;2;215;255;255m+               ],
[38;2;0;95;95m[48;2;215;255;255m+             },
[38;2;0;95;95m[48;2;215;255;255m+             Dep {
[38;2;0;95;95m[48;2;215;255;255m+               "id": 22,
[38;2;0;95;95m[48;2;215;255;255m+               "subs": Array [
[38;2;0;95;95m[48;2;215;255;255m+                 [Circular],
[38;2;0;95;95m[48;2;215;255;255m+               ],
[38;2;0;95;95m[48;2;215;255;255m+             },
[38;2;0;95;95m[48;2;215;255;255m+           ],
[38;2;0;95;95m[48;2;215;255;255m+           "dirty": false,
[38;2;0;95;95m[48;2;215;255;255m+           "expression": "function () {
[38;2;0;95;95m[48;2;215;255;255m+       vm._update(vm._render(), hydrating);
[38;2;0;95;95m[48;2;215;255;255m+     }",
[38;2;0;95;95m[48;2;215;255;255m+           "getter": [Function],
[38;2;0;95;95m[48;2;215;255;255m+           "id": 5,
[38;2;0;95;95m[48;2;215;255;255m+           "lazy": false,
[38;2;0;95;95m[48;2;215;255;255m+           "newDepIds": Set {},
[38;2;0;95;95m[48;2;215;255;255m+           "newDeps": Array [],
[38;2;0;95;95m[48;2;215;255;255m+           "sync": false,
[38;2;0;95;95m[48;2;215;255;255m+           "user": false,
[38;2;0;95;95m[48;2;215;255;255m+           "value": undefined,
[38;2;0;95;95m[48;2;215;255;255m+           "vm": [Circular],
[38;2;0;95;95m[48;2;215;255;255m+         },
[38;2;0;95;95m[48;2;215;255;255m+         "_watchers": Array [
[38;2;0;95;95m[48;2;215;255;255m+           Watcher {
[38;2;0;95;95m[48;2;215;255;255m+             "active": true,
[38;2;0;95;95m[48;2;215;255;255m+             "before": [Function],
[38;2;0;95;95m[48;2;215;255;255m+             "cb": [Function],
[38;2;0;95;95m[48;2;215;255;255m+             "deep": false,
[38;2;0;95;95m[48;2;215;255;255m+             "depIds": Set {
[38;2;0;95;95m[48;2;215;255;255m+               21,
[38;2;0;95;95m[48;2;215;255;255m+               22,
[38;2;0;95;95m[48;2;215;255;255m+             },
[38;2;0;95;95m[48;2;215;255;255m+             "deps": Array [
[38;2;0;95;95m[48;2;215;255;255m+               Dep {
[38;2;0;95;95m[48;2;215;255;255m+                 "id": 21,
[38;2;0;95;95m[48;2;215;255;255m+                 "subs": Array [
[38;2;0;95;95m[48;2;215;255;255m+                   [Circular],
[38;2;0;95;95m[48;2;215;255;255m+                 ],
[38;2;0;95;95m[48;2;215;255;255m+               },
[38;2;0;95;95m[48;2;215;255;255m+               Dep {
[38;2;0;95;95m[48;2;215;255;255m+                 "id": 22,
[38;2;0;95;95m[48;2;215;255;255m+                 "subs": Array [
[38;2;0;95;95m[48;2;215;255;255m+                   [Circular],
[38;2;0;95;95m[48;2;215;255;255m+                 ],
[38;2;0;95;95m[48;2;215;255;255m+               },
[38;2;0;95;95m[48;2;215;255;255m+             ],
[38;2;0;95;95m[48;2;215;255;255m+             "dirty": false,
[38;2;0;95;95m[48;2;215;255;255m+             "expression": "function () {
[38;2;0;95;95m[48;2;215;255;255m+       vm._update(vm._render(), hydrating);
[38;2;0;95;95m[48;2;215;255;255m+     }",
[38;2;0;95;95m[48;2;215;255;255m+             "getter": [Function],
[38;2;0;95;95m[48;2;215;255;255m+             "id": 5,
[38;2;0;95;95m[48;2;215;255;255m+             "lazy": false,
[38;2;0;95;95m[48;2;215;255;255m+             "newDepIds": Set {},
[38;2;0;95;95m[48;2;215;255;255m+             "newDeps": Array [],
[38;2;0;95;95m[48;2;215;255;255m+             "sync": false,
[38;2;0;95;95m[48;2;215;255;255m+             "user": false,
[38;2;0;95;95m[48;2;215;255;255m+             "value": undefined,
[38;2;0;95;95m[48;2;215;255;255m+             "vm": [Circular],
[38;2;0;95;95m[48;2;215;255;255m+           },
[38;2;0;95;95m[48;2;215;255;255m+         ],
[38;2;0;95;95m[48;2;215;255;255m+         "vueTestUtils_childProps": Object {},
[38;2;0;95;95m[48;2;215;255;255m+       },
[38;2;0;95;95m[48;2;215;255;255m+       "_self": [Circular],
[38;2;0;95;95m[48;2;215;255;255m+       "_staticTrees": null,
[38;2;0;95;95m[48;2;215;255;255m+       "_uid": 2,
[38;2;0;95;95m[48;2;215;255;255m+       "_vnode": VNode {
[38;2;0;95;95m[48;2;215;255;255m+         "asyncFactory": undefined,
[38;2;0;95;95m[48;2;215;255;255m+         "asyncMeta": undefined,
[38;2;0;95;95m[48;2;215;255;255m+         "children": undefined,
[38;2;0;95;95m[48;2;215;255;255m+         "componentInstance": [Circular],
[38;2;0;95;95m[48;2;215;255;255m+         "componentOptions": Object {
[38;2;0;95;95m[48;2;215;255;255m+           "Ctor": [Function],
[38;2;0;95;95m[48;2;215;255;255m+           "children": undefined,
[38;2;0;95;95m[48;2;215;255;255m+           "listeners": Object {},
[38;2;0;95;95m[48;2;215;255;255m+           "propsData": undefined,
[38;2;0;95;95m[48;2;215;255;255m+           "tag": undefined,
[38;2;0;95;95m[48;2;215;255;255m+         },
[38;2;0;95;95m[48;2;215;255;255m+         "context": [Circular],
[38;2;0;95;95m[48;2;215;255;255m+         "data": Object {
[38;2;0;95;95m[48;2;215;255;255m+           "attrs": Object {},
[38;2;0;95;95m[48;2;215;255;255m+           "hook": Object {
[38;2;0;95;95m[48;2;215;255;255m+             "destroy": [Function],
[38;2;0;95;95m[48;2;215;255;255m+             "init": [Function],
[38;2;0;95;95m[48;2;215;255;255m+             "insert": [Function],
[38;2;0;95;95m[48;2;215;255;255m+             "prepatch": [Function],
[38;2;0;95;95m[48;2;215;255;255m+           },
[38;2;0;95;95m[48;2;215;255;255m+           "on": undefined,
[38;2;0;95;95m[48;2;215;255;255m+           "pendingInsert": null,
[38;2;0;95;95m[48;2;215;255;255m+           "scopedSlots": Object {
[38;2;0;95;95m[48;2;215;255;255m+             "_normalized": Object {},
[38;2;0;95;95m[48;2;215;255;255m+           },
[38;2;0;95;95m[48;2;215;255;255m+         },
[38;2;0;95;95m[48;2;215;255;255m+         "elm": <div>
[38;2;0;95;95m[48;2;215;255;255m+           <b-dropdown
[38;2;0;95;95m[48;2;215;255;255m+             no-caret=""
[38;2;0;95;95m[48;2;215;255;255m+             right=""
[38;2;0;95;95m[48;2;215;255;255m+             size="lg"
[38;2;0;95;95m[48;2;215;255;255m+             variant="link"
[38;2;0;95;95m[48;2;215;255;255m+           >
[38;2;0;95;95m[48;2;215;255;255m+              
[38;2;0;95;95m[48;2;215;255;255m+             <b-dropdown-item>
[38;2;0;95;95m[48;2;215;255;255m+               <b-icon
[38;2;0;95;95m[48;2;215;255;255m+                 icon="door-open"
[38;2;0;95;95m[48;2;215;255;255m+               />
[38;2;0;95;95m[48;2;215;255;255m+               
[38;2;0;95;95m[48;2;215;255;255m+       回到主页
[38;2;0;95;95m[48;2;215;255;255m+     
[38;2;0;95;95m[48;2;215;255;255m+             </b-dropdown-item>
[38;2;0;95;95m[48;2;215;255;255m+              
[38;2;0;95;95m[48;2;215;255;255m+             <b-dropdown-item>
[38;2;0;95;95m[48;2;215;255;255m+               <b-icon
[38;2;0;95;95m[48;2;215;255;255m+                 icon="cursor-fill"
[38;2;0;95;95m[48;2;215;255;255m+               />
[38;2;0;95;95m[48;2;215;255;255m+               
[38;2;0;95;95m[48;2;215;255;255m+       注销用户
[38;2;0;95;95m[48;2;215;255;255m+     
[38;2;0;95;95m[48;2;215;255;255m+             </b-dropdown-item>
[38;2;0;95;95m[48;2;215;255;255m+           </b-dropdown>
[38;2;0;95;95m[48;2;215;255;255m+         </div>,
[38;2;0;95;95m[48;2;215;255;255m+         "fnContext": undefined,
[38;2;0;95;95m[48;2;215;255;255m+         "fnOptions": undefined,
[38;2;0;95;95m[48;2;215;255;255m+         "fnScopeId": undefined,
[38;2;0;95;95m[48;2;215;255;255m+         "isAsyncPlaceholder": false,
[38;2;0;95;95m[48;2;215;255;255m+         "isCloned": false,
[38;2;0;95;95m[48;2;215;255;255m+         "isComment": false,
[38;2;0;95;95m[48;2;215;255;255m+         "isOnce": false,
[38;2;0;95;95m[48;2;215;255;255m+         "isRootInsert": true,
[38;2;0;95;95m[48;2;215;255;255m+         "isStatic": false,
[38;2;0;95;95m[48;2;215;255;255m+         "key": undefined,
[38;2;0;95;95m[48;2;215;255;255m+         "ns": undefined,
[38;2;0;95;95m[48;2;215;255;255m+         "parent": undefined,
[38;2;0;95;95m[48;2;215;255;255m+         "raw": false,
[38;2;0;95;95m[48;2;215;255;255m+         "tag": "vue-component-1408-UserLogo",
[38;2;0;95;95m[48;2;215;255;255m+         "text": undefined,
[38;2;0;95;95m[48;2;215;255;255m+       },
[38;2;0;95;95m[48;2;215;255;255m+       "_watcher": Watcher {
[38;2;0;95;95m[48;2;215;255;255m+         "active": true,
[38;2;0;95;95m[48;2;215;255;255m+         "before": [Function],
[38;2;0;95;95m[48;2;215;255;255m+         "cb": [Function],
[38;2;0;95;95m[48;2;215;255;255m+         "deep": false,
[38;2;0;95;95m[48;2;215;255;255m+         "depIds": Set {
[38;2;0;95;95m[48;2;215;255;255m+           21,
[38;2;0;95;95m[48;2;215;255;255m+           22,
[38;2;0;95;95m[48;2;215;255;255m+         },
[38;2;0;95;95m[48;2;215;255;255m+         "deps": Array [
[38;2;0;95;95m[48;2;215;255;255m+           Dep {
[38;2;0;95;95m[48;2;215;255;255m+             "id": 21,
[38;2;0;95;95m[48;2;215;255;255m+             "subs": Array [
[38;2;0;95;95m[48;2;215;255;255m+               [Circular],
[38;2;0;95;95m[48;2;215;255;255m+             ],
[38;2;0;95;95m[48;2;215;255;255m+           },
[38;2;0;95;95m[48;2;215;255;255m+           Dep {
[38;2;0;95;95m[48;2;215;255;255m+             "id": 22,
[38;2;0;95;95m[48;2;215;255;255m+             "subs": Array [
[38;2;0;95;95m[48;2;215;255;255m+               [Circular],
[38;2;0;95;95m[48;2;215;255;255m+             ],
[38;2;0;95;95m[48;2;215;255;255m+           },
[38;2;0;95;95m[48;2;215;255;255m+         ],
[38;2;0;95;95m[48;2;215;255;255m+         "dirty": false,
[38;2;0;95;95m[48;2;215;255;255m+         "expression": "function () {
[38;2;0;95;95m[48;2;215;255;255m+       vm._update(vm._render(), hydrating);
[38;2;0;95;95m[48;2;215;255;255m+     }",
[38;2;0;95;95m[48;2;215;255;255m+         "getter": [Function],
[38;2;0;95;95m[48;2;215;255;255m+         "id": 5,
[38;2;0;95;95m[48;2;215;255;255m+         "lazy": false,
[38;2;0;95;95m[48;2;215;255;255m+         "newDepIds": Set {},
[38;2;0;95;95m[48;2;215;255;255m+         "newDeps": Array [],
[38;2;0;95;95m[48;2;215;255;255m+         "sync": false,
[38;2;0;95;95m[48;2;215;255;255m+         "user": false,
[38;2;0;95;95m[48;2;215;255;255m+         "value": undefined,
[38;2;0;95;95m[48;2;215;255;255m+         "vm": [Circular],
[38;2;0;95;95m[48;2;215;255;255m+       },
[38;2;0;95;95m[48;2;215;255;255m+       "_watchers": Array [
[38;2;0;95;95m[48;2;215;255;255m+         Watcher {
[38;2;0;95;95m[48;2;215;255;255m+           "active": true,
[38;2;0;95;95m[48;2;215;255;255m+           "before": [Function],
[38;2;0;95;95m[48;2;215;255;255m+           "cb": [Function],
[38;2;0;95;95m[48;2;215;255;255m+           "deep": false,
[38;2;0;95;95m[48;2;215;255;255m+           "depIds": Set {
[38;2;0;95;95m[48;2;215;255;255m+             21,
[38;2;0;95;95m[48;2;215;255;255m+             22,
[38;2;0;95;95m[48;2;215;255;255m+           },
[38;2;0;95;95m[48;2;215;255;255m+           "deps": Array [
[38;2;0;95;95m[48;2;215;255;255m+             Dep {
[38;2;0;95;95m[48;2;215;255;255m+               "id": 21,
[38;2;0;95;95m[48;2;215;255;255m+               "subs": Array [
[38;2;0;95;95m[48;2;215;255;255m+                 [Circular],
[38;2;0;95;95m[48;2;215;255;255m+               ],
[38;2;0;95;95m[48;2;215;255;255m+             },
[38;2;0;95;95m[48;2;215;255;255m+             Dep {
[38;2;0;95;95m[48;2;215;255;255m+               "id": 22,
[38;2;0;95;95m[48;2;215;255;255m+               "subs": Array [
[38;2;0;95;95m[48;2;215;255;255m+                 [Circular],
[38;2;0;95;95m[48;2;215;255;255m+               ],
[38;2;0;95;95m[48;2;215;255;255m+             },
[38;2;0;95;95m[48;2;215;255;255m+           ],
[38;2;0;95;95m[48;2;215;255;255m+           "dirty": false,
[38;2;0;95;95m[48;2;215;255;255m+           "expression": "function () {
[38;2;0;95;95m[48;2;215;255;255m+       vm._update(vm._render(), hydrating);
[38;2;0;95;95m[48;2;215;255;255m+     }",
[38;2;0;95;95m[48;2;215;255;255m+           "getter": [Function],
[38;2;0;95;95m[48;2;215;255;255m+           "id": 5,
[38;2;0;95;95m[48;2;215;255;255m+           "lazy": false,
[38;2;0;95;95m[48;2;215;255;255m+           "newDepIds": Set {},
[38;2;0;95;95m[48;2;215;255;255m+           "newDeps": Array [],
[38;2;0;95;95m[48;2;215;255;255m+           "sync": false,
[38;2;0;95;95m[48;2;215;255;255m+           "user": false,
[38;2;0;95;95m[48;2;215;255;255m+           "value": undefined,
[38;2;0;95;95m[48;2;215;255;255m+           "vm": [Circular],
[38;2;0;95;95m[48;2;215;255;255m+         },
[38;2;0;95;95m[48;2;215;255;255m+       ],
[38;2;0;95;95m[48;2;215;255;255m+       "vueTestUtils_childProps": Object {},
[38;2;0;95;95m[48;2;215;255;255m+     },
[38;2;0;95;95m[48;2;215;255;255m+     "$refs": Object {},
[38;2;0;95;95m[48;2;215;255;255m+     "$root": VueComponent {
[38;2;0;95;95m[48;2;215;255;255m+       "$attrs": Object {},
[38;2;0;95;95m[48;2;215;255;255m+       "$children": Array [
[38;2;0;95;95m[48;2;215;255;255m+         [Circular],
[38;2;0;95;95m[48;2;215;255;255m+       ],
[38;2;0;95;95m[48;2;215;255;255m+       "$createElement": [Function],
[38;2;0;95;95m[48;2;215;255;255m+       "$el": <div>
[38;2;0;95;95m[48;2;215;255;255m+         <b-dropdown
[38;2;0;95;95m[48;2;215;255;255m+           no-caret=""
[38;2;0;95;95m[48;2;215;255;255m+           right=""
[38;2;0;95;95m[48;2;215;255;255m+           size="lg"
[38;2;0;95;95m[48;2;215;255;255m+           variant="link"
[38;2;0;95;95m[48;2;215;255;255m+         >
[38;2;0;95;95m[48;2;215;255;255m+            
[38;2;0;95;95m[48;2;215;255;255m+           <b-dropdown-item>
[38;2;0;95;95m[48;2;215;255;255m+             <b-icon
[38;2;0;95;95m[48;2;215;255;255m+               icon="door-open"
[38;2;0;95;95m[48;2;215;255;255m+             />
[38;2;0;95;95m[48;2;215;255;255m+             
[38;2;0;95;95m[48;2;215;255;255m+       回到主页
[38;2;0;95;95m[48;2;215;255;255m+     
[38;2;0;95;95m[48;2;215;255;255m+           </b-dropdown-item>
[38;2;0;95;95m[48;2;215;255;255m+            
[38;2;0;95;95m[48;2;215;255;255m+           <b-dropdown-item>
[38;2;0;95;95m[48;2;215;255;255m+             <b-icon
[38;2;0;95;95m[48;2;215;255;255m+               icon="cursor-fill"
[38;2;0;95;95m[48;2;215;255;255m+             />
[38;2;0;95;95m[48;2;215;255;255m+             
[38;2;0;95;95m[48;2;215;255;255m+       注销用户
[38;2;0;95;95m[48;2;215;255;255m+     
[38;2;0;95;95m[48;2;215;255;255m+           </b-dropdown-item>
[38;2;0;95;95m[48;2;215;255;255m+         </b-dropdown>
[38;2;0;95;95m[48;2;215;255;255m+       </div>,
[38;2;0;95;95m[48;2;215;255;255m+       "$emit": [Function],
[38;2;0;95;95m[48;2;215;255;255m+       "$listeners": Object {},
[38;2;0;95;95m[48;2;215;255;255m+       "$options": Object {
[38;2;0;95;95m[48;2;215;255;255m+         "$_doNotStubChildren": true,
[38;2;0;95;95m[48;2;215;255;255m+         "$_isWrapperParent": true,
[38;2;0;95;95m[48;2;215;255;255m+         "_Ctor": Object {
[38;2;0;95;95m[48;2;215;255;255m+           "1404": [Function],
[38;2;0;95;95m[48;2;215;255;255m+         },
[38;2;0;95;95m[48;2;215;255;255m+         "_base": [Function],
[38;2;0;95;95m[48;2;215;255;255m+         "_installedPlugins": Array [
[38;2;0;95;95m[48;2;215;255;255m+           Object {
[38;2;0;95;95m[48;2;215;255;255m+             "install": [Function],
[38;2;0;95;95m[48;2;215;255;255m+           },
[38;2;0;95;95m[48;2;215;255;255m+           Object {
[38;2;0;95;95m[48;2;215;255;255m+             "install": [Function],
[38;2;0;95;95m[48;2;215;255;255m+           },
[38;2;0;95;95m[48;2;215;255;255m+           Object {
[38;2;0;95;95m[48;2;215;255;255m+             "install": [Function],
[38;2;0;95;95m[48;2;215;255;255m+           },
[38;2;0;95;95m[48;2;215;255;255m+           Object {
[38;2;0;95;95m[48;2;215;255;255m+             "install": [Function],
[38;2;0;95;95m[48;2;215;255;255m+           },
[38;2;0;95;95m[48;2;215;255;255m+           Object {
[38;2;0;95;95m[48;2;215;255;255m+             "install": [Function],
[38;2;0;95;95m[48;2;215;255;255m+           },
[38;2;0;95;95m[48;2;215;255;255m+           Object {
[38;2;0;95;95m[48;2;215;255;255m+             "install": [Function],
[38;2;0;95;95m[48;2;215;255;255m+           },
[38;2;0;95;95m[48;2;215;255;255m+           Object {
[38;2;0;95;95m[48;2;215;255;255m+             "install": [Function],
[38;2;0;95;95m[48;2;215;255;255m+           },
[38;2;0;95;95m[48;2;215;255;255m+           Object {
[38;2;0;95;95m[48;2;215;255;255m+             "install": [Function],
[38;2;0;95;95m[48;2;215;255;255m+           },
[38;2;0;95;95m[48;2;215;255;255m+           Object {
[38;2;0;95;95m[48;2;215;255;255m+             "install": [Function],
[38;2;0;95;95m[48;2;215;255;255m+           },
[38;2;0;95;95m[48;2;215;255;255m+           Object {
[38;2;0;95;95m[48;2;215;255;255m+             "install": [Function],
[38;2;0;95;95m[48;2;215;255;255m+           },
[38;2;0;95;95m[48;2;215;255;255m+           Object {
[38;2;0;95;95m[48;2;215;255;255m+             "install": [Function],
[38;2;0;95;95m[48;2;215;255;255m+           },
[38;2;0;95;95m[48;2;215;255;255m+           Object {
[38;2;0;95;95m[48;2;215;255;255m+             "install": [Function],
[38;2;0;95;95m[48;2;215;255;255m+           },
[38;2;0;95;95m[48;2;215;255;255m+           Object {
[38;2;0;95;95m[48;2;215;255;255m+             "install": [Function],
[38;2;0;95;95m[48;2;215;255;255m+           },
[38;2;0;95;95m[48;2;215;255;255m+           Object {
[38;2;0;95;95m[48;2;215;255;255m+             "install": [Function],
[38;2;0;95;95m[48;2;215;255;255m+           },
[38;2;0;95;95m[48;2;215;255;255m+           Object {
[38;2;0;95;95m[48;2;215;255;255m+             "install": [Function],
[38;2;0;95;95m[48;2;215;255;255m+           },
[38;2;0;95;95m[48;2;215;255;255m+           Object {
[38;2;0;95;95m[48;2;215;255;255m+             "install": [Function],
[38;2;0;95;95m[48;2;215;255;255m+           },
[38;2;0;95;95m[48;2;215;255;255m+           Object {
[38;2;0;95;95m[48;2;215;255;255m+             "install": [Function],
[38;2;0;95;95m[48;2;215;255;255m+           },
[38;2;0;95;95m[48;2;215;255;255m+           Object {
[38;2;0;95;95m[48;2;215;255;255m+             "install": [Function],
[38;2;0;95;95m[48;2;215;255;255m+           },
[38;2;0;95;95m[48;2;215;255;255m+           Object {
[38;2;0;95;95m[48;2;215;255;255m+             "install": [Function],
[38;2;0;95;95m[48;2;215;255;255m+           },
[38;2;0;95;95m[48;2;215;255;255m+           Object {
[38;2;0;95;95m[48;2;215;255;255m+             "install": [Function],
[38;2;0;95;95m[48;2;215;255;255m+           },
[38;2;0;95;95m[48;2;215;255;255m+           Object {
[38;2;0;95;95m[48;2;215;255;255m+             "install": [Function],
[38;2;0;95;95m[48;2;215;255;255m+           },
[38;2;0;95;95m[48;2;215;255;255m+           Object {
[38;2;0;95;95m[48;2;215;255;255m+             "install": [Function],
[38;2;0;95;95m[48;2;215;255;255m+           },
[38;2;0;95;95m[48;2;215;255;255m+           Object {
[38;2;0;95;95m[48;2;215;255;255m+             "install": [Function],
[38;2;0;95;95m[48;2;215;255;255m+           },
[38;2;0;95;95m[48;2;215;255;255m+           Object {
[38;2;0;95;95m[48;2;215;255;255m+             "install": [Function],
[38;2;0;95;95m[48;2;215;255;255m+           },
[38;2;0;95;95m[48;2;215;255;255m+           Object {
[38;2;0;95;95m[48;2;215;255;255m+             "install": [Function],
[38;2;0;95;95m[48;2;215;255;255m+           },
[38;2;0;95;95m[48;2;215;255;255m+           Object {
[38;2;0;95;95m[48;2;215;255;255m+             "install": [Function],
[38;2;0;95;95m[48;2;215;255;255m+           },
[38;2;0;95;95m[48;2;215;255;255m+           Object {
[38;2;0;95;95m[48;2;215;255;255m+             "install": [Function],
[38;2;0;95;95m[48;2;215;255;255m+           },
[38;2;0;95;95m[48;2;215;255;255m+           Object {
[38;2;0;95;95m[48;2;215;255;255m+             "install": [Function],
[38;2;0;95;95m[48;2;215;255;255m+           },
[38;2;0;95;95m[48;2;215;255;255m+           Object {
[38;2;0;95;95m[48;2;215;255;255m+             "install": [Function],
[38;2;0;95;95m[48;2;215;255;255m+           },
[38;2;0;95;95m[48;2;215;255;255m+           Object {
[38;2;0;95;95m[48;2;215;255;255m+             "install": [Function],
[38;2;0;95;95m[48;2;215;255;255m+           },
[38;2;0;95;95m[48;2;215;255;255m+           Object {
[38;2;0;95;95m[48;2;215;255;255m+             "install": [Function],
[38;2;0;95;95m[48;2;215;255;255m+           },
[38;2;0;95;95m[48;2;215;255;255m+           Object {
[38;2;0;95;95m[48;2;215;255;255m+             "install": [Function],
[38;2;0;95;95m[48;2;215;255;255m+           },
[38;2;0;95;95m[48;2;215;255;255m+           Object {
[38;2;0;95;95m[48;2;215;255;255m+             "install": [Function],
[38;2;0;95;95m[48;2;215;255;255m+           },
[38;2;0;95;95m[48;2;215;255;255m+           Object {
[38;2;0;95;95m[48;2;215;255;255m+             "install": [Function],
[38;2;0;95;95m[48;2;215;255;255m+           },
[38;2;0;95;95m[48;2;215;255;255m+           Object {
[38;2;0;95;95m[48;2;215;255;255m+             "install": [Function],
[38;2;0;95;95m[48;2;215;255;255m+           },
[38;2;0;95;95m[48;2;215;255;255m+           [Function],
[38;2;0;95;95m[48;2;215;255;255m+           Object {
[38;2;0;95;95m[48;2;215;255;255m+             "install": [Function],
[38;2;0;95;95m[48;2;215;255;255m+           },
[38;2;0;95;95m[48;2;215;255;255m+           Object {
[38;2;0;95;95m[48;2;215;255;255m+             "install": [Function],
[38;2;0;95;95m[48;2;215;255;255m+           },
[38;2;0;95;95m[48;2;215;255;255m+           Object {
[38;2;0;95;95m[48;2;215;255;255m+             "install": [Function],
[38;2;0;95;95m[48;2;215;255;255m+           },
[38;2;0;95;95m[48;2;215;255;255m+           Object {
[38;2;0;95;95m[48;2;215;255;255m+             "install": [Function],
[38;2;0;95;95m[48;2;215;255;255m+           },
[38;2;0;95;95m[48;2;215;255;255m+           Object {
[38;2;0;95;95m[48;2;215;255;255m+             "install": [Function],
[38;2;0;95;95m[48;2;215;255;255m+           },
[38;2;0;95;95m[48;2;215;255;255m+           Object {
[38;2;0;95;95m[48;2;215;255;255m+             "install": [Function],
[38;2;0;95;95m[48;2;215;255;255m+           },
[38;2;0;95;95m[48;2;215;255;255m+           Object {
[38;2;0;95;95m[48;2;215;255;255m+             "install": [Function],
[38;2;0;95;95m[48;2;215;255;255m+           },
[38;2;0;95;95m[48;2;215;255;255m+           Object {
[38;2;0;95;95m[48;2;215;255;255m+             "install": [Function],
[38;2;0;95;95m[48;2;215;255;255m+           },
[38;2;0;95;95m[48;2;215;255;255m+           Object {
[38;2;0;95;95m[48;2;215;255;255m+             "install": [Function],
[38;2;0;95;95m[48;2;215;255;255m+           },
[38;2;0;95;95m[48;2;215;255;255m+           Object {
[38;2;0;95;95m[48;2;215;255;255m+             "install": [Function],
[38;2;0;95;95m[48;2;215;255;255m+           },
[38;2;0;95;95m[48;2;215;255;255m+           Object {
[38;2;0;95;95m[48;2;215;255;255m+             "install": [Function],
[38;2;0;95;95m[48;2;215;255;255m+           },
[38;2;0;95;95m[48;2;215;255;255m+           Object {
[38;2;0;95;95m[48;2;215;255;255m+             "install": [Function],
[38;2;0;95;95m[48;2;215;255;255m+           },
[38;2;0;95;95m[48;2;215;255;255m+           Object {
[38;2;0;95;95m[48;2;215;255;255m+             "install": [Function],
[38;2;0;95;95m[48;2;215;255;255m+           },
[38;2;0;95;95m[48;2;215;255;255m+           Object {
[38;2;0;95;95m[48;2;215;255;255m+             "install": [Function],
[38;2;0;95;95m[48;2;215;255;255m+           },
[38;2;0;95;95m[48;2;215;255;255m+           Object {
[38;2;0;95;95m[48;2;215;255;255m+             "install": [Function],
[38;2;0;95;95m[48;2;215;255;255m+           },
[38;2;0;95;95m[48;2;215;255;255m+           Object {
[38;2;0;95;95m[48;2;215;255;255m+             "install": [Function],
[38;2;0;95;95m[48;2;215;255;255m+           },
[38;2;0;95;95m[48;2;215;255;255m+           Object {
[38;2;0;95;95m[48;2;215;255;255m+             "install": [Function],
[38;2;0;95;95m[48;2;215;255;255m+           },
[38;2;0;95;95m[48;2;215;255;255m+           Object {
[38;2;0;95;95m[48;2;215;255;255m+             "install": [Function],
[38;2;0;95;95m[48;2;215;255;255m+           },
[38;2;0;95;95m[48;2;215;255;255m+           [Function],
[38;2;0;95;95m[48;2;215;255;255m+           Object {
[38;2;0;95;95m[48;2;215;255;255m+             "install": [Function],
[38;2;0;95;95m[48;2;215;255;255m+           },
[38;2;0;95;95m[48;2;215;255;255m+           Object {
[38;2;0;95;95m[48;2;215;255;255m+             "install": [Function],
[38;2;0;95;95m[48;2;215;255;255m+           },
[38;2;0;95;95m[48;2;215;255;255m+           Object {
[38;2;0;95;95m[48;2;215;255;255m+             "install": [Function],
[38;2;0;95;95m[48;2;215;255;255m+           },
[38;2;0;95;95m[48;2;215;255;255m+           Object {
[38;2;0;95;95m[48;2;215;255;255m+             "install": [Function],
[38;2;0;95;95m[48;2;215;255;255m+           },
[38;2;0;95;95m[48;2;215;255;255m+           Object {
[38;2;0;95;95m[48;2;215;255;255m+             "install": [Function],
[38;2;0;95;95m[48;2;215;255;255m+           },
[38;2;0;95;95m[48;2;215;255;255m+           Object {
[38;2;0;95;95m[48;2;215;255;255m+             "install": [Function],
[38;2;0;95;95m[48;2;215;255;255m+           },
[38;2;0;95;95m[48;2;215;255;255m+           Object {
[38;2;0;95;95m[48;2;215;255;255m+             "install": [Function],
[38;2;0;95;95m[48;2;215;255;255m+           },
[38;2;0;95;95m[48;2;215;255;255m+           Object {
[38;2;0;95;95m[48;2;215;255;255m+             "install": [Function],
[38;2;0;95;95m[48;2;215;255;255m+           },
[38;2;0;95;95m[48;2;215;255;255m+           Object {
[38;2;0;95;95m[48;2;215;255;255m+             "install": [Function],
[38;2;0;95;95m[48;2;215;255;255m+           },
[38;2;0;95;95m[48;2;215;255;255m+           Object {
[38;2;0;95;95m[48;2;215;255;255m+             "install": [Function],
[38;2;0;95;95m[48;2;215;255;255m+           },
[38;2;0;95;95m[48;2;215;255;255m+           Object {
[38;2;0;95;95m[48;2;215;255;255m+             "NAME": "BootstrapVue",
[38;2;0;95;95m[48;2;215;255;255m+             "install": [Function],
[38;2;0;95;95m[48;2;215;255;255m+           },
[38;2;0;95;95m[48;2;215;255;255m+         ],
[38;2;0;95;95m[48;2;215;255;255m+         "_isFunctionalContainer": undefined,
[38;2;0;95;95m[48;2;215;255;255m+         "beforeCreate": Array [
[38;2;0;95;95m[48;2;215;255;255m+           [Function],
[38;2;0;95;95m[48;2;215;255;255m+           [Function],
[38;2;0;95;95m[48;2;215;255;255m+           [Function],
[38;2;0;95;95m[48;2;215;255;255m+         ],
[38;2;0;95;95m[48;2;215;255;255m+         "cid": 1398,
[38;2;0;95;95m[48;2;215;255;255m+         "component": [Function],
[38;2;0;95;95m[48;2;215;255;255m+         "components": Object {
[38;2;0;95;95m[48;2;215;255;255m+           "transition": Object {
[38;2;0;95;95m[48;2;215;255;255m+             "$_doNotStubChildren": true,
[38;2;0;95;95m[48;2;215;255;255m+             "$_vueTestUtils_original": Object {
[38;2;0;95;95m[48;2;215;255;255m+               "_Ctor": Object {
[38;2;0;95;95m[48;2;215;255;255m+                 "1404": [Function],
[38;2;0;95;95m[48;2;215;255;255m+               },
[38;2;0;95;95m[48;2;215;255;255m+               "abstract": true,
[38;2;0;95;95m[48;2;215;255;255m+               "name": "transition",
[38;2;0;95;95m[48;2;215;255;255m+               "props": Object {
[38;2;0;95;95m[48;2;215;255;255m+                 "appear": Object {
[38;2;0;95;95m[48;2;215;255;255m+                   "type": [Function],
[38;2;0;95;95m[48;2;215;255;255m+                 },
[38;2;0;95;95m[48;2;215;255;255m+                 "appearActiveClass": Object {
[38;2;0;95;95m[48;2;215;255;255m+                   "type": [Function],
[38;2;0;95;95m[48;2;215;255;255m+                 },
[38;2;0;95;95m[48;2;215;255;255m+                 "appearClass": Object {
[38;2;0;95;95m[48;2;215;255;255m+                   "type": [Function],
[38;2;0;95;95m[48;2;215;255;255m+                 },
[38;2;0;95;95m[48;2;215;255;255m+                 "appearToClass": Object {
[38;2;0;95;95m[48;2;215;255;255m+                   "type": [Function],
[38;2;0;95;95m[48;2;215;255;255m+                 },
[38;2;0;95;95m[48;2;215;255;255m+                 "css": Object {
[38;2;0;95;95m[48;2;215;255;255m+                   "type": [Function],
[38;2;0;95;95m[48;2;215;255;255m+                 },
[38;2;0;95;95m[48;2;215;255;255m+                 "duration": Object {
[38;2;0;95;95m[48;2;215;255;255m+                   "type": Array [
[38;2;0;95;95m[48;2;215;255;255m+                     [Function],
[38;2;0;95;95m[48;2;215;255;255m+                     [Function],
[38;2;0;95;95m[48;2;215;255;255m+                     [Function],
[38;2;0;95;95m[48;2;215;255;255m+                   ],
[38;2;0;95;95m[48;2;215;255;255m+                 },
[38;2;0;95;95m[48;2;215;255;255m+                 "enterActiveClass": Object {
[38;2;0;95;95m[48;2;215;255;255m+                   "type": [Function],
[38;2;0;95;95m[48;2;215;255;255m+                 },
[38;2;0;95;95m[48;2;215;255;255m+                 "enterClass": Object {
[38;2;0;95;95m[48;2;215;255;255m+                   "type": [Function],
[38;2;0;95;95m[48;2;215;255;255m+                 },
[38;2;0;95;95m[48;2;215;255;255m+                 "enterToClass": Object {
[38;2;0;95;95m[48;2;215;255;255m+                   "type": [Function],
[38;2;0;95;95m[48;2;215;255;255m+                 },
[38;2;0;95;95m[48;2;215;255;255m+                 "leaveActiveClass": Object {
[38;2;0;95;95m[48;2;215;255;255m+                   "type": [Function],
[38;2;0;95;95m[48;2;215;255;255m+                 },
[38;2;0;95;95m[48;2;215;255;255m+                 "leaveClass": Object {
[38;2;0;95;95m[48;2;215;255;255m+                   "type": [Function],
[38;2;0;95;95m[48;2;215;255;255m+                 },
[38;2;0;95;95m[48;2;215;255;255m+                 "leaveToClass": Object {
[38;2;0;95;95m[48;2;215;255;255m+                   "type": [Function],
[38;2;0;95;95m[48;2;215;255;255m+                 },
[38;2;0;95;95m[48;2;215;255;255m+                 "mode": Object {
[38;2;0;95;95m[48;2;215;255;255m+                   "type": [Function],
[38;2;0;95;95m[48;2;215;255;255m+                 },
[38;2;0;95;95m[48;2;215;255;255m+                 "name": Object {
[38;2;0;95;95m[48;2;215;255;255m+                   "type": [Function],
[38;2;0;95;95m[48;2;215;255;255m+                 },
[38;2;0;95;95m[48;2;215;255;255m+                 "type": Object {
[38;2;0;95;95m[48;2;215;255;255m+                   "type": [Function],
[38;2;0;95;95m[48;2;215;255;255m+                 },
[38;2;0;95;95m[48;2;215;255;255m+               },
[38;2;0;95;95m[48;2;215;255;255m+               "render": [Function],
[38;2;0;95;95m[48;2;215;255;255m+             },
[38;2;0;95;95m[48;2;215;255;255m+             "abstract": true,
[38;2;0;95;95m[48;2;215;255;255m+             "attrs": undefined,
[38;2;0;95;95m[48;2;215;255;255m+             "class": undefined,
[38;2;0;95;95m[48;2;215;255;255m+             "domProps": undefined,
[38;2;0;95;95m[48;2;215;255;255m+             "functional": undefined,
[38;2;0;95;95m[48;2;215;255;255m+             "key": undefined,
[38;2;0;95;95m[48;2;215;255;255m+             "model": undefined,
[38;2;0;95;95m[48;2;215;255;255m+             "name": "transition",
[38;2;0;95;95m[48;2;215;255;255m+             "nativeOn": undefined,
[38;2;0;95;95m[48;2;215;255;255m+             "normalizedStyle": undefined,
[38;2;0;95;95m[48;2;215;255;255m+             "on": undefined,
[38;2;0;95;95m[48;2;215;255;255m+             "props": Object {
[38;2;0;95;95m[48;2;215;255;255m+               "appear": Object {
[38;2;0;95;95m[48;2;215;255;255m+                 "type": [Function],
[38;2;0;95;95m[48;2;215;255;255m+               },
[38;2;0;95;95m[48;2;215;255;255m+               "appearActiveClass": Object {
[38;2;0;95;95m[48;2;215;255;255m+                 "type": [Function],
[38;2;0;95;95m[48;2;215;255;255m+               },
[38;2;0;95;95m[48;2;215;255;255m+               "appearClass": Object {
[38;2;0;95;95m[48;2;215;255;255m+                 "type": [Function],
[38;2;0;95;95m[48;2;215;255;255m+               },
[38;2;0;95;95m[48;2;215;255;255m+               "appearToClass": Object {
[38;2;0;95;95m[48;2;215;255;255m+                 "type": [Function],
[38;2;0;95;95m[48;2;215;255;255m+               },
[38;2;0;95;95m[48;2;215;255;255m+               "css": Object {
[38;2;0;95;95m[48;2;215;255;255m+                 "type": [Function],
[38;2;0;95;95m[48;2;215;255;255m+               },
[38;2;0;95;95m[48;2;215;255;255m+               "duration": Object {
[38;2;0;95;95m[48;2;215;255;255m+                 "type": Array [
[38;2;0;95;95m[48;2;215;255;255m+                   [Function],
[38;2;0;95;95m[48;2;215;255;255m+                   [Function],
[38;2;0;95;95m[48;2;215;255;255m+                   [Function],
[38;2;0;95;95m[48;2;215;255;255m+                 ],
[38;2;0;95;95m[48;2;215;255;255m+               },
[38;2;0;95;95m[48;2;215;255;255m+               "enterActiveClass": Object {
[38;2;0;95;95m[48;2;215;255;255m+                 "type": [Function],
[38;2;0;95;95m[48;2;215;255;255m+               },
[38;2;0;95;95m[48;2;215;255;255m+               "enterClass": Object {
[38;2;0;95;95m[48;2;215;255;255m+                 "type": [Function],
[38;2;0;95;95m[48;2;215;255;255m+               },
[38;2;0;95;95m[48;2;215;255;255m+               "enterToClass": Object {
[38;2;0;95;95m[48;2;215;255;255m+                 "type": [Function],
[38;2;0;95;95m[48;2;215;255;255m+               },
[38;2;0;95;95m[48;2;215;255;255m+               "leaveActiveClass": Object {
[38;2;0;95;95m[48;2;215;255;255m+                 "type": [Function],
[38;2;0;95;95m[48;2;215;255;255m+               },
[38;2;0;95;95m[48;2;215;255;255m+               "leaveClass": Object {
[38;2;0;95;95m[48;2;215;255;255m+                 "type": [Function],
[38;2;0;95;95m[48;2;215;255;255m+               },
[38;2;0;95;95m[48;2;215;255;255m+               "leaveToClass": Object {
[38;2;0;95;95m[48;2;215;255;255m+                 "type": [Function],
[38;2;0;95;95m[48;2;215;255;255m+               },
[38;2;0;95;95m[48;2;215;255;255m+               "mode": Object {
[38;2;0;95;95m[48;2;215;255;255m+                 "type": [Function],
[38;2;0;95;95m[48;2;215;255;255m+               },
[38;2;0;95;95m[48;2;215;255;255m+               "name": Object {
[38;2;0;95;95m[48;2;215;255;255m+                 "type": [Function],
[38;2;0;95;95m[48;2;215;255;255m+               },
[38;2;0;95;95m[48;2;215;255;255m+               "type": Object {
[38;2;0;95;95m[48;2;215;255;255m+                 "type": [Function],
[38;2;0;95;95m[48;2;215;255;255m+               },
[38;2;0;95;95m[48;2;215;255;255m+             },
[38;2;0;95;95m[48;2;215;255;255m+             "render": [Function],
[38;2;0;95;95m[48;2;215;255;255m+             "staticClass": undefined,
[38;2;0;95;95m[48;2;215;255;255m+             "staticStyle": undefined,
[38;2;0;95;95m[48;2;215;255;255m+             "style": undefined,
[38;2;0;95;95m[48;2;215;255;255m+           },
[38;2;0;95;95m[48;2;215;255;255m+           "transition-group": Object {
[38;2;0;95;95m[48;2;215;255;255m+             "$_doNotStubChildren": true,
[38;2;0;95;95m[48;2;215;255;255m+             "$_vueTestUtils_original": Object {
[38;2;0;95;95m[48;2;215;255;255m+               "_Ctor": Object {
[38;2;0;95;95m[48;2;215;255;255m+                 "1404": [Function],
[38;2;0;95;95m[48;2;215;255;255m+               },
[38;2;0;95;95m[48;2;215;255;255m+               "beforeMount": [Function],
[38;2;0;95;95m[48;2;215;255;255m+               "methods": Object {
[38;2;0;95;95m[48;2;215;255;255m+                 "hasMove": [Function],
[38;2;0;95;95m[48;2;215;255;255m+               },
[38;2;0;95;95m[48;2;215;255;255m+               "props": Object {
[38;2;0;95;95m[48;2;215;255;255m+                 "appear": Object {
[38;2;0;95;95m[48;2;215;255;255m+                   "type": [Function],
[38;2;0;95;95m[48;2;215;255;255m+                 },
[38;2;0;95;95m[48;2;215;255;255m+                 "appearActiveClass": Object {
[38;2;0;95;95m[48;2;215;255;255m+                   "type": [Function],
[38;2;0;95;95m[48;2;215;255;255m+                 },
[38;2;0;95;95m[48;2;215;255;255m+                 "appearClass": Object {
[38;2;0;95;95m[48;2;215;255;255m+                   "type": [Function],
[38;2;0;95;95m[48;2;215;255;255m+                 },
[38;2;0;95;95m[48;2;215;255;255m+                 "appearToClass": Object {
[38;2;0;95;95m[48;2;215;255;255m+                   "type": [Function],
[38;2;0;95;95m[48;2;215;255;255m+                 },
[38;2;0;95;95m[48;2;215;255;255m+                 "css": Object {
[38;2;0;95;95m[48;2;215;255;255m+                   "type": [Function],
[38;2;0;95;95m[48;2;215;255;255m+                 },
[38;2;0;95;95m[48;2;215;255;255m+                 "duration": Object {
[38;2;0;95;95m[48;2;215;255;255m+                   "type": Array [
[38;2;0;95;95m[48;2;215;255;255m+                     [Function],
[38;2;0;95;95m[48;2;215;255;255m+                     [Function],
[38;2;0;95;95m[48;2;215;255;255m+                     [Function],
[38;2;0;95;95m[48;2;215;255;255m+                   ],
[38;2;0;95;95m[48;2;215;255;255m+                 },
[38;2;0;95;95m[48;2;215;255;255m+                 "enterActiveClass": Object {
[38;2;0;95;95m[48;2;215;255;255m+                   "type": [Function],
[38;2;0;95;95m[48;2;215;255;255m+                 },
[38;2;0;95;95m[48;2;215;255;255m+                 "enterClass": Object {
[38;2;0;95;95m[48;2;215;255;255m+                   "type": [Function],
[38;2;0;95;95m[48;2;215;255;255m+                 },
[38;2;0;95;95m[48;2;215;255;255m+                 "enterToClass": Object {
[38;2;0;95;95m[48;2;215;255;255m+                   "type": [Function],
[38;2;0;95;95m[48;2;215;255;255m+                 },
[38;2;0;95;95m[48;2;215;255;255m+                 "leaveActiveClass": Object {
[38;2;0;95;95m[48;2;215;255;255m+                   "type": [Function],
[38;2;0;95;95m[48;2;215;255;255m+                 },
[38;2;0;95;95m[48;2;215;255;255m+                 "leaveClass": Object {
[38;2;0;95;95m[48;2;215;255;255m+                   "type": [Function],
[38;2;0;95;95m[48;2;215;255;255m+                 },
[38;2;0;95;95m[48;2;215;255;255m+                 "leaveToClass": Object {
[38;2;0;95;95m[48;2;215;255;255m+                   "type": [Function],
[38;2;0;95;95m[48;2;215;255;255m+                 },
[38;2;0;95;95m[48;2;215;255;255m+                 "moveClass": Object {
[38;2;0;95;95m[48;2;215;255;255m+                   "type": [Function],
[38;2;0;95;95m[48;2;215;255;255m+                 },
[38;2;0;95;95m[48;2;215;255;255m+                 "name": Object {
[38;2;0;95;95m[48;2;215;255;255m+                   "type": [Function],
[38;2;0;95;95m[48;2;215;255;255m+                 },
[38;2;0;95;95m[48;2;215;255;255m+                 "tag": Object {
[38;2;0;95;95m[48;2;215;255;255m+                   "type": [Function],
[38;2;0;95;95m[48;2;215;255;255m+                 },
[38;2;0;95;95m[48;2;215;255;255m+                 "type": Object {
[38;2;0;95;95m[48;2;215;255;255m+                   "type": [Function],
[38;2;0;95;95m[48;2;215;255;255m+                 },
[38;2;0;95;95m[48;2;215;255;255m+               },
[38;2;0;95;95m[48;2;215;255;255m+               "render": [Function],
[38;2;0;95;95m[48;2;215;255;255m+               "updated": [Function],
[38;2;0;95;95m[48;2;215;255;255m+             },
[38;2;0;95;95m[48;2;215;255;255m+             "abstract": undefined,
[38;2;0;95;95m[48;2;215;255;255m+             "attrs": undefined,
[38;2;0;95;95m[48;2;215;255;255m+             "class": undefined,
[38;2;0;95;95m[48;2;215;255;255m+             "domProps": undefined,
[38;2;0;95;95m[48;2;215;255;255m+             "functional": undefined,
[38;2;0;95;95m[48;2;215;255;255m+             "key": undefined,
[38;2;0;95;95m[48;2;215;255;255m+             "model": undefined,
[38;2;0;95;95m[48;2;215;255;255m+             "name": undefined,
[38;2;0;95;95m[48;2;215;255;255m+             "nativeOn": undefined,
[38;2;0;95;95m[48;2;215;255;255m+             "normalizedStyle": undefined,
[38;2;0;95;95m[48;2;215;255;255m+             "on": undefined,
[38;2;0;95;95m[48;2;215;255;255m+             "props": Object {
[38;2;0;95;95m[48;2;215;255;255m+               "appear": Object {
[38;2;0;95;95m[48;2;215;255;255m+                 "type": [Function],
[38;2;0;95;95m[48;2;215;255;255m+               },
[38;2;0;95;95m[48;2;215;255;255m+               "appearActiveClass": Object {
[38;2;0;95;95m[48;2;215;255;255m+                 "type": [Function],
[38;2;0;95;95m[48;2;215;255;255m+               },
[38;2;0;95;95m[48;2;215;255;255m+               "appearClass": Object {
[38;2;0;95;95m[48;2;215;255;255m+                 "type": [Function],
[38;2;0;95;95m[48;2;215;255;255m+               },
[38;2;0;95;95m[48;2;215;255;255m+               "appearToClass": Object {
[38;2;0;95;95m[48;2;215;255;255m+                 "type": [Function],
[38;2;0;95;95m[48;2;215;255;255m+               },
[38;2;0;95;95m[48;2;215;255;255m+               "css": Object {
[38;2;0;95;95m[48;2;215;255;255m+                 "type": [Function],
[38;2;0;95;95m[48;2;215;255;255m+               },
[38;2;0;95;95m[48;2;215;255;255m+               "duration": Object {
[38;2;0;95;95m[48;2;215;255;255m+                 "type": Array [
[38;2;0;95;95m[48;2;215;255;255m+                   [Function],
[38;2;0;95;95m[48;2;215;255;255m+                   [Function],
[38;2;0;95;95m[48;2;215;255;255m+                   [Function],
[38;2;0;95;95m[48;2;215;255;255m+                 ],
[38;2;0;95;95m[48;2;215;255;255m+               },
[38;2;0;95;95m[48;2;215;255;255m+               "enterActiveClass": Object {
[38;2;0;95;95m[48;2;215;255;255m+                 "type": [Function],
[38;2;0;95;95m[48;2;215;255;255m+               },
[38;2;0;95;95m[48;2;215;255;255m+               "enterClass": Object {
[38;2;0;95;95m[48;2;215;255;255m+                 "type": [Function],
[38;2;0;95;95m[48;2;215;255;255m+               },
[38;2;0;95;95m[48;2;215;255;255m+               "enterToClass": Object {
[38;2;0;95;95m[48;2;215;255;255m+                 "type": [Function],
[38;2;0;95;95m[48;2;215;255;255m+               },
[38;2;0;95;95m[48;2;215;255;255m+               "leaveActiveClass": Object {
[38;2;0;95;95m[48;2;215;255;255m+                 "type": [Function],
[38;2;0;95;95m[48;2;215;255;255m+               },
[38;2;0;95;95m[48;2;215;255;255m+               "leaveClass": Object {
[38;2;0;95;95m[48;2;215;255;255m+                 "type": [Function],
[38;2;0;95;95m[48;2;215;255;255m+               },
[38;2;0;95;95m[48;2;215;255;255m+               "leaveToClass": Object {
[38;2;0;95;95m[48;2;215;255;255m+                 "type": [Function],
[38;2;0;95;95m[48;2;215;255;255m+               },
[38;2;0;95;95m[48;2;215;255;255m+               "moveClass": Object {
[38;2;0;95;95m[48;2;215;255;255m+                 "type": [Function],
[38;2;0;95;95m[48;2;215;255;255m+               },
[38;2;0;95;95m[48;2;215;255;255m+               "name": Object {
[38;2;0;95;95m[48;2;215;255;255m+                 "type": [Function],
[38;2;0;95;95m[48;2;215;255;255m+               },
[38;2;0;95;95m[48;2;215;255;255m+               "tag": Object {
[38;2;0;95;95m[48;2;215;255;255m+                 "type": [Function],
[38;2;0;95;95m[48;2;215;255;255m+               },
[38;2;0;95;95m[48;2;215;255;255m+               "type": Object {
[38;2;0;95;95m[48;2;215;255;255m+                 "type": [Function],
[38;2;0;95;95m[48;2;215;255;255m+               },
[38;2;0;95;95m[48;2;215;255;255m+             },
[38;2;0;95;95m[48;2;215;255;255m+             "render": [Function],
[38;2;0;95;95m[48;2;215;255;255m+             "staticClass": undefined,
[38;2;0;95;95m[48;2;215;255;255m+             "staticStyle": undefined,
[38;2;0;95;95m[48;2;215;255;255m+             "style": undefined,
[38;2;0;95;95m[48;2;215;255;255m+           },
[38;2;0;95;95m[48;2;215;255;255m+         },
[38;2;0;95;95m[48;2;215;255;255m+         "config": Object {
[38;2;0;95;95m[48;2;215;255;255m+           "_lifecycleHooks": Array [
[38;2;0;95;95m[48;2;215;255;255m+             "beforeCreate",
[38;2;0;95;95m[48;2;215;255;255m+             "created",
[38;2;0;95;95m[48;2;215;255;255m+             "beforeMount",
[38;2;0;95;95m[48;2;215;255;255m+             "mounted",
[38;2;0;95;95m[48;2;215;255;255m+             "beforeUpdate",
[38;2;0;95;95m[48;2;215;255;255m+             "updated",
[38;2;0;95;95m[48;2;215;255;255m+             "beforeDestroy",
[38;2;0;95;95m[48;2;215;255;255m+             "destroyed",
[38;2;0;95;95m[48;2;215;255;255m+             "activated",
[38;2;0;95;95m[48;2;215;255;255m+             "deactivated",
[38;2;0;95;95m[48;2;215;255;255m+             "errorCaptured",
[38;2;0;95;95m[48;2;215;255;255m+             "serverPrefetch",
[38;2;0;95;95m[48;2;215;255;255m+           ],
[38;2;0;95;95m[48;2;215;255;255m+           "async": true,
[38;2;0;95;95m[48;2;215;255;255m+           "devtools": false,
[38;2;0;95;95m[48;2;215;255;255m+           "errorHandler": undefined,
[38;2;0;95;95m[48;2;215;255;255m+           "getTagNamespace": [Function],
[38;2;0;95;95m[48;2;215;255;255m+           "ignoredElements": Array [],
[38;2;0;95;95m[48;2;215;255;255m+           "isReservedAttr": [Function],
[38;2;0;95;95m[48;2;215;255;255m+           "isReservedTag": [Function],
[38;2;0;95;95m[48;2;215;255;255m+           "isUnknownElement": [Function],
[38;2;0;95;95m[48;2;215;255;255m+           "keyCodes": Object {},
[38;2;0;95;95m[48;2;215;255;255m+           "mustUseProp": [Function],
[38;2;0;95;95m[48;2;215;255;255m+           "optionMergeStrategies": Object {
[38;2;0;95;95m[48;2;215;255;255m+             "activated": [Function],
[38;2;0;95;95m[48;2;215;255;255m+             "beforeCreate": [Function],
[38;2;0;95;95m[48;2;215;255;255m+             "beforeDestroy": [Function],
[38;2;0;95;95m[48;2;215;255;255m+             "beforeMount": [Function],
[38;2;0;95;95m[48;2;215;255;255m+             "beforeUpdate": [Function],
[38;2;0;95;95m[48;2;215;255;255m+             "components": [Function],
[38;2;0;95;95m[48;2;215;255;255m+             "computed": [Function],
[38;2;0;95;95m[48;2;215;255;255m+             "created": [Function],
[38;2;0;95;95m[48;2;215;255;255m+             "data": [Function],
[38;2;0;95;95m[48;2;215;255;255m+             "deactivated": [Function],
[38;2;0;95;95m[48;2;215;255;255m+             "destroyed": [Function],
[38;2;0;95;95m[48;2;215;255;255m+             "directives": [Function],
[38;2;0;95;95m[48;2;215;255;255m+             "el": [Function],
[38;2;0;95;95m[48;2;215;255;255m+             "errorCaptured": [Function],
[38;2;0;95;95m[48;2;215;255;255m+             "filters": [Function],
[38;2;0;95;95m[48;2;215;255;255m+             "inject": [Function],
[38;2;0;95;95m[48;2;215;255;255m+             "methods": [Function],
[38;2;0;95;95m[48;2;215;255;255m+             "mounted": [Function],
[38;2;0;95;95m[48;2;215;255;255m+             "props": [Function],
[38;2;0;95;95m[48;2;215;255;255m+             "propsData": [Function],
[38;2;0;95;95m[48;2;215;255;255m+             "provide": [Function],
[38;2;0;95;95m[48;2;215;255;255m+             "serverPrefetch": [Function],
[38;2;0;95;95m[48;2;215;255;255m+             "updated": [Function],
[38;2;0;95;95m[48;2;215;255;255m+             "watch": [Function],
[38;2;0;95;95m[48;2;215;255;255m+           },
[38;2;0;95;95m[48;2;215;255;255m+           "parsePlatformTagName": [Function],
[38;2;0;95;95m[48;2;215;255;255m+           "performance": false,
[38;2;0;95;95m[48;2;215;255;255m+           "productionTip": false,
[38;2;0;95;95m[48;2;215;255;255m+           "silent": false,
[38;2;0;95;95m[48;2;215;255;255m+           "warnHandler": null,
[38;2;0;95;95m[48;2;215;255;255m+         },
[38;2;0;95;95m[48;2;215;255;255m+         "data": [Function],
[38;2;0;95;95m[48;2;215;255;255m+         "delete": [Function],
[38;2;0;95;95m[48;2;215;255;255m+         "directive": [Function],
[38;2;0;95;95m[48;2;215;255;255m+         "directives": Object {},
[38;2;0;95;95m[48;2;215;255;255m+         "extend": [Function],
[38;2;0;95;95m[48;2;215;255;255m+         "extendOptions": Object {
[38;2;0;95;95m[48;2;215;255;255m+           "_Ctor": Object {
[38;2;0;95;95m[48;2;215;255;255m+             "0": [Function],
[38;2;0;95;95m[48;2;215;255;255m+           },
[38;2;0;95;95m[48;2;215;255;255m+         },
[38;2;0;95;95m[48;2;215;255;255m+         "filter": [Function],
[38;2;0;95;95m[48;2;215;255;255m+         "filters": Object {},
[38;2;0;95;95m[48;2;215;255;255m+         "methods": undefined,
[38;2;0;95;95m[48;2;215;255;255m+         "mixin": [Function],
[38;2;0;95;95m[48;2;215;255;255m+         "mocks": undefined,
[38;2;0;95;95m[48;2;215;255;255m+         "nextTick": [Function],
[38;2;0;95;95m[48;2;215;255;255m+         "observable": [Function],
[38;2;0;95;95m[48;2;215;255;255m+         "options": Object {
[38;2;0;95;95m[48;2;215;255;255m+           "_Ctor": Object {
[38;2;0;95;95m[48;2;215;255;255m+             "0": [Function],
[38;2;0;95;95m[48;2;215;255;255m+           },
[38;2;0;95;95m[48;2;215;255;255m+           "_base": [Function],
[38;2;0;95;95m[48;2;215;255;255m+           "beforeCreate": Array [
[38;2;0;95;95m[48;2;215;255;255m+             [Function],
[38;2;0;95;95m[48;2;215;255;255m+             [Function],
[38;2;0;95;95m[48;2;215;255;255m+           ],
[38;2;0;95;95m[48;2;215;255;255m+           "components": Object {
[38;2;0;95;95m[48;2;215;255;255m+             "BTooltip": [Function],
[38;2;0;95;95m[48;2;215;255;255m+           },
[38;2;0;95;95m[48;2;215;255;255m+           "directives": Object {
[38;2;0;95;95m[48;2;215;255;255m+             "BHover": Object {
[38;2;0;95;95m[48;2;215;255;255m+               "bind": [Function],
[38;2;0;95;95m[48;2;215;255;255m+               "componentUpdated": [Function],
[38;2;0;95;95m[48;2;215;255;255m+               "unbind": [Function],
[38;2;0;95;95m[48;2;215;255;255m+             },
[38;2;0;95;95m[48;2;215;255;255m+             "BModal": Object {
[38;2;0;95;95m[48;2;215;255;255m+               "componentUpdated": [Function],
[38;2;0;95;95m[48;2;215;255;255m+               "inserted": [Function],
[38;2;0;95;95m[48;2;215;255;255m+               "unbind": [Function],
[38;2;0;95;95m[48;2;215;255;255m+               "updated": [Function],
[38;2;0;95;95m[48;2;215;255;255m+             },
[38;2;0;95;95m[48;2;215;255;255m+             "BScrollspy": Object {
[38;2;0;95;95m[48;2;215;255;255m+               "bind": [Function],
[38;2;0;95;95m[48;2;215;255;255m+               "componentUpdated": [Function],
[38;2;0;95;95m[48;2;215;255;255m+               "inserted": [Function],
[38;2;0;95;95m[48;2;215;255;255m+               "unbind": [Function],
[38;2;0;95;95m[48;2;215;255;255m+               "update": [Function],
[38;2;0;95;95m[48;2;215;255;255m+             },
[38;2;0;95;95m[48;2;215;255;255m+             "BTooltip": Object {
[38;2;0;95;95m[48;2;215;255;255m+               "bind": [Function],
[38;2;0;95;95m[48;2;215;255;255m+               "componentUpdated": [Function],
[38;2;0;95;95m[48;2;215;255;255m+               "unbind": [Function],
[38;2;0;95;95m[48;2;215;255;255m+             },
[38;2;0;95;95m[48;2;215;255;255m+             "BVisible": Object {
[38;2;0;95;95m[48;2;215;255;255m+               "bind": [Function],
[38;2;0;95;95m[48;2;215;255;255m+               "componentUpdated": [Function],
[38;2;0;95;95m[48;2;215;255;255m+               "unbind": [Function],
[38;2;0;95;95m[48;2;215;255;255m+             },
[38;2;0;95;95m[48;2;215;255;255m+           },
[38;2;0;95;95m[48;2;215;255;255m+           "filters": Object {},
[38;2;0;95;95m[48;2;215;255;255m+         },
[38;2;0;95;95m[48;2;215;255;255m+         "provide": [Function],
[38;2;0;95;95m[48;2;215;255;255m+         "render": [Function],
[38;2;0;95;95m[48;2;215;255;255m+         "sealedOptions": Object {
[38;2;0;95;95m[48;2;215;255;255m+           "_Ctor": Object {
[38;2;0;95;95m[48;2;215;255;255m+             "0": [Function],
[38;2;0;95;95m[48;2;215;255;255m+           },
[38;2;0;95;95m[48;2;215;255;255m+           "_base": [Function],
[38;2;0;95;95m[48;2;215;255;255m+           "components": Object {
[38;2;0;95;95m[48;2;215;255;255m+             "BAlert": [Function],
[38;2;0;95;95m[48;2;215;255;255m+             "BAspect": [Function],
[38;2;0;95;95m[48;2;215;255;255m+             "BAvatar": [Function],
[38;2;0;95;95m[48;2;215;255;255m+             "BAvatarGroup": [Function],
[38;2;0;95;95m[48;2;215;255;255m+             "BBadge": [Function],
[38;2;0;95;95m[48;2;215;255;255m+             "BBreadcrumb": [Function],
[38;2;0;95;95m[48;2;215;255;255m+             "BBreadcrumbItem": [Function],
[38;2;0;95;95m[48;2;215;255;255m+             "BBreadcrumbLink": [Function],
[38;2;0;95;95m[48;2;215;255;255m+             "BBtn": [Function],
[38;2;0;95;95m[48;2;215;255;255m+             "BBtnClose": [Function],
[38;2;0;95;95m[48;2;215;255;255m+             "BBtnGroup": [Function],
[38;2;0;95;95m[48;2;215;255;255m+             "BBtnToolbar": [Function],
[38;2;0;95;95m[48;2;215;255;255m+             "BButton": [Function],
[38;2;0;95;95m[48;2;215;255;255m+             "BButtonClose": [Function],
[38;2;0;95;95m[48;2;215;255;255m+             "BButtonGroup": [Function],
[38;2;0;95;95m[48;2;215;255;255m+             "BButtonToolbar": [Function],
[38;2;0;95;95m[48;2;215;255;255m+             "BCalendar": [Function],
[38;2;0;95;95m[48;2;215;255;255m+             "BCard": [Function],
[38;2;0;95;95m[48;2;215;255;255m+             "BCardBody": [Function],
[38;2;0;95;95m[48;2;215;255;255m+             "BCardFooter": [Function],
[38;2;0;95;95m[48;2;215;255;255m+             "BCardGroup": [Function],
[38;2;0;95;95m[48;2;215;255;255m+             "BCardHeader": [Function],
[38;2;0;95;95m[48;2;215;255;255m+             "BCardImg": [Function],
[38;2;0;95;95m[48;2;215;255;255m+             "BCardImgLazy": [Function],
[38;2;0;95;95m[48;2;215;255;255m+             "BCardSubTitle": [Function],
[38;2;0;95;95m[48;2;215;255;255m+             "BCardText": [Function],
[38;2;0;95;95m[48;2;215;255;255m+             "BCardTitle": [Function],
[38;2;0;95;95m[48;2;215;255;255m+             "BCarousel": [Function],
[38;2;0;95;95m[48;2;215;255;255m+             "BCarouselSlide": [Function],
[38;2;0;95;95m[48;2;215;255;255m+             "BCheck": [Function],
[38;2;0;95;95m[48;2;215;255;255m+             "BCheckGroup": [Function],
[38;2;0;95;95m[48;2;215;255;255m+             "BCheckbox": [Function],
[38;2;0;95;95m[48;2;215;255;255m+             "BCheckboxGroup": [Function],
[38;2;0;95;95m[48;2;215;255;255m+             "BCol": [Function],
[38;2;0;95;95m[48;2;215;255;255m+             "BCollapse": [Function],
[38;2;0;95;95m[48;2;215;255;255m+             "BContainer": [Function],
[38;2;0;95;95m[48;2;215;255;255m+             "BDatalist": [Function],
[38;2;0;95;95m[48;2;215;255;255m+             "BDatepicker": [Function],
[38;2;0;95;95m[48;2;215;255;255m+             "BDd": [Function],
[38;2;0;95;95m[48;2;215;255;255m+             "BDdDivider": [Function],
[38;2;0;95;95m[48;2;215;255;255m+             "BDdForm": [Function],
[38;2;0;95;95m[48;2;215;255;255m+             "BDdGroup": [Function],
[38;2;0;95;95m[48;2;215;255;255m+             "BDdHeader": [Function],
[38;2;0;95;95m[48;2;215;255;255m+             "BDdItem": [Function],
[38;2;0;95;95m[48;2;215;255;255m+             "BDdItemBtn": [Function],
[38;2;0;95;95m[48;2;215;255;255m+             "BDdItemButton": [Function],
[38;2;0;95;95m[48;2;215;255;255m+             "BDdText": [Function],
[38;2;0;95;95m[48;2;215;255;255m+             "BDropdown": [Function],
[38;2;0;95;95m[48;2;215;255;255m+             "BDropdownDivider": [Function],
[38;2;0;95;95m[48;2;215;255;255m+             "BDropdownForm": [Function],
[38;2;0;95;95m[48;2;215;255;255m+             "BDropdownGroup": [Function],
[38;2;0;95;95m[48;2;215;255;255m+             "BDropdownHeader": [Function],
[38;2;0;95;95m[48;2;215;255;255m+             "BDropdownItem": [Function],
[38;2;0;95;95m[48;2;215;255;255m+             "BDropdownItemBtn": [Function],
[38;2;0;95;95m[48;2;215;255;255m+             "BDropdownItemButton": [Function],
[38;2;0;95;95m[48;2;215;255;255m+             "BDropdownText": [Function],
[38;2;0;95;95m[48;2;215;255;255m+             "BEmbed": [Function],
[38;2;0;95;95m[48;2;215;255;255m+             "BFile": [Function],
[38;2;0;95;95m[48;2;215;255;255m+             "BForm": [Function],
[38;2;0;95;95m[48;2;215;255;255m+             "BFormCheckbox": [Function],
[38;2;0;95;95m[48;2;215;255;255m+             "BFormCheckboxGroup": [Function],
[38;2;0;95;95m[48;2;215;255;255m+             "BFormDatalist": [Function],
[38;2;0;95;95m[48;2;215;255;255m+             "BFormDatepicker": [Function],
[38;2;0;95;95m[48;2;215;255;255m+             "BFormFeedback": [Function],
[38;2;0;95;95m[48;2;215;255;255m+             "BFormFieldset": [Function],
[38;2;0;95;95m[48;2;215;255;255m+             "BFormFile": [Function],
[38;2;0;95;95m[48;2;215;255;255m+             "BFormGroup": [Function],
[38;2;0;95;95m[48;2;215;255;255m+             "BFormInput": [Function],
[38;2;0;95;95m[48;2;215;255;255m+             "BFormInvalidFeedback": [Function],
[38;2;0;95;95m[48;2;215;255;255m+             "BFormRadio": [Function],
[38;2;0;95;95m[48;2;215;255;255m+             "BFormRadioGroup": [Function],
[38;2;0;95;95m[48;2;215;255;255m+             "BFormRating": [Function],
[38;2;0;95;95m[48;2;215;255;255m+             "BFormRow": [Function],
[38;2;0;95;95m[48;2;215;255;255m+             "BFormSelect": [Function],
[38;2;0;95;95m[48;2;215;255;255m+             "BFormSelectOption": [Function],
[38;2;0;95;95m[48;2;215;255;255m+             "BFormSelectOptionGroup": [Function],
[38;2;0;95;95m[48;2;215;255;255m+             "BFormSpinbutton": [Function],
[38;2;0;95;95m[48;2;215;255;255m+             "BFormTag": [Function],
[38;2;0;95;95m[48;2;215;255;255m+             "BFormTags": [Function],
[38;2;0;95;95m[48;2;215;255;255m+             "BFormText": [Function],
[38;2;0;95;95m[48;2;215;255;255m+             "BFormTextarea": [Function],
[38;2;0;95;95m[48;2;215;255;255m+             "BFormTimepicker": [Function],
[38;2;0;95;95m[48;2;215;255;255m+             "BFormValidFeedback": [Function],
[38;2;0;95;95m[48;2;215;255;255m+             "BImg": [Function],
[38;2;0;95;95m[48;2;215;255;255m+             "BImgLazy": [Function],
[38;2;0;95;95m[48;2;215;255;255m+             "BInput": [Function],
[38;2;0;95;95m[48;2;215;255;255m+             "BInputGroup": [Function],
[38;2;0;95;95m[48;2;215;255;255m+             "BInputGroupAddon": [Function],
[38;2;0;95;95m[48;2;215;255;255m+             "BInputGroupAppend": [Function],
[38;2;0;95;95m[48;2;215;255;255m+             "BInputGroupPrepend": [Function],
[38;2;0;95;95m[48;2;215;255;255m+             "BInputGroupText": [Function],
[38;2;0;95;95m[48;2;215;255;255m+             "BJumbotron": [Function],
[38;2;0;95;95m[48;2;215;255;255m+             "BLink": [Function],
[38;2;0;95;95m[48;2;215;255;255m+             "BListGroup": [Function],
[38;2;0;95;95m[48;2;215;255;255m+             "BListGroupItem": [Function],
[38;2;0;95;95m[48;2;215;255;255m+             "BMedia": [Function],
[38;2;0;95;95m[48;2;215;255;255m+             "BMediaAside": [Function],
[38;2;0;95;95m[48;2;215;255;255m+             "BMediaBody": [Function],
[38;2;0;95;95m[48;2;215;255;255m+             "BModal": [Function],
[38;2;0;95;95m[48;2;215;255;255m+             "BRadio": [Function],
[38;2;0;95;95m[48;2;215;255;255m+             "BRadioGroup": [Function],
[38;2;0;95;95m[48;2;215;255;255m+             "BRating": [Function],
[38;2;0;95;95m[48;2;215;255;255m+             "BRow": [Function],
[38;2;0;95;95m[48;2;215;255;255m+             "BSelect": [Function],
[38;2;0;95;95m[48;2;215;255;255m+             "BSelectOption": [Function],
[38;2;0;95;95m[48;2;215;255;255m+             "BSelectOptionGroup": [Function],
[38;2;0;95;95m[48;2;215;255;255m+             "BSpinbutton": [Function],
[38;2;0;95;95m[48;2;215;255;255m+             "BTag": [Function],
[38;2;0;95;95m[48;2;215;255;255m+             "BTags": [Function],
[38;2;0;95;95m[48;2;215;255;255m+             "BTextarea": [Function],
[38;2;0;95;95m[48;2;215;255;255m+             "BTimepicker": [Function],
[38;2;0;95;95m[48;2;215;255;255m+           },
[38;2;0;95;95m[48;2;215;255;255m+           "directives": Object {
[38;2;0;95;95m[48;2;215;255;255m+             "BModal": Object {
[38;2;0;95;95m[48;2;215;255;255m+               "componentUpdated": [Function],
[38;2;0;95;95m[48;2;215;255;255m+               "inserted": [Function],
[38;2;0;95;95m[48;2;215;255;255m+               "unbind": [Function],
[38;2;0;95;95m[48;2;215;255;255m+               "updated": [Function],
[38;2;0;95;95m[48;2;215;255;255m+             },
[38;2;0;95;95m[48;2;215;255;255m+             "BToggle": Object {
[38;2;0;95;95m[48;2;215;255;255m+               "bind": [Function],
[38;2;0;95;95m[48;2;215;255;255m+               "componentUpdated": [Function],
[38;2;0;95;95m[48;2;215;255;255m+               "unbind": [Function],
[38;2;0;95;95m[48;2;215;255;255m+               "updated": [Function],
[38;2;0;95;95m[48;2;215;255;255m+             },
[38;2;0;95;95m[48;2;215;255;255m+           },
[38;2;0;95;95m[48;2;215;255;255m+           "filters": Object {},
[38;2;0;95;95m[48;2;215;255;255m+         },
[38;2;0;95;95m[48;2;215;255;255m+         "set": [Function],
[38;2;0;95;95m[48;2;215;255;255m+         "shouldProxy": true,
[38;2;0;95;95m[48;2;215;255;255m+         "stubs": Object {
[38;2;0;95;95m[48;2;215;255;255m+           "transition": true,
[38;2;0;95;95m[48;2;215;255;255m+           "transition-group": true,
[38;2;0;95;95m[48;2;215;255;255m+         },
[38;2;0;95;95m[48;2;215;255;255m+         "super": [Function],
[38;2;0;95;95m[48;2;215;255;255m+         "superOptions": Object {
[38;2;0;95;95m[48;2;215;255;255m+           "_base": [Function],
[38;2;0;95;95m[48;2;215;255;255m+           "components": Object {
[38;2;0;95;95m[48;2;215;255;255m+             "KeepAlive": Object {
[38;2;0;95;95m[48;2;215;255;255m+               "abstract": true,
[38;2;0;95;95m[48;2;215;255;255m+               "created": [Function],
[38;2;0;95;95m[48;2;215;255;255m+               "destroyed": [Function],
[38;2;0;95;95m[48;2;215;255;255m+               "methods": Object {
[38;2;0;95;95m[48;2;215;255;255m+                 "cacheVNode": [Function],
[38;2;0;95;95m[48;2;215;255;255m+               },
[38;2;0;95;95m[48;2;215;255;255m+               "mounted": [Function],
[38;2;0;95;95m[48;2;215;255;255m+               "name": "keep-alive",
[38;2;0;95;95m[48;2;215;255;255m+               "props": Object {
[38;2;0;95;95m[48;2;215;255;255m+                 "exclude": Array [
[38;2;0;95;95m[48;2;215;255;255m+                   [Function],
[38;2;0;95;95m[48;2;215;255;255m+                   [Function],
[38;2;0;95;95m[48;2;215;255;255m+                   [Function],
[38;2;0;95;95m[48;2;215;255;255m+                 ],
[38;2;0;95;95m[48;2;215;255;255m+                 "include": Array [
[38;2;0;95;95m[48;2;215;255;255m+                   [Function],
[38;2;0;95;95m[48;2;215;255;255m+                   [Function],
[38;2;0;95;95m[48;2;215;255;255m+                   [Function],
[38;2;0;95;95m[48;2;215;255;255m+                 ],
[38;2;0;95;95m[48;2;215;255;255m+                 "max": Array [
[38;2;0;95;95m[48;2;215;255;255m+                   [Function],
[38;2;0;95;95m[48;2;215;255;255m+                   [Function],
[38;2;0;95;95m[48;2;215;255;255m+                 ],
[38;2;0;95;95m[48;2;215;255;255m+               },
[38;2;0;95;95m[48;2;215;255;255m+               "render": [Function],
[38;2;0;95;95m[48;2;215;255;255m+               "updated": [Function],
[38;2;0;95;95m[48;2;215;255;255m+             },
[38;2;0;95;95m[48;2;215;255;255m+             "Transition": Object {
[38;2;0;95;95m[48;2;215;255;255m+               "_Ctor": Object {
[38;2;0;95;95m[48;2;215;255;255m+                 "1404": [Function],
[38;2;0;95;95m[48;2;215;255;255m+               },
[38;2;0;95;95m[48;2;215;255;255m+               "abstract": true,
[38;2;0;95;95m[48;2;215;255;255m+               "name": "transition",
[38;2;0;95;95m[48;2;215;255;255m+               "props": Object {
[38;2;0;95;95m[48;2;215;255;255m+                 "appear": Object {
[38;2;0;95;95m[48;2;215;255;255m+                   "type": [Function],
[38;2;0;95;95m[48;2;215;255;255m+                 },
[38;2;0;95;95m[48;2;215;255;255m+                 "appearActiveClass": Object {
[38;2;0;95;95m[48;2;215;255;255m+                   "type": [Function],
[38;2;0;95;95m[48;2;215;255;255m+                 },
[38;2;0;95;95m[48;2;215;255;255m+                 "appearClass": Object {
[38;2;0;95;95m[48;2;215;255;255m+                   "type": [Function],
[38;2;0;95;95m[48;2;215;255;255m+                 },
[38;2;0;95;95m[48;2;215;255;255m+                 "appearToClass": Object {
[38;2;0;95;95m[48;2;215;255;255m+                   "type": [Function],
[38;2;0;95;95m[48;2;215;255;255m+                 },
[38;2;0;95;95m[48;2;215;255;255m+                 "css": Object {
[38;2;0;95;95m[48;2;215;255;255m+                   "type": [Function],
[38;2;0;95;95m[48;2;215;255;255m+                 },
[38;2;0;95;95m[48;2;215;255;255m+                 "duration": Object {
[38;2;0;95;95m[48;2;215;255;255m+                   "type": Array [
[38;2;0;95;95m[48;2;215;255;255m+                     [Function],
[38;2;0;95;95m[48;2;215;255;255m+                     [Function],
[38;2;0;95;95m[48;2;215;255;255m+                     [Function],
[38;2;0;95;95m[48;2;215;255;255m+                   ],
[38;2;0;95;95m[48;2;215;255;255m+                 },
[38;2;0;95;95m[48;2;215;255;255m+                 "enterActiveClass": Object {
[38;2;0;95;95m[48;2;215;255;255m+                   "type": [Function],
[38;2;0;95;95m[48;2;215;255;255m+                 },
[38;2;0;95;95m[48;2;215;255;255m+                 "enterClass": Object {
[38;2;0;95;95m[48;2;215;255;255m+                   "type": [Function],
[38;2;0;95;95m[48;2;215;255;255m+                 },
[38;2;0;95;95m[48;2;215;255;255m+                 "enterToClass": Object {
[38;2;0;95;95m[48;2;215;255;255m+                   "type": [Function],
[38;2;0;95;95m[48;2;215;255;255m+                 },
[38;2;0;95;95m[48;2;215;255;255m+                 "leaveActiveClass": Object {
[38;2;0;95;95m[48;2;215;255;255m+                   "type": [Function],
[38;2;0;95;95m[48;2;215;255;255m+                 },
[38;2;0;95;95m[48;2;215;255;255m+                 "leaveClass": Object {
[38;2;0;95;95m[48;2;215;255;255m+                   "type": [Function],
[38;2;0;95;95m[48;2;215;255;255m+                 },
[38;2;0;95;95m[48;2;215;255;255m+                 "leaveToClass": Object {
[38;2;0;95;95m[48;2;215;255;255m+                   "type": [Function],
[38;2;0;95;95m[48;2;215;255;255m+                 },
[38;2;0;95;95m[48;2;215;255;255m+                 "mode": Object {
[38;2;0;95;95m[48;2;215;255;255m+                   "type": [Function],
[38;2;0;95;95m[48;2;215;255;255m+                 },
[38;2;0;95;95m[48;2;215;255;255m+                 "name": Object {
[38;2;0;95;95m[48;2;215;255;255m+                   "type": [Function],
[38;2;0;95;95m[48;2;215;255;255m+                 },
[38;2;0;95;95m[48;2;215;255;255m+                 "type": Object {
[38;2;0;95;95m[48;2;215;255;255m+                   "type": [Function],
[38;2;0;95;95m[48;2;215;255;255m+                 },
[38;2;0;95;95m[48;2;215;255;255m+               },
[38;2;0;95;95m[48;2;215;255;255m+               "render": [Function],
[38;2;0;95;95m[48;2;215;255;255m+             },
[38;2;0;95;95m[48;2;215;255;255m+             "TransitionGroup": Object {
[38;2;0;95;95m[48;2;215;255;255m+               "_Ctor": Object {
[38;2;0;95;95m[48;2;215;255;255m+                 "1404": [Function],
[38;2;0;95;95m[48;2;215;255;255m+               },
[38;2;0;95;95m[48;2;215;255;255m+               "beforeMount": [Function],
[38;2;0;95;95m[48;2;215;255;255m+               "methods": Object {
[38;2;0;95;95m[48;2;215;255;255m+                 "hasMove": [Function],
[38;2;0;95;95m[48;2;215;255;255m+               },
[38;2;0;95;95m[48;2;215;255;255m+               "props": Object {
[38;2;0;95;95m[48;2;215;255;255m+                 "appear": Object {
[38;2;0;95;95m[48;2;215;255;255m+                   "type": [Function],
[38;2;0;95;95m[48;2;215;255;255m+                 },
[38;2;0;95;95m[48;2;215;255;255m+                 "appearActiveClass": Object {
[38;2;0;95;95m[48;2;215;255;255m+                   "type": [Function],
[38;2;0;95;95m[48;2;215;255;255m+                 },
[38;2;0;95;95m[48;2;215;255;255m+                 "appearClass": Object {
[38;2;0;95;95m[48;2;215;255;255m+                   "type": [Function],
[38;2;0;95;95m[48;2;215;255;255m+                 },
[38;2;0;95;95m[48;2;215;255;255m+                 "appearToClass": Object {
[38;2;0;95;95m[48;2;215;255;255m+                   "type": [Function],
[38;2;0;95;95m[48;2;215;255;255m+                 },
[38;2;0;95;95m[48;2;215;255;255m+                 "css": Object {
[38;2;0;95;95m[48;2;215;255;255m+                   "type": [Function],
[38;2;0;95;95m[48;2;215;255;255m+                 },
[38;2;0;95;95m[48;2;215;255;255m+                 "duration": Object {
[38;2;0;95;95m[48;2;215;255;255m+                   "type": Array [
[38;2;0;95;95m[48;2;215;255;255m+                     [Function],
[38;2;0;95;95m[48;2;215;255;255m+                     [Function],
[38;2;0;95;95m[48;2;215;255;255m+                     [Function],
[38;2;0;95;95m[48;2;215;255;255m+                   ],
[38;2;0;95;95m[48;2;215;255;255m+                 },
[38;2;0;95;95m[48;2;215;255;255m+                 "enterActiveClass": Object {
[38;2;0;95;95m[48;2;215;255;255m+                   "type": [Function],
[38;2;0;95;95m[48;2;215;255;255m+                 },
[38;2;0;95;95m[48;2;215;255;255m+                 "enterClass": Object {
[38;2;0;95;95m[48;2;215;255;255m+                   "type": [Function],
[38;2;0;95;95m[48;2;215;255;255m+                 },
[38;2;0;95;95m[48;2;215;255;255m+                 "enterToClass": Object {
[38;2;0;95;95m[48;2;215;255;255m+                   "type": [Function],
[38;2;0;95;95m[48;2;215;255;255m+                 },
[38;2;0;95;95m[48;2;215;255;255m+                 "leaveActiveClass": Object {
[38;2;0;95;95m[48;2;215;255;255m+                   "type": [Function],
[38;2;0;95;95m[48;2;215;255;255m+                 },
[38;2;0;95;95m[48;2;215;255;255m+                 "leaveClass": Object {
[38;2;0;95;95m[48;2;215;255;255m+                   "type": [Function],
[38;2;0;95;95m[48;2;215;255;255m+                 },
[38;2;0;95;95m[48;2;215;255;255m+                 "leaveToClass": Object {
[38;2;0;95;95m[48;2;215;255;255m+                   "type": [Function],
[38;2;0;95;95m[48;2;215;255;255m+                 },
[38;2;0;95;95m[48;2;215;255;255m+                 "moveClass": Object {
[38;2;0;95;95m[48;2;215;255;255m+                   "type": [Function],
[38;2;0;95;95m[48;2;215;255;255m+                 },
[38;2;0;95;95m[48;2;215;255;255m+                 "name": Object {
[38;2;0;95;95m[48;2;215;255;255m+                   "type": [Function],
[38;2;0;95;95m[48;2;215;255;255m+                 },
[38;2;0;95;95m[48;2;215;255;255m+                 "tag": Object {
[38;2;0;95;95m[48;2;215;255;255m+                   "type": [Function],
[38;2;0;95;95m[48;2;215;255;255m+                 },
[38;2;0;95;95m[48;2;215;255;255m+                 "type": Object {
[38;2;0;95;95m[48;2;215;255;255m+                   "type": [Function],
[38;2;0;95;95m[48;2;215;255;255m+                 },
[38;2;0;95;95m[48;2;215;255;255m+               },
[38;2;0;95;95m[48;2;215;255;255m+               "render": [Function],
[38;2;0;95;95m[48;2;215;255;255m+               "updated": [Function],
[38;2;0;95;95m[48;2;215;255;255m+             },
[38;2;0;95;95m[48;2;215;255;255m+           },
[38;2;0;95;95m[48;2;215;255;255m+           "directives": Object {
[38;2;0;95;95m[48;2;215;255;255m+             "model": Object {
[38;2;0;95;95m[48;2;215;255;255m+               "componentUpdated": [Function],
[38;2;0;95;95m[48;2;215;255;255m+               "inserted": [Function],
[38;2;0;95;95m[48;2;215;255;255m+             },
[38;2;0;95;95m[48;2;215;255;255m+             "show": Object {
[38;2;0;95;95m[48;2;215;255;255m+               "bind": [Function],
[38;2;0;95;95m[48;2;215;255;255m+               "unbind": [Function],
[38;2;0;95;95m[48;2;215;255;255m+               "update": [Function],
[38;2;0;95;95m[48;2;215;255;255m+             },
[38;2;0;95;95m[48;2;215;255;255m+           },
[38;2;0;95;95m[48;2;215;255;255m+           "filters": Object {},
[38;2;0;95;95m[48;2;215;255;255m+         },
[38;2;0;95;95m[48;2;215;255;255m+         "use": [Function],
[38;2;0;95;95m[48;2;215;255;255m+         "util": Object {
[38;2;0;95;95m[48;2;215;255;255m+           "defineReactive": [Function],
[38;2;0;95;95m[48;2;215;255;255m+           "extend": [Function],
[38;2;0;95;95m[48;2;215;255;255m+           "mergeOptions": [Function],
[38;2;0;95;95m[48;2;215;255;255m+           "warn": [Function],
[38;2;0;95;95m[48;2;215;255;255m+         },
[38;2;0;95;95m[48;2;215;255;255m+         "version": "2.6.14",
[38;2;0;95;95m[48;2;215;255;255m+       },
[38;2;0;95;95m[48;2;215;255;255m+       "$parent": undefined,
[38;2;0;95;95m[48;2;215;255;255m+       "$refs": Object {},
[38;2;0;95;95m[48;2;215;255;255m+       "$root": [Circular],
[38;2;0;95;95m[48;2;215;255;255m+       "$scopedSlots": Object {},
[38;2;0;95;95m[48;2;215;255;255m+       "$slots": Object {},
[38;2;0;95;95m[48;2;215;255;255m+       "$vnode": undefined,
[38;2;0;95;95m[48;2;215;255;255m+       "__emitted": Object {},
[38;2;0;95;95m[48;2;215;255;255m+       "__emittedByOrder": Array [],
[38;2;0;95;95m[48;2;215;255;255m+       "_c": [Function],
[38;2;0;95;95m[48;2;215;255;255m+       "_data": Object {
[38;2;0;95;95m[48;2;215;255;255m+         "vueTestUtils_childProps": Object {},
[38;2;0;95;95m[48;2;215;255;255m+       },
[38;2;0;95;95m[48;2;215;255;255m+       "_directInactive": false,
[38;2;0;95;95m[48;2;215;255;255m+       "_events": Object {},
[38;2;0;95;95m[48;2;215;255;255m+       "_hasHookEvent": false,
[38;2;0;95;95m[48;2;215;255;255m+       "_inactive": null,
[38;2;0;95;95m[48;2;215;255;255m+       "_isBeingDestroyed": false,
[38;2;0;95;95m[48;2;215;255;255m+       "_isDestroyed": false,
[38;2;0;95;95m[48;2;215;255;255m+       "_isMounted": true,
[38;2;0;95;95m[48;2;215;255;255m+       "_isVue": true,
[38;2;0;95;95m[48;2;215;255;255m+       "_provided": Object {},
[38;2;0;95;95m[48;2;215;255;255m+       "_renderProxy": VueComponent {
[38;2;0;95;95m[48;2;215;255;255m+         "$attrs": Object {},
[38;2;0;95;95m[48;2;215;255;255m+         "$children": Array [
[38;2;0;95;95m[48;2;215;255;255m+           [Circular],
[38;2;0;95;95m[48;2;215;255;255m+         ],
[38;2;0;95;95m[48;2;215;255;255m+         "$createElement": [Function],
[38;2;0;95;95m[48;2;215;255;255m+         "$el": <div>
[38;2;0;95;95m[48;2;215;255;255m+           <b-dropdown
[38;2;0;95;95m[48;2;215;255;255m+             no-caret=""
[38;2;0;95;95m[48;2;215;255;255m+             right=""
[38;2;0;95;95m[48;2;215;255;255m+             size="lg"
[38;2;0;95;95m[48;2;215;255;255m+             variant="link"
[38;2;0;95;95m[48;2;215;255;255m+           >
[38;2;0;95;95m[48;2;215;255;255m+              
[38;2;0;95;95m[48;2;215;255;255m+             <b-dropdown-item>
[38;2;0;95;95m[48;2;215;255;255m+               <b-icon
[38;2;0;95;95m[48;2;215;255;255m+                 icon="door-open"
[38;2;0;95;95m[48;2;215;255;255m+               />
[38;2;0;95;95m[48;2;215;255;255m+               
[38;2;0;95;95m[48;2;215;255;255m+       回到主页
[38;2;0;95;95m[48;2;215;255;255m+     
[38;2;0;95;95m[48;2;215;255;255m+             </b-dropdown-item>
[38;2;0;95;95m[48;2;215;255;255m+              
[38;2;0;95;95m[48;2;215;255;255m+             <b-dropdown-item>
[38;2;0;95;95m[48;2;215;255;255m+               <b-icon
[38;2;0;95;95m[48;2;215;255;255m+                 icon="cursor-fill"
[38;2;0;95;95m[48;2;215;255;255m+               />
[38;2;0;95;95m[48;2;215;255;255m+               
[38;2;0;95;95m[48;2;215;255;255m+       注销用户
[38;2;0;95;95m[48;2;215;255;255m+     
[38;2;0;95;95m[48;2;215;255;255m+             </b-dropdown-item>
[38;2;0;95;95m[48;2;215;255;255m+           </b-dropdown>
[38;2;0;95;95m[48;2;215;255;255m+         </div>,
[38;2;0;95;95m[48;2;215;255;255m+         "$emit": [Function],
[38;2;0;95;95m[48;2;215;255;255m+         "$listeners": Object {},
[38;2;0;95;95m[48;2;215;255;255m+         "$options": Object {
[38;2;0;95;95m[48;2;215;255;255m+           "$_doNotStubChildren": true,
[38;2;0;95;95m[48;2;215;255;255m+           "$_isWrapperParent": true,
[38;2;0;95;95m[48;2;215;255;255m+           "_Ctor": Object {
[38;2;0;95;95m[48;2;215;255;255m+             "1404": [Function],
[38;2;0;95;95m[48;2;215;255;255m+           },
[38;2;0;95;95m[48;2;215;255;255m+           "_base": [Function],
[38;2;0;95;95m[48;2;215;255;255m+           "_installedPlugins": Array [
[38;2;0;95;95m[48;2;215;255;255m+             Object {
[38;2;0;95;95m[48;2;215;255;255m+               "install": [Function],
[38;2;0;95;95m[48;2;215;255;255m+             },
[38;2;0;95;95m[48;2;215;255;255m+             Object {
[38;2;0;95;95m[48;2;215;255;255m+               "install": [Function],
[38;2;0;95;95m[48;2;215;255;255m+             },
[38;2;0;95;95m[48;2;215;255;255m+             Object {
[38;2;0;95;95m[48;2;215;255;255m+               "install": [Function],
[38;2;0;95;95m[48;2;215;255;255m+             },
[38;2;0;95;95m[48;2;215;255;255m+             Object {
[38;2;0;95;95m[48;2;215;255;255m+               "install": [Function],
[38;2;0;95;95m[48;2;215;255;255m+             },
[38;2;0;95;95m[48;2;215;255;255m+             Object {
[38;2;0;95;95m[48;2;215;255;255m+               "install": [Function],
[38;2;0;95;95m[48;2;215;255;255m+             },
[38;2;0;95;95m[48;2;215;255;255m+             Object {
[38;2;0;95;95m[48;2;215;255;255m+               "install": [Function],
[38;2;0;95;95m[48;2;215;255;255m+             },
[38;2;0;95;95m[48;2;215;255;255m+             Object {
[38;2;0;95;95m[48;2;215;255;255m+               "install": [Function],
[38;2;0;95;95m[48;2;215;255;255m+             },
[38;2;0;95;95m[48;2;215;255;255m+             Object {
[38;2;0;95;95m[48;2;215;255;255m+               "install": [Function],
[38;2;0;95;95m[48;2;215;255;255m+             },
[38;2;0;95;95m[48;2;215;255;255m+             Object {
[38;2;0;95;95m[48;2;215;255;255m+               "install": [Function],
[38;2;0;95;95m[48;2;215;255;255m+             },
[38;2;0;95;95m[48;2;215;255;255m+             Object {
[38;2;0;95;95m[48;2;215;255;255m+               "install": [Function],
[38;2;0;95;95m[48;2;215;255;255m+             },
[38;2;0;95;95m[48;2;215;255;255m+             Object {
[38;2;0;95;95m[48;2;215;255;255m+               "install": [Function],
[38;2;0;95;95m[48;2;215;255;255m+             },
[38;2;0;95;95m[48;2;215;255;255m+             Object {
[38;2;0;95;95m[48;2;215;255;255m+               "install": [Function],
[38;2;0;95;95m[48;2;215;255;255m+             },
[38;2;0;95;95m[48;2;215;255;255m+             Object {
[38;2;0;95;95m[48;2;215;255;255m+               "install": [Function],
[38;2;0;95;95m[48;2;215;255;255m+             },
[38;2;0;95;95m[48;2;215;255;255m+             Object {
[38;2;0;95;95m[48;2;215;255;255m+               "install": [Function],
[38;2;0;95;95m[48;2;215;255;255m+             },
[38;2;0;95;95m[48;2;215;255;255m+             Object {
[38;2;0;95;95m[48;2;215;255;255m+               "install": [Function],
[38;2;0;95;95m[48;2;215;255;255m+             },
[38;2;0;95;95m[48;2;215;255;255m+             Object {
[38;2;0;95;95m[48;2;215;255;255m+               "install": [Function],
[38;2;0;95;95m[48;2;215;255;255m+             },
[38;2;0;95;95m[48;2;215;255;255m+             Object {
[38;2;0;95;95m[48;2;215;255;255m+               "install": [Function],
[38;2;0;95;95m[48;2;215;255;255m+             },
[38;2;0;95;95m[48;2;215;255;255m+             Object {
[38;2;0;95;95m[48;2;215;255;255m+               "install": [Function],
[38;2;0;95;95m[48;2;215;255;255m+             },
[38;2;0;95;95m[48;2;215;255;255m+             Object {
[38;2;0;95;95m[48;2;215;255;255m+               "install": [Function],
[38;2;0;95;95m[48;2;215;255;255m+             },
[38;2;0;95;95m[48;2;215;255;255m+             Object {
[38;2;0;95;95m[48;2;215;255;255m+               "install": [Function],
[38;2;0;95;95m[48;2;215;255;255m+             },
[38;2;0;95;95m[48;2;215;255;255m+             Object {
[38;2;0;95;95m[48;2;215;255;255m+               "install": [Function],
[38;2;0;95;95m[48;2;215;255;255m+             },
[38;2;0;95;95m[48;2;215;255;255m+             Object {
[38;2;0;95;95m[48;2;215;255;255m+               "install": [Function],
[38;2;0;95;95m[48;2;215;255;255m+             },
[38;2;0;95;95m[48;2;215;255;255m+             Object {
[38;2;0;95;95m[48;2;215;255;255m+               "install": [Function],
[38;2;0;95;95m[48;2;215;255;255m+             },
[38;2;0;95;95m[48;2;215;255;255m+             Object {
[38;2;0;95;95m[48;2;215;255;255m+               "install": [Function],
[38;2;0;95;95m[48;2;215;255;255m+             },
[38;2;0;95;95m[48;2;215;255;255m+             Object {
[38;2;0;95;95m[48;2;215;255;255m+               "install": [Function],
[38;2;0;95;95m[48;2;215;255;255m+             },
[38;2;0;95;95m[48;2;215;255;255m+             Object {
[38;2;0;95;95m[48;2;215;255;255m+               "install": [Function],
[38;2;0;95;95m[48;2;215;255;255m+             },
[38;2;0;95;95m[48;2;215;255;255m+             Object {
[38;2;0;95;95m[48;2;215;255;255m+               "install": [Function],
[38;2;0;95;95m[48;2;215;255;255m+             },
[38;2;0;95;95m[48;2;215;255;255m+             Object {
[38;2;0;95;95m[48;2;215;255;255m+               "install": [Function],
[38;2;0;95;95m[48;2;215;255;255m+             },
[38;2;0;95;95m[48;2;215;255;255m+             Object {
[38;2;0;95;95m[48;2;215;255;255m+               "install": [Function],
[38;2;0;95;95m[48;2;215;255;255m+             },
[38;2;0;95;95m[48;2;215;255;255m+             Object {
[38;2;0;95;95m[48;2;215;255;255m+               "install": [Function],
[38;2;0;95;95m[48;2;215;255;255m+             },
[38;2;0;95;95m[48;2;215;255;255m+             Object {
[38;2;0;95;95m[48;2;215;255;255m+               "install": [Function],
[38;2;0;95;95m[48;2;215;255;255m+             },
[38;2;0;95;95m[48;2;215;255;255m+             Object {
[38;2;0;95;95m[48;2;215;255;255m+               "install": [Function],
[38;2;0;95;95m[48;2;215;255;255m+             },
[38;2;0;95;95m[48;2;215;255;255m+             Object {
[38;2;0;95;95m[48;2;215;255;255m+               "install": [Function],
[38;2;0;95;95m[48;2;215;255;255m+             },
[38;2;0;95;95m[48;2;215;255;255m+             Object {
[38;2;0;95;95m[48;2;215;255;255m+               "install": [Function],
[38;2;0;95;95m[48;2;215;255;255m+             },
[38;2;0;95;95m[48;2;215;255;255m+             Object {
[38;2;0;95;95m[48;2;215;255;255m+               "install": [Function],
[38;2;0;95;95m[48;2;215;255;255m+             },
[38;2;0;95;95m[48;2;215;255;255m+             [Function],
[38;2;0;95;95m[48;2;215;255;255m+             Object {
[38;2;0;95;95m[48;2;215;255;255m+               "install": [Function],
[38;2;0;95;95m[48;2;215;255;255m+             },
[38;2;0;95;95m[48;2;215;255;255m+             Object {
[38;2;0;95;95m[48;2;215;255;255m+               "install": [Function],
[38;2;0;95;95m[48;2;215;255;255m+             },
[38;2;0;95;95m[48;2;215;255;255m+             Object {
[38;2;0;95;95m[48;2;215;255;255m+               "install": [Function],
[38;2;0;95;95m[48;2;215;255;255m+             },
[38;2;0;95;95m[48;2;215;255;255m+             Object {
[38;2;0;95;95m[48;2;215;255;255m+               "install": [Function],
[38;2;0;95;95m[48;2;215;255;255m+             },
[38;2;0;95;95m[48;2;215;255;255m+             Object {
[38;2;0;95;95m[48;2;215;255;255m+               "install": [Function],
[38;2;0;95;95m[48;2;215;255;255m+             },
[38;2;0;95;95m[48;2;215;255;255m+             Object {
[38;2;0;95;95m[48;2;215;255;255m+               "install": [Function],
[38;2;0;95;95m[48;2;215;255;255m+             },
[38;2;0;95;95m[48;2;215;255;255m+             Object {
[38;2;0;95;95m[48;2;215;255;255m+               "install": [Function],
[38;2;0;95;95m[48;2;215;255;255m+             },
[38;2;0;95;95m[48;2;215;255;255m+             Object {
[38;2;0;95;95m[48;2;215;255;255m+               "install": [Function],
[38;2;0;95;95m[48;2;215;255;255m+             },
[38;2;0;95;95m[48;2;215;255;255m+             Object {
[38;2;0;95;95m[48;2;215;255;255m+               "install": [Function],
[38;2;0;95;95m[48;2;215;255;255m+             },
[38;2;0;95;95m[48;2;215;255;255m+             Object {
[38;2;0;95;95m[48;2;215;255;255m+               "install": [Function],
[38;2;0;95;95m[48;2;215;255;255m+             },
[38;2;0;95;95m[48;2;215;255;255m+             Object {
[38;2;0;95;95m[48;2;215;255;255m+               "install": [Function],
[38;2;0;95;95m[48;2;215;255;255m+             },
[38;2;0;95;95m[48;2;215;255;255m+             Object {
[38;2;0;95;95m[48;2;215;255;255m+               "install": [Function],
[38;2;0;95;95m[48;2;215;255;255m+             },
[38;2;0;95;95m[48;2;215;255;255m+             Object {
[38;2;0;95;95m[48;2;215;255;255m+               "install": [Function],
[38;2;0;95;95m[48;2;215;255;255m+             },
[38;2;0;95;95m[48;2;215;255;255m+             Object {
[38;2;0;95;95m[48;2;215;255;255m+               "install": [Function],
[38;2;0;95;95m[48;2;215;255;255m+             },
[38;2;0;95;95m[48;2;215;255;255m+             Object {
[38;2;0;95;95m[48;2;215;255;255m+               "install": [Function],
[38;2;0;95;95m[48;2;215;255;255m+             },
[38;2;0;95;95m[48;2;215;255;255m+             Object {
[38;2;0;95;95m[48;2;215;255;255m+               "install": [Function],
[38;2;0;95;95m[48;2;215;255;255m+             },
[38;2;0;95;95m[48;2;215;255;255m+             Object {
[38;2;0;95;95m[48;2;215;255;255m+               "install": [Function],
[38;2;0;95;95m[48;2;215;255;255m+             },
[38;2;0;95;95m[48;2;215;255;255m+             Object {
[38;2;0;95;95m[48;2;215;255;255m+               "install": [Function],
[38;2;0;95;95m[48;2;215;255;255m+             },
[38;2;0;95;95m[48;2;215;255;255m+             [Function],
[38;2;0;95;95m[48;2;215;255;255m+             Object {
[38;2;0;95;95m[48;2;215;255;255m+               "install": [Function],
[38;2;0;95;95m[48;2;215;255;255m+             },
[38;2;0;95;95m[48;2;215;255;255m+             Object {
[38;2;0;95;95m[48;2;215;255;255m+               "install": [Function],
[38;2;0;95;95m[48;2;215;255;255m+             },
[38;2;0;95;95m[48;2;215;255;255m+             Object {
[38;2;0;95;95m[48;2;215;255;255m+               "install": [Function],
[38;2;0;95;95m[48;2;215;255;255m+             },
[38;2;0;95;95m[48;2;215;255;255m+             Object {
[38;2;0;95;95m[48;2;215;255;255m+               "install": [Function],
[38;2;0;95;95m[48;2;215;255;255m+             },
[38;2;0;95;95m[48;2;215;255;255m+             Object {
[38;2;0;95;95m[48;2;215;255;255m+               "install": [Function],
[38;2;0;95;95m[48;2;215;255;255m+             },
[38;2;0;95;95m[48;2;215;255;255m+             Object {
[38;2;0;95;95m[48;2;215;255;255m+               "install": [Function],
[38;2;0;95;95m[48;2;215;255;255m+             },
[38;2;0;95;95m[48;2;215;255;255m+             Object {
[38;2;0;95;95m[48;2;215;255;255m+               "install": [Function],
[38;2;0;95;95m[48;2;215;255;255m+             },
[38;2;0;95;95m[48;2;215;255;255m+             Object {
[38;2;0;95;95m[48;2;215;255;255m+               "install": [Function],
[38;2;0;95;95m[48;2;215;255;255m+             },
[38;2;0;95;95m[48;2;215;255;255m+             Object {
[38;2;0;95;95m[48;2;215;255;255m+               "install": [Function],
[38;2;0;95;95m[48;2;215;255;255m+             },
[38;2;0;95;95m[48;2;215;255;255m+             Object {
[38;2;0;95;95m[48;2;215;255;255m+               "install": [Function],
[38;2;0;95;95m[48;2;215;255;255m+             },
[38;2;0;95;95m[48;2;215;255;255m+             Object {
[38;2;0;95;95m[48;2;215;255;255m+               "NAME": "BootstrapVue",
[38;2;0;95;95m[48;2;215;255;255m+               "install": [Function],
[38;2;0;95;95m[48;2;215;255;255m+             },
[38;2;0;95;95m[48;2;215;255;255m+           ],
[38;2;0;95;95m[48;2;215;255;255m+           "_isFunctionalContainer": undefined,
[38;2;0;95;95m[48;2;215;255;255m+           "beforeCreate": Array [
[38;2;0;95;95m[48;2;215;255;255m+             [Function],
[38;2;0;95;95m[48;2;215;255;255m+             [Function],
[38;2;0;95;95m[48;2;215;255;255m+             [Function],
[38;2;0;95;95m[48;2;215;255;255m+           ],
[38;2;0;95;95m[48;2;215;255;255m+           "cid": 1398,
[38;2;0;95;95m[48;2;215;255;255m+           "component": [Function],
[38;2;0;95;95m[48;2;215;255;255m+           "components": Object {
[38;2;0;95;95m[48;2;215;255;255m+             "transition": Object {
[38;2;0;95;95m[48;2;215;255;255m+               "$_doNotStubChildren": true,
[38;2;0;95;95m[48;2;215;255;255m+               "$_vueTestUtils_original": Object {
[38;2;0;95;95m[48;2;215;255;255m+                 "_Ctor": Object {
[38;2;0;95;95m[48;2;215;255;255m+                   "1404": [Function],
[38;2;0;95;95m[48;2;215;255;255m+                 },
[38;2;0;95;95m[48;2;215;255;255m+                 "abstract": true,
[38;2;0;95;95m[48;2;215;255;255m+                 "name": "transition",
[38;2;0;95;95m[48;2;215;255;255m+                 "props": Object {
[38;2;0;95;95m[48;2;215;255;255m+                   "appear": Object {
[38;2;0;95;95m[48;2;215;255;255m+                     "type": [Function],
[38;2;0;95;95m[48;2;215;255;255m+                   },
[38;2;0;95;95m[48;2;215;255;255m+                   "appearActiveClass": Object {
[38;2;0;95;95m[48;2;215;255;255m+                     "type": [Function],
[38;2;0;95;95m[48;2;215;255;255m+                   },
[38;2;0;95;95m[48;2;215;255;255m+                   "appearClass": Object {
[38;2;0;95;95m[48;2;215;255;255m+                     "type": [Function],
[38;2;0;95;95m[48;2;215;255;255m+                   },
[38;2;0;95;95m[48;2;215;255;255m+                   "appearToClass": Object {
[38;2;0;95;95m[48;2;215;255;255m+                     "type": [Function],
[38;2;0;95;95m[48;2;215;255;255m+                   },
[38;2;0;95;95m[48;2;215;255;255m+                   "css": Object {
[38;2;0;95;95m[48;2;215;255;255m+                     "type": [Function],
[38;2;0;95;95m[48;2;215;255;255m+                   },
[38;2;0;95;95m[48;2;215;255;255m+                   "duration": Object {
[38;2;0;95;95m[48;2;215;255;255m+                     "type": Array [
[38;2;0;95;95m[48;2;215;255;255m+                       [Function],
[38;2;0;95;95m[48;2;215;255;255m+                       [Function],
[38;2;0;95;95m[48;2;215;255;255m+                       [Function],
[38;2;0;95;95m[48;2;215;255;255m+                     ],
[38;2;0;95;95m[48;2;215;255;255m+                   },
[38;2;0;95;95m[48;2;215;255;255m+                   "enterActiveClass": Object {
[38;2;0;95;95m[48;2;215;255;255m+                     "type": [Function],
[38;2;0;95;95m[48;2;215;255;255m+                   },
[38;2;0;95;95m[48;2;215;255;255m+                   "enterClass": Object {
[38;2;0;95;95m[48;2;215;255;255m+                     "type": [Function],
[38;2;0;95;95m[48;2;215;255;255m+                   },
[38;2;0;95;95m[48;2;215;255;255m+                   "enterToClass": Object {
[38;2;0;95;95m[48;2;215;255;255m+                     "type": [Function],
[38;2;0;95;95m[48;2;215;255;255m+                   },
[38;2;0;95;95m[48;2;215;255;255m+                   "leaveActiveClass": Object {
[38;2;0;95;95m[48;2;215;255;255m+                     "type": [Function],
[38;2;0;95;95m[48;2;215;255;255m+                   },
[38;2;0;95;95m[48;2;215;255;255m+                   "leaveClass": Object {
[38;2;0;95;95m[48;2;215;255;255m+                     "type": [Function],
[38;2;0;95;95m[48;2;215;255;255m+                   },
[38;2;0;95;95m[48;2;215;255;255m+                   "leaveToClass": Object {
[38;2;0;95;95m[48;2;215;255;255m+                     "type": [Function],
[38;2;0;95;95m[48;2;215;255;255m+                   },
[38;2;0;95;95m[48;2;215;255;255m+                   "mode": Object {
[38;2;0;95;95m[48;2;215;255;255m+                     "type": [Function],
[38;2;0;95;95m[48;2;215;255;255m+                   },
[38;2;0;95;95m[48;2;215;255;255m+                   "name": Object {
[38;2;0;95;95m[48;2;215;255;255m+                     "type": [Function],
[38;2;0;95;95m[48;2;215;255;255m+                   },
[38;2;0;95;95m[48;2;215;255;255m+                   "type": Object {
[38;2;0;95;95m[48;2;215;255;255m+                     "type": [Function],
[38;2;0;95;95m[48;2;215;255;255m+                   },
[38;2;0;95;95m[48;2;215;255;255m+                 },
[38;2;0;95;95m[48;2;215;255;255m+                 "render": [Function],
[38;2;0;95;95m[48;2;215;255;255m+               },
[38;2;0;95;95m[48;2;215;255;255m+               "abstract": true,
[38;2;0;95;95m[48;2;215;255;255m+               "attrs": undefined,
[38;2;0;95;95m[48;2;215;255;255m+               "class": undefined,
[38;2;0;95;95m[48;2;215;255;255m+               "domProps": undefined,
[38;2;0;95;95m[48;2;215;255;255m+               "functional": undefined,
[38;2;0;95;95m[48;2;215;255;255m+               "key": undefined,
[38;2;0;95;95m[48;2;215;255;255m+               "model": undefined,
[38;2;0;95;95m[48;2;215;255;255m+               "name": "transition",
[38;2;0;95;95m[48;2;215;255;255m+               "nativeOn": undefined,
[38;2;0;95;95m[48;2;215;255;255m+               "normalizedStyle": undefined,
[38;2;0;95;95m[48;2;215;255;255m+               "on": undefined,
[38;2;0;95;95m[48;2;215;255;255m+               "props": Object {
[38;2;0;95;95m[48;2;215;255;255m+                 "appear": Object {
[38;2;0;95;95m[48;2;215;255;255m+                   "type": [Function],
[38;2;0;95;95m[48;2;215;255;255m+                 },
[38;2;0;95;95m[48;2;215;255;255m+                 "appearActiveClass": Object {
[38;2;0;95;95m[48;2;215;255;255m+                   "type": [Function],
[38;2;0;95;95m[48;2;215;255;255m+                 },
[38;2;0;95;95m[48;2;215;255;255m+                 "appearClass": Object {
[38;2;0;95;95m[48;2;215;255;255m+                   "type": [Function],
[38;2;0;95;95m[48;2;215;255;255m+                 },
[38;2;0;95;95m[48;2;215;255;255m+                 "appearToClass": Object {
[38;2;0;95;95m[48;2;215;255;255m+                   "type": [Function],
[38;2;0;95;95m[48;2;215;255;255m+                 },
[38;2;0;95;95m[48;2;215;255;255m+                 "css": Object {
[38;2;0;95;95m[48;2;215;255;255m+                   "type": [Function],
[38;2;0;95;95m[48;2;215;255;255m+                 },
[38;2;0;95;95m[48;2;215;255;255m+                 "duration": Object {
[38;2;0;95;95m[48;2;215;255;255m+                   "type": Array [
[38;2;0;95;95m[48;2;215;255;255m+                     [Function],
[38;2;0;95;95m[48;2;215;255;255m+                     [Function],
[38;2;0;95;95m[48;2;215;255;255m+                     [Function],
[38;2;0;95;95m[48;2;215;255;255m+                   ],
[38;2;0;95;95m[48;2;215;255;255m+                 },
[38;2;0;95;95m[48;2;215;255;255m+                 "enterActiveClass": Object {
[38;2;0;95;95m[48;2;215;255;255m+                   "type": [Function],
[38;2;0;95;95m[48;2;215;255;255m+                 },
[38;2;0;95;95m[48;2;215;255;255m+                 "enterClass": Object {
[38;2;0;95;95m[48;2;215;255;255m+                   "type": [Function],
[38;2;0;95;95m[48;2;215;255;255m+                 },
[38;2;0;95;95m[48;2;215;255;255m+                 "enterToClass": Object {
[38;2;0;95;95m[48;2;215;255;255m+                   "type": [Function],
[38;2;0;95;95m[48;2;215;255;255m+                 },
[38;2;0;95;95m[48;2;215;255;255m+                 "leaveActiveClass": Object {
[38;2;0;95;95m[48;2;215;255;255m+                   "type": [Function],
[38;2;0;95;95m[48;2;215;255;255m+                 },
[38;2;0;95;95m[48;2;215;255;255m+                 "leaveClass": Object {
[38;2;0;95;95m[48;2;215;255;255m+                   "type": [Function],
[38;2;0;95;95m[48;2;215;255;255m+                 },
[38;2;0;95;95m[48;2;215;255;255m+                 "leaveToClass": Object {
[38;2;0;95;95m[48;2;215;255;255m+                   "type": [Function],
[38;2;0;95;95m[48;2;215;255;255m+                 },
[38;2;0;95;95m[48;2;215;255;255m+                 "mode": Object {
[38;2;0;95;95m[48;2;215;255;255m+                   "type": [Function],
[38;2;0;95;95m[48;2;215;255;255m+                 },
[38;2;0;95;95m[48;2;215;255;255m+                 "name": Object {
[38;2;0;95;95m[48;2;215;255;255m+                   "type": [Function],
[38;2;0;95;95m[48;2;215;255;255m+                 },
[38;2;0;95;95m[48;2;215;255;255m+                 "type": Object {
[38;2;0;95;95m[48;2;215;255;255m+                   "type": [Function],
[38;2;0;95;95m[48;2;215;255;255m+                 },
[38;2;0;95;95m[48;2;215;255;255m+               },
[38;2;0;95;95m[48;2;215;255;255m+               "render": [Function],
[38;2;0;95;95m[48;2;215;255;255m+               "staticClass": undefined,
[38;2;0;95;95m[48;2;215;255;255m+               "staticStyle": undefined,
[38;2;0;95;95m[48;2;215;255;255m+               "style": undefined,
[38;2;0;95;95m[48;2;215;255;255m+             },
[38;2;0;95;95m[48;2;215;255;255m+             "transition-group": Object {
[38;2;0;95;95m[48;2;215;255;255m+               "$_doNotStubChildren": true,
[38;2;0;95;95m[48;2;215;255;255m+               "$_vueTestUtils_original": Object {
[38;2;0;95;95m[48;2;215;255;255m+                 "_Ctor": Object {
[38;2;0;95;95m[48;2;215;255;255m+                   "1404": [Function],
[38;2;0;95;95m[48;2;215;255;255m+                 },
[38;2;0;95;95m[48;2;215;255;255m+                 "beforeMount": [Function],
[38;2;0;95;95m[48;2;215;255;255m+                 "methods": Object {
[38;2;0;95;95m[48;2;215;255;255m+                   "hasMove": [Function],
[38;2;0;95;95m[48;2;215;255;255m+                 },
[38;2;0;95;95m[48;2;215;255;255m+                 "props": Object {
[38;2;0;95;95m[48;2;215;255;255m+                   "appear": Object {
[38;2;0;95;95m[48;2;215;255;255m+                     "type": [Function],
[38;2;0;95;95m[48;2;215;255;255m+                   },
[38;2;0;95;95m[48;2;215;255;255m+                   "appearActiveClass": Object {
[38;2;0;95;95m[48;2;215;255;255m+                     "type": [Function],
[38;2;0;95;95m[48;2;215;255;255m+                   },
[38;2;0;95;95m[48;2;215;255;255m+                   "appearClass": Object {
[38;2;0;95;95m[48;2;215;255;255m+                     "type": [Function],
[38;2;0;95;95m[48;2;215;255;255m+                   },
[38;2;0;95;95m[48;2;215;255;255m+                   "appearToClass": Object {
[38;2;0;95;95m[48;2;215;255;255m+                     "type": [Function],
[38;2;0;95;95m[48;2;215;255;255m+                   },
[38;2;0;95;95m[48;2;215;255;255m+                   "css": Object {
[38;2;0;95;95m[48;2;215;255;255m+                     "type": [Function],
[38;2;0;95;95m[48;2;215;255;255m+                   },
[38;2;0;95;95m[48;2;215;255;255m+                   "duration": Object {
[38;2;0;95;95m[48;2;215;255;255m+                     "type": Array [
[38;2;0;95;95m[48;2;215;255;255m+                       [Function],
[38;2;0;95;95m[48;2;215;255;255m+                       [Function],
[38;2;0;95;95m[48;2;215;255;255m+                       [Function],
[38;2;0;95;95m[48;2;215;255;255m+                     ],
[38;2;0;95;95m[48;2;215;255;255m+                   },
[38;2;0;95;95m[48;2;215;255;255m+                   "enterActiveClass": Object {
[38;2;0;95;95m[48;2;215;255;255m+                     "type": [Function],
[38;2;0;95;95m[48;2;215;255;255m+                   },
[38;2;0;95;95m[48;2;215;255;255m+                   "enterClass": Object {
[38;2;0;95;95m[48;2;215;255;255m+                     "type": [Function],
[38;2;0;95;95m[48;2;215;255;255m+                   },
[38;2;0;95;95m[48;2;215;255;255m+                   "enterToClass": Object {
[38;2;0;95;95m[48;2;215;255;255m+                     "type": [Function],
[38;2;0;95;95m[48;2;215;255;255m+                   },
[38;2;0;95;95m[48;2;215;255;255m+                   "leaveActiveClass": Object {
[38;2;0;95;95m[48;2;215;255;255m+                     "type": [Function],
[38;2;0;95;95m[48;2;215;255;255m+                   },
[38;2;0;95;95m[48;2;215;255;255m+                   "leaveClass": Object {
[38;2;0;95;95m[48;2;215;255;255m+                     "type": [Function],
[38;2;0;95;95m[48;2;215;255;255m+                   },
[38;2;0;95;95m[48;2;215;255;255m+                   "leaveToClass": Object {
[38;2;0;95;95m[48;2;215;255;255m+                     "type": [Function],
[38;2;0;95;95m[48;2;215;255;255m+                   },
[38;2;0;95;95m[48;2;215;255;255m+                   "moveClass": Object {
[38;2;0;95;95m[48;2;215;255;255m+                     "type": [Function],
[38;2;0;95;95m[48;2;215;255;255m+                   },
[38;2;0;95;95m[48;2;215;255;255m+                   "name": Object {
[38;2;0;95;95m[48;2;215;255;255m+                     "type": [Function],
[38;2;0;95;95m[48;2;215;255;255m+                   },
[38;2;0;95;95m[48;2;215;255;255m+                   "tag": Object {
[38;2;0;95;95m[48;2;215;255;255m+                     "type": [Function],
[38;2;0;95;95m[48;2;215;255;255m+                   },
[38;2;0;95;95m[48;2;215;255;255m+                   "type": Object {
[38;2;0;95;95m[48;2;215;255;255m+                     "type": [Function],
[38;2;0;95;95m[48;2;215;255;255m+                   },
[38;2;0;95;95m[48;2;215;255;255m+                 },
[38;2;0;95;95m[48;2;215;255;255m+                 "render": [Function],
[38;2;0;95;95m[48;2;215;255;255m+                 "updated": [Function],
[38;2;0;95;95m[48;2;215;255;255m+               },
[38;2;0;95;95m[48;2;215;255;255m+               "abstract": undefined,
[38;2;0;95;95m[48;2;215;255;255m+               "attrs": undefined,
[38;2;0;95;95m[48;2;215;255;255m+               "class": undefined,
[38;2;0;95;95m[48;2;215;255;255m+               "domProps": undefined,
[38;2;0;95;95m[48;2;215;255;255m+               "functional": undefined,
[38;2;0;95;95m[48;2;215;255;255m+               "key": undefined,
[38;2;0;95;95m[48;2;215;255;255m+               "model": undefined,
[38;2;0;95;95m[48;2;215;255;255m+               "name": undefined,
[38;2;0;95;95m[48;2;215;255;255m+               "nativeOn": undefined,
[38;2;0;95;95m[48;2;215;255;255m+               "normalizedStyle": undefined,
[38;2;0;95;95m[48;2;215;255;255m+               "on": undefined,
[38;2;0;95;95m[48;2;215;255;255m+               "props": Object {
[38;2;0;95;95m[48;2;215;255;255m+                 "appear": Object {
[38;2;0;95;95m[48;2;215;255;255m+                   "type": [Function],
[38;2;0;95;95m[48;2;215;255;255m+                 },
[38;2;0;95;95m[48;2;215;255;255m+                 "appearActiveClass": Object {
[38;2;0;95;95m[48;2;215;255;255m+                   "type": [Function],
[38;2;0;95;95m[48;2;215;255;255m+                 },
[38;2;0;95;95m[48;2;215;255;255m+                 "appearClass": Object {
[38;2;0;95;95m[48;2;215;255;255m+                   "type": [Function],
[38;2;0;95;95m[48;2;215;255;255m+                 },
[38;2;0;95;95m[48;2;215;255;255m+                 "appearToClass": Object {
[38;2;0;95;95m[48;2;215;255;255m+                   "type": [Function],
[38;2;0;95;95m[48;2;215;255;255m+                 },
[38;2;0;95;95m[48;2;215;255;255m+                 "css": Object {
[38;2;0;95;95m[48;2;215;255;255m+                   "type": [Function],
[38;2;0;95;95m[48;2;215;255;255m+                 },
[38;2;0;95;95m[48;2;215;255;255m+                 "duration": Object {
[38;2;0;95;95m[48;2;215;255;255m+                   "type": Array [
[38;2;0;95;95m[48;2;215;255;255m+                     [Function],
[38;2;0;95;95m[48;2;215;255;255m+                     [Function],
[38;2;0;95;95m[48;2;215;255;255m+                     [Function],
[38;2;0;95;95m[48;2;215;255;255m+                   ],
[38;2;0;95;95m[48;2;215;255;255m+                 },
[38;2;0;95;95m[48;2;215;255;255m+                 "enterActiveClass": Object {
[38;2;0;95;95m[48;2;215;255;255m+                   "type": [Function],
[38;2;0;95;95m[48;2;215;255;255m+                 },
[38;2;0;95;95m[48;2;215;255;255m+                 "enterClass": Object {
[38;2;0;95;95m[48;2;215;255;255m+                   "type": [Function],
[38;2;0;95;95m[48;2;215;255;255m+                 },
[38;2;0;95;95m[48;2;215;255;255m+                 "enterToClass": Object {
[38;2;0;95;95m[48;2;215;255;255m+                   "type": [Function],
[38;2;0;95;95m[48;2;215;255;255m+                 },
[38;2;0;95;95m[48;2;215;255;255m+                 "leaveActiveClass": Object {
[38;2;0;95;95m[48;2;215;255;255m+                   "type": [Function],
[38;2;0;95;95m[48;2;215;255;255m+                 },
[38;2;0;95;95m[48;2;215;255;255m+                 "leaveClass": Object {
[38;2;0;95;95m[48;2;215;255;255m+                   "type": [Function],
[38;2;0;95;95m[48;2;215;255;255m+                 },
[38;2;0;95;95m[48;2;215;255;255m+                 "leaveToClass": Object {
[38;2;0;95;95m[48;2;215;255;255m+                   "type": [Function],
[38;2;0;95;95m[48;2;215;255;255m+                 },
[38;2;0;95;95m[48;2;215;255;255m+                 "moveClass": Object {
[38;2;0;95;95m[48;2;215;255;255m+                   "type": [Function],
[38;2;0;95;95m[48;2;215;255;255m+                 },
[38;2;0;95;95m[48;2;215;255;255m+                 "name": Object {
[38;2;0;95;95m[48;2;215;255;255m+                   "type": [Function],
[38;2;0;95;95m[48;2;215;255;255m+                 },
[38;2;0;95;95m[48;2;215;255;255m+                 "tag": Object {
[38;2;0;95;95m[48;2;215;255;255m+                   "type": [Function],
[38;2;0;95;95m[48;2;215;255;255m+                 },
[38;2;0;95;95m[48;2;215;255;255m+                 "type": Object {
[38;2;0;95;95m[48;2;215;255;255m+                   "type": [Function],
[38;2;0;95;95m[48;2;215;255;255m+                 },
[38;2;0;95;95m[48;2;215;255;255m+               },
[38;2;0;95;95m[48;2;215;255;255m+               "render": [Function],
[38;2;0;95;95m[48;2;215;255;255m+               "staticClass": undefined,
[38;2;0;95;95m[48;2;215;255;255m+               "staticStyle": undefined,
[38;2;0;95;95m[48;2;215;255;255m+               "style": undefined,
[38;2;0;95;95m[48;2;215;255;255m+             },
[38;2;0;95;95m[48;2;215;255;255m+           },
[38;2;0;95;95m[48;2;215;255;255m+           "config": Object {
[38;2;0;95;95m[48;2;215;255;255m+             "_lifecycleHooks": Array [
[38;2;0;95;95m[48;2;215;255;255m+               "beforeCreate",
[38;2;0;95;95m[48;2;215;255;255m+               "created",
[38;2;0;95;95m[48;2;215;255;255m+               "beforeMount",
[38;2;0;95;95m[48;2;215;255;255m+               "mounted",
[38;2;0;95;95m[48;2;215;255;255m+               "beforeUpdate",
[38;2;0;95;95m[48;2;215;255;255m+               "updated",
[38;2;0;95;95m[48;2;215;255;255m+               "beforeDestroy",
[38;2;0;95;95m[48;2;215;255;255m+               "destroyed",
[38;2;0;95;95m[48;2;215;255;255m+               "activated",
[38;2;0;95;95m[48;2;215;255;255m+               "deactivated",
[38;2;0;95;95m[48;2;215;255;255m+               "errorCaptured",
[38;2;0;95;95m[48;2;215;255;255m+               "serverPrefetch",
[38;2;0;95;95m[48;2;215;255;255m+             ],
[38;2;0;95;95m[48;2;215;255;255m+             "async": true,
[38;2;0;95;95m[48;2;215;255;255m+             "devtools": false,
[38;2;0;95;95m[48;2;215;255;255m+             "errorHandler": undefined,
[38;2;0;95;95m[48;2;215;255;255m+             "getTagNamespace": [Function],
[38;2;0;95;95m[48;2;215;255;255m+             "ignoredElements": Array [],
[38;2;0;95;95m[48;2;215;255;255m+             "isReservedAttr": [Function],
[38;2;0;95;95m[48;2;215;255;255m+             "isReservedTag": [Function],
[38;2;0;95;95m[48;2;215;255;255m+             "isUnknownElement": [Function],
[38;2;0;95;95m[48;2;215;255;255m+             "keyCodes": Object {},
[38;2;0;95;95m[48;2;215;255;255m+             "mustUseProp": [Function],
[38;2;0;95;95m[48;2;215;255;255m+             "optionMergeStrategies": Object {
[38;2;0;95;95m[48;2;215;255;255m+               "activated": [Function],
[38;2;0;95;95m[48;2;215;255;255m+               "beforeCreate": [Function],
[38;2;0;95;95m[48;2;215;255;255m+               "beforeDestroy": [Function],
[38;2;0;95;95m[48;2;215;255;255m+               "beforeMount": [Function],
[38;2;0;95;95m[48;2;215;255;255m+               "beforeUpdate": [Function],
[38;2;0;95;95m[48;2;215;255;255m+               "components": [Function],
[38;2;0;95;95m[48;2;215;255;255m+               "computed": [Function],
[38;2;0;95;95m[48;2;215;255;255m+               "created": [Function],
[38;2;0;95;95m[48;2;215;255;255m+               "data": [Function],
[38;2;0;95;95m[48;2;215;255;255m+               "deactivated": [Function],
[38;2;0;95;95m[48;2;215;255;255m+               "destroyed": [Function],
[38;2;0;95;95m[48;2;215;255;255m+               "directives": [Function],
[38;2;0;95;95m[48;2;215;255;255m+               "el": [Function],
[38;2;0;95;95m[48;2;215;255;255m+               "errorCaptured": [Function],
[38;2;0;95;95m[48;2;215;255;255m+               "filters": [Function],
[38;2;0;95;95m[48;2;215;255;255m+               "inject": [Function],
[38;2;0;95;95m[48;2;215;255;255m+               "methods": [Function],
[38;2;0;95;95m[48;2;215;255;255m+               "mounted": [Function],
[38;2;0;95;95m[48;2;215;255;255m+               "props": [Function],
[38;2;0;95;95m[48;2;215;255;255m+               "propsData": [Function],
[38;2;0;95;95m[48;2;215;255;255m+               "provide": [Function],
[38;2;0;95;95m[48;2;215;255;255m+               "serverPrefetch": [Function],
[38;2;0;95;95m[48;2;215;255;255m+               "updated": [Function],
[38;2;0;95;95m[48;2;215;255;255m+               "watch": [Function],
[38;2;0;95;95m[48;2;215;255;255m+             },
[38;2;0;95;95m[48;2;215;255;255m+             "parsePlatformTagName": [Function],
[38;2;0;95;95m[48;2;215;255;255m+             "performance": false,
[38;2;0;95;95m[48;2;215;255;255m+             "productionTip": false,
[38;2;0;95;95m[48;2;215;255;255m+             "silent": false,
[38;2;0;95;95m[48;2;215;255;255m+             "warnHandler": null,
[38;2;0;95;95m[48;2;215;255;255m+           },
[38;2;0;95;95m[48;2;215;255;255m+           "data": [Function],
[38;2;0;95;95m[48;2;215;255;255m+           "delete": [Function],
[38;2;0;95;95m[48;2;215;255;255m+           "directive": [Function],
[38;2;0;95;95m[48;2;215;255;255m+           "directives": Object {},
[38;2;0;95;95m[48;2;215;255;255m+           "extend": [Function],
[38;2;0;95;95m[48;2;215;255;255m+           "extendOptions": Object {
[38;2;0;95;95m[48;2;215;255;255m+             "_Ctor": Object {
[38;2;0;95;95m[48;2;215;255;255m+               "0": [Function],
[38;2;0;95;95m[48;2;215;255;255m+             },
[38;2;0;95;95m[48;2;215;255;255m+           },
[38;2;0;95;95m[48;2;215;255;255m+           "filter": [Function],
[38;2;0;95;95m[48;2;215;255;255m+           "filters": Object {},
[38;2;0;95;95m[48;2;215;255;255m+           "methods": undefined,
[38;2;0;95;95m[48;2;215;255;255m+           "mixin": [Function],
[38;2;0;95;95m[48;2;215;255;255m+           "mocks": undefined,
[38;2;0;95;95m[48;2;215;255;255m+           "nextTick": [Function],
[38;2;0;95;95m[48;2;215;255;255m+           "observable": [Function],
[38;2;0;95;95m[48;2;215;255;255m+           "options": Object {
[38;2;0;95;95m[48;2;215;255;255m+             "_Ctor": Object {
[38;2;0;95;95m[48;2;215;255;255m+               "0": [Function],
[38;2;0;95;95m[48;2;215;255;255m+             },
[38;2;0;95;95m[48;2;215;255;255m+             "_base": [Function],
[38;2;0;95;95m[48;2;215;255;255m+             "beforeCreate": Array [
[38;2;0;95;95m[48;2;215;255;255m+               [Function],
[38;2;0;95;95m[48;2;215;255;255m+               [Function],
[38;2;0;95;95m[48;2;215;255;255m+             ],
[38;2;0;95;95m[48;2;215;255;255m+             "components": Object {
[38;2;0;95;95m[48;2;215;255;255m+               "BTooltip": [Function],
[38;2;0;95;95m[48;2;215;255;255m+             },
[38;2;0;95;95m[48;2;215;255;255m+             "directives": Object {
[38;2;0;95;95m[48;2;215;255;255m+               "BHover": Object {
[38;2;0;95;95m[48;2;215;255;255m+                 "bind": [Function],
[38;2;0;95;95m[48;2;215;255;255m+                 "componentUpdated": [Function],
[38;2;0;95;95m[48;2;215;255;255m+                 "unbind": [Function],
[38;2;0;95;95m[48;2;215;255;255m+               },
[38;2;0;95;95m[48;2;215;255;255m+               "BModal": Object {
[38;2;0;95;95m[48;2;215;255;255m+                 "componentUpdated": [Function],
[38;2;0;95;95m[48;2;215;255;255m+                 "inserted": [Function],
[38;2;0;95;95m[48;2;215;255;255m+                 "unbind": [Function],
[38;2;0;95;95m[48;2;215;255;255m+                 "updated": [Function],
[38;2;0;95;95m[48;2;215;255;255m+               },
[38;2;0;95;95m[48;2;215;255;255m+               "BScrollspy": Object {
[38;2;0;95;95m[48;2;215;255;255m+                 "bind": [Function],
[38;2;0;95;95m[48;2;215;255;255m+                 "componentUpdated": [Function],
[38;2;0;95;95m[48;2;215;255;255m+                 "inserted": [Function],
[38;2;0;95;95m[48;2;215;255;255m+                 "unbind": [Function],
[38;2;0;95;95m[48;2;215;255;255m+                 "update": [Function],
[38;2;0;95;95m[48;2;215;255;255m+               },
[38;2;0;95;95m[48;2;215;255;255m+               "BTooltip": Object {
[38;2;0;95;95m[48;2;215;255;255m+                 "bind": [Function],
[38;2;0;95;95m[48;2;215;255;255m+                 "componentUpdated": [Function],
[38;2;0;95;95m[48;2;215;255;255m+                 "unbind": [Function],
[38;2;0;95;95m[48;2;215;255;255m+               },
[38;2;0;95;95m[48;2;215;255;255m+               "BVisible": Object {
[38;2;0;95;95m[48;2;215;255;255m+                 "bind": [Function],
[38;2;0;95;95m[48;2;215;255;255m+                 "componentUpdated": [Function],
[38;2;0;95;95m[48;2;215;255;255m+                 "unbind": [Function],
[38;2;0;95;95m[48;2;215;255;255m+               },
[38;2;0;95;95m[48;2;215;255;255m+             },
[38;2;0;95;95m[48;2;215;255;255m+             "filters": Object {},
[38;2;0;95;95m[48;2;215;255;255m+           },
[38;2;0;95;95m[48;2;215;255;255m+           "provide": [Function],
[38;2;0;95;95m[48;2;215;255;255m+           "render": [Function],
[38;2;0;95;95m[48;2;215;255;255m+           "sealedOptions": Object {
[38;2;0;95;95m[48;2;215;255;255m+             "_Ctor": Object {
[38;2;0;95;95m[48;2;215;255;255m+               "0": [Function],
[38;2;0;95;95m[48;2;215;255;255m+             },
[38;2;0;95;95m[48;2;215;255;255m+             "_base": [Function],
[38;2;0;95;95m[48;2;215;255;255m+             "components": Object {
[38;2;0;95;95m[48;2;215;255;255m+               "BAlert": [Function],
[38;2;0;95;95m[48;2;215;255;255m+               "BAspect": [Function],
[38;2;0;95;95m[48;2;215;255;255m+               "BAvatar": [Function],
[38;2;0;95;95m[48;2;215;255;255m+               "BAvatarGroup": [Function],
[38;2;0;95;95m[48;2;215;255;255m+               "BBadge": [Function],
[38;2;0;95;95m[48;2;215;255;255m+               "BBreadcrumb": [Function],
[38;2;0;95;95m[48;2;215;255;255m+               "BBreadcrumbItem": [Function],
[38;2;0;95;95m[48;2;215;255;255m+               "BBreadcrumbLink": [Function],
[38;2;0;95;95m[48;2;215;255;255m+               "BBtn": [Function],
[38;2;0;95;95m[48;2;215;255;255m+               "BBtnClose": [Function],
[38;2;0;95;95m[48;2;215;255;255m+               "BBtnGroup": [Function],
[38;2;0;95;95m[48;2;215;255;255m+               "BBtnToolbar": [Function],
[38;2;0;95;95m[48;2;215;255;255m+               "BButton": [Function],
[38;2;0;95;95m[48;2;215;255;255m+               "BButtonClose": [Function],
[38;2;0;95;95m[48;2;215;255;255m+               "BButtonGroup": [Function],
[38;2;0;95;95m[48;2;215;255;255m+               "BButtonToolbar": [Function],
[38;2;0;95;95m[48;2;215;255;255m+               "BCalendar": [Function],
[38;2;0;95;95m[48;2;215;255;255m+               "BCard": [Function],
[38;2;0;95;95m[48;2;215;255;255m+               "BCardBody": [Function],
[38;2;0;95;95m[48;2;215;255;255m+               "BCardFooter": [Function],
[38;2;0;95;95m[48;2;215;255;255m+               "BCardGroup": [Function],
[38;2;0;95;95m[48;2;215;255;255m+               "BCardHeader": [Function],
[38;2;0;95;95m[48;2;215;255;255m+               "BCardImg": [Function],
[38;2;0;95;95m[48;2;215;255;255m+               "BCardImgLazy": [Function],
[38;2;0;95;95m[48;2;215;255;255m+               "BCardSubTitle": [Function],
[38;2;0;95;95m[48;2;215;255;255m+               "BCardText": [Function],
[38;2;0;95;95m[48;2;215;255;255m+               "BCardTitle": [Function],
[38;2;0;95;95m[48;2;215;255;255m+               "BCarousel": [Function],
[38;2;0;95;95m[48;2;215;255;255m+               "BCarouselSlide": [Function],
[38;2;0;95;95m[48;2;215;255;255m+               "BCheck": [Function],
[38;2;0;95;95m[48;2;215;255;255m+               "BCheckGroup": [Function],
[38;2;0;95;95m[48;2;215;255;255m+               "BCheckbox": [Function],
[38;2;0;95;95m[48;2;215;255;255m+               "BCheckboxGroup": [Function],
[38;2;0;95;95m[48;2;215;255;255m+               "BCol": [Function],
[38;2;0;95;95m[48;2;215;255;255m+               "BCollapse": [Function],
[38;2;0;95;95m[48;2;215;255;255m+               "BContainer": [Function],
[38;2;0;95;95m[48;2;215;255;255m+               "BDatalist": [Function],
[38;2;0;95;95m[48;2;215;255;255m+               "BDatepicker": [Function],
[38;2;0;95;95m[48;2;215;255;255m+               "BDd": [Function],
[38;2;0;95;95m[48;2;215;255;255m+               "BDdDivider": [Function],
[38;2;0;95;95m[48;2;215;255;255m+               "BDdForm": [Function],
[38;2;0;95;95m[48;2;215;255;255m+               "BDdGroup": [Function],
[38;2;0;95;95m[48;2;215;255;255m+               "BDdHeader": [Function],
[38;2;0;95;95m[48;2;215;255;255m+               "BDdItem": [Function],
[38;2;0;95;95m[48;2;215;255;255m+               "BDdItemBtn": [Function],
[38;2;0;95;95m[48;2;215;255;255m+               "BDdItemButton": [Function],
[38;2;0;95;95m[48;2;215;255;255m+               "BDdText": [Function],
[38;2;0;95;95m[48;2;215;255;255m+               "BDropdown": [Function],
[38;2;0;95;95m[48;2;215;255;255m+               "BDropdownDivider": [Function],
[38;2;0;95;95m[48;2;215;255;255m+               "BDropdownForm": [Function],
[38;2;0;95;95m[48;2;215;255;255m+               "BDropdownGroup": [Function],
[38;2;0;95;95m[48;2;215;255;255m+               "BDropdownHeader": [Function],
[38;2;0;95;95m[48;2;215;255;255m+               "BDropdownItem": [Function],
[38;2;0;95;95m[48;2;215;255;255m+               "BDropdownItemBtn": [Function],
[38;2;0;95;95m[48;2;215;255;255m+               "BDropdownItemButton": [Function],
[38;2;0;95;95m[48;2;215;255;255m+               "BDropdownText": [Function],
[38;2;0;95;95m[48;2;215;255;255m+               "BEmbed": [Function],
[38;2;0;95;95m[48;2;215;255;255m+               "BFile": [Function],
[38;2;0;95;95m[48;2;215;255;255m+               "BForm": [Function],
[38;2;0;95;95m[48;2;215;255;255m+               "BFormCheckbox": [Function],
[38;2;0;95;95m[48;2;215;255;255m+               "BFormCheckboxGroup": [Function],
[38;2;0;95;95m[48;2;215;255;255m+               "BFormDatalist": [Function],
[38;2;0;95;95m[48;2;215;255;255m+               "BFormDatepicker": [Function],
[38;2;0;95;95m[48;2;215;255;255m+               "BFormFeedback": [Function],
[38;2;0;95;95m[48;2;215;255;255m+               "BFormFieldset": [Function],
[38;2;0;95;95m[48;2;215;255;255m+               "BFormFile": [Function],
[38;2;0;95;95m[48;2;215;255;255m+               "BFormGroup": [Function],
[38;2;0;95;95m[48;2;215;255;255m+               "BFormInput": [Function],
[38;2;0;95;95m[48;2;215;255;255m+               "BFormInvalidFeedback": [Function],
[38;2;0;95;95m[48;2;215;255;255m+               "BFormRadio": [Function],
[38;2;0;95;95m[48;2;215;255;255m+               "BFormRadioGroup": [Function],
[38;2;0;95;95m[48;2;215;255;255m+               "BFormRating": [Function],
[38;2;0;95;95m[48;2;215;255;255m+               "BFormRow": [Function],
[38;2;0;95;95m[48;2;215;255;255m+               "BFormSelect": [Function],
[38;2;0;95;95m[48;2;215;255;255m+               "BFormSelectOption": [Function],
[38;2;0;95;95m[48;2;215;255;255m+               "BFormSelectOptionGroup": [Function],
[38;2;0;95;95m[48;2;215;255;255m+               "BFormSpinbutton": [Function],
[38;2;0;95;95m[48;2;215;255;255m+               "BFormTag": [Function],
[38;2;0;95;95m[48;2;215;255;255m+               "BFormTags": [Function],
[38;2;0;95;95m[48;2;215;255;255m+               "BFormText": [Function],
[38;2;0;95;95m[48;2;215;255;255m+               "BFormTextarea": [Function],
[38;2;0;95;95m[48;2;215;255;255m+               "BFormTimepicker": [Function],
[38;2;0;95;95m[48;2;215;255;255m+               "BFormValidFeedback": [Function],
[38;2;0;95;95m[48;2;215;255;255m+               "BImg": [Function],
[38;2;0;95;95m[48;2;215;255;255m+               "BImgLazy": [Function],
[38;2;0;95;95m[48;2;215;255;255m+               "BInput": [Function],
[38;2;0;95;95m[48;2;215;255;255m+               "BInputGroup": [Function],
[38;2;0;95;95m[48;2;215;255;255m+               "BInputGroupAddon": [Function],
[38;2;0;95;95m[48;2;215;255;255m+               "BInputGroupAppend": [Function],
[38;2;0;95;95m[48;2;215;255;255m+               "BInputGroupPrepend": [Function],
[38;2;0;95;95m[48;2;215;255;255m+               "BInputGroupText": [Function],
[38;2;0;95;95m[48;2;215;255;255m+               "BJumbotron": [Function],
[38;2;0;95;95m[48;2;215;255;255m+               "BLink": [Function],
[38;2;0;95;95m[48;2;215;255;255m+               "BListGroup": [Function],
[38;2;0;95;95m[48;2;215;255;255m+               "BListGroupItem": [Function],
[38;2;0;95;95m[48;2;215;255;255m+               "BMedia": [Function],
[38;2;0;95;95m[48;2;215;255;255m+               "BMediaAside": [Function],
[38;2;0;95;95m[48;2;215;255;255m+               "BMediaBody": [Function],
[38;2;0;95;95m[48;2;215;255;255m+               "BModal": [Function],
[38;2;0;95;95m[48;2;215;255;255m+               "BRadio": [Function],
[38;2;0;95;95m[48;2;215;255;255m+               "BRadioGroup": [Function],
[38;2;0;95;95m[48;2;215;255;255m+               "BRating": [Function],
[38;2;0;95;95m[48;2;215;255;255m+               "BRow": [Function],
[38;2;0;95;95m[48;2;215;255;255m+               "BSelect": [Function],
[38;2;0;95;95m[48;2;215;255;255m+               "BSelectOption": [Function],
[38;2;0;95;95m[48;2;215;255;255m+               "BSelectOptionGroup": [Function],
[38;2;0;95;95m[48;2;215;255;255m+               "BSpinbutton": [Function],
[38;2;0;95;95m[48;2;215;255;255m+               "BTag": [Function],
[38;2;0;95;95m[48;2;215;255;255m+               "BTags": [Function],
[38;2;0;95;95m[48;2;215;255;255m+               "BTextarea": [Function],
[38;2;0;95;95m[48;2;215;255;255m+               "BTimepicker": [Function],
[38;2;0;95;95m[48;2;215;255;255m+             },
[38;2;0;95;95m[48;2;215;255;255m+             "directives": Object {
[38;2;0;95;95m[48;2;215;255;255m+               "BModal": Object {
[38;2;0;95;95m[48;2;215;255;255m+                 "componentUpdated": [Function],
[38;2;0;95;95m[48;2;215;255;255m+                 "inserted": [Function],
[38;2;0;95;95m[48;2;215;255;255m+                 "unbind": [Function],
[38;2;0;95;95m[48;2;215;255;255m+                 "updated": [Function],
[38;2;0;95;95m[48;2;215;255;255m+               },
[38;2;0;95;95m[48;2;215;255;255m+               "BToggle": Object {
[38;2;0;95;95m[48;2;215;255;255m+                 "bind": [Function],
[38;2;0;95;95m[48;2;215;255;255m+                 "componentUpdated": [Function],
[38;2;0;95;95m[48;2;215;255;255m+                 "unbind": [Function],
[38;2;0;95;95m[48;2;215;255;255m+                 "updated": [Function],
[38;2;0;95;95m[48;2;215;255;255m+               },
[38;2;0;95;95m[48;2;215;255;255m+             },
[38;2;0;95;95m[48;2;215;255;255m+             "filters": Object {},
[38;2;0;95;95m[48;2;215;255;255m+           },
[38;2;0;95;95m[48;2;215;255;255m+           "set": [Function],
[38;2;0;95;95m[48;2;215;255;255m+           "shouldProxy": true,
[38;2;0;95;95m[48;2;215;255;255m+           "stubs": Object {
[38;2;0;95;95m[48;2;215;255;255m+             "transition": true,
[38;2;0;95;95m[48;2;215;255;255m+             "transition-group": true,
[38;2;0;95;95m[48;2;215;255;255m+           },
[38;2;0;95;95m[48;2;215;255;255m+           "super": [Function],
[38;2;0;95;95m[48;2;215;255;255m+           "superOptions": Object {
[38;2;0;95;95m[48;2;215;255;255m+             "_base": [Function],
[38;2;0;95;95m[48;2;215;255;255m+             "components": Object {
[38;2;0;95;95m[48;2;215;255;255m+               "KeepAlive": Object {
[38;2;0;95;95m[48;2;215;255;255m+                 "abstract": true,
[38;2;0;95;95m[48;2;215;255;255m+                 "created": [Function],
[38;2;0;95;95m[48;2;215;255;255m+                 "destroyed": [Function],
[38;2;0;95;95m[48;2;215;255;255m+                 "methods": Object {
[38;2;0;95;95m[48;2;215;255;255m+                   "cacheVNode": [Function],
[38;2;0;95;95m[48;2;215;255;255m+                 },
[38;2;0;95;95m[48;2;215;255;255m+                 "mounted": [Function],
[38;2;0;95;95m[48;2;215;255;255m+                 "name": "keep-alive",
[38;2;0;95;95m[48;2;215;255;255m+                 "props": Object {
[38;2;0;95;95m[48;2;215;255;255m+                   "exclude": Array [
[38;2;0;95;95m[48;2;215;255;255m+                     [Function],
[38;2;0;95;95m[48;2;215;255;255m+                     [Function],
[38;2;0;95;95m[48;2;215;255;255m+                     [Function],
[38;2;0;95;95m[48;2;215;255;255m+                   ],
[38;2;0;95;95m[48;2;215;255;255m+                   "include": Array [
[38;2;0;95;95m[48;2;215;255;255m+                     [Function],
[38;2;0;95;95m[48;2;215;255;255m+                     [Function],
[38;2;0;95;95m[48;2;215;255;255m+                     [Function],
[38;2;0;95;95m[48;2;215;255;255m+                   ],
[38;2;0;95;95m[48;2;215;255;255m+                   "max": Array [
[38;2;0;95;95m[48;2;215;255;255m+                     [Function],
[38;2;0;95;95m[48;2;215;255;255m+                     [Function],
[38;2;0;95;95m[48;2;215;255;255m+                   ],
[38;2;0;95;95m[48;2;215;255;255m+                 },
[38;2;0;95;95m[48;2;215;255;255m+                 "render": [Function],
[38;2;0;95;95m[48;2;215;255;255m+                 "updated": [Function],
[38;2;0;95;95m[48;2;215;255;255m+               },
[38;2;0;95;95m[48;2;215;255;255m+               "Transition": Object {
[38;2;0;95;95m[48;2;215;255;255m+                 "_Ctor": Object {
[38;2;0;95;95m[48;2;215;255;255m+                   "1404": [Function],
[38;2;0;95;95m[48;2;215;255;255m+                 },
[38;2;0;95;95m[48;2;215;255;255m+                 "abstract": true,
[38;2;0;95;95m[48;2;215;255;255m+                 "name": "transition",
[38;2;0;95;95m[48;2;215;255;255m+                 "props": Object {
[38;2;0;95;95m[48;2;215;255;255m+                   "appear": Object {
[38;2;0;95;95m[48;2;215;255;255m+                     "type": [Function],
[38;2;0;95;95m[48;2;215;255;255m+                   },
[38;2;0;95;95m[48;2;215;255;255m+                   "appearActiveClass": Object {
[38;2;0;95;95m[48;2;215;255;255m+                     "type": [Function],
[38;2;0;95;95m[48;2;215;255;255m+                   },
[38;2;0;95;95m[48;2;215;255;255m+                   "appearClass": Object {
[38;2;0;95;95m[48;2;215;255;255m+                     "type": [Function],
[38;2;0;95;95m[48;2;215;255;255m+                   },
[38;2;0;95;95m[48;2;215;255;255m+                   "appearToClass": Object {
[38;2;0;95;95m[48;2;215;255;255m+                     "type": [Function],
[38;2;0;95;95m[48;2;215;255;255m+                   },
[38;2;0;95;95m[48;2;215;255;255m+                   "css": Object {
[38;2;0;95;95m[48;2;215;255;255m+                     "type": [Function],
[38;2;0;95;95m[48;2;215;255;255m+                   },
[38;2;0;95;95m[48;2;215;255;255m+                   "duration": Object {
[38;2;0;95;95m[48;2;215;255;255m+                     "type": Array [
[38;2;0;95;95m[48;2;215;255;255m+                       [Function],
[38;2;0;95;95m[48;2;215;255;255m+                       [Function],
[38;2;0;95;95m[48;2;215;255;255m+                       [Function],
[38;2;0;95;95m[48;2;215;255;255m+                     ],
[38;2;0;95;95m[48;2;215;255;255m+                   },
[38;2;0;95;95m[48;2;215;255;255m+                   "enterActiveClass": Object {
[38;2;0;95;95m[48;2;215;255;255m+                     "type": [Function],
[38;2;0;95;95m[48;2;215;255;255m+                   },
[38;2;0;95;95m[48;2;215;255;255m+                   "enterClass": Object {
[38;2;0;95;95m[48;2;215;255;255m+                     "type": [Function],
[38;2;0;95;95m[48;2;215;255;255m+                   },
[38;2;0;95;95m[48;2;215;255;255m+                   "enterToClass": Object {
[38;2;0;95;95m[48;2;215;255;255m+                     "type": [Function],
[38;2;0;95;95m[48;2;215;255;255m+                   },
[38;2;0;95;95m[48;2;215;255;255m+                   "leaveActiveClass": Object {
[38;2;0;95;95m[48;2;215;255;255m+                     "type": [Function],
[38;2;0;95;95m[48;2;215;255;255m+                   },
[38;2;0;95;95m[48;2;215;255;255m+                   "leaveClass": Object {
[38;2;0;95;95m[48;2;215;255;255m+                     "type": [Function],
[38;2;0;95;95m[48;2;215;255;255m+                   },
[38;2;0;95;95m[48;2;215;255;255m+                   "leaveToClass": Object {
[38;2;0;95;95m[48;2;215;255;255m+                     "type": [Function],
[38;2;0;95;95m[48;2;215;255;255m+                   },
[38;2;0;95;95m[48;2;215;255;255m+                   "mode": Object {
[38;2;0;95;95m[48;2;215;255;255m+                     "type": [Function],
[38;2;0;95;95m[48;2;215;255;255m+                   },
[38;2;0;95;95m[48;2;215;255;255m+                   "name": Object {
[38;2;0;95;95m[48;2;215;255;255m+                     "type": [Function],
[38;2;0;95;95m[48;2;215;255;255m+                   },
[38;2;0;95;95m[48;2;215;255;255m+                   "type": Object {
[38;2;0;95;95m[48;2;215;255;255m+                     "type": [Function],
[38;2;0;95;95m[48;2;215;255;255m+                   },
[38;2;0;95;95m[48;2;215;255;255m+                 },
[38;2;0;95;95m[48;2;215;255;255m+                 "render": [Function],
[38;2;0;95;95m[48;2;215;255;255m+               },
[38;2;0;95;95m[48;2;215;255;255m+               "TransitionGroup": Object {
[38;2;0;95;95m[48;2;215;255;255m+                 "_Ctor": Object {
[38;2;0;95;95m[48;2;215;255;255m+                   "1404": [Function],
[38;2;0;95;95m[48;2;215;255;255m+                 },
[38;2;0;95;95m[48;2;215;255;255m+                 "beforeMount": [Function],
[38;2;0;95;95m[48;2;215;255;255m+                 "methods": Object {
[38;2;0;95;95m[48;2;215;255;255m+                   "hasMove": [Function],
[38;2;0;95;95m[48;2;215;255;255m+                 },
[38;2;0;95;95m[48;2;215;255;255m+                 "props": Object {
[38;2;0;95;95m[48;2;215;255;255m+                   "appear": Object {
[38;2;0;95;95m[48;2;215;255;255m+                     "type": [Function],
[38;2;0;95;95m[48;2;215;255;255m+                   },
[38;2;0;95;95m[48;2;215;255;255m+                   "appearActiveClass": Object {
[38;2;0;95;95m[48;2;215;255;255m+                     "type": [Function],
[38;2;0;95;95m[48;2;215;255;255m+                   },
[38;2;0;95;95m[48;2;215;255;255m+                   "appearClass": Object {
[38;2;0;95;95m[48;2;215;255;255m+                     "type": [Function],
[38;2;0;95;95m[48;2;215;255;255m+                   },
[38;2;0;95;95m[48;2;215;255;255m+                   "appearToClass": Object {
[38;2;0;95;95m[48;2;215;255;255m+                     "type": [Function],
[38;2;0;95;95m[48;2;215;255;255m+                   },
[38;2;0;95;95m[48;2;215;255;255m+                   "css": Object {
[38;2;0;95;95m[48;2;215;255;255m+                     "type": [Function],
[38;2;0;95;95m[48;2;215;255;255m+                   },
[38;2;0;95;95m[48;2;215;255;255m+                   "duration": Object {
[38;2;0;95;95m[48;2;215;255;255m+                     "type": Array [
[38;2;0;95;95m[48;2;215;255;255m+                       [Function],
[38;2;0;95;95m[48;2;215;255;255m+                       [Function],
[38;2;0;95;95m[48;2;215;255;255m+                       [Function],
[38;2;0;95;95m[48;2;215;255;255m+                     ],
[38;2;0;95;95m[48;2;215;255;255m+                   },
[38;2;0;95;95m[48;2;215;255;255m+                   "enterActiveClass": Object {
[38;2;0;95;95m[48;2;215;255;255m+                     "type": [Function],
[38;2;0;95;95m[48;2;215;255;255m+                   },
[38;2;0;95;95m[48;2;215;255;255m+                   "enterClass": Object {
[38;2;0;95;95m[48;2;215;255;255m+                     "type": [Function],
[38;2;0;95;95m[48;2;215;255;255m+                   },
[38;2;0;95;95m[48;2;215;255;255m+                   "enterToClass": Object {
[38;2;0;95;95m[48;2;215;255;255m+                     "type": [Function],
[38;2;0;95;95m[48;2;215;255;255m+                   },
[38;2;0;95;95m[48;2;215;255;255m+                   "leaveActiveClass": Object {
[38;2;0;95;95m[48;2;215;255;255m+                     "type": [Function],
[38;2;0;95;95m[48;2;215;255;255m+                   },
[38;2;0;95;95m[48;2;215;255;255m+                   "leaveClass": Object {
[38;2;0;95;95m[48;2;215;255;255m+                     "type": [Function],
[38;2;0;95;95m[48;2;215;255;255m+                   },
[38;2;0;95;95m[48;2;215;255;255m+                   "leaveToClass": Object {
[38;2;0;95;95m[48;2;215;255;255m+                     "type": [Function],
[38;2;0;95;95m[48;2;215;255;255m+                   },
[38;2;0;95;95m[48;2;215;255;255m+                   "moveClass": Object {
[38;2;0;95;95m[48;2;215;255;255m+                     "type": [Function],
[38;2;0;95;95m[48;2;215;255;255m+                   },
[38;2;0;95;95m[48;2;215;255;255m+                   "name": Object {
[38;2;0;95;95m[48;2;215;255;255m+                     "type": [Function],
[38;2;0;95;95m[48;2;215;255;255m+                   },
[38;2;0;95;95m[48;2;215;255;255m+                   "tag": Object {
[38;2;0;95;95m[48;2;215;255;255m+                     "type": [Function],
[38;2;0;95;95m[48;2;215;255;255m+                   },
[38;2;0;95;95m[48;2;215;255;255m+                   "type": Object {
[38;2;0;95;95m[48;2;215;255;255m+                     "type": [Function],
[38;2;0;95;95m[48;2;215;255;255m+                   },
[38;2;0;95;95m[48;2;215;255;255m+                 },
[38;2;0;95;95m[48;2;215;255;255m+                 "render": [Function],
[38;2;0;95;95m[48;2;215;255;255m+                 "updated": [Function],
[38;2;0;95;95m[48;2;215;255;255m+               },
[38;2;0;95;95m[48;2;215;255;255m+             },
[38;2;0;95;95m[48;2;215;255;255m+             "directives": Object {
[38;2;0;95;95m[48;2;215;255;255m+               "model": Object {
[38;2;0;95;95m[48;2;215;255;255m+                 "componentUpdated": [Function],
[38;2;0;95;95m[48;2;215;255;255m+                 "inserted": [Function],
[38;2;0;95;95m[48;2;215;255;255m+               },
[38;2;0;95;95m[48;2;215;255;255m+               "show": Object {
[38;2;0;95;95m[48;2;215;255;255m+                 "bind": [Function],
[38;2;0;95;95m[48;2;215;255;255m+                 "unbind": [Function],
[38;2;0;95;95m[48;2;215;255;255m+                 "update": [Function],
[38;2;0;95;95m[48;2;215;255;255m+               },
[38;2;0;95;95m[48;2;215;255;255m+             },
[38;2;0;95;95m[48;2;215;255;255m+             "filters": Object {},
[38;2;0;95;95m[48;2;215;255;255m+           },
[38;2;0;95;95m[48;2;215;255;255m+           "use": [Function],
[38;2;0;95;95m[48;2;215;255;255m+           "util": Object {
[38;2;0;95;95m[48;2;215;255;255m+             "defineReactive": [Function],
[38;2;0;95;95m[48;2;215;255;255m+             "extend": [Function],
[38;2;0;95;95m[48;2;215;255;255m+             "mergeOptions": [Function],
[38;2;0;95;95m[48;2;215;255;255m+             "warn": [Function],
[38;2;0;95;95m[48;2;215;255;255m+           },
[38;2;0;95;95m[48;2;215;255;255m+           "version": "2.6.14",
[38;2;0;95;95m[48;2;215;255;255m+         },
[38;2;0;95;95m[48;2;215;255;255m+         "$parent": undefined,
[38;2;0;95;95m[48;2;215;255;255m+         "$refs": Object {},
[38;2;0;95;95m[48;2;215;255;255m+         "$root": [Circular],
[38;2;0;95;95m[48;2;215;255;255m+         "$scopedSlots": Object {},
[38;2;0;95;95m[48;2;215;255;255m+         "$slots": Object {},
[38;2;0;95;95m[48;2;215;255;255m+         "$vnode": undefined,
[38;2;0;95;95m[48;2;215;255;255m+         "__emitted": Object {},
[38;2;0;95;95m[48;2;215;255;255m+         "__emittedByOrder": Array [],
[38;2;0;95;95m[48;2;215;255;255m+         "_c": [Function],
[38;2;0;95;95m[48;2;215;255;255m+         "_data": Object {
[38;2;0;95;95m[48;2;215;255;255m+           "vueTestUtils_childProps": Object {},
[38;2;0;95;95m[48;2;215;255;255m+         },
[38;2;0;95;95m[48;2;215;255;255m+         "_directInactive": false,
[38;2;0;95;95m[48;2;215;255;255m+         "_events": Object {},
[38;2;0;95;95m[48;2;215;255;255m+         "_hasHookEvent": false,
[38;2;0;95;95m[48;2;215;255;255m+         "_inactive": null,
[38;2;0;95;95m[48;2;215;255;255m+         "_isBeingDestroyed": false,
[38;2;0;95;95m[48;2;215;255;255m+         "_isDestroyed": false,
[38;2;0;95;95m[48;2;215;255;255m+         "_isMounted": true,
[38;2;0;95;95m[48;2;215;255;255m+         "_isVue": true,
[38;2;0;95;95m[48;2;215;255;255m+         "_provided": Object {},
[38;2;0;95;95m[48;2;215;255;255m+         "_renderProxy": [Circular],
[38;2;0;95;95m[48;2;215;255;255m+         "_self": [Circular],
[38;2;0;95;95m[48;2;215;255;255m+         "_staticTrees": null,
[38;2;0;95;95m[48;2;215;255;255m+         "_uid": 2,
[38;2;0;95;95m[48;2;215;255;255m+         "_vnode": VNode {
[38;2;0;95;95m[48;2;215;255;255m+           "asyncFactory": undefined,
[38;2;0;95;95m[48;2;215;255;255m+           "asyncMeta": undefined,
[38;2;0;95;95m[48;2;215;255;255m+           "children": undefined,
[38;2;0;95;95m[48;2;215;255;255m+           "componentInstance": [Circular],
[38;2;0;95;95m[48;2;215;255;255m+           "componentOptions": Object {
[38;2;0;95;95m[48;2;215;255;255m+             "Ctor": [Function],
[38;2;0;95;95m[48;2;215;255;255m+             "children": undefined,
[38;2;0;95;95m[48;2;215;255;255m+             "listeners": Object {},
[38;2;0;95;95m[48;2;215;255;255m+             "propsData": undefined,
[38;2;0;95;95m[48;2;215;255;255m+             "tag": undefined,
[38;2;0;95;95m[48;2;215;255;255m+           },
[38;2;0;95;95m[48;2;215;255;255m+           "context": [Circular],
[38;2;0;95;95m[48;2;215;255;255m+           "data": Object {
[38;2;0;95;95m[48;2;215;255;255m+             "attrs": Object {},
[38;2;0;95;95m[48;2;215;255;255m+             "hook": Object {
[38;2;0;95;95m[48;2;215;255;255m+               "destroy": [Function],
[38;2;0;95;95m[48;2;215;255;255m+               "init": [Function],
[38;2;0;95;95m[48;2;215;255;255m+               "insert": [Function],
[38;2;0;95;95m[48;2;215;255;255m+               "prepatch": [Function],
[38;2;0;95;95m[48;2;215;255;255m+             },
[38;2;0;95;95m[48;2;215;255;255m+             "on": undefined,
[38;2;0;95;95m[48;2;215;255;255m+             "pendingInsert": null,
[38;2;0;95;95m[48;2;215;255;255m+             "scopedSlots": Object {
[38;2;0;95;95m[48;2;215;255;255m+               "_normalized": Object {},
[38;2;0;95;95m[48;2;215;255;255m+             },
[38;2;0;95;95m[48;2;215;255;255m+           },
[38;2;0;95;95m[48;2;215;255;255m+           "elm": <div>
[38;2;0;95;95m[48;2;215;255;255m+             <b-dropdown
[38;2;0;95;95m[48;2;215;255;255m+               no-caret=""
[38;2;0;95;95m[48;2;215;255;255m+               right=""
[38;2;0;95;95m[48;2;215;255;255m+               size="lg"
[38;2;0;95;95m[48;2;215;255;255m+               variant="link"
[38;2;0;95;95m[48;2;215;255;255m+             >
[38;2;0;95;95m[48;2;215;255;255m+                
[38;2;0;95;95m[48;2;215;255;255m+               <b-dropdown-item>
[38;2;0;95;95m[48;2;215;255;255m+                 <b-icon
[38;2;0;95;95m[48;2;215;255;255m+                   icon="door-open"
[38;2;0;95;95m[48;2;215;255;255m+                 />
[38;2;0;95;95m[48;2;215;255;255m+                 
[38;2;0;95;95m[48;2;215;255;255m+       回到主页
[38;2;0;95;95m[48;2;215;255;255m+     
[38;2;0;95;95m[48;2;215;255;255m+               </b-dropdown-item>
[38;2;0;95;95m[48;2;215;255;255m+                
[38;2;0;95;95m[48;2;215;255;255m+               <b-dropdown-item>
[38;2;0;95;95m[48;2;215;255;255m+                 <b-icon
[38;2;0;95;95m[48;2;215;255;255m+                   icon="cursor-fill"
[38;2;0;95;95m[48;2;215;255;255m+                 />
[38;2;0;95;95m[48;2;215;255;255m+                 
[38;2;0;95;95m[48;2;215;255;255m+       注销用户
[38;2;0;95;95m[48;2;215;255;255m+     
[38;2;0;95;95m[48;2;215;255;255m+               </b-dropdown-item>
[38;2;0;95;95m[48;2;215;255;255m+             </b-dropdown>
[38;2;0;95;95m[48;2;215;255;255m+           </div>,
[38;2;0;95;95m[48;2;215;255;255m+           "fnContext": undefined,
[38;2;0;95;95m[48;2;215;255;255m+           "fnOptions": undefined,
[38;2;0;95;95m[48;2;215;255;255m+           "fnScopeId": undefined,
[38;2;0;95;95m[48;2;215;255;255m+           "isAsyncPlaceholder": false,
[38;2;0;95;95m[48;2;215;255;255m+           "isCloned": false,
[38;2;0;95;95m[48;2;215;255;255m+           "isComment": false,
[38;2;0;95;95m[48;2;215;255;255m+           "isOnce": false,
[38;2;0;95;95m[48;2;215;255;255m+           "isRootInsert": true,
[38;2;0;95;95m[48;2;215;255;255m+           "isStatic": false,
[38;2;0;95;95m[48;2;215;255;255m+           "key": undefined,
[38;2;0;95;95m[48;2;215;255;255m+           "ns": undefined,
[38;2;0;95;95m[48;2;215;255;255m+           "parent": undefined,
[38;2;0;95;95m[48;2;215;255;255m+           "raw": false,
[38;2;0;95;95m[48;2;215;255;255m+           "tag": "vue-component-1408-UserLogo",
[38;2;0;95;95m[48;2;215;255;255m+           "text": undefined,
[38;2;0;95;95m[48;2;215;255;255m+         },
[38;2;0;95;95m[48;2;215;255;255m+         "_watcher": Watcher {
[38;2;0;95;95m[48;2;215;255;255m+           "active": true,
[38;2;0;95;95m[48;2;215;255;255m+           "before": [Function],
[38;2;0;95;95m[48;2;215;255;255m+           "cb": [Function],
[38;2;0;95;95m[48;2;215;255;255m+           "deep": false,
[38;2;0;95;95m[48;2;215;255;255m+           "depIds": Set {
[38;2;0;95;95m[48;2;215;255;255m+             21,
[38;2;0;95;95m[48;2;215;255;255m+             22,
[38;2;0;95;95m[48;2;215;255;255m+           },
[38;2;0;95;95m[48;2;215;255;255m+           "deps": Array [
[38;2;0;95;95m[48;2;215;255;255m+             Dep {
[38;2;0;95;95m[48;2;215;255;255m+               "id": 21,
[38;2;0;95;95m[48;2;215;255;255m+               "subs": Array [
[38;2;0;95;95m[48;2;215;255;255m+                 [Circular],
[38;2;0;95;95m[48;2;215;255;255m+               ],
[38;2;0;95;95m[48;2;215;255;255m+             },
[38;2;0;95;95m[48;2;215;255;255m+             Dep {
[38;2;0;95;95m[48;2;215;255;255m+               "id": 22,
[38;2;0;95;95m[48;2;215;255;255m+               "subs": Array [
[38;2;0;95;95m[48;2;215;255;255m+                 [Circular],
[38;2;0;95;95m[48;2;215;255;255m+               ],
[38;2;0;95;95m[48;2;215;255;255m+             },
[38;2;0;95;95m[48;2;215;255;255m+           ],
[38;2;0;95;95m[48;2;215;255;255m+           "dirty": false,
[38;2;0;95;95m[48;2;215;255;255m+           "expression": "function () {
[38;2;0;95;95m[48;2;215;255;255m+       vm._update(vm._render(), hydrating);
[38;2;0;95;95m[48;2;215;255;255m+     }",
[38;2;0;95;95m[48;2;215;255;255m+           "getter": [Function],
[38;2;0;95;95m[48;2;215;255;255m+           "id": 5,
[38;2;0;95;95m[48;2;215;255;255m+           "lazy": false,
[38;2;0;95;95m[48;2;215;255;255m+           "newDepIds": Set {},
[38;2;0;95;95m[48;2;215;255;255m+           "newDeps": Array [],
[38;2;0;95;95m[48;2;215;255;255m+           "sync": false,
[38;2;0;95;95m[48;2;215;255;255m+           "user": false,
[38;2;0;95;95m[48;2;215;255;255m+           "value": undefined,
[38;2;0;95;95m[48;2;215;255;255m+           "vm": [Circular],
[38;2;0;95;95m[48;2;215;255;255m+         },
[38;2;0;95;95m[48;2;215;255;255m+         "_watchers": Array [
[38;2;0;95;95m[48;2;215;255;255m+           Watcher {
[38;2;0;95;95m[48;2;215;255;255m+             "active": true,
[38;2;0;95;95m[48;2;215;255;255m+             "before": [Function],
[38;2;0;95;95m[48;2;215;255;255m+             "cb": [Function],
[38;2;0;95;95m[48;2;215;255;255m+             "deep": false,
[38;2;0;95;95m[48;2;215;255;255m+             "depIds": Set {
[38;2;0;95;95m[48;2;215;255;255m+               21,
[38;2;0;95;95m[48;2;215;255;255m+               22,
[38;2;0;95;95m[48;2;215;255;255m+             },
[38;2;0;95;95m[48;2;215;255;255m+             "deps": Array [
[38;2;0;95;95m[48;2;215;255;255m+               Dep {
[38;2;0;95;95m[48;2;215;255;255m+                 "id": 21,
[38;2;0;95;95m[48;2;215;255;255m+                 "subs": Array [
[38;2;0;95;95m[48;2;215;255;255m+                   [Circular],
[38;2;0;95;95m[48;2;215;255;255m+                 ],
[38;2;0;95;95m[48;2;215;255;255m+               },
[38;2;0;95;95m[48;2;215;255;255m+               Dep {
[38;2;0;95;95m[48;2;215;255;255m+                 "id": 22,
[38;2;0;95;95m[48;2;215;255;255m+                 "subs": Array [
[38;2;0;95;95m[48;2;215;255;255m+                   [Circular],
[38;2;0;95;95m[48;2;215;255;255m+                 ],
[38;2;0;95;95m[48;2;215;255;255m+               },
[38;2;0;95;95m[48;2;215;255;255m+             ],
[38;2;0;95;95m[48;2;215;255;255m+             "dirty": false,
[38;2;0;95;95m[48;2;215;255;255m+             "expression": "function () {
[38;2;0;95;95m[48;2;215;255;255m+       vm._update(vm._render(), hydrating);
[38;2;0;95;95m[48;2;215;255;255m+     }",
[38;2;0;95;95m[48;2;215;255;255m+             "getter": [Function],
[38;2;0;95;95m[48;2;215;255;255m+             "id": 5,
[38;2;0;95;95m[48;2;215;255;255m+             "lazy": false,
[38;2;0;95;95m[48;2;215;255;255m+             "newDepIds": Set {},
[38;2;0;95;95m[48;2;215;255;255m+             "newDeps": Array [],
[38;2;0;95;95m[48;2;215;255;255m+             "sync": false,
[38;2;0;95;95m[48;2;215;255;255m+             "user": false,
[38;2;0;95;95m[48;2;215;255;255m+             "value": undefined,
[38;2;0;95;95m[48;2;215;255;255m+             "vm": [Circular],
[38;2;0;95;95m[48;2;215;255;255m+           },
[38;2;0;95;95m[48;2;215;255;255m+         ],
[38;2;0;95;95m[48;2;215;255;255m+         "vueTestUtils_childProps": Object {},
[38;2;0;95;95m[48;2;215;255;255m+       },
[38;2;0;95;95m[48;2;215;255;255m+       "_self": [Circular],
[38;2;0;95;95m[48;2;215;255;255m+       "_staticTrees": null,
[38;2;0;95;95m[48;2;215;255;255m+       "_uid": 2,
[38;2;0;95;95m[48;2;215;255;255m+       "_vnode": VNode {
[38;2;0;95;95m[48;2;215;255;255m+         "asyncFactory": undefined,
[38;2;0;95;95m[48;2;215;255;255m+         "asyncMeta": undefined,
[38;2;0;95;95m[48;2;215;255;255m+         "children": undefined,
[38;2;0;95;95m[48;2;215;255;255m+         "componentInstance": [Circular],
[38;2;0;95;95m[48;2;215;255;255m+         "componentOptions": Object {
[38;2;0;95;95m[48;2;215;255;255m+           "Ctor": [Function],
[38;2;0;95;95m[48;2;215;255;255m+           "children": undefined,
[38;2;0;95;95m[48;2;215;255;255m+           "listeners": Object {},
[38;2;0;95;95m[48;2;215;255;255m+           "propsData": undefined,
[38;2;0;95;95m[48;2;215;255;255m+           "tag": undefined,
[38;2;0;95;95m[48;2;215;255;255m+         },
[38;2;0;95;95m[48;2;215;255;255m+         "context": [Circular],
[38;2;0;95;95m[48;2;215;255;255m+         "data": Object {
[38;2;0;95;95m[48;2;215;255;255m+           "attrs": Object {},
[38;2;0;95;95m[48;2;215;255;255m+           "hook": Object {
[38;2;0;95;95m[48;2;215;255;255m+             "destroy": [Function],
[38;2;0;95;95m[48;2;215;255;255m+             "init": [Function],
[38;2;0;95;95m[48;2;215;255;255m+             "insert": [Function],
[38;2;0;95;95m[48;2;215;255;255m+             "prepatch": [Function],
[38;2;0;95;95m[48;2;215;255;255m+           },
[38;2;0;95;95m[48;2;215;255;255m+           "on": undefined,
[38;2;0;95;95m[48;2;215;255;255m+           "pendingInsert": null,
[38;2;0;95;95m[48;2;215;255;255m+           "scopedSlots": Object {
[38;2;0;95;95m[48;2;215;255;255m+             "_normalized": Object {},
[38;2;0;95;95m[48;2;215;255;255m+           },
[38;2;0;95;95m[48;2;215;255;255m+         },
[38;2;0;95;95m[48;2;215;255;255m+         "elm": <div>
[38;2;0;95;95m[48;2;215;255;255m+           <b-dropdown
[38;2;0;95;95m[48;2;215;255;255m+             no-caret=""
[38;2;0;95;95m[48;2;215;255;255m+             right=""
[38;2;0;95;95m[48;2;215;255;255m+             size="lg"
[38;2;0;95;95m[48;2;215;255;255m+             variant="link"
[38;2;0;95;95m[48;2;215;255;255m+           >
[38;2;0;95;95m[48;2;215;255;255m+              
[38;2;0;95;95m[48;2;215;255;255m+             <b-dropdown-item>
[38;2;0;95;95m[48;2;215;255;255m+               <b-icon
[38;2;0;95;95m[48;2;215;255;255m+                 icon="door-open"
[38;2;0;95;95m[48;2;215;255;255m+               />
[38;2;0;95;95m[48;2;215;255;255m+               
[38;2;0;95;95m[48;2;215;255;255m+       回到主页
[38;2;0;95;95m[48;2;215;255;255m+     
[38;2;0;95;95m[48;2;215;255;255m+             </b-dropdown-item>
[38;2;0;95;95m[48;2;215;255;255m+              
[38;2;0;95;95m[48;2;215;255;255m+             <b-dropdown-item>
[38;2;0;95;95m[48;2;215;255;255m+               <b-icon
[38;2;0;95;95m[48;2;215;255;255m+                 icon="cursor-fill"
[38;2;0;95;95m[48;2;215;255;255m+               />
[38;2;0;95;95m[48;2;215;255;255m+               
[38;2;0;95;95m[48;2;215;255;255m+       注销用户
[38;2;0;95;95m[48;2;215;255;255m+     
[38;2;0;95;95m[48;2;215;255;255m+             </b-dropdown-item>
[38;2;0;95;95m[48;2;215;255;255m+           </b-dropdown>
[38;2;0;95;95m[48;2;215;255;255m+         </div>,
[38;2;0;95;95m[48;2;215;255;255m+         "fnContext": undefined,
[38;2;0;95;95m[48;2;215;255;255m+         "fnOptions": undefined,
[38;2;0;95;95m[48;2;215;255;255m+         "fnScopeId": undefined,
[38;2;0;95;95m[48;2;215;255;255m+         "isAsyncPlaceholder": false,
[38;2;0;95;95m[48;2;215;255;255m+         "isCloned": false,
[38;2;0;95;95m[48;2;215;255;255m+         "isComment": false,
[38;2;0;95;95m[48;2;215;255;255m+         "isOnce": false,
[38;2;0;95;95m[48;2;215;255;255m+         "isRootInsert": true,
[38;2;0;95;95m[48;2;215;255;255m+         "isStatic": false,
[38;2;0;95;95m[48;2;215;255;255m+         "key": undefined,
[38;2;0;95;95m[48;2;215;255;255m+         "ns": undefined,
[38;2;0;95;95m[48;2;215;255;255m+         "parent": undefined,
[38;2;0;95;95m[48;2;215;255;255m+         "raw": false,
[38;2;0;95;95m[48;2;215;255;255m+         "tag": "vue-component-1408-UserLogo",
[38;2;0;95;95m[48;2;215;255;255m+         "text": undefined,
[38;2;0;95;95m[48;2;215;255;255m+       },
[38;2;0;95;95m[48;2;215;255;255m+       "_watcher": Watcher {
[38;2;0;95;95m[48;2;215;255;255m+         "active": true,
[38;2;0;95;95m[48;2;215;255;255m+         "before": [Function],
[38;2;0;95;95m[48;2;215;255;255m+         "cb": [Function],
[38;2;0;95;95m[48;2;215;255;255m+         "deep": false,
[38;2;0;95;95m[48;2;215;255;255m+         "depIds": Set {
[38;2;0;95;95m[48;2;215;255;255m+           21,
[38;2;0;95;95m[48;2;215;255;255m+           22,
[38;2;0;95;95m[48;2;215;255;255m+         },
[38;2;0;95;95m[48;2;215;255;255m+         "deps": Array [
[38;2;0;95;95m[48;2;215;255;255m+           Dep {
[38;2;0;95;95m[48;2;215;255;255m+             "id": 21,
[38;2;0;95;95m[48;2;215;255;255m+             "subs": Array [
[38;2;0;95;95m[48;2;215;255;255m+               [Circular],
[38;2;0;95;95m[48;2;215;255;255m+             ],
[38;2;0;95;95m[48;2;215;255;255m+           },
[38;2;0;95;95m[48;2;215;255;255m+           Dep {
[38;2;0;95;95m[48;2;215;255;255m+             "id": 22,
[38;2;0;95;95m[48;2;215;255;255m+             "subs": Array [
[38;2;0;95;95m[48;2;215;255;255m+               [Circular],
[38;2;0;95;95m[48;2;215;255;255m+             ],
[38;2;0;95;95m[48;2;215;255;255m+           },
[38;2;0;95;95m[48;2;215;255;255m+         ],
[38;2;0;95;95m[48;2;215;255;255m+         "dirty": false,
[38;2;0;95;95m[48;2;215;255;255m+         "expression": "function () {
[38;2;0;95;95m[48;2;215;255;255m+       vm._update(vm._render(), hydrating);
[38;2;0;95;95m[48;2;215;255;255m+     }",
[38;2;0;95;95m[48;2;215;255;255m+         "getter": [Function],
[38;2;0;95;95m[48;2;215;255;255m+         "id": 5,
[38;2;0;95;95m[48;2;215;255;255m+         "lazy": false,
[38;2;0;95;95m[48;2;215;255;255m+         "newDepIds": Set {},
[38;2;0;95;95m[48;2;215;255;255m+         "newDeps": Array [],
[38;2;0;95;95m[48;2;215;255;255m+         "sync": false,
[38;2;0;95;95m[48;2;215;255;255m+         "user": false,
[38;2;0;95;95m[48;2;215;255;255m+         "value": undefined,
[38;2;0;95;95m[48;2;215;255;255m+         "vm": [Circular],
[38;2;0;95;95m[48;2;215;255;255m+       },
[38;2;0;95;95m[48;2;215;255;255m+       "_watchers": Array [
[38;2;0;95;95m[48;2;215;255;255m+         Watcher {
[38;2;0;95;95m[48;2;215;255;255m+           "active": true,
[38;2;0;95;95m[48;2;215;255;255m+           "before": [Function],
[38;2;0;95;95m[48;2;215;255;255m+           "cb": [Function],
[38;2;0;95;95m[48;2;215;255;255m+           "deep": false,
[38;2;0;95;95m[48;2;215;255;255m+           "depIds": Set {
[38;2;0;95;95m[48;2;215;255;255m+             21,
[38;2;0;95;95m[48;2;215;255;255m+             22,
[38;2;0;95;95m[48;2;215;255;255m+           },
[38;2;0;95;95m[48;2;215;255;255m+           "deps": Array [
[38;2;0;95;95m[48;2;215;255;255m+             Dep {
[38;2;0;95;95m[48;2;215;255;255m+               "id": 21,
[38;2;0;95;95m[48;2;215;255;255m+               "subs": Array [
[38;2;0;95;95m[48;2;215;255;255m+                 [Circular],
[38;2;0;95;95m[48;2;215;255;255m+               ],
[38;2;0;95;95m[48;2;215;255;255m+             },
[38;2;0;95;95m[48;2;215;255;255m+             Dep {
[38;2;0;95;95m[48;2;215;255;255m+               "id": 22,
[38;2;0;95;95m[48;2;215;255;255m+               "subs": Array [
[38;2;0;95;95m[48;2;215;255;255m+                 [Circular],
[38;2;0;95;95m[48;2;215;255;255m+               ],
[38;2;0;95;95m[48;2;215;255;255m+             },
[38;2;0;95;95m[48;2;215;255;255m+           ],
[38;2;0;95;95m[48;2;215;255;255m+           "dirty": false,
[38;2;0;95;95m[48;2;215;255;255m+           "expression": "function () {
[38;2;0;95;95m[48;2;215;255;255m+       vm._update(vm._render(), hydrating);
[38;2;0;95;95m[48;2;215;255;255m+     }",
[38;2;0;95;95m[48;2;215;255;255m+           "getter": [Function],
[38;2;0;95;95m[48;2;215;255;255m+           "id": 5,
[38;2;0;95;95m[48;2;215;255;255m+           "lazy": false,
[38;2;0;95;95m[48;2;215;255;255m+           "newDepIds": Set {},
[38;2;0;95;95m[48;2;215;255;255m+           "newDeps": Array [],
[38;2;0;95;95m[48;2;215;255;255m+           "sync": false,
[38;2;0;95;95m[48;2;215;255;255m+           "user": false,
[38;2;0;95;95m[48;2;215;255;255m+           "value": undefined,
[38;2;0;95;95m[48;2;215;255;255m+           "vm": [Circular],
[38;2;0;95;95m[48;2;215;255;255m+         },
[38;2;0;95;95m[48;2;215;255;255m+       ],
[38;2;0;95;95m[48;2;215;255;255m+       "vueTestUtils_childProps": Object {},
[38;2;0;95;95m[48;2;215;255;255m+     },
[38;2;0;95;95m[48;2;215;255;255m+     "$scopedSlots": Object {},
[38;2;0;95;95m[48;2;215;255;255m+     "$slots": Object {},
[38;2;0;95;95m[48;2;215;255;255m+     "$vnode": VNode {
[38;2;0;95;95m[48;2;215;255;255m+       "asyncFactory": undefined,
[38;2;0;95;95m[48;2;215;255;255m+       "asyncMeta": undefined,
[38;2;0;95;95m[48;2;215;255;255m+       "children": undefined,
[38;2;0;95;95m[48;2;215;255;255m+       "componentInstance": [Circular],
[38;2;0;95;95m[48;2;215;255;255m+       "componentOptions": Object {
[38;2;0;95;95m[48;2;215;255;255m+         "Ctor": [Function],
[38;2;0;95;95m[48;2;215;255;255m+         "children": undefined,
[38;2;0;95;95m[48;2;215;255;255m+         "listeners": Object {},
[38;2;0;95;95m[48;2;215;255;255m+         "propsData": undefined,
[38;2;0;95;95m[48;2;215;255;255m+         "tag": undefined,
[38;2;0;95;95m[48;2;215;255;255m+       },
[38;2;0;95;95m[48;2;215;255;255m+       "context": VueComponent {
[38;2;0;95;95m[48;2;215;255;255m+         "$attrs": Object {},
[38;2;0;95;95m[48;2;215;255;255m+         "$children": Array [
[38;2;0;95;95m[48;2;215;255;255m+           [Circular],
[38;2;0;95;95m[48;2;215;255;255m+         ],
[38;2;0;95;95m[48;2;215;255;255m+         "$createElement": [Function],
[38;2;0;95;95m[48;2;215;255;255m+         "$el": <div>
[38;2;0;95;95m[48;2;215;255;255m+           <b-dropdown
[38;2;0;95;95m[48;2;215;255;255m+             no-caret=""
[38;2;0;95;95m[48;2;215;255;255m+             right=""
[38;2;0;95;95m[48;2;215;255;255m+             size="lg"
[38;2;0;95;95m[48;2;215;255;255m+             variant="link"
[38;2;0;95;95m[48;2;215;255;255m+           >
[38;2;0;95;95m[48;2;215;255;255m+              
[38;2;0;95;95m[48;2;215;255;255m+             <b-dropdown-item>
[38;2;0;95;95m[48;2;215;255;255m+               <b-icon
[38;2;0;95;95m[48;2;215;255;255m+                 icon="door-open"
[38;2;0;95;95m[48;2;215;255;255m+               />
[38;2;0;95;95m[48;2;215;255;255m+               
[38;2;0;95;95m[48;2;215;255;255m+       回到主页
[38;2;0;95;95m[48;2;215;255;255m+     
[38;2;0;95;95m[48;2;215;255;255m+             </b-dropdown-item>
[38;2;0;95;95m[48;2;215;255;255m+              
[38;2;0;95;95m[48;2;215;255;255m+             <b-dropdown-item>
[38;2;0;95;95m[48;2;215;255;255m+               <b-icon
[38;2;0;95;95m[48;2;215;255;255m+                 icon="cursor-fill"
[38;2;0;95;95m[48;2;215;255;255m+               />
[38;2;0;95;95m[48;2;215;255;255m+               
[38;2;0;95;95m[48;2;215;255;255m+       注销用户
[38;2;0;95;95m[48;2;215;255;255m+     
[38;2;0;95;95m[48;2;215;255;255m+             </b-dropdown-item>
[38;2;0;95;95m[48;2;215;255;255m+           </b-dropdown>
[38;2;0;95;95m[48;2;215;255;255m+         </div>,
[38;2;0;95;95m[48;2;215;255;255m+         "$emit": [Function],
[38;2;0;95;95m[48;2;215;255;255m+         "$listeners": Object {},
[38;2;0;95;95m[48;2;215;255;255m+         "$options": Object {
[38;2;0;95;95m[48;2;215;255;255m+           "$_doNotStubChildren": true,
[38;2;0;95;95m[48;2;215;255;255m+           "$_isWrapperParent": true,
[38;2;0;95;95m[48;2;215;255;255m+           "_Ctor": Object {
[38;2;0;95;95m[48;2;215;255;255m+             "1404": [Function],
[38;2;0;95;95m[48;2;215;255;255m+           },
[38;2;0;95;95m[48;2;215;255;255m+           "_base": [Function],
[38;2;0;95;95m[48;2;215;255;255m+           "_installedPlugins": Array [
[38;2;0;95;95m[48;2;215;255;255m+             Object {
[38;2;0;95;95m[48;2;215;255;255m+               "install": [Function],
[38;2;0;95;95m[48;2;215;255;255m+             },
[38;2;0;95;95m[48;2;215;255;255m+             Object {
[38;2;0;95;95m[48;2;215;255;255m+               "install": [Function],
[38;2;0;95;95m[48;2;215;255;255m+             },
[38;2;0;95;95m[48;2;215;255;255m+             Object {
[38;2;0;95;95m[48;2;215;255;255m+               "install": [Function],
[38;2;0;95;95m[48;2;215;255;255m+             },
[38;2;0;95;95m[48;2;215;255;255m+             Object {
[38;2;0;95;95m[48;2;215;255;255m+               "install": [Function],
[38;2;0;95;95m[48;2;215;255;255m+             },
[38;2;0;95;95m[48;2;215;255;255m+             Object {
[38;2;0;95;95m[48;2;215;255;255m+               "install": [Function],
[38;2;0;95;95m[48;2;215;255;255m+             },
[38;2;0;95;95m[48;2;215;255;255m+             Object {
[38;2;0;95;95m[48;2;215;255;255m+               "install": [Function],
[38;2;0;95;95m[48;2;215;255;255m+             },
[38;2;0;95;95m[48;2;215;255;255m+             Object {
[38;2;0;95;95m[48;2;215;255;255m+               "install": [Function],
[38;2;0;95;95m[48;2;215;255;255m+             },
[38;2;0;95;95m[48;2;215;255;255m+             Object {
[38;2;0;95;95m[48;2;215;255;255m+               "install": [Function],
[38;2;0;95;95m[48;2;215;255;255m+             },
[38;2;0;95;95m[48;2;215;255;255m+             Object {
[38;2;0;95;95m[48;2;215;255;255m+               "install": [Function],
[38;2;0;95;95m[48;2;215;255;255m+             },
[38;2;0;95;95m[48;2;215;255;255m+             Object {
[38;2;0;95;95m[48;2;215;255;255m+               "install": [Function],
[38;2;0;95;95m[48;2;215;255;255m+             },
[38;2;0;95;95m[48;2;215;255;255m+             Object {
[38;2;0;95;95m[48;2;215;255;255m+               "install": [Function],
[38;2;0;95;95m[48;2;215;255;255m+             },
[38;2;0;95;95m[48;2;215;255;255m+             Object {
[38;2;0;95;95m[48;2;215;255;255m+               "install": [Function],
[38;2;0;95;95m[48;2;215;255;255m+             },
[38;2;0;95;95m[48;2;215;255;255m+             Object {
[38;2;0;95;95m[48;2;215;255;255m+               "install": [Function],
[38;2;0;95;95m[48;2;215;255;255m+             },
[38;2;0;95;95m[48;2;215;255;255m+             Object {
[38;2;0;95;95m[48;2;215;255;255m+               "install": [Function],
[38;2;0;95;95m[48;2;215;255;255m+             },
[38;2;0;95;95m[48;2;215;255;255m+             Object {
[38;2;0;95;95m[48;2;215;255;255m+               "install": [Function],
[38;2;0;95;95m[48;2;215;255;255m+             },
[38;2;0;95;95m[48;2;215;255;255m+             Object {
[38;2;0;95;95m[48;2;215;255;255m+               "install": [Function],
[38;2;0;95;95m[48;2;215;255;255m+             },
[38;2;0;95;95m[48;2;215;255;255m+             Object {
[38;2;0;95;95m[48;2;215;255;255m+               "install": [Function],
[38;2;0;95;95m[48;2;215;255;255m+             },
[38;2;0;95;95m[48;2;215;255;255m+             Object {
[38;2;0;95;95m[48;2;215;255;255m+               "install": [Function],
[38;2;0;95;95m[48;2;215;255;255m+             },
[38;2;0;95;95m[48;2;215;255;255m+             Object {
[38;2;0;95;95m[48;2;215;255;255m+               "install": [Function],
[38;2;0;95;95m[48;2;215;255;255m+             },
[38;2;0;95;95m[48;2;215;255;255m+             Object {
[38;2;0;95;95m[48;2;215;255;255m+               "install": [Function],
[38;2;0;95;95m[48;2;215;255;255m+             },
[38;2;0;95;95m[48;2;215;255;255m+             Object {
[38;2;0;95;95m[48;2;215;255;255m+               "install": [Function],
[38;2;0;95;95m[48;2;215;255;255m+             },
[38;2;0;95;95m[48;2;215;255;255m+             Object {
[38;2;0;95;95m[48;2;215;255;255m+               "install": [Function],
[38;2;0;95;95m[48;2;215;255;255m+             },
[38;2;0;95;95m[48;2;215;255;255m+             Object {
[38;2;0;95;95m[48;2;215;255;255m+               "install": [Function],
[38;2;0;95;95m[48;2;215;255;255m+             },
[38;2;0;95;95m[48;2;215;255;255m+             Object {
[38;2;0;95;95m[48;2;215;255;255m+               "install": [Function],
[38;2;0;95;95m[48;2;215;255;255m+             },
[38;2;0;95;95m[48;2;215;255;255m+             Object {
[38;2;0;95;95m[48;2;215;255;255m+               "install": [Function],
[38;2;0;95;95m[48;2;215;255;255m+             },
[38;2;0;95;95m[48;2;215;255;255m+             Object {
[38;2;0;95;95m[48;2;215;255;255m+               "install": [Function],
[38;2;0;95;95m[48;2;215;255;255m+             },
[38;2;0;95;95m[48;2;215;255;255m+             Object {
[38;2;0;95;95m[48;2;215;255;255m+               "install": [Function],
[38;2;0;95;95m[48;2;215;255;255m+             },
[38;2;0;95;95m[48;2;215;255;255m+             Object {
[38;2;0;95;95m[48;2;215;255;255m+               "install": [Function],
[38;2;0;95;95m[48;2;215;255;255m+             },
[38;2;0;95;95m[48;2;215;255;255m+             Object {
[38;2;0;95;95m[48;2;215;255;255m+               "install": [Function],
[38;2;0;95;95m[48;2;215;255;255m+             },
[38;2;0;95;95m[48;2;215;255;255m+             Object {
[38;2;0;95;95m[48;2;215;255;255m+               "install": [Function],
[38;2;0;95;95m[48;2;215;255;255m+             },
[38;2;0;95;95m[48;2;215;255;255m+             Object {
[38;2;0;95;95m[48;2;215;255;255m+               "install": [Function],
[38;2;0;95;95m[48;2;215;255;255m+             },
[38;2;0;95;95m[48;2;215;255;255m+             Object {
[38;2;0;95;95m[48;2;215;255;255m+               "install": [Function],
[38;2;0;95;95m[48;2;215;255;255m+             },
[38;2;0;95;95m[48;2;215;255;255m+             Object {
[38;2;0;95;95m[48;2;215;255;255m+               "install": [Function],
[38;2;0;95;95m[48;2;215;255;255m+             },
[38;2;0;95;95m[48;2;215;255;255m+             Object {
[38;2;0;95;95m[48;2;215;255;255m+               "install": [Function],
[38;2;0;95;95m[48;2;215;255;255m+             },
[38;2;0;95;95m[48;2;215;255;255m+             Object {
[38;2;0;95;95m[48;2;215;255;255m+               "install": [Function],
[38;2;0;95;95m[48;2;215;255;255m+             },
[38;2;0;95;95m[48;2;215;255;255m+             [Function],
[38;2;0;95;95m[48;2;215;255;255m+             Object {
[38;2;0;95;95m[48;2;215;255;255m+               "install": [Function],
[38;2;0;95;95m[48;2;215;255;255m+             },
[38;2;0;95;95m[48;2;215;255;255m+             Object {
[38;2;0;95;95m[48;2;215;255;255m+               "install": [Function],
[38;2;0;95;95m[48;2;215;255;255m+             },
[38;2;0;95;95m[48;2;215;255;255m+             Object {
[38;2;0;95;95m[48;2;215;255;255m+               "install": [Function],
[38;2;0;95;95m[48;2;215;255;255m+             },
[38;2;0;95;95m[48;2;215;255;255m+             Object {
[38;2;0;95;95m[48;2;215;255;255m+               "install": [Function],
[38;2;0;95;95m[48;2;215;255;255m+             },
[38;2;0;95;95m[48;2;215;255;255m+             Object {
[38;2;0;95;95m[48;2;215;255;255m+               "install": [Function],
[38;2;0;95;95m[48;2;215;255;255m+             },
[38;2;0;95;95m[48;2;215;255;255m+             Object {
[38;2;0;95;95m[48;2;215;255;255m+               "install": [Function],
[38;2;0;95;95m[48;2;215;255;255m+             },
[38;2;0;95;95m[48;2;215;255;255m+             Object {
[38;2;0;95;95m[48;2;215;255;255m+               "install": [Function],
[38;2;0;95;95m[48;2;215;255;255m+             },
[38;2;0;95;95m[48;2;215;255;255m+             Object {
[38;2;0;95;95m[48;2;215;255;255m+               "install": [Function],
[38;2;0;95;95m[48;2;215;255;255m+             },
[38;2;0;95;95m[48;2;215;255;255m+             Object {
[38;2;0;95;95m[48;2;215;255;255m+               "install": [Function],
[38;2;0;95;95m[48;2;215;255;255m+             },
[38;2;0;95;95m[48;2;215;255;255m+             Object {
[38;2;0;95;95m[48;2;215;255;255m+               "install": [Function],
[38;2;0;95;95m[48;2;215;255;255m+             },
[38;2;0;95;95m[48;2;215;255;255m+             Object {
[38;2;0;95;95m[48;2;215;255;255m+               "install": [Function],
[38;2;0;95;95m[48;2;215;255;255m+             },
[38;2;0;95;95m[48;2;215;255;255m+             Object {
[38;2;0;95;95m[48;2;215;255;255m+               "install": [Function],
[38;2;0;95;95m[48;2;215;255;255m+             },
[38;2;0;95;95m[48;2;215;255;255m+             Object {
[38;2;0;95;95m[48;2;215;255;255m+               "install": [Function],
[38;2;0;95;95m[48;2;215;255;255m+             },
[38;2;0;95;95m[48;2;215;255;255m+             Object {
[38;2;0;95;95m[48;2;215;255;255m+               "install": [Function],
[38;2;0;95;95m[48;2;215;255;255m+             },
[38;2;0;95;95m[48;2;215;255;255m+             Object {
[38;2;0;95;95m[48;2;215;255;255m+               "install": [Function],
[38;2;0;95;95m[48;2;215;255;255m+             },
[38;2;0;95;95m[48;2;215;255;255m+             Object {
[38;2;0;95;95m[48;2;215;255;255m+               "install": [Function],
[38;2;0;95;95m[48;2;215;255;255m+             },
[38;2;0;95;95m[48;2;215;255;255m+             Object {
[38;2;0;95;95m[48;2;215;255;255m+               "install": [Function],
[38;2;0;95;95m[48;2;215;255;255m+             },
[38;2;0;95;95m[48;2;215;255;255m+             Object {
[38;2;0;95;95m[48;2;215;255;255m+               "install": [Function],
[38;2;0;95;95m[48;2;215;255;255m+             },
[38;2;0;95;95m[48;2;215;255;255m+             [Function],
[38;2;0;95;95m[48;2;215;255;255m+             Object {
[38;2;0;95;95m[48;2;215;255;255m+               "install": [Function],
[38;2;0;95;95m[48;2;215;255;255m+             },
[38;2;0;95;95m[48;2;215;255;255m+             Object {
[38;2;0;95;95m[48;2;215;255;255m+               "install": [Function],
[38;2;0;95;95m[48;2;215;255;255m+             },
[38;2;0;95;95m[48;2;215;255;255m+             Object {
[38;2;0;95;95m[48;2;215;255;255m+               "install": [Function],
[38;2;0;95;95m[48;2;215;255;255m+             },
[38;2;0;95;95m[48;2;215;255;255m+             Object {
[38;2;0;95;95m[48;2;215;255;255m+               "install": [Function],
[38;2;0;95;95m[48;2;215;255;255m+             },
[38;2;0;95;95m[48;2;215;255;255m+             Object {
[38;2;0;95;95m[48;2;215;255;255m+               "install": [Function],
[38;2;0;95;95m[48;2;215;255;255m+             },
[38;2;0;95;95m[48;2;215;255;255m+             Object {
[38;2;0;95;95m[48;2;215;255;255m+               "install": [Function],
[38;2;0;95;95m[48;2;215;255;255m+             },
[38;2;0;95;95m[48;2;215;255;255m+             Object {
[38;2;0;95;95m[48;2;215;255;255m+               "install": [Function],
[38;2;0;95;95m[48;2;215;255;255m+             },
[38;2;0;95;95m[48;2;215;255;255m+             Object {
[38;2;0;95;95m[48;2;215;255;255m+               "install": [Function],
[38;2;0;95;95m[48;2;215;255;255m+             },
[38;2;0;95;95m[48;2;215;255;255m+             Object {
[38;2;0;95;95m[48;2;215;255;255m+               "install": [Function],
[38;2;0;95;95m[48;2;215;255;255m+             },
[38;2;0;95;95m[48;2;215;255;255m+             Object {
[38;2;0;95;95m[48;2;215;255;255m+               "install": [Function],
[38;2;0;95;95m[48;2;215;255;255m+             },
[38;2;0;95;95m[48;2;215;255;255m+             Object {
[38;2;0;95;95m[48;2;215;255;255m+               "NAME": "BootstrapVue",
[38;2;0;95;95m[48;2;215;255;255m+               "install": [Function],
[38;2;0;95;95m[48;2;215;255;255m+             },
[38;2;0;95;95m[48;2;215;255;255m+           ],
[38;2;0;95;95m[48;2;215;255;255m+           "_isFunctionalContainer": undefined,
[38;2;0;95;95m[48;2;215;255;255m+           "beforeCreate": Array [
[38;2;0;95;95m[48;2;215;255;255m+             [Function],
[38;2;0;95;95m[48;2;215;255;255m+             [Function],
[38;2;0;95;95m[48;2;215;255;255m+             [Function],
[38;2;0;95;95m[48;2;215;255;255m+           ],
[38;2;0;95;95m[48;2;215;255;255m+           "cid": 1398,
[38;2;0;95;95m[48;2;215;255;255m+           "component": [Function],
[38;2;0;95;95m[48;2;215;255;255m+           "components": Object {
[38;2;0;95;95m[48;2;215;255;255m+             "transition": Object {
[38;2;0;95;95m[48;2;215;255;255m+               "$_doNotStubChildren": true,
[38;2;0;95;95m[48;2;215;255;255m+               "$_vueTestUtils_original": Object {
[38;2;0;95;95m[48;2;215;255;255m+                 "_Ctor": Object {
[38;2;0;95;95m[48;2;215;255;255m+                   "1404": [Function],
[38;2;0;95;95m[48;2;215;255;255m+                 },
[38;2;0;95;95m[48;2;215;255;255m+                 "abstract": true,
[38;2;0;95;95m[48;2;215;255;255m+                 "name": "transition",
[38;2;0;95;95m[48;2;215;255;255m+                 "props": Object {
[38;2;0;95;95m[48;2;215;255;255m+                   "appear": Object {
[38;2;0;95;95m[48;2;215;255;255m+                     "type": [Function],
[38;2;0;95;95m[48;2;215;255;255m+                   },
[38;2;0;95;95m[48;2;215;255;255m+                   "appearActiveClass": Object {
[38;2;0;95;95m[48;2;215;255;255m+                     "type": [Function],
[38;2;0;95;95m[48;2;215;255;255m+                   },
[38;2;0;95;95m[48;2;215;255;255m+                   "appearClass": Object {
[38;2;0;95;95m[48;2;215;255;255m+                     "type": [Function],
[38;2;0;95;95m[48;2;215;255;255m+                   },
[38;2;0;95;95m[48;2;215;255;255m+                   "appearToClass": Object {
[38;2;0;95;95m[48;2;215;255;255m+                     "type": [Function],
[38;2;0;95;95m[48;2;215;255;255m+                   },
[38;2;0;95;95m[48;2;215;255;255m+                   "css": Object {
[38;2;0;95;95m[48;2;215;255;255m+                     "type": [Function],
[38;2;0;95;95m[48;2;215;255;255m+                   },
[38;2;0;95;95m[48;2;215;255;255m+                   "duration": Object {
[38;2;0;95;95m[48;2;215;255;255m+                     "type": Array [
[38;2;0;95;95m[48;2;215;255;255m+                       [Function],
[38;2;0;95;95m[48;2;215;255;255m+                       [Function],
[38;2;0;95;95m[48;2;215;255;255m+                       [Function],
[38;2;0;95;95m[48;2;215;255;255m+                     ],
[38;2;0;95;95m[48;2;215;255;255m+                   },
[38;2;0;95;95m[48;2;215;255;255m+                   "enterActiveClass": Object {
[38;2;0;95;95m[48;2;215;255;255m+                     "type": [Function],
[38;2;0;95;95m[48;2;215;255;255m+                   },
[38;2;0;95;95m[48;2;215;255;255m+                   "enterClass": Object {
[38;2;0;95;95m[48;2;215;255;255m+                     "type": [Function],
[38;2;0;95;95m[48;2;215;255;255m+                   },
[38;2;0;95;95m[48;2;215;255;255m+                   "enterToClass": Object {
[38;2;0;95;95m[48;2;215;255;255m+                     "type": [Function],
[38;2;0;95;95m[48;2;215;255;255m+                   },
[38;2;0;95;95m[48;2;215;255;255m+                   "leaveActiveClass": Object {
[38;2;0;95;95m[48;2;215;255;255m+                     "type": [Function],
[38;2;0;95;95m[48;2;215;255;255m+                   },
[38;2;0;95;95m[48;2;215;255;255m+                   "leaveClass": Object {
[38;2;0;95;95m[48;2;215;255;255m+                     "type": [Function],
[38;2;0;95;95m[48;2;215;255;255m+                   },
[38;2;0;95;95m[48;2;215;255;255m+                   "leaveToClass": Object {
[38;2;0;95;95m[48;2;215;255;255m+                     "type": [Function],
[38;2;0;95;95m[48;2;215;255;255m+                   },
[38;2;0;95;95m[48;2;215;255;255m+                   "mode": Object {
[38;2;0;95;95m[48;2;215;255;255m+                     "type": [Function],
[38;2;0;95;95m[48;2;215;255;255m+                   },
[38;2;0;95;95m[48;2;215;255;255m+                   "name": Object {
[38;2;0;95;95m[48;2;215;255;255m+                     "type": [Function],
[38;2;0;95;95m[48;2;215;255;255m+                   },
[38;2;0;95;95m[48;2;215;255;255m+                   "type": Object {
[38;2;0;95;95m[48;2;215;255;255m+                     "type": [Function],
[38;2;0;95;95m[48;2;215;255;255m+                   },
[38;2;0;95;95m[48;2;215;255;255m+                 },
[38;2;0;95;95m[48;2;215;255;255m+                 "render": [Function],
[38;2;0;95;95m[48;2;215;255;255m+               },
[38;2;0;95;95m[48;2;215;255;255m+               "abstract": true,
[38;2;0;95;95m[48;2;215;255;255m+               "attrs": undefined,
[38;2;0;95;95m[48;2;215;255;255m+               "class": undefined,
[38;2;0;95;95m[48;2;215;255;255m+               "domProps": undefined,
[38;2;0;95;95m[48;2;215;255;255m+               "functional": undefined,
[38;2;0;95;95m[48;2;215;255;255m+               "key": undefined,
[38;2;0;95;95m[48;2;215;255;255m+               "model": undefined,
[38;2;0;95;95m[48;2;215;255;255m+               "name": "transition",
[38;2;0;95;95m[48;2;215;255;255m+               "nativeOn": undefined,
[38;2;0;95;95m[48;2;215;255;255m+               "normalizedStyle": undefined,
[38;2;0;95;95m[48;2;215;255;255m+               "on": undefined,
[38;2;0;95;95m[48;2;215;255;255m+               "props": Object {
[38;2;0;95;95m[48;2;215;255;255m+                 "appear": Object {
[38;2;0;95;95m[48;2;215;255;255m+                   "type": [Function],
[38;2;0;95;95m[48;2;215;255;255m+                 },
[38;2;0;95;95m[48;2;215;255;255m+                 "appearActiveClass": Object {
[38;2;0;95;95m[48;2;215;255;255m+                   "type": [Function],
[38;2;0;95;95m[48;2;215;255;255m+                 },
[38;2;0;95;95m[48;2;215;255;255m+                 "appearClass": Object {
[38;2;0;95;95m[48;2;215;255;255m+                   "type": [Function],
[38;2;0;95;95m[48;2;215;255;255m+                 },
[38;2;0;95;95m[48;2;215;255;255m+                 "appearToClass": Object {
[38;2;0;95;95m[48;2;215;255;255m+                   "type": [Function],
[38;2;0;95;95m[48;2;215;255;255m+                 },
[38;2;0;95;95m[48;2;215;255;255m+                 "css": Object {
[38;2;0;95;95m[48;2;215;255;255m+                   "type": [Function],
[38;2;0;95;95m[48;2;215;255;255m+                 },
[38;2;0;95;95m[48;2;215;255;255m+                 "duration": Object {
[38;2;0;95;95m[48;2;215;255;255m+                   "type": Array [
[38;2;0;95;95m[48;2;215;255;255m+                     [Function],
[38;2;0;95;95m[48;2;215;255;255m+                     [Function],
[38;2;0;95;95m[48;2;215;255;255m+                     [Function],
[38;2;0;95;95m[48;2;215;255;255m+                   ],
[38;2;0;95;95m[48;2;215;255;255m+                 },
[38;2;0;95;95m[48;2;215;255;255m+                 "enterActiveClass": Object {
[38;2;0;95;95m[48;2;215;255;255m+                   "type": [Function],
[38;2;0;95;95m[48;2;215;255;255m+                 },
[38;2;0;95;95m[48;2;215;255;255m+                 "enterClass": Object {
[38;2;0;95;95m[48;2;215;255;255m+                   "type": [Function],
[38;2;0;95;95m[48;2;215;255;255m+                 },
[38;2;0;95;95m[48;2;215;255;255m+                 "enterToClass": Object {
[38;2;0;95;95m[48;2;215;255;255m+                   "type": [Function],
[38;2;0;95;95m[48;2;215;255;255m+                 },
[38;2;0;95;95m[48;2;215;255;255m+                 "leaveActiveClass": Object {
[38;2;0;95;95m[48;2;215;255;255m+                   "type": [Function],
[38;2;0;95;95m[48;2;215;255;255m+                 },
[38;2;0;95;95m[48;2;215;255;255m+                 "leaveClass": Object {
[38;2;0;95;95m[48;2;215;255;255m+                   "type": [Function],
[38;2;0;95;95m[48;2;215;255;255m+                 },
[38;2;0;95;95m[48;2;215;255;255m+                 "leaveToClass": Object {
[38;2;0;95;95m[48;2;215;255;255m+                   "type": [Function],
[38;2;0;95;95m[48;2;215;255;255m+                 },
[38;2;0;95;95m[48;2;215;255;255m+                 "mode": Object {
[38;2;0;95;95m[48;2;215;255;255m+                   "type": [Function],
[38;2;0;95;95m[48;2;215;255;255m+                 },
[38;2;0;95;95m[48;2;215;255;255m+                 "name": Object {
[38;2;0;95;95m[48;2;215;255;255m+                   "type": [Function],
[38;2;0;95;95m[48;2;215;255;255m+                 },
[38;2;0;95;95m[48;2;215;255;255m+                 "type": Object {
[38;2;0;95;95m[48;2;215;255;255m+                   "type": [Function],
[38;2;0;95;95m[48;2;215;255;255m+                 },
[38;2;0;95;95m[48;2;215;255;255m+               },
[38;2;0;95;95m[48;2;215;255;255m+               "render": [Function],
[38;2;0;95;95m[48;2;215;255;255m+               "staticClass": undefined,
[38;2;0;95;95m[48;2;215;255;255m+               "staticStyle": undefined,
[38;2;0;95;95m[48;2;215;255;255m+               "style": undefined,
[38;2;0;95;95m[48;2;215;255;255m+             },
[38;2;0;95;95m[48;2;215;255;255m+             "transition-group": Object {
[38;2;0;95;95m[48;2;215;255;255m+               "$_doNotStubChildren": true,
[38;2;0;95;95m[48;2;215;255;255m+               "$_vueTestUtils_original": Object {
[38;2;0;95;95m[48;2;215;255;255m+                 "_Ctor": Object {
[38;2;0;95;95m[48;2;215;255;255m+                   "1404": [Function],
[38;2;0;95;95m[48;2;215;255;255m+                 },
[38;2;0;95;95m[48;2;215;255;255m+                 "beforeMount": [Function],
[38;2;0;95;95m[48;2;215;255;255m+                 "methods": Object {
[38;2;0;95;95m[48;2;215;255;255m+                   "hasMove": [Function],
[38;2;0;95;95m[48;2;215;255;255m+                 },
[38;2;0;95;95m[48;2;215;255;255m+                 "props": Object {
[38;2;0;95;95m[48;2;215;255;255m+                   "appear": Object {
[38;2;0;95;95m[48;2;215;255;255m+                     "type": [Function],
[38;2;0;95;95m[48;2;215;255;255m+                   },
[38;2;0;95;95m[48;2;215;255;255m+                   "appearActiveClass": Object {
[38;2;0;95;95m[48;2;215;255;255m+                     "type": [Function],
[38;2;0;95;95m[48;2;215;255;255m+                   },
[38;2;0;95;95m[48;2;215;255;255m+                   "appearClass": Object {
[38;2;0;95;95m[48;2;215;255;255m+                     "type": [Function],
[38;2;0;95;95m[48;2;215;255;255m+                   },
[38;2;0;95;95m[48;2;215;255;255m+                   "appearToClass": Object {
[38;2;0;95;95m[48;2;215;255;255m+                     "type": [Function],
[38;2;0;95;95m[48;2;215;255;255m+                   },
[38;2;0;95;95m[48;2;215;255;255m+                   "css": Object {
[38;2;0;95;95m[48;2;215;255;255m+                     "type": [Function],
[38;2;0;95;95m[48;2;215;255;255m+                   },
[38;2;0;95;95m[48;2;215;255;255m+                   "duration": Object {
[38;2;0;95;95m[48;2;215;255;255m+                     "type": Array [
[38;2;0;95;95m[48;2;215;255;255m+                       [Function],
[38;2;0;95;95m[48;2;215;255;255m+                       [Function],
[38;2;0;95;95m[48;2;215;255;255m+                       [Function],
[38;2;0;95;95m[48;2;215;255;255m+                     ],
[38;2;0;95;95m[48;2;215;255;255m+                   },
[38;2;0;95;95m[48;2;215;255;255m+                   "enterActiveClass": Object {
[38;2;0;95;95m[48;2;215;255;255m+                     "type": [Function],
[38;2;0;95;95m[48;2;215;255;255m+                   },
[38;2;0;95;95m[48;2;215;255;255m+                   "enterClass": Object {
[38;2;0;95;95m[48;2;215;255;255m+                     "type": [Function],
[38;2;0;95;95m[48;2;215;255;255m+                   },
[38;2;0;95;95m[48;2;215;255;255m+                   "enterToClass": Object {
[38;2;0;95;95m[48;2;215;255;255m+                     "type": [Function],
[38;2;0;95;95m[48;2;215;255;255m+                   },
[38;2;0;95;95m[48;2;215;255;255m+                   "leaveActiveClass": Object {
[38;2;0;95;95m[48;2;215;255;255m+                     "type": [Function],
[38;2;0;95;95m[48;2;215;255;255m+                   },
[38;2;0;95;95m[48;2;215;255;255m+                   "leaveClass": Object {
[38;2;0;95;95m[48;2;215;255;255m+                     "type": [Function],
[38;2;0;95;95m[48;2;215;255;255m+                   },
[38;2;0;95;95m[48;2;215;255;255m+                   "leaveToClass": Object {
[38;2;0;95;95m[48;2;215;255;255m+                     "type": [Function],
[38;2;0;95;95m[48;2;215;255;255m+                   },
[38;2;0;95;95m[48;2;215;255;255m+                   "moveClass": Object {
[38;2;0;95;95m[48;2;215;255;255m+                     "type": [Function],
[38;2;0;95;95m[48;2;215;255;255m+                   },
[38;2;0;95;95m[48;2;215;255;255m+                   "name": Object {
[38;2;0;95;95m[48;2;215;255;255m+                     "type": [Function],
[38;2;0;95;95m[48;2;215;255;255m+                   },
[38;2;0;95;95m[48;2;215;255;255m+                   "tag": Object {
[38;2;0;95;95m[48;2;215;255;255m+                     "type": [Function],
[38;2;0;95;95m[48;2;215;255;255m+                   },
[38;2;0;95;95m[48;2;215;255;255m+                   "type": Object {
[38;2;0;95;95m[48;2;215;255;255m+                     "type": [Function],
[38;2;0;95;95m[48;2;215;255;255m+                   },
[38;2;0;95;95m[48;2;215;255;255m+                 },
[38;2;0;95;95m[48;2;215;255;255m+                 "render": [Function],
[38;2;0;95;95m[48;2;215;255;255m+                 "updated": [Function],
[38;2;0;95;95m[48;2;215;255;255m+               },
[38;2;0;95;95m[48;2;215;255;255m+               "abstract": undefined,
[38;2;0;95;95m[48;2;215;255;255m+               "attrs": undefined,
[38;2;0;95;95m[48;2;215;255;255m+               "class": undefined,
[38;2;0;95;95m[48;2;215;255;255m+               "domProps": undefined,
[38;2;0;95;95m[48;2;215;255;255m+               "functional": undefined,
[38;2;0;95;95m[48;2;215;255;255m+               "key": undefined,
[38;2;0;95;95m[48;2;215;255;255m+               "model": undefined,
[38;2;0;95;95m[48;2;215;255;255m+               "name": undefined,
[38;2;0;95;95m[48;2;215;255;255m+               "nativeOn": undefined,
[38;2;0;95;95m[48;2;215;255;255m+               "normalizedStyle": undefined,
[38;2;0;95;95m[48;2;215;255;255m+               "on": undefined,
[38;2;0;95;95m[48;2;215;255;255m+               "props": Object {
[38;2;0;95;95m[48;2;215;255;255m+                 "appear": Object {
[38;2;0;95;95m[48;2;215;255;255m+                   "type": [Function],
[38;2;0;95;95m[48;2;215;255;255m+                 },
[38;2;0;95;95m[48;2;215;255;255m+                 "appearActiveClass": Object {
[38;2;0;95;95m[48;2;215;255;255m+                   "type": [Function],
[38;2;0;95;95m[48;2;215;255;255m+                 },
[38;2;0;95;95m[48;2;215;255;255m+                 "appearClass": Object {
[38;2;0;95;95m[48;2;215;255;255m+                   "type": [Function],
[38;2;0;95;95m[48;2;215;255;255m+                 },
[38;2;0;95;95m[48;2;215;255;255m+                 "appearToClass": Object {
[38;2;0;95;95m[48;2;215;255;255m+                   "type": [Function],
[38;2;0;95;95m[48;2;215;255;255m+                 },
[38;2;0;95;95m[48;2;215;255;255m+                 "css": Object {
[38;2;0;95;95m[48;2;215;255;255m+                   "type": [Function],
[38;2;0;95;95m[48;2;215;255;255m+                 },
[38;2;0;95;95m[48;2;215;255;255m+                 "duration": Object {
[38;2;0;95;95m[48;2;215;255;255m+                   "type": Array [
[38;2;0;95;95m[48;2;215;255;255m+                     [Function],
[38;2;0;95;95m[48;2;215;255;255m+                     [Function],
[38;2;0;95;95m[48;2;215;255;255m+                     [Function],
[38;2;0;95;95m[48;2;215;255;255m+                   ],
[38;2;0;95;95m[48;2;215;255;255m+                 },
[38;2;0;95;95m[48;2;215;255;255m+                 "enterActiveClass": Object {
[38;2;0;95;95m[48;2;215;255;255m+                   "type": [Function],
[38;2;0;95;95m[48;2;215;255;255m+                 },
[38;2;0;95;95m[48;2;215;255;255m+                 "enterClass": Object {
[38;2;0;95;95m[48;2;215;255;255m+                   "type": [Function],
[38;2;0;95;95m[48;2;215;255;255m+                 },
[38;2;0;95;95m[48;2;215;255;255m+                 "enterToClass": Object {
[38;2;0;95;95m[48;2;215;255;255m+                   "type": [Function],
[38;2;0;95;95m[48;2;215;255;255m+                 },
[38;2;0;95;95m[48;2;215;255;255m+                 "leaveActiveClass": Object {
[38;2;0;95;95m[48;2;215;255;255m+                   "type": [Function],
[38;2;0;95;95m[48;2;215;255;255m+                 },
[38;2;0;95;95m[48;2;215;255;255m+                 "leaveClass": Object {
[38;2;0;95;95m[48;2;215;255;255m+                   "type": [Function],
[38;2;0;95;95m[48;2;215;255;255m+                 },
[38;2;0;95;95m[48;2;215;255;255m+                 "leaveToClass": Object {
[38;2;0;95;95m[48;2;215;255;255m+                   "type": [Function],
[38;2;0;95;95m[48;2;215;255;255m+                 },
[38;2;0;95;95m[48;2;215;255;255m+                 "moveClass": Object {
[38;2;0;95;95m[48;2;215;255;255m+                   "type": [Function],
[38;2;0;95;95m[48;2;215;255;255m+                 },
[38;2;0;95;95m[48;2;215;255;255m+                 "name": Object {
[38;2;0;95;95m[48;2;215;255;255m+                   "type": [Function],
[38;2;0;95;95m[48;2;215;255;255m+                 },
[38;2;0;95;95m[48;2;215;255;255m+                 "tag": Object {
[38;2;0;95;95m[48;2;215;255;255m+                   "type": [Function],
[38;2;0;95;95m[48;2;215;255;255m+                 },
[38;2;0;95;95m[48;2;215;255;255m+                 "type": Object {
[38;2;0;95;95m[48;2;215;255;255m+                   "type": [Function],
[38;2;0;95;95m[48;2;215;255;255m+                 },
[38;2;0;95;95m[48;2;215;255;255m+               },
[38;2;0;95;95m[48;2;215;255;255m+               "render": [Function],
[38;2;0;95;95m[48;2;215;255;255m+               "staticClass": undefined,
[38;2;0;95;95m[48;2;215;255;255m+               "staticStyle": undefined,
[38;2;0;95;95m[48;2;215;255;255m+               "style": undefined,
[38;2;0;95;95m[48;2;215;255;255m+             },
[38;2;0;95;95m[48;2;215;255;255m+           },
[38;2;0;95;95m[48;2;215;255;255m+           "config": Object {
[38;2;0;95;95m[48;2;215;255;255m+             "_lifecycleHooks": Array [
[38;2;0;95;95m[48;2;215;255;255m+               "beforeCreate",
[38;2;0;95;95m[48;2;215;255;255m+               "created",
[38;2;0;95;95m[48;2;215;255;255m+               "beforeMount",
[38;2;0;95;95m[48;2;215;255;255m+               "mounted",
[38;2;0;95;95m[48;2;215;255;255m+               "beforeUpdate",
[38;2;0;95;95m[48;2;215;255;255m+               "updated",
[38;2;0;95;95m[48;2;215;255;255m+               "beforeDestroy",
[38;2;0;95;95m[48;2;215;255;255m+               "destroyed",
[38;2;0;95;95m[48;2;215;255;255m+               "activated",
[38;2;0;95;95m[48;2;215;255;255m+               "deactivated",
[38;2;0;95;95m[48;2;215;255;255m+               "errorCaptured",
[38;2;0;95;95m[48;2;215;255;255m+               "serverPrefetch",
[38;2;0;95;95m[48;2;215;255;255m+             ],
[38;2;0;95;95m[48;2;215;255;255m+             "async": true,
[38;2;0;95;95m[48;2;215;255;255m+             "devtools": false,
[38;2;0;95;95m[48;2;215;255;255m+             "errorHandler": undefined,
[38;2;0;95;95m[48;2;215;255;255m+             "getTagNamespace": [Function],
[38;2;0;95;95m[48;2;215;255;255m+             "ignoredElements": Array [],
[38;2;0;95;95m[48;2;215;255;255m+             "isReservedAttr": [Function],
[38;2;0;95;95m[48;2;215;255;255m+             "isReservedTag": [Function],
[38;2;0;95;95m[48;2;215;255;255m+             "isUnknownElement": [Function],
[38;2;0;95;95m[48;2;215;255;255m+             "keyCodes": Object {},
[38;2;0;95;95m[48;2;215;255;255m+             "mustUseProp": [Function],
[38;2;0;95;95m[48;2;215;255;255m+             "optionMergeStrategies": Object {
[38;2;0;95;95m[48;2;215;255;255m+               "activated": [Function],
[38;2;0;95;95m[48;2;215;255;255m+               "beforeCreate": [Function],
[38;2;0;95;95m[48;2;215;255;255m+               "beforeDestroy": [Function],
[38;2;0;95;95m[48;2;215;255;255m+               "beforeMount": [Function],
[38;2;0;95;95m[48;2;215;255;255m+               "beforeUpdate": [Function],
[38;2;0;95;95m[48;2;215;255;255m+               "components": [Function],
[38;2;0;95;95m[48;2;215;255;255m+               "computed": [Function],
[38;2;0;95;95m[48;2;215;255;255m+               "created": [Function],
[38;2;0;95;95m[48;2;215;255;255m+               "data": [Function],
[38;2;0;95;95m[48;2;215;255;255m+               "deactivated": [Function],
[38;2;0;95;95m[48;2;215;255;255m+               "destroyed": [Function],
[38;2;0;95;95m[48;2;215;255;255m+               "directives": [Function],
[38;2;0;95;95m[48;2;215;255;255m+               "el": [Function],
[38;2;0;95;95m[48;2;215;255;255m+               "errorCaptured": [Function],
[38;2;0;95;95m[48;2;215;255;255m+               "filters": [Function],
[38;2;0;95;95m[48;2;215;255;255m+               "inject": [Function],
[38;2;0;95;95m[48;2;215;255;255m+               "methods": [Function],
[38;2;0;95;95m[48;2;215;255;255m+               "mounted": [Function],
[38;2;0;95;95m[48;2;215;255;255m+               "props": [Function],
[38;2;0;95;95m[48;2;215;255;255m+               "propsData": [Function],
[38;2;0;95;95m[48;2;215;255;255m+               "provide": [Function],
[38;2;0;95;95m[48;2;215;255;255m+               "serverPrefetch": [Function],
[38;2;0;95;95m[48;2;215;255;255m+               "updated": [Function],
[38;2;0;95;95m[48;2;215;255;255m+               "watch": [Function],
[38;2;0;95;95m[48;2;215;255;255m+             },
[38;2;0;95;95m[48;2;215;255;255m+             "parsePlatformTagName": [Function],
[38;2;0;95;95m[48;2;215;255;255m+             "performance": false,
[38;2;0;95;95m[48;2;215;255;255m+             "productionTip": false,
[38;2;0;95;95m[48;2;215;255;255m+             "silent": false,
[38;2;0;95;95m[48;2;215;255;255m+             "warnHandler": null,
[38;2;0;95;95m[48;2;215;255;255m+           },
[38;2;0;95;95m[48;2;215;255;255m+           "data": [Function],
[38;2;0;95;95m[48;2;215;255;255m+           "delete": [Function],
[38;2;0;95;95m[48;2;215;255;255m+           "directive": [Function],
[38;2;0;95;95m[48;2;215;255;255m+           "directives": Object {},
[38;2;0;95;95m[48;2;215;255;255m+           "extend": [Function],
[38;2;0;95;95m[48;2;215;255;255m+           "extendOptions": Object {
[38;2;0;95;95m[48;2;215;255;255m+             "_Ctor": Object {
[38;2;0;95;95m[48;2;215;255;255m+               "0": [Function],
[38;2;0;95;95m[48;2;215;255;255m+             },
[38;2;0;95;95m[48;2;215;255;255m+           },
[38;2;0;95;95m[48;2;215;255;255m+           "filter": [Function],
[38;2;0;95;95m[48;2;215;255;255m+           "filters": Object {},
[38;2;0;95;95m[48;2;215;255;255m+           "methods": undefined,
[38;2;0;95;95m[48;2;215;255;255m+           "mixin": [Function],
[38;2;0;95;95m[48;2;215;255;255m+           "mocks": undefined,
[38;2;0;95;95m[48;2;215;255;255m+           "nextTick": [Function],
[38;2;0;95;95m[48;2;215;255;255m+           "observable": [Function],
[38;2;0;95;95m[48;2;215;255;255m+           "options": Object {
[38;2;0;95;95m[48;2;215;255;255m+             "_Ctor": Object {
[38;2;0;95;95m[48;2;215;255;255m+               "0": [Function],
[38;2;0;95;95m[48;2;215;255;255m+             },
[38;2;0;95;95m[48;2;215;255;255m+             "_base": [Function],
[38;2;0;95;95m[48;2;215;255;255m+             "beforeCreate": Array [
[38;2;0;95;95m[48;2;215;255;255m+               [Function],
[38;2;0;95;95m[48;2;215;255;255m+               [Function],
[38;2;0;95;95m[48;2;215;255;255m+             ],
[38;2;0;95;95m[48;2;215;255;255m+             "components": Object {
[38;2;0;95;95m[48;2;215;255;255m+               "BTooltip": [Function],
[38;2;0;95;95m[48;2;215;255;255m+             },
[38;2;0;95;95m[48;2;215;255;255m+             "directives": Object {
[38;2;0;95;95m[48;2;215;255;255m+               "BHover": Object {
[38;2;0;95;95m[48;2;215;255;255m+                 "bind": [Function],
[38;2;0;95;95m[48;2;215;255;255m+                 "componentUpdated": [Function],
[38;2;0;95;95m[48;2;215;255;255m+                 "unbind": [Function],
[38;2;0;95;95m[48;2;215;255;255m+               },
[38;2;0;95;95m[48;2;215;255;255m+               "BModal": Object {
[38;2;0;95;95m[48;2;215;255;255m+                 "componentUpdated": [Function],
[38;2;0;95;95m[48;2;215;255;255m+                 "inserted": [Function],
[38;2;0;95;95m[48;2;215;255;255m+                 "unbind": [Function],
[38;2;0;95;95m[48;2;215;255;255m+                 "updated": [Function],
[38;2;0;95;95m[48;2;215;255;255m+               },
[38;2;0;95;95m[48;2;215;255;255m+               "BScrollspy": Object {
[38;2;0;95;95m[48;2;215;255;255m+                 "bind": [Function],
[38;2;0;95;95m[48;2;215;255;255m+                 "componentUpdated": [Function],
[38;2;0;95;95m[48;2;215;255;255m+                 "inserted": [Function],
[38;2;0;95;95m[48;2;215;255;255m+                 "unbind": [Function],
[38;2;0;95;95m[48;2;215;255;255m+                 "update": [Function],
[38;2;0;95;95m[48;2;215;255;255m+               },
[38;2;0;95;95m[48;2;215;255;255m+               "BTooltip": Object {
[38;2;0;95;95m[48;2;215;255;255m+                 "bind": [Function],
[38;2;0;95;95m[48;2;215;255;255m+                 "componentUpdated": [Function],
[38;2;0;95;95m[48;2;215;255;255m+                 "unbind": [Function],
[38;2;0;95;95m[48;2;215;255;255m+               },
[38;2;0;95;95m[48;2;215;255;255m+               "BVisible": Object {
[38;2;0;95;95m[48;2;215;255;255m+                 "bind": [Function],
[38;2;0;95;95m[48;2;215;255;255m+                 "componentUpdated": [Function],
[38;2;0;95;95m[48;2;215;255;255m+                 "unbind": [Function],
[38;2;0;95;95m[48;2;215;255;255m+               },
[38;2;0;95;95m[48;2;215;255;255m+             },
[38;2;0;95;95m[48;2;215;255;255m+             "filters": Object {},
[38;2;0;95;95m[48;2;215;255;255m+           },
[38;2;0;95;95m[48;2;215;255;255m+           "provide": [Function],
[38;2;0;95;95m[48;2;215;255;255m+           "render": [Function],
[38;2;0;95;95m[48;2;215;255;255m+           "sealedOptions": Object {
[38;2;0;95;95m[48;2;215;255;255m+             "_Ctor": Object {
[38;2;0;95;95m[48;2;215;255;255m+               "0": [Function],
[38;2;0;95;95m[48;2;215;255;255m+             },
[38;2;0;95;95m[48;2;215;255;255m+             "_base": [Function],
[38;2;0;95;95m[48;2;215;255;255m+             "components": Object {
[38;2;0;95;95m[48;2;215;255;255m+               "BAlert": [Function],
[38;2;0;95;95m[48;2;215;255;255m+               "BAspect": [Function],
[38;2;0;95;95m[48;2;215;255;255m+               "BAvatar": [Function],
[38;2;0;95;95m[48;2;215;255;255m+               "BAvatarGroup": [Function],
[38;2;0;95;95m[48;2;215;255;255m+               "BBadge": [Function],
[38;2;0;95;95m[48;2;215;255;255m+               "BBreadcrumb": [Function],
[38;2;0;95;95m[48;2;215;255;255m+               "BBreadcrumbItem": [Function],
[38;2;0;95;95m[48;2;215;255;255m+               "BBreadcrumbLink": [Function],
[38;2;0;95;95m[48;2;215;255;255m+               "BBtn": [Function],
[38;2;0;95;95m[48;2;215;255;255m+               "BBtnClose": [Function],
[38;2;0;95;95m[48;2;215;255;255m+               "BBtnGroup": [Function],
[38;2;0;95;95m[48;2;215;255;255m+               "BBtnToolbar": [Function],
[38;2;0;95;95m[48;2;215;255;255m+               "BButton": [Function],
[38;2;0;95;95m[48;2;215;255;255m+               "BButtonClose": [Function],
[38;2;0;95;95m[48;2;215;255;255m+               "BButtonGroup": [Function],
[38;2;0;95;95m[48;2;215;255;255m+               "BButtonToolbar": [Function],
[38;2;0;95;95m[48;2;215;255;255m+               "BCalendar": [Function],
[38;2;0;95;95m[48;2;215;255;255m+               "BCard": [Function],
[38;2;0;95;95m[48;2;215;255;255m+               "BCardBody": [Function],
[38;2;0;95;95m[48;2;215;255;255m+               "BCardFooter": [Function],
[38;2;0;95;95m[48;2;215;255;255m+               "BCardGroup": [Function],
[38;2;0;95;95m[48;2;215;255;255m+               "BCardHeader": [Function],
[38;2;0;95;95m[48;2;215;255;255m+               "BCardImg": [Function],
[38;2;0;95;95m[48;2;215;255;255m+               "BCardImgLazy": [Function],
[38;2;0;95;95m[48;2;215;255;255m+               "BCardSubTitle": [Function],
[38;2;0;95;95m[48;2;215;255;255m+               "BCardText": [Function],
[38;2;0;95;95m[48;2;215;255;255m+               "BCardTitle": [Function],
[38;2;0;95;95m[48;2;215;255;255m+               "BCarousel": [Function],
[38;2;0;95;95m[48;2;215;255;255m+               "BCarouselSlide": [Function],
[38;2;0;95;95m[48;2;215;255;255m+               "BCheck": [Function],
[38;2;0;95;95m[48;2;215;255;255m+               "BCheckGroup": [Function],
[38;2;0;95;95m[48;2;215;255;255m+               "BCheckbox": [Function],
[38;2;0;95;95m[48;2;215;255;255m+               "BCheckboxGroup": [Function],
[38;2;0;95;95m[48;2;215;255;255m+               "BCol": [Function],
[38;2;0;95;95m[48;2;215;255;255m+               "BCollapse": [Function],
[38;2;0;95;95m[48;2;215;255;255m+               "BContainer": [Function],
[38;2;0;95;95m[48;2;215;255;255m+               "BDatalist": [Function],
[38;2;0;95;95m[48;2;215;255;255m+               "BDatepicker": [Function],
[38;2;0;95;95m[48;2;215;255;255m+               "BDd": [Function],
[38;2;0;95;95m[48;2;215;255;255m+               "BDdDivider": [Function],
[38;2;0;95;95m[48;2;215;255;255m+               "BDdForm": [Function],
[38;2;0;95;95m[48;2;215;255;255m+               "BDdGroup": [Function],
[38;2;0;95;95m[48;2;215;255;255m+               "BDdHeader": [Function],
[38;2;0;95;95m[48;2;215;255;255m+               "BDdItem": [Function],
[38;2;0;95;95m[48;2;215;255;255m+               "BDdItemBtn": [Function],
[38;2;0;95;95m[48;2;215;255;255m+               "BDdItemButton": [Function],
[38;2;0;95;95m[48;2;215;255;255m+               "BDdText": [Function],
[38;2;0;95;95m[48;2;215;255;255m+               "BDropdown": [Function],
[38;2;0;95;95m[48;2;215;255;255m+               "BDropdownDivider": [Function],
[38;2;0;95;95m[48;2;215;255;255m+               "BDropdownForm": [Function],
[38;2;0;95;95m[48;2;215;255;255m+               "BDropdownGroup": [Function],
[38;2;0;95;95m[48;2;215;255;255m+               "BDropdownHeader": [Function],
[38;2;0;95;95m[48;2;215;255;255m+               "BDropdownItem": [Function],
[38;2;0;95;95m[48;2;215;255;255m+               "BDropdownItemBtn": [Function],
[38;2;0;95;95m[48;2;215;255;255m+               "BDropdownItemButton": [Function],
[38;2;0;95;95m[48;2;215;255;255m+               "BDropdownText": [Function],
[38;2;0;95;95m[48;2;215;255;255m+               "BEmbed": [Function],
[38;2;0;95;95m[48;2;215;255;255m+               "BFile": [Function],
[38;2;0;95;95m[48;2;215;255;255m+               "BForm": [Function],
[38;2;0;95;95m[48;2;215;255;255m+               "BFormCheckbox": [Function],
[38;2;0;95;95m[48;2;215;255;255m+               "BFormCheckboxGroup": [Function],
[38;2;0;95;95m[48;2;215;255;255m+               "BFormDatalist": [Function],
[38;2;0;95;95m[48;2;215;255;255m+               "BFormDatepicker": [Function],
[38;2;0;95;95m[48;2;215;255;255m+               "BFormFeedback": [Function],
[38;2;0;95;95m[48;2;215;255;255m+               "BFormFieldset": [Function],
[38;2;0;95;95m[48;2;215;255;255m+               "BFormFile": [Function],
[38;2;0;95;95m[48;2;215;255;255m+               "BFormGroup": [Function],
[38;2;0;95;95m[48;2;215;255;255m+               "BFormInput": [Function],
[38;2;0;95;95m[48;2;215;255;255m+               "BFormInvalidFeedback": [Function],
[38;2;0;95;95m[48;2;215;255;255m+               "BFormRadio": [Function],
[38;2;0;95;95m[48;2;215;255;255m+               "BFormRadioGroup": [Function],
[38;2;0;95;95m[48;2;215;255;255m+               "BFormRating": [Function],
[38;2;0;95;95m[48;2;215;255;255m+               "BFormRow": [Function],
[38;2;0;95;95m[48;2;215;255;255m+               "BFormSelect": [Function],
[38;2;0;95;95m[48;2;215;255;255m+               "BFormSelectOption": [Function],
[38;2;0;95;95m[48;2;215;255;255m+               "BFormSelectOptionGroup": [Function],
[38;2;0;95;95m[48;2;215;255;255m+               "BFormSpinbutton": [Function],
[38;2;0;95;95m[48;2;215;255;255m+               "BFormTag": [Function],
[38;2;0;95;95m[48;2;215;255;255m+               "BFormTags": [Function],
[38;2;0;95;95m[48;2;215;255;255m+               "BFormText": [Function],
[38;2;0;95;95m[48;2;215;255;255m+               "BFormTextarea": [Function],
[38;2;0;95;95m[48;2;215;255;255m+               "BFormTimepicker": [Function],
[38;2;0;95;95m[48;2;215;255;255m+               "BFormValidFeedback": [Function],
[38;2;0;95;95m[48;2;215;255;255m+               "BImg": [Function],
[38;2;0;95;95m[48;2;215;255;255m+               "BImgLazy": [Function],
[38;2;0;95;95m[48;2;215;255;255m+               "BInput": [Function],
[38;2;0;95;95m[48;2;215;255;255m+               "BInputGroup": [Function],
[38;2;0;95;95m[48;2;215;255;255m+               "BInputGroupAddon": [Function],
[38;2;0;95;95m[48;2;215;255;255m+               "BInputGroupAppend": [Function],
[38;2;0;95;95m[48;2;215;255;255m+               "BInputGroupPrepend": [Function],
[38;2;0;95;95m[48;2;215;255;255m+               "BInputGroupText": [Function],
[38;2;0;95;95m[48;2;215;255;255m+               "BJumbotron": [Function],
[38;2;0;95;95m[48;2;215;255;255m+               "BLink": [Function],
[38;2;0;95;95m[48;2;215;255;255m+               "BListGroup": [Function],
[38;2;0;95;95m[48;2;215;255;255m+               "BListGroupItem": [Function],
[38;2;0;95;95m[48;2;215;255;255m+               "BMedia": [Function],
[38;2;0;95;95m[48;2;215;255;255m+               "BMediaAside": [Function],
[38;2;0;95;95m[48;2;215;255;255m+               "BMediaBody": [Function],
[38;2;0;95;95m[48;2;215;255;255m+               "BModal": [Function],
[38;2;0;95;95m[48;2;215;255;255m+               "BRadio": [Function],
[38;2;0;95;95m[48;2;215;255;255m+               "BRadioGroup": [Function],
[38;2;0;95;95m[48;2;215;255;255m+               "BRating": [Function],
[38;2;0;95;95m[48;2;215;255;255m+               "BRow": [Function],
[38;2;0;95;95m[48;2;215;255;255m+               "BSelect": [Function],
[38;2;0;95;95m[48;2;215;255;255m+               "BSelectOption": [Function],
[38;2;0;95;95m[48;2;215;255;255m+               "BSelectOptionGroup": [Function],
[38;2;0;95;95m[48;2;215;255;255m+               "BSpinbutton": [Function],
[38;2;0;95;95m[48;2;215;255;255m+               "BTag": [Function],
[38;2;0;95;95m[48;2;215;255;255m+               "BTags": [Function],
[38;2;0;95;95m[48;2;215;255;255m+               "BTextarea": [Function],
[38;2;0;95;95m[48;2;215;255;255m+               "BTimepicker": [Function],
[38;2;0;95;95m[48;2;215;255;255m+             },
[38;2;0;95;95m[48;2;215;255;255m+             "directives": Object {
[38;2;0;95;95m[48;2;215;255;255m+               "BModal": Object {
[38;2;0;95;95m[48;2;215;255;255m+                 "componentUpdated": [Function],
[38;2;0;95;95m[48;2;215;255;255m+                 "inserted": [Function],
[38;2;0;95;95m[48;2;215;255;255m+                 "unbind": [Function],
[38;2;0;95;95m[48;2;215;255;255m+                 "updated": [Function],
[38;2;0;95;95m[48;2;215;255;255m+               },
[38;2;0;95;95m[48;2;215;255;255m+               "BToggle": Object {
[38;2;0;95;95m[48;2;215;255;255m+                 "bind": [Function],
[38;2;0;95;95m[48;2;215;255;255m+                 "componentUpdated": [Function],
[38;2;0;95;95m[48;2;215;255;255m+                 "unbind": [Function],
[38;2;0;95;95m[48;2;215;255;255m+                 "updated": [Function],
[38;2;0;95;95m[48;2;215;255;255m+               },
[38;2;0;95;95m[48;2;215;255;255m+             },
[38;2;0;95;95m[48;2;215;255;255m+             "filters": Object {},
[38;2;0;95;95m[48;2;215;255;255m+           },
[38;2;0;95;95m[48;2;215;255;255m+           "set": [Function],
[38;2;0;95;95m[48;2;215;255;255m+           "shouldProxy": true,
[38;2;0;95;95m[48;2;215;255;255m+           "stubs": Object {
[38;2;0;95;95m[48;2;215;255;255m+             "transition": true,
[38;2;0;95;95m[48;2;215;255;255m+             "transition-group": true,
[38;2;0;95;95m[48;2;215;255;255m+           },
[38;2;0;95;95m[48;2;215;255;255m+           "super": [Function],
[38;2;0;95;95m[48;2;215;255;255m+           "superOptions": Object {
[38;2;0;95;95m[48;2;215;255;255m+             "_base": [Function],
[38;2;0;95;95m[48;2;215;255;255m+             "components": Object {
[38;2;0;95;95m[48;2;215;255;255m+               "KeepAlive": Object {
[38;2;0;95;95m[48;2;215;255;255m+                 "abstract": true,
[38;2;0;95;95m[48;2;215;255;255m+                 "created": [Function],
[38;2;0;95;95m[48;2;215;255;255m+                 "destroyed": [Function],
[38;2;0;95;95m[48;2;215;255;255m+                 "methods": Object {
[38;2;0;95;95m[48;2;215;255;255m+                   "cacheVNode": [Function],
[38;2;0;95;95m[48;2;215;255;255m+                 },
[38;2;0;95;95m[48;2;215;255;255m+                 "mounted": [Function],
[38;2;0;95;95m[48;2;215;255;255m+                 "name": "keep-alive",
[38;2;0;95;95m[48;2;215;255;255m+                 "props": Object {
[38;2;0;95;95m[48;2;215;255;255m+                   "exclude": Array [
[38;2;0;95;95m[48;2;215;255;255m+                     [Function],
[38;2;0;95;95m[48;2;215;255;255m+                     [Function],
[38;2;0;95;95m[48;2;215;255;255m+                     [Function],
[38;2;0;95;95m[48;2;215;255;255m+                   ],
[38;2;0;95;95m[48;2;215;255;255m+                   "include": Array [
[38;2;0;95;95m[48;2;215;255;255m+                     [Function],
[38;2;0;95;95m[48;2;215;255;255m+                     [Function],
[38;2;0;95;95m[48;2;215;255;255m+                     [Function],
[38;2;0;95;95m[48;2;215;255;255m+                   ],
[38;2;0;95;95m[48;2;215;255;255m+                   "max": Array [
[38;2;0;95;95m[48;2;215;255;255m+                     [Function],
[38;2;0;95;95m[48;2;215;255;255m+                     [Function],
[38;2;0;95;95m[48;2;215;255;255m+                   ],
[38;2;0;95;95m[48;2;215;255;255m+                 },
[38;2;0;95;95m[48;2;215;255;255m+                 "render": [Function],
[38;2;0;95;95m[48;2;215;255;255m+                 "updated": [Function],
[38;2;0;95;95m[48;2;215;255;255m+               },
[38;2;0;95;95m[48;2;215;255;255m+               "Transition": Object {
[38;2;0;95;95m[48;2;215;255;255m+                 "_Ctor": Object {
[38;2;0;95;95m[48;2;215;255;255m+                   "1404": [Function],
[38;2;0;95;95m[48;2;215;255;255m+                 },
[38;2;0;95;95m[48;2;215;255;255m+                 "abstract": true,
[38;2;0;95;95m[48;2;215;255;255m+                 "name": "transition",
[38;2;0;95;95m[48;2;215;255;255m+                 "props": Object {
[38;2;0;95;95m[48;2;215;255;255m+                   "appear": Object {
[38;2;0;95;95m[48;2;215;255;255m+                     "type": [Function],
[38;2;0;95;95m[48;2;215;255;255m+                   },
[38;2;0;95;95m[48;2;215;255;255m+                   "appearActiveClass": Object {
[38;2;0;95;95m[48;2;215;255;255m+                     "type": [Function],
[38;2;0;95;95m[48;2;215;255;255m+                   },
[38;2;0;95;95m[48;2;215;255;255m+                   "appearClass": Object {
[38;2;0;95;95m[48;2;215;255;255m+                     "type": [Function],
[38;2;0;95;95m[48;2;215;255;255m+                   },
[38;2;0;95;95m[48;2;215;255;255m+                   "appearToClass": Object {
[38;2;0;95;95m[48;2;215;255;255m+                     "type": [Function],
[38;2;0;95;95m[48;2;215;255;255m+                   },
[38;2;0;95;95m[48;2;215;255;255m+                   "css": Object {
[38;2;0;95;95m[48;2;215;255;255m+                     "type": [Function],
[38;2;0;95;95m[48;2;215;255;255m+                   },
[38;2;0;95;95m[48;2;215;255;255m+                   "duration": Object {
[38;2;0;95;95m[48;2;215;255;255m+                     "type": Array [
[38;2;0;95;95m[48;2;215;255;255m+                       [Function],
[38;2;0;95;95m[48;2;215;255;255m+                       [Function],
[38;2;0;95;95m[48;2;215;255;255m+                       [Function],
[38;2;0;95;95m[48;2;215;255;255m+                     ],
[38;2;0;95;95m[48;2;215;255;255m+                   },
[38;2;0;95;95m[48;2;215;255;255m+                   "enterActiveClass": Object {
[38;2;0;95;95m[48;2;215;255;255m+                     "type": [Function],
[38;2;0;95;95m[48;2;215;255;255m+                   },
[38;2;0;95;95m[48;2;215;255;255m+                   "enterClass": Object {
[38;2;0;95;95m[48;2;215;255;255m+                     "type": [Function],
[38;2;0;95;95m[48;2;215;255;255m+                   },
[38;2;0;95;95m[48;2;215;255;255m+                   "enterToClass": Object {
[38;2;0;95;95m[48;2;215;255;255m+                     "type": [Function],
[38;2;0;95;95m[48;2;215;255;255m+                   },
[38;2;0;95;95m[48;2;215;255;255m+                   "leaveActiveClass": Object {
[38;2;0;95;95m[48;2;215;255;255m+                     "type": [Function],
[38;2;0;95;95m[48;2;215;255;255m+                   },
[38;2;0;95;95m[48;2;215;255;255m+                   "leaveClass": Object {
[38;2;0;95;95m[48;2;215;255;255m+                     "type": [Function],
[38;2;0;95;95m[48;2;215;255;255m+                   },
[38;2;0;95;95m[48;2;215;255;255m+                   "leaveToClass": Object {
[38;2;0;95;95m[48;2;215;255;255m+                     "type": [Function],
[38;2;0;95;95m[48;2;215;255;255m+                   },
[38;2;0;95;95m[48;2;215;255;255m+                   "mode": Object {
[38;2;0;95;95m[48;2;215;255;255m+                     "type": [Function],
[38;2;0;95;95m[48;2;215;255;255m+                   },
[38;2;0;95;95m[48;2;215;255;255m+                   "name": Object {
[38;2;0;95;95m[48;2;215;255;255m+                     "type": [Function],
[38;2;0;95;95m[48;2;215;255;255m+                   },
[38;2;0;95;95m[48;2;215;255;255m+                   "type": Object {
[38;2;0;95;95m[48;2;215;255;255m+                     "type": [Function],
[38;2;0;95;95m[48;2;215;255;255m+                   },
[38;2;0;95;95m[48;2;215;255;255m+                 },
[38;2;0;95;95m[48;2;215;255;255m+                 "render": [Function],
[38;2;0;95;95m[48;2;215;255;255m+               },
[38;2;0;95;95m[48;2;215;255;255m+               "TransitionGroup": Object {
[38;2;0;95;95m[48;2;215;255;255m+                 "_Ctor": Object {
[38;2;0;95;95m[48;2;215;255;255m+                   "1404": [Function],
[38;2;0;95;95m[48;2;215;255;255m+                 },
[38;2;0;95;95m[48;2;215;255;255m+                 "beforeMount": [Function],
[38;2;0;95;95m[48;2;215;255;255m+                 "methods": Object {
[38;2;0;95;95m[48;2;215;255;255m+                   "hasMove": [Function],
[38;2;0;95;95m[48;2;215;255;255m+                 },
[38;2;0;95;95m[48;2;215;255;255m+                 "props": Object {
[38;2;0;95;95m[48;2;215;255;255m+                   "appear": Object {
[38;2;0;95;95m[48;2;215;255;255m+                     "type": [Function],
[38;2;0;95;95m[48;2;215;255;255m+                   },
[38;2;0;95;95m[48;2;215;255;255m+                   "appearActiveClass": Object {
[38;2;0;95;95m[48;2;215;255;255m+                     "type": [Function],
[38;2;0;95;95m[48;2;215;255;255m+                   },
[38;2;0;95;95m[48;2;215;255;255m+                   "appearClass": Object {
[38;2;0;95;95m[48;2;215;255;255m+                     "type": [Function],
[38;2;0;95;95m[48;2;215;255;255m+                   },
[38;2;0;95;95m[48;2;215;255;255m+                   "appearToClass": Object {
[38;2;0;95;95m[48;2;215;255;255m+                     "type": [Function],
[38;2;0;95;95m[48;2;215;255;255m+                   },
[38;2;0;95;95m[48;2;215;255;255m+                   "css": Object {
[38;2;0;95;95m[48;2;215;255;255m+                     "type": [Function],
[38;2;0;95;95m[48;2;215;255;255m+                   },
[38;2;0;95;95m[48;2;215;255;255m+                   "duration": Object {
[38;2;0;95;95m[48;2;215;255;255m+                     "type": Array [
[38;2;0;95;95m[48;2;215;255;255m+                       [Function],
[38;2;0;95;95m[48;2;215;255;255m+                       [Function],
[38;2;0;95;95m[48;2;215;255;255m+                       [Function],
[38;2;0;95;95m[48;2;215;255;255m+                     ],
[38;2;0;95;95m[48;2;215;255;255m+                   },
[38;2;0;95;95m[48;2;215;255;255m+                   "enterActiveClass": Object {
[38;2;0;95;95m[48;2;215;255;255m+                     "type": [Function],
[38;2;0;95;95m[48;2;215;255;255m+                   },
[38;2;0;95;95m[48;2;215;255;255m+                   "enterClass": Object {
[38;2;0;95;95m[48;2;215;255;255m+                     "type": [Function],
[38;2;0;95;95m[48;2;215;255;255m+                   },
[38;2;0;95;95m[48;2;215;255;255m+                   "enterToClass": Object {
[38;2;0;95;95m[48;2;215;255;255m+                     "type": [Function],
[38;2;0;95;95m[48;2;215;255;255m+                   },
[38;2;0;95;95m[48;2;215;255;255m+                   "leaveActiveClass": Object {
[38;2;0;95;95m[48;2;215;255;255m+                     "type": [Function],
[38;2;0;95;95m[48;2;215;255;255m+                   },
[38;2;0;95;95m[48;2;215;255;255m+                   "leaveClass": Object {
[38;2;0;95;95m[48;2;215;255;255m+                     "type": [Function],
[38;2;0;95;95m[48;2;215;255;255m+                   },
[38;2;0;95;95m[48;2;215;255;255m+                   "leaveToClass": Object {
[38;2;0;95;95m[48;2;215;255;255m+                     "type": [Function],
[38;2;0;95;95m[48;2;215;255;255m+                   },
[38;2;0;95;95m[48;2;215;255;255m+                   "moveClass": Object {
[38;2;0;95;95m[48;2;215;255;255m+                     "type": [Function],
[38;2;0;95;95m[48;2;215;255;255m+                   },
[38;2;0;95;95m[48;2;215;255;255m+                   "name": Object {
[38;2;0;95;95m[48;2;215;255;255m+                     "type": [Function],
[38;2;0;95;95m[48;2;215;255;255m+                   },
[38;2;0;95;95m[48;2;215;255;255m+                   "tag": Object {
[38;2;0;95;95m[48;2;215;255;255m+                     "type": [Function],
[38;2;0;95;95m[48;2;215;255;255m+                   },
[38;2;0;95;95m[48;2;215;255;255m+                   "type": Object {
[38;2;0;95;95m[48;2;215;255;255m+                     "type": [Function],
[38;2;0;95;95m[48;2;215;255;255m+                   },
[38;2;0;95;95m[48;2;215;255;255m+                 },
[38;2;0;95;95m[48;2;215;255;255m+                 "render": [Function],
[38;2;0;95;95m[48;2;215;255;255m+                 "updated": [Function],
[38;2;0;95;95m[48;2;215;255;255m+               },
[38;2;0;95;95m[48;2;215;255;255m+             },
[38;2;0;95;95m[48;2;215;255;255m+             "directives": Object {
[38;2;0;95;95m[48;2;215;255;255m+               "model": Object {
[38;2;0;95;95m[48;2;215;255;255m+                 "componentUpdated": [Function],
[38;2;0;95;95m[48;2;215;255;255m+                 "inserted": [Function],
[38;2;0;95;95m[48;2;215;255;255m+               },
[38;2;0;95;95m[48;2;215;255;255m+               "show": Object {
[38;2;0;95;95m[48;2;215;255;255m+                 "bind": [Function],
[38;2;0;95;95m[48;2;215;255;255m+                 "unbind": [Function],
[38;2;0;95;95m[48;2;215;255;255m+                 "update": [Function],
[38;2;0;95;95m[48;2;215;255;255m+               },
[38;2;0;95;95m[48;2;215;255;255m+             },
[38;2;0;95;95m[48;2;215;255;255m+             "filters": Object {},
[38;2;0;95;95m[48;2;215;255;255m+           },
[38;2;0;95;95m[48;2;215;255;255m+           "use": [Function],
[38;2;0;95;95m[48;2;215;255;255m+           "util": Object {
[38;2;0;95;95m[48;2;215;255;255m+             "defineReactive": [Function],
[38;2;0;95;95m[48;2;215;255;255m+             "extend": [Function],
[38;2;0;95;95m[48;2;215;255;255m+             "mergeOptions": [Function],
[38;2;0;95;95m[48;2;215;255;255m+             "warn": [Function],
[38;2;0;95;95m[48;2;215;255;255m+           },
[38;2;0;95;95m[48;2;215;255;255m+           "version": "2.6.14",
[38;2;0;95;95m[48;2;215;255;255m+         },
[38;2;0;95;95m[48;2;215;255;255m+         "$parent": undefined,
[38;2;0;95;95m[48;2;215;255;255m+         "$refs": Object {},
[38;2;0;95;95m[48;2;215;255;255m+         "$root": [Circular],
[38;2;0;95;95m[48;2;215;255;255m+         "$scopedSlots": Object {},
[38;2;0;95;95m[48;2;215;255;255m+         "$slots": Object {},
[38;2;0;95;95m[48;2;215;255;255m+         "$vnode": undefined,
[38;2;0;95;95m[48;2;215;255;255m+         "__emitted": Object {},
[38;2;0;95;95m[48;2;215;255;255m+         "__emittedByOrder": Array [],
[38;2;0;95;95m[48;2;215;255;255m+         "_c": [Function],
[38;2;0;95;95m[48;2;215;255;255m+         "_data": Object {
[38;2;0;95;95m[48;2;215;255;255m+           "vueTestUtils_childProps": Object {},
[38;2;0;95;95m[48;2;215;255;255m+         },
[38;2;0;95;95m[48;2;215;255;255m+         "_directInactive": false,
[38;2;0;95;95m[48;2;215;255;255m+         "_events": Object {},
[38;2;0;95;95m[48;2;215;255;255m+         "_hasHookEvent": false,
[38;2;0;95;95m[48;2;215;255;255m+         "_inactive": null,
[38;2;0;95;95m[48;2;215;255;255m+         "_isBeingDestroyed": false,
[38;2;0;95;95m[48;2;215;255;255m+         "_isDestroyed": false,
[38;2;0;95;95m[48;2;215;255;255m+         "_isMounted": true,
[38;2;0;95;95m[48;2;215;255;255m+         "_isVue": true,
[38;2;0;95;95m[48;2;215;255;255m+         "_provided": Object {},
[38;2;0;95;95m[48;2;215;255;255m+         "_renderProxy": VueComponent {
[38;2;0;95;95m[48;2;215;255;255m+           "$attrs": Object {},
[38;2;0;95;95m[48;2;215;255;255m+           "$children": Array [
[38;2;0;95;95m[48;2;215;255;255m+             [Circular],
[38;2;0;95;95m[48;2;215;255;255m+           ],
[38;2;0;95;95m[48;2;215;255;255m+           "$createElement": [Function],
[38;2;0;95;95m[48;2;215;255;255m+           "$el": <div>
[38;2;0;95;95m[48;2;215;255;255m+             <b-dropdown
[38;2;0;95;95m[48;2;215;255;255m+               no-caret=""
[38;2;0;95;95m[48;2;215;255;255m+               right=""
[38;2;0;95;95m[48;2;215;255;255m+               size="lg"
[38;2;0;95;95m[48;2;215;255;255m+               variant="link"
[38;2;0;95;95m[48;2;215;255;255m+             >
[38;2;0;95;95m[48;2;215;255;255m+                
[38;2;0;95;95m[48;2;215;255;255m+               <b-dropdown-item>
[38;2;0;95;95m[48;2;215;255;255m+                 <b-icon
[38;2;0;95;95m[48;2;215;255;255m+                   icon="door-open"
[38;2;0;95;95m[48;2;215;255;255m+                 />
[38;2;0;95;95m[48;2;215;255;255m+                 
[38;2;0;95;95m[48;2;215;255;255m+       回到主页
[38;2;0;95;95m[48;2;215;255;255m+     
[38;2;0;95;95m[48;2;215;255;255m+               </b-dropdown-item>
[38;2;0;95;95m[48;2;215;255;255m+                
[38;2;0;95;95m[48;2;215;255;255m+               <b-dropdown-item>
[38;2;0;95;95m[48;2;215;255;255m+                 <b-icon
[38;2;0;95;95m[48;2;215;255;255m+                   icon="cursor-fill"
[38;2;0;95;95m[48;2;215;255;255m+                 />
[38;2;0;95;95m[48;2;215;255;255m+                 
[38;2;0;95;95m[48;2;215;255;255m+       注销用户
[38;2;0;95;95m[48;2;215;255;255m+     
[38;2;0;95;95m[48;2;215;255;255m+               </b-dropdown-item>
[38;2;0;95;95m[48;2;215;255;255m+             </b-dropdown>
[38;2;0;95;95m[48;2;215;255;255m+           </div>,
[38;2;0;95;95m[48;2;215;255;255m+           "$emit": [Function],
[38;2;0;95;95m[48;2;215;255;255m+           "$listeners": Object {},
[38;2;0;95;95m[48;2;215;255;255m+           "$options": Object {
[38;2;0;95;95m[48;2;215;255;255m+             "$_doNotStubChildren": true,
[38;2;0;95;95m[48;2;215;255;255m+             "$_isWrapperParent": true,
[38;2;0;95;95m[48;2;215;255;255m+             "_Ctor": Object {
[38;2;0;95;95m[48;2;215;255;255m+               "1404": [Function],
[38;2;0;95;95m[48;2;215;255;255m+             },
[38;2;0;95;95m[48;2;215;255;255m+             "_base": [Function],
[38;2;0;95;95m[48;2;215;255;255m+             "_installedPlugins": Array [
[38;2;0;95;95m[48;2;215;255;255m+               Object {
[38;2;0;95;95m[48;2;215;255;255m+                 "install": [Function],
[38;2;0;95;95m[48;2;215;255;255m+               },
[38;2;0;95;95m[48;2;215;255;255m+               Object {
[38;2;0;95;95m[48;2;215;255;255m+                 "install": [Function],
[38;2;0;95;95m[48;2;215;255;255m+               },
[38;2;0;95;95m[48;2;215;255;255m+               Object {
[38;2;0;95;95m[48;2;215;255;255m+                 "install": [Function],
[38;2;0;95;95m[48;2;215;255;255m+               },
[38;2;0;95;95m[48;2;215;255;255m+               Object {
[38;2;0;95;95m[48;2;215;255;255m+                 "install": [Function],
[38;2;0;95;95m[48;2;215;255;255m+               },
[38;2;0;95;95m[48;2;215;255;255m+               Object {
[38;2;0;95;95m[48;2;215;255;255m+                 "install": [Function],
[38;2;0;95;95m[48;2;215;255;255m+               },
[38;2;0;95;95m[48;2;215;255;255m+               Object {
[38;2;0;95;95m[48;2;215;255;255m+                 "install": [Function],
[38;2;0;95;95m[48;2;215;255;255m+               },
[38;2;0;95;95m[48;2;215;255;255m+               Object {
[38;2;0;95;95m[48;2;215;255;255m+                 "install": [Function],
[38;2;0;95;95m[48;2;215;255;255m+               },
[38;2;0;95;95m[48;2;215;255;255m+               Object {
[38;2;0;95;95m[48;2;215;255;255m+                 "install": [Function],
[38;2;0;95;95m[48;2;215;255;255m+               },
[38;2;0;95;95m[48;2;215;255;255m+               Object {
[38;2;0;95;95m[48;2;215;255;255m+                 "install": [Function],
[38;2;0;95;95m[48;2;215;255;255m+               },
[38;2;0;95;95m[48;2;215;255;255m+               Object {
[38;2;0;95;95m[48;2;215;255;255m+                 "install": [Function],
[38;2;0;95;95m[48;2;215;255;255m+               },
[38;2;0;95;95m[48;2;215;255;255m+               Object {
[38;2;0;95;95m[48;2;215;255;255m+                 "install": [Function],
[38;2;0;95;95m[48;2;215;255;255m+               },
[38;2;0;95;95m[48;2;215;255;255m+               Object {
[38;2;0;95;95m[48;2;215;255;255m+                 "install": [Function],
[38;2;0;95;95m[48;2;215;255;255m+               },
[38;2;0;95;95m[48;2;215;255;255m+               Object {
[38;2;0;95;95m[48;2;215;255;255m+                 "install": [Function],
[38;2;0;95;95m[48;2;215;255;255m+               },
[38;2;0;95;95m[48;2;215;255;255m+               Object {
[38;2;0;95;95m[48;2;215;255;255m+                 "install": [Function],
[38;2;0;95;95m[48;2;215;255;255m+               },
[38;2;0;95;95m[48;2;215;255;255m+               Object {
[38;2;0;95;95m[48;2;215;255;255m+                 "install": [Function],
[38;2;0;95;95m[48;2;215;255;255m+               },
[38;2;0;95;95m[48;2;215;255;255m+               Object {
[38;2;0;95;95m[48;2;215;255;255m+                 "install": [Function],
[38;2;0;95;95m[48;2;215;255;255m+               },
[38;2;0;95;95m[48;2;215;255;255m+               Object {
[38;2;0;95;95m[48;2;215;255;255m+                 "install": [Function],
[38;2;0;95;95m[48;2;215;255;255m+               },
[38;2;0;95;95m[48;2;215;255;255m+               Object {
[38;2;0;95;95m[48;2;215;255;255m+                 "install": [Function],
[38;2;0;95;95m[48;2;215;255;255m+               },
[38;2;0;95;95m[48;2;215;255;255m+               Object {
[38;2;0;95;95m[48;2;215;255;255m+                 "install": [Function],
[38;2;0;95;95m[48;2;215;255;255m+               },
[38;2;0;95;95m[48;2;215;255;255m+               Object {
[38;2;0;95;95m[48;2;215;255;255m+                 "install": [Function],
[38;2;0;95;95m[48;2;215;255;255m+               },
[38;2;0;95;95m[48;2;215;255;255m+               Object {
[38;2;0;95;95m[48;2;215;255;255m+                 "install": [Function],
[38;2;0;95;95m[48;2;215;255;255m+               },
[38;2;0;95;95m[48;2;215;255;255m+               Object {
[38;2;0;95;95m[48;2;215;255;255m+                 "install": [Function],
[38;2;0;95;95m[48;2;215;255;255m+               },
[38;2;0;95;95m[48;2;215;255;255m+               Object {
[38;2;0;95;95m[48;2;215;255;255m+                 "install": [Function],
[38;2;0;95;95m[48;2;215;255;255m+               },
[38;2;0;95;95m[48;2;215;255;255m+               Object {
[38;2;0;95;95m[48;2;215;255;255m+                 "install": [Function],
[38;2;0;95;95m[48;2;215;255;255m+               },
[38;2;0;95;95m[48;2;215;255;255m+               Object {
[38;2;0;95;95m[48;2;215;255;255m+                 "install": [Function],
[38;2;0;95;95m[48;2;215;255;255m+               },
[38;2;0;95;95m[48;2;215;255;255m+               Object {
[38;2;0;95;95m[48;2;215;255;255m+                 "install": [Function],
[38;2;0;95;95m[48;2;215;255;255m+               },
[38;2;0;95;95m[48;2;215;255;255m+               Object {
[38;2;0;95;95m[48;2;215;255;255m+                 "install": [Function],
[38;2;0;95;95m[48;2;215;255;255m+               },
[38;2;0;95;95m[48;2;215;255;255m+               Object {
[38;2;0;95;95m[48;2;215;255;255m+                 "install": [Function],
[38;2;0;95;95m[48;2;215;255;255m+               },
[38;2;0;95;95m[48;2;215;255;255m+               Object {
[38;2;0;95;95m[48;2;215;255;255m+                 "install": [Function],
[38;2;0;95;95m[48;2;215;255;255m+               },
[38;2;0;95;95m[48;2;215;255;255m+               Object {
[38;2;0;95;95m[48;2;215;255;255m+                 "install": [Function],
[38;2;0;95;95m[48;2;215;255;255m+               },
[38;2;0;95;95m[48;2;215;255;255m+               Object {
[38;2;0;95;95m[48;2;215;255;255m+                 "install": [Function],
[38;2;0;95;95m[48;2;215;255;255m+               },
[38;2;0;95;95m[48;2;215;255;255m+               Object {
[38;2;0;95;95m[48;2;215;255;255m+                 "install": [Function],
[38;2;0;95;95m[48;2;215;255;255m+               },
[38;2;0;95;95m[48;2;215;255;255m+               Object {
[38;2;0;95;95m[48;2;215;255;255m+                 "install": [Function],
[38;2;0;95;95m[48;2;215;255;255m+               },
[38;2;0;95;95m[48;2;215;255;255m+               Object {
[38;2;0;95;95m[48;2;215;255;255m+                 "install": [Function],
[38;2;0;95;95m[48;2;215;255;255m+               },
[38;2;0;95;95m[48;2;215;255;255m+               Object {
[38;2;0;95;95m[48;2;215;255;255m+                 "install": [Function],
[38;2;0;95;95m[48;2;215;255;255m+               },
[38;2;0;95;95m[48;2;215;255;255m+               [Function],
[38;2;0;95;95m[48;2;215;255;255m+               Object {
[38;2;0;95;95m[48;2;215;255;255m+                 "install": [Function],
[38;2;0;95;95m[48;2;215;255;255m+               },
[38;2;0;95;95m[48;2;215;255;255m+               Object {
[38;2;0;95;95m[48;2;215;255;255m+                 "install": [Function],
[38;2;0;95;95m[48;2;215;255;255m+               },
[38;2;0;95;95m[48;2;215;255;255m+               Object {
[38;2;0;95;95m[48;2;215;255;255m+                 "install": [Function],
[38;2;0;95;95m[48;2;215;255;255m+               },
[38;2;0;95;95m[48;2;215;255;255m+               Object {
[38;2;0;95;95m[48;2;215;255;255m+                 "install": [Function],
[38;2;0;95;95m[48;2;215;255;255m+               },
[38;2;0;95;95m[48;2;215;255;255m+               Object {
[38;2;0;95;95m[48;2;215;255;255m+                 "install": [Function],
[38;2;0;95;95m[48;2;215;255;255m+               },
[38;2;0;95;95m[48;2;215;255;255m+               Object {
[38;2;0;95;95m[48;2;215;255;255m+                 "install": [Function],
[38;2;0;95;95m[48;2;215;255;255m+               },
[38;2;0;95;95m[48;2;215;255;255m+               Object {
[38;2;0;95;95m[48;2;215;255;255m+                 "install": [Function],
[38;2;0;95;95m[48;2;215;255;255m+               },
[38;2;0;95;95m[48;2;215;255;255m+               Object {
[38;2;0;95;95m[48;2;215;255;255m+                 "install": [Function],
[38;2;0;95;95m[48;2;215;255;255m+               },
[38;2;0;95;95m[48;2;215;255;255m+               Object {
[38;2;0;95;95m[48;2;215;255;255m+                 "install": [Function],
[38;2;0;95;95m[48;2;215;255;255m+               },
[38;2;0;95;95m[48;2;215;255;255m+               Object {
[38;2;0;95;95m[48;2;215;255;255m+                 "install": [Function],
[38;2;0;95;95m[48;2;215;255;255m+               },
[38;2;0;95;95m[48;2;215;255;255m+               Object {
[38;2;0;95;95m[48;2;215;255;255m+                 "install": [Function],
[38;2;0;95;95m[48;2;215;255;255m+               },
[38;2;0;95;95m[48;2;215;255;255m+               Object {
[38;2;0;95;95m[48;2;215;255;255m+                 "install": [Function],
[38;2;0;95;95m[48;2;215;255;255m+               },
[38;2;0;95;95m[48;2;215;255;255m+               Object {
[38;2;0;95;95m[48;2;215;255;255m+                 "install": [Function],
[38;2;0;95;95m[48;2;215;255;255m+               },
[38;2;0;95;95m[48;2;215;255;255m+               Object {
[38;2;0;95;95m[48;2;215;255;255m+                 "install": [Function],
[38;2;0;95;95m[48;2;215;255;255m+               },
[38;2;0;95;95m[48;2;215;255;255m+               Object {
[38;2;0;95;95m[48;2;215;255;255m+                 "install": [Function],
[38;2;0;95;95m[48;2;215;255;255m+               },
[38;2;0;95;95m[48;2;215;255;255m+               Object {
[38;2;0;95;95m[48;2;215;255;255m+                 "install": [Function],
[38;2;0;95;95m[48;2;215;255;255m+               },
[38;2;0;95;95m[48;2;215;255;255m+               Object {
[38;2;0;95;95m[48;2;215;255;255m+                 "install": [Function],
[38;2;0;95;95m[48;2;215;255;255m+               },
[38;2;0;95;95m[48;2;215;255;255m+               Object {
[38;2;0;95;95m[48;2;215;255;255m+                 "install": [Function],
[38;2;0;95;95m[48;2;215;255;255m+               },
[38;2;0;95;95m[48;2;215;255;255m+               [Function],
[38;2;0;95;95m[48;2;215;255;255m+               Object {
[38;2;0;95;95m[48;2;215;255;255m+                 "install": [Function],
[38;2;0;95;95m[48;2;215;255;255m+               },
[38;2;0;95;95m[48;2;215;255;255m+               Object {
[38;2;0;95;95m[48;2;215;255;255m+                 "install": [Function],
[38;2;0;95;95m[48;2;215;255;255m+               },
[38;2;0;95;95m[48;2;215;255;255m+               Object {
[38;2;0;95;95m[48;2;215;255;255m+                 "install": [Function],
[38;2;0;95;95m[48;2;215;255;255m+               },
[38;2;0;95;95m[48;2;215;255;255m+               Object {
[38;2;0;95;95m[48;2;215;255;255m+                 "install": [Function],
[38;2;0;95;95m[48;2;215;255;255m+               },
[38;2;0;95;95m[48;2;215;255;255m+               Object {
[38;2;0;95;95m[48;2;215;255;255m+                 "install": [Function],
[38;2;0;95;95m[48;2;215;255;255m+               },
[38;2;0;95;95m[48;2;215;255;255m+               Object {
[38;2;0;95;95m[48;2;215;255;255m+                 "install": [Function],
[38;2;0;95;95m[48;2;215;255;255m+               },
[38;2;0;95;95m[48;2;215;255;255m+               Object {
[38;2;0;95;95m[48;2;215;255;255m+                 "install": [Function],
[38;2;0;95;95m[48;2;215;255;255m+               },
[38;2;0;95;95m[48;2;215;255;255m+               Object {
[38;2;0;95;95m[48;2;215;255;255m+                 "install": [Function],
[38;2;0;95;95m[48;2;215;255;255m+               },
[38;2;0;95;95m[48;2;215;255;255m+               Object {
[38;2;0;95;95m[48;2;215;255;255m+                 "install": [Function],
[38;2;0;95;95m[48;2;215;255;255m+               },
[38;2;0;95;95m[48;2;215;255;255m+               Object {
[38;2;0;95;95m[48;2;215;255;255m+                 "install": [Function],
[38;2;0;95;95m[48;2;215;255;255m+               },
[38;2;0;95;95m[48;2;215;255;255m+               Object {
[38;2;0;95;95m[48;2;215;255;255m+                 "NAME": "BootstrapVue",
[38;2;0;95;95m[48;2;215;255;255m+                 "install": [Function],
[38;2;0;95;95m[48;2;215;255;255m+               },
[38;2;0;95;95m[48;2;215;255;255m+             ],
[38;2;0;95;95m[48;2;215;255;255m+             "_isFunctionalContainer": undefined,
[38;2;0;95;95m[48;2;215;255;255m+             "beforeCreate": Array [
[38;2;0;95;95m[48;2;215;255;255m+               [Function],
[38;2;0;95;95m[48;2;215;255;255m+               [Function],
[38;2;0;95;95m[48;2;215;255;255m+               [Function],
[38;2;0;95;95m[48;2;215;255;255m+             ],
[38;2;0;95;95m[48;2;215;255;255m+             "cid": 1398,
[38;2;0;95;95m[48;2;215;255;255m+             "component": [Function],
[38;2;0;95;95m[48;2;215;255;255m+             "components": Object {
[38;2;0;95;95m[48;2;215;255;255m+               "transition": Object {
[38;2;0;95;95m[48;2;215;255;255m+                 "$_doNotStubChildren": true,
[38;2;0;95;95m[48;2;215;255;255m+                 "$_vueTestUtils_original": Object {
[38;2;0;95;95m[48;2;215;255;255m+                   "_Ctor": Object {
[38;2;0;95;95m[48;2;215;255;255m+                     "1404": [Function],
[38;2;0;95;95m[48;2;215;255;255m+                   },
[38;2;0;95;95m[48;2;215;255;255m+                   "abstract": true,
[38;2;0;95;95m[48;2;215;255;255m+                   "name": "transition",
[38;2;0;95;95m[48;2;215;255;255m+                   "props": Object {
[38;2;0;95;95m[48;2;215;255;255m+                     "appear": Object {
[38;2;0;95;95m[48;2;215;255;255m+                       "type": [Function],
[38;2;0;95;95m[48;2;215;255;255m+                     },
[38;2;0;95;95m[48;2;215;255;255m+                     "appearActiveClass": Object {
[38;2;0;95;95m[48;2;215;255;255m+                       "type": [Function],
[38;2;0;95;95m[48;2;215;255;255m+                     },
[38;2;0;95;95m[48;2;215;255;255m+                     "appearClass": Object {
[38;2;0;95;95m[48;2;215;255;255m+                       "type": [Function],
[38;2;0;95;95m[48;2;215;255;255m+                     },
[38;2;0;95;95m[48;2;215;255;255m+                     "appearToClass": Object {
[38;2;0;95;95m[48;2;215;255;255m+                       "type": [Function],
[38;2;0;95;95m[48;2;215;255;255m+                     },
[38;2;0;95;95m[48;2;215;255;255m+                     "css": Object {
[38;2;0;95;95m[48;2;215;255;255m+                       "type": [Function],
[38;2;0;95;95m[48;2;215;255;255m+                     },
[38;2;0;95;95m[48;2;215;255;255m+                     "duration": Object {
[38;2;0;95;95m[48;2;215;255;255m+                       "type": Array [
[38;2;0;95;95m[48;2;215;255;255m+                         [Function],
[38;2;0;95;95m[48;2;215;255;255m+                         [Function],
[38;2;0;95;95m[48;2;215;255;255m+                         [Function],
[38;2;0;95;95m[48;2;215;255;255m+                       ],
[38;2;0;95;95m[48;2;215;255;255m+                     },
[38;2;0;95;95m[48;2;215;255;255m+                     "enterActiveClass": Object {
[38;2;0;95;95m[48;2;215;255;255m+                       "type": [Function],
[38;2;0;95;95m[48;2;215;255;255m+                     },
[38;2;0;95;95m[48;2;215;255;255m+                     "enterClass": Object {
[38;2;0;95;95m[48;2;215;255;255m+                       "type": [Function],
[38;2;0;95;95m[48;2;215;255;255m+                     },
[38;2;0;95;95m[48;2;215;255;255m+                     "enterToClass": Object {
[38;2;0;95;95m[48;2;215;255;255m+                       "type": [Function],
[38;2;0;95;95m[48;2;215;255;255m+                     },
[38;2;0;95;95m[48;2;215;255;255m+                     "leaveActiveClass": Object {
[38;2;0;95;95m[48;2;215;255;255m+                       "type": [Function],
[38;2;0;95;95m[48;2;215;255;255m+                     },
[38;2;0;95;95m[48;2;215;255;255m+                     "leaveClass": Object {
[38;2;0;95;95m[48;2;215;255;255m+                       "type": [Function],
[38;2;0;95;95m[48;2;215;255;255m+                     },
[38;2;0;95;95m[48;2;215;255;255m+                     "leaveToClass": Object {
[38;2;0;95;95m[48;2;215;255;255m+                       "type": [Function],
[38;2;0;95;95m[48;2;215;255;255m+                     },
[38;2;0;95;95m[48;2;215;255;255m+                     "mode": Object {
[38;2;0;95;95m[48;2;215;255;255m+                       "type": [Function],
[38;2;0;95;95m[48;2;215;255;255m+                     },
[38;2;0;95;95m[48;2;215;255;255m+                     "name": Object {
[38;2;0;95;95m[48;2;215;255;255m+                       "type": [Function],
[38;2;0;95;95m[48;2;215;255;255m+                     },
[38;2;0;95;95m[48;2;215;255;255m+                     "type": Object {
[38;2;0;95;95m[48;2;215;255;255m+                       "type": [Function],
[38;2;0;95;95m[48;2;215;255;255m+                     },
[38;2;0;95;95m[48;2;215;255;255m+                   },
[38;2;0;95;95m[48;2;215;255;255m+                   "render": [Function],
[38;2;0;95;95m[48;2;215;255;255m+                 },
[38;2;0;95;95m[48;2;215;255;255m+                 "abstract": true,
[38;2;0;95;95m[48;2;215;255;255m+                 "attrs": undefined,
[38;2;0;95;95m[48;2;215;255;255m+                 "class": undefined,
[38;2;0;95;95m[48;2;215;255;255m+                 "domProps": undefined,
[38;2;0;95;95m[48;2;215;255;255m+                 "functional": undefined,
[38;2;0;95;95m[48;2;215;255;255m+                 "key": undefined,
[38;2;0;95;95m[48;2;215;255;255m+                 "model": undefined,
[38;2;0;95;95m[48;2;215;255;255m+                 "name": "transition",
[38;2;0;95;95m[48;2;215;255;255m+                 "nativeOn": undefined,
[38;2;0;95;95m[48;2;215;255;255m+                 "normalizedStyle": undefined,
[38;2;0;95;95m[48;2;215;255;255m+                 "on": undefined,
[38;2;0;95;95m[48;2;215;255;255m+                 "props": Object {
[38;2;0;95;95m[48;2;215;255;255m+                   "appear": Object {
[38;2;0;95;95m[48;2;215;255;255m+                     "type": [Function],
[38;2;0;95;95m[48;2;215;255;255m+                   },
[38;2;0;95;95m[48;2;215;255;255m+                   "appearActiveClass": Object {
[38;2;0;95;95m[48;2;215;255;255m+                     "type": [Function],
[38;2;0;95;95m[48;2;215;255;255m+                   },
[38;2;0;95;95m[48;2;215;255;255m+                   "appearClass": Object {
[38;2;0;95;95m[48;2;215;255;255m+                     "type": [Function],
[38;2;0;95;95m[48;2;215;255;255m+                   },
[38;2;0;95;95m[48;2;215;255;255m+                   "appearToClass": Object {
[38;2;0;95;95m[48;2;215;255;255m+                     "type": [Function],
[38;2;0;95;95m[48;2;215;255;255m+                   },
[38;2;0;95;95m[48;2;215;255;255m+                   "css": Object {
[38;2;0;95;95m[48;2;215;255;255m+                     "type": [Function],
[38;2;0;95;95m[48;2;215;255;255m+                   },
[38;2;0;95;95m[48;2;215;255;255m+                   "duration": Object {
[38;2;0;95;95m[48;2;215;255;255m+                     "type": Array [
[38;2;0;95;95m[48;2;215;255;255m+                       [Function],
[38;2;0;95;95m[48;2;215;255;255m+                       [Function],
[38;2;0;95;95m[48;2;215;255;255m+                       [Function],
[38;2;0;95;95m[48;2;215;255;255m+                     ],
[38;2;0;95;95m[48;2;215;255;255m+                   },
[38;2;0;95;95m[48;2;215;255;255m+                   "enterActiveClass": Object {
[38;2;0;95;95m[48;2;215;255;255m+                     "type": [Function],
[38;2;0;95;95m[48;2;215;255;255m+                   },
[38;2;0;95;95m[48;2;215;255;255m+                   "enterClass": Object {
[38;2;0;95;95m[48;2;215;255;255m+                     "type": [Function],
[38;2;0;95;95m[48;2;215;255;255m+                   },
[38;2;0;95;95m[48;2;215;255;255m+                   "enterToClass": Object {
[38;2;0;95;95m[48;2;215;255;255m+                     "type": [Function],
[38;2;0;95;95m[48;2;215;255;255m+                   },
[38;2;0;95;95m[48;2;215;255;255m+                   "leaveActiveClass": Object {
[38;2;0;95;95m[48;2;215;255;255m+                     "type": [Function],
[38;2;0;95;95m[48;2;215;255;255m+                   },
[38;2;0;95;95m[48;2;215;255;255m+                   "leaveClass": Object {
[38;2;0;95;95m[48;2;215;255;255m+                     "type": [Function],
[38;2;0;95;95m[48;2;215;255;255m+                   },
[38;2;0;95;95m[48;2;215;255;255m+                   "leaveToClass": Object {
[38;2;0;95;95m[48;2;215;255;255m+                     "type": [Function],
[38;2;0;95;95m[48;2;215;255;255m+                   },
[38;2;0;95;95m[48;2;215;255;255m+                   "mode": Object {
[38;2;0;95;95m[48;2;215;255;255m+                     "type": [Function],
[38;2;0;95;95m[48;2;215;255;255m+                   },
[38;2;0;95;95m[48;2;215;255;255m+                   "name": Object {
[38;2;0;95;95m[48;2;215;255;255m+                     "type": [Function],
[38;2;0;95;95m[48;2;215;255;255m+                   },
[38;2;0;95;95m[48;2;215;255;255m+                   "type": Object {
[38;2;0;95;95m[48;2;215;255;255m+                     "type": [Function],
[38;2;0;95;95m[48;2;215;255;255m+                   },
[38;2;0;95;95m[48;2;215;255;255m+                 },
[38;2;0;95;95m[48;2;215;255;255m+                 "render": [Function],
[38;2;0;95;95m[48;2;215;255;255m+                 "staticClass": undefined,
[38;2;0;95;95m[48;2;215;255;255m+                 "staticStyle": undefined,
[38;2;0;95;95m[48;2;215;255;255m+                 "style": undefined,
[38;2;0;95;95m[48;2;215;255;255m+               },
[38;2;0;95;95m[48;2;215;255;255m+               "transition-group": Object {
[38;2;0;95;95m[48;2;215;255;255m+                 "$_doNotStubChildren": true,
[38;2;0;95;95m[48;2;215;255;255m+                 "$_vueTestUtils_original": Object {
[38;2;0;95;95m[48;2;215;255;255m+                   "_Ctor": Object {
[38;2;0;95;95m[48;2;215;255;255m+                     "1404": [Function],
[38;2;0;95;95m[48;2;215;255;255m+                   },
[38;2;0;95;95m[48;2;215;255;255m+                   "beforeMount": [Function],
[38;2;0;95;95m[48;2;215;255;255m+                   "methods": Object {
[38;2;0;95;95m[48;2;215;255;255m+                     "hasMove": [Function],
[38;2;0;95;95m[48;2;215;255;255m+                   },
[38;2;0;95;95m[48;2;215;255;255m+                   "props": Object {
[38;2;0;95;95m[48;2;215;255;255m+                     "appear": Object {
[38;2;0;95;95m[48;2;215;255;255m+                       "type": [Function],
[38;2;0;95;95m[48;2;215;255;255m+                     },
[38;2;0;95;95m[48;2;215;255;255m+                     "appearActiveClass": Object {
[38;2;0;95;95m[48;2;215;255;255m+                       "type": [Function],
[38;2;0;95;95m[48;2;215;255;255m+                     },
[38;2;0;95;95m[48;2;215;255;255m+                     "appearClass": Object {
[38;2;0;95;95m[48;2;215;255;255m+                       "type": [Function],
[38;2;0;95;95m[48;2;215;255;255m+                     },
[38;2;0;95;95m[48;2;215;255;255m+                     "appearToClass": Object {
[38;2;0;95;95m[48;2;215;255;255m+                       "type": [Function],
[38;2;0;95;95m[48;2;215;255;255m+                     },
[38;2;0;95;95m[48;2;215;255;255m+                     "css": Object {
[38;2;0;95;95m[48;2;215;255;255m+                       "type": [Function],
[38;2;0;95;95m[48;2;215;255;255m+                     },
[38;2;0;95;95m[48;2;215;255;255m+                     "duration": Object {
[38;2;0;95;95m[48;2;215;255;255m+                       "type": Array [
[38;2;0;95;95m[48;2;215;255;255m+                         [Function],
[38;2;0;95;95m[48;2;215;255;255m+                         [Function],
[38;2;0;95;95m[48;2;215;255;255m+                         [Function],
[38;2;0;95;95m[48;2;215;255;255m+                       ],
[38;2;0;95;95m[48;2;215;255;255m+                     },
[38;2;0;95;95m[48;2;215;255;255m+                     "enterActiveClass": Object {
[38;2;0;95;95m[48;2;215;255;255m+                       "type": [Function],
[38;2;0;95;95m[48;2;215;255;255m+                     },
[38;2;0;95;95m[48;2;215;255;255m+                     "enterClass": Object {
[38;2;0;95;95m[48;2;215;255;255m+                       "type": [Function],
[38;2;0;95;95m[48;2;215;255;255m+                     },
[38;2;0;95;95m[48;2;215;255;255m+                     "enterToClass": Object {
[38;2;0;95;95m[48;2;215;255;255m+                       "type": [Function],
[38;2;0;95;95m[48;2;215;255;255m+                     },
[38;2;0;95;95m[48;2;215;255;255m+                     "leaveActiveClass": Object {
[38;2;0;95;95m[48;2;215;255;255m+                       "type": [Function],
[38;2;0;95;95m[48;2;215;255;255m+                     },
[38;2;0;95;95m[48;2;215;255;255m+                     "leaveClass": Object {
[38;2;0;95;95m[48;2;215;255;255m+                       "type": [Function],
[38;2;0;95;95m[48;2;215;255;255m+                     },
[38;2;0;95;95m[48;2;215;255;255m+                     "leaveToClass": Object {
[38;2;0;95;95m[48;2;215;255;255m+                       "type": [Function],
[38;2;0;95;95m[48;2;215;255;255m+                     },
[38;2;0;95;95m[48;2;215;255;255m+                     "moveClass": Object {
[38;2;0;95;95m[48;2;215;255;255m+                       "type": [Function],
[38;2;0;95;95m[48;2;215;255;255m+                     },
[38;2;0;95;95m[48;2;215;255;255m+                     "name": Object {
[38;2;0;95;95m[48;2;215;255;255m+                       "type": [Function],
[38;2;0;95;95m[48;2;215;255;255m+                     },
[38;2;0;95;95m[48;2;215;255;255m+                     "tag": Object {
[38;2;0;95;95m[48;2;215;255;255m+                       "type": [Function],
[38;2;0;95;95m[48;2;215;255;255m+                     },
[38;2;0;95;95m[48;2;215;255;255m+                     "type": Object {
[38;2;0;95;95m[48;2;215;255;255m+                       "type": [Function],
[38;2;0;95;95m[48;2;215;255;255m+                     },
[38;2;0;95;95m[48;2;215;255;255m+                   },
[38;2;0;95;95m[48;2;215;255;255m+                   "render": [Function],
[38;2;0;95;95m[48;2;215;255;255m+                   "updated": [Function],
[38;2;0;95;95m[48;2;215;255;255m+                 },
[38;2;0;95;95m[48;2;215;255;255m+                 "abstract": undefined,
[38;2;0;95;95m[48;2;215;255;255m+                 "attrs": undefined,
[38;2;0;95;95m[48;2;215;255;255m+                 "class": undefined,
[38;2;0;95;95m[48;2;215;255;255m+                 "domProps": undefined,
[38;2;0;95;95m[48;2;215;255;255m+                 "functional": undefined,
[38;2;0;95;95m[48;2;215;255;255m+                 "key": undefined,
[38;2;0;95;95m[48;2;215;255;255m+                 "model": undefined,
[38;2;0;95;95m[48;2;215;255;255m+                 "name": undefined,
[38;2;0;95;95m[48;2;215;255;255m+                 "nativeOn": undefined,
[38;2;0;95;95m[48;2;215;255;255m+                 "normalizedStyle": undefined,
[38;2;0;95;95m[48;2;215;255;255m+                 "on": undefined,
[38;2;0;95;95m[48;2;215;255;255m+                 "props": Object {
[38;2;0;95;95m[48;2;215;255;255m+                   "appear": Object {
[38;2;0;95;95m[48;2;215;255;255m+                     "type": [Function],
[38;2;0;95;95m[48;2;215;255;255m+                   },
[38;2;0;95;95m[48;2;215;255;255m+                   "appearActiveClass": Object {
[38;2;0;95;95m[48;2;215;255;255m+                     "type": [Function],
[38;2;0;95;95m[48;2;215;255;255m+                   },
[38;2;0;95;95m[48;2;215;255;255m+                   "appearClass": Object {
[38;2;0;95;95m[48;2;215;255;255m+                     "type": [Function],
[38;2;0;95;95m[48;2;215;255;255m+                   },
[38;2;0;95;95m[48;2;215;255;255m+                   "appearToClass": Object {
[38;2;0;95;95m[48;2;215;255;255m+                     "type": [Function],
[38;2;0;95;95m[48;2;215;255;255m+                   },
[38;2;0;95;95m[48;2;215;255;255m+                   "css": Object {
[38;2;0;95;95m[48;2;215;255;255m+                     "type": [Function],
[38;2;0;95;95m[48;2;215;255;255m+                   },
[38;2;0;95;95m[48;2;215;255;255m+                   "duration": Object {
[38;2;0;95;95m[48;2;215;255;255m+                     "type": Array [
[38;2;0;95;95m[48;2;215;255;255m+                       [Function],
[38;2;0;95;95m[48;2;215;255;255m+                       [Function],
[38;2;0;95;95m[48;2;215;255;255m+                       [Function],
[38;2;0;95;95m[48;2;215;255;255m+                     ],
[38;2;0;95;95m[48;2;215;255;255m+                   },
[38;2;0;95;95m[48;2;215;255;255m+                   "enterActiveClass": Object {
[38;2;0;95;95m[48;2;215;255;255m+                     "type": [Function],
[38;2;0;95;95m[48;2;215;255;255m+                   },
[38;2;0;95;95m[48;2;215;255;255m+                   "enterClass": Object {
[38;2;0;95;95m[48;2;215;255;255m+                     "type": [Function],
[38;2;0;95;95m[48;2;215;255;255m+                   },
[38;2;0;95;95m[48;2;215;255;255m+                   "enterToClass": Object {
[38;2;0;95;95m[48;2;215;255;255m+                     "type": [Function],
[38;2;0;95;95m[48;2;215;255;255m+                   },
[38;2;0;95;95m[48;2;215;255;255m+                   "leaveActiveClass": Object {
[38;2;0;95;95m[48;2;215;255;255m+                     "type": [Function],
[38;2;0;95;95m[48;2;215;255;255m+                   },
[38;2;0;95;95m[48;2;215;255;255m+                   "leaveClass": Object {
[38;2;0;95;95m[48;2;215;255;255m+                     "type": [Function],
[38;2;0;95;95m[48;2;215;255;255m+                   },
[38;2;0;95;95m[48;2;215;255;255m+                   "leaveToClass": Object {
[38;2;0;95;95m[48;2;215;255;255m+                     "type": [Function],
[38;2;0;95;95m[48;2;215;255;255m+                   },
[38;2;0;95;95m[48;2;215;255;255m+                   "moveClass": Object {
[38;2;0;95;95m[48;2;215;255;255m+                     "type": [Function],
[38;2;0;95;95m[48;2;215;255;255m+                   },
[38;2;0;95;95m[48;2;215;255;255m+                   "name": Object {
[38;2;0;95;95m[48;2;215;255;255m+                     "type": [Function],
[38;2;0;95;95m[48;2;215;255;255m+                   },
[38;2;0;95;95m[48;2;215;255;255m+                   "tag": Object {
[38;2;0;95;95m[48;2;215;255;255m+                     "type": [Function],
[38;2;0;95;95m[48;2;215;255;255m+                   },
[38;2;0;95;95m[48;2;215;255;255m+                   "type": Object {
[38;2;0;95;95m[48;2;215;255;255m+                     "type": [Function],
[38;2;0;95;95m[48;2;215;255;255m+                   },
[38;2;0;95;95m[48;2;215;255;255m+                 },
[38;2;0;95;95m[48;2;215;255;255m+                 "render": [Function],
[38;2;0;95;95m[48;2;215;255;255m+                 "staticClass": undefined,
[38;2;0;95;95m[48;2;215;255;255m+                 "staticStyle": undefined,
[38;2;0;95;95m[48;2;215;255;255m+                 "style": undefined,
[38;2;0;95;95m[48;2;215;255;255m+               },
[38;2;0;95;95m[48;2;215;255;255m+             },
[38;2;0;95;95m[48;2;215;255;255m+             "config": Object {
[38;2;0;95;95m[48;2;215;255;255m+               "_lifecycleHooks": Array [
[38;2;0;95;95m[48;2;215;255;255m+                 "beforeCreate",
[38;2;0;95;95m[48;2;215;255;255m+                 "created",
[38;2;0;95;95m[48;2;215;255;255m+                 "beforeMount",
[38;2;0;95;95m[48;2;215;255;255m+                 "mounted",
[38;2;0;95;95m[48;2;215;255;255m+                 "beforeUpdate",
[38;2;0;95;95m[48;2;215;255;255m+                 "updated",
[38;2;0;95;95m[48;2;215;255;255m+                 "beforeDestroy",
[38;2;0;95;95m[48;2;215;255;255m+                 "destroyed",
[38;2;0;95;95m[48;2;215;255;255m+                 "activated",
[38;2;0;95;95m[48;2;215;255;255m+                 "deactivated",
[38;2;0;95;95m[48;2;215;255;255m+                 "errorCaptured",
[38;2;0;95;95m[48;2;215;255;255m+                 "serverPrefetch",
[38;2;0;95;95m[48;2;215;255;255m+               ],
[38;2;0;95;95m[48;2;215;255;255m+               "async": true,
[38;2;0;95;95m[48;2;215;255;255m+               "devtools": false,
[38;2;0;95;95m[48;2;215;255;255m+               "errorHandler": undefined,
[38;2;0;95;95m[48;2;215;255;255m+               "getTagNamespace": [Function],
[38;2;0;95;95m[48;2;215;255;255m+               "ignoredElements": Array [],
[38;2;0;95;95m[48;2;215;255;255m+               "isReservedAttr": [Function],
[38;2;0;95;95m[48;2;215;255;255m+               "isReservedTag": [Function],
[38;2;0;95;95m[48;2;215;255;255m+               "isUnknownElement": [Function],
[38;2;0;95;95m[48;2;215;255;255m+               "keyCodes": Object {},
[38;2;0;95;95m[48;2;215;255;255m+               "mustUseProp": [Function],
[38;2;0;95;95m[48;2;215;255;255m+               "optionMergeStrategies": Object {
[38;2;0;95;95m[48;2;215;255;255m+                 "activated": [Function],
[38;2;0;95;95m[48;2;215;255;255m+                 "beforeCreate": [Function],
[38;2;0;95;95m[48;2;215;255;255m+                 "beforeDestroy": [Function],
[38;2;0;95;95m[48;2;215;255;255m+                 "beforeMount": [Function],
[38;2;0;95;95m[48;2;215;255;255m+                 "beforeUpdate": [Function],
[38;2;0;95;95m[48;2;215;255;255m+                 "components": [Function],
[38;2;0;95;95m[48;2;215;255;255m+                 "computed": [Function],
[38;2;0;95;95m[48;2;215;255;255m+                 "created": [Function],
[38;2;0;95;95m[48;2;215;255;255m+                 "data": [Function],
[38;2;0;95;95m[48;2;215;255;255m+                 "deactivated": [Function],
[38;2;0;95;95m[48;2;215;255;255m+                 "destroyed": [Function],
[38;2;0;95;95m[48;2;215;255;255m+                 "directives": [Function],
[38;2;0;95;95m[48;2;215;255;255m+                 "el": [Function],
[38;2;0;95;95m[48;2;215;255;255m+                 "errorCaptured": [Function],
[38;2;0;95;95m[48;2;215;255;255m+                 "filters": [Function],
[38;2;0;95;95m[48;2;215;255;255m+                 "inject": [Function],
[38;2;0;95;95m[48;2;215;255;255m+                 "methods": [Function],
[38;2;0;95;95m[48;2;215;255;255m+                 "mounted": [Function],
[38;2;0;95;95m[48;2;215;255;255m+                 "props": [Function],
[38;2;0;95;95m[48;2;215;255;255m+                 "propsData": [Function],
[38;2;0;95;95m[48;2;215;255;255m+                 "provide": [Function],
[38;2;0;95;95m[48;2;215;255;255m+                 "serverPrefetch": [Function],
[38;2;0;95;95m[48;2;215;255;255m+                 "updated": [Function],
[38;2;0;95;95m[48;2;215;255;255m+                 "watch": [Function],
[38;2;0;95;95m[48;2;215;255;255m+               },
[38;2;0;95;95m[48;2;215;255;255m+               "parsePlatformTagName": [Function],
[38;2;0;95;95m[48;2;215;255;255m+               "performance": false,
[38;2;0;95;95m[48;2;215;255;255m+               "productionTip": false,
[38;2;0;95;95m[48;2;215;255;255m+               "silent": false,
[38;2;0;95;95m[48;2;215;255;255m+               "warnHandler": null,
[38;2;0;95;95m[48;2;215;255;255m+             },
[38;2;0;95;95m[48;2;215;255;255m+             "data": [Function],
[38;2;0;95;95m[48;2;215;255;255m+             "delete": [Function],
[38;2;0;95;95m[48;2;215;255;255m+             "directive": [Function],
[38;2;0;95;95m[48;2;215;255;255m+             "directives": Object {},
[38;2;0;95;95m[48;2;215;255;255m+             "extend": [Function],
[38;2;0;95;95m[48;2;215;255;255m+             "extendOptions": Object {
[38;2;0;95;95m[48;2;215;255;255m+               "_Ctor": Object {
[38;2;0;95;95m[48;2;215;255;255m+                 "0": [Function],
[38;2;0;95;95m[48;2;215;255;255m+               },
[38;2;0;95;95m[48;2;215;255;255m+             },
[38;2;0;95;95m[48;2;215;255;255m+             "filter": [Function],
[38;2;0;95;95m[48;2;215;255;255m+             "filters": Object {},
[38;2;0;95;95m[48;2;215;255;255m+             "methods": undefined,
[38;2;0;95;95m[48;2;215;255;255m+             "mixin": [Function],
[38;2;0;95;95m[48;2;215;255;255m+             "mocks": undefined,
[38;2;0;95;95m[48;2;215;255;255m+             "nextTick": [Function],
[38;2;0;95;95m[48;2;215;255;255m+             "observable": [Function],
[38;2;0;95;95m[48;2;215;255;255m+             "options": Object {
[38;2;0;95;95m[48;2;215;255;255m+               "_Ctor": Object {
[38;2;0;95;95m[48;2;215;255;255m+                 "0": [Function],
[38;2;0;95;95m[48;2;215;255;255m+               },
[38;2;0;95;95m[48;2;215;255;255m+               "_base": [Function],
[38;2;0;95;95m[48;2;215;255;255m+               "beforeCreate": Array [
[38;2;0;95;95m[48;2;215;255;255m+                 [Function],
[38;2;0;95;95m[48;2;215;255;255m+                 [Function],
[38;2;0;95;95m[48;2;215;255;255m+               ],
[38;2;0;95;95m[48;2;215;255;255m+               "components": Object {
[38;2;0;95;95m[48;2;215;255;255m+                 "BTooltip": [Function],
[38;2;0;95;95m[48;2;215;255;255m+               },
[38;2;0;95;95m[48;2;215;255;255m+               "directives": Object {
[38;2;0;95;95m[48;2;215;255;255m+                 "BHover": Object {
[38;2;0;95;95m[48;2;215;255;255m+                   "bind": [Function],
[38;2;0;95;95m[48;2;215;255;255m+                   "componentUpdated": [Function],
[38;2;0;95;95m[48;2;215;255;255m+                   "unbind": [Function],
[38;2;0;95;95m[48;2;215;255;255m+                 },
[38;2;0;95;95m[48;2;215;255;255m+                 "BModal": Object {
[38;2;0;95;95m[48;2;215;255;255m+                   "componentUpdated": [Function],
[38;2;0;95;95m[48;2;215;255;255m+                   "inserted": [Function],
[38;2;0;95;95m[48;2;215;255;255m+                   "unbind": [Function],
[38;2;0;95;95m[48;2;215;255;255m+                   "updated": [Function],
[38;2;0;95;95m[48;2;215;255;255m+                 },
[38;2;0;95;95m[48;2;215;255;255m+                 "BScrollspy": Object {
[38;2;0;95;95m[48;2;215;255;255m+                   "bind": [Function],
[38;2;0;95;95m[48;2;215;255;255m+                   "componentUpdated": [Function],
[38;2;0;95;95m[48;2;215;255;255m+                   "inserted": [Function],
[38;2;0;95;95m[48;2;215;255;255m+                   "unbind": [Function],
[38;2;0;95;95m[48;2;215;255;255m+                   "update": [Function],
[38;2;0;95;95m[48;2;215;255;255m+                 },
[38;2;0;95;95m[48;2;215;255;255m+                 "BTooltip": Object {
[38;2;0;95;95m[48;2;215;255;255m+                   "bind": [Function],
[38;2;0;95;95m[48;2;215;255;255m+                   "componentUpdated": [Function],
[38;2;0;95;95m[48;2;215;255;255m+                   "unbind": [Function],
[38;2;0;95;95m[48;2;215;255;255m+                 },
[38;2;0;95;95m[48;2;215;255;255m+                 "BVisible": Object {
[38;2;0;95;95m[48;2;215;255;255m+                   "bind": [Function],
[38;2;0;95;95m[48;2;215;255;255m+                   "componentUpdated": [Function],
[38;2;0;95;95m[48;2;215;255;255m+                   "unbind": [Function],
[38;2;0;95;95m[48;2;215;255;255m+                 },
[38;2;0;95;95m[48;2;215;255;255m+               },
[38;2;0;95;95m[48;2;215;255;255m+               "filters": Object {},
[38;2;0;95;95m[48;2;215;255;255m+             },
[38;2;0;95;95m[48;2;215;255;255m+             "provide": [Function],
[38;2;0;95;95m[48;2;215;255;255m+             "render": [Function],
[38;2;0;95;95m[48;2;215;255;255m+             "sealedOptions": Object {
[38;2;0;95;95m[48;2;215;255;255m+               "_Ctor": Object {
[38;2;0;95;95m[48;2;215;255;255m+                 "0": [Function],
[38;2;0;95;95m[48;2;215;255;255m+               },
[38;2;0;95;95m[48;2;215;255;255m+               "_base": [Function],
[38;2;0;95;95m[48;2;215;255;255m+               "components": Object {
[38;2;0;95;95m[48;2;215;255;255m+                 "BAlert": [Function],
[38;2;0;95;95m[48;2;215;255;255m+                 "BAspect": [Function],
[38;2;0;95;95m[48;2;215;255;255m+                 "BAvatar": [Function],
[38;2;0;95;95m[48;2;215;255;255m+                 "BAvatarGroup": [Function],
[38;2;0;95;95m[48;2;215;255;255m+                 "BBadge": [Function],
[38;2;0;95;95m[48;2;215;255;255m+                 "BBreadcrumb": [Function],
[38;2;0;95;95m[48;2;215;255;255m+                 "BBreadcrumbItem": [Function],
[38;2;0;95;95m[48;2;215;255;255m+                 "BBreadcrumbLink": [Function],
[38;2;0;95;95m[48;2;215;255;255m+                 "BBtn": [Function],
[38;2;0;95;95m[48;2;215;255;255m+                 "BBtnClose": [Function],
[38;2;0;95;95m[48;2;215;255;255m+                 "BBtnGroup": [Function],
[38;2;0;95;95m[48;2;215;255;255m+                 "BBtnToolbar": [Function],
[38;2;0;95;95m[48;2;215;255;255m+                 "BButton": [Function],
[38;2;0;95;95m[48;2;215;255;255m+                 "BButtonClose": [Function],
[38;2;0;95;95m[48;2;215;255;255m+                 "BButtonGroup": [Function],
[38;2;0;95;95m[48;2;215;255;255m+                 "BButtonToolbar": [Function],
[38;2;0;95;95m[48;2;215;255;255m+                 "BCalendar": [Function],
[38;2;0;95;95m[48;2;215;255;255m+                 "BCard": [Function],
[38;2;0;95;95m[48;2;215;255;255m+                 "BCardBody": [Function],
[38;2;0;95;95m[48;2;215;255;255m+                 "BCardFooter": [Function],
[38;2;0;95;95m[48;2;215;255;255m+                 "BCardGroup": [Function],
[38;2;0;95;95m[48;2;215;255;255m+                 "BCardHeader": [Function],
[38;2;0;95;95m[48;2;215;255;255m+                 "BCardImg": [Function],
[38;2;0;95;95m[48;2;215;255;255m+                 "BCardImgLazy": [Function],
[38;2;0;95;95m[48;2;215;255;255m+                 "BCardSubTitle": [Function],
[38;2;0;95;95m[48;2;215;255;255m+                 "BCardText": [Function],
[38;2;0;95;95m[48;2;215;255;255m+                 "BCardTitle": [Function],
[38;2;0;95;95m[48;2;215;255;255m+                 "BCarousel": [Function],
[38;2;0;95;95m[48;2;215;255;255m+                 "BCarouselSlide": [Function],
[38;2;0;95;95m[48;2;215;255;255m+                 "BCheck": [Function],
[38;2;0;95;95m[48;2;215;255;255m+                 "BCheckGroup": [Function],
[38;2;0;95;95m[48;2;215;255;255m+                 "BCheckbox": [Function],
[38;2;0;95;95m[48;2;215;255;255m+                 "BCheckboxGroup": [Function],
[38;2;0;95;95m[48;2;215;255;255m+                 "BCol": [Function],
[38;2;0;95;95m[48;2;215;255;255m+                 "BCollapse": [Function],
[38;2;0;95;95m[48;2;215;255;255m+                 "BContainer": [Function],
[38;2;0;95;95m[48;2;215;255;255m+                 "BDatalist": [Function],
[38;2;0;95;95m[48;2;215;255;255m+                 "BDatepicker": [Function],
[38;2;0;95;95m[48;2;215;255;255m+                 "BDd": [Function],
[38;2;0;95;95m[48;2;215;255;255m+                 "BDdDivider": [Function],
[38;2;0;95;95m[48;2;215;255;255m+                 "BDdForm": [Function],
[38;2;0;95;95m[48;2;215;255;255m+                 "BDdGroup": [Function],
[38;2;0;95;95m[48;2;215;255;255m+                 "BDdHeader": [Function],
[38;2;0;95;95m[48;2;215;255;255m+                 "BDdItem": [Function],
[38;2;0;95;95m[48;2;215;255;255m+                 "BDdItemBtn": [Function],
[38;2;0;95;95m[48;2;215;255;255m+                 "BDdItemButton": [Function],
[38;2;0;95;95m[48;2;215;255;255m+                 "BDdText": [Function],
[38;2;0;95;95m[48;2;215;255;255m+                 "BDropdown": [Function],
[38;2;0;95;95m[48;2;215;255;255m+                 "BDropdownDivider": [Function],
[38;2;0;95;95m[48;2;215;255;255m+                 "BDropdownForm": [Function],
[38;2;0;95;95m[48;2;215;255;255m+                 "BDropdownGroup": [Function],
[38;2;0;95;95m[48;2;215;255;255m+                 "BDropdownHeader": [Function],
[38;2;0;95;95m[48;2;215;255;255m+                 "BDropdownItem": [Function],
[38;2;0;95;95m[48;2;215;255;255m+                 "BDropdownItemBtn": [Function],
[38;2;0;95;95m[48;2;215;255;255m+                 "BDropdownItemButton": [Function],
[38;2;0;95;95m[48;2;215;255;255m+                 "BDropdownText": [Function],
[38;2;0;95;95m[48;2;215;255;255m+                 "BEmbed": [Function],
[38;2;0;95;95m[48;2;215;255;255m+                 "BFile": [Function],
[38;2;0;95;95m[48;2;215;255;255m+                 "BForm": [Function],
[38;2;0;95;95m[48;2;215;255;255m+                 "BFormCheckbox": [Function],
[38;2;0;95;95m[48;2;215;255;255m+                 "BFormCheckboxGroup": [Function],
[38;2;0;95;95m[48;2;215;255;255m+                 "BFormDatalist": [Function],
[38;2;0;95;95m[48;2;215;255;255m+                 "BFormDatepicker": [Function],
[38;2;0;95;95m[48;2;215;255;255m+                 "BFormFeedback": [Function],
[38;2;0;95;95m[48;2;215;255;255m+                 "BFormFieldset": [Function],
[38;2;0;95;95m[48;2;215;255;255m+                 "BFormFile": [Function],
[38;2;0;95;95m[48;2;215;255;255m+                 "BFormGroup": [Function],
[38;2;0;95;95m[48;2;215;255;255m+                 "BFormInput": [Function],
[38;2;0;95;95m[48;2;215;255;255m+                 "BFormInvalidFeedback": [Function],
[38;2;0;95;95m[48;2;215;255;255m+                 "BFormRadio": [Function],
[38;2;0;95;95m[48;2;215;255;255m+                 "BFormRadioGroup": [Function],
[38;2;0;95;95m[48;2;215;255;255m+                 "BFormRating": [Function],
[38;2;0;95;95m[48;2;215;255;255m+                 "BFormRow": [Function],
[38;2;0;95;95m[48;2;215;255;255m+                 "BFormSelect": [Function],
[38;2;0;95;95m[48;2;215;255;255m+                 "BFormSelectOption": [Function],
[38;2;0;95;95m[48;2;215;255;255m+                 "BFormSelectOptionGroup": [Function],
[38;2;0;95;95m[48;2;215;255;255m+                 "BFormSpinbutton": [Function],
[38;2;0;95;95m[48;2;215;255;255m+                 "BFormTag": [Function],
[38;2;0;95;95m[48;2;215;255;255m+                 "BFormTags": [Function],
[38;2;0;95;95m[48;2;215;255;255m+                 "BFormText": [Function],
[38;2;0;95;95m[48;2;215;255;255m+                 "BFormTextarea": [Function],
[38;2;0;95;95m[48;2;215;255;255m+                 "BFormTimepicker": [Function],
[38;2;0;95;95m[48;2;215;255;255m+                 "BFormValidFeedback": [Function],
[38;2;0;95;95m[48;2;215;255;255m+                 "BImg": [Function],
[38;2;0;95;95m[48;2;215;255;255m+                 "BImgLazy": [Function],
[38;2;0;95;95m[48;2;215;255;255m+                 "BInput": [Function],
[38;2;0;95;95m[48;2;215;255;255m+                 "BInputGroup": [Function],
[38;2;0;95;95m[48;2;215;255;255m+                 "BInputGroupAddon": [Function],
[38;2;0;95;95m[48;2;215;255;255m+                 "BInputGroupAppend": [Function],
[38;2;0;95;95m[48;2;215;255;255m+                 "BInputGroupPrepend": [Function],
[38;2;0;95;95m[48;2;215;255;255m+                 "BInputGroupText": [Function],
[38;2;0;95;95m[48;2;215;255;255m+                 "BJumbotron": [Function],
[38;2;0;95;95m[48;2;215;255;255m+                 "BLink": [Function],
[38;2;0;95;95m[48;2;215;255;255m+                 "BListGroup": [Function],
[38;2;0;95;95m[48;2;215;255;255m+                 "BListGroupItem": [Function],
[38;2;0;95;95m[48;2;215;255;255m+                 "BMedia": [Function],
[38;2;0;95;95m[48;2;215;255;255m+                 "BMediaAside": [Function],
[38;2;0;95;95m[48;2;215;255;255m+                 "BMediaBody": [Function],
[38;2;0;95;95m[48;2;215;255;255m+                 "BModal": [Function],
[38;2;0;95;95m[48;2;215;255;255m+                 "BRadio": [Function],
[38;2;0;95;95m[48;2;215;255;255m+                 "BRadioGroup": [Function],
[38;2;0;95;95m[48;2;215;255;255m+                 "BRating": [Function],
[38;2;0;95;95m[48;2;215;255;255m+                 "BRow": [Function],
[38;2;0;95;95m[48;2;215;255;255m+                 "BSelect": [Function],
[38;2;0;95;95m[48;2;215;255;255m+                 "BSelectOption": [Function],
[38;2;0;95;95m[48;2;215;255;255m+                 "BSelectOptionGroup": [Function],
[38;2;0;95;95m[48;2;215;255;255m+                 "BSpinbutton": [Function],
[38;2;0;95;95m[48;2;215;255;255m+                 "BTag": [Function],
[38;2;0;95;95m[48;2;215;255;255m+                 "BTags": [Function],
[38;2;0;95;95m[48;2;215;255;255m+                 "BTextarea": [Function],
[38;2;0;95;95m[48;2;215;255;255m+                 "BTimepicker": [Function],
[38;2;0;95;95m[48;2;215;255;255m+               },
[38;2;0;95;95m[48;2;215;255;255m+               "directives": Object {
[38;2;0;95;95m[48;2;215;255;255m+                 "BModal": Object {
[38;2;0;95;95m[48;2;215;255;255m+                   "componentUpdated": [Function],
[38;2;0;95;95m[48;2;215;255;255m+                   "inserted": [Function],
[38;2;0;95;95m[48;2;215;255;255m+                   "unbind": [Function],
[38;2;0;95;95m[48;2;215;255;255m+                   "updated": [Function],
[38;2;0;95;95m[48;2;215;255;255m+                 },
[38;2;0;95;95m[48;2;215;255;255m+                 "BToggle": Object {
[38;2;0;95;95m[48;2;215;255;255m+                   "bind": [Function],
[38;2;0;95;95m[48;2;215;255;255m+                   "componentUpdated": [Function],
[38;2;0;95;95m[48;2;215;255;255m+                   "unbind": [Function],
[38;2;0;95;95m[48;2;215;255;255m+                   "updated": [Function],
[38;2;0;95;95m[48;2;215;255;255m+                 },
[38;2;0;95;95m[48;2;215;255;255m+               },
[38;2;0;95;95m[48;2;215;255;255m+               "filters": Object {},
[38;2;0;95;95m[48;2;215;255;255m+             },
[38;2;0;95;95m[48;2;215;255;255m+             "set": [Function],
[38;2;0;95;95m[48;2;215;255;255m+             "shouldProxy": true,
[38;2;0;95;95m[48;2;215;255;255m+             "stubs": Object {
[38;2;0;95;95m[48;2;215;255;255m+               "transition": true,
[38;2;0;95;95m[48;2;215;255;255m+               "transition-group": true,
[38;2;0;95;95m[48;2;215;255;255m+             },
[38;2;0;95;95m[48;2;215;255;255m+             "super": [Function],
[38;2;0;95;95m[48;2;215;255;255m+             "superOptions": Object {
[38;2;0;95;95m[48;2;215;255;255m+               "_base": [Function],
[38;2;0;95;95m[48;2;215;255;255m+               "components": Object {
[38;2;0;95;95m[48;2;215;255;255m+                 "KeepAlive": Object {
[38;2;0;95;95m[48;2;215;255;255m+                   "abstract": true,
[38;2;0;95;95m[48;2;215;255;255m+                   "created": [Function],
[38;2;0;95;95m[48;2;215;255;255m+                   "destroyed": [Function],
[38;2;0;95;95m[48;2;215;255;255m+                   "methods": Object {
[38;2;0;95;95m[48;2;215;255;255m+                     "cacheVNode": [Function],
[38;2;0;95;95m[48;2;215;255;255m+                   },
[38;2;0;95;95m[48;2;215;255;255m+                   "mounted": [Function],
[38;2;0;95;95m[48;2;215;255;255m+                   "name": "keep-alive",
[38;2;0;95;95m[48;2;215;255;255m+                   "props": Object {
[38;2;0;95;95m[48;2;215;255;255m+                     "exclude": Array [
[38;2;0;95;95m[48;2;215;255;255m+                       [Function],
[38;2;0;95;95m[48;2;215;255;255m+                       [Function],
[38;2;0;95;95m[48;2;215;255;255m+                       [Function],
[38;2;0;95;95m[48;2;215;255;255m+                     ],
[38;2;0;95;95m[48;2;215;255;255m+                     "include": Array [
[38;2;0;95;95m[48;2;215;255;255m+                       [Function],
[38;2;0;95;95m[48;2;215;255;255m+                       [Function],
[38;2;0;95;95m[48;2;215;255;255m+                       [Function],
[38;2;0;95;95m[48;2;215;255;255m+                     ],
[38;2;0;95;95m[48;2;215;255;255m+                     "max": Array [
[38;2;0;95;95m[48;2;215;255;255m+                       [Function],
[38;2;0;95;95m[48;2;215;255;255m+                       [Function],
[38;2;0;95;95m[48;2;215;255;255m+                     ],
[38;2;0;95;95m[48;2;215;255;255m+                   },
[38;2;0;95;95m[48;2;215;255;255m+                   "render": [Function],
[38;2;0;95;95m[48;2;215;255;255m+                   "updated": [Function],
[38;2;0;95;95m[48;2;215;255;255m+                 },
[38;2;0;95;95m[48;2;215;255;255m+                 "Transition": Object {
[38;2;0;95;95m[48;2;215;255;255m+                   "_Ctor": Object {
[38;2;0;95;95m[48;2;215;255;255m+                     "1404": [Function],
[38;2;0;95;95m[48;2;215;255;255m+                   },
[38;2;0;95;95m[48;2;215;255;255m+                   "abstract": true,
[38;2;0;95;95m[48;2;215;255;255m+                   "name": "transition",
[38;2;0;95;95m[48;2;215;255;255m+                   "props": Object {
[38;2;0;95;95m[48;2;215;255;255m+                     "appear": Object {
[38;2;0;95;95m[48;2;215;255;255m+                       "type": [Function],
[38;2;0;95;95m[48;2;215;255;255m+                     },
[38;2;0;95;95m[48;2;215;255;255m+                     "appearActiveClass": Object {
[38;2;0;95;95m[48;2;215;255;255m+                       "type": [Function],
[38;2;0;95;95m[48;2;215;255;255m+                     },
[38;2;0;95;95m[48;2;215;255;255m+                     "appearClass": Object {
[38;2;0;95;95m[48;2;215;255;255m+                       "type": [Function],
[38;2;0;95;95m[48;2;215;255;255m+                     },
[38;2;0;95;95m[48;2;215;255;255m+                     "appearToClass": Object {
[38;2;0;95;95m[48;2;215;255;255m+                       "type": [Function],
[38;2;0;95;95m[48;2;215;255;255m+                     },
[38;2;0;95;95m[48;2;215;255;255m+                     "css": Object {
[38;2;0;95;95m[48;2;215;255;255m+                       "type": [Function],
[38;2;0;95;95m[48;2;215;255;255m+                     },
[38;2;0;95;95m[48;2;215;255;255m+                     "duration": Object {
[38;2;0;95;95m[48;2;215;255;255m+                       "type": Array [
[38;2;0;95;95m[48;2;215;255;255m+                         [Function],
[38;2;0;95;95m[48;2;215;255;255m+                         [Function],
[38;2;0;95;95m[48;2;215;255;255m+                         [Function],
[38;2;0;95;95m[48;2;215;255;255m+                       ],
[38;2;0;95;95m[48;2;215;255;255m+                     },
[38;2;0;95;95m[48;2;215;255;255m+                     "enterActiveClass": Object {
[38;2;0;95;95m[48;2;215;255;255m+                       "type": [Function],
[38;2;0;95;95m[48;2;215;255;255m+                     },
[38;2;0;95;95m[48;2;215;255;255m+                     "enterClass": Object {
[38;2;0;95;95m[48;2;215;255;255m+                       "type": [Function],
[38;2;0;95;95m[48;2;215;255;255m+                     },
[38;2;0;95;95m[48;2;215;255;255m+                     "enterToClass": Object {
[38;2;0;95;95m[48;2;215;255;255m+                       "type": [Function],
[38;2;0;95;95m[48;2;215;255;255m+                     },
[38;2;0;95;95m[48;2;215;255;255m+                     "leaveActiveClass": Object {
[38;2;0;95;95m[48;2;215;255;255m+                       "type": [Function],
[38;2;0;95;95m[48;2;215;255;255m+                     },
[38;2;0;95;95m[48;2;215;255;255m+                     "leaveClass": Object {
[38;2;0;95;95m[48;2;215;255;255m+                       "type": [Function],
[38;2;0;95;95m[48;2;215;255;255m+                     },
[38;2;0;95;95m[48;2;215;255;255m+                     "leaveToClass": Object {
[38;2;0;95;95m[48;2;215;255;255m+                       "type": [Function],
[38;2;0;95;95m[48;2;215;255;255m+                     },
[38;2;0;95;95m[48;2;215;255;255m+                     "mode": Object {
[38;2;0;95;95m[48;2;215;255;255m+                       "type": [Function],
[38;2;0;95;95m[48;2;215;255;255m+                     },
[38;2;0;95;95m[48;2;215;255;255m+                     "name": Object {
[38;2;0;95;95m[48;2;215;255;255m+                       "type": [Function],
[38;2;0;95;95m[48;2;215;255;255m+                     },
[38;2;0;95;95m[48;2;215;255;255m+                     "type": Object {
[38;2;0;95;95m[48;2;215;255;255m+                       "type": [Function],
[38;2;0;95;95m[48;2;215;255;255m+                     },
[38;2;0;95;95m[48;2;215;255;255m+                   },
[38;2;0;95;95m[48;2;215;255;255m+                   "render": [Function],
[38;2;0;95;95m[48;2;215;255;255m+                 },
[38;2;0;95;95m[48;2;215;255;255m+                 "TransitionGroup": Object {
[38;2;0;95;95m[48;2;215;255;255m+                   "_Ctor": Object {
[38;2;0;95;95m[48;2;215;255;255m+                     "1404": [Function],
[38;2;0;95;95m[48;2;215;255;255m+                   },
[38;2;0;95;95m[48;2;215;255;255m+                   "beforeMount": [Function],
[38;2;0;95;95m[48;2;215;255;255m+                   "methods": Object {
[38;2;0;95;95m[48;2;215;255;255m+                     "hasMove": [Function],
[38;2;0;95;95m[48;2;215;255;255m+                   },
[38;2;0;95;95m[48;2;215;255;255m+                   "props": Object {
[38;2;0;95;95m[48;2;215;255;255m+                     "appear": Object {
[38;2;0;95;95m[48;2;215;255;255m+                       "type": [Function],
[38;2;0;95;95m[48;2;215;255;255m+                     },
[38;2;0;95;95m[48;2;215;255;255m+                     "appearActiveClass": Object {
[38;2;0;95;95m[48;2;215;255;255m+                       "type": [Function],
[38;2;0;95;95m[48;2;215;255;255m+                     },
[38;2;0;95;95m[48;2;215;255;255m+                     "appearClass": Object {
[38;2;0;95;95m[48;2;215;255;255m+                       "type": [Function],
[38;2;0;95;95m[48;2;215;255;255m+                     },
[38;2;0;95;95m[48;2;215;255;255m+                     "appearToClass": Object {
[38;2;0;95;95m[48;2;215;255;255m+                       "type": [Function],
[38;2;0;95;95m[48;2;215;255;255m+                     },
[38;2;0;95;95m[48;2;215;255;255m+                     "css": Object {
[38;2;0;95;95m[48;2;215;255;255m+                       "type": [Function],
[38;2;0;95;95m[48;2;215;255;255m+                     },
[38;2;0;95;95m[48;2;215;255;255m+                     "duration": Object {
[38;2;0;95;95m[48;2;215;255;255m+                       "type": Array [
[38;2;0;95;95m[48;2;215;255;255m+                         [Function],
[38;2;0;95;95m[48;2;215;255;255m+                         [Function],
[38;2;0;95;95m[48;2;215;255;255m+                         [Function],
[38;2;0;95;95m[48;2;215;255;255m+                       ],
[38;2;0;95;95m[48;2;215;255;255m+                     },
[38;2;0;95;95m[48;2;215;255;255m+                     "enterActiveClass": Object {
[38;2;0;95;95m[48;2;215;255;255m+                       "type": [Function],
[38;2;0;95;95m[48;2;215;255;255m+                     },
[38;2;0;95;95m[48;2;215;255;255m+                     "enterClass": Object {
[38;2;0;95;95m[48;2;215;255;255m+                       "type": [Function],
[38;2;0;95;95m[48;2;215;255;255m+                     },
[38;2;0;95;95m[48;2;215;255;255m+                     "enterToClass": Object {
[38;2;0;95;95m[48;2;215;255;255m+                       "type": [Function],
[38;2;0;95;95m[48;2;215;255;255m+                     },
[38;2;0;95;95m[48;2;215;255;255m+                     "leaveActiveClass": Object {
[38;2;0;95;95m[48;2;215;255;255m+                       "type": [Function],
[38;2;0;95;95m[48;2;215;255;255m+                     },
[38;2;0;95;95m[48;2;215;255;255m+                     "leaveClass": Object {
[38;2;0;95;95m[48;2;215;255;255m+                       "type": [Function],
[38;2;0;95;95m[48;2;215;255;255m+                     },
[38;2;0;95;95m[48;2;215;255;255m+                     "leaveToClass": Object {
[38;2;0;95;95m[48;2;215;255;255m+                       "type": [Function],
[38;2;0;95;95m[48;2;215;255;255m+                     },
[38;2;0;95;95m[48;2;215;255;255m+                     "moveClass": Object {
[38;2;0;95;95m[48;2;215;255;255m+                       "type": [Function],
[38;2;0;95;95m[48;2;215;255;255m+                     },
[38;2;0;95;95m[48;2;215;255;255m+                     "name": Object {
[38;2;0;95;95m[48;2;215;255;255m+                       "type": [Function],
[38;2;0;95;95m[48;2;215;255;255m+                     },
[38;2;0;95;95m[48;2;215;255;255m+                     "tag": Object {
[38;2;0;95;95m[48;2;215;255;255m+                       "type": [Function],
[38;2;0;95;95m[48;2;215;255;255m+                     },
[38;2;0;95;95m[48;2;215;255;255m+                     "type": Object {
[38;2;0;95;95m[48;2;215;255;255m+                       "type": [Function],
[38;2;0;95;95m[48;2;215;255;255m+                     },
[38;2;0;95;95m[48;2;215;255;255m+                   },
[38;2;0;95;95m[48;2;215;255;255m+                   "render": [Function],
[38;2;0;95;95m[48;2;215;255;255m+                   "updated": [Function],
[38;2;0;95;95m[48;2;215;255;255m+                 },
[38;2;0;95;95m[48;2;215;255;255m+               },
[38;2;0;95;95m[48;2;215;255;255m+               "directives": Object {
[38;2;0;95;95m[48;2;215;255;255m+                 "model": Object {
[38;2;0;95;95m[48;2;215;255;255m+                   "componentUpdated": [Function],
[38;2;0;95;95m[48;2;215;255;255m+                   "inserted": [Function],
[38;2;0;95;95m[48;2;215;255;255m+                 },
[38;2;0;95;95m[48;2;215;255;255m+                 "show": Object {
[38;2;0;95;95m[48;2;215;255;255m+                   "bind": [Function],
[38;2;0;95;95m[48;2;215;255;255m+                   "unbind": [Function],
[38;2;0;95;95m[48;2;215;255;255m+                   "update": [Function],
[38;2;0;95;95m[48;2;215;255;255m+                 },
[38;2;0;95;95m[48;2;215;255;255m+               },
[38;2;0;95;95m[48;2;215;255;255m+               "filters": Object {},
[38;2;0;95;95m[48;2;215;255;255m+             },
[38;2;0;95;95m[48;2;215;255;255m+             "use": [Function],
[38;2;0;95;95m[48;2;215;255;255m+             "util": Object {
[38;2;0;95;95m[48;2;215;255;255m+               "defineReactive": [Function],
[38;2;0;95;95m[48;2;215;255;255m+               "extend": [Function],
[38;2;0;95;95m[48;2;215;255;255m+               "mergeOptions": [Function],
[38;2;0;95;95m[48;2;215;255;255m+               "warn": [Function],
[38;2;0;95;95m[48;2;215;255;255m+             },
[38;2;0;95;95m[48;2;215;255;255m+             "version": "2.6.14",
[38;2;0;95;95m[48;2;215;255;255m+           },
[38;2;0;95;95m[48;2;215;255;255m+           "$parent": undefined,
[38;2;0;95;95m[48;2;215;255;255m+           "$refs": Object {},
[38;2;0;95;95m[48;2;215;255;255m+           "$root": [Circular],
[38;2;0;95;95m[48;2;215;255;255m+           "$scopedSlots": Object {},
[38;2;0;95;95m[48;2;215;255;255m+           "$slots": Object {},
[38;2;0;95;95m[48;2;215;255;255m+           "$vnode": undefined,
[38;2;0;95;95m[48;2;215;255;255m+           "__emitted": Object {},
[38;2;0;95;95m[48;2;215;255;255m+           "__emittedByOrder": Array [],
[38;2;0;95;95m[48;2;215;255;255m+           "_c": [Function],
[38;2;0;95;95m[48;2;215;255;255m+           "_data": Object {
[38;2;0;95;95m[48;2;215;255;255m+             "vueTestUtils_childProps": Object {},
[38;2;0;95;95m[48;2;215;255;255m+           },
[38;2;0;95;95m[48;2;215;255;255m+           "_directInactive": false,
[38;2;0;95;95m[48;2;215;255;255m+           "_events": Object {},
[38;2;0;95;95m[48;2;215;255;255m+           "_hasHookEvent": false,
[38;2;0;95;95m[48;2;215;255;255m+           "_inactive": null,
[38;2;0;95;95m[48;2;215;255;255m+           "_isBeingDestroyed": false,
[38;2;0;95;95m[48;2;215;255;255m+           "_isDestroyed": false,
[38;2;0;95;95m[48;2;215;255;255m+           "_isMounted": true,
[38;2;0;95;95m[48;2;215;255;255m+           "_isVue": true,
[38;2;0;95;95m[48;2;215;255;255m+           "_provided": Object {},
[38;2;0;95;95m[48;2;215;255;255m+           "_renderProxy": [Circular],
[38;2;0;95;95m[48;2;215;255;255m+           "_self": [Circular],
[38;2;0;95;95m[48;2;215;255;255m+           "_staticTrees": null,
[38;2;0;95;95m[48;2;215;255;255m+           "_uid": 2,
[38;2;0;95;95m[48;2;215;255;255m+           "_vnode": [Circular],
[38;2;0;95;95m[48;2;215;255;255m+           "_watcher": Watcher {
[38;2;0;95;95m[48;2;215;255;255m+             "active": true,
[38;2;0;95;95m[48;2;215;255;255m+             "before": [Function],
[38;2;0;95;95m[48;2;215;255;255m+             "cb": [Function],
[38;2;0;95;95m[48;2;215;255;255m+             "deep": false,
[38;2;0;95;95m[48;2;215;255;255m+             "depIds": Set {
[38;2;0;95;95m[48;2;215;255;255m+               21,
[38;2;0;95;95m[48;2;215;255;255m+               22,
[38;2;0;95;95m[48;2;215;255;255m+             },
[38;2;0;95;95m[48;2;215;255;255m+             "deps": Array [
[38;2;0;95;95m[48;2;215;255;255m+               Dep {
[38;2;0;95;95m[48;2;215;255;255m+                 "id": 21,
[38;2;0;95;95m[48;2;215;255;255m+                 "subs": Array [
[38;2;0;95;95m[48;2;215;255;255m+                   [Circular],
[38;2;0;95;95m[48;2;215;255;255m+                 ],
[38;2;0;95;95m[48;2;215;255;255m+               },
[38;2;0;95;95m[48;2;215;255;255m+               Dep {
[38;2;0;95;95m[48;2;215;255;255m+                 "id": 22,
[38;2;0;95;95m[48;2;215;255;255m+                 "subs": Array [
[38;2;0;95;95m[48;2;215;255;255m+                   [Circular],
[38;2;0;95;95m[48;2;215;255;255m+                 ],
[38;2;0;95;95m[48;2;215;255;255m+               },
[38;2;0;95;95m[48;2;215;255;255m+             ],
[38;2;0;95;95m[48;2;215;255;255m+             "dirty": false,
[38;2;0;95;95m[48;2;215;255;255m+             "expression": "function () {
[38;2;0;95;95m[48;2;215;255;255m+       vm._update(vm._render(), hydrating);
[38;2;0;95;95m[48;2;215;255;255m+     }",
[38;2;0;95;95m[48;2;215;255;255m+             "getter": [Function],
[38;2;0;95;95m[48;2;215;255;255m+             "id": 5,
[38;2;0;95;95m[48;2;215;255;255m+             "lazy": false,
[38;2;0;95;95m[48;2;215;255;255m+             "newDepIds": Set {},
[38;2;0;95;95m[48;2;215;255;255m+             "newDeps": Array [],
[38;2;0;95;95m[48;2;215;255;255m+             "sync": false,
[38;2;0;95;95m[48;2;215;255;255m+             "user": false,
[38;2;0;95;95m[48;2;215;255;255m+             "value": undefined,
[38;2;0;95;95m[48;2;215;255;255m+             "vm": [Circular],
[38;2;0;95;95m[48;2;215;255;255m+           },
[38;2;0;95;95m[48;2;215;255;255m+           "_watchers": Array [
[38;2;0;95;95m[48;2;215;255;255m+             Watcher {
[38;2;0;95;95m[48;2;215;255;255m+               "active": true,
[38;2;0;95;95m[48;2;215;255;255m+               "before": [Function],
[38;2;0;95;95m[48;2;215;255;255m+               "cb": [Function],
[38;2;0;95;95m[48;2;215;255;255m+               "deep": false,
[38;2;0;95;95m[48;2;215;255;255m+               "depIds": Set {
[38;2;0;95;95m[48;2;215;255;255m+                 21,
[38;2;0;95;95m[48;2;215;255;255m+                 22,
[38;2;0;95;95m[48;2;215;255;255m+               },
[38;2;0;95;95m[48;2;215;255;255m+               "deps": Array [
[38;2;0;95;95m[48;2;215;255;255m+                 Dep {
[38;2;0;95;95m[48;2;215;255;255m+                   "id": 21,
[38;2;0;95;95m[48;2;215;255;255m+                   "subs": Array [
[38;2;0;95;95m[48;2;215;255;255m+                     [Circular],
[38;2;0;95;95m[48;2;215;255;255m+                   ],
[38;2;0;95;95m[48;2;215;255;255m+                 },
[38;2;0;95;95m[48;2;215;255;255m+                 Dep {
[38;2;0;95;95m[48;2;215;255;255m+                   "id": 22,
[38;2;0;95;95m[48;2;215;255;255m+                   "subs": Array [
[38;2;0;95;95m[48;2;215;255;255m+                     [Circular],
[38;2;0;95;95m[48;2;215;255;255m+                   ],
[38;2;0;95;95m[48;2;215;255;255m+                 },
[38;2;0;95;95m[48;2;215;255;255m+               ],
[38;2;0;95;95m[48;2;215;255;255m+               "dirty": false,
[38;2;0;95;95m[48;2;215;255;255m+               "expression": "function () {
[38;2;0;95;95m[48;2;215;255;255m+       vm._update(vm._render(), hydrating);
[38;2;0;95;95m[48;2;215;255;255m+     }",
[38;2;0;95;95m[48;2;215;255;255m+               "getter": [Function],
[38;2;0;95;95m[48;2;215;255;255m+               "id": 5,
[38;2;0;95;95m[48;2;215;255;255m+               "lazy": false,
[38;2;0;95;95m[48;2;215;255;255m+               "newDepIds": Set {},
[38;2;0;95;95m[48;2;215;255;255m+               "newDeps": Array [],
[38;2;0;95;95m[48;2;215;255;255m+               "sync": false,
[38;2;0;95;95m[48;2;215;255;255m+               "user": false,
[38;2;0;95;95m[48;2;215;255;255m+               "value": undefined,
[38;2;0;95;95m[48;2;215;255;255m+               "vm": [Circular],
[38;2;0;95;95m[48;2;215;255;255m+             },
[38;2;0;95;95m[48;2;215;255;255m+           ],
[38;2;0;95;95m[48;2;215;255;255m+           "vueTestUtils_childProps": Object {},
[38;2;0;95;95m[48;2;215;255;255m+         },
[38;2;0;95;95m[48;2;215;255;255m+         "_self": [Circular],
[38;2;0;95;95m[48;2;215;255;255m+         "_staticTrees": null,
[38;2;0;95;95m[48;2;215;255;255m+         "_uid": 2,
[38;2;0;95;95m[48;2;215;255;255m+         "_vnode": [Circular],
[38;2;0;95;95m[48;2;215;255;255m+         "_watcher": Watcher {
[38;2;0;95;95m[48;2;215;255;255m+           "active": true,
[38;2;0;95;95m[48;2;215;255;255m+           "before": [Function],
[38;2;0;95;95m[48;2;215;255;255m+           "cb": [Function],
[38;2;0;95;95m[48;2;215;255;255m+           "deep": false,
[38;2;0;95;95m[48;2;215;255;255m+           "depIds": Set {
[38;2;0;95;95m[48;2;215;255;255m+             21,
[38;2;0;95;95m[48;2;215;255;255m+             22,
[38;2;0;95;95m[48;2;215;255;255m+           },
[38;2;0;95;95m[48;2;215;255;255m+           "deps": Array [
[38;2;0;95;95m[48;2;215;255;255m+             Dep {
[38;2;0;95;95m[48;2;215;255;255m+               "id": 21,
[38;2;0;95;95m[48;2;215;255;255m+               "subs": Array [
[38;2;0;95;95m[48;2;215;255;255m+                 [Circular],
[38;2;0;95;95m[48;2;215;255;255m+               ],
[38;2;0;95;95m[48;2;215;255;255m+             },
[38;2;0;95;95m[48;2;215;255;255m+             Dep {
[38;2;0;95;95m[48;2;215;255;255m+               "id": 22,
[38;2;0;95;95m[48;2;215;255;255m+               "subs": Array [
[38;2;0;95;95m[48;2;215;255;255m+                 [Circular],
[38;2;0;95;95m[48;2;215;255;255m+               ],
[38;2;0;95;95m[48;2;215;255;255m+             },
[38;2;0;95;95m[48;2;215;255;255m+           ],
[38;2;0;95;95m[48;2;215;255;255m+           "dirty": false,
[38;2;0;95;95m[48;2;215;255;255m+           "expression": "function () {
[38;2;0;95;95m[48;2;215;255;255m+       vm._update(vm._render(), hydrating);
[38;2;0;95;95m[48;2;215;255;255m+     }",
[38;2;0;95;95m[48;2;215;255;255m+           "getter": [Function],
[38;2;0;95;95m[48;2;215;255;255m+           "id": 5,
[38;2;0;95;95m[48;2;215;255;255m+           "lazy": false,
[38;2;0;95;95m[48;2;215;255;255m+           "newDepIds": Set {},
[38;2;0;95;95m[48;2;215;255;255m+           "newDeps": Array [],
[38;2;0;95;95m[48;2;215;255;255m+           "sync": false,
[38;2;0;95;95m[48;2;215;255;255m+           "user": false,
[38;2;0;95;95m[48;2;215;255;255m+           "value": undefined,
[38;2;0;95;95m[48;2;215;255;255m+           "vm": [Circular],
[38;2;0;95;95m[48;2;215;255;255m+         },
[38;2;0;95;95m[48;2;215;255;255m+         "_watchers": Array [
[38;2;0;95;95m[48;2;215;255;255m+           Watcher {
[38;2;0;95;95m[48;2;215;255;255m+             "active": true,
[38;2;0;95;95m[48;2;215;255;255m+             "before": [Function],
[38;2;0;95;95m[48;2;215;255;255m+             "cb": [Function],
[38;2;0;95;95m[48;2;215;255;255m+             "deep": false,
[38;2;0;95;95m[48;2;215;255;255m+             "depIds": Set {
[38;2;0;95;95m[48;2;215;255;255m+               21,
[38;2;0;95;95m[48;2;215;255;255m+               22,
[38;2;0;95;95m[48;2;215;255;255m+             },
[38;2;0;95;95m[48;2;215;255;255m+             "deps": Array [
[38;2;0;95;95m[48;2;215;255;255m+               Dep {
[38;2;0;95;95m[48;2;215;255;255m+                 "id": 21,
[38;2;0;95;95m[48;2;215;255;255m+                 "subs": Array [
[38;2;0;95;95m[48;2;215;255;255m+                   [Circular],
[38;2;0;95;95m[48;2;215;255;255m+                 ],
[38;2;0;95;95m[48;2;215;255;255m+               },
[38;2;0;95;95m[48;2;215;255;255m+               Dep {
[38;2;0;95;95m[48;2;215;255;255m+                 "id": 22,
[38;2;0;95;95m[48;2;215;255;255m+                 "subs": Array [
[38;2;0;95;95m[48;2;215;255;255m+                   [Circular],
[38;2;0;95;95m[48;2;215;255;255m+                 ],
[38;2;0;95;95m[48;2;215;255;255m+               },
[38;2;0;95;95m[48;2;215;255;255m+             ],
[38;2;0;95;95m[48;2;215;255;255m+             "dirty": false,
[38;2;0;95;95m[48;2;215;255;255m+             "expression": "function () {
[38;2;0;95;95m[48;2;215;255;255m+       vm._update(vm._render(), hydrating);
[38;2;0;95;95m[48;2;215;255;255m+     }",
[38;2;0;95;95m[48;2;215;255;255m+             "getter": [Function],
[38;2;0;95;95m[48;2;215;255;255m+             "id": 5,
[38;2;0;95;95m[48;2;215;255;255m+             "lazy": false,
[38;2;0;95;95m[48;2;215;255;255m+             "newDepIds": Set {},
[38;2;0;95;95m[48;2;215;255;255m+             "newDeps": Array [],
[38;2;0;95;95m[48;2;215;255;255m+             "sync": false,
[38;2;0;95;95m[48;2;215;255;255m+             "user": false,
[38;2;0;95;95m[48;2;215;255;255m+             "value": undefined,
[38;2;0;95;95m[48;2;215;255;255m+             "vm": [Circular],
[38;2;0;95;95m[48;2;215;255;255m+           },
[38;2;0;95;95m[48;2;215;255;255m+         ],
[38;2;0;95;95m[48;2;215;255;255m+         "vueTestUtils_childProps": Object {},
[38;2;0;95;95m[48;2;215;255;255m+       },
[38;2;0;95;95m[48;2;215;255;255m+       "data": Object {
[38;2;0;95;95m[48;2;215;255;255m+         "attrs": Object {},
[38;2;0;95;95m[48;2;215;255;255m+         "hook": Object {
[38;2;0;95;95m[48;2;215;255;255m+           "destroy": [Function],
[38;2;0;95;95m[48;2;215;255;255m+           "init": [Function],
[38;2;0;95;95m[48;2;215;255;255m+           "insert": [Function],
[38;2;0;95;95m[48;2;215;255;255m+           "prepatch": [Function],
[38;2;0;95;95m[48;2;215;255;255m+         },
[38;2;0;95;95m[48;2;215;255;255m+         "on": undefined,
[38;2;0;95;95m[48;2;215;255;255m+         "pendingInsert": null,
[38;2;0;95;95m[48;2;215;255;255m+         "scopedSlots": Object {
[38;2;0;95;95m[48;2;215;255;255m+           "_normalized": Object {},
[38;2;0;95;95m[48;2;215;255;255m+         },
[38;2;0;95;95m[48;2;215;255;255m+       },
[38;2;0;95;95m[48;2;215;255;255m+       "elm": <div>
[38;2;0;95;95m[48;2;215;255;255m+         <b-dropdown
[38;2;0;95;95m[48;2;215;255;255m+           no-caret=""
[38;2;0;95;95m[48;2;215;255;255m+           right=""
[38;2;0;95;95m[48;2;215;255;255m+           size="lg"
[38;2;0;95;95m[48;2;215;255;255m+           variant="link"
[38;2;0;95;95m[48;2;215;255;255m+         >
[38;2;0;95;95m[48;2;215;255;255m+            
[38;2;0;95;95m[48;2;215;255;255m+           <b-dropdown-item>
[38;2;0;95;95m[48;2;215;255;255m+             <b-icon
[38;2;0;95;95m[48;2;215;255;255m+               icon="door-open"
[38;2;0;95;95m[48;2;215;255;255m+             />
[38;2;0;95;95m[48;2;215;255;255m+             
[38;2;0;95;95m[48;2;215;255;255m+       回到主页
[38;2;0;95;95m[48;2;215;255;255m+     
[38;2;0;95;95m[48;2;215;255;255m+           </b-dropdown-item>
[38;2;0;95;95m[48;2;215;255;255m+            
[38;2;0;95;95m[48;2;215;255;255m+           <b-dropdown-item>
[38;2;0;95;95m[48;2;215;255;255m+             <b-icon
[38;2;0;95;95m[48;2;215;255;255m+               icon="cursor-fill"
[38;2;0;95;95m[48;2;215;255;255m+             />
[38;2;0;95;95m[48;2;215;255;255m+             
[38;2;0;95;95m[48;2;215;255;255m+       注销用户
[38;2;0;95;95m[48;2;215;255;255m+     
[38;2;0;95;95m[48;2;215;255;255m+           </b-dropdown-item>
[38;2;0;95;95m[48;2;215;255;255m+         </b-dropdown>
[38;2;0;95;95m[48;2;215;255;255m+       </div>,
[38;2;0;95;95m[48;2;215;255;255m+       "fnContext": undefined,
[38;2;0;95;95m[48;2;215;255;255m+       "fnOptions": undefined,
[38;2;0;95;95m[48;2;215;255;255m+       "fnScopeId": undefined,
[38;2;0;95;95m[48;2;215;255;255m+       "isAsyncPlaceholder": false,
[38;2;0;95;95m[48;2;215;255;255m+       "isCloned": false,
[38;2;0;95;95m[48;2;215;255;255m+       "isComment": false,
[38;2;0;95;95m[48;2;215;255;255m+       "isOnce": false,
[38;2;0;95;95m[48;2;215;255;255m+       "isRootInsert": true,
[38;2;0;95;95m[48;2;215;255;255m+       "isStatic": false,
[38;2;0;95;95m[48;2;215;255;255m+       "key": undefined,
[38;2;0;95;95m[48;2;215;255;255m+       "ns": undefined,
[38;2;0;95;95m[48;2;215;255;255m+       "parent": undefined,
[38;2;0;95;95m[48;2;215;255;255m+       "raw": false,
[38;2;0;95;95m[48;2;215;255;255m+       "tag": "vue-component-1408-UserLogo",
[38;2;0;95;95m[48;2;215;255;255m+       "text": undefined,
[38;2;0;95;95m[48;2;215;255;255m+     },
[38;2;0;95;95m[48;2;215;255;255m+     "__emitted": Object {},
[38;2;0;95;95m[48;2;215;255;255m+     "__emittedByOrder": Array [],
[38;2;0;95;95m[48;2;215;255;255m+     "_c": [Function],
[38;2;0;95;95m[48;2;215;255;255m+     "_data": Object {},
[38;2;0;95;95m[48;2;215;255;255m+     "_directInactive": false,
[38;2;0;95;95m[48;2;215;255;255m+     "_events": Object {},
[38;2;0;95;95m[48;2;215;255;255m+     "_hasHookEvent": false,
[38;2;0;95;95m[48;2;215;255;255m+     "_inactive": null,
[38;2;0;95;95m[48;2;215;255;255m+     "_isBeingDestroyed": false,
[38;2;0;95;95m[48;2;215;255;255m+     "_isDestroyed": false,
[38;2;0;95;95m[48;2;215;255;255m+     "_isMounted": true,
[38;2;0;95;95m[48;2;215;255;255m+     "_isVue": true,
[38;2;0;95;95m[48;2;215;255;255m+     "_renderProxy": [Circular],
[38;2;0;95;95m[48;2;215;255;255m+     "_self": [Circular],
[38;2;0;95;95m[48;2;215;255;255m+     "_staticTrees": null,
[38;2;0;95;95m[48;2;215;255;255m+     "_uid": 3,
[38;2;0;95;95m[48;2;215;255;255m+     "_vnode": VNode {
[38;2;0;95;95m[48;2;215;255;255m+       "asyncFactory": undefined,
[38;2;0;95;95m[48;2;215;255;255m+       "asyncMeta": undefined,
[38;2;0;95;95m[48;2;215;255;255m+       "children": Array [
[38;2;0;95;95m[48;2;215;255;255m+         VNode {
[38;2;0;95;95m[48;2;215;255;255m+           "asyncFactory": undefined,
[38;2;0;95;95m[48;2;215;255;255m+           "asyncMeta": undefined,
[38;2;0;95;95m[48;2;215;255;255m+           "children": Array [
[38;2;0;95;95m[48;2;215;255;255m+             VNode {
[38;2;0;95;95m[48;2;215;255;255m+               "asyncFactory": undefined,
[38;2;0;95;95m[48;2;215;255;255m+               "asyncMeta": undefined,
[38;2;0;95;95m[48;2;215;255;255m+               "children": undefined,
[38;2;0;95;95m[48;2;215;255;255m+               "componentInstance": undefined,
[38;2;0;95;95m[48;2;215;255;255m+               "componentOptions": undefined,
[38;2;0;95;95m[48;2;215;255;255m+               "context": undefined,
[38;2;0;95;95m[48;2;215;255;255m+               "data": undefined,
[38;2;0;95;95m[48;2;215;255;255m+               "elm":  ,
[38;2;0;95;95m[48;2;215;255;255m+               "fnContext": undefined,
[38;2;0;95;95m[48;2;215;255;255m+               "fnOptions": undefined,
[38;2;0;95;95m[48;2;215;255;255m+               "fnScopeId": undefined,
[38;2;0;95;95m[48;2;215;255;255m+               "isAsyncPlaceholder": false,
[38;2;0;95;95m[48;2;215;255;255m+               "isCloned": false,
[38;2;0;95;95m[48;2;215;255;255m+               "isComment": false,
[38;2;0;95;95m[48;2;215;255;255m+               "isOnce": false,
[38;2;0;95;95m[48;2;215;255;255m+               "isRootInsert": false,
[38;2;0;95;95m[48;2;215;255;255m+               "isStatic": false,
[38;2;0;95;95m[48;2;215;255;255m+               "key": undefined,
[38;2;0;95;95m[48;2;215;255;255m+               "ns": undefined,
[38;2;0;95;95m[48;2;215;255;255m+               "parent": undefined,
[38;2;0;95;95m[48;2;215;255;255m+               "raw": false,
[38;2;0;95;95m[48;2;215;255;255m+               "tag": undefined,
[38;2;0;95;95m[48;2;215;255;255m+               "text": " ",
[38;2;0;95;95m[48;2;215;255;255m+             },
[38;2;0;95;95m[48;2;215;255;255m+             VNode {
[38;2;0;95;95m[48;2;215;255;255m+               "asyncFactory": undefined,
[38;2;0;95;95m[48;2;215;255;255m+               "asyncMeta": undefined,
[38;2;0;95;95m[48;2;215;255;255m+               "children": Array [
[38;2;0;95;95m[48;2;215;255;255m+                 VNode {
[38;2;0;95;95m[48;2;215;255;255m+                   "asyncFactory": undefined,
[38;2;0;95;95m[48;2;215;255;255m+                   "asyncMeta": undefined,
[38;2;0;95;95m[48;2;215;255;255m+                   "children": undefined,
[38;2;0;95;95m[48;2;215;255;255m+                   "componentInstance": undefined,
[38;2;0;95;95m[48;2;215;255;255m+                   "componentOptions": undefined,
[38;2;0;95;95m[48;2;215;255;255m+                   "context": [Circular],
[38;2;0;95;95m[48;2;215;255;255m+                   "data": Object {
[38;2;0;95;95m[48;2;215;255;255m+                     "attrs": Object {
[38;2;0;95;95m[48;2;215;255;255m+                       "icon": "door-open",
[38;2;0;95;95m[48;2;215;255;255m+                     },
[38;2;0;95;95m[48;2;215;255;255m+                   },
[38;2;0;95;95m[48;2;215;255;255m+                   "elm": <b-icon
[38;2;0;95;95m[48;2;215;255;255m+                     icon="door-open"
[38;2;0;95;95m[48;2;215;255;255m+                   />,
[38;2;0;95;95m[48;2;215;255;255m+                   "fnContext": undefined,
[38;2;0;95;95m[48;2;215;255;255m+                   "fnOptions": undefined,
[38;2;0;95;95m[48;2;215;255;255m+                   "fnScopeId": undefined,
[38;2;0;95;95m[48;2;215;255;255m+                   "isAsyncPlaceholder": false,
[38;2;0;95;95m[48;2;215;255;255m+                   "isCloned": false,
[38;2;0;95;95m[48;2;215;255;255m+                   "isComment": false,
[38;2;0;95;95m[48;2;215;255;255m+                   "isOnce": false,
[38;2;0;95;95m[48;2;215;255;255m+                   "isRootInsert": false,
[38;2;0;95;95m[48;2;215;255;255m+                   "isStatic": false,
[38;2;0;95;95m[48;2;215;255;255m+                   "key": undefined,
[38;2;0;95;95m[48;2;215;255;255m+                   "ns": undefined,
[38;2;0;95;95m[48;2;215;255;255m+                   "parent": undefined,
[38;2;0;95;95m[48;2;215;255;255m+                   "raw": false,
[38;2;0;95;95m[48;2;215;255;255m+                   "tag": "b-icon",
[38;2;0;95;95m[48;2;215;255;255m+                   "text": undefined,
[38;2;0;95;95m[48;2;215;255;255m+                 },
[38;2;0;95;95m[48;2;215;255;255m+                 VNode {
[38;2;0;95;95m[48;2;215;255;255m+                   "asyncFactory": undefined,
[38;2;0;95;95m[48;2;215;255;255m+                   "asyncMeta": undefined,
[38;2;0;95;95m[48;2;215;255;255m+                   "children": undefined,
[38;2;0;95;95m[48;2;215;255;255m+                   "componentInstance": undefined,
[38;2;0;95;95m[48;2;215;255;255m+                   "componentOptions": undefined,
[38;2;0;95;95m[48;2;215;255;255m+                   "context": undefined,
[38;2;0;95;95m[48;2;215;255;255m+                   "data": undefined,
[38;2;0;95;95m[48;2;215;255;255m+                   "elm": 
[38;2;0;95;95m[48;2;215;255;255m+       回到主页
[38;2;0;95;95m[48;2;215;255;255m+     ,
[38;2;0;95;95m[48;2;215;255;255m+                   "fnContext": undefined,
[38;2;0;95;95m[48;2;215;255;255m+                   "fnOptions": undefined,
[38;2;0;95;95m[48;2;215;255;255m+                   "fnScopeId": undefined,
[38;2;0;95;95m[48;2;215;255;255m+                   "isAsyncPlaceholder": false,
[38;2;0;95;95m[48;2;215;255;255m+                   "isCloned": false,
[38;2;0;95;95m[48;2;215;255;255m+                   "isComment": false,
[38;2;0;95;95m[48;2;215;255;255m+                   "isOnce": false,
[38;2;0;95;95m[48;2;215;255;255m+                   "isRootInsert": false,
[38;2;0;95;95m[48;2;215;255;255m+                   "isStatic": false,
[38;2;0;95;95m[48;2;215;255;255m+                   "key": undefined,
[38;2;0;95;95m[48;2;215;255;255m+                   "ns": undefined,
[38;2;0;95;95m[48;2;215;255;255m+                   "parent": undefined,
[38;2;0;95;95m[48;2;215;255;255m+                   "raw": false,
[38;2;0;95;95m[48;2;215;255;255m+                   "tag": undefined,
[38;2;0;95;95m[48;2;215;255;255m+                   "text": "
[38;2;0;95;95m[48;2;215;255;255m+       回到主页
[38;2;0;95;95m[48;2;215;255;255m+     ",
[38;2;0;95;95m[48;2;215;255;255m+                 },
[38;2;0;95;95m[48;2;215;255;255m+               ],
[38;2;0;95;95m[48;2;215;255;255m+               "componentInstance": undefined,
[38;2;0;95;95m[48;2;215;255;255m+               "componentOptions": undefined,
[38;2;0;95;95m[48;2;215;255;255m+               "context": [Circular],
[38;2;0;95;95m[48;2;215;255;255m+               "data": undefined,
[38;2;0;95;95m[48;2;215;255;255m+               "elm": <b-dropdown-item>
[38;2;0;95;95m[48;2;215;255;255m+                 <b-icon
[38;2;0;95;95m[48;2;215;255;255m+                   icon="door-open"
[38;2;0;95;95m[48;2;215;255;255m+                 />
[38;2;0;95;95m[48;2;215;255;255m+                 
[38;2;0;95;95m[48;2;215;255;255m+       回到主页
[38;2;0;95;95m[48;2;215;255;255m+     
[38;2;0;95;95m[48;2;215;255;255m+               </b-dropdown-item>,
[38;2;0;95;95m[48;2;215;255;255m+               "fnContext": undefined,
[38;2;0;95;95m[48;2;215;255;255m+               "fnOptions": undefined,
[38;2;0;95;95m[48;2;215;255;255m+               "fnScopeId": undefined,
[38;2;0;95;95m[48;2;215;255;255m+               "isAsyncPlaceholder": false,
[38;2;0;95;95m[48;2;215;255;255m+               "isCloned": false,
[38;2;0;95;95m[48;2;215;255;255m+               "isComment": false,
[38;2;0;95;95m[48;2;215;255;255m+               "isOnce": false,
[38;2;0;95;95m[48;2;215;255;255m+               "isRootInsert": false,
[38;2;0;95;95m[48;2;215;255;255m+               "isStatic": false,
[38;2;0;95;95m[48;2;215;255;255m+               "key": undefined,
[38;2;0;95;95m[48;2;215;255;255m+               "ns": undefined,
[38;2;0;95;95m[48;2;215;255;255m+               "parent": undefined,
[38;2;0;95;95m[48;2;215;255;255m+               "raw": false,
[38;2;0;95;95m[48;2;215;255;255m+               "tag": "b-dropdown-item",
[38;2;0;95;95m[48;2;215;255;255m+               "text": undefined,
[38;2;0;95;95m[48;2;215;255;255m+             },
[38;2;0;95;95m[48;2;215;255;255m+             VNode {
[38;2;0;95;95m[48;2;215;255;255m+               "asyncFactory": undefined,
[38;2;0;95;95m[48;2;215;255;255m+               "asyncMeta": undefined,
[38;2;0;95;95m[48;2;215;255;255m+               "children": undefined,
[38;2;0;95;95m[48;2;215;255;255m+               "componentInstance": undefined,
[38;2;0;95;95m[48;2;215;255;255m+               "componentOptions": undefined,
[38;2;0;95;95m[48;2;215;255;255m+               "context": undefined,
[38;2;0;95;95m[48;2;215;255;255m+               "data": undefined,
[38;2;0;95;95m[48;2;215;255;255m+               "elm":  ,
[38;2;0;95;95m[48;2;215;255;255m+               "fnContext": undefined,
[38;2;0;95;95m[48;2;215;255;255m+               "fnOptions": undefined,
[38;2;0;95;95m[48;2;215;255;255m+               "fnScopeId": undefined,
[38;2;0;95;95m[48;2;215;255;255m+               "isAsyncPlaceholder": false,
[38;2;0;95;95m[48;2;215;255;255m+               "isCloned": false,
[38;2;0;95;95m[48;2;215;255;255m+               "isComment": false,
[38;2;0;95;95m[48;2;215;255;255m+               "isOnce": false,
[38;2;0;95;95m[48;2;215;255;255m+               "isRootInsert": false,
[38;2;0;95;95m[48;2;215;255;255m+               "isStatic": false,
[38;2;0;95;95m[48;2;215;255;255m+               "key": undefined,
[38;2;0;95;95m[48;2;215;255;255m+               "ns": undefined,
[38;2;0;95;95m[48;2;215;255;255m+               "parent": undefined,
[38;2;0;95;95m[48;2;215;255;255m+               "raw": false,
[38;2;0;95;95m[48;2;215;255;255m+               "tag": undefined,
[38;2;0;95;95m[48;2;215;255;255m+               "text": " ",
[38;2;0;95;95m[48;2;215;255;255m+             },
[38;2;0;95;95m[48;2;215;255;255m+             VNode {
[38;2;0;95;95m[48;2;215;255;255m+               "asyncFactory": undefined,
[38;2;0;95;95m[48;2;215;255;255m+               "asyncMeta": undefined,
[38;2;0;95;95m[48;2;215;255;255m+               "children": Array [
[38;2;0;95;95m[48;2;215;255;255m+                 VNode {
[38;2;0;95;95m[48;2;215;255;255m+                   "asyncFactory": undefined,
[38;2;0;95;95m[48;2;215;255;255m+                   "asyncMeta": undefined,
[38;2;0;95;95m[48;2;215;255;255m+                   "children": undefined,
[38;2;0;95;95m[48;2;215;255;255m+                   "componentInstance": undefined,
[38;2;0;95;95m[48;2;215;255;255m+                   "componentOptions": undefined,
[38;2;0;95;95m[48;2;215;255;255m+                   "context": [Circular],
[38;2;0;95;95m[48;2;215;255;255m+                   "data": Object {
[38;2;0;95;95m[48;2;215;255;255m+                     "attrs": Object {
[38;2;0;95;95m[48;2;215;255;255m+                       "icon": "cursor-fill",
[38;2;0;95;95m[48;2;215;255;255m+                     },
[38;2;0;95;95m[48;2;215;255;255m+                   },
[38;2;0;95;95m[48;2;215;255;255m+                   "elm": <b-icon
[38;2;0;95;95m[48;2;215;255;255m+                     icon="cursor-fill"
[38;2;0;95;95m[48;2;215;255;255m+                   />,
[38;2;0;95;95m[48;2;215;255;255m+                   "fnContext": undefined,
[38;2;0;95;95m[48;2;215;255;255m+                   "fnOptions": undefined,
[38;2;0;95;95m[48;2;215;255;255m+                   "fnScopeId": undefined,
[38;2;0;95;95m[48;2;215;255;255m+                   "isAsyncPlaceholder": false,
[38;2;0;95;95m[48;2;215;255;255m+                   "isCloned": false,
[38;2;0;95;95m[48;2;215;255;255m+                   "isComment": false,
[38;2;0;95;95m[48;2;215;255;255m+                   "isOnce": false,
[38;2;0;95;95m[48;2;215;255;255m+                   "isRootInsert": false,
[38;2;0;95;95m[48;2;215;255;255m+                   "isStatic": false,
[38;2;0;95;95m[48;2;215;255;255m+                   "key": undefined,
[38;2;0;95;95m[48;2;215;255;255m+                   "ns": undefined,
[38;2;0;95;95m[48;2;215;255;255m+                   "parent": undefined,
[38;2;0;95;95m[48;2;215;255;255m+                   "raw": false,
[38;2;0;95;95m[48;2;215;255;255m+                   "tag": "b-icon",
[38;2;0;95;95m[48;2;215;255;255m+                   "text": undefined,
[38;2;0;95;95m[48;2;215;255;255m+                 },
[38;2;0;95;95m[48;2;215;255;255m+                 VNode {
[38;2;0;95;95m[48;2;215;255;255m+                   "asyncFactory": undefined,
[38;2;0;95;95m[48;2;215;255;255m+                   "asyncMeta": undefined,
[38;2;0;95;95m[48;2;215;255;255m+                   "children": undefined,
[38;2;0;95;95m[48;2;215;255;255m+                   "componentInstance": undefined,
[38;2;0;95;95m[48;2;215;255;255m+                   "componentOptions": undefined,
[38;2;0;95;95m[48;2;215;255;255m+                   "context": undefined,
[38;2;0;95;95m[48;2;215;255;255m+                   "data": undefined,
[38;2;0;95;95m[48;2;215;255;255m+                   "elm": 
[38;2;0;95;95m[48;2;215;255;255m+       注销用户
[38;2;0;95;95m[48;2;215;255;255m+     ,
[38;2;0;95;95m[48;2;215;255;255m+                   "fnContext": undefined,
[38;2;0;95;95m[48;2;215;255;255m+                   "fnOptions": undefined,
[38;2;0;95;95m[48;2;215;255;255m+                   "fnScopeId": undefined,
[38;2;0;95;95m[48;2;215;255;255m+                   "isAsyncPlaceholder": false,
[38;2;0;95;95m[48;2;215;255;255m+                   "isCloned": false,
[38;2;0;95;95m[48;2;215;255;255m+                   "isComment": false,
[38;2;0;95;95m[48;2;215;255;255m+                   "isOnce": false,
[38;2;0;95;95m[48;2;215;255;255m+                   "isRootInsert": false,
[38;2;0;95;95m[48;2;215;255;255m+                   "isStatic": false,
[38;2;0;95;95m[48;2;215;255;255m+                   "key": undefined,
[38;2;0;95;95m[48;2;215;255;255m+                   "ns": undefined,
[38;2;0;95;95m[48;2;215;255;255m+                   "parent": undefined,
[38;2;0;95;95m[48;2;215;255;255m+                   "raw": false,
[38;2;0;95;95m[48;2;215;255;255m+                   "tag": undefined,
[38;2;0;95;95m[48;2;215;255;255m+                   "text": "
[38;2;0;95;95m[48;2;215;255;255m+       注销用户
[38;2;0;95;95m[48;2;215;255;255m+     ",
[38;2;0;95;95m[48;2;215;255;255m+                 },
[38;2;0;95;95m[48;2;215;255;255m+               ],
[38;2;0;95;95m[48;2;215;255;255m+               "componentInstance": undefined,
[38;2;0;95;95m[48;2;215;255;255m+               "componentOptions": undefined,
[38;2;0;95;95m[48;2;215;255;255m+               "context": [Circular],
[38;2;0;95;95m[48;2;215;255;255m+               "data": undefined,
[38;2;0;95;95m[48;2;215;255;255m+               "elm": <b-dropdown-item>
[38;2;0;95;95m[48;2;215;255;255m+                 <b-icon
[38;2;0;95;95m[48;2;215;255;255m+                   icon="cursor-fill"
[38;2;0;95;95m[48;2;215;255;255m+                 />
[38;2;0;95;95m[48;2;215;255;255m+                 
[38;2;0;95;95m[48;2;215;255;255m+       注销用户
[38;2;0;95;95m[48;2;215;255;255m+     
[38;2;0;95;95m[48;2;215;255;255m+               </b-dropdown-item>,
[38;2;0;95;95m[48;2;215;255;255m+               "fnContext": undefined,
[38;2;0;95;95m[48;2;215;255;255m+               "fnOptions": undefined,
[38;2;0;95;95m[48;2;215;255;255m+               "fnScopeId": undefined,
[38;2;0;95;95m[48;2;215;255;255m+               "isAsyncPlaceholder": false,
[38;2;0;95;95m[48;2;215;255;255m+               "isCloned": false,
[38;2;0;95;95m[48;2;215;255;255m+               "isComment": false,
[38;2;0;95;95m[48;2;215;255;255m+               "isOnce": false,
[38;2;0;95;95m[48;2;215;255;255m+               "isRootInsert": false,
[38;2;0;95;95m[48;2;215;255;255m+               "isStatic": false,
[38;2;0;95;95m[48;2;215;255;255m+               "key": undefined,
[38;2;0;95;95m[48;2;215;255;255m+               "ns": undefined,
[38;2;0;95;95m[48;2;215;255;255m+               "parent": undefined,
[38;2;0;95;95m[48;2;215;255;255m+               "raw": false,
[38;2;0;95;95m[48;2;215;255;255m+               "tag": "b-dropdown-item",
[38;2;0;95;95m[48;2;215;255;255m+               "text": undefined,
[38;2;0;95;95m[48;2;215;255;255m+             },
[38;2;0;95;95m[48;2;215;255;255m+           ],
[38;2;0;95;95m[48;2;215;255;255m+           "componentInstance": undefined,
[38;2;0;95;95m[48;2;215;255;255m+           "componentOptions": undefined,
[38;2;0;95;95m[48;2;215;255;255m+           "context": [Circular],
[38;2;0;95;95m[48;2;215;255;255m+           "data": Object {
[38;2;0;95;95m[48;2;215;255;255m+             "attrs": Object {
[38;2;0;95;95m[48;2;215;255;255m+               "no-caret": "",
[38;2;0;95;95m[48;2;215;255;255m+               "right": "",
[38;2;0;95;95m[48;2;215;255;255m+               "size": "lg",
[38;2;0;95;95m[48;2;215;255;255m+               "variant": "link",
[38;2;0;95;95m[48;2;215;255;255m+             },
[38;2;0;95;95m[48;2;215;255;255m+             "scopedSlots": Object {
[38;2;0;95;95m[48;2;215;255;255m+               "$stable": true,
[38;2;0;95;95m[48;2;215;255;255m+               "button-content": [Function],
[38;2;0;95;95m[48;2;215;255;255m+             },
[38;2;0;95;95m[48;2;215;255;255m+           },
[38;2;0;95;95m[48;2;215;255;255m+           "elm": <b-dropdown
[38;2;0;95;95m[48;2;215;255;255m+             no-caret=""
[38;2;0;95;95m[48;2;215;255;255m+             right=""
[38;2;0;95;95m[48;2;215;255;255m+             size="lg"
[38;2;0;95;95m[48;2;215;255;255m+             variant="link"
[38;2;0;95;95m[48;2;215;255;255m+           >
[38;2;0;95;95m[48;2;215;255;255m+              
[38;2;0;95;95m[48;2;215;255;255m+             <b-dropdown-item>
[38;2;0;95;95m[48;2;215;255;255m+               <b-icon
[38;2;0;95;95m[48;2;215;255;255m+                 icon="door-open"
[38;2;0;95;95m[48;2;215;255;255m+               />
[38;2;0;95;95m[48;2;215;255;255m+               
[38;2;0;95;95m[48;2;215;255;255m+       回到主页
[38;2;0;95;95m[48;2;215;255;255m+     
[38;2;0;95;95m[48;2;215;255;255m+             </b-dropdown-item>
[38;2;0;95;95m[48;2;215;255;255m+              
[38;2;0;95;95m[48;2;215;255;255m+             <b-dropdown-item>
[38;2;0;95;95m[48;2;215;255;255m+               <b-icon
[38;2;0;95;95m[48;2;215;255;255m+                 icon="cursor-fill"
[38;2;0;95;95m[48;2;215;255;255m+               />
[38;2;0;95;95m[48;2;215;255;255m+               
[38;2;0;95;95m[48;2;215;255;255m+       注销用户
[38;2;0;95;95m[48;2;215;255;255m+     
[38;2;0;95;95m[48;2;215;255;255m+             </b-dropdown-item>
[38;2;0;95;95m[48;2;215;255;255m+           </b-dropdown>,
[38;2;0;95;95m[48;2;215;255;255m+           "fnContext": undefined,
[38;2;0;95;95m[48;2;215;255;255m+           "fnOptions": undefined,
[38;2;0;95;95m[48;2;215;255;255m+           "fnScopeId": undefined,
[38;2;0;95;95m[48;2;215;255;255m+           "isAsyncPlaceholder": false,
[38;2;0;95;95m[48;2;215;255;255m+           "isCloned": false,
[38;2;0;95;95m[48;2;215;255;255m+           "isComment": false,
[38;2;0;95;95m[48;2;215;255;255m+           "isOnce": false,
[38;2;0;95;95m[48;2;215;255;255m+           "isRootInsert": false,
[38;2;0;95;95m[48;2;215;255;255m+           "isStatic": false,
[38;2;0;95;95m[48;2;215;255;255m+           "key": undefined,
[38;2;0;95;95m[48;2;215;255;255m+           "ns": undefined,
[38;2;0;95;95m[48;2;215;255;255m+           "parent": undefined,
[38;2;0;95;95m[48;2;215;255;255m+           "raw": false,
[38;2;0;95;95m[48;2;215;255;255m+           "tag": "b-dropdown",
[38;2;0;95;95m[48;2;215;255;255m+           "text": undefined,
[38;2;0;95;95m[48;2;215;255;255m+         },
[38;2;0;95;95m[48;2;215;255;255m+       ],
[38;2;0;95;95m[48;2;215;255;255m+       "componentInstance": undefined,
[38;2;0;95;95m[48;2;215;255;255m+       "componentOptions": undefined,
[38;2;0;95;95m[48;2;215;255;255m+       "context": [Circular],
[38;2;0;95;95m[48;2;215;255;255m+       "data": undefined,
[38;2;0;95;95m[48;2;215;255;255m+       "elm": <div>
[38;2;0;95;95m[48;2;215;255;255m+         <b-dropdown
[38;2;0;95;95m[48;2;215;255;255m+           no-caret=""
[38;2;0;95;95m[48;2;215;255;255m+           right=""
[38;2;0;95;95m[48;2;215;255;255m+           size="lg"
[38;2;0;95;95m[48;2;215;255;255m+           variant="link"
[38;2;0;95;95m[48;2;215;255;255m+         >
[38;2;0;95;95m[48;2;215;255;255m+            
[38;2;0;95;95m[48;2;215;255;255m+           <b-dropdown-item>
[38;2;0;95;95m[48;2;215;255;255m+             <b-icon
[38;2;0;95;95m[48;2;215;255;255m+               icon="door-open"
[38;2;0;95;95m[48;2;215;255;255m+             />
[38;2;0;95;95m[48;2;215;255;255m+             
[38;2;0;95;95m[48;2;215;255;255m+       回到主页
[38;2;0;95;95m[48;2;215;255;255m+     
[38;2;0;95;95m[48;2;215;255;255m+           </b-dropdown-item>
[38;2;0;95;95m[48;2;215;255;255m+            
[38;2;0;95;95m[48;2;215;255;255m+           <b-dropdown-item>
[38;2;0;95;95m[48;2;215;255;255m+             <b-icon
[38;2;0;95;95m[48;2;215;255;255m+               icon="cursor-fill"
[38;2;0;95;95m[48;2;215;255;255m+             />
[38;2;0;95;95m[48;2;215;255;255m+             
[38;2;0;95;95m[48;2;215;255;255m+       注销用户
[38;2;0;95;95m[48;2;215;255;255m+     
[38;2;0;95;95m[48;2;215;255;255m+           </b-dropdown-item>
[38;2;0;95;95m[48;2;215;255;255m+         </b-dropdown>
[38;2;0;95;95m[48;2;215;255;255m+       </div>,
[38;2;0;95;95m[48;2;215;255;255m+       "fnContext": undefined,
[38;2;0;95;95m[48;2;215;255;255m+       "fnOptions": undefined,
[38;2;0;95;95m[48;2;215;255;255m+       "fnScopeId": undefined,
[38;2;0;95;95m[48;2;215;255;255m+       "isAsyncPlaceholder": false,
[38;2;0;95;95m[48;2;215;255;255m+       "isCloned": false,
[38;2;0;95;95m[48;2;215;255;255m+       "isComment": false,
[38;2;0;95;95m[48;2;215;255;255m+       "isOnce": false,
[38;2;0;95;95m[48;2;215;255;255m+       "isRootInsert": true,
[38;2;0;95;95m[48;2;215;255;255m+       "isStatic": false,
[38;2;0;95;95m[48;2;215;255;255m+       "key": undefined,
[38;2;0;95;95m[48;2;215;255;255m+       "ns": undefined,
[38;2;0;95;95m[48;2;215;255;255m+       "parent": VNode {
[38;2;0;95;95m[48;2;215;255;255m+         "asyncFactory": undefined,
[38;2;0;95;95m[48;2;215;255;255m+         "asyncMeta": undefined,
[38;2;0;95;95m[48;2;215;255;255m+         "children": undefined,
[38;2;0;95;95m[48;2;215;255;255m+         "componentInstance": [Circular],
[38;2;0;95;95m[48;2;215;255;255m+         "componentOptions": Object {
[38;2;0;95;95m[48;2;215;255;255m+           "Ctor": [Function],
[38;2;0;95;95m[48;2;215;255;255m+           "children": undefined,
[38;2;0;95;95m[48;2;215;255;255m+           "listeners": Object {},
[38;2;0;95;95m[48;2;215;255;255m+           "propsData": undefined,
[38;2;0;95;95m[48;2;215;255;255m+           "tag": undefined,
[38;2;0;95;95m[48;2;215;255;255m+         },
[38;2;0;95;95m[48;2;215;255;255m+         "context": VueComponent {
[38;2;0;95;95m[48;2;215;255;255m+           "$attrs": Object {},
[38;2;0;95;95m[48;2;215;255;255m+           "$children": Array [
[38;2;0;95;95m[48;2;215;255;255m+             [Circular],
[38;2;0;95;95m[48;2;215;255;255m+           ],
[38;2;0;95;95m[48;2;215;255;255m+           "$createElement": [Function],
[38;2;0;95;95m[48;2;215;255;255m+           "$el": <div>
[38;2;0;95;95m[48;2;215;255;255m+             <b-dropdown
[38;2;0;95;95m[48;2;215;255;255m+               no-caret=""
[38;2;0;95;95m[48;2;215;255;255m+               right=""
[38;2;0;95;95m[48;2;215;255;255m+               size="lg"
[38;2;0;95;95m[48;2;215;255;255m+               variant="link"
[38;2;0;95;95m[48;2;215;255;255m+             >
[38;2;0;95;95m[48;2;215;255;255m+                
[38;2;0;95;95m[48;2;215;255;255m+               <b-dropdown-item>
[38;2;0;95;95m[48;2;215;255;255m+                 <b-icon
[38;2;0;95;95m[48;2;215;255;255m+                   icon="door-open"
[38;2;0;95;95m[48;2;215;255;255m+                 />
[38;2;0;95;95m[48;2;215;255;255m+                 
[38;2;0;95;95m[48;2;215;255;255m+       回到主页
[38;2;0;95;95m[48;2;215;255;255m+     
[38;2;0;95;95m[48;2;215;255;255m+               </b-dropdown-item>
[38;2;0;95;95m[48;2;215;255;255m+                
[38;2;0;95;95m[48;2;215;255;255m+               <b-dropdown-item>
[38;2;0;95;95m[48;2;215;255;255m+                 <b-icon
[38;2;0;95;95m[48;2;215;255;255m+                   icon="cursor-fill"
[38;2;0;95;95m[48;2;215;255;255m+                 />
[38;2;0;95;95m[48;2;215;255;255m+                 
[38;2;0;95;95m[48;2;215;255;255m+       注销用户
[38;2;0;95;95m[48;2;215;255;255m+     
[38;2;0;95;95m[48;2;215;255;255m+               </b-dropdown-item>
[38;2;0;95;95m[48;2;215;255;255m+             </b-dropdown>
[38;2;0;95;95m[48;2;215;255;255m+           </div>,
[38;2;0;95;95m[48;2;215;255;255m+           "$emit": [Function],
[38;2;0;95;95m[48;2;215;255;255m+           "$listeners": Object {},
[38;2;0;95;95m[48;2;215;255;255m+           "$options": Object {
[38;2;0;95;95m[48;2;215;255;255m+             "$_doNotStubChildren": true,
[38;2;0;95;95m[48;2;215;255;255m+             "$_isWrapperParent": true,
[38;2;0;95;95m[48;2;215;255;255m+             "_Ctor": Object {
[38;2;0;95;95m[48;2;215;255;255m+               "1404": [Function],
[38;2;0;95;95m[48;2;215;255;255m+             },
[38;2;0;95;95m[48;2;215;255;255m+             "_base": [Function],
[38;2;0;95;95m[48;2;215;255;255m+             "_installedPlugins": Array [
[38;2;0;95;95m[48;2;215;255;255m+               Object {
[38;2;0;95;95m[48;2;215;255;255m+                 "install": [Function],
[38;2;0;95;95m[48;2;215;255;255m+               },
[38;2;0;95;95m[48;2;215;255;255m+               Object {
[38;2;0;95;95m[48;2;215;255;255m+                 "install": [Function],
[38;2;0;95;95m[48;2;215;255;255m+               },
[38;2;0;95;95m[48;2;215;255;255m+               Object {
[38;2;0;95;95m[48;2;215;255;255m+                 "install": [Function],
[38;2;0;95;95m[48;2;215;255;255m+               },
[38;2;0;95;95m[48;2;215;255;255m+               Object {
[38;2;0;95;95m[48;2;215;255;255m+                 "install": [Function],
[38;2;0;95;95m[48;2;215;255;255m+               },
[38;2;0;95;95m[48;2;215;255;255m+               Object {
[38;2;0;95;95m[48;2;215;255;255m+                 "install": [Function],
[38;2;0;95;95m[48;2;215;255;255m+               },
[38;2;0;95;95m[48;2;215;255;255m+               Object {
[38;2;0;95;95m[48;2;215;255;255m+                 "install": [Function],
[38;2;0;95;95m[48;2;215;255;255m+               },
[38;2;0;95;95m[48;2;215;255;255m+               Object {
[38;2;0;95;95m[48;2;215;255;255m+                 "install": [Function],
[38;2;0;95;95m[48;2;215;255;255m+               },
[38;2;0;95;95m[48;2;215;255;255m+               Object {
[38;2;0;95;95m[48;2;215;255;255m+                 "install": [Function],
[38;2;0;95;95m[48;2;215;255;255m+               },
[38;2;0;95;95m[48;2;215;255;255m+               Object {
[38;2;0;95;95m[48;2;215;255;255m+                 "install": [Function],
[38;2;0;95;95m[48;2;215;255;255m+               },
[38;2;0;95;95m[48;2;215;255;255m+               Object {
[38;2;0;95;95m[48;2;215;255;255m+                 "install": [Function],
[38;2;0;95;95m[48;2;215;255;255m+               },
[38;2;0;95;95m[48;2;215;255;255m+               Object {
[38;2;0;95;95m[48;2;215;255;255m+                 "install": [Function],
[38;2;0;95;95m[48;2;215;255;255m+               },
[38;2;0;95;95m[48;2;215;255;255m+               Object {
[38;2;0;95;95m[48;2;215;255;255m+                 "install": [Function],
[38;2;0;95;95m[48;2;215;255;255m+               },
[38;2;0;95;95m[48;2;215;255;255m+               Object {
[38;2;0;95;95m[48;2;215;255;255m+                 "install": [Function],
[38;2;0;95;95m[48;2;215;255;255m+               },
[38;2;0;95;95m[48;2;215;255;255m+               Object {
[38;2;0;95;95m[48;2;215;255;255m+                 "install": [Function],
[38;2;0;95;95m[48;2;215;255;255m+               },
[38;2;0;95;95m[48;2;215;255;255m+               Object {
[38;2;0;95;95m[48;2;215;255;255m+                 "install": [Function],
[38;2;0;95;95m[48;2;215;255;255m+               },
[38;2;0;95;95m[48;2;215;255;255m+               Object {
[38;2;0;95;95m[48;2;215;255;255m+                 "install": [Function],
[38;2;0;95;95m[48;2;215;255;255m+               },
[38;2;0;95;95m[48;2;215;255;255m+               Object {
[38;2;0;95;95m[48;2;215;255;255m+                 "install": [Function],
[38;2;0;95;95m[48;2;215;255;255m+               },
[38;2;0;95;95m[48;2;215;255;255m+               Object {
[38;2;0;95;95m[48;2;215;255;255m+                 "install": [Function],
[38;2;0;95;95m[48;2;215;255;255m+               },
[38;2;0;95;95m[48;2;215;255;255m+               Object {
[38;2;0;95;95m[48;2;215;255;255m+                 "install": [Function],
[38;2;0;95;95m[48;2;215;255;255m+               },
[38;2;0;95;95m[48;2;215;255;255m+               Object {
[38;2;0;95;95m[48;2;215;255;255m+                 "install": [Function],
[38;2;0;95;95m[48;2;215;255;255m+               },
[38;2;0;95;95m[48;2;215;255;255m+               Object {
[38;2;0;95;95m[48;2;215;255;255m+                 "install": [Function],
[38;2;0;95;95m[48;2;215;255;255m+               },
[38;2;0;95;95m[48;2;215;255;255m+               Object {
[38;2;0;95;95m[48;2;215;255;255m+                 "install": [Function],
[38;2;0;95;95m[48;2;215;255;255m+               },
[38;2;0;95;95m[48;2;215;255;255m+               Object {
[38;2;0;95;95m[48;2;215;255;255m+                 "install": [Function],
[38;2;0;95;95m[48;2;215;255;255m+               },
[38;2;0;95;95m[48;2;215;255;255m+               Object {
[38;2;0;95;95m[48;2;215;255;255m+                 "install": [Function],
[38;2;0;95;95m[48;2;215;255;255m+               },
[38;2;0;95;95m[48;2;215;255;255m+               Object {
[38;2;0;95;95m[48;2;215;255;255m+                 "install": [Function],
[38;2;0;95;95m[48;2;215;255;255m+               },
[38;2;0;95;95m[48;2;215;255;255m+               Object {
[38;2;0;95;95m[48;2;215;255;255m+                 "install": [Function],
[38;2;0;95;95m[48;2;215;255;255m+               },
[38;2;0;95;95m[48;2;215;255;255m+               Object {
[38;2;0;95;95m[48;2;215;255;255m+                 "install": [Function],
[38;2;0;95;95m[48;2;215;255;255m+               },
[38;2;0;95;95m[48;2;215;255;255m+               Object {
[38;2;0;95;95m[48;2;215;255;255m+                 "install": [Function],
[38;2;0;95;95m[48;2;215;255;255m+               },
[38;2;0;95;95m[48;2;215;255;255m+               Object {
[38;2;0;95;95m[48;2;215;255;255m+                 "install": [Function],
[38;2;0;95;95m[48;2;215;255;255m+               },
[38;2;0;95;95m[48;2;215;255;255m+               Object {
[38;2;0;95;95m[48;2;215;255;255m+                 "install": [Function],
[38;2;0;95;95m[48;2;215;255;255m+               },
[38;2;0;95;95m[48;2;215;255;255m+               Object {
[38;2;0;95;95m[48;2;215;255;255m+                 "install": [Function],
[38;2;0;95;95m[48;2;215;255;255m+               },
[38;2;0;95;95m[48;2;215;255;255m+               Object {
[38;2;0;95;95m[48;2;215;255;255m+                 "install": [Function],
[38;2;0;95;95m[48;2;215;255;255m+               },
[38;2;0;95;95m[48;2;215;255;255m+               Object {
[38;2;0;95;95m[48;2;215;255;255m+                 "install": [Function],
[38;2;0;95;95m[48;2;215;255;255m+               },
[38;2;0;95;95m[48;2;215;255;255m+               Object {
[38;2;0;95;95m[48;2;215;255;255m+                 "install": [Function],
[38;2;0;95;95m[48;2;215;255;255m+               },
[38;2;0;95;95m[48;2;215;255;255m+               Object {
[38;2;0;95;95m[48;2;215;255;255m+                 "install": [Function],
[38;2;0;95;95m[48;2;215;255;255m+               },
[38;2;0;95;95m[48;2;215;255;255m+               [Function],
[38;2;0;95;95m[48;2;215;255;255m+               Object {
[38;2;0;95;95m[48;2;215;255;255m+                 "install": [Function],
[38;2;0;95;95m[48;2;215;255;255m+               },
[38;2;0;95;95m[48;2;215;255;255m+               Object {
[38;2;0;95;95m[48;2;215;255;255m+                 "install": [Function],
[38;2;0;95;95m[48;2;215;255;255m+               },
[38;2;0;95;95m[48;2;215;255;255m+               Object {
[38;2;0;95;95m[48;2;215;255;255m+                 "install": [Function],
[38;2;0;95;95m[48;2;215;255;255m+               },
[38;2;0;95;95m[48;2;215;255;255m+               Object {
[38;2;0;95;95m[48;2;215;255;255m+                 "install": [Function],
[38;2;0;95;95m[48;2;215;255;255m+               },
[38;2;0;95;95m[48;2;215;255;255m+               Object {
[38;2;0;95;95m[48;2;215;255;255m+                 "install": [Function],
[38;2;0;95;95m[48;2;215;255;255m+               },
[38;2;0;95;95m[48;2;215;255;255m+               Object {
[38;2;0;95;95m[48;2;215;255;255m+                 "install": [Function],
[38;2;0;95;95m[48;2;215;255;255m+               },
[38;2;0;95;95m[48;2;215;255;255m+               Object {
[38;2;0;95;95m[48;2;215;255;255m+                 "install": [Function],
[38;2;0;95;95m[48;2;215;255;255m+               },
[38;2;0;95;95m[48;2;215;255;255m+               Object {
[38;2;0;95;95m[48;2;215;255;255m+                 "install": [Function],
[38;2;0;95;95m[48;2;215;255;255m+               },
[38;2;0;95;95m[48;2;215;255;255m+               Object {
[38;2;0;95;95m[48;2;215;255;255m+                 "install": [Function],
[38;2;0;95;95m[48;2;215;255;255m+               },
[38;2;0;95;95m[48;2;215;255;255m+               Object {
[38;2;0;95;95m[48;2;215;255;255m+                 "install": [Function],
[38;2;0;95;95m[48;2;215;255;255m+               },
[38;2;0;95;95m[48;2;215;255;255m+               Object {
[38;2;0;95;95m[48;2;215;255;255m+                 "install": [Function],
[38;2;0;95;95m[48;2;215;255;255m+               },
[38;2;0;95;95m[48;2;215;255;255m+               Object {
[38;2;0;95;95m[48;2;215;255;255m+                 "install": [Function],
[38;2;0;95;95m[48;2;215;255;255m+               },
[38;2;0;95;95m[48;2;215;255;255m+               Object {
[38;2;0;95;95m[48;2;215;255;255m+                 "install": [Function],
[38;2;0;95;95m[48;2;215;255;255m+               },
[38;2;0;95;95m[48;2;215;255;255m+               Object {
[38;2;0;95;95m[48;2;215;255;255m+                 "install": [Function],
[38;2;0;95;95m[48;2;215;255;255m+               },
[38;2;0;95;95m[48;2;215;255;255m+               Object {
[38;2;0;95;95m[48;2;215;255;255m+                 "install": [Function],
[38;2;0;95;95m[48;2;215;255;255m+               },
[38;2;0;95;95m[48;2;215;255;255m+               Object {
[38;2;0;95;95m[48;2;215;255;255m+                 "install": [Function],
[38;2;0;95;95m[48;2;215;255;255m+               },
[38;2;0;95;95m[48;2;215;255;255m+               Object {
[38;2;0;95;95m[48;2;215;255;255m+                 "install": [Function],
[38;2;0;95;95m[48;2;215;255;255m+               },
[38;2;0;95;95m[48;2;215;255;255m+               Object {
[38;2;0;95;95m[48;2;215;255;255m+                 "install": [Function],
[38;2;0;95;95m[48;2;215;255;255m+               },
[38;2;0;95;95m[48;2;215;255;255m+               [Function],
[38;2;0;95;95m[48;2;215;255;255m+               Object {
[38;2;0;95;95m[48;2;215;255;255m+                 "install": [Function],
[38;2;0;95;95m[48;2;215;255;255m+               },
[38;2;0;95;95m[48;2;215;255;255m+               Object {
[38;2;0;95;95m[48;2;215;255;255m+                 "install": [Function],
[38;2;0;95;95m[48;2;215;255;255m+               },
[38;2;0;95;95m[48;2;215;255;255m+               Object {
[38;2;0;95;95m[48;2;215;255;255m+                 "install": [Function],
[38;2;0;95;95m[48;2;215;255;255m+               },
[38;2;0;95;95m[48;2;215;255;255m+               Object {
[38;2;0;95;95m[48;2;215;255;255m+                 "install": [Function],
[38;2;0;95;95m[48;2;215;255;255m+               },
[38;2;0;95;95m[48;2;215;255;255m+               Object {
[38;2;0;95;95m[48;2;215;255;255m+                 "install": [Function],
[38;2;0;95;95m[48;2;215;255;255m+               },
[38;2;0;95;95m[48;2;215;255;255m+               Object {
[38;2;0;95;95m[48;2;215;255;255m+                 "install": [Function],
[38;2;0;95;95m[48;2;215;255;255m+               },
[38;2;0;95;95m[48;2;215;255;255m+               Object {
[38;2;0;95;95m[48;2;215;255;255m+                 "install": [Function],
[38;2;0;95;95m[48;2;215;255;255m+               },
[38;2;0;95;95m[48;2;215;255;255m+               Object {
[38;2;0;95;95m[48;2;215;255;255m+                 "install": [Function],
[38;2;0;95;95m[48;2;215;255;255m+               },
[38;2;0;95;95m[48;2;215;255;255m+               Object {
[38;2;0;95;95m[48;2;215;255;255m+                 "install": [Function],
[38;2;0;95;95m[48;2;215;255;255m+               },
[38;2;0;95;95m[48;2;215;255;255m+               Object {
[38;2;0;95;95m[48;2;215;255;255m+                 "install": [Function],
[38;2;0;95;95m[48;2;215;255;255m+               },
[38;2;0;95;95m[48;2;215;255;255m+               Object {
[38;2;0;95;95m[48;2;215;255;255m+                 "NAME": "BootstrapVue",
[38;2;0;95;95m[48;2;215;255;255m+                 "install": [Function],
[38;2;0;95;95m[48;2;215;255;255m+               },
[38;2;0;95;95m[48;2;215;255;255m+             ],
[38;2;0;95;95m[48;2;215;255;255m+             "_isFunctionalContainer": undefined,
[38;2;0;95;95m[48;2;215;255;255m+             "beforeCreate": Array [
[38;2;0;95;95m[48;2;215;255;255m+               [Function],
[38;2;0;95;95m[48;2;215;255;255m+               [Function],
[38;2;0;95;95m[48;2;215;255;255m+               [Function],
[38;2;0;95;95m[48;2;215;255;255m+             ],
[38;2;0;95;95m[48;2;215;255;255m+             "cid": 1398,
[38;2;0;95;95m[48;2;215;255;255m+             "component": [Function],
[38;2;0;95;95m[48;2;215;255;255m+             "components": Object {
[38;2;0;95;95m[48;2;215;255;255m+               "transition": Object {
[38;2;0;95;95m[48;2;215;255;255m+                 "$_doNotStubChildren": true,
[38;2;0;95;95m[48;2;215;255;255m+                 "$_vueTestUtils_original": Object {
[38;2;0;95;95m[48;2;215;255;255m+                   "_Ctor": Object {
[38;2;0;95;95m[48;2;215;255;255m+                     "1404": [Function],
[38;2;0;95;95m[48;2;215;255;255m+                   },
[38;2;0;95;95m[48;2;215;255;255m+                   "abstract": true,
[38;2;0;95;95m[48;2;215;255;255m+                   "name": "transition",
[38;2;0;95;95m[48;2;215;255;255m+                   "props": Object {
[38;2;0;95;95m[48;2;215;255;255m+                     "appear": Object {
[38;2;0;95;95m[48;2;215;255;255m+                       "type": [Function],
[38;2;0;95;95m[48;2;215;255;255m+                     },
[38;2;0;95;95m[48;2;215;255;255m+                     "appearActiveClass": Object {
[38;2;0;95;95m[48;2;215;255;255m+                       "type": [Function],
[38;2;0;95;95m[48;2;215;255;255m+                     },
[38;2;0;95;95m[48;2;215;255;255m+                     "appearClass": Object {
[38;2;0;95;95m[48;2;215;255;255m+                       "type": [Function],
[38;2;0;95;95m[48;2;215;255;255m+                     },
[38;2;0;95;95m[48;2;215;255;255m+                     "appearToClass": Object {
[38;2;0;95;95m[48;2;215;255;255m+                       "type": [Function],
[38;2;0;95;95m[48;2;215;255;255m+                     },
[38;2;0;95;95m[48;2;215;255;255m+                     "css": Object {
[38;2;0;95;95m[48;2;215;255;255m+                       "type": [Function],
[38;2;0;95;95m[48;2;215;255;255m+                     },
[38;2;0;95;95m[48;2;215;255;255m+                     "duration": Object {
[38;2;0;95;95m[48;2;215;255;255m+                       "type": Array [
[38;2;0;95;95m[48;2;215;255;255m+                         [Function],
[38;2;0;95;95m[48;2;215;255;255m+                         [Function],
[38;2;0;95;95m[48;2;215;255;255m+                         [Function],
[38;2;0;95;95m[48;2;215;255;255m+                       ],
[38;2;0;95;95m[48;2;215;255;255m+                     },
[38;2;0;95;95m[48;2;215;255;255m+                     "enterActiveClass": Object {
[38;2;0;95;95m[48;2;215;255;255m+                       "type": [Function],
[38;2;0;95;95m[48;2;215;255;255m+                     },
[38;2;0;95;95m[48;2;215;255;255m+                     "enterClass": Object {
[38;2;0;95;95m[48;2;215;255;255m+                       "type": [Function],
[38;2;0;95;95m[48;2;215;255;255m+                     },
[38;2;0;95;95m[48;2;215;255;255m+                     "enterToClass": Object {
[38;2;0;95;95m[48;2;215;255;255m+                       "type": [Function],
[38;2;0;95;95m[48;2;215;255;255m+                     },
[38;2;0;95;95m[48;2;215;255;255m+                     "leaveActiveClass": Object {
[38;2;0;95;95m[48;2;215;255;255m+                       "type": [Function],
[38;2;0;95;95m[48;2;215;255;255m+                     },
[38;2;0;95;95m[48;2;215;255;255m+                     "leaveClass": Object {
[38;2;0;95;95m[48;2;215;255;255m+                       "type": [Function],
[38;2;0;95;95m[48;2;215;255;255m+                     },
[38;2;0;95;95m[48;2;215;255;255m+                     "leaveToClass": Object {
[38;2;0;95;95m[48;2;215;255;255m+                       "type": [Function],
[38;2;0;95;95m[48;2;215;255;255m+                     },
[38;2;0;95;95m[48;2;215;255;255m+                     "mode": Object {
[38;2;0;95;95m[48;2;215;255;255m+                       "type": [Function],
[38;2;0;95;95m[48;2;215;255;255m+                     },
[38;2;0;95;95m[48;2;215;255;255m+                     "name": Object {
[38;2;0;95;95m[48;2;215;255;255m+                       "type": [Function],
[38;2;0;95;95m[48;2;215;255;255m+                     },
[38;2;0;95;95m[48;2;215;255;255m+                     "type": Object {
[38;2;0;95;95m[48;2;215;255;255m+                       "type": [Function],
[38;2;0;95;95m[48;2;215;255;255m+                     },
[38;2;0;95;95m[48;2;215;255;255m+                   },
[38;2;0;95;95m[48;2;215;255;255m+                   "render": [Function],
[38;2;0;95;95m[48;2;215;255;255m+                 },
[38;2;0;95;95m[48;2;215;255;255m+                 "abstract": true,
[38;2;0;95;95m[48;2;215;255;255m+                 "attrs": undefined,
[38;2;0;95;95m[48;2;215;255;255m+                 "class": undefined,
[38;2;0;95;95m[48;2;215;255;255m+                 "domProps": undefined,
[38;2;0;95;95m[48;2;215;255;255m+                 "functional": undefined,
[38;2;0;95;95m[48;2;215;255;255m+                 "key": undefined,
[38;2;0;95;95m[48;2;215;255;255m+                 "model": undefined,
[38;2;0;95;95m[48;2;215;255;255m+                 "name": "transition",
[38;2;0;95;95m[48;2;215;255;255m+                 "nativeOn": undefined,
[38;2;0;95;95m[48;2;215;255;255m+                 "normalizedStyle": undefined,
[38;2;0;95;95m[48;2;215;255;255m+                 "on": undefined,
[38;2;0;95;95m[48;2;215;255;255m+                 "props": Object {
[38;2;0;95;95m[48;2;215;255;255m+                   "appear": Object {
[38;2;0;95;95m[48;2;215;255;255m+                     "type": [Function],
[38;2;0;95;95m[48;2;215;255;255m+                   },
[38;2;0;95;95m[48;2;215;255;255m+                   "appearActiveClass": Object {
[38;2;0;95;95m[48;2;215;255;255m+                     "type": [Function],
[38;2;0;95;95m[48;2;215;255;255m+                   },
[38;2;0;95;95m[48;2;215;255;255m+                   "appearClass": Object {
[38;2;0;95;95m[48;2;215;255;255m+                     "type": [Function],
[38;2;0;95;95m[48;2;215;255;255m+                   },
[38;2;0;95;95m[48;2;215;255;255m+                   "appearToClass": Object {
[38;2;0;95;95m[48;2;215;255;255m+                     "type": [Function],
[38;2;0;95;95m[48;2;215;255;255m+                   },
[38;2;0;95;95m[48;2;215;255;255m+                   "css": Object {
[38;2;0;95;95m[48;2;215;255;255m+                     "type": [Function],
[38;2;0;95;95m[48;2;215;255;255m+                   },
[38;2;0;95;95m[48;2;215;255;255m+                   "duration": Object {
[38;2;0;95;95m[48;2;215;255;255m+                     "type": Array [
[38;2;0;95;95m[48;2;215;255;255m+                       [Function],
[38;2;0;95;95m[48;2;215;255;255m+                       [Function],
[38;2;0;95;95m[48;2;215;255;255m+                       [Function],
[38;2;0;95;95m[48;2;215;255;255m+                     ],
[38;2;0;95;95m[48;2;215;255;255m+                   },
[38;2;0;95;95m[48;2;215;255;255m+                   "enterActiveClass": Object {
[38;2;0;95;95m[48;2;215;255;255m+                     "type": [Function],
[38;2;0;95;95m[48;2;215;255;255m+                   },
[38;2;0;95;95m[48;2;215;255;255m+                   "enterClass": Object {
[38;2;0;95;95m[48;2;215;255;255m+                     "type": [Function],
[38;2;0;95;95m[48;2;215;255;255m+                   },
[38;2;0;95;95m[48;2;215;255;255m+                   "enterToClass": Object {
[38;2;0;95;95m[48;2;215;255;255m+                     "type": [Function],
[38;2;0;95;95m[48;2;215;255;255m+                   },
[38;2;0;95;95m[48;2;215;255;255m+                   "leaveActiveClass": Object {
[38;2;0;95;95m[48;2;215;255;255m+                     "type": [Function],
[38;2;0;95;95m[48;2;215;255;255m+                   },
[38;2;0;95;95m[48;2;215;255;255m+                   "leaveClass": Object {
[38;2;0;95;95m[48;2;215;255;255m+                     "type": [Function],
[38;2;0;95;95m[48;2;215;255;255m+                   },
[38;2;0;95;95m[48;2;215;255;255m+                   "leaveToClass": Object {
[38;2;0;95;95m[48;2;215;255;255m+                     "type": [Function],
[38;2;0;95;95m[48;2;215;255;255m+                   },
[38;2;0;95;95m[48;2;215;255;255m+                   "mode": Object {
[38;2;0;95;95m[48;2;215;255;255m+                     "type": [Function],
[38;2;0;95;95m[48;2;215;255;255m+                   },
[38;2;0;95;95m[48;2;215;255;255m+                   "name": Object {
[38;2;0;95;95m[48;2;215;255;255m+                     "type": [Function],
[38;2;0;95;95m[48;2;215;255;255m+                   },
[38;2;0;95;95m[48;2;215;255;255m+                   "type": Object {
[38;2;0;95;95m[48;2;215;255;255m+                     "type": [Function],
[38;2;0;95;95m[48;2;215;255;255m+                   },
[38;2;0;95;95m[48;2;215;255;255m+                 },
[38;2;0;95;95m[48;2;215;255;255m+                 "render": [Function],
[38;2;0;95;95m[48;2;215;255;255m+                 "staticClass": undefined,
[38;2;0;95;95m[48;2;215;255;255m+                 "staticStyle": undefined,
[38;2;0;95;95m[48;2;215;255;255m+                 "style": undefined,
[38;2;0;95;95m[48;2;215;255;255m+               },
[38;2;0;95;95m[48;2;215;255;255m+               "transition-group": Object {
[38;2;0;95;95m[48;2;215;255;255m+                 "$_doNotStubChildren": true,
[38;2;0;95;95m[48;2;215;255;255m+                 "$_vueTestUtils_original": Object {
[38;2;0;95;95m[48;2;215;255;255m+                   "_Ctor": Object {
[38;2;0;95;95m[48;2;215;255;255m+                     "1404": [Function],
[38;2;0;95;95m[48;2;215;255;255m+                   },
[38;2;0;95;95m[48;2;215;255;255m+                   "beforeMount": [Function],
[38;2;0;95;95m[48;2;215;255;255m+                   "methods": Object {
[38;2;0;95;95m[48;2;215;255;255m+                     "hasMove": [Function],
[38;2;0;95;95m[48;2;215;255;255m+                   },
[38;2;0;95;95m[48;2;215;255;255m+                   "props": Object {
[38;2;0;95;95m[48;2;215;255;255m+                     "appear": Object {
[38;2;0;95;95m[48;2;215;255;255m+                       "type": [Function],
[38;2;0;95;95m[48;2;215;255;255m+                     },
[38;2;0;95;95m[48;2;215;255;255m+                     "appearActiveClass": Object {
[38;2;0;95;95m[48;2;215;255;255m+                       "type": [Function],
[38;2;0;95;95m[48;2;215;255;255m+                     },
[38;2;0;95;95m[48;2;215;255;255m+                     "appearClass": Object {
[38;2;0;95;95m[48;2;215;255;255m+                       "type": [Function],
[38;2;0;95;95m[48;2;215;255;255m+                     },
[38;2;0;95;95m[48;2;215;255;255m+                     "appearToClass": Object {
[38;2;0;95;95m[48;2;215;255;255m+                       "type": [Function],
[38;2;0;95;95m[48;2;215;255;255m+                     },
[38;2;0;95;95m[48;2;215;255;255m+                     "css": Object {
[38;2;0;95;95m[48;2;215;255;255m+                       "type": [Function],
[38;2;0;95;95m[48;2;215;255;255m+                     },
[38;2;0;95;95m[48;2;215;255;255m+                     "duration": Object {
[38;2;0;95;95m[48;2;215;255;255m+                       "type": Array [
[38;2;0;95;95m[48;2;215;255;255m+                         [Function],
[38;2;0;95;95m[48;2;215;255;255m+                         [Function],
[38;2;0;95;95m[48;2;215;255;255m+                         [Function],
[38;2;0;95;95m[48;2;215;255;255m+                       ],
[38;2;0;95;95m[48;2;215;255;255m+                     },
[38;2;0;95;95m[48;2;215;255;255m+                     "enterActiveClass": Object {
[38;2;0;95;95m[48;2;215;255;255m+                       "type": [Function],
[38;2;0;95;95m[48;2;215;255;255m+                     },
[38;2;0;95;95m[48;2;215;255;255m+                     "enterClass": Object {
[38;2;0;95;95m[48;2;215;255;255m+                       "type": [Function],
[38;2;0;95;95m[48;2;215;255;255m+                     },
[38;2;0;95;95m[48;2;215;255;255m+                     "enterToClass": Object {
[38;2;0;95;95m[48;2;215;255;255m+                       "type": [Function],
[38;2;0;95;95m[48;2;215;255;255m+                     },
[38;2;0;95;95m[48;2;215;255;255m+                     "leaveActiveClass": Object {
[38;2;0;95;95m[48;2;215;255;255m+                       "type": [Function],
[38;2;0;95;95m[48;2;215;255;255m+                     },
[38;2;0;95;95m[48;2;215;255;255m+                     "leaveClass": Object {
[38;2;0;95;95m[48;2;215;255;255m+                       "type": [Function],
[38;2;0;95;95m[48;2;215;255;255m+                     },
[38;2;0;95;95m[48;2;215;255;255m+                     "leaveToClass": Object {
[38;2;0;95;95m[48;2;215;255;255m+                       "type": [Function],
[38;2;0;95;95m[48;2;215;255;255m+                     },
[38;2;0;95;95m[48;2;215;255;255m+                     "moveClass": Object {
[38;2;0;95;95m[48;2;215;255;255m+                       "type": [Function],
[38;2;0;95;95m[48;2;215;255;255m+                     },
[38;2;0;95;95m[48;2;215;255;255m+                     "name": Object {
[38;2;0;95;95m[48;2;215;255;255m+                       "type": [Function],
[38;2;0;95;95m[48;2;215;255;255m+                     },
[38;2;0;95;95m[48;2;215;255;255m+                     "tag": Object {
[38;2;0;95;95m[48;2;215;255;255m+                       "type": [Function],
[38;2;0;95;95m[48;2;215;255;255m+                     },
[38;2;0;95;95m[48;2;215;255;255m+                     "type": Object {
[38;2;0;95;95m[48;2;215;255;255m+                       "type": [Function],
[38;2;0;95;95m[48;2;215;255;255m+                     },
[38;2;0;95;95m[48;2;215;255;255m+                   },
[38;2;0;95;95m[48;2;215;255;255m+                   "render": [Function],
[38;2;0;95;95m[48;2;215;255;255m+                   "updated": [Function],
[38;2;0;95;95m[48;2;215;255;255m+                 },
[38;2;0;95;95m[48;2;215;255;255m+                 "abstract": undefined,
[38;2;0;95;95m[48;2;215;255;255m+                 "attrs": undefined,
[38;2;0;95;95m[48;2;215;255;255m+                 "class": undefined,
[38;2;0;95;95m[48;2;215;255;255m+                 "domProps": undefined,
[38;2;0;95;95m[48;2;215;255;255m+                 "functional": undefined,
[38;2;0;95;95m[48;2;215;255;255m+                 "key": undefined,
[38;2;0;95;95m[48;2;215;255;255m+                 "model": undefined,
[38;2;0;95;95m[48;2;215;255;255m+                 "name": undefined,
[38;2;0;95;95m[48;2;215;255;255m+                 "nativeOn": undefined,
[38;2;0;95;95m[48;2;215;255;255m+                 "normalizedStyle": undefined,
[38;2;0;95;95m[48;2;215;255;255m+                 "on": undefined,
[38;2;0;95;95m[48;2;215;255;255m+                 "props": Object {
[38;2;0;95;95m[48;2;215;255;255m+                   "appear": Object {
[38;2;0;95;95m[48;2;215;255;255m+                     "type": [Function],
[38;2;0;95;95m[48;2;215;255;255m+                   },
[38;2;0;95;95m[48;2;215;255;255m+                   "appearActiveClass": Object {
[38;2;0;95;95m[48;2;215;255;255m+                     "type": [Function],
[38;2;0;95;95m[48;2;215;255;255m+                   },
[38;2;0;95;95m[48;2;215;255;255m+                   "appearClass": Object {
[38;2;0;95;95m[48;2;215;255;255m+                     "type": [Function],
[38;2;0;95;95m[48;2;215;255;255m+                   },
[38;2;0;95;95m[48;2;215;255;255m+                   "appearToClass": Object {
[38;2;0;95;95m[48;2;215;255;255m+                     "type": [Function],
[38;2;0;95;95m[48;2;215;255;255m+                   },
[38;2;0;95;95m[48;2;215;255;255m+                   "css": Object {
[38;2;0;95;95m[48;2;215;255;255m+                     "type": [Function],
[38;2;0;95;95m[48;2;215;255;255m+                   },
[38;2;0;95;95m[48;2;215;255;255m+                   "duration": Object {
[38;2;0;95;95m[48;2;215;255;255m+                     "type": Array [
[38;2;0;95;95m[48;2;215;255;255m+                       [Function],
[38;2;0;95;95m[48;2;215;255;255m+                       [Function],
[38;2;0;95;95m[48;2;215;255;255m+                       [Function],
[38;2;0;95;95m[48;2;215;255;255m+                     ],
[38;2;0;95;95m[48;2;215;255;255m+                   },
[38;2;0;95;95m[48;2;215;255;255m+                   "enterActiveClass": Object {
[38;2;0;95;95m[48;2;215;255;255m+                     "type": [Function],
[38;2;0;95;95m[48;2;215;255;255m+                   },
[38;2;0;95;95m[48;2;215;255;255m+                   "enterClass": Object {
[38;2;0;95;95m[48;2;215;255;255m+                     "type": [Function],
[38;2;0;95;95m[48;2;215;255;255m+                   },
[38;2;0;95;95m[48;2;215;255;255m+                   "enterToClass": Object {
[38;2;0;95;95m[48;2;215;255;255m+                     "type": [Function],
[38;2;0;95;95m[48;2;215;255;255m+                   },
[38;2;0;95;95m[48;2;215;255;255m+                   "leaveActiveClass": Object {
[38;2;0;95;95m[48;2;215;255;255m+                     "type": [Function],
[38;2;0;95;95m[48;2;215;255;255m+                   },
[38;2;0;95;95m[48;2;215;255;255m+                   "leaveClass": Object {
[38;2;0;95;95m[48;2;215;255;255m+                     "type": [Function],
[38;2;0;95;95m[48;2;215;255;255m+                   },
[38;2;0;95;95m[48;2;215;255;255m+                   "leaveToClass": Object {
[38;2;0;95;95m[48;2;215;255;255m+                     "type": [Function],
[38;2;0;95;95m[48;2;215;255;255m+                   },
[38;2;0;95;95m[48;2;215;255;255m+                   "moveClass": Object {
[38;2;0;95;95m[48;2;215;255;255m+                     "type": [Function],
[38;2;0;95;95m[48;2;215;255;255m+                   },
[38;2;0;95;95m[48;2;215;255;255m+                   "name": Object {
[38;2;0;95;95m[48;2;215;255;255m+                     "type": [Function],
[38;2;0;95;95m[48;2;215;255;255m+                   },
[38;2;0;95;95m[48;2;215;255;255m+                   "tag": Object {
[38;2;0;95;95m[48;2;215;255;255m+                     "type": [Function],
[38;2;0;95;95m[48;2;215;255;255m+                   },
[38;2;0;95;95m[48;2;215;255;255m+                   "type": Object {
[38;2;0;95;95m[48;2;215;255;255m+                     "type": [Function],
[38;2;0;95;95m[48;2;215;255;255m+                   },
[38;2;0;95;95m[48;2;215;255;255m+                 },
[38;2;0;95;95m[48;2;215;255;255m+                 "render": [Function],
[38;2;0;95;95m[48;2;215;255;255m+                 "staticClass": undefined,
[38;2;0;95;95m[48;2;215;255;255m+                 "staticStyle": undefined,
[38;2;0;95;95m[48;2;215;255;255m+                 "style": undefined,
[38;2;0;95;95m[48;2;215;255;255m+               },
[38;2;0;95;95m[48;2;215;255;255m+             },
[38;2;0;95;95m[48;2;215;255;255m+             "config": Object {
[38;2;0;95;95m[48;2;215;255;255m+               "_lifecycleHooks": Array [
[38;2;0;95;95m[48;2;215;255;255m+                 "beforeCreate",
[38;2;0;95;95m[48;2;215;255;255m+                 "created",
[38;2;0;95;95m[48;2;215;255;255m+                 "beforeMount",
[38;2;0;95;95m[48;2;215;255;255m+                 "mounted",
[38;2;0;95;95m[48;2;215;255;255m+                 "beforeUpdate",
[38;2;0;95;95m[48;2;215;255;255m+                 "updated",
[38;2;0;95;95m[48;2;215;255;255m+                 "beforeDestroy",
[38;2;0;95;95m[48;2;215;255;255m+                 "destroyed",
[38;2;0;95;95m[48;2;215;255;255m+                 "activated",
[38;2;0;95;95m[48;2;215;255;255m+                 "deactivated",
[38;2;0;95;95m[48;2;215;255;255m+                 "errorCaptured",
[38;2;0;95;95m[48;2;215;255;255m+                 "serverPrefetch",
[38;2;0;95;95m[48;2;215;255;255m+               ],
[38;2;0;95;95m[48;2;215;255;255m+               "async": true,
[38;2;0;95;95m[48;2;215;255;255m+               "devtools": false,
[38;2;0;95;95m[48;2;215;255;255m+               "errorHandler": undefined,
[38;2;0;95;95m[48;2;215;255;255m+               "getTagNamespace": [Function],
[38;2;0;95;95m[48;2;215;255;255m+               "ignoredElements": Array [],
[38;2;0;95;95m[48;2;215;255;255m+               "isReservedAttr": [Function],
[38;2;0;95;95m[48;2;215;255;255m+               "isReservedTag": [Function],
[38;2;0;95;95m[48;2;215;255;255m+               "isUnknownElement": [Function],
[38;2;0;95;95m[48;2;215;255;255m+               "keyCodes": Object {},
[38;2;0;95;95m[48;2;215;255;255m+               "mustUseProp": [Function],
[38;2;0;95;95m[48;2;215;255;255m+               "optionMergeStrategies": Object {
[38;2;0;95;95m[48;2;215;255;255m+                 "activated": [Function],
[38;2;0;95;95m[48;2;215;255;255m+                 "beforeCreate": [Function],
[38;2;0;95;95m[48;2;215;255;255m+                 "beforeDestroy": [Function],
[38;2;0;95;95m[48;2;215;255;255m+                 "beforeMount": [Function],
[38;2;0;95;95m[48;2;215;255;255m+                 "beforeUpdate": [Function],
[38;2;0;95;95m[48;2;215;255;255m+                 "components": [Function],
[38;2;0;95;95m[48;2;215;255;255m+                 "computed": [Function],
[38;2;0;95;95m[48;2;215;255;255m+                 "created": [Function],
[38;2;0;95;95m[48;2;215;255;255m+                 "data": [Function],
[38;2;0;95;95m[48;2;215;255;255m+                 "deactivated": [Function],
[38;2;0;95;95m[48;2;215;255;255m+                 "destroyed": [Function],
[38;2;0;95;95m[48;2;215;255;255m+                 "directives": [Function],
[38;2;0;95;95m[48;2;215;255;255m+                 "el": [Function],
[38;2;0;95;95m[48;2;215;255;255m+                 "errorCaptured": [Function],
[38;2;0;95;95m[48;2;215;255;255m+                 "filters": [Function],
[38;2;0;95;95m[48;2;215;255;255m+                 "inject": [Function],
[38;2;0;95;95m[48;2;215;255;255m+                 "methods": [Function],
[38;2;0;95;95m[48;2;215;255;255m+                 "mounted": [Function],
[38;2;0;95;95m[48;2;215;255;255m+                 "props": [Function],
[38;2;0;95;95m[48;2;215;255;255m+                 "propsData": [Function],
[38;2;0;95;95m[48;2;215;255;255m+                 "provide": [Function],
[38;2;0;95;95m[48;2;215;255;255m+                 "serverPrefetch": [Function],
[38;2;0;95;95m[48;2;215;255;255m+                 "updated": [Function],
[38;2;0;95;95m[48;2;215;255;255m+                 "watch": [Function],
[38;2;0;95;95m[48;2;215;255;255m+               },
[38;2;0;95;95m[48;2;215;255;255m+               "parsePlatformTagName": [Function],
[38;2;0;95;95m[48;2;215;255;255m+               "performance": false,
[38;2;0;95;95m[48;2;215;255;255m+               "productionTip": false,
[38;2;0;95;95m[48;2;215;255;255m+               "silent": false,
[38;2;0;95;95m[48;2;215;255;255m+               "warnHandler": null,
[38;2;0;95;95m[48;2;215;255;255m+             },
[38;2;0;95;95m[48;2;215;255;255m+             "data": [Function],
[38;2;0;95;95m[48;2;215;255;255m+             "delete": [Function],
[38;2;0;95;95m[48;2;215;255;255m+             "directive": [Function],
[38;2;0;95;95m[48;2;215;255;255m+             "directives": Object {},
[38;2;0;95;95m[48;2;215;255;255m+             "extend": [Function],
[38;2;0;95;95m[48;2;215;255;255m+             "extendOptions": Object {
[38;2;0;95;95m[48;2;215;255;255m+               "_Ctor": Object {
[38;2;0;95;95m[48;2;215;255;255m+                 "0": [Function],
[38;2;0;95;95m[48;2;215;255;255m+               },
[38;2;0;95;95m[48;2;215;255;255m+             },
[38;2;0;95;95m[48;2;215;255;255m+             "filter": [Function],
[38;2;0;95;95m[48;2;215;255;255m+             "filters": Object {},
[38;2;0;95;95m[48;2;215;255;255m+             "methods": undefined,
[38;2;0;95;95m[48;2;215;255;255m+             "mixin": [Function],
[38;2;0;95;95m[48;2;215;255;255m+             "mocks": undefined,
[38;2;0;95;95m[48;2;215;255;255m+             "nextTick": [Function],
[38;2;0;95;95m[48;2;215;255;255m+             "observable": [Function],
[38;2;0;95;95m[48;2;215;255;255m+             "options": Object {
[38;2;0;95;95m[48;2;215;255;255m+               "_Ctor": Object {
[38;2;0;95;95m[48;2;215;255;255m+                 "0": [Function],
[38;2;0;95;95m[48;2;215;255;255m+               },
[38;2;0;95;95m[48;2;215;255;255m+               "_base": [Function],
[38;2;0;95;95m[48;2;215;255;255m+               "beforeCreate": Array [
[38;2;0;95;95m[48;2;215;255;255m+                 [Function],
[38;2;0;95;95m[48;2;215;255;255m+                 [Function],
[38;2;0;95;95m[48;2;215;255;255m+               ],
[38;2;0;95;95m[48;2;215;255;255m+               "components": Object {
[38;2;0;95;95m[48;2;215;255;255m+                 "BTooltip": [Function],
[38;2;0;95;95m[48;2;215;255;255m+               },
[38;2;0;95;95m[48;2;215;255;255m+               "directives": Object {
[38;2;0;95;95m[48;2;215;255;255m+                 "BHover": Object {
[38;2;0;95;95m[48;2;215;255;255m+                   "bind": [Function],
[38;2;0;95;95m[48;2;215;255;255m+                   "componentUpdated": [Function],
[38;2;0;95;95m[48;2;215;255;255m+                   "unbind": [Function],
[38;2;0;95;95m[48;2;215;255;255m+                 },
[38;2;0;95;95m[48;2;215;255;255m+                 "BModal": Object {
[38;2;0;95;95m[48;2;215;255;255m+                   "componentUpdated": [Function],
[38;2;0;95;95m[48;2;215;255;255m+                   "inserted": [Function],
[38;2;0;95;95m[48;2;215;255;255m+                   "unbind": [Function],
[38;2;0;95;95m[48;2;215;255;255m+                   "updated": [Function],
[38;2;0;95;95m[48;2;215;255;255m+                 },
[38;2;0;95;95m[48;2;215;255;255m+                 "BScrollspy": Object {
[38;2;0;95;95m[48;2;215;255;255m+                   "bind": [Function],
[38;2;0;95;95m[48;2;215;255;255m+                   "componentUpdated": [Function],
[38;2;0;95;95m[48;2;215;255;255m+                   "inserted": [Function],
[38;2;0;95;95m[48;2;215;255;255m+                   "unbind": [Function],
[38;2;0;95;95m[48;2;215;255;255m+                   "update": [Function],
[38;2;0;95;95m[48;2;215;255;255m+                 },
[38;2;0;95;95m[48;2;215;255;255m+                 "BTooltip": Object {
[38;2;0;95;95m[48;2;215;255;255m+                   "bind": [Function],
[38;2;0;95;95m[48;2;215;255;255m+                   "componentUpdated": [Function],
[38;2;0;95;95m[48;2;215;255;255m+                   "unbind": [Function],
[38;2;0;95;95m[48;2;215;255;255m+                 },
[38;2;0;95;95m[48;2;215;255;255m+                 "BVisible": Object {
[38;2;0;95;95m[48;2;215;255;255m+                   "bind": [Function],
[38;2;0;95;95m[48;2;215;255;255m+                   "componentUpdated": [Function],
[38;2;0;95;95m[48;2;215;255;255m+                   "unbind": [Function],
[38;2;0;95;95m[48;2;215;255;255m+                 },
[38;2;0;95;95m[48;2;215;255;255m+               },
[38;2;0;95;95m[48;2;215;255;255m+               "filters": Object {},
[38;2;0;95;95m[48;2;215;255;255m+             },
[38;2;0;95;95m[48;2;215;255;255m+             "provide": [Function],
[38;2;0;95;95m[48;2;215;255;255m+             "render": [Function],
[38;2;0;95;95m[48;2;215;255;255m+             "sealedOptions": Object {
[38;2;0;95;95m[48;2;215;255;255m+               "_Ctor": Object {
[38;2;0;95;95m[48;2;215;255;255m+                 "0": [Function],
[38;2;0;95;95m[48;2;215;255;255m+               },
[38;2;0;95;95m[48;2;215;255;255m+               "_base": [Function],
[38;2;0;95;95m[48;2;215;255;255m+               "components": Object {
[38;2;0;95;95m[48;2;215;255;255m+                 "BAlert": [Function],
[38;2;0;95;95m[48;2;215;255;255m+                 "BAspect": [Function],
[38;2;0;95;95m[48;2;215;255;255m+                 "BAvatar": [Function],
[38;2;0;95;95m[48;2;215;255;255m+                 "BAvatarGroup": [Function],
[38;2;0;95;95m[48;2;215;255;255m+                 "BBadge": [Function],
[38;2;0;95;95m[48;2;215;255;255m+                 "BBreadcrumb": [Function],
[38;2;0;95;95m[48;2;215;255;255m+                 "BBreadcrumbItem": [Function],
[38;2;0;95;95m[48;2;215;255;255m+                 "BBreadcrumbLink": [Function],
[38;2;0;95;95m[48;2;215;255;255m+                 "BBtn": [Function],
[38;2;0;95;95m[48;2;215;255;255m+                 "BBtnClose": [Function],
[38;2;0;95;95m[48;2;215;255;255m+                 "BBtnGroup": [Function],
[38;2;0;95;95m[48;2;215;255;255m+                 "BBtnToolbar": [Function],
[38;2;0;95;95m[48;2;215;255;255m+                 "BButton": [Function],
[38;2;0;95;95m[48;2;215;255;255m+                 "BButtonClose": [Function],
[38;2;0;95;95m[48;2;215;255;255m+                 "BButtonGroup": [Function],
[38;2;0;95;95m[48;2;215;255;255m+                 "BButtonToolbar": [Function],
[38;2;0;95;95m[48;2;215;255;255m+                 "BCalendar": [Function],
[38;2;0;95;95m[48;2;215;255;255m+                 "BCard": [Function],
[38;2;0;95;95m[48;2;215;255;255m+                 "BCardBody": [Function],
[38;2;0;95;95m[48;2;215;255;255m+                 "BCardFooter": [Function],
[38;2;0;95;95m[48;2;215;255;255m+                 "BCardGroup": [Function],
[38;2;0;95;95m[48;2;215;255;255m+                 "BCardHeader": [Function],
[38;2;0;95;95m[48;2;215;255;255m+                 "BCardImg": [Function],
[38;2;0;95;95m[48;2;215;255;255m+                 "BCardImgLazy": [Function],
[38;2;0;95;95m[48;2;215;255;255m+                 "BCardSubTitle": [Function],
[38;2;0;95;95m[48;2;215;255;255m+                 "BCardText": [Function],
[38;2;0;95;95m[48;2;215;255;255m+                 "BCardTitle": [Function],
[38;2;0;95;95m[48;2;215;255;255m+                 "BCarousel": [Function],
[38;2;0;95;95m[48;2;215;255;255m+                 "BCarouselSlide": [Function],
[38;2;0;95;95m[48;2;215;255;255m+                 "BCheck": [Function],
[38;2;0;95;95m[48;2;215;255;255m+                 "BCheckGroup": [Function],
[38;2;0;95;95m[48;2;215;255;255m+                 "BCheckbox": [Function],
[38;2;0;95;95m[48;2;215;255;255m+                 "BCheckboxGroup": [Function],
[38;2;0;95;95m[48;2;215;255;255m+                 "BCol": [Function],
[38;2;0;95;95m[48;2;215;255;255m+                 "BCollapse": [Function],
[38;2;0;95;95m[48;2;215;255;255m+                 "BContainer": [Function],
[38;2;0;95;95m[48;2;215;255;255m+                 "BDatalist": [Function],
[38;2;0;95;95m[48;2;215;255;255m+                 "BDatepicker": [Function],
[38;2;0;95;95m[48;2;215;255;255m+                 "BDd": [Function],
[38;2;0;95;95m[48;2;215;255;255m+                 "BDdDivider": [Function],
[38;2;0;95;95m[48;2;215;255;255m+                 "BDdForm": [Function],
[38;2;0;95;95m[48;2;215;255;255m+                 "BDdGroup": [Function],
[38;2;0;95;95m[48;2;215;255;255m+                 "BDdHeader": [Function],
[38;2;0;95;95m[48;2;215;255;255m+                 "BDdItem": [Function],
[38;2;0;95;95m[48;2;215;255;255m+                 "BDdItemBtn": [Function],
[38;2;0;95;95m[48;2;215;255;255m+                 "BDdItemButton": [Function],
[38;2;0;95;95m[48;2;215;255;255m+                 "BDdText": [Function],
[38;2;0;95;95m[48;2;215;255;255m+                 "BDropdown": [Function],
[38;2;0;95;95m[48;2;215;255;255m+                 "BDropdownDivider": [Function],
[38;2;0;95;95m[48;2;215;255;255m+                 "BDropdownForm": [Function],
[38;2;0;95;95m[48;2;215;255;255m+                 "BDropdownGroup": [Function],
[38;2;0;95;95m[48;2;215;255;255m+                 "BDropdownHeader": [Function],
[38;2;0;95;95m[48;2;215;255;255m+                 "BDropdownItem": [Function],
[38;2;0;95;95m[48;2;215;255;255m+                 "BDropdownItemBtn": [Function],
[38;2;0;95;95m[48;2;215;255;255m+                 "BDropdownItemButton": [Function],
[38;2;0;95;95m[48;2;215;255;255m+                 "BDropdownText": [Function],
[38;2;0;95;95m[48;2;215;255;255m+                 "BEmbed": [Function],
[38;2;0;95;95m[48;2;215;255;255m+                 "BFile": [Function],
[38;2;0;95;95m[48;2;215;255;255m+                 "BForm": [Function],
[38;2;0;95;95m[48;2;215;255;255m+                 "BFormCheckbox": [Function],
[38;2;0;95;95m[48;2;215;255;255m+                 "BFormCheckboxGroup": [Function],
[38;2;0;95;95m[48;2;215;255;255m+                 "BFormDatalist": [Function],
[38;2;0;95;95m[48;2;215;255;255m+                 "BFormDatepicker": [Function],
[38;2;0;95;95m[48;2;215;255;255m+                 "BFormFeedback": [Function],
[38;2;0;95;95m[48;2;215;255;255m+                 "BFormFieldset": [Function],
[38;2;0;95;95m[48;2;215;255;255m+                 "BFormFile": [Function],
[38;2;0;95;95m[48;2;215;255;255m+                 "BFormGroup": [Function],
[38;2;0;95;95m[48;2;215;255;255m+                 "BFormInput": [Function],
[38;2;0;95;95m[48;2;215;255;255m+                 "BFormInvalidFeedback": [Function],
[38;2;0;95;95m[48;2;215;255;255m+                 "BFormRadio": [Function],
[38;2;0;95;95m[48;2;215;255;255m+                 "BFormRadioGroup": [Function],
[38;2;0;95;95m[48;2;215;255;255m+                 "BFormRating": [Function],
[38;2;0;95;95m[48;2;215;255;255m+                 "BFormRow": [Function],
[38;2;0;95;95m[48;2;215;255;255m+                 "BFormSelect": [Function],
[38;2;0;95;95m[48;2;215;255;255m+                 "BFormSelectOption": [Function],
[38;2;0;95;95m[48;2;215;255;255m+                 "BFormSelectOptionGroup": [Function],
[38;2;0;95;95m[48;2;215;255;255m+                 "BFormSpinbutton": [Function],
[38;2;0;95;95m[48;2;215;255;255m+                 "BFormTag": [Function],
[38;2;0;95;95m[48;2;215;255;255m+                 "BFormTags": [Function],
[38;2;0;95;95m[48;2;215;255;255m+                 "BFormText": [Function],
[38;2;0;95;95m[48;2;215;255;255m+                 "BFormTextarea": [Function],
[38;2;0;95;95m[48;2;215;255;255m+                 "BFormTimepicker": [Function],
[38;2;0;95;95m[48;2;215;255;255m+                 "BFormValidFeedback": [Function],
[38;2;0;95;95m[48;2;215;255;255m+                 "BImg": [Function],
[38;2;0;95;95m[48;2;215;255;255m+                 "BImgLazy": [Function],
[38;2;0;95;95m[48;2;215;255;255m+                 "BInput": [Function],
[38;2;0;95;95m[48;2;215;255;255m+                 "BInputGroup": [Function],
[38;2;0;95;95m[48;2;215;255;255m+                 "BInputGroupAddon": [Function],
[38;2;0;95;95m[48;2;215;255;255m+                 "BInputGroupAppend": [Function],
[38;2;0;95;95m[48;2;215;255;255m+                 "BInputGroupPrepend": [Function],
[38;2;0;95;95m[48;2;215;255;255m+                 "BInputGroupText": [Function],
[38;2;0;95;95m[48;2;215;255;255m+                 "BJumbotron": [Function],
[38;2;0;95;95m[48;2;215;255;255m+                 "BLink": [Function],
[38;2;0;95;95m[48;2;215;255;255m+                 "BListGroup": [Function],
[38;2;0;95;95m[48;2;215;255;255m+                 "BListGroupItem": [Function],
[38;2;0;95;95m[48;2;215;255;255m+                 "BMedia": [Function],
[38;2;0;95;95m[48;2;215;255;255m+                 "BMediaAside": [Function],
[38;2;0;95;95m[48;2;215;255;255m+                 "BMediaBody": [Function],
[38;2;0;95;95m[48;2;215;255;255m+                 "BModal": [Function],
[38;2;0;95;95m[48;2;215;255;255m+                 "BRadio": [Function],
[38;2;0;95;95m[48;2;215;255;255m+                 "BRadioGroup": [Function],
[38;2;0;95;95m[48;2;215;255;255m+                 "BRating": [Function],
[38;2;0;95;95m[48;2;215;255;255m+                 "BRow": [Function],
[38;2;0;95;95m[48;2;215;255;255m+                 "BSelect": [Function],
[38;2;0;95;95m[48;2;215;255;255m+                 "BSelectOption": [Function],
[38;2;0;95;95m[48;2;215;255;255m+                 "BSelectOptionGroup": [Function],
[38;2;0;95;95m[48;2;215;255;255m+                 "BSpinbutton": [Function],
[38;2;0;95;95m[48;2;215;255;255m+                 "BTag": [Function],
[38;2;0;95;95m[48;2;215;255;255m+                 "BTags": [Function],
[38;2;0;95;95m[48;2;215;255;255m+                 "BTextarea": [Function],
[38;2;0;95;95m[48;2;215;255;255m+                 "BTimepicker": [Function],
[38;2;0;95;95m[48;2;215;255;255m+               },
[38;2;0;95;95m[48;2;215;255;255m+               "directives": Object {
[38;2;0;95;95m[48;2;215;255;255m+                 "BModal": Object {
[38;2;0;95;95m[48;2;215;255;255m+                   "componentUpdated": [Function],
[38;2;0;95;95m[48;2;215;255;255m+                   "inserted": [Function],
[38;2;0;95;95m[48;2;215;255;255m+                   "unbind": [Function],
[38;2;0;95;95m[48;2;215;255;255m+                   "updated": [Function],
[38;2;0;95;95m[48;2;215;255;255m+                 },
[38;2;0;95;95m[48;2;215;255;255m+                 "BToggle": Object {
[38;2;0;95;95m[48;2;215;255;255m+                   "bind": [Function],
[38;2;0;95;95m[48;2;215;255;255m+                   "componentUpdated": [Function],
[38;2;0;95;95m[48;2;215;255;255m+                   "unbind": [Function],
[38;2;0;95;95m[48;2;215;255;255m+                   "updated": [Function],
[38;2;0;95;95m[48;2;215;255;255m+                 },
[38;2;0;95;95m[48;2;215;255;255m+               },
[38;2;0;95;95m[48;2;215;255;255m+               "filters": Object {},
[38;2;0;95;95m[48;2;215;255;255m+             },
[38;2;0;95;95m[48;2;215;255;255m+             "set": [Function],
[38;2;0;95;95m[48;2;215;255;255m+             "shouldProxy": true,
[38;2;0;95;95m[48;2;215;255;255m+             "stubs": Object {
[38;2;0;95;95m[48;2;215;255;255m+               "transition": true,
[38;2;0;95;95m[48;2;215;255;255m+               "transition-group": true,
[38;2;0;95;95m[48;2;215;255;255m+             },
[38;2;0;95;95m[48;2;215;255;255m+             "super": [Function],
[38;2;0;95;95m[48;2;215;255;255m+             "superOptions": Object {
[38;2;0;95;95m[48;2;215;255;255m+               "_base": [Function],
[38;2;0;95;95m[48;2;215;255;255m+               "components": Object {
[38;2;0;95;95m[48;2;215;255;255m+                 "KeepAlive": Object {
[38;2;0;95;95m[48;2;215;255;255m+                   "abstract": true,
[38;2;0;95;95m[48;2;215;255;255m+                   "created": [Function],
[38;2;0;95;95m[48;2;215;255;255m+                   "destroyed": [Function],
[38;2;0;95;95m[48;2;215;255;255m+                   "methods": Object {
[38;2;0;95;95m[48;2;215;255;255m+                     "cacheVNode": [Function],
[38;2;0;95;95m[48;2;215;255;255m+                   },
[38;2;0;95;95m[48;2;215;255;255m+                   "mounted": [Function],
[38;2;0;95;95m[48;2;215;255;255m+                   "name": "keep-alive",
[38;2;0;95;95m[48;2;215;255;255m+                   "props": Object {
[38;2;0;95;95m[48;2;215;255;255m+                     "exclude": Array [
[38;2;0;95;95m[48;2;215;255;255m+                       [Function],
[38;2;0;95;95m[48;2;215;255;255m+                       [Function],
[38;2;0;95;95m[48;2;215;255;255m+                       [Function],
[38;2;0;95;95m[48;2;215;255;255m+                     ],
[38;2;0;95;95m[48;2;215;255;255m+                     "include": Array [
[38;2;0;95;95m[48;2;215;255;255m+                       [Function],
[38;2;0;95;95m[48;2;215;255;255m+                       [Function],
[38;2;0;95;95m[48;2;215;255;255m+                       [Function],
[38;2;0;95;95m[48;2;215;255;255m+                     ],
[38;2;0;95;95m[48;2;215;255;255m+                     "max": Array [
[38;2;0;95;95m[48;2;215;255;255m+                       [Function],
[38;2;0;95;95m[48;2;215;255;255m+                       [Function],
[38;2;0;95;95m[48;2;215;255;255m+                     ],
[38;2;0;95;95m[48;2;215;255;255m+                   },
[38;2;0;95;95m[48;2;215;255;255m+                   "render": [Function],
[38;2;0;95;95m[48;2;215;255;255m+                   "updated": [Function],
[38;2;0;95;95m[48;2;215;255;255m+                 },
[38;2;0;95;95m[48;2;215;255;255m+                 "Transition": Object {
[38;2;0;95;95m[48;2;215;255;255m+                   "_Ctor": Object {
[38;2;0;95;95m[48;2;215;255;255m+                     "1404": [Function],
[38;2;0;95;95m[48;2;215;255;255m+                   },
[38;2;0;95;95m[48;2;215;255;255m+                   "abstract": true,
[38;2;0;95;95m[48;2;215;255;255m+                   "name": "transition",
[38;2;0;95;95m[48;2;215;255;255m+                   "props": Object {
[38;2;0;95;95m[48;2;215;255;255m+                     "appear": Object {
[38;2;0;95;95m[48;2;215;255;255m+                       "type": [Function],
[38;2;0;95;95m[48;2;215;255;255m+                     },
[38;2;0;95;95m[48;2;215;255;255m+                     "appearActiveClass": Object {
[38;2;0;95;95m[48;2;215;255;255m+                       "type": [Function],
[38;2;0;95;95m[48;2;215;255;255m+                     },
[38;2;0;95;95m[48;2;215;255;255m+                     "appearClass": Object {
[38;2;0;95;95m[48;2;215;255;255m+                       "type": [Function],
[38;2;0;95;95m[48;2;215;255;255m+                     },
[38;2;0;95;95m[48;2;215;255;255m+                     "appearToClass": Object {
[38;2;0;95;95m[48;2;215;255;255m+                       "type": [Function],
[38;2;0;95;95m[48;2;215;255;255m+                     },
[38;2;0;95;95m[48;2;215;255;255m+                     "css": Object {
[38;2;0;95;95m[48;2;215;255;255m+                       "type": [Function],
[38;2;0;95;95m[48;2;215;255;255m+                     },
[38;2;0;95;95m[48;2;215;255;255m+                     "duration": Object {
[38;2;0;95;95m[48;2;215;255;255m+                       "type": Array [
[38;2;0;95;95m[48;2;215;255;255m+                         [Function],
[38;2;0;95;95m[48;2;215;255;255m+                         [Function],
[38;2;0;95;95m[48;2;215;255;255m+                         [Function],
[38;2;0;95;95m[48;2;215;255;255m+                       ],
[38;2;0;95;95m[48;2;215;255;255m+                     },
[38;2;0;95;95m[48;2;215;255;255m+                     "enterActiveClass": Object {
[38;2;0;95;95m[48;2;215;255;255m+                       "type": [Function],
[38;2;0;95;95m[48;2;215;255;255m+                     },
[38;2;0;95;95m[48;2;215;255;255m+                     "enterClass": Object {
[38;2;0;95;95m[48;2;215;255;255m+                       "type": [Function],
[38;2;0;95;95m[48;2;215;255;255m+                     },
[38;2;0;95;95m[48;2;215;255;255m+                     "enterToClass": Object {
[38;2;0;95;95m[48;2;215;255;255m+                       "type": [Function],
[38;2;0;95;95m[48;2;215;255;255m+                     },
[38;2;0;95;95m[48;2;215;255;255m+                     "leaveActiveClass": Object {
[38;2;0;95;95m[48;2;215;255;255m+                       "type": [Function],
[38;2;0;95;95m[48;2;215;255;255m+                     },
[38;2;0;95;95m[48;2;215;255;255m+                     "leaveClass": Object {
[38;2;0;95;95m[48;2;215;255;255m+                       "type": [Function],
[38;2;0;95;95m[48;2;215;255;255m+                     },
[38;2;0;95;95m[48;2;215;255;255m+                     "leaveToClass": Object {
[38;2;0;95;95m[48;2;215;255;255m+                       "type": [Function],
[38;2;0;95;95m[48;2;215;255;255m+                     },
[38;2;0;95;95m[48;2;215;255;255m+                     "mode": Object {
[38;2;0;95;95m[48;2;215;255;255m+                       "type": [Function],
[38;2;0;95;95m[48;2;215;255;255m+                     },
[38;2;0;95;95m[48;2;215;255;255m+                     "name": Object {
[38;2;0;95;95m[48;2;215;255;255m+                       "type": [Function],
[38;2;0;95;95m[48;2;215;255;255m+                     },
[38;2;0;95;95m[48;2;215;255;255m+                     "type": Object {
[38;2;0;95;95m[48;2;215;255;255m+                       "type": [Function],
[38;2;0;95;95m[48;2;215;255;255m+                     },
[38;2;0;95;95m[48;2;215;255;255m+                   },
[38;2;0;95;95m[48;2;215;255;255m+                   "render": [Function],
[38;2;0;95;95m[48;2;215;255;255m+                 },
[38;2;0;95;95m[48;2;215;255;255m+                 "TransitionGroup": Object {
[38;2;0;95;95m[48;2;215;255;255m+                   "_Ctor": Object {
[38;2;0;95;95m[48;2;215;255;255m+                     "1404": [Function],
[38;2;0;95;95m[48;2;215;255;255m+                   },
[38;2;0;95;95m[48;2;215;255;255m+                   "beforeMount": [Function],
[38;2;0;95;95m[48;2;215;255;255m+                   "methods": Object {
[38;2;0;95;95m[48;2;215;255;255m+                     "hasMove": [Function],
[38;2;0;95;95m[48;2;215;255;255m+                   },
[38;2;0;95;95m[48;2;215;255;255m+                   "props": Object {
[38;2;0;95;95m[48;2;215;255;255m+                     "appear": Object {
[38;2;0;95;95m[48;2;215;255;255m+                       "type": [Function],
[38;2;0;95;95m[48;2;215;255;255m+                     },
[38;2;0;95;95m[48;2;215;255;255m+                     "appearActiveClass": Object {
[38;2;0;95;95m[48;2;215;255;255m+                       "type": [Function],
[38;2;0;95;95m[48;2;215;255;255m+                     },
[38;2;0;95;95m[48;2;215;255;255m+                     "appearClass": Object {
[38;2;0;95;95m[48;2;215;255;255m+                       "type": [Function],
[38;2;0;95;95m[48;2;215;255;255m+                     },
[38;2;0;95;95m[48;2;215;255;255m+                     "appearToClass": Object {
[38;2;0;95;95m[48;2;215;255;255m+                       "type": [Function],
[38;2;0;95;95m[48;2;215;255;255m+                     },
[38;2;0;95;95m[48;2;215;255;255m+                     "css": Object {
[38;2;0;95;95m[48;2;215;255;255m+                       "type": [Function],
[38;2;0;95;95m[48;2;215;255;255m+                     },
[38;2;0;95;95m[48;2;215;255;255m+                     "duration": Object {
[38;2;0;95;95m[48;2;215;255;255m+                       "type": Array [
[38;2;0;95;95m[48;2;215;255;255m+                         [Function],
[38;2;0;95;95m[48;2;215;255;255m+                         [Function],
[38;2;0;95;95m[48;2;215;255;255m+                         [Function],
[38;2;0;95;95m[48;2;215;255;255m+                       ],
[38;2;0;95;95m[48;2;215;255;255m+                     },
[38;2;0;95;95m[48;2;215;255;255m+                     "enterActiveClass": Object {
[38;2;0;95;95m[48;2;215;255;255m+                       "type": [Function],
[38;2;0;95;95m[48;2;215;255;255m+                     },
[38;2;0;95;95m[48;2;215;255;255m+                     "enterClass": Object {
[38;2;0;95;95m[48;2;215;255;255m+                       "type": [Function],
[38;2;0;95;95m[48;2;215;255;255m+                     },
[38;2;0;95;95m[48;2;215;255;255m+                     "enterToClass": Object {
[38;2;0;95;95m[48;2;215;255;255m+                       "type": [Function],
[38;2;0;95;95m[48;2;215;255;255m+                     },
[38;2;0;95;95m[48;2;215;255;255m+                     "leaveActiveClass": Object {
[38;2;0;95;95m[48;2;215;255;255m+                       "type": [Function],
[38;2;0;95;95m[48;2;215;255;255m+                     },
[38;2;0;95;95m[48;2;215;255;255m+                     "leaveClass": Object {
[38;2;0;95;95m[48;2;215;255;255m+                       "type": [Function],
[38;2;0;95;95m[48;2;215;255;255m+                     },
[38;2;0;95;95m[48;2;215;255;255m+                     "leaveToClass": Object {
[38;2;0;95;95m[48;2;215;255;255m+                       "type": [Function],
[38;2;0;95;95m[48;2;215;255;255m+                     },
[38;2;0;95;95m[48;2;215;255;255m+                     "moveClass": Object {
[38;2;0;95;95m[48;2;215;255;255m+                       "type": [Function],
[38;2;0;95;95m[48;2;215;255;255m+                     },
[38;2;0;95;95m[48;2;215;255;255m+                     "name": Object {
[38;2;0;95;95m[48;2;215;255;255m+                       "type": [Function],
[38;2;0;95;95m[48;2;215;255;255m+                     },
[38;2;0;95;95m[48;2;215;255;255m+                     "tag": Object {
[38;2;0;95;95m[48;2;215;255;255m+                       "type": [Function],
[38;2;0;95;95m[48;2;215;255;255m+                     },
[38;2;0;95;95m[48;2;215;255;255m+                     "type": Object {
[38;2;0;95;95m[48;2;215;255;255m+                       "type": [Function],
[38;2;0;95;95m[48;2;215;255;255m+                     },
[38;2;0;95;95m[48;2;215;255;255m+                   },
[38;2;0;95;95m[48;2;215;255;255m+                   "render": [Function],
[38;2;0;95;95m[48;2;215;255;255m+                   "updated": [Function],
[38;2;0;95;95m[48;2;215;255;255m+                 },
[38;2;0;95;95m[48;2;215;255;255m+               },
[38;2;0;95;95m[48;2;215;255;255m+               "directives": Object {
[38;2;0;95;95m[48;2;215;255;255m+                 "model": Object {
[38;2;0;95;95m[48;2;215;255;255m+                   "componentUpdated": [Function],
[38;2;0;95;95m[48;2;215;255;255m+                   "inserted": [Function],
[38;2;0;95;95m[48;2;215;255;255m+                 },
[38;2;0;95;95m[48;2;215;255;255m+                 "show": Object {
[38;2;0;95;95m[48;2;215;255;255m+                   "bind": [Function],
[38;2;0;95;95m[48;2;215;255;255m+                   "unbind": [Function],
[38;2;0;95;95m[48;2;215;255;255m+                   "update": [Function],
[38;2;0;95;95m[48;2;215;255;255m+                 },
[38;2;0;95;95m[48;2;215;255;255m+               },
[38;2;0;95;95m[48;2;215;255;255m+               "filters": Object {},
[38;2;0;95;95m[48;2;215;255;255m+             },
[38;2;0;95;95m[48;2;215;255;255m+             "use": [Function],
[38;2;0;95;95m[48;2;215;255;255m+             "util": Object {
[38;2;0;95;95m[48;2;215;255;255m+               "defineReactive": [Function],
[38;2;0;95;95m[48;2;215;255;255m+               "extend": [Function],
[38;2;0;95;95m[48;2;215;255;255m+               "mergeOptions": [Function],
[38;2;0;95;95m[48;2;215;255;255m+               "warn": [Function],
[38;2;0;95;95m[48;2;215;255;255m+             },
[38;2;0;95;95m[48;2;215;255;255m+             "version": "2.6.14",
[38;2;0;95;95m[48;2;215;255;255m+           },
[38;2;0;95;95m[48;2;215;255;255m+           "$parent": undefined,
[38;2;0;95;95m[48;2;215;255;255m+           "$refs": Object {},
[38;2;0;95;95m[48;2;215;255;255m+           "$root": [Circular],
[38;2;0;95;95m[48;2;215;255;255m+           "$scopedSlots": Object {},
[38;2;0;95;95m[48;2;215;255;255m+           "$slots": Object {},
[38;2;0;95;95m[48;2;215;255;255m+           "$vnode": undefined,
[38;2;0;95;95m[48;2;215;255;255m+           "__emitted": Object {},
[38;2;0;95;95m[48;2;215;255;255m+           "__emittedByOrder": Array [],
[38;2;0;95;95m[48;2;215;255;255m+           "_c": [Function],
[38;2;0;95;95m[48;2;215;255;255m+           "_data": Object {
[38;2;0;95;95m[48;2;215;255;255m+             "vueTestUtils_childProps": Object {},
[38;2;0;95;95m[48;2;215;255;255m+           },
[38;2;0;95;95m[48;2;215;255;255m+           "_directInactive": false,
[38;2;0;95;95m[48;2;215;255;255m+           "_events": Object {},
[38;2;0;95;95m[48;2;215;255;255m+           "_hasHookEvent": false,
[38;2;0;95;95m[48;2;215;255;255m+           "_inactive": null,
[38;2;0;95;95m[48;2;215;255;255m+           "_isBeingDestroyed": false,
[38;2;0;95;95m[48;2;215;255;255m+           "_isDestroyed": false,
[38;2;0;95;95m[48;2;215;255;255m+           "_isMounted": true,
[38;2;0;95;95m[48;2;215;255;255m+           "_isVue": true,
[38;2;0;95;95m[48;2;215;255;255m+           "_provided": Object {},
[38;2;0;95;95m[48;2;215;255;255m+           "_renderProxy": VueComponent {
[38;2;0;95;95m[48;2;215;255;255m+             "$attrs": Object {},
[38;2;0;95;95m[48;2;215;255;255m+             "$children": Array [
[38;2;0;95;95m[48;2;215;255;255m+               [Circular],
[38;2;0;95;95m[48;2;215;255;255m+             ],
[38;2;0;95;95m[48;2;215;255;255m+             "$createElement": [Function],
[38;2;0;95;95m[48;2;215;255;255m+             "$el": <div>
[38;2;0;95;95m[48;2;215;255;255m+               <b-dropdown
[38;2;0;95;95m[48;2;215;255;255m+                 no-caret=""
[38;2;0;95;95m[48;2;215;255;255m+                 right=""
[38;2;0;95;95m[48;2;215;255;255m+                 size="lg"
[38;2;0;95;95m[48;2;215;255;255m+                 variant="link"
[38;2;0;95;95m[48;2;215;255;255m+               >
[38;2;0;95;95m[48;2;215;255;255m+                  
[38;2;0;95;95m[48;2;215;255;255m+                 <b-dropdown-item>
[38;2;0;95;95m[48;2;215;255;255m+                   <b-icon
[38;2;0;95;95m[48;2;215;255;255m+                     icon="door-open"
[38;2;0;95;95m[48;2;215;255;255m+                   />
[38;2;0;95;95m[48;2;215;255;255m+                   
[38;2;0;95;95m[48;2;215;255;255m+       回到主页
[38;2;0;95;95m[48;2;215;255;255m+     
[38;2;0;95;95m[48;2;215;255;255m+                 </b-dropdown-item>
[38;2;0;95;95m[48;2;215;255;255m+                  
[38;2;0;95;95m[48;2;215;255;255m+                 <b-dropdown-item>
[38;2;0;95;95m[48;2;215;255;255m+                   <b-icon
[38;2;0;95;95m[48;2;215;255;255m+                     icon="cursor-fill"
[38;2;0;95;95m[48;2;215;255;255m+                   />
[38;2;0;95;95m[48;2;215;255;255m+                   
[38;2;0;95;95m[48;2;215;255;255m+       注销用户
[38;2;0;95;95m[48;2;215;255;255m+     
[38;2;0;95;95m[48;2;215;255;255m+                 </b-dropdown-item>
[38;2;0;95;95m[48;2;215;255;255m+               </b-dropdown>
[38;2;0;95;95m[48;2;215;255;255m+             </div>,
[38;2;0;95;95m[48;2;215;255;255m+             "$emit": [Function],
[38;2;0;95;95m[48;2;215;255;255m+             "$listeners": Object {},
[38;2;0;95;95m[48;2;215;255;255m+             "$options": Object {
[38;2;0;95;95m[48;2;215;255;255m+               "$_doNotStubChildren": true,
[38;2;0;95;95m[48;2;215;255;255m+               "$_isWrapperParent": true,
[38;2;0;95;95m[48;2;215;255;255m+               "_Ctor": Object {
[38;2;0;95;95m[48;2;215;255;255m+                 "1404": [Function],
[38;2;0;95;95m[48;2;215;255;255m+               },
[38;2;0;95;95m[48;2;215;255;255m+               "_base": [Function],
[38;2;0;95;95m[48;2;215;255;255m+               "_installedPlugins": Array [
[38;2;0;95;95m[48;2;215;255;255m+                 Object {
[38;2;0;95;95m[48;2;215;255;255m+                   "install": [Function],
[38;2;0;95;95m[48;2;215;255;255m+                 },
[38;2;0;95;95m[48;2;215;255;255m+                 Object {
[38;2;0;95;95m[48;2;215;255;255m+                   "install": [Function],
[38;2;0;95;95m[48;2;215;255;255m+                 },
[38;2;0;95;95m[48;2;215;255;255m+                 Object {
[38;2;0;95;95m[48;2;215;255;255m+                   "install": [Function],
[38;2;0;95;95m[48;2;215;255;255m+                 },
[38;2;0;95;95m[48;2;215;255;255m+                 Object {
[38;2;0;95;95m[48;2;215;255;255m+                   "install": [Function],
[38;2;0;95;95m[48;2;215;255;255m+                 },
[38;2;0;95;95m[48;2;215;255;255m+                 Object {
[38;2;0;95;95m[48;2;215;255;255m+                   "install": [Function],
[38;2;0;95;95m[48;2;215;255;255m+                 },
[38;2;0;95;95m[48;2;215;255;255m+                 Object {
[38;2;0;95;95m[48;2;215;255;255m+                   "install": [Function],
[38;2;0;95;95m[48;2;215;255;255m+                 },
[38;2;0;95;95m[48;2;215;255;255m+                 Object {
[38;2;0;95;95m[48;2;215;255;255m+                   "install": [Function],
[38;2;0;95;95m[48;2;215;255;255m+                 },
[38;2;0;95;95m[48;2;215;255;255m+                 Object {
[38;2;0;95;95m[48;2;215;255;255m+                   "install": [Function],
[38;2;0;95;95m[48;2;215;255;255m+                 },
[38;2;0;95;95m[48;2;215;255;255m+                 Object {
[38;2;0;95;95m[48;2;215;255;255m+                   "install": [Function],
[38;2;0;95;95m[48;2;215;255;255m+                 },
[38;2;0;95;95m[48;2;215;255;255m+                 Object {
[38;2;0;95;95m[48;2;215;255;255m+                   "install": [Function],
[38;2;0;95;95m[48;2;215;255;255m+                 },
[38;2;0;95;95m[48;2;215;255;255m+                 Object {
[38;2;0;95;95m[48;2;215;255;255m+                   "install": [Function],
[38;2;0;95;95m[48;2;215;255;255m+                 },
[38;2;0;95;95m[48;2;215;255;255m+                 Object {
[38;2;0;95;95m[48;2;215;255;255m+                   "install": [Function],
[38;2;0;95;95m[48;2;215;255;255m+                 },
[38;2;0;95;95m[48;2;215;255;255m+                 Object {
[38;2;0;95;95m[48;2;215;255;255m+                   "install": [Function],
[38;2;0;95;95m[48;2;215;255;255m+                 },
[38;2;0;95;95m[48;2;215;255;255m+                 Object {
[38;2;0;95;95m[48;2;215;255;255m+                   "install": [Function],
[38;2;0;95;95m[48;2;215;255;255m+                 },
[38;2;0;95;95m[48;2;215;255;255m+                 Object {
[38;2;0;95;95m[48;2;215;255;255m+                   "install": [Function],
[38;2;0;95;95m[48;2;215;255;255m+                 },
[38;2;0;95;95m[48;2;215;255;255m+                 Object {
[38;2;0;95;95m[48;2;215;255;255m+                   "install": [Function],
[38;2;0;95;95m[48;2;215;255;255m+                 },
[38;2;0;95;95m[48;2;215;255;255m+                 Object {
[38;2;0;95;95m[48;2;215;255;255m+                   "install": [Function],
[38;2;0;95;95m[48;2;215;255;255m+                 },
[38;2;0;95;95m[48;2;215;255;255m+                 Object {
[38;2;0;95;95m[48;2;215;255;255m+                   "install": [Function],
[38;2;0;95;95m[48;2;215;255;255m+                 },
[38;2;0;95;95m[48;2;215;255;255m+                 Object {
[38;2;0;95;95m[48;2;215;255;255m+                   "install": [Function],
[38;2;0;95;95m[48;2;215;255;255m+                 },
[38;2;0;95;95m[48;2;215;255;255m+                 Object {
[38;2;0;95;95m[48;2;215;255;255m+                   "install": [Function],
[38;2;0;95;95m[48;2;215;255;255m+                 },
[38;2;0;95;95m[48;2;215;255;255m+                 Object {
[38;2;0;95;95m[48;2;215;255;255m+                   "install": [Function],
[38;2;0;95;95m[48;2;215;255;255m+                 },
[38;2;0;95;95m[48;2;215;255;255m+                 Object {
[38;2;0;95;95m[48;2;215;255;255m+                   "install": [Function],
[38;2;0;95;95m[48;2;215;255;255m+                 },
[38;2;0;95;95m[48;2;215;255;255m+                 Object {
[38;2;0;95;95m[48;2;215;255;255m+                   "install": [Function],
[38;2;0;95;95m[48;2;215;255;255m+                 },
[38;2;0;95;95m[48;2;215;255;255m+                 Object {
[38;2;0;95;95m[48;2;215;255;255m+                   "install": [Function],
[38;2;0;95;95m[48;2;215;255;255m+                 },
[38;2;0;95;95m[48;2;215;255;255m+                 Object {
[38;2;0;95;95m[48;2;215;255;255m+                   "install": [Function],
[38;2;0;95;95m[48;2;215;255;255m+                 },
[38;2;0;95;95m[48;2;215;255;255m+                 Object {
[38;2;0;95;95m[48;2;215;255;255m+                   "install": [Function],
[38;2;0;95;95m[48;2;215;255;255m+                 },
[38;2;0;95;95m[48;2;215;255;255m+                 Object {
[38;2;0;95;95m[48;2;215;255;255m+                   "install": [Function],
[38;2;0;95;95m[48;2;215;255;255m+                 },
[38;2;0;95;95m[48;2;215;255;255m+                 Object {
[38;2;0;95;95m[48;2;215;255;255m+                   "install": [Function],
[38;2;0;95;95m[48;2;215;255;255m+                 },
[38;2;0;95;95m[48;2;215;255;255m+                 Object {
[38;2;0;95;95m[48;2;215;255;255m+                   "install": [Function],
[38;2;0;95;95m[48;2;215;255;255m+                 },
[38;2;0;95;95m[48;2;215;255;255m+                 Object {
[38;2;0;95;95m[48;2;215;255;255m+                   "install": [Function],
[38;2;0;95;95m[48;2;215;255;255m+                 },
[38;2;0;95;95m[48;2;215;255;255m+                 Object {
[38;2;0;95;95m[48;2;215;255;255m+                   "install": [Function],
[38;2;0;95;95m[48;2;215;255;255m+                 },
[38;2;0;95;95m[48;2;215;255;255m+                 Object {
[38;2;0;95;95m[48;2;215;255;255m+                   "install": [Function],
[38;2;0;95;95m[48;2;215;255;255m+                 },
[38;2;0;95;95m[48;2;215;255;255m+                 Object {
[38;2;0;95;95m[48;2;215;255;255m+                   "install": [Function],
[38;2;0;95;95m[48;2;215;255;255m+                 },
[38;2;0;95;95m[48;2;215;255;255m+                 Object {
[38;2;0;95;95m[48;2;215;255;255m+                   "install": [Function],
[38;2;0;95;95m[48;2;215;255;255m+                 },
[38;2;0;95;95m[48;2;215;255;255m+                 Object {
[38;2;0;95;95m[48;2;215;255;255m+                   "install": [Function],
[38;2;0;95;95m[48;2;215;255;255m+                 },
[38;2;0;95;95m[48;2;215;255;255m+                 [Function],
[38;2;0;95;95m[48;2;215;255;255m+                 Object {
[38;2;0;95;95m[48;2;215;255;255m+                   "install": [Function],
[38;2;0;95;95m[48;2;215;255;255m+                 },
[38;2;0;95;95m[48;2;215;255;255m+                 Object {
[38;2;0;95;95m[48;2;215;255;255m+                   "install": [Function],
[38;2;0;95;95m[48;2;215;255;255m+                 },
[38;2;0;95;95m[48;2;215;255;255m+                 Object {
[38;2;0;95;95m[48;2;215;255;255m+                   "install": [Function],
[38;2;0;95;95m[48;2;215;255;255m+                 },
[38;2;0;95;95m[48;2;215;255;255m+                 Object {
[38;2;0;95;95m[48;2;215;255;255m+                   "install": [Function],
[38;2;0;95;95m[48;2;215;255;255m+                 },
[38;2;0;95;95m[48;2;215;255;255m+                 Object {
[38;2;0;95;95m[48;2;215;255;255m+                   "install": [Function],
[38;2;0;95;95m[48;2;215;255;255m+                 },
[38;2;0;95;95m[48;2;215;255;255m+                 Object {
[38;2;0;95;95m[48;2;215;255;255m+                   "install": [Function],
[38;2;0;95;95m[48;2;215;255;255m+                 },
[38;2;0;95;95m[48;2;215;255;255m+                 Object {
[38;2;0;95;95m[48;2;215;255;255m+                   "install": [Function],
[38;2;0;95;95m[48;2;215;255;255m+                 },
[38;2;0;95;95m[48;2;215;255;255m+                 Object {
[38;2;0;95;95m[48;2;215;255;255m+                   "install": [Function],
[38;2;0;95;95m[48;2;215;255;255m+                 },
[38;2;0;95;95m[48;2;215;255;255m+                 Object {
[38;2;0;95;95m[48;2;215;255;255m+                   "install": [Function],
[38;2;0;95;95m[48;2;215;255;255m+                 },
[38;2;0;95;95m[48;2;215;255;255m+                 Object {
[38;2;0;95;95m[48;2;215;255;255m+                   "install": [Function],
[38;2;0;95;95m[48;2;215;255;255m+                 },
[38;2;0;95;95m[48;2;215;255;255m+                 Object {
[38;2;0;95;95m[48;2;215;255;255m+                   "install": [Function],
[38;2;0;95;95m[48;2;215;255;255m+                 },
[38;2;0;95;95m[48;2;215;255;255m+                 Object {
[38;2;0;95;95m[48;2;215;255;255m+                   "install": [Function],
[38;2;0;95;95m[48;2;215;255;255m+                 },
[38;2;0;95;95m[48;2;215;255;255m+                 Object {
[38;2;0;95;95m[48;2;215;255;255m+                   "install": [Function],
[38;2;0;95;95m[48;2;215;255;255m+                 },
[38;2;0;95;95m[48;2;215;255;255m+                 Object {
[38;2;0;95;95m[48;2;215;255;255m+                   "install": [Function],
[38;2;0;95;95m[48;2;215;255;255m+                 },
[38;2;0;95;95m[48;2;215;255;255m+                 Object {
[38;2;0;95;95m[48;2;215;255;255m+                   "install": [Function],
[38;2;0;95;95m[48;2;215;255;255m+                 },
[38;2;0;95;95m[48;2;215;255;255m+                 Object {
[38;2;0;95;95m[48;2;215;255;255m+                   "install": [Function],
[38;2;0;95;95m[48;2;215;255;255m+                 },
[38;2;0;95;95m[48;2;215;255;255m+                 Object {
[38;2;0;95;95m[48;2;215;255;255m+                   "install": [Function],
[38;2;0;95;95m[48;2;215;255;255m+                 },
[38;2;0;95;95m[48;2;215;255;255m+                 Object {
[38;2;0;95;95m[48;2;215;255;255m+                   "install": [Function],
[38;2;0;95;95m[48;2;215;255;255m+                 },
[38;2;0;95;95m[48;2;215;255;255m+                 [Function],
[38;2;0;95;95m[48;2;215;255;255m+                 Object {
[38;2;0;95;95m[48;2;215;255;255m+                   "install": [Function],
[38;2;0;95;95m[48;2;215;255;255m+                 },
[38;2;0;95;95m[48;2;215;255;255m+                 Object {
[38;2;0;95;95m[48;2;215;255;255m+                   "install": [Function],
[38;2;0;95;95m[48;2;215;255;255m+                 },
[38;2;0;95;95m[48;2;215;255;255m+                 Object {
[38;2;0;95;95m[48;2;215;255;255m+                   "install": [Function],
[38;2;0;95;95m[48;2;215;255;255m+                 },
[38;2;0;95;95m[48;2;215;255;255m+                 Object {
[38;2;0;95;95m[48;2;215;255;255m+                   "install": [Function],
[38;2;0;95;95m[48;2;215;255;255m+                 },
[38;2;0;95;95m[48;2;215;255;255m+                 Object {
[38;2;0;95;95m[48;2;215;255;255m+                   "install": [Function],
[38;2;0;95;95m[48;2;215;255;255m+                 },
[38;2;0;95;95m[48;2;215;255;255m+                 Object {
[38;2;0;95;95m[48;2;215;255;255m+                   "install": [Function],
[38;2;0;95;95m[48;2;215;255;255m+                 },
[38;2;0;95;95m[48;2;215;255;255m+                 Object {
[38;2;0;95;95m[48;2;215;255;255m+                   "install": [Function],
[38;2;0;95;95m[48;2;215;255;255m+                 },
[38;2;0;95;95m[48;2;215;255;255m+                 Object {
[38;2;0;95;95m[48;2;215;255;255m+                   "install": [Function],
[38;2;0;95;95m[48;2;215;255;255m+                 },
[38;2;0;95;95m[48;2;215;255;255m+                 Object {
[38;2;0;95;95m[48;2;215;255;255m+                   "install": [Function],
[38;2;0;95;95m[48;2;215;255;255m+                 },
[38;2;0;95;95m[48;2;215;255;255m+                 Object {
[38;2;0;95;95m[48;2;215;255;255m+                   "install": [Function],
[38;2;0;95;95m[48;2;215;255;255m+                 },
[38;2;0;95;95m[48;2;215;255;255m+                 Object {
[38;2;0;95;95m[48;2;215;255;255m+                   "NAME": "BootstrapVue",
[38;2;0;95;95m[48;2;215;255;255m+                   "install": [Function],
[38;2;0;95;95m[48;2;215;255;255m+                 },
[38;2;0;95;95m[48;2;215;255;255m+               ],
[38;2;0;95;95m[48;2;215;255;255m+               "_isFunctionalContainer": undefined,
[38;2;0;95;95m[48;2;215;255;255m+               "beforeCreate": Array [
[38;2;0;95;95m[48;2;215;255;255m+                 [Function],
[38;2;0;95;95m[48;2;215;255;255m+                 [Function],
[38;2;0;95;95m[48;2;215;255;255m+                 [Function],
[38;2;0;95;95m[48;2;215;255;255m+               ],
[38;2;0;95;95m[48;2;215;255;255m+               "cid": 1398,
[38;2;0;95;95m[48;2;215;255;255m+               "component": [Function],
[38;2;0;95;95m[48;2;215;255;255m+               "components": Object {
[38;2;0;95;95m[48;2;215;255;255m+                 "transition": Object {
[38;2;0;95;95m[48;2;215;255;255m+                   "$_doNotStubChildren": true,
[38;2;0;95;95m[48;2;215;255;255m+                   "$_vueTestUtils_original": Object {
[38;2;0;95;95m[48;2;215;255;255m+                     "_Ctor": Object {
[38;2;0;95;95m[48;2;215;255;255m+                       "1404": [Function],
[38;2;0;95;95m[48;2;215;255;255m+                     },
[38;2;0;95;95m[48;2;215;255;255m+                     "abstract": true,
[38;2;0;95;95m[48;2;215;255;255m+                     "name": "transition",
[38;2;0;95;95m[48;2;215;255;255m+                     "props": Object {
[38;2;0;95;95m[48;2;215;255;255m+                       "appear": Object {
[38;2;0;95;95m[48;2;215;255;255m+                         "type": [Function],
[38;2;0;95;95m[48;2;215;255;255m+                       },
[38;2;0;95;95m[48;2;215;255;255m+                       "appearActiveClass": Object {
[38;2;0;95;95m[48;2;215;255;255m+                         "type": [Function],
[38;2;0;95;95m[48;2;215;255;255m+                       },
[38;2;0;95;95m[48;2;215;255;255m+                       "appearClass": Object {
[38;2;0;95;95m[48;2;215;255;255m+                         "type": [Function],
[38;2;0;95;95m[48;2;215;255;255m+                       },
[38;2;0;95;95m[48;2;215;255;255m+                       "appearToClass": Object {
[38;2;0;95;95m[48;2;215;255;255m+                         "type": [Function],
[38;2;0;95;95m[48;2;215;255;255m+                       },
[38;2;0;95;95m[48;2;215;255;255m+                       "css": Object {
[38;2;0;95;95m[48;2;215;255;255m+                         "type": [Function],
[38;2;0;95;95m[48;2;215;255;255m+                       },
[38;2;0;95;95m[48;2;215;255;255m+                       "duration": Object {
[38;2;0;95;95m[48;2;215;255;255m+                         "type": Array [
[38;2;0;95;95m[48;2;215;255;255m+                           [Function],
[38;2;0;95;95m[48;2;215;255;255m+                           [Function],
[38;2;0;95;95m[48;2;215;255;255m+                           [Function],
[38;2;0;95;95m[48;2;215;255;255m+                         ],
[38;2;0;95;95m[48;2;215;255;255m+                       },
[38;2;0;95;95m[48;2;215;255;255m+                       "enterActiveClass": Object {
[38;2;0;95;95m[48;2;215;255;255m+                         "type": [Function],
[38;2;0;95;95m[48;2;215;255;255m+                       },
[38;2;0;95;95m[48;2;215;255;255m+                       "enterClass": Object {
[38;2;0;95;95m[48;2;215;255;255m+                         "type": [Function],
[38;2;0;95;95m[48;2;215;255;255m+                       },
[38;2;0;95;95m[48;2;215;255;255m+                       "enterToClass": Object {
[38;2;0;95;95m[48;2;215;255;255m+                         "type": [Function],
[38;2;0;95;95m[48;2;215;255;255m+                       },
[38;2;0;95;95m[48;2;215;255;255m+                       "leaveActiveClass": Object {
[38;2;0;95;95m[48;2;215;255;255m+                         "type": [Function],
[38;2;0;95;95m[48;2;215;255;255m+                       },
[38;2;0;95;95m[48;2;215;255;255m+                       "leaveClass": Object {
[38;2;0;95;95m[48;2;215;255;255m+                         "type": [Function],
[38;2;0;95;95m[48;2;215;255;255m+                       },
[38;2;0;95;95m[48;2;215;255;255m+                       "leaveToClass": Object {
[38;2;0;95;95m[48;2;215;255;255m+                         "type": [Function],
[38;2;0;95;95m[48;2;215;255;255m+                       },
[38;2;0;95;95m[48;2;215;255;255m+                       "mode": Object {
[38;2;0;95;95m[48;2;215;255;255m+                         "type": [Function],
[38;2;0;95;95m[48;2;215;255;255m+                       },
[38;2;0;95;95m[48;2;215;255;255m+                       "name": Object {
[38;2;0;95;95m[48;2;215;255;255m+                         "type": [Function],
[38;2;0;95;95m[48;2;215;255;255m+                       },
[38;2;0;95;95m[48;2;215;255;255m+                       "type": Object {
[38;2;0;95;95m[48;2;215;255;255m+                         "type": [Function],
[38;2;0;95;95m[48;2;215;255;255m+                       },
[38;2;0;95;95m[48;2;215;255;255m+                     },
[38;2;0;95;95m[48;2;215;255;255m+                     "render": [Function],
[38;2;0;95;95m[48;2;215;255;255m+                   },
[38;2;0;95;95m[48;2;215;255;255m+                   "abstract": true,
[38;2;0;95;95m[48;2;215;255;255m+                   "attrs": undefined,
[38;2;0;95;95m[48;2;215;255;255m+                   "class": undefined,
[38;2;0;95;95m[48;2;215;255;255m+                   "domProps": undefined,
[38;2;0;95;95m[48;2;215;255;255m+                   "functional": undefined,
[38;2;0;95;95m[48;2;215;255;255m+                   "key": undefined,
[38;2;0;95;95m[48;2;215;255;255m+                   "model": undefined,
[38;2;0;95;95m[48;2;215;255;255m+                   "name": "transition",
[38;2;0;95;95m[48;2;215;255;255m+                   "nativeOn": undefined,
[38;2;0;95;95m[48;2;215;255;255m+                   "normalizedStyle": undefined,
[38;2;0;95;95m[48;2;215;255;255m+                   "on": undefined,
[38;2;0;95;95m[48;2;215;255;255m+                   "props": Object {
[38;2;0;95;95m[48;2;215;255;255m+                     "appear": Object {
[38;2;0;95;95m[48;2;215;255;255m+                       "type": [Function],
[38;2;0;95;95m[48;2;215;255;255m+                     },
[38;2;0;95;95m[48;2;215;255;255m+                     "appearActiveClass": Object {
[38;2;0;95;95m[48;2;215;255;255m+                       "type": [Function],
[38;2;0;95;95m[48;2;215;255;255m+                     },
[38;2;0;95;95m[48;2;215;255;255m+                     "appearClass": Object {
[38;2;0;95;95m[48;2;215;255;255m+                       "type": [Function],
[38;2;0;95;95m[48;2;215;255;255m+                     },
[38;2;0;95;95m[48;2;215;255;255m+                     "appearToClass": Object {
[38;2;0;95;95m[48;2;215;255;255m+                       "type": [Function],
[38;2;0;95;95m[48;2;215;255;255m+                     },
[38;2;0;95;95m[48;2;215;255;255m+                     "css": Object {
[38;2;0;95;95m[48;2;215;255;255m+                       "type": [Function],
[38;2;0;95;95m[48;2;215;255;255m+                     },
[38;2;0;95;95m[48;2;215;255;255m+                     "duration": Object {
[38;2;0;95;95m[48;2;215;255;255m+                       "type": Array [
[38;2;0;95;95m[48;2;215;255;255m+                         [Function],
[38;2;0;95;95m[48;2;215;255;255m+                         [Function],
[38;2;0;95;95m[48;2;215;255;255m+                         [Function],
[38;2;0;95;95m[48;2;215;255;255m+                       ],
[38;2;0;95;95m[48;2;215;255;255m+                     },
[38;2;0;95;95m[48;2;215;255;255m+                     "enterActiveClass": Object {
[38;2;0;95;95m[48;2;215;255;255m+                       "type": [Function],
[38;2;0;95;95m[48;2;215;255;255m+                     },
[38;2;0;95;95m[48;2;215;255;255m+                     "enterClass": Object {
[38;2;0;95;95m[48;2;215;255;255m+                       "type": [Function],
[38;2;0;95;95m[48;2;215;255;255m+                     },
[38;2;0;95;95m[48;2;215;255;255m+                     "enterToClass": Object {
[38;2;0;95;95m[48;2;215;255;255m+                       "type": [Function],
[38;2;0;95;95m[48;2;215;255;255m+                     },
[38;2;0;95;95m[48;2;215;255;255m+                     "leaveActiveClass": Object {
[38;2;0;95;95m[48;2;215;255;255m+                       "type": [Function],
[38;2;0;95;95m[48;2;215;255;255m+                     },
[38;2;0;95;95m[48;2;215;255;255m+                     "leaveClass": Object {
[38;2;0;95;95m[48;2;215;255;255m+                       "type": [Function],
[38;2;0;95;95m[48;2;215;255;255m+                     },
[38;2;0;95;95m[48;2;215;255;255m+                     "leaveToClass": Object {
[38;2;0;95;95m[48;2;215;255;255m+                       "type": [Function],
[38;2;0;95;95m[48;2;215;255;255m+                     },
[38;2;0;95;95m[48;2;215;255;255m+                     "mode": Object {
[38;2;0;95;95m[48;2;215;255;255m+                       "type": [Function],
[38;2;0;95;95m[48;2;215;255;255m+                     },
[38;2;0;95;95m[48;2;215;255;255m+                     "name": Object {
[38;2;0;95;95m[48;2;215;255;255m+                       "type": [Function],
[38;2;0;95;95m[48;2;215;255;255m+                     },
[38;2;0;95;95m[48;2;215;255;255m+                     "type": Object {
[38;2;0;95;95m[48;2;215;255;255m+                       "type": [Function],
[38;2;0;95;95m[48;2;215;255;255m+                     },
[38;2;0;95;95m[48;2;215;255;255m+                   },
[38;2;0;95;95m[48;2;215;255;255m+                   "render": [Function],
[38;2;0;95;95m[48;2;215;255;255m+                   "staticClass": undefined,
[38;2;0;95;95m[48;2;215;255;255m+                   "staticStyle": undefined,
[38;2;0;95;95m[48;2;215;255;255m+                   "style": undefined,
[38;2;0;95;95m[48;2;215;255;255m+                 },
[38;2;0;95;95m[48;2;215;255;255m+                 "transition-group": Object {
[38;2;0;95;95m[48;2;215;255;255m+                   "$_doNotStubChildren": true,
[38;2;0;95;95m[48;2;215;255;255m+                   "$_vueTestUtils_original": Object {
[38;2;0;95;95m[48;2;215;255;255m+                     "_Ctor": Object {
[38;2;0;95;95m[48;2;215;255;255m+                       "1404": [Function],
[38;2;0;95;95m[48;2;215;255;255m+                     },
[38;2;0;95;95m[48;2;215;255;255m+                     "beforeMount": [Function],
[38;2;0;95;95m[48;2;215;255;255m+                     "methods": Object {
[38;2;0;95;95m[48;2;215;255;255m+                       "hasMove": [Function],
[38;2;0;95;95m[48;2;215;255;255m+                     },
[38;2;0;95;95m[48;2;215;255;255m+                     "props": Object {
[38;2;0;95;95m[48;2;215;255;255m+                       "appear": Object {
[38;2;0;95;95m[48;2;215;255;255m+                         "type": [Function],
[38;2;0;95;95m[48;2;215;255;255m+                       },
[38;2;0;95;95m[48;2;215;255;255m+                       "appearActiveClass": Object {
[38;2;0;95;95m[48;2;215;255;255m+                         "type": [Function],
[38;2;0;95;95m[48;2;215;255;255m+                       },
[38;2;0;95;95m[48;2;215;255;255m+                       "appearClass": Object {
[38;2;0;95;95m[48;2;215;255;255m+                         "type": [Function],
[38;2;0;95;95m[48;2;215;255;255m+                       },
[38;2;0;95;95m[48;2;215;255;255m+                       "appearToClass": Object {
[38;2;0;95;95m[48;2;215;255;255m+                         "type": [Function],
[38;2;0;95;95m[48;2;215;255;255m+                       },
[38;2;0;95;95m[48;2;215;255;255m+                       "css": Object {
[38;2;0;95;95m[48;2;215;255;255m+                         "type": [Function],
[38;2;0;95;95m[48;2;215;255;255m+                       },
[38;2;0;95;95m[48;2;215;255;255m+                       "duration": Object {
[38;2;0;95;95m[48;2;215;255;255m+                         "type": Array [
[38;2;0;95;95m[48;2;215;255;255m+                           [Function],
[38;2;0;95;95m[48;2;215;255;255m+                           [Function],
[38;2;0;95;95m[48;2;215;255;255m+                           [Function],
[38;2;0;95;95m[48;2;215;255;255m+                         ],
[38;2;0;95;95m[48;2;215;255;255m+                       },
[38;2;0;95;95m[48;2;215;255;255m+                       "enterActiveClass": Object {
[38;2;0;95;95m[48;2;215;255;255m+                         "type": [Function],
[38;2;0;95;95m[48;2;215;255;255m+                       },
[38;2;0;95;95m[48;2;215;255;255m+                       "enterClass": Object {
[38;2;0;95;95m[48;2;215;255;255m+                         "type": [Function],
[38;2;0;95;95m[48;2;215;255;255m+                       },
[38;2;0;95;95m[48;2;215;255;255m+                       "enterToClass": Object {
[38;2;0;95;95m[48;2;215;255;255m+                         "type": [Function],
[38;2;0;95;95m[48;2;215;255;255m+                       },
[38;2;0;95;95m[48;2;215;255;255m+                       "leaveActiveClass": Object {
[38;2;0;95;95m[48;2;215;255;255m+                         "type": [Function],
[38;2;0;95;95m[48;2;215;255;255m+                       },
[38;2;0;95;95m[48;2;215;255;255m+                       "leaveClass": Object {
[38;2;0;95;95m[48;2;215;255;255m+                         "type": [Function],
[38;2;0;95;95m[48;2;215;255;255m+                       },
[38;2;0;95;95m[48;2;215;255;255m+                       "leaveToClass": Object {
[38;2;0;95;95m[48;2;215;255;255m+                         "type": [Function],
[38;2;0;95;95m[48;2;215;255;255m+                       },
[38;2;0;95;95m[48;2;215;255;255m+                       "moveClass": Object {
[38;2;0;95;95m[48;2;215;255;255m+                         "type": [Function],
[38;2;0;95;95m[48;2;215;255;255m+                       },
[38;2;0;95;95m[48;2;215;255;255m+                       "name": Object {
[38;2;0;95;95m[48;2;215;255;255m+                         "type": [Function],
[38;2;0;95;95m[48;2;215;255;255m+                       },
[38;2;0;95;95m[48;2;215;255;255m+                       "tag": Object {
[38;2;0;95;95m[48;2;215;255;255m+                         "type": [Function],
[38;2;0;95;95m[48;2;215;255;255m+                       },
[38;2;0;95;95m[48;2;215;255;255m+                       "type": Object {
[38;2;0;95;95m[48;2;215;255;255m+                         "type": [Function],
[38;2;0;95;95m[48;2;215;255;255m+                       },
[38;2;0;95;95m[48;2;215;255;255m+                     },
[38;2;0;95;95m[48;2;215;255;255m+                     "render": [Function],
[38;2;0;95;95m[48;2;215;255;255m+                     "updated": [Function],
[38;2;0;95;95m[48;2;215;255;255m+                   },
[38;2;0;95;95m[48;2;215;255;255m+                   "abstract": undefined,
[38;2;0;95;95m[48;2;215;255;255m+                   "attrs": undefined,
[38;2;0;95;95m[48;2;215;255;255m+                   "class": undefined,
[38;2;0;95;95m[48;2;215;255;255m+                   "domProps": undefined,
[38;2;0;95;95m[48;2;215;255;255m+                   "functional": undefined,
[38;2;0;95;95m[48;2;215;255;255m+                   "key": undefined,
[38;2;0;95;95m[48;2;215;255;255m+                   "model": undefined,
[38;2;0;95;95m[48;2;215;255;255m+                   "name": undefined,
[38;2;0;95;95m[48;2;215;255;255m+                   "nativeOn": undefined,
[38;2;0;95;95m[48;2;215;255;255m+                   "normalizedStyle": undefined,
[38;2;0;95;95m[48;2;215;255;255m+                   "on": undefined,
[38;2;0;95;95m[48;2;215;255;255m+                   "props": Object {
[38;2;0;95;95m[48;2;215;255;255m+                     "appear": Object {
[38;2;0;95;95m[48;2;215;255;255m+                       "type": [Function],
[38;2;0;95;95m[48;2;215;255;255m+                     },
[38;2;0;95;95m[48;2;215;255;255m+                     "appearActiveClass": Object {
[38;2;0;95;95m[48;2;215;255;255m+                       "type": [Function],
[38;2;0;95;95m[48;2;215;255;255m+                     },
[38;2;0;95;95m[48;2;215;255;255m+                     "appearClass": Object {
[38;2;0;95;95m[48;2;215;255;255m+                       "type": [Function],
[38;2;0;95;95m[48;2;215;255;255m+                     },
[38;2;0;95;95m[48;2;215;255;255m+                     "appearToClass": Object {
[38;2;0;95;95m[48;2;215;255;255m+                       "type": [Function],
[38;2;0;95;95m[48;2;215;255;255m+                     },
[38;2;0;95;95m[48;2;215;255;255m+                     "css": Object {
[38;2;0;95;95m[48;2;215;255;255m+                       "type": [Function],
[38;2;0;95;95m[48;2;215;255;255m+                     },
[38;2;0;95;95m[48;2;215;255;255m+                     "duration": Object {
[38;2;0;95;95m[48;2;215;255;255m+                       "type": Array [
[38;2;0;95;95m[48;2;215;255;255m+                         [Function],
[38;2;0;95;95m[48;2;215;255;255m+                         [Function],
[38;2;0;95;95m[48;2;215;255;255m+                         [Function],
[38;2;0;95;95m[48;2;215;255;255m+                       ],
[38;2;0;95;95m[48;2;215;255;255m+                     },
[38;2;0;95;95m[48;2;215;255;255m+                     "enterActiveClass": Object {
[38;2;0;95;95m[48;2;215;255;255m+                       "type": [Function],
[38;2;0;95;95m[48;2;215;255;255m+                     },
[38;2;0;95;95m[48;2;215;255;255m+                     "enterClass": Object {
[38;2;0;95;95m[48;2;215;255;255m+                       "type": [Function],
[38;2;0;95;95m[48;2;215;255;255m+                     },
[38;2;0;95;95m[48;2;215;255;255m+                     "enterToClass": Object {
[38;2;0;95;95m[48;2;215;255;255m+                       "type": [Function],
[38;2;0;95;95m[48;2;215;255;255m+                     },
[38;2;0;95;95m[48;2;215;255;255m+                     "leaveActiveClass": Object {
[38;2;0;95;95m[48;2;215;255;255m+                       "type": [Function],
[38;2;0;95;95m[48;2;215;255;255m+                     },
[38;2;0;95;95m[48;2;215;255;255m+                     "leaveClass": Object {
[38;2;0;95;95m[48;2;215;255;255m+                       "type": [Function],
[38;2;0;95;95m[48;2;215;255;255m+                     },
[38;2;0;95;95m[48;2;215;255;255m+                     "leaveToClass": Object {
[38;2;0;95;95m[48;2;215;255;255m+                       "type": [Function],
[38;2;0;95;95m[48;2;215;255;255m+                     },
[38;2;0;95;95m[48;2;215;255;255m+                     "moveClass": Object {
[38;2;0;95;95m[48;2;215;255;255m+                       "type": [Function],
[38;2;0;95;95m[48;2;215;255;255m+                     },
[38;2;0;95;95m[48;2;215;255;255m+                     "name": Object {
[38;2;0;95;95m[48;2;215;255;255m+                       "type": [Function],
[38;2;0;95;95m[48;2;215;255;255m+                     },
[38;2;0;95;95m[48;2;215;255;255m+                     "tag": Object {
[38;2;0;95;95m[48;2;215;255;255m+                       "type": [Function],
[38;2;0;95;95m[48;2;215;255;255m+                     },
[38;2;0;95;95m[48;2;215;255;255m+                     "type": Object {
[38;2;0;95;95m[48;2;215;255;255m+                       "type": [Function],
[38;2;0;95;95m[48;2;215;255;255m+                     },
[38;2;0;95;95m[48;2;215;255;255m+                   },
[38;2;0;95;95m[48;2;215;255;255m+                   "render": [Function],
[38;2;0;95;95m[48;2;215;255;255m+                   "staticClass": undefined,
[38;2;0;95;95m[48;2;215;255;255m+                   "staticStyle": undefined,
[38;2;0;95;95m[48;2;215;255;255m+                   "style": undefined,
[38;2;0;95;95m[48;2;215;255;255m+                 },
[38;2;0;95;95m[48;2;215;255;255m+               },
[38;2;0;95;95m[48;2;215;255;255m+               "config": Object {
[38;2;0;95;95m[48;2;215;255;255m+                 "_lifecycleHooks": Array [
[38;2;0;95;95m[48;2;215;255;255m+                   "beforeCreate",
[38;2;0;95;95m[48;2;215;255;255m+                   "created",
[38;2;0;95;95m[48;2;215;255;255m+                   "beforeMount",
[38;2;0;95;95m[48;2;215;255;255m+                   "mounted",
[38;2;0;95;95m[48;2;215;255;255m+                   "beforeUpdate",
[38;2;0;95;95m[48;2;215;255;255m+                   "updated",
[38;2;0;95;95m[48;2;215;255;255m+                   "beforeDestroy",
[38;2;0;95;95m[48;2;215;255;255m+                   "destroyed",
[38;2;0;95;95m[48;2;215;255;255m+                   "activated",
[38;2;0;95;95m[48;2;215;255;255m+                   "deactivated",
[38;2;0;95;95m[48;2;215;255;255m+                   "errorCaptured",
[38;2;0;95;95m[48;2;215;255;255m+                   "serverPrefetch",
[38;2;0;95;95m[48;2;215;255;255m+                 ],
[38;2;0;95;95m[48;2;215;255;255m+                 "async": true,
[38;2;0;95;95m[48;2;215;255;255m+                 "devtools": false,
[38;2;0;95;95m[48;2;215;255;255m+                 "errorHandler": undefined,
[38;2;0;95;95m[48;2;215;255;255m+                 "getTagNamespace": [Function],
[38;2;0;95;95m[48;2;215;255;255m+                 "ignoredElements": Array [],
[38;2;0;95;95m[48;2;215;255;255m+                 "isReservedAttr": [Function],
[38;2;0;95;95m[48;2;215;255;255m+                 "isReservedTag": [Function],
[38;2;0;95;95m[48;2;215;255;255m+                 "isUnknownElement": [Function],
[38;2;0;95;95m[48;2;215;255;255m+                 "keyCodes": Object {},
[38;2;0;95;95m[48;2;215;255;255m+                 "mustUseProp": [Function],
[38;2;0;95;95m[48;2;215;255;255m+                 "optionMergeStrategies": Object {
[38;2;0;95;95m[48;2;215;255;255m+                   "activated": [Function],
[38;2;0;95;95m[48;2;215;255;255m+                   "beforeCreate": [Function],
[38;2;0;95;95m[48;2;215;255;255m+                   "beforeDestroy": [Function],
[38;2;0;95;95m[48;2;215;255;255m+                   "beforeMount": [Function],
[38;2;0;95;95m[48;2;215;255;255m+                   "beforeUpdate": [Function],
[38;2;0;95;95m[48;2;215;255;255m+                   "components": [Function],
[38;2;0;95;95m[48;2;215;255;255m+                   "computed": [Function],
[38;2;0;95;95m[48;2;215;255;255m+                   "created": [Function],
[38;2;0;95;95m[48;2;215;255;255m+                   "data": [Function],
[38;2;0;95;95m[48;2;215;255;255m+                   "deactivated": [Function],
[38;2;0;95;95m[48;2;215;255;255m+                   "destroyed": [Function],
[38;2;0;95;95m[48;2;215;255;255m+                   "directives": [Function],
[38;2;0;95;95m[48;2;215;255;255m+                   "el": [Function],
[38;2;0;95;95m[48;2;215;255;255m+                   "errorCaptured": [Function],
[38;2;0;95;95m[48;2;215;255;255m+                   "filters": [Function],
[38;2;0;95;95m[48;2;215;255;255m+                   "inject": [Function],
[38;2;0;95;95m[48;2;215;255;255m+                   "methods": [Function],
[38;2;0;95;95m[48;2;215;255;255m+                   "mounted": [Function],
[38;2;0;95;95m[48;2;215;255;255m+                   "props": [Function],
[38;2;0;95;95m[48;2;215;255;255m+                   "propsData": [Function],
[38;2;0;95;95m[48;2;215;255;255m+                   "provide": [Function],
[38;2;0;95;95m[48;2;215;255;255m+                   "serverPrefetch": [Function],
[38;2;0;95;95m[48;2;215;255;255m+                   "updated": [Function],
[38;2;0;95;95m[48;2;215;255;255m+                   "watch": [Function],
[38;2;0;95;95m[48;2;215;255;255m+                 },
[38;2;0;95;95m[48;2;215;255;255m+                 "parsePlatformTagName": [Function],
[38;2;0;95;95m[48;2;215;255;255m+                 "performance": false,
[38;2;0;95;95m[48;2;215;255;255m+                 "productionTip": false,
[38;2;0;95;95m[48;2;215;255;255m+                 "silent": false,
[38;2;0;95;95m[48;2;215;255;255m+                 "warnHandler": null,
[38;2;0;95;95m[48;2;215;255;255m+               },
[38;2;0;95;95m[48;2;215;255;255m+               "data": [Function],
[38;2;0;95;95m[48;2;215;255;255m+               "delete": [Function],
[38;2;0;95;95m[48;2;215;255;255m+               "directive": [Function],
[38;2;0;95;95m[48;2;215;255;255m+               "directives": Object {},
[38;2;0;95;95m[48;2;215;255;255m+               "extend": [Function],
[38;2;0;95;95m[48;2;215;255;255m+               "extendOptions": Object {
[38;2;0;95;95m[48;2;215;255;255m+                 "_Ctor": Object {
[38;2;0;95;95m[48;2;215;255;255m+                   "0": [Function],
[38;2;0;95;95m[48;2;215;255;255m+                 },
[38;2;0;95;95m[48;2;215;255;255m+               },
[38;2;0;95;95m[48;2;215;255;255m+               "filter": [Function],
[38;2;0;95;95m[48;2;215;255;255m+               "filters": Object {},
[38;2;0;95;95m[48;2;215;255;255m+               "methods": undefined,
[38;2;0;95;95m[48;2;215;255;255m+               "mixin": [Function],
[38;2;0;95;95m[48;2;215;255;255m+               "mocks": undefined,
[38;2;0;95;95m[48;2;215;255;255m+               "nextTick": [Function],
[38;2;0;95;95m[48;2;215;255;255m+               "observable": [Function],
[38;2;0;95;95m[48;2;215;255;255m+               "options": Object {
[38;2;0;95;95m[48;2;215;255;255m+                 "_Ctor": Object {
[38;2;0;95;95m[48;2;215;255;255m+                   "0": [Function],
[38;2;0;95;95m[48;2;215;255;255m+                 },
[38;2;0;95;95m[48;2;215;255;255m+                 "_base": [Function],
[38;2;0;95;95m[48;2;215;255;255m+                 "beforeCreate": Array [
[38;2;0;95;95m[48;2;215;255;255m+                   [Function],
[38;2;0;95;95m[48;2;215;255;255m+                   [Function],
[38;2;0;95;95m[48;2;215;255;255m+                 ],
[38;2;0;95;95m[48;2;215;255;255m+                 "components": Object {
[38;2;0;95;95m[48;2;215;255;255m+                   "BTooltip": [Function],
[38;2;0;95;95m[48;2;215;255;255m+                 },
[38;2;0;95;95m[48;2;215;255;255m+                 "directives": Object {
[38;2;0;95;95m[48;2;215;255;255m+                   "BHover": Object {
[38;2;0;95;95m[48;2;215;255;255m+                     "bind": [Function],
[38;2;0;95;95m[48;2;215;255;255m+                     "componentUpdated": [Function],
[38;2;0;95;95m[48;2;215;255;255m+                     "unbind": [Function],
[38;2;0;95;95m[48;2;215;255;255m+                   },
[38;2;0;95;95m[48;2;215;255;255m+                   "BModal": Object {
[38;2;0;95;95m[48;2;215;255;255m+                     "componentUpdated": [Function],
[38;2;0;95;95m[48;2;215;255;255m+                     "inserted": [Function],
[38;2;0;95;95m[48;2;215;255;255m+                     "unbind": [Function],
[38;2;0;95;95m[48;2;215;255;255m+                     "updated": [Function],
[38;2;0;95;95m[48;2;215;255;255m+                   },
[38;2;0;95;95m[48;2;215;255;255m+                   "BScrollspy": Object {
[38;2;0;95;95m[48;2;215;255;255m+                     "bind": [Function],
[38;2;0;95;95m[48;2;215;255;255m+                     "componentUpdated": [Function],
[38;2;0;95;95m[48;2;215;255;255m+                     "inserted": [Function],
[38;2;0;95;95m[48;2;215;255;255m+                     "unbind": [Function],
[38;2;0;95;95m[48;2;215;255;255m+                     "update": [Function],
[38;2;0;95;95m[48;2;215;255;255m+                   },
[38;2;0;95;95m[48;2;215;255;255m+                   "BTooltip": Object {
[38;2;0;95;95m[48;2;215;255;255m+                     "bind": [Function],
[38;2;0;95;95m[48;2;215;255;255m+                     "componentUpdated": [Function],
[38;2;0;95;95m[48;2;215;255;255m+                     "unbind": [Function],
[38;2;0;95;95m[48;2;215;255;255m+                   },
[38;2;0;95;95m[48;2;215;255;255m+                   "BVisible": Object {
[38;2;0;95;95m[48;2;215;255;255m+                     "bind": [Function],
[38;2;0;95;95m[48;2;215;255;255m+                     "componentUpdated": [Function],
[38;2;0;95;95m[48;2;215;255;255m+                     "unbind": [Function],
[38;2;0;95;95m[48;2;215;255;255m+                   },
[38;2;0;95;95m[48;2;215;255;255m+                 },
[38;2;0;95;95m[48;2;215;255;255m+                 "filters": Object {},
[38;2;0;95;95m[48;2;215;255;255m+               },
[38;2;0;95;95m[48;2;215;255;255m+               "provide": [Function],
[38;2;0;95;95m[48;2;215;255;255m+               "render": [Function],
[38;2;0;95;95m[48;2;215;255;255m+               "sealedOptions": Object {
[38;2;0;95;95m[48;2;215;255;255m+                 "_Ctor": Object {
[38;2;0;95;95m[48;2;215;255;255m+                   "0": [Function],
[38;2;0;95;95m[48;2;215;255;255m+                 },
[38;2;0;95;95m[48;2;215;255;255m+                 "_base": [Function],
[38;2;0;95;95m[48;2;215;255;255m+                 "components": Object {
[38;2;0;95;95m[48;2;215;255;255m+                   "BAlert": [Function],
[38;2;0;95;95m[48;2;215;255;255m+                   "BAspect": [Function],
[38;2;0;95;95m[48;2;215;255;255m+                   "BAvatar": [Function],
[38;2;0;95;95m[48;2;215;255;255m+                   "BAvatarGroup": [Function],
[38;2;0;95;95m[48;2;215;255;255m+                   "BBadge": [Function],
[38;2;0;95;95m[48;2;215;255;255m+                   "BBreadcrumb": [Function],
[38;2;0;95;95m[48;2;215;255;255m+                   "BBreadcrumbItem": [Function],
[38;2;0;95;95m[48;2;215;255;255m+                   "BBreadcrumbLink": [Function],
[38;2;0;95;95m[48;2;215;255;255m+                   "BBtn": [Function],
[38;2;0;95;95m[48;2;215;255;255m+                   "BBtnClose": [Function],
[38;2;0;95;95m[48;2;215;255;255m+                   "BBtnGroup": [Function],
[38;2;0;95;95m[48;2;215;255;255m+                   "BBtnToolbar": [Function],
[38;2;0;95;95m[48;2;215;255;255m+                   "BButton": [Function],
[38;2;0;95;95m[48;2;215;255;255m+                   "BButtonClose": [Function],
[38;2;0;95;95m[48;2;215;255;255m+                   "BButtonGroup": [Function],
[38;2;0;95;95m[48;2;215;255;255m+                   "BButtonToolbar": [Function],
[38;2;0;95;95m[48;2;215;255;255m+                   "BCalendar": [Function],
[38;2;0;95;95m[48;2;215;255;255m+                   "BCard": [Function],
[38;2;0;95;95m[48;2;215;255;255m+                   "BCardBody": [Function],
[38;2;0;95;95m[48;2;215;255;255m+                   "BCardFooter": [Function],
[38;2;0;95;95m[48;2;215;255;255m+                   "BCardGroup": [Function],
[38;2;0;95;95m[48;2;215;255;255m+                   "BCardHeader": [Function],
[38;2;0;95;95m[48;2;215;255;255m+                   "BCardImg": [Function],
[38;2;0;95;95m[48;2;215;255;255m+                   "BCardImgLazy": [Function],
[38;2;0;95;95m[48;2;215;255;255m+                   "BCardSubTitle": [Function],
[38;2;0;95;95m[48;2;215;255;255m+                   "BCardText": [Function],
[38;2;0;95;95m[48;2;215;255;255m+                   "BCardTitle": [Function],
[38;2;0;95;95m[48;2;215;255;255m+                   "BCarousel": [Function],
[38;2;0;95;95m[48;2;215;255;255m+                   "BCarouselSlide": [Function],
[38;2;0;95;95m[48;2;215;255;255m+                   "BCheck": [Function],
[38;2;0;95;95m[48;2;215;255;255m+                   "BCheckGroup": [Function],
[38;2;0;95;95m[48;2;215;255;255m+                   "BCheckbox": [Function],
[38;2;0;95;95m[48;2;215;255;255m+                   "BCheckboxGroup": [Function],
[38;2;0;95;95m[48;2;215;255;255m+                   "BCol": [Function],
[38;2;0;95;95m[48;2;215;255;255m+                   "BCollapse": [Function],
[38;2;0;95;95m[48;2;215;255;255m+                   "BContainer": [Function],
[38;2;0;95;95m[48;2;215;255;255m+                   "BDatalist": [Function],
[38;2;0;95;95m[48;2;215;255;255m+                   "BDatepicker": [Function],
[38;2;0;95;95m[48;2;215;255;255m+                   "BDd": [Function],
[38;2;0;95;95m[48;2;215;255;255m+                   "BDdDivider": [Function],
[38;2;0;95;95m[48;2;215;255;255m+                   "BDdForm": [Function],
[38;2;0;95;95m[48;2;215;255;255m+                   "BDdGroup": [Function],
[38;2;0;95;95m[48;2;215;255;255m+                   "BDdHeader": [Function],
[38;2;0;95;95m[48;2;215;255;255m+                   "BDdItem": [Function],
[38;2;0;95;95m[48;2;215;255;255m+                   "BDdItemBtn": [Function],
[38;2;0;95;95m[48;2;215;255;255m+                   "BDdItemButton": [Function],
[38;2;0;95;95m[48;2;215;255;255m+                   "BDdText": [Function],
[38;2;0;95;95m[48;2;215;255;255m+                   "BDropdown": [Function],
[38;2;0;95;95m[48;2;215;255;255m+                   "BDropdownDivider": [Function],
[38;2;0;95;95m[48;2;215;255;255m+                   "BDropdownForm": [Function],
[38;2;0;95;95m[48;2;215;255;255m+                   "BDropdownGroup": [Function],
[38;2;0;95;95m[48;2;215;255;255m+                   "BDropdownHeader": [Function],
[38;2;0;95;95m[48;2;215;255;255m+                   "BDropdownItem": [Function],
[38;2;0;95;95m[48;2;215;255;255m+                   "BDropdownItemBtn": [Function],
[38;2;0;95;95m[48;2;215;255;255m+                   "BDropdownItemButton": [Function],
[38;2;0;95;95m[48;2;215;255;255m+                   "BDropdownText": [Function],
[38;2;0;95;95m[48;2;215;255;255m+                   "BEmbed": [Function],
[38;2;0;95;95m[48;2;215;255;255m+                   "BFile": [Function],
[38;2;0;95;95m[48;2;215;255;255m+                   "BForm": [Function],
[38;2;0;95;95m[48;2;215;255;255m+                   "BFormCheckbox": [Function],
[38;2;0;95;95m[48;2;215;255;255m+                   "BFormCheckboxGroup": [Function],
[38;2;0;95;95m[48;2;215;255;255m+                   "BFormDatalist": [Function],
[38;2;0;95;95m[48;2;215;255;255m+                   "BFormDatepicker": [Function],
[38;2;0;95;95m[48;2;215;255;255m+                   "BFormFeedback": [Function],
[38;2;0;95;95m[48;2;215;255;255m+                   "BFormFieldset": [Function],
[38;2;0;95;95m[48;2;215;255;255m+                   "BFormFile": [Function],
[38;2;0;95;95m[48;2;215;255;255m+                   "BFormGroup": [Function],
[38;2;0;95;95m[48;2;215;255;255m+                   "BFormInput": [Function],
[38;2;0;95;95m[48;2;215;255;255m+                   "BFormInvalidFeedback": [Function],
[38;2;0;95;95m[48;2;215;255;255m+                   "BFormRadio": [Function],
[38;2;0;95;95m[48;2;215;255;255m+                   "BFormRadioGroup": [Function],
[38;2;0;95;95m[48;2;215;255;255m+                   "BFormRating": [Function],
[38;2;0;95;95m[48;2;215;255;255m+                   "BFormRow": [Function],
[38;2;0;95;95m[48;2;215;255;255m+                   "BFormSelect": [Function],
[38;2;0;95;95m[48;2;215;255;255m+                   "BFormSelectOption": [Function],
[38;2;0;95;95m[48;2;215;255;255m+                   "BFormSelectOptionGroup": [Function],
[38;2;0;95;95m[48;2;215;255;255m+                   "BFormSpinbutton": [Function],
[38;2;0;95;95m[48;2;215;255;255m+                   "BFormTag": [Function],
[38;2;0;95;95m[48;2;215;255;255m+                   "BFormTags": [Function],
[38;2;0;95;95m[48;2;215;255;255m+                   "BFormText": [Function],
[38;2;0;95;95m[48;2;215;255;255m+                   "BFormTextarea": [Function],
[38;2;0;95;95m[48;2;215;255;255m+                   "BFormTimepicker": [Function],
[38;2;0;95;95m[48;2;215;255;255m+                   "BFormValidFeedback": [Function],
[38;2;0;95;95m[48;2;215;255;255m+                   "BImg": [Function],
[38;2;0;95;95m[48;2;215;255;255m+                   "BImgLazy": [Function],
[38;2;0;95;95m[48;2;215;255;255m+                   "BInput": [Function],
[38;2;0;95;95m[48;2;215;255;255m+                   "BInputGroup": [Function],
[38;2;0;95;95m[48;2;215;255;255m+                   "BInputGroupAddon": [Function],
[38;2;0;95;95m[48;2;215;255;255m+                   "BInputGroupAppend": [Function],
[38;2;0;95;95m[48;2;215;255;255m+                   "BInputGroupPrepend": [Function],
[38;2;0;95;95m[48;2;215;255;255m+                   "BInputGroupText": [Function],
[38;2;0;95;95m[48;2;215;255;255m+                   "BJumbotron": [Function],
[38;2;0;95;95m[48;2;215;255;255m+                   "BLink": [Function],
[38;2;0;95;95m[48;2;215;255;255m+                   "BListGroup": [Function],
[38;2;0;95;95m[48;2;215;255;255m+                   "BListGroupItem": [Function],
[38;2;0;95;95m[48;2;215;255;255m+                   "BMedia": [Function],
[38;2;0;95;95m[48;2;215;255;255m+                   "BMediaAside": [Function],
[38;2;0;95;95m[48;2;215;255;255m+                   "BMediaBody": [Function],
[38;2;0;95;95m[48;2;215;255;255m+                   "BModal": [Function],
[38;2;0;95;95m[48;2;215;255;255m+                   "BRadio": [Function],
[38;2;0;95;95m[48;2;215;255;255m+                   "BRadioGroup": [Function],
[38;2;0;95;95m[48;2;215;255;255m+                   "BRating": [Function],
[38;2;0;95;95m[48;2;215;255;255m+                   "BRow": [Function],
[38;2;0;95;95m[48;2;215;255;255m+                   "BSelect": [Function],
[38;2;0;95;95m[48;2;215;255;255m+                   "BSelectOption": [Function],
[38;2;0;95;95m[48;2;215;255;255m+                   "BSelectOptionGroup": [Function],
[38;2;0;95;95m[48;2;215;255;255m+                   "BSpinbutton": [Function],
[38;2;0;95;95m[48;2;215;255;255m+                   "BTag": [Function],
[38;2;0;95;95m[48;2;215;255;255m+                   "BTags": [Function],
[38;2;0;95;95m[48;2;215;255;255m+                   "BTextarea": [Function],
[38;2;0;95;95m[48;2;215;255;255m+                   "BTimepicker": [Function],
[38;2;0;95;95m[48;2;215;255;255m+                 },
[38;2;0;95;95m[48;2;215;255;255m+                 "directives": Object {
[38;2;0;95;95m[48;2;215;255;255m+                   "BModal": Object {
[38;2;0;95;95m[48;2;215;255;255m+                     "componentUpdated": [Function],
[38;2;0;95;95m[48;2;215;255;255m+                     "inserted": [Function],
[38;2;0;95;95m[48;2;215;255;255m+                     "unbind": [Function],
[38;2;0;95;95m[48;2;215;255;255m+                     "updated": [Function],
[38;2;0;95;95m[48;2;215;255;255m+                   },
[38;2;0;95;95m[48;2;215;255;255m+                   "BToggle": Object {
[38;2;0;95;95m[48;2;215;255;255m+                     "bind": [Function],
[38;2;0;95;95m[48;2;215;255;255m+                     "componentUpdated": [Function],
[38;2;0;95;95m[48;2;215;255;255m+                     "unbind": [Function],
[38;2;0;95;95m[48;2;215;255;255m+                     "updated": [Function],
[38;2;0;95;95m[48;2;215;255;255m+                   },
[38;2;0;95;95m[48;2;215;255;255m+                 },
[38;2;0;95;95m[48;2;215;255;255m+                 "filters": Object {},
[38;2;0;95;95m[48;2;215;255;255m+               },
[38;2;0;95;95m[48;2;215;255;255m+               "set": [Function],
[38;2;0;95;95m[48;2;215;255;255m+               "shouldProxy": true,
[38;2;0;95;95m[48;2;215;255;255m+               "stubs": Object {
[38;2;0;95;95m[48;2;215;255;255m+                 "transition": true,
[38;2;0;95;95m[48;2;215;255;255m+                 "transition-group": true,
[38;2;0;95;95m[48;2;215;255;255m+               },
[38;2;0;95;95m[48;2;215;255;255m+               "super": [Function],
[38;2;0;95;95m[48;2;215;255;255m+               "superOptions": Object {
[38;2;0;95;95m[48;2;215;255;255m+                 "_base": [Function],
[38;2;0;95;95m[48;2;215;255;255m+                 "components": Object {
[38;2;0;95;95m[48;2;215;255;255m+                   "KeepAlive": Object {
[38;2;0;95;95m[48;2;215;255;255m+                     "abstract": true,
[38;2;0;95;95m[48;2;215;255;255m+                     "created": [Function],
[38;2;0;95;95m[48;2;215;255;255m+                     "destroyed": [Function],
[38;2;0;95;95m[48;2;215;255;255m+                     "methods": Object {
[38;2;0;95;95m[48;2;215;255;255m+                       "cacheVNode": [Function],
[38;2;0;95;95m[48;2;215;255;255m+                     },
[38;2;0;95;95m[48;2;215;255;255m+                     "mounted": [Function],
[38;2;0;95;95m[48;2;215;255;255m+                     "name": "keep-alive",
[38;2;0;95;95m[48;2;215;255;255m+                     "props": Object {
[38;2;0;95;95m[48;2;215;255;255m+                       "exclude": Array [
[38;2;0;95;95m[48;2;215;255;255m+                         [Function],
[38;2;0;95;95m[48;2;215;255;255m+                         [Function],
[38;2;0;95;95m[48;2;215;255;255m+                         [Function],
[38;2;0;95;95m[48;2;215;255;255m+                       ],
[38;2;0;95;95m[48;2;215;255;255m+                       "include": Array [
[38;2;0;95;95m[48;2;215;255;255m+                         [Function],
[38;2;0;95;95m[48;2;215;255;255m+                         [Function],
[38;2;0;95;95m[48;2;215;255;255m+                         [Function],
[38;2;0;95;95m[48;2;215;255;255m+                       ],
[38;2;0;95;95m[48;2;215;255;255m+                       "max": Array [
[38;2;0;95;95m[48;2;215;255;255m+                         [Function],
[38;2;0;95;95m[48;2;215;255;255m+                         [Function],
[38;2;0;95;95m[48;2;215;255;255m+                       ],
[38;2;0;95;95m[48;2;215;255;255m+                     },
[38;2;0;95;95m[48;2;215;255;255m+                     "render": [Function],
[38;2;0;95;95m[48;2;215;255;255m+                     "updated": [Function],
[38;2;0;95;95m[48;2;215;255;255m+                   },
[38;2;0;95;95m[48;2;215;255;255m+                   "Transition": Object {
[38;2;0;95;95m[48;2;215;255;255m+                     "_Ctor": Object {
[38;2;0;95;95m[48;2;215;255;255m+                       "1404": [Function],
[38;2;0;95;95m[48;2;215;255;255m+                     },
[38;2;0;95;95m[48;2;215;255;255m+                     "abstract": true,
[38;2;0;95;95m[48;2;215;255;255m+                     "name": "transition",
[38;2;0;95;95m[48;2;215;255;255m+                     "props": Object {
[38;2;0;95;95m[48;2;215;255;255m+                       "appear": Object {
[38;2;0;95;95m[48;2;215;255;255m+                         "type": [Function],
[38;2;0;95;95m[48;2;215;255;255m+                       },
[38;2;0;95;95m[48;2;215;255;255m+                       "appearActiveClass": Object {
[38;2;0;95;95m[48;2;215;255;255m+                         "type": [Function],
[38;2;0;95;95m[48;2;215;255;255m+                       },
[38;2;0;95;95m[48;2;215;255;255m+                       "appearClass": Object {
[38;2;0;95;95m[48;2;215;255;255m+                         "type": [Function],
[38;2;0;95;95m[48;2;215;255;255m+                       },
[38;2;0;95;95m[48;2;215;255;255m+                       "appearToClass": Object {
[38;2;0;95;95m[48;2;215;255;255m+                         "type": [Function],
[38;2;0;95;95m[48;2;215;255;255m+                       },
[38;2;0;95;95m[48;2;215;255;255m+                       "css": Object {
[38;2;0;95;95m[48;2;215;255;255m+                         "type": [Function],
[38;2;0;95;95m[48;2;215;255;255m+                       },
[38;2;0;95;95m[48;2;215;255;255m+                       "duration": Object {
[38;2;0;95;95m[48;2;215;255;255m+                         "type": Array [
[38;2;0;95;95m[48;2;215;255;255m+                           [Function],
[38;2;0;95;95m[48;2;215;255;255m+                           [Function],
[38;2;0;95;95m[48;2;215;255;255m+                           [Function],
[38;2;0;95;95m[48;2;215;255;255m+                         ],
[38;2;0;95;95m[48;2;215;255;255m+                       },
[38;2;0;95;95m[48;2;215;255;255m+                       "enterActiveClass": Object {
[38;2;0;95;95m[48;2;215;255;255m+                         "type": [Function],
[38;2;0;95;95m[48;2;215;255;255m+                       },
[38;2;0;95;95m[48;2;215;255;255m+                       "enterClass": Object {
[38;2;0;95;95m[48;2;215;255;255m+                         "type": [Function],
[38;2;0;95;95m[48;2;215;255;255m+                       },
[38;2;0;95;95m[48;2;215;255;255m+                       "enterToClass": Object {
[38;2;0;95;95m[48;2;215;255;255m+                         "type": [Function],
[38;2;0;95;95m[48;2;215;255;255m+                       },
[38;2;0;95;95m[48;2;215;255;255m+                       "leaveActiveClass": Object {
[38;2;0;95;95m[48;2;215;255;255m+                         "type": [Function],
[38;2;0;95;95m[48;2;215;255;255m+                       },
[38;2;0;95;95m[48;2;215;255;255m+                       "leaveClass": Object {
[38;2;0;95;95m[48;2;215;255;255m+                         "type": [Function],
[38;2;0;95;95m[48;2;215;255;255m+                       },
[38;2;0;95;95m[48;2;215;255;255m+                       "leaveToClass": Object {
[38;2;0;95;95m[48;2;215;255;255m+                         "type": [Function],
[38;2;0;95;95m[48;2;215;255;255m+                       },
[38;2;0;95;95m[48;2;215;255;255m+                       "mode": Object {
[38;2;0;95;95m[48;2;215;255;255m+                         "type": [Function],
[38;2;0;95;95m[48;2;215;255;255m+                       },
[38;2;0;95;95m[48;2;215;255;255m+                       "name": Object {
[38;2;0;95;95m[48;2;215;255;255m+                         "type": [Function],
[38;2;0;95;95m[48;2;215;255;255m+                       },
[38;2;0;95;95m[48;2;215;255;255m+                       "type": Object {
[38;2;0;95;95m[48;2;215;255;255m+                         "type": [Function],
[38;2;0;95;95m[48;2;215;255;255m+                       },
[38;2;0;95;95m[48;2;215;255;255m+                     },
[38;2;0;95;95m[48;2;215;255;255m+                     "render": [Function],
[38;2;0;95;95m[48;2;215;255;255m+                   },
[38;2;0;95;95m[48;2;215;255;255m+                   "TransitionGroup": Object {
[38;2;0;95;95m[48;2;215;255;255m+                     "_Ctor": Object {
[38;2;0;95;95m[48;2;215;255;255m+                       "1404": [Function],
[38;2;0;95;95m[48;2;215;255;255m+                     },
[38;2;0;95;95m[48;2;215;255;255m+                     "beforeMount": [Function],
[38;2;0;95;95m[48;2;215;255;255m+                     "methods": Object {
[38;2;0;95;95m[48;2;215;255;255m+                       "hasMove": [Function],
[38;2;0;95;95m[48;2;215;255;255m+                     },
[38;2;0;95;95m[48;2;215;255;255m+                     "props": Object {
[38;2;0;95;95m[48;2;215;255;255m+                       "appear": Object {
[38;2;0;95;95m[48;2;215;255;255m+                         "type": [Function],
[38;2;0;95;95m[48;2;215;255;255m+                       },
[38;2;0;95;95m[48;2;215;255;255m+                       "appearActiveClass": Object {
[38;2;0;95;95m[48;2;215;255;255m+                         "type": [Function],
[38;2;0;95;95m[48;2;215;255;255m+                       },
[38;2;0;95;95m[48;2;215;255;255m+                       "appearClass": Object {
[38;2;0;95;95m[48;2;215;255;255m+                         "type": [Function],
[38;2;0;95;95m[48;2;215;255;255m+                       },
[38;2;0;95;95m[48;2;215;255;255m+                       "appearToClass": Object {
[38;2;0;95;95m[48;2;215;255;255m+                         "type": [Function],
[38;2;0;95;95m[48;2;215;255;255m+                       },
[38;2;0;95;95m[48;2;215;255;255m+                       "css": Object {
[38;2;0;95;95m[48;2;215;255;255m+                         "type": [Function],
[38;2;0;95;95m[48;2;215;255;255m+                       },
[38;2;0;95;95m[48;2;215;255;255m+                       "duration": Object {
[38;2;0;95;95m[48;2;215;255;255m+                         "type": Array [
[38;2;0;95;95m[48;2;215;255;255m+                           [Function],
[38;2;0;95;95m[48;2;215;255;255m+                           [Function],
[38;2;0;95;95m[48;2;215;255;255m+                           [Function],
[38;2;0;95;95m[48;2;215;255;255m+                         ],
[38;2;0;95;95m[48;2;215;255;255m+                       },
[38;2;0;95;95m[48;2;215;255;255m+                       "enterActiveClass": Object {
[38;2;0;95;95m[48;2;215;255;255m+                         "type": [Function],
[38;2;0;95;95m[48;2;215;255;255m+                       },
[38;2;0;95;95m[48;2;215;255;255m+                       "enterClass": Object {
[38;2;0;95;95m[48;2;215;255;255m+                         "type": [Function],
[38;2;0;95;95m[48;2;215;255;255m+                       },
[38;2;0;95;95m[48;2;215;255;255m+                       "enterToClass": Object {
[38;2;0;95;95m[48;2;215;255;255m+                         "type": [Function],
[38;2;0;95;95m[48;2;215;255;255m+                       },
[38;2;0;95;95m[48;2;215;255;255m+                       "leaveActiveClass": Object {
[38;2;0;95;95m[48;2;215;255;255m+                         "type": [Function],
[38;2;0;95;95m[48;2;215;255;255m+                       },
[38;2;0;95;95m[48;2;215;255;255m+                       "leaveClass": Object {
[38;2;0;95;95m[48;2;215;255;255m+                         "type": [Function],
[38;2;0;95;95m[48;2;215;255;255m+                       },
[38;2;0;95;95m[48;2;215;255;255m+                       "leaveToClass": Object {
[38;2;0;95;95m[48;2;215;255;255m+                         "type": [Function],
[38;2;0;95;95m[48;2;215;255;255m+                       },
[38;2;0;95;95m[48;2;215;255;255m+                       "moveClass": Object {
[38;2;0;95;95m[48;2;215;255;255m+                         "type": [Function],
[38;2;0;95;95m[48;2;215;255;255m+                       },
[38;2;0;95;95m[48;2;215;255;255m+                       "name": Object {
[38;2;0;95;95m[48;2;215;255;255m+                         "type": [Function],
[38;2;0;95;95m[48;2;215;255;255m+                       },
[38;2;0;95;95m[48;2;215;255;255m+                       "tag": Object {
[38;2;0;95;95m[48;2;215;255;255m+                         "type": [Function],
[38;2;0;95;95m[48;2;215;255;255m+                       },
[38;2;0;95;95m[48;2;215;255;255m+                       "type": Object {
[38;2;0;95;95m[48;2;215;255;255m+                         "type": [Function],
[38;2;0;95;95m[48;2;215;255;255m+                       },
[38;2;0;95;95m[48;2;215;255;255m+                     },
[38;2;0;95;95m[48;2;215;255;255m+                     "render": [Function],
[38;2;0;95;95m[48;2;215;255;255m+                     "updated": [Function],
[38;2;0;95;95m[48;2;215;255;255m+                   },
[38;2;0;95;95m[48;2;215;255;255m+                 },
[38;2;0;95;95m[48;2;215;255;255m+                 "directives": Object {
[38;2;0;95;95m[48;2;215;255;255m+                   "model": Object {
[38;2;0;95;95m[48;2;215;255;255m+                     "componentUpdated": [Function],
[38;2;0;95;95m[48;2;215;255;255m+                     "inserted": [Function],
[38;2;0;95;95m[48;2;215;255;255m+                   },
[38;2;0;95;95m[48;2;215;255;255m+                   "show": Object {
[38;2;0;95;95m[48;2;215;255;255m+                     "bind": [Function],
[38;2;0;95;95m[48;2;215;255;255m+                     "unbind": [Function],
[38;2;0;95;95m[48;2;215;255;255m+                     "update": [Function],
[38;2;0;95;95m[48;2;215;255;255m+                   },
[38;2;0;95;95m[48;2;215;255;255m+                 },
[38;2;0;95;95m[48;2;215;255;255m+                 "filters": Object {},
[38;2;0;95;95m[48;2;215;255;255m+               },
[38;2;0;95;95m[48;2;215;255;255m+               "use": [Function],
[38;2;0;95;95m[48;2;215;255;255m+               "util": Object {
[38;2;0;95;95m[48;2;215;255;255m+                 "defineReactive": [Function],
[38;2;0;95;95m[48;2;215;255;255m+                 "extend": [Function],
[38;2;0;95;95m[48;2;215;255;255m+                 "mergeOptions": [Function],
[38;2;0;95;95m[48;2;215;255;255m+                 "warn": [Function],
[38;2;0;95;95m[48;2;215;255;255m+               },
[38;2;0;95;95m[48;2;215;255;255m+               "version": "2.6.14",
[38;2;0;95;95m[48;2;215;255;255m+             },
[38;2;0;95;95m[48;2;215;255;255m+             "$parent": undefined,
[38;2;0;95;95m[48;2;215;255;255m+             "$refs": Object {},
[38;2;0;95;95m[48;2;215;255;255m+             "$root": [Circular],
[38;2;0;95;95m[48;2;215;255;255m+             "$scopedSlots": Object {},
[38;2;0;95;95m[48;2;215;255;255m+             "$slots": Object {},
[38;2;0;95;95m[48;2;215;255;255m+             "$vnode": undefined,
[38;2;0;95;95m[48;2;215;255;255m+             "__emitted": Object {},
[38;2;0;95;95m[48;2;215;255;255m+             "__emittedByOrder": Array [],
[38;2;0;95;95m[48;2;215;255;255m+             "_c": [Function],
[38;2;0;95;95m[48;2;215;255;255m+             "_data": Object {
[38;2;0;95;95m[48;2;215;255;255m+               "vueTestUtils_childProps": Object {},
[38;2;0;95;95m[48;2;215;255;255m+             },
[38;2;0;95;95m[48;2;215;255;255m+             "_directInactive": false,
[38;2;0;95;95m[48;2;215;255;255m+             "_events": Object {},
[38;2;0;95;95m[48;2;215;255;255m+             "_hasHookEvent": false,
[38;2;0;95;95m[48;2;215;255;255m+             "_inactive": null,
[38;2;0;95;95m[48;2;215;255;255m+             "_isBeingDestroyed": false,
[38;2;0;95;95m[48;2;215;255;255m+             "_isDestroyed": false,
[38;2;0;95;95m[48;2;215;255;255m+             "_isMounted": true,
[38;2;0;95;95m[48;2;215;255;255m+             "_isVue": true,
[38;2;0;95;95m[48;2;215;255;255m+             "_provided": Object {},
[38;2;0;95;95m[48;2;215;255;255m+             "_renderProxy": [Circular],
[38;2;0;95;95m[48;2;215;255;255m+             "_self": [Circular],
[38;2;0;95;95m[48;2;215;255;255m+             "_staticTrees": null,
[38;2;0;95;95m[48;2;215;255;255m+             "_uid": 2,
[38;2;0;95;95m[48;2;215;255;255m+             "_vnode": [Circular],
[38;2;0;95;95m[48;2;215;255;255m+             "_watcher": Watcher {
[38;2;0;95;95m[48;2;215;255;255m+               "active": true,
[38;2;0;95;95m[48;2;215;255;255m+               "before": [Function],
[38;2;0;95;95m[48;2;215;255;255m+               "cb": [Function],
[38;2;0;95;95m[48;2;215;255;255m+               "deep": false,
[38;2;0;95;95m[48;2;215;255;255m+               "depIds": Set {
[38;2;0;95;95m[48;2;215;255;255m+                 21,
[38;2;0;95;95m[48;2;215;255;255m+                 22,
[38;2;0;95;95m[48;2;215;255;255m+               },
[38;2;0;95;95m[48;2;215;255;255m+               "deps": Array [
[38;2;0;95;95m[48;2;215;255;255m+                 Dep {
[38;2;0;95;95m[48;2;215;255;255m+                   "id": 21,
[38;2;0;95;95m[48;2;215;255;255m+                   "subs": Array [
[38;2;0;95;95m[48;2;215;255;255m+                     [Circular],
[38;2;0;95;95m[48;2;215;255;255m+                   ],
[38;2;0;95;95m[48;2;215;255;255m+                 },
[38;2;0;95;95m[48;2;215;255;255m+                 Dep {
[38;2;0;95;95m[48;2;215;255;255m+                   "id": 22,
[38;2;0;95;95m[48;2;215;255;255m+                   "subs": Array [
[38;2;0;95;95m[48;2;215;255;255m+                     [Circular],
[38;2;0;95;95m[48;2;215;255;255m+                   ],
[38;2;0;95;95m[48;2;215;255;255m+                 },
[38;2;0;95;95m[48;2;215;255;255m+               ],
[38;2;0;95;95m[48;2;215;255;255m+               "dirty": false,
[38;2;0;95;95m[48;2;215;255;255m+               "expression": "function () {
[38;2;0;95;95m[48;2;215;255;255m+       vm._update(vm._render(), hydrating);
[38;2;0;95;95m[48;2;215;255;255m+     }",
[38;2;0;95;95m[48;2;215;255;255m+               "getter": [Function],
[38;2;0;95;95m[48;2;215;255;255m+               "id": 5,
[38;2;0;95;95m[48;2;215;255;255m+               "lazy": false,
[38;2;0;95;95m[48;2;215;255;255m+               "newDepIds": Set {},
[38;2;0;95;95m[48;2;215;255;255m+               "newDeps": Array [],
[38;2;0;95;95m[48;2;215;255;255m+               "sync": false,
[38;2;0;95;95m[48;2;215;255;255m+               "user": false,
[38;2;0;95;95m[48;2;215;255;255m+               "value": undefined,
[38;2;0;95;95m[48;2;215;255;255m+               "vm": [Circular],
[38;2;0;95;95m[48;2;215;255;255m+             },
[38;2;0;95;95m[48;2;215;255;255m+             "_watchers": Array [
[38;2;0;95;95m[48;2;215;255;255m+               Watcher {
[38;2;0;95;95m[48;2;215;255;255m+                 "active": true,
[38;2;0;95;95m[48;2;215;255;255m+                 "before": [Function],
[38;2;0;95;95m[48;2;215;255;255m+                 "cb": [Function],
[38;2;0;95;95m[48;2;215;255;255m+                 "deep": false,
[38;2;0;95;95m[48;2;215;255;255m+                 "depIds": Set {
[38;2;0;95;95m[48;2;215;255;255m+                   21,
[38;2;0;95;95m[48;2;215;255;255m+                   22,
[38;2;0;95;95m[48;2;215;255;255m+                 },
[38;2;0;95;95m[48;2;215;255;255m+                 "deps": Array [
[38;2;0;95;95m[48;2;215;255;255m+                   Dep {
[38;2;0;95;95m[48;2;215;255;255m+                     "id": 21,
[38;2;0;95;95m[48;2;215;255;255m+                     "subs": Array [
[38;2;0;95;95m[48;2;215;255;255m+                       [Circular],
[38;2;0;95;95m[48;2;215;255;255m+                     ],
[38;2;0;95;95m[48;2;215;255;255m+                   },
[38;2;0;95;95m[48;2;215;255;255m+                   Dep {
[38;2;0;95;95m[48;2;215;255;255m+                     "id": 22,
[38;2;0;95;95m[48;2;215;255;255m+                     "subs": Array [
[38;2;0;95;95m[48;2;215;255;255m+                       [Circular],
[38;2;0;95;95m[48;2;215;255;255m+                     ],
[38;2;0;95;95m[48;2;215;255;255m+                   },
[38;2;0;95;95m[48;2;215;255;255m+                 ],
[38;2;0;95;95m[48;2;215;255;255m+                 "dirty": false,
[38;2;0;95;95m[48;2;215;255;255m+                 "expression": "function () {
[38;2;0;95;95m[48;2;215;255;255m+       vm._update(vm._render(), hydrating);
[38;2;0;95;95m[48;2;215;255;255m+     }",
[38;2;0;95;95m[48;2;215;255;255m+                 "getter": [Function],
[38;2;0;95;95m[48;2;215;255;255m+                 "id": 5,
[38;2;0;95;95m[48;2;215;255;255m+                 "lazy": false,
[38;2;0;95;95m[48;2;215;255;255m+                 "newDepIds": Set {},
[38;2;0;95;95m[48;2;215;255;255m+                 "newDeps": Array [],
[38;2;0;95;95m[48;2;215;255;255m+                 "sync": false,
[38;2;0;95;95m[48;2;215;255;255m+                 "user": false,
[38;2;0;95;95m[48;2;215;255;255m+                 "value": undefined,
[38;2;0;95;95m[48;2;215;255;255m+                 "vm": [Circular],
[38;2;0;95;95m[48;2;215;255;255m+               },
[38;2;0;95;95m[48;2;215;255;255m+             ],
[38;2;0;95;95m[48;2;215;255;255m+             "vueTestUtils_childProps": Object {},
[38;2;0;95;95m[48;2;215;255;255m+           },
[38;2;0;95;95m[48;2;215;255;255m+           "_self": [Circular],
[38;2;0;95;95m[48;2;215;255;255m+           "_staticTrees": null,
[38;2;0;95;95m[48;2;215;255;255m+           "_uid": 2,
[38;2;0;95;95m[48;2;215;255;255m+           "_vnode": [Circular],
[38;2;0;95;95m[48;2;215;255;255m+           "_watcher": Watcher {
[38;2;0;95;95m[48;2;215;255;255m+             "active": true,
[38;2;0;95;95m[48;2;215;255;255m+             "before": [Function],
[38;2;0;95;95m[48;2;215;255;255m+             "cb": [Function],
[38;2;0;95;95m[48;2;215;255;255m+             "deep": false,
[38;2;0;95;95m[48;2;215;255;255m+             "depIds": Set {
[38;2;0;95;95m[48;2;215;255;255m+               21,
[38;2;0;95;95m[48;2;215;255;255m+               22,
[38;2;0;95;95m[48;2;215;255;255m+             },
[38;2;0;95;95m[48;2;215;255;255m+             "deps": Array [
[38;2;0;95;95m[48;2;215;255;255m+               Dep {
[38;2;0;95;95m[48;2;215;255;255m+                 "id": 21,
[38;2;0;95;95m[48;2;215;255;255m+                 "subs": Array [
[38;2;0;95;95m[48;2;215;255;255m+                   [Circular],
[38;2;0;95;95m[48;2;215;255;255m+                 ],
[38;2;0;95;95m[48;2;215;255;255m+               },
[38;2;0;95;95m[48;2;215;255;255m+               Dep {
[38;2;0;95;95m[48;2;215;255;255m+                 "id": 22,
[38;2;0;95;95m[48;2;215;255;255m+                 "subs": Array [
[38;2;0;95;95m[48;2;215;255;255m+                   [Circular],
[38;2;0;95;95m[48;2;215;255;255m+                 ],
[38;2;0;95;95m[48;2;215;255;255m+               },
[38;2;0;95;95m[48;2;215;255;255m+             ],
[38;2;0;95;95m[48;2;215;255;255m+             "dirty": false,
[38;2;0;95;95m[48;2;215;255;255m+             "expression": "function () {
[38;2;0;95;95m[48;2;215;255;255m+       vm._update(vm._render(), hydrating);
[38;2;0;95;95m[48;2;215;255;255m+     }",
[38;2;0;95;95m[48;2;215;255;255m+             "getter": [Function],
[38;2;0;95;95m[48;2;215;255;255m+             "id": 5,
[38;2;0;95;95m[48;2;215;255;255m+             "lazy": false,
[38;2;0;95;95m[48;2;215;255;255m+             "newDepIds": Set {},
[38;2;0;95;95m[48;2;215;255;255m+             "newDeps": Array [],
[38;2;0;95;95m[48;2;215;255;255m+             "sync": false,
[38;2;0;95;95m[48;2;215;255;255m+             "user": false,
[38;2;0;95;95m[48;2;215;255;255m+             "value": undefined,
[38;2;0;95;95m[48;2;215;255;255m+             "vm": [Circular],
[38;2;0;95;95m[48;2;215;255;255m+           },
[38;2;0;95;95m[48;2;215;255;255m+           "_watchers": Array [
[38;2;0;95;95m[48;2;215;255;255m+             Watcher {
[38;2;0;95;95m[48;2;215;255;255m+               "active": true,
[38;2;0;95;95m[48;2;215;255;255m+               "before": [Function],
[38;2;0;95;95m[48;2;215;255;255m+               "cb": [Function],
[38;2;0;95;95m[48;2;215;255;255m+               "deep": false,
[38;2;0;95;95m[48;2;215;255;255m+               "depIds": Set {
[38;2;0;95;95m[48;2;215;255;255m+                 21,
[38;2;0;95;95m[48;2;215;255;255m+                 22,
[38;2;0;95;95m[48;2;215;255;255m+               },
[38;2;0;95;95m[48;2;215;255;255m+               "deps": Array [
[38;2;0;95;95m[48;2;215;255;255m+                 Dep {
[38;2;0;95;95m[48;2;215;255;255m+                   "id": 21,
[38;2;0;95;95m[48;2;215;255;255m+                   "subs": Array [
[38;2;0;95;95m[48;2;215;255;255m+                     [Circular],
[38;2;0;95;95m[48;2;215;255;255m+                   ],
[38;2;0;95;95m[48;2;215;255;255m+                 },
[38;2;0;95;95m[48;2;215;255;255m+                 Dep {
[38;2;0;95;95m[48;2;215;255;255m+                   "id": 22,
[38;2;0;95;95m[48;2;215;255;255m+                   "subs": Array [
[38;2;0;95;95m[48;2;215;255;255m+                     [Circular],
[38;2;0;95;95m[48;2;215;255;255m+                   ],
[38;2;0;95;95m[48;2;215;255;255m+                 },
[38;2;0;95;95m[48;2;215;255;255m+               ],
[38;2;0;95;95m[48;2;215;255;255m+               "dirty": false,
[38;2;0;95;95m[48;2;215;255;255m+               "expression": "function () {
[38;2;0;95;95m[48;2;215;255;255m+       vm._update(vm._render(), hydrating);
[38;2;0;95;95m[48;2;215;255;255m+     }",
[38;2;0;95;95m[48;2;215;255;255m+               "getter": [Function],
[38;2;0;95;95m[48;2;215;255;255m+               "id": 5,
[38;2;0;95;95m[48;2;215;255;255m+               "lazy": false,
[38;2;0;95;95m[48;2;215;255;255m+               "newDepIds": Set {},
[38;2;0;95;95m[48;2;215;255;255m+               "newDeps": Array [],
[38;2;0;95;95m[48;2;215;255;255m+               "sync": false,
[38;2;0;95;95m[48;2;215;255;255m+               "user": false,
[38;2;0;95;95m[48;2;215;255;255m+               "value": undefined,
[38;2;0;95;95m[48;2;215;255;255m+               "vm": [Circular],
[38;2;0;95;95m[48;2;215;255;255m+             },
[38;2;0;95;95m[48;2;215;255;255m+           ],
[38;2;0;95;95m[48;2;215;255;255m+           "vueTestUtils_childProps": Object {},
[38;2;0;95;95m[48;2;215;255;255m+         },
[38;2;0;95;95m[48;2;215;255;255m+         "data": Object {
[38;2;0;95;95m[48;2;215;255;255m+           "attrs": Object {},
[38;2;0;95;95m[48;2;215;255;255m+           "hook": Object {
[38;2;0;95;95m[48;2;215;255;255m+             "destroy": [Function],
[38;2;0;95;95m[48;2;215;255;255m+             "init": [Function],
[38;2;0;95;95m[48;2;215;255;255m+             "insert": [Function],
[38;2;0;95;95m[48;2;215;255;255m+             "prepatch": [Function],
[38;2;0;95;95m[48;2;215;255;255m+           },
[38;2;0;95;95m[48;2;215;255;255m+           "on": undefined,
[38;2;0;95;95m[48;2;215;255;255m+           "pendingInsert": null,
[38;2;0;95;95m[48;2;215;255;255m+           "scopedSlots": Object {
[38;2;0;95;95m[48;2;215;255;255m+             "_normalized": Object {},
[38;2;0;95;95m[48;2;215;255;255m+           },
[38;2;0;95;95m[48;2;215;255;255m+         },
[38;2;0;95;95m[48;2;215;255;255m+         "elm": <div>
[38;2;0;95;95m[48;2;215;255;255m+           <b-dropdown
[38;2;0;95;95m[48;2;215;255;255m+             no-caret=""
[38;2;0;95;95m[48;2;215;255;255m+             right=""
[38;2;0;95;95m[48;2;215;255;255m+             size="lg"
[38;2;0;95;95m[48;2;215;255;255m+             variant="link"
[38;2;0;95;95m[48;2;215;255;255m+           >
[38;2;0;95;95m[48;2;215;255;255m+              
[38;2;0;95;95m[48;2;215;255;255m+             <b-dropdown-item>
[38;2;0;95;95m[48;2;215;255;255m+               <b-icon
[38;2;0;95;95m[48;2;215;255;255m+                 icon="door-open"
[38;2;0;95;95m[48;2;215;255;255m+               />
[38;2;0;95;95m[48;2;215;255;255m+               
[38;2;0;95;95m[48;2;215;255;255m+       回到主页
[38;2;0;95;95m[48;2;215;255;255m+     
[38;2;0;95;95m[48;2;215;255;255m+             </b-dropdown-item>
[38;2;0;95;95m[48;2;215;255;255m+              
[38;2;0;95;95m[48;2;215;255;255m+             <b-dropdown-item>
[38;2;0;95;95m[48;2;215;255;255m+               <b-icon
[38;2;0;95;95m[48;2;215;255;255m+                 icon="cursor-fill"
[38;2;0;95;95m[48;2;215;255;255m+               />
[38;2;0;95;95m[48;2;215;255;255m+               
[38;2;0;95;95m[48;2;215;255;255m+       注销用户
[38;2;0;95;95m[48;2;215;255;255m+     
[38;2;0;95;95m[48;2;215;255;255m+             </b-dropdown-item>
[38;2;0;95;95m[48;2;215;255;255m+           </b-dropdown>
[38;2;0;95;95m[48;2;215;255;255m+         </div>,
[38;2;0;95;95m[48;2;215;255;255m+         "fnContext": undefined,
[38;2;0;95;95m[48;2;215;255;255m+         "fnOptions": undefined,
[38;2;0;95;95m[48;2;215;255;255m+         "fnScopeId": undefined,
[38;2;0;95;95m[48;2;215;255;255m+         "isAsyncPlaceholder": false,
[38;2;0;95;95m[48;2;215;255;255m+         "isCloned": false,
[38;2;0;95;95m[48;2;215;255;255m+         "isComment": false,
[38;2;0;95;95m[48;2;215;255;255m+         "isOnce": false,
[38;2;0;95;95m[48;2;215;255;255m+         "isRootInsert": true,
[38;2;0;95;95m[48;2;215;255;255m+         "isStatic": false,
[38;2;0;95;95m[48;2;215;255;255m+         "key": undefined,
[38;2;0;95;95m[48;2;215;255;255m+         "ns": undefined,
[38;2;0;95;95m[48;2;215;255;255m+         "parent": undefined,
[38;2;0;95;95m[48;2;215;255;255m+         "raw": false,
[38;2;0;95;95m[48;2;215;255;255m+         "tag": "vue-component-1408-UserLogo",
[38;2;0;95;95m[48;2;215;255;255m+         "text": undefined,
[38;2;0;95;95m[48;2;215;255;255m+       },
[38;2;0;95;95m[48;2;215;255;255m+       "raw": false,
[38;2;0;95;95m[48;2;215;255;255m+       "tag": "div",
[38;2;0;95;95m[48;2;215;255;255m+       "text": undefined,
[38;2;0;95;95m[48;2;215;255;255m+     },
[38;2;0;95;95m[48;2;215;255;255m+     "_watcher": Watcher {
[38;2;0;95;95m[48;2;215;255;255m+       "active": true,
[38;2;0;95;95m[48;2;215;255;255m+       "before": [Function],
[38;2;0;95;95m[48;2;215;255;255m+       "cb": [Function],
[38;2;0;95;95m[48;2;215;255;255m+       "deep": false,
[38;2;0;95;95m[48;2;215;255;255m+       "depIds": Set {},
[38;2;0;95;95m[48;2;215;255;255m+       "deps": Array [],
[38;2;0;95;95m[48;2;215;255;255m+       "dirty": false,
[38;2;0;95;95m[48;2;215;255;255m+       "expression": "function () {
[38;2;0;95;95m[48;2;215;255;255m+       vm._update(vm._render(), hydrating);
[38;2;0;95;95m[48;2;215;255;255m+     }",
[38;2;0;95;95m[48;2;215;255;255m+       "getter": [Function],
[38;2;0;95;95m[48;2;215;255;255m+       "id": 6,
[38;2;0;95;95m[48;2;215;255;255m+       "lazy": false,
[38;2;0;95;95m[48;2;215;255;255m+       "newDepIds": Set {},
[38;2;0;95;95m[48;2;215;255;255m+       "newDeps": Array [],
[38;2;0;95;95m[48;2;215;255;255m+       "sync": false,
[38;2;0;95;95m[48;2;215;255;255m+       "user": false,
[38;2;0;95;95m[48;2;215;255;255m+       "value": undefined,
[38;2;0;95;95m[48;2;215;255;255m+       "vm": [Circular],
[38;2;0;95;95m[48;2;215;255;255m+     },
[38;2;0;95;95m[48;2;215;255;255m+     "_watchers": Array [
[38;2;0;95;95m[48;2;215;255;255m+       Watcher {
[38;2;0;95;95m[48;2;215;255;255m+         "active": true,
[38;2;0;95;95m[48;2;215;255;255m+         "before": [Function],
[38;2;0;95;95m[48;2;215;255;255m+         "cb": [Function],
[38;2;0;95;95m[48;2;215;255;255m+         "deep": false,
[38;2;0;95;95m[48;2;215;255;255m+         "depIds": Set {},
[38;2;0;95;95m[48;2;215;255;255m+         "deps": Array [],
[38;2;0;95;95m[48;2;215;255;255m+         "dirty": false,
[38;2;0;95;95m[48;2;215;255;255m+         "expression": "function () {
[38;2;0;95;95m[48;2;215;255;255m+       vm._update(vm._render(), hydrating);
[38;2;0;95;95m[48;2;215;255;255m+     }",
[38;2;0;95;95m[48;2;215;255;255m+         "getter": [Function],
[38;2;0;95;95m[48;2;215;255;255m+         "id": 6,
[38;2;0;95;95m[48;2;215;255;255m+         "lazy": false,
[38;2;0;95;95m[48;2;215;255;255m+         "newDepIds": Set {},
[38;2;0;95;95m[48;2;215;255;255m+         "newDeps": Array [],
[38;2;0;95;95m[48;2;215;255;255m+         "sync": false,
[38;2;0;95;95m[48;2;215;255;255m+         "user": false,
[38;2;0;95;95m[48;2;215;255;255m+         "value": undefined,
[38;2;0;95;95m[48;2;215;255;255m+         "vm": [Circular],
[38;2;0;95;95m[48;2;215;255;255m+       },
[38;2;0;95;95m[48;2;215;255;255m+     ],
[38;2;0;95;95m[48;2;215;255;255m+   },
[38;2;0;95;95m[48;2;215;255;255m+   "_self": [Circular],
[38;2;0;95;95m[48;2;215;255;255m+   "_staticTrees": null,
[38;2;0;95;95m[48;2;215;255;255m+   "_uid": 3,
[38;2;0;95;95m[48;2;215;255;255m+   "_vnode": VNode {
[38;2;0;95;95m[48;2;215;255;255m+     "asyncFactory": undefined,
[38;2;0;95;95m[48;2;215;255;255m+     "asyncMeta": undefined,
[38;2;0;95;95m[48;2;215;255;255m+     "children": Array [
[38;2;0;95;95m[48;2;215;255;255m+       VNode {
[38;2;0;95;95m[48;2;215;255;255m+         "asyncFactory": undefined,
[38;2;0;95;95m[48;2;215;255;255m+         "asyncMeta": undefined,
[38;2;0;95;95m[48;2;215;255;255m+         "children": Array [
[38;2;0;95;95m[48;2;215;255;255m+           VNode {
[38;2;0;95;95m[48;2;215;255;255m+             "asyncFactory": undefined,
[38;2;0;95;95m[48;2;215;255;255m+             "asyncMeta": undefined,
[38;2;0;95;95m[48;2;215;255;255m+             "children": undefined,
[38;2;0;95;95m[48;2;215;255;255m+             "componentInstance": undefined,
[38;2;0;95;95m[48;2;215;255;255m+             "componentOptions": undefined,
[38;2;0;95;95m[48;2;215;255;255m+             "context": undefined,
[38;2;0;95;95m[48;2;215;255;255m+             "data": undefined,
[38;2;0;95;95m[48;2;215;255;255m+             "elm":  ,
[38;2;0;95;95m[48;2;215;255;255m+             "fnContext": undefined,
[38;2;0;95;95m[48;2;215;255;255m+             "fnOptions": undefined,
[38;2;0;95;95m[48;2;215;255;255m+             "fnScopeId": undefined,
[38;2;0;95;95m[48;2;215;255;255m+             "isAsyncPlaceholder": false,
[38;2;0;95;95m[48;2;215;255;255m+             "isCloned": false,
[38;2;0;95;95m[48;2;215;255;255m+             "isComment": false,
[38;2;0;95;95m[48;2;215;255;255m+             "isOnce": false,
[38;2;0;95;95m[48;2;215;255;255m+             "isRootInsert": false,
[38;2;0;95;95m[48;2;215;255;255m+             "isStatic": false,
[38;2;0;95;95m[48;2;215;255;255m+             "key": undefined,
[38;2;0;95;95m[48;2;215;255;255m+             "ns": undefined,
[38;2;0;95;95m[48;2;215;255;255m+             "parent": undefined,
[38;2;0;95;95m[48;2;215;255;255m+             "raw": false,
[38;2;0;95;95m[48;2;215;255;255m+             "tag": undefined,
[38;2;0;95;95m[48;2;215;255;255m+             "text": " ",
[38;2;0;95;95m[48;2;215;255;255m+           },
[38;2;0;95;95m[48;2;215;255;255m+           VNode {
[38;2;0;95;95m[48;2;215;255;255m+             "asyncFactory": undefined,
[38;2;0;95;95m[48;2;215;255;255m+             "asyncMeta": undefined,
[38;2;0;95;95m[48;2;215;255;255m+             "children": Array [
[38;2;0;95;95m[48;2;215;255;255m+               VNode {
[38;2;0;95;95m[48;2;215;255;255m+                 "asyncFactory": undefined,
[38;2;0;95;95m[48;2;215;255;255m+                 "asyncMeta": undefined,
[38;2;0;95;95m[48;2;215;255;255m+                 "children": undefined,
[38;2;0;95;95m[48;2;215;255;255m+                 "componentInstance": undefined,
[38;2;0;95;95m[48;2;215;255;255m+                 "componentOptions": undefined,
[38;2;0;95;95m[48;2;215;255;255m+                 "context": [Circular],
[38;2;0;95;95m[48;2;215;255;255m+                 "data": Object {
[38;2;0;95;95m[48;2;215;255;255m+                   "attrs": Object {
[38;2;0;95;95m[48;2;215;255;255m+                     "icon": "door-open",
[38;2;0;95;95m[48;2;215;255;255m+                   },
[38;2;0;95;95m[48;2;215;255;255m+                 },
[38;2;0;95;95m[48;2;215;255;255m+                 "elm": <b-icon
[38;2;0;95;95m[48;2;215;255;255m+                   icon="door-open"
[38;2;0;95;95m[48;2;215;255;255m+                 />,
[38;2;0;95;95m[48;2;215;255;255m+                 "fnContext": undefined,
[38;2;0;95;95m[48;2;215;255;255m+                 "fnOptions": undefined,
[38;2;0;95;95m[48;2;215;255;255m+                 "fnScopeId": undefined,
[38;2;0;95;95m[48;2;215;255;255m+                 "isAsyncPlaceholder": false,
[38;2;0;95;95m[48;2;215;255;255m+                 "isCloned": false,
[38;2;0;95;95m[48;2;215;255;255m+                 "isComment": false,
[38;2;0;95;95m[48;2;215;255;255m+                 "isOnce": false,
[38;2;0;95;95m[48;2;215;255;255m+                 "isRootInsert": false,
[38;2;0;95;95m[48;2;215;255;255m+                 "isStatic": false,
[38;2;0;95;95m[48;2;215;255;255m+                 "key": undefined,
[38;2;0;95;95m[48;2;215;255;255m+                 "ns": undefined,
[38;2;0;95;95m[48;2;215;255;255m+                 "parent": undefined,
[38;2;0;95;95m[48;2;215;255;255m+                 "raw": false,
[38;2;0;95;95m[48;2;215;255;255m+                 "tag": "b-icon",
[38;2;0;95;95m[48;2;215;255;255m+                 "text": undefined,
[38;2;0;95;95m[48;2;215;255;255m+               },
[38;2;0;95;95m[48;2;215;255;255m+               VNode {
[38;2;0;95;95m[48;2;215;255;255m+                 "asyncFactory": undefined,
[38;2;0;95;95m[48;2;215;255;255m+                 "asyncMeta": undefined,
[38;2;0;95;95m[48;2;215;255;255m+                 "children": undefined,
[38;2;0;95;95m[48;2;215;255;255m+                 "componentInstance": undefined,
[38;2;0;95;95m[48;2;215;255;255m+                 "componentOptions": undefined,
[38;2;0;95;95m[48;2;215;255;255m+                 "context": undefined,
[38;2;0;95;95m[48;2;215;255;255m+                 "data": undefined,
[38;2;0;95;95m[48;2;215;255;255m+                 "elm": 
[38;2;0;95;95m[48;2;215;255;255m+       回到主页
[38;2;0;95;95m[48;2;215;255;255m+     ,
[38;2;0;95;95m[48;2;215;255;255m+                 "fnContext": undefined,
[38;2;0;95;95m[48;2;215;255;255m+                 "fnOptions": undefined,
[38;2;0;95;95m[48;2;215;255;255m+                 "fnScopeId": undefined,
[38;2;0;95;95m[48;2;215;255;255m+                 "isAsyncPlaceholder": false,
[38;2;0;95;95m[48;2;215;255;255m+                 "isCloned": false,
[38;2;0;95;95m[48;2;215;255;255m+                 "isComment": false,
[38;2;0;95;95m[48;2;215;255;255m+                 "isOnce": false,
[38;2;0;95;95m[48;2;215;255;255m+                 "isRootInsert": false,
[38;2;0;95;95m[48;2;215;255;255m+                 "isStatic": false,
[38;2;0;95;95m[48;2;215;255;255m+                 "key": undefined,
[38;2;0;95;95m[48;2;215;255;255m+                 "ns": undefined,
[38;2;0;95;95m[48;2;215;255;255m+                 "parent": undefined,
[38;2;0;95;95m[48;2;215;255;255m+                 "raw": false,
[38;2;0;95;95m[48;2;215;255;255m+                 "tag": undefined,
[38;2;0;95;95m[48;2;215;255;255m+                 "text": "
[38;2;0;95;95m[48;2;215;255;255m+       回到主页
[38;2;0;95;95m[48;2;215;255;255m+     ",
[38;2;0;95;95m[48;2;215;255;255m+               },
[38;2;0;95;95m[48;2;215;255;255m+             ],
[38;2;0;95;95m[48;2;215;255;255m+             "componentInstance": undefined,
[38;2;0;95;95m[48;2;215;255;255m+             "componentOptions": undefined,
[38;2;0;95;95m[48;2;215;255;255m+             "context": [Circular],
[38;2;0;95;95m[48;2;215;255;255m+             "data": undefined,
[38;2;0;95;95m[48;2;215;255;255m+             "elm": <b-dropdown-item>
[38;2;0;95;95m[48;2;215;255;255m+               <b-icon
[38;2;0;95;95m[48;2;215;255;255m+                 icon="door-open"
[38;2;0;95;95m[48;2;215;255;255m+               />
[38;2;0;95;95m[48;2;215;255;255m+               
[38;2;0;95;95m[48;2;215;255;255m+       回到主页
[38;2;0;95;95m[48;2;215;255;255m+     
[38;2;0;95;95m[48;2;215;255;255m+             </b-dropdown-item>,
[38;2;0;95;95m[48;2;215;255;255m+             "fnContext": undefined,
[38;2;0;95;95m[48;2;215;255;255m+             "fnOptions": undefined,
[38;2;0;95;95m[48;2;215;255;255m+             "fnScopeId": undefined,
[38;2;0;95;95m[48;2;215;255;255m+             "isAsyncPlaceholder": false,
[38;2;0;95;95m[48;2;215;255;255m+             "isCloned": false,
[38;2;0;95;95m[48;2;215;255;255m+             "isComment": false,
[38;2;0;95;95m[48;2;215;255;255m+             "isOnce": false,
[38;2;0;95;95m[48;2;215;255;255m+             "isRootInsert": false,
[38;2;0;95;95m[48;2;215;255;255m+             "isStatic": false,
[38;2;0;95;95m[48;2;215;255;255m+             "key": undefined,
[38;2;0;95;95m[48;2;215;255;255m+             "ns": undefined,
[38;2;0;95;95m[48;2;215;255;255m+             "parent": undefined,
[38;2;0;95;95m[48;2;215;255;255m+             "raw": false,
[38;2;0;95;95m[48;2;215;255;255m+             "tag": "b-dropdown-item",
[38;2;0;95;95m[48;2;215;255;255m+             "text": undefined,
[38;2;0;95;95m[48;2;215;255;255m+           },
[38;2;0;95;95m[48;2;215;255;255m+           VNode {
[38;2;0;95;95m[48;2;215;255;255m+             "asyncFactory": undefined,
[38;2;0;95;95m[48;2;215;255;255m+             "asyncMeta": undefined,
[38;2;0;95;95m[48;2;215;255;255m+             "children": undefined,
[38;2;0;95;95m[48;2;215;255;255m+             "componentInstance": undefined,
[38;2;0;95;95m[48;2;215;255;255m+             "componentOptions": undefined,
[38;2;0;95;95m[48;2;215;255;255m+             "context": undefined,
[38;2;0;95;95m[48;2;215;255;255m+             "data": undefined,
[38;2;0;95;95m[48;2;215;255;255m+             "elm":  ,
[38;2;0;95;95m[48;2;215;255;255m+             "fnContext": undefined,
[38;2;0;95;95m[48;2;215;255;255m+             "fnOptions": undefined,
[38;2;0;95;95m[48;2;215;255;255m+             "fnScopeId": undefined,
[38;2;0;95;95m[48;2;215;255;255m+             "isAsyncPlaceholder": false,
[38;2;0;95;95m[48;2;215;255;255m+             "isCloned": false,
[38;2;0;95;95m[48;2;215;255;255m+             "isComment": false,
[38;2;0;95;95m[48;2;215;255;255m+             "isOnce": false,
[38;2;0;95;95m[48;2;215;255;255m+             "isRootInsert": false,
[38;2;0;95;95m[48;2;215;255;255m+             "isStatic": false,
[38;2;0;95;95m[48;2;215;255;255m+             "key": undefined,
[38;2;0;95;95m[48;2;215;255;255m+             "ns": undefined,
[38;2;0;95;95m[48;2;215;255;255m+             "parent": undefined,
[38;2;0;95;95m[48;2;215;255;255m+             "raw": false,
[38;2;0;95;95m[48;2;215;255;255m+             "tag": undefined,
[38;2;0;95;95m[48;2;215;255;255m+             "text": " ",
[38;2;0;95;95m[48;2;215;255;255m+           },
[38;2;0;95;95m[48;2;215;255;255m+           VNode {
[38;2;0;95;95m[48;2;215;255;255m+             "asyncFactory": undefined,
[38;2;0;95;95m[48;2;215;255;255m+             "asyncMeta": undefined,
[38;2;0;95;95m[48;2;215;255;255m+             "children": Array [
[38;2;0;95;95m[48;2;215;255;255m+               VNode {
[38;2;0;95;95m[48;2;215;255;255m+                 "asyncFactory": undefined,
[38;2;0;95;95m[48;2;215;255;255m+                 "asyncMeta": undefined,
[38;2;0;95;95m[48;2;215;255;255m+                 "children": undefined,
[38;2;0;95;95m[48;2;215;255;255m+                 "componentInstance": undefined,
[38;2;0;95;95m[48;2;215;255;255m+                 "componentOptions": undefined,
[38;2;0;95;95m[48;2;215;255;255m+                 "context": [Circular],
[38;2;0;95;95m[48;2;215;255;255m+                 "data": Object {
[38;2;0;95;95m[48;2;215;255;255m+                   "attrs": Object {
[38;2;0;95;95m[48;2;215;255;255m+                     "icon": "cursor-fill",
[38;2;0;95;95m[48;2;215;255;255m+                   },
[38;2;0;95;95m[48;2;215;255;255m+                 },
[38;2;0;95;95m[48;2;215;255;255m+                 "elm": <b-icon
[38;2;0;95;95m[48;2;215;255;255m+                   icon="cursor-fill"
[38;2;0;95;95m[48;2;215;255;255m+                 />,
[38;2;0;95;95m[48;2;215;255;255m+                 "fnContext": undefined,
[38;2;0;95;95m[48;2;215;255;255m+                 "fnOptions": undefined,
[38;2;0;95;95m[48;2;215;255;255m+                 "fnScopeId": undefined,
[38;2;0;95;95m[48;2;215;255;255m+                 "isAsyncPlaceholder": false,
[38;2;0;95;95m[48;2;215;255;255m+                 "isCloned": false,
[38;2;0;95;95m[48;2;215;255;255m+                 "isComment": false,
[38;2;0;95;95m[48;2;215;255;255m+                 "isOnce": false,
[38;2;0;95;95m[48;2;215;255;255m+                 "isRootInsert": false,
[38;2;0;95;95m[48;2;215;255;255m+                 "isStatic": false,
[38;2;0;95;95m[48;2;215;255;255m+                 "key": undefined,
[38;2;0;95;95m[48;2;215;255;255m+                 "ns": undefined,
[38;2;0;95;95m[48;2;215;255;255m+                 "parent": undefined,
[38;2;0;95;95m[48;2;215;255;255m+                 "raw": false,
[38;2;0;95;95m[48;2;215;255;255m+                 "tag": "b-icon",
[38;2;0;95;95m[48;2;215;255;255m+                 "text": undefined,
[38;2;0;95;95m[48;2;215;255;255m+               },
[38;2;0;95;95m[48;2;215;255;255m+               VNode {
[38;2;0;95;95m[48;2;215;255;255m+                 "asyncFactory": undefined,
[38;2;0;95;95m[48;2;215;255;255m+                 "asyncMeta": undefined,
[38;2;0;95;95m[48;2;215;255;255m+                 "children": undefined,
[38;2;0;95;95m[48;2;215;255;255m+                 "componentInstance": undefined,
[38;2;0;95;95m[48;2;215;255;255m+                 "componentOptions": undefined,
[38;2;0;95;95m[48;2;215;255;255m+                 "context": undefined,
[38;2;0;95;95m[48;2;215;255;255m+                 "data": undefined,
[38;2;0;95;95m[48;2;215;255;255m+                 "elm": 
[38;2;0;95;95m[48;2;215;255;255m+       注销用户
[38;2;0;95;95m[48;2;215;255;255m+     ,
[38;2;0;95;95m[48;2;215;255;255m+                 "fnContext": undefined,
[38;2;0;95;95m[48;2;215;255;255m+                 "fnOptions": undefined,
[38;2;0;95;95m[48;2;215;255;255m+                 "fnScopeId": undefined,
[38;2;0;95;95m[48;2;215;255;255m+                 "isAsyncPlaceholder": false,
[38;2;0;95;95m[48;2;215;255;255m+                 "isCloned": false,
[38;2;0;95;95m[48;2;215;255;255m+                 "isComment": false,
[38;2;0;95;95m[48;2;215;255;255m+                 "isOnce": false,
[38;2;0;95;95m[48;2;215;255;255m+                 "isRootInsert": false,
[38;2;0;95;95m[48;2;215;255;255m+                 "isStatic": false,
[38;2;0;95;95m[48;2;215;255;255m+                 "key": undefined,
[38;2;0;95;95m[48;2;215;255;255m+                 "ns": undefined,
[38;2;0;95;95m[48;2;215;255;255m+                 "parent": undefined,
[38;2;0;95;95m[48;2;215;255;255m+                 "raw": false,
[38;2;0;95;95m[48;2;215;255;255m+                 "tag": undefined,
[38;2;0;95;95m[48;2;215;255;255m+                 "text": "
[38;2;0;95;95m[48;2;215;255;255m+       注销用户
[38;2;0;95;95m[48;2;215;255;255m+     ",
[38;2;0;95;95m[48;2;215;255;255m+               },
[38;2;0;95;95m[48;2;215;255;255m+             ],
[38;2;0;95;95m[48;2;215;255;255m+             "componentInstance": undefined,
[38;2;0;95;95m[48;2;215;255;255m+             "componentOptions": undefined,
[38;2;0;95;95m[48;2;215;255;255m+             "context": [Circular],
[38;2;0;95;95m[48;2;215;255;255m+             "data": undefined,
[38;2;0;95;95m[48;2;215;255;255m+             "elm": <b-dropdown-item>
[38;2;0;95;95m[48;2;215;255;255m+               <b-icon
[38;2;0;95;95m[48;2;215;255;255m+                 icon="cursor-fill"
[38;2;0;95;95m[48;2;215;255;255m+               />
[38;2;0;95;95m[48;2;215;255;255m+               
[38;2;0;95;95m[48;2;215;255;255m+       注销用户
[38;2;0;95;95m[48;2;215;255;255m+     
[38;2;0;95;95m[48;2;215;255;255m+             </b-dropdown-item>,
[38;2;0;95;95m[48;2;215;255;255m+             "fnContext": undefined,
[38;2;0;95;95m[48;2;215;255;255m+             "fnOptions": undefined,
[38;2;0;95;95m[48;2;215;255;255m+             "fnScopeId": undefined,
[38;2;0;95;95m[48;2;215;255;255m+             "isAsyncPlaceholder": false,
[38;2;0;95;95m[48;2;215;255;255m+             "isCloned": false,
[38;2;0;95;95m[48;2;215;255;255m+             "isComment": false,
[38;2;0;95;95m[48;2;215;255;255m+             "isOnce": false,
[38;2;0;95;95m[48;2;215;255;255m+             "isRootInsert": false,
[38;2;0;95;95m[48;2;215;255;255m+             "isStatic": false,
[38;2;0;95;95m[48;2;215;255;255m+             "key": undefined,
[38;2;0;95;95m[48;2;215;255;255m+             "ns": undefined,
[38;2;0;95;95m[48;2;215;255;255m+             "parent": undefined,
[38;2;0;95;95m[48;2;215;255;255m+             "raw": false,
[38;2;0;95;95m[48;2;215;255;255m+             "tag": "b-dropdown-item",
[38;2;0;95;95m[48;2;215;255;255m+             "text": undefined,
[38;2;0;95;95m[48;2;215;255;255m+           },
[38;2;0;95;95m[48;2;215;255;255m+         ],
[38;2;0;95;95m[48;2;215;255;255m+         "componentInstance": undefined,
[38;2;0;95;95m[48;2;215;255;255m+         "componentOptions": undefined,
[38;2;0;95;95m[48;2;215;255;255m+         "context": [Circular],
[38;2;0;95;95m[48;2;215;255;255m+         "data": Object {
[38;2;0;95;95m[48;2;215;255;255m+           "attrs": Object {
[38;2;0;95;95m[48;2;215;255;255m+             "no-caret": "",
[38;2;0;95;95m[48;2;215;255;255m+             "right": "",
[38;2;0;95;95m[48;2;215;255;255m+             "size": "lg",
[38;2;0;95;95m[48;2;215;255;255m+             "variant": "link",
[38;2;0;95;95m[48;2;215;255;255m+           },
[38;2;0;95;95m[48;2;215;255;255m+           "scopedSlots": Object {
[38;2;0;95;95m[48;2;215;255;255m+             "$stable": true,
[38;2;0;95;95m[48;2;215;255;255m+             "button-content": [Function],
[38;2;0;95;95m[48;2;215;255;255m+           },
[38;2;0;95;95m[48;2;215;255;255m+         },
[38;2;0;95;95m[48;2;215;255;255m+         "elm": <b-dropdown
[38;2;0;95;95m[48;2;215;255;255m+           no-caret=""
[38;2;0;95;95m[48;2;215;255;255m+           right=""
[38;2;0;95;95m[48;2;215;255;255m+           size="lg"
[38;2;0;95;95m[48;2;215;255;255m+           variant="link"
[38;2;0;95;95m[48;2;215;255;255m+         >
[38;2;0;95;95m[48;2;215;255;255m+            
[38;2;0;95;95m[48;2;215;255;255m+           <b-dropdown-item>
[38;2;0;95;95m[48;2;215;255;255m+             <b-icon
[38;2;0;95;95m[48;2;215;255;255m+               icon="door-open"
[38;2;0;95;95m[48;2;215;255;255m+             />
[38;2;0;95;95m[48;2;215;255;255m+             
[38;2;0;95;95m[48;2;215;255;255m+       回到主页
[38;2;0;95;95m[48;2;215;255;255m+     
[38;2;0;95;95m[48;2;215;255;255m+           </b-dropdown-item>
[38;2;0;95;95m[48;2;215;255;255m+            
[38;2;0;95;95m[48;2;215;255;255m+           <b-dropdown-item>
[38;2;0;95;95m[48;2;215;255;255m+             <b-icon
[38;2;0;95;95m[48;2;215;255;255m+               icon="cursor-fill"
[38;2;0;95;95m[48;2;215;255;255m+             />
[38;2;0;95;95m[48;2;215;255;255m+             
[38;2;0;95;95m[48;2;215;255;255m+       注销用户
[38;2;0;95;95m[48;2;215;255;255m+     
[38;2;0;95;95m[48;2;215;255;255m+           </b-dropdown-item>
[38;2;0;95;95m[48;2;215;255;255m+         </b-dropdown>,
[38;2;0;95;95m[48;2;215;255;255m+         "fnContext": undefined,
[38;2;0;95;95m[48;2;215;255;255m+         "fnOptions": undefined,
[38;2;0;95;95m[48;2;215;255;255m+         "fnScopeId": undefined,
[38;2;0;95;95m[48;2;215;255;255m+         "isAsyncPlaceholder": false,
[38;2;0;95;95m[48;2;215;255;255m+         "isCloned": false,
[38;2;0;95;95m[48;2;215;255;255m+         "isComment": false,
[38;2;0;95;95m[48;2;215;255;255m+         "isOnce": false,
[38;2;0;95;95m[48;2;215;255;255m+         "isRootInsert": false,
[38;2;0;95;95m[48;2;215;255;255m+         "isStatic": false,
[38;2;0;95;95m[48;2;215;255;255m+         "key": undefined,
[38;2;0;95;95m[48;2;215;255;255m+         "ns": undefined,
[38;2;0;95;95m[48;2;215;255;255m+         "parent": undefined,
[38;2;0;95;95m[48;2;215;255;255m+         "raw": false,
[38;2;0;95;95m[48;2;215;255;255m+         "tag": "b-dropdown",
[38;2;0;95;95m[48;2;215;255;255m+         "text": undefined,
[38;2;0;95;95m[48;2;215;255;255m+       },
[38;2;0;95;95m[48;2;215;255;255m+     ],
[38;2;0;95;95m[48;2;215;255;255m+     "componentInstance": undefined,
[38;2;0;95;95m[48;2;215;255;255m+     "componentOptions": undefined,
[38;2;0;95;95m[48;2;215;255;255m+     "context": [Circular],
[38;2;0;95;95m[48;2;215;255;255m+     "data": undefined,
[38;2;0;95;95m[48;2;215;255;255m+     "elm": <div>
[38;2;0;95;95m[48;2;215;255;255m+       <b-dropdown
[38;2;0;95;95m[48;2;215;255;255m+         no-caret=""
[38;2;0;95;95m[48;2;215;255;255m+         right=""
[38;2;0;95;95m[48;2;215;255;255m+         size="lg"
[38;2;0;95;95m[48;2;215;255;255m+         variant="link"
[38;2;0;95;95m[48;2;215;255;255m+       >
[38;2;0;95;95m[48;2;215;255;255m+          
[38;2;0;95;95m[48;2;215;255;255m+         <b-dropdown-item>
[38;2;0;95;95m[48;2;215;255;255m+           <b-icon
[38;2;0;95;95m[48;2;215;255;255m+             icon="door-open"
[38;2;0;95;95m[48;2;215;255;255m+           />
[38;2;0;95;95m[48;2;215;255;255m+           
[38;2;0;95;95m[48;2;215;255;255m+       回到主页
[38;2;0;95;95m[48;2;215;255;255m+     
[38;2;0;95;95m[48;2;215;255;255m+         </b-dropdown-item>
[38;2;0;95;95m[48;2;215;255;255m+          
[38;2;0;95;95m[48;2;215;255;255m+         <b-dropdown-item>
[38;2;0;95;95m[48;2;215;255;255m+           <b-icon
[38;2;0;95;95m[48;2;215;255;255m+             icon="cursor-fill"
[38;2;0;95;95m[48;2;215;255;255m+           />
[38;2;0;95;95m[48;2;215;255;255m+           
[38;2;0;95;95m[48;2;215;255;255m+       注销用户
[38;2;0;95;95m[48;2;215;255;255m+     
[38;2;0;95;95m[48;2;215;255;255m+         </b-dropdown-item>
[38;2;0;95;95m[48;2;215;255;255m+       </b-dropdown>
[38;2;0;95;95m[48;2;215;255;255m+     </div>,
[38;2;0;95;95m[48;2;215;255;255m+     "fnContext": undefined,
[38;2;0;95;95m[48;2;215;255;255m+     "fnOptions": undefined,
[38;2;0;95;95m[48;2;215;255;255m+     "fnScopeId": undefined,
[38;2;0;95;95m[48;2;215;255;255m+     "isAsyncPlaceholder": false,
[38;2;0;95;95m[48;2;215;255;255m+     "isCloned": false,
[38;2;0;95;95m[48;2;215;255;255m+     "isComment": false,
[38;2;0;95;95m[48;2;215;255;255m+     "isOnce": false,
[38;2;0;95;95m[48;2;215;255;255m+     "isRootInsert": true,
[38;2;0;95;95m[48;2;215;255;255m+     "isStatic": false,
[38;2;0;95;95m[48;2;215;255;255m+     "key": undefined,
[38;2;0;95;95m[48;2;215;255;255m+     "ns": undefined,
[38;2;0;95;95m[48;2;215;255;255m+     "parent": VNode {
[38;2;0;95;95m[48;2;215;255;255m+       "asyncFactory": undefined,
[38;2;0;95;95m[48;2;215;255;255m+       "asyncMeta": undefined,
[38;2;0;95;95m[48;2;215;255;255m+       "children": undefined,
[38;2;0;95;95m[48;2;215;255;255m+       "componentInstance": [Circular],
[38;2;0;95;95m[48;2;215;255;255m+       "componentOptions": Object {
[38;2;0;95;95m[48;2;215;255;255m+         "Ctor": [Function],
[38;2;0;95;95m[48;2;215;255;255m+         "children": undefined,
[38;2;0;95;95m[48;2;215;255;255m+         "listeners": Object {},
[38;2;0;95;95m[48;2;215;255;255m+         "propsData": undefined,
[38;2;0;95;95m[48;2;215;255;255m+         "tag": undefined,
[38;2;0;95;95m[48;2;215;255;255m+       },
[38;2;0;95;95m[48;2;215;255;255m+       "context": VueComponent {
[38;2;0;95;95m[48;2;215;255;255m+         "$attrs": Object {},
[38;2;0;95;95m[48;2;215;255;255m+         "$children": Array [
[38;2;0;95;95m[48;2;215;255;255m+           [Circular],
[38;2;0;95;95m[48;2;215;255;255m+         ],
[38;2;0;95;95m[48;2;215;255;255m+         "$createElement": [Function],
[38;2;0;95;95m[48;2;215;255;255m+         "$el": <div>
[38;2;0;95;95m[48;2;215;255;255m+           <b-dropdown
[38;2;0;95;95m[48;2;215;255;255m+             no-caret=""
[38;2;0;95;95m[48;2;215;255;255m+             right=""
[38;2;0;95;95m[48;2;215;255;255m+             size="lg"
[38;2;0;95;95m[48;2;215;255;255m+             variant="link"
[38;2;0;95;95m[48;2;215;255;255m+           >
[38;2;0;95;95m[48;2;215;255;255m+              
[38;2;0;95;95m[48;2;215;255;255m+             <b-dropdown-item>
[38;2;0;95;95m[48;2;215;255;255m+               <b-icon
[38;2;0;95;95m[48;2;215;255;255m+                 icon="door-open"
[38;2;0;95;95m[48;2;215;255;255m+               />
[38;2;0;95;95m[48;2;215;255;255m+               
[38;2;0;95;95m[48;2;215;255;255m+       回到主页
[38;2;0;95;95m[48;2;215;255;255m+     
[38;2;0;95;95m[48;2;215;255;255m+             </b-dropdown-item>
[38;2;0;95;95m[48;2;215;255;255m+              
[38;2;0;95;95m[48;2;215;255;255m+             <b-dropdown-item>
[38;2;0;95;95m[48;2;215;255;255m+               <b-icon
[38;2;0;95;95m[48;2;215;255;255m+                 icon="cursor-fill"
[38;2;0;95;95m[48;2;215;255;255m+               />
[38;2;0;95;95m[48;2;215;255;255m+               
[38;2;0;95;95m[48;2;215;255;255m+       注销用户
[38;2;0;95;95m[48;2;215;255;255m+     
[38;2;0;95;95m[48;2;215;255;255m+             </b-dropdown-item>
[38;2;0;95;95m[48;2;215;255;255m+           </b-dropdown>
[38;2;0;95;95m[48;2;215;255;255m+         </div>,
[38;2;0;95;95m[48;2;215;255;255m+         "$emit": [Function],
[38;2;0;95;95m[48;2;215;255;255m+         "$listeners": Object {},
[38;2;0;95;95m[48;2;215;255;255m+         "$options": Object {
[38;2;0;95;95m[48;2;215;255;255m+           "$_doNotStubChildren": true,
[38;2;0;95;95m[48;2;215;255;255m+           "$_isWrapperParent": true,
[38;2;0;95;95m[48;2;215;255;255m+           "_Ctor": Object {
[38;2;0;95;95m[48;2;215;255;255m+             "1404": [Function],
[38;2;0;95;95m[48;2;215;255;255m+           },
[38;2;0;95;95m[48;2;215;255;255m+           "_base": [Function],
[38;2;0;95;95m[48;2;215;255;255m+           "_installedPlugins": Array [
[38;2;0;95;95m[48;2;215;255;255m+             Object {
[38;2;0;95;95m[48;2;215;255;255m+               "install": [Function],
[38;2;0;95;95m[48;2;215;255;255m+             },
[38;2;0;95;95m[48;2;215;255;255m+             Object {
[38;2;0;95;95m[48;2;215;255;255m+               "install": [Function],
[38;2;0;95;95m[48;2;215;255;255m+             },
[38;2;0;95;95m[48;2;215;255;255m+             Object {
[38;2;0;95;95m[48;2;215;255;255m+               "install": [Function],
[38;2;0;95;95m[48;2;215;255;255m+             },
[38;2;0;95;95m[48;2;215;255;255m+             Object {
[38;2;0;95;95m[48;2;215;255;255m+               "install": [Function],
[38;2;0;95;95m[48;2;215;255;255m+             },
[38;2;0;95;95m[48;2;215;255;255m+             Object {
[38;2;0;95;95m[48;2;215;255;255m+               "install": [Function],
[38;2;0;95;95m[48;2;215;255;255m+             },
[38;2;0;95;95m[48;2;215;255;255m+             Object {
[38;2;0;95;95m[48;2;215;255;255m+               "install": [Function],
[38;2;0;95;95m[48;2;215;255;255m+             },
[38;2;0;95;95m[48;2;215;255;255m+             Object {
[38;2;0;95;95m[48;2;215;255;255m+               "install": [Function],
[38;2;0;95;95m[48;2;215;255;255m+             },
[38;2;0;95;95m[48;2;215;255;255m+             Object {
[38;2;0;95;95m[48;2;215;255;255m+               "install": [Function],
[38;2;0;95;95m[48;2;215;255;255m+             },
[38;2;0;95;95m[48;2;215;255;255m+             Object {
[38;2;0;95;95m[48;2;215;255;255m+               "install": [Function],
[38;2;0;95;95m[48;2;215;255;255m+             },
[38;2;0;95;95m[48;2;215;255;255m+             Object {
[38;2;0;95;95m[48;2;215;255;255m+               "install": [Function],
[38;2;0;95;95m[48;2;215;255;255m+             },
[38;2;0;95;95m[48;2;215;255;255m+             Object {
[38;2;0;95;95m[48;2;215;255;255m+               "install": [Function],
[38;2;0;95;95m[48;2;215;255;255m+             },
[38;2;0;95;95m[48;2;215;255;255m+             Object {
[38;2;0;95;95m[48;2;215;255;255m+               "install": [Function],
[38;2;0;95;95m[48;2;215;255;255m+             },
[38;2;0;95;95m[48;2;215;255;255m+             Object {
[38;2;0;95;95m[48;2;215;255;255m+               "install": [Function],
[38;2;0;95;95m[48;2;215;255;255m+             },
[38;2;0;95;95m[48;2;215;255;255m+             Object {
[38;2;0;95;95m[48;2;215;255;255m+               "install": [Function],
[38;2;0;95;95m[48;2;215;255;255m+             },
[38;2;0;95;95m[48;2;215;255;255m+             Object {
[38;2;0;95;95m[48;2;215;255;255m+               "install": [Function],
[38;2;0;95;95m[48;2;215;255;255m+             },
[38;2;0;95;95m[48;2;215;255;255m+             Object {
[38;2;0;95;95m[48;2;215;255;255m+               "install": [Function],
[38;2;0;95;95m[48;2;215;255;255m+             },
[38;2;0;95;95m[48;2;215;255;255m+             Object {
[38;2;0;95;95m[48;2;215;255;255m+               "install": [Function],
[38;2;0;95;95m[48;2;215;255;255m+             },
[38;2;0;95;95m[48;2;215;255;255m+             Object {
[38;2;0;95;95m[48;2;215;255;255m+               "install": [Function],
[38;2;0;95;95m[48;2;215;255;255m+             },
[38;2;0;95;95m[48;2;215;255;255m+             Object {
[38;2;0;95;95m[48;2;215;255;255m+               "install": [Function],
[38;2;0;95;95m[48;2;215;255;255m+             },
[38;2;0;95;95m[48;2;215;255;255m+             Object {
[38;2;0;95;95m[48;2;215;255;255m+               "install": [Function],
[38;2;0;95;95m[48;2;215;255;255m+             },
[38;2;0;95;95m[48;2;215;255;255m+             Object {
[38;2;0;95;95m[48;2;215;255;255m+               "install": [Function],
[38;2;0;95;95m[48;2;215;255;255m+             },
[38;2;0;95;95m[48;2;215;255;255m+             Object {
[38;2;0;95;95m[48;2;215;255;255m+               "install": [Function],
[38;2;0;95;95m[48;2;215;255;255m+             },
[38;2;0;95;95m[48;2;215;255;255m+             Object {
[38;2;0;95;95m[48;2;215;255;255m+               "install": [Function],
[38;2;0;95;95m[48;2;215;255;255m+             },
[38;2;0;95;95m[48;2;215;255;255m+             Object {
[38;2;0;95;95m[48;2;215;255;255m+               "install": [Function],
[38;2;0;95;95m[48;2;215;255;255m+             },
[38;2;0;95;95m[48;2;215;255;255m+             Object {
[38;2;0;95;95m[48;2;215;255;255m+               "install": [Function],
[38;2;0;95;95m[48;2;215;255;255m+             },
[38;2;0;95;95m[48;2;215;255;255m+             Object {
[38;2;0;95;95m[48;2;215;255;255m+               "install": [Function],
[38;2;0;95;95m[48;2;215;255;255m+             },
[38;2;0;95;95m[48;2;215;255;255m+             Object {
[38;2;0;95;95m[48;2;215;255;255m+               "install": [Function],
[38;2;0;95;95m[48;2;215;255;255m+             },
[38;2;0;95;95m[48;2;215;255;255m+             Object {
[38;2;0;95;95m[48;2;215;255;255m+               "install": [Function],
[38;2;0;95;95m[48;2;215;255;255m+             },
[38;2;0;95;95m[48;2;215;255;255m+             Object {
[38;2;0;95;95m[48;2;215;255;255m+               "install": [Function],
[38;2;0;95;95m[48;2;215;255;255m+             },
[38;2;0;95;95m[48;2;215;255;255m+             Object {
[38;2;0;95;95m[48;2;215;255;255m+               "install": [Function],
[38;2;0;95;95m[48;2;215;255;255m+             },
[38;2;0;95;95m[48;2;215;255;255m+             Object {
[38;2;0;95;95m[48;2;215;255;255m+               "install": [Function],
[38;2;0;95;95m[48;2;215;255;255m+             },
[38;2;0;95;95m[48;2;215;255;255m+             Object {
[38;2;0;95;95m[48;2;215;255;255m+               "install": [Function],
[38;2;0;95;95m[48;2;215;255;255m+             },
[38;2;0;95;95m[48;2;215;255;255m+             Object {
[38;2;0;95;95m[48;2;215;255;255m+               "install": [Function],
[38;2;0;95;95m[48;2;215;255;255m+             },
[38;2;0;95;95m[48;2;215;255;255m+             Object {
[38;2;0;95;95m[48;2;215;255;255m+               "install": [Function],
[38;2;0;95;95m[48;2;215;255;255m+             },
[38;2;0;95;95m[48;2;215;255;255m+             Object {
[38;2;0;95;95m[48;2;215;255;255m+               "install": [Function],
[38;2;0;95;95m[48;2;215;255;255m+             },
[38;2;0;95;95m[48;2;215;255;255m+             [Function],
[38;2;0;95;95m[48;2;215;255;255m+             Object {
[38;2;0;95;95m[48;2;215;255;255m+               "install": [Function],
[38;2;0;95;95m[48;2;215;255;255m+             },
[38;2;0;95;95m[48;2;215;255;255m+             Object {
[38;2;0;95;95m[48;2;215;255;255m+               "install": [Function],
[38;2;0;95;95m[48;2;215;255;255m+             },
[38;2;0;95;95m[48;2;215;255;255m+             Object {
[38;2;0;95;95m[48;2;215;255;255m+               "install": [Function],
[38;2;0;95;95m[48;2;215;255;255m+             },
[38;2;0;95;95m[48;2;215;255;255m+             Object {
[38;2;0;95;95m[48;2;215;255;255m+               "install": [Function],
[38;2;0;95;95m[48;2;215;255;255m+             },
[38;2;0;95;95m[48;2;215;255;255m+             Object {
[38;2;0;95;95m[48;2;215;255;255m+               "install": [Function],
[38;2;0;95;95m[48;2;215;255;255m+             },
[38;2;0;95;95m[48;2;215;255;255m+             Object {
[38;2;0;95;95m[48;2;215;255;255m+               "install": [Function],
[38;2;0;95;95m[48;2;215;255;255m+             },
[38;2;0;95;95m[48;2;215;255;255m+             Object {
[38;2;0;95;95m[48;2;215;255;255m+               "install": [Function],
[38;2;0;95;95m[48;2;215;255;255m+             },
[38;2;0;95;95m[48;2;215;255;255m+             Object {
[38;2;0;95;95m[48;2;215;255;255m+               "install": [Function],
[38;2;0;95;95m[48;2;215;255;255m+             },
[38;2;0;95;95m[48;2;215;255;255m+             Object {
[38;2;0;95;95m[48;2;215;255;255m+               "install": [Function],
[38;2;0;95;95m[48;2;215;255;255m+             },
[38;2;0;95;95m[48;2;215;255;255m+             Object {
[38;2;0;95;95m[48;2;215;255;255m+               "install": [Function],
[38;2;0;95;95m[48;2;215;255;255m+             },
[38;2;0;95;95m[48;2;215;255;255m+             Object {
[38;2;0;95;95m[48;2;215;255;255m+               "install": [Function],
[38;2;0;95;95m[48;2;215;255;255m+             },
[38;2;0;95;95m[48;2;215;255;255m+             Object {
[38;2;0;95;95m[48;2;215;255;255m+               "install": [Function],
[38;2;0;95;95m[48;2;215;255;255m+             },
[38;2;0;95;95m[48;2;215;255;255m+             Object {
[38;2;0;95;95m[48;2;215;255;255m+               "install": [Function],
[38;2;0;95;95m[48;2;215;255;255m+             },
[38;2;0;95;95m[48;2;215;255;255m+             Object {
[38;2;0;95;95m[48;2;215;255;255m+               "install": [Function],
[38;2;0;95;95m[48;2;215;255;255m+             },
[38;2;0;95;95m[48;2;215;255;255m+             Object {
[38;2;0;95;95m[48;2;215;255;255m+               "install": [Function],
[38;2;0;95;95m[48;2;215;255;255m+             },
[38;2;0;95;95m[48;2;215;255;255m+             Object {
[38;2;0;95;95m[48;2;215;255;255m+               "install": [Function],
[38;2;0;95;95m[48;2;215;255;255m+             },
[38;2;0;95;95m[48;2;215;255;255m+             Object {
[38;2;0;95;95m[48;2;215;255;255m+               "install": [Function],
[38;2;0;95;95m[48;2;215;255;255m+             },
[38;2;0;95;95m[48;2;215;255;255m+             Object {
[38;2;0;95;95m[48;2;215;255;255m+               "install": [Function],
[38;2;0;95;95m[48;2;215;255;255m+             },
[38;2;0;95;95m[48;2;215;255;255m+             [Function],
[38;2;0;95;95m[48;2;215;255;255m+             Object {
[38;2;0;95;95m[48;2;215;255;255m+               "install": [Function],
[38;2;0;95;95m[48;2;215;255;255m+             },
[38;2;0;95;95m[48;2;215;255;255m+             Object {
[38;2;0;95;95m[48;2;215;255;255m+               "install": [Function],
[38;2;0;95;95m[48;2;215;255;255m+             },
[38;2;0;95;95m[48;2;215;255;255m+             Object {
[38;2;0;95;95m[48;2;215;255;255m+               "install": [Function],
[38;2;0;95;95m[48;2;215;255;255m+             },
[38;2;0;95;95m[48;2;215;255;255m+             Object {
[38;2;0;95;95m[48;2;215;255;255m+               "install": [Function],
[38;2;0;95;95m[48;2;215;255;255m+             },
[38;2;0;95;95m[48;2;215;255;255m+             Object {
[38;2;0;95;95m[48;2;215;255;255m+               "install": [Function],
[38;2;0;95;95m[48;2;215;255;255m+             },
[38;2;0;95;95m[48;2;215;255;255m+             Object {
[38;2;0;95;95m[48;2;215;255;255m+               "install": [Function],
[38;2;0;95;95m[48;2;215;255;255m+             },
[38;2;0;95;95m[48;2;215;255;255m+             Object {
[38;2;0;95;95m[48;2;215;255;255m+               "install": [Function],
[38;2;0;95;95m[48;2;215;255;255m+             },
[38;2;0;95;95m[48;2;215;255;255m+             Object {
[38;2;0;95;95m[48;2;215;255;255m+               "install": [Function],
[38;2;0;95;95m[48;2;215;255;255m+             },
[38;2;0;95;95m[48;2;215;255;255m+             Object {
[38;2;0;95;95m[48;2;215;255;255m+               "install": [Function],
[38;2;0;95;95m[48;2;215;255;255m+             },
[38;2;0;95;95m[48;2;215;255;255m+             Object {
[38;2;0;95;95m[48;2;215;255;255m+               "install": [Function],
[38;2;0;95;95m[48;2;215;255;255m+             },
[38;2;0;95;95m[48;2;215;255;255m+             Object {
[38;2;0;95;95m[48;2;215;255;255m+               "NAME": "BootstrapVue",
[38;2;0;95;95m[48;2;215;255;255m+               "install": [Function],
[38;2;0;95;95m[48;2;215;255;255m+             },
[38;2;0;95;95m[48;2;215;255;255m+           ],
[38;2;0;95;95m[48;2;215;255;255m+           "_isFunctionalContainer": undefined,
[38;2;0;95;95m[48;2;215;255;255m+           "beforeCreate": Array [
[38;2;0;95;95m[48;2;215;255;255m+             [Function],
[38;2;0;95;95m[48;2;215;255;255m+             [Function],
[38;2;0;95;95m[48;2;215;255;255m+             [Function],
[38;2;0;95;95m[48;2;215;255;255m+           ],
[38;2;0;95;95m[48;2;215;255;255m+           "cid": 1398,
[38;2;0;95;95m[48;2;215;255;255m+           "component": [Function],
[38;2;0;95;95m[48;2;215;255;255m+           "components": Object {
[38;2;0;95;95m[48;2;215;255;255m+             "transition": Object {
[38;2;0;95;95m[48;2;215;255;255m+               "$_doNotStubChildren": true,
[38;2;0;95;95m[48;2;215;255;255m+               "$_vueTestUtils_original": Object {
[38;2;0;95;95m[48;2;215;255;255m+                 "_Ctor": Object {
[38;2;0;95;95m[48;2;215;255;255m+                   "1404": [Function],
[38;2;0;95;95m[48;2;215;255;255m+                 },
[38;2;0;95;95m[48;2;215;255;255m+                 "abstract": true,
[38;2;0;95;95m[48;2;215;255;255m+                 "name": "transition",
[38;2;0;95;95m[48;2;215;255;255m+                 "props": Object {
[38;2;0;95;95m[48;2;215;255;255m+                   "appear": Object {
[38;2;0;95;95m[48;2;215;255;255m+                     "type": [Function],
[38;2;0;95;95m[48;2;215;255;255m+                   },
[38;2;0;95;95m[48;2;215;255;255m+                   "appearActiveClass": Object {
[38;2;0;95;95m[48;2;215;255;255m+                     "type": [Function],
[38;2;0;95;95m[48;2;215;255;255m+                   },
[38;2;0;95;95m[48;2;215;255;255m+                   "appearClass": Object {
[38;2;0;95;95m[48;2;215;255;255m+                     "type": [Function],
[38;2;0;95;95m[48;2;215;255;255m+                   },
[38;2;0;95;95m[48;2;215;255;255m+                   "appearToClass": Object {
[38;2;0;95;95m[48;2;215;255;255m+                     "type": [Function],
[38;2;0;95;95m[48;2;215;255;255m+                   },
[38;2;0;95;95m[48;2;215;255;255m+                   "css": Object {
[38;2;0;95;95m[48;2;215;255;255m+                     "type": [Function],
[38;2;0;95;95m[48;2;215;255;255m+                   },
[38;2;0;95;95m[48;2;215;255;255m+                   "duration": Object {
[38;2;0;95;95m[48;2;215;255;255m+                     "type": Array [
[38;2;0;95;95m[48;2;215;255;255m+                       [Function],
[38;2;0;95;95m[48;2;215;255;255m+                       [Function],
[38;2;0;95;95m[48;2;215;255;255m+                       [Function],
[38;2;0;95;95m[48;2;215;255;255m+                     ],
[38;2;0;95;95m[48;2;215;255;255m+                   },
[38;2;0;95;95m[48;2;215;255;255m+                   "enterActiveClass": Object {
[38;2;0;95;95m[48;2;215;255;255m+                     "type": [Function],
[38;2;0;95;95m[48;2;215;255;255m+                   },
[38;2;0;95;95m[48;2;215;255;255m+                   "enterClass": Object {
[38;2;0;95;95m[48;2;215;255;255m+                     "type": [Function],
[38;2;0;95;95m[48;2;215;255;255m+                   },
[38;2;0;95;95m[48;2;215;255;255m+                   "enterToClass": Object {
[38;2;0;95;95m[48;2;215;255;255m+                     "type": [Function],
[38;2;0;95;95m[48;2;215;255;255m+                   },
[38;2;0;95;95m[48;2;215;255;255m+                   "leaveActiveClass": Object {
[38;2;0;95;95m[48;2;215;255;255m+                     "type": [Function],
[38;2;0;95;95m[48;2;215;255;255m+                   },
[38;2;0;95;95m[48;2;215;255;255m+                   "leaveClass": Object {
[38;2;0;95;95m[48;2;215;255;255m+                     "type": [Function],
[38;2;0;95;95m[48;2;215;255;255m+                   },
[38;2;0;95;95m[48;2;215;255;255m+                   "leaveToClass": Object {
[38;2;0;95;95m[48;2;215;255;255m+                     "type": [Function],
[38;2;0;95;95m[48;2;215;255;255m+                   },
[38;2;0;95;95m[48;2;215;255;255m+                   "mode": Object {
[38;2;0;95;95m[48;2;215;255;255m+                     "type": [Function],
[38;2;0;95;95m[48;2;215;255;255m+                   },
[38;2;0;95;95m[48;2;215;255;255m+                   "name": Object {
[38;2;0;95;95m[48;2;215;255;255m+                     "type": [Function],
[38;2;0;95;95m[48;2;215;255;255m+                   },
[38;2;0;95;95m[48;2;215;255;255m+                   "type": Object {
[38;2;0;95;95m[48;2;215;255;255m+                     "type": [Function],
[38;2;0;95;95m[48;2;215;255;255m+                   },
[38;2;0;95;95m[48;2;215;255;255m+                 },
[38;2;0;95;95m[48;2;215;255;255m+                 "render": [Function],
[38;2;0;95;95m[48;2;215;255;255m+               },
[38;2;0;95;95m[48;2;215;255;255m+               "abstract": true,
[38;2;0;95;95m[48;2;215;255;255m+               "attrs": undefined,
[38;2;0;95;95m[48;2;215;255;255m+               "class": undefined,
[38;2;0;95;95m[48;2;215;255;255m+               "domProps": undefined,
[38;2;0;95;95m[48;2;215;255;255m+               "functional": undefined,
[38;2;0;95;95m[48;2;215;255;255m+               "key": undefined,
[38;2;0;95;95m[48;2;215;255;255m+               "model": undefined,
[38;2;0;95;95m[48;2;215;255;255m+               "name": "transition",
[38;2;0;95;95m[48;2;215;255;255m+               "nativeOn": undefined,
[38;2;0;95;95m[48;2;215;255;255m+               "normalizedStyle": undefined,
[38;2;0;95;95m[48;2;215;255;255m+               "on": undefined,
[38;2;0;95;95m[48;2;215;255;255m+               "props": Object {
[38;2;0;95;95m[48;2;215;255;255m+                 "appear": Object {
[38;2;0;95;95m[48;2;215;255;255m+                   "type": [Function],
[38;2;0;95;95m[48;2;215;255;255m+                 },
[38;2;0;95;95m[48;2;215;255;255m+                 "appearActiveClass": Object {
[38;2;0;95;95m[48;2;215;255;255m+                   "type": [Function],
[38;2;0;95;95m[48;2;215;255;255m+                 },
[38;2;0;95;95m[48;2;215;255;255m+                 "appearClass": Object {
[38;2;0;95;95m[48;2;215;255;255m+                   "type": [Function],
[38;2;0;95;95m[48;2;215;255;255m+                 },
[38;2;0;95;95m[48;2;215;255;255m+                 "appearToClass": Object {
[38;2;0;95;95m[48;2;215;255;255m+                   "type": [Function],
[38;2;0;95;95m[48;2;215;255;255m+                 },
[38;2;0;95;95m[48;2;215;255;255m+                 "css": Object {
[38;2;0;95;95m[48;2;215;255;255m+                   "type": [Function],
[38;2;0;95;95m[48;2;215;255;255m+                 },
[38;2;0;95;95m[48;2;215;255;255m+                 "duration": Object {
[38;2;0;95;95m[48;2;215;255;255m+                   "type": Array [
[38;2;0;95;95m[48;2;215;255;255m+                     [Function],
[38;2;0;95;95m[48;2;215;255;255m+                     [Function],
[38;2;0;95;95m[48;2;215;255;255m+                     [Function],
[38;2;0;95;95m[48;2;215;255;255m+                   ],
[38;2;0;95;95m[48;2;215;255;255m+                 },
[38;2;0;95;95m[48;2;215;255;255m+                 "enterActiveClass": Object {
[38;2;0;95;95m[48;2;215;255;255m+                   "type": [Function],
[38;2;0;95;95m[48;2;215;255;255m+                 },
[38;2;0;95;95m[48;2;215;255;255m+                 "enterClass": Object {
[38;2;0;95;95m[48;2;215;255;255m+                   "type": [Function],
[38;2;0;95;95m[48;2;215;255;255m+                 },
[38;2;0;95;95m[48;2;215;255;255m+                 "enterToClass": Object {
[38;2;0;95;95m[48;2;215;255;255m+                   "type": [Function],
[38;2;0;95;95m[48;2;215;255;255m+                 },
[38;2;0;95;95m[48;2;215;255;255m+                 "leaveActiveClass": Object {
[38;2;0;95;95m[48;2;215;255;255m+                   "type": [Function],
[38;2;0;95;95m[48;2;215;255;255m+                 },
[38;2;0;95;95m[48;2;215;255;255m+                 "leaveClass": Object {
[38;2;0;95;95m[48;2;215;255;255m+                   "type": [Function],
[38;2;0;95;95m[48;2;215;255;255m+                 },
[38;2;0;95;95m[48;2;215;255;255m+                 "leaveToClass": Object {
[38;2;0;95;95m[48;2;215;255;255m+                   "type": [Function],
[38;2;0;95;95m[48;2;215;255;255m+                 },
[38;2;0;95;95m[48;2;215;255;255m+                 "mode": Object {
[38;2;0;95;95m[48;2;215;255;255m+                   "type": [Function],
[38;2;0;95;95m[48;2;215;255;255m+                 },
[38;2;0;95;95m[48;2;215;255;255m+                 "name": Object {
[38;2;0;95;95m[48;2;215;255;255m+                   "type": [Function],
[38;2;0;95;95m[48;2;215;255;255m+                 },
[38;2;0;95;95m[48;2;215;255;255m+                 "type": Object {
[38;2;0;95;95m[48;2;215;255;255m+                   "type": [Function],
[38;2;0;95;95m[48;2;215;255;255m+                 },
[38;2;0;95;95m[48;2;215;255;255m+               },
[38;2;0;95;95m[48;2;215;255;255m+               "render": [Function],
[38;2;0;95;95m[48;2;215;255;255m+               "staticClass": undefined,
[38;2;0;95;95m[48;2;215;255;255m+               "staticStyle": undefined,
[38;2;0;95;95m[48;2;215;255;255m+               "style": undefined,
[38;2;0;95;95m[48;2;215;255;255m+             },
[38;2;0;95;95m[48;2;215;255;255m+             "transition-group": Object {
[38;2;0;95;95m[48;2;215;255;255m+               "$_doNotStubChildren": true,
[38;2;0;95;95m[48;2;215;255;255m+               "$_vueTestUtils_original": Object {
[38;2;0;95;95m[48;2;215;255;255m+                 "_Ctor": Object {
[38;2;0;95;95m[48;2;215;255;255m+                   "1404": [Function],
[38;2;0;95;95m[48;2;215;255;255m+                 },
[38;2;0;95;95m[48;2;215;255;255m+                 "beforeMount": [Function],
[38;2;0;95;95m[48;2;215;255;255m+                 "methods": Object {
[38;2;0;95;95m[48;2;215;255;255m+                   "hasMove": [Function],
[38;2;0;95;95m[48;2;215;255;255m+                 },
[38;2;0;95;95m[48;2;215;255;255m+                 "props": Object {
[38;2;0;95;95m[48;2;215;255;255m+                   "appear": Object {
[38;2;0;95;95m[48;2;215;255;255m+                     "type": [Function],
[38;2;0;95;95m[48;2;215;255;255m+                   },
[38;2;0;95;95m[48;2;215;255;255m+                   "appearActiveClass": Object {
[38;2;0;95;95m[48;2;215;255;255m+                     "type": [Function],
[38;2;0;95;95m[48;2;215;255;255m+                   },
[38;2;0;95;95m[48;2;215;255;255m+                   "appearClass": Object {
[38;2;0;95;95m[48;2;215;255;255m+                     "type": [Function],
[38;2;0;95;95m[48;2;215;255;255m+                   },
[38;2;0;95;95m[48;2;215;255;255m+                   "appearToClass": Object {
[38;2;0;95;95m[48;2;215;255;255m+                     "type": [Function],
[38;2;0;95;95m[48;2;215;255;255m+                   },
[38;2;0;95;95m[48;2;215;255;255m+                   "css": Object {
[38;2;0;95;95m[48;2;215;255;255m+                     "type": [Function],
[38;2;0;95;95m[48;2;215;255;255m+                   },
[38;2;0;95;95m[48;2;215;255;255m+                   "duration": Object {
[38;2;0;95;95m[48;2;215;255;255m+                     "type": Array [
[38;2;0;95;95m[48;2;215;255;255m+                       [Function],
[38;2;0;95;95m[48;2;215;255;255m+                       [Function],
[38;2;0;95;95m[48;2;215;255;255m+                       [Function],
[38;2;0;95;95m[48;2;215;255;255m+                     ],
[38;2;0;95;95m[48;2;215;255;255m+                   },
[38;2;0;95;95m[48;2;215;255;255m+                   "enterActiveClass": Object {
[38;2;0;95;95m[48;2;215;255;255m+                     "type": [Function],
[38;2;0;95;95m[48;2;215;255;255m+                   },
[38;2;0;95;95m[48;2;215;255;255m+                   "enterClass": Object {
[38;2;0;95;95m[48;2;215;255;255m+                     "type": [Function],
[38;2;0;95;95m[48;2;215;255;255m+                   },
[38;2;0;95;95m[48;2;215;255;255m+                   "enterToClass": Object {
[38;2;0;95;95m[48;2;215;255;255m+                     "type": [Function],
[38;2;0;95;95m[48;2;215;255;255m+                   },
[38;2;0;95;95m[48;2;215;255;255m+                   "leaveActiveClass": Object {
[38;2;0;95;95m[48;2;215;255;255m+                     "type": [Function],
[38;2;0;95;95m[48;2;215;255;255m+                   },
[38;2;0;95;95m[48;2;215;255;255m+                   "leaveClass": Object {
[38;2;0;95;95m[48;2;215;255;255m+                     "type": [Function],
[38;2;0;95;95m[48;2;215;255;255m+                   },
[38;2;0;95;95m[48;2;215;255;255m+                   "leaveToClass": Object {
[38;2;0;95;95m[48;2;215;255;255m+                     "type": [Function],
[38;2;0;95;95m[48;2;215;255;255m+                   },
[38;2;0;95;95m[48;2;215;255;255m+                   "moveClass": Object {
[38;2;0;95;95m[48;2;215;255;255m+                     "type": [Function],
[38;2;0;95;95m[48;2;215;255;255m+                   },
[38;2;0;95;95m[48;2;215;255;255m+                   "name": Object {
[38;2;0;95;95m[48;2;215;255;255m+                     "type": [Function],
[38;2;0;95;95m[48;2;215;255;255m+                   },
[38;2;0;95;95m[48;2;215;255;255m+                   "tag": Object {
[38;2;0;95;95m[48;2;215;255;255m+                     "type": [Function],
[38;2;0;95;95m[48;2;215;255;255m+                   },
[38;2;0;95;95m[48;2;215;255;255m+                   "type": Object {
[38;2;0;95;95m[48;2;215;255;255m+                     "type": [Function],
[38;2;0;95;95m[48;2;215;255;255m+                   },
[38;2;0;95;95m[48;2;215;255;255m+                 },
[38;2;0;95;95m[48;2;215;255;255m+                 "render": [Function],
[38;2;0;95;95m[48;2;215;255;255m+                 "updated": [Function],
[38;2;0;95;95m[48;2;215;255;255m+               },
[38;2;0;95;95m[48;2;215;255;255m+               "abstract": undefined,
[38;2;0;95;95m[48;2;215;255;255m+               "attrs": undefined,
[38;2;0;95;95m[48;2;215;255;255m+               "class": undefined,
[38;2;0;95;95m[48;2;215;255;255m+               "domProps": undefined,
[38;2;0;95;95m[48;2;215;255;255m+               "functional": undefined,
[38;2;0;95;95m[48;2;215;255;255m+               "key": undefined,
[38;2;0;95;95m[48;2;215;255;255m+               "model": undefined,
[38;2;0;95;95m[48;2;215;255;255m+               "name": undefined,
[38;2;0;95;95m[48;2;215;255;255m+               "nativeOn": undefined,
[38;2;0;95;95m[48;2;215;255;255m+               "normalizedStyle": undefined,
[38;2;0;95;95m[48;2;215;255;255m+               "on": undefined,
[38;2;0;95;95m[48;2;215;255;255m+               "props": Object {
[38;2;0;95;95m[48;2;215;255;255m+                 "appear": Object {
[38;2;0;95;95m[48;2;215;255;255m+                   "type": [Function],
[38;2;0;95;95m[48;2;215;255;255m+                 },
[38;2;0;95;95m[48;2;215;255;255m+                 "appearActiveClass": Object {
[38;2;0;95;95m[48;2;215;255;255m+                   "type": [Function],
[38;2;0;95;95m[48;2;215;255;255m+                 },
[38;2;0;95;95m[48;2;215;255;255m+                 "appearClass": Object {
[38;2;0;95;95m[48;2;215;255;255m+                   "type": [Function],
[38;2;0;95;95m[48;2;215;255;255m+                 },
[38;2;0;95;95m[48;2;215;255;255m+                 "appearToClass": Object {
[38;2;0;95;95m[48;2;215;255;255m+                   "type": [Function],
[38;2;0;95;95m[48;2;215;255;255m+                 },
[38;2;0;95;95m[48;2;215;255;255m+                 "css": Object {
[38;2;0;95;95m[48;2;215;255;255m+                   "type": [Function],
[38;2;0;95;95m[48;2;215;255;255m+                 },
[38;2;0;95;95m[48;2;215;255;255m+                 "duration": Object {
[38;2;0;95;95m[48;2;215;255;255m+                   "type": Array [
[38;2;0;95;95m[48;2;215;255;255m+                     [Function],
[38;2;0;95;95m[48;2;215;255;255m+                     [Function],
[38;2;0;95;95m[48;2;215;255;255m+                     [Function],
[38;2;0;95;95m[48;2;215;255;255m+                   ],
[38;2;0;95;95m[48;2;215;255;255m+                 },
[38;2;0;95;95m[48;2;215;255;255m+                 "enterActiveClass": Object {
[38;2;0;95;95m[48;2;215;255;255m+                   "type": [Function],
[38;2;0;95;95m[48;2;215;255;255m+                 },
[38;2;0;95;95m[48;2;215;255;255m+                 "enterClass": Object {
[38;2;0;95;95m[48;2;215;255;255m+                   "type": [Function],
[38;2;0;95;95m[48;2;215;255;255m+                 },
[38;2;0;95;95m[48;2;215;255;255m+                 "enterToClass": Object {
[38;2;0;95;95m[48;2;215;255;255m+                   "type": [Function],
[38;2;0;95;95m[48;2;215;255;255m+                 },
[38;2;0;95;95m[48;2;215;255;255m+                 "leaveActiveClass": Object {
[38;2;0;95;95m[48;2;215;255;255m+                   "type": [Function],
[38;2;0;95;95m[48;2;215;255;255m+                 },
[38;2;0;95;95m[48;2;215;255;255m+                 "leaveClass": Object {
[38;2;0;95;95m[48;2;215;255;255m+                   "type": [Function],
[38;2;0;95;95m[48;2;215;255;255m+                 },
[38;2;0;95;95m[48;2;215;255;255m+                 "leaveToClass": Object {
[38;2;0;95;95m[48;2;215;255;255m+                   "type": [Function],
[38;2;0;95;95m[48;2;215;255;255m+                 },
[38;2;0;95;95m[48;2;215;255;255m+                 "moveClass": Object {
[38;2;0;95;95m[48;2;215;255;255m+                   "type": [Function],
[38;2;0;95;95m[48;2;215;255;255m+                 },
[38;2;0;95;95m[48;2;215;255;255m+                 "name": Object {
[38;2;0;95;95m[48;2;215;255;255m+                   "type": [Function],
[38;2;0;95;95m[48;2;215;255;255m+                 },
[38;2;0;95;95m[48;2;215;255;255m+                 "tag": Object {
[38;2;0;95;95m[48;2;215;255;255m+                   "type": [Function],
[38;2;0;95;95m[48;2;215;255;255m+                 },
[38;2;0;95;95m[48;2;215;255;255m+                 "type": Object {
[38;2;0;95;95m[48;2;215;255;255m+                   "type": [Function],
[38;2;0;95;95m[48;2;215;255;255m+                 },
[38;2;0;95;95m[48;2;215;255;255m+               },
[38;2;0;95;95m[48;2;215;255;255m+               "render": [Function],
[38;2;0;95;95m[48;2;215;255;255m+               "staticClass": undefined,
[38;2;0;95;95m[48;2;215;255;255m+               "staticStyle": undefined,
[38;2;0;95;95m[48;2;215;255;255m+               "style": undefined,
[38;2;0;95;95m[48;2;215;255;255m+             },
[38;2;0;95;95m[48;2;215;255;255m+           },
[38;2;0;95;95m[48;2;215;255;255m+           "config": Object {
[38;2;0;95;95m[48;2;215;255;255m+             "_lifecycleHooks": Array [
[38;2;0;95;95m[48;2;215;255;255m+               "beforeCreate",
[38;2;0;95;95m[48;2;215;255;255m+               "created",
[38;2;0;95;95m[48;2;215;255;255m+               "beforeMount",
[38;2;0;95;95m[48;2;215;255;255m+               "mounted",
[38;2;0;95;95m[48;2;215;255;255m+               "beforeUpdate",
[38;2;0;95;95m[48;2;215;255;255m+               "updated",
[38;2;0;95;95m[48;2;215;255;255m+               "beforeDestroy",
[38;2;0;95;95m[48;2;215;255;255m+               "destroyed",
[38;2;0;95;95m[48;2;215;255;255m+               "activated",
[38;2;0;95;95m[48;2;215;255;255m+               "deactivated",
[38;2;0;95;95m[48;2;215;255;255m+               "errorCaptured",
[38;2;0;95;95m[48;2;215;255;255m+               "serverPrefetch",
[38;2;0;95;95m[48;2;215;255;255m+             ],
[38;2;0;95;95m[48;2;215;255;255m+             "async": true,
[38;2;0;95;95m[48;2;215;255;255m+             "devtools": false,
[38;2;0;95;95m[48;2;215;255;255m+             "errorHandler": undefined,
[38;2;0;95;95m[48;2;215;255;255m+             "getTagNamespace": [Function],
[38;2;0;95;95m[48;2;215;255;255m+             "ignoredElements": Array [],
[38;2;0;95;95m[48;2;215;255;255m+             "isReservedAttr": [Function],
[38;2;0;95;95m[48;2;215;255;255m+             "isReservedTag": [Function],
[38;2;0;95;95m[48;2;215;255;255m+             "isUnknownElement": [Function],
[38;2;0;95;95m[48;2;215;255;255m+             "keyCodes": Object {},
[38;2;0;95;95m[48;2;215;255;255m+             "mustUseProp": [Function],
[38;2;0;95;95m[48;2;215;255;255m+             "optionMergeStrategies": Object {
[38;2;0;95;95m[48;2;215;255;255m+               "activated": [Function],
[38;2;0;95;95m[48;2;215;255;255m+               "beforeCreate": [Function],
[38;2;0;95;95m[48;2;215;255;255m+               "beforeDestroy": [Function],
[38;2;0;95;95m[48;2;215;255;255m+               "beforeMount": [Function],
[38;2;0;95;95m[48;2;215;255;255m+               "beforeUpdate": [Function],
[38;2;0;95;95m[48;2;215;255;255m+               "components": [Function],
[38;2;0;95;95m[48;2;215;255;255m+               "computed": [Function],
[38;2;0;95;95m[48;2;215;255;255m+               "created": [Function],
[38;2;0;95;95m[48;2;215;255;255m+               "data": [Function],
[38;2;0;95;95m[48;2;215;255;255m+               "deactivated": [Function],
[38;2;0;95;95m[48;2;215;255;255m+               "destroyed": [Function],
[38;2;0;95;95m[48;2;215;255;255m+               "directives": [Function],
[38;2;0;95;95m[48;2;215;255;255m+               "el": [Function],
[38;2;0;95;95m[48;2;215;255;255m+               "errorCaptured": [Function],
[38;2;0;95;95m[48;2;215;255;255m+               "filters": [Function],
[38;2;0;95;95m[48;2;215;255;255m+               "inject": [Function],
[38;2;0;95;95m[48;2;215;255;255m+               "methods": [Function],
[38;2;0;95;95m[48;2;215;255;255m+               "mounted": [Function],
[38;2;0;95;95m[48;2;215;255;255m+               "props": [Function],
[38;2;0;95;95m[48;2;215;255;255m+               "propsData": [Function],
[38;2;0;95;95m[48;2;215;255;255m+               "provide": [Function],
[38;2;0;95;95m[48;2;215;255;255m+               "serverPrefetch": [Function],
[38;2;0;95;95m[48;2;215;255;255m+               "updated": [Function],
[38;2;0;95;95m[48;2;215;255;255m+               "watch": [Function],
[38;2;0;95;95m[48;2;215;255;255m+             },
[38;2;0;95;95m[48;2;215;255;255m+             "parsePlatformTagName": [Function],
[38;2;0;95;95m[48;2;215;255;255m+             "performance": false,
[38;2;0;95;95m[48;2;215;255;255m+             "productionTip": false,
[38;2;0;95;95m[48;2;215;255;255m+             "silent": false,
[38;2;0;95;95m[48;2;215;255;255m+             "warnHandler": null,
[38;2;0;95;95m[48;2;215;255;255m+           },
[38;2;0;95;95m[48;2;215;255;255m+           "data": [Function],
[38;2;0;95;95m[48;2;215;255;255m+           "delete": [Function],
[38;2;0;95;95m[48;2;215;255;255m+           "directive": [Function],
[38;2;0;95;95m[48;2;215;255;255m+           "directives": Object {},
[38;2;0;95;95m[48;2;215;255;255m+           "extend": [Function],
[38;2;0;95;95m[48;2;215;255;255m+           "extendOptions": Object {
[38;2;0;95;95m[48;2;215;255;255m+             "_Ctor": Object {
[38;2;0;95;95m[48;2;215;255;255m+               "0": [Function],
[38;2;0;95;95m[48;2;215;255;255m+             },
[38;2;0;95;95m[48;2;215;255;255m+           },
[38;2;0;95;95m[48;2;215;255;255m+           "filter": [Function],
[38;2;0;95;95m[48;2;215;255;255m+           "filters": Object {},
[38;2;0;95;95m[48;2;215;255;255m+           "methods": undefined,
[38;2;0;95;95m[48;2;215;255;255m+           "mixin": [Function],
[38;2;0;95;95m[48;2;215;255;255m+           "mocks": undefined,
[38;2;0;95;95m[48;2;215;255;255m+           "nextTick": [Function],
[38;2;0;95;95m[48;2;215;255;255m+           "observable": [Function],
[38;2;0;95;95m[48;2;215;255;255m+           "options": Object {
[38;2;0;95;95m[48;2;215;255;255m+             "_Ctor": Object {
[38;2;0;95;95m[48;2;215;255;255m+               "0": [Function],
[38;2;0;95;95m[48;2;215;255;255m+             },
[38;2;0;95;95m[48;2;215;255;255m+             "_base": [Function],
[38;2;0;95;95m[48;2;215;255;255m+             "beforeCreate": Array [
[38;2;0;95;95m[48;2;215;255;255m+               [Function],
[38;2;0;95;95m[48;2;215;255;255m+               [Function],
[38;2;0;95;95m[48;2;215;255;255m+             ],
[38;2;0;95;95m[48;2;215;255;255m+             "components": Object {
[38;2;0;95;95m[48;2;215;255;255m+               "BTooltip": [Function],
[38;2;0;95;95m[48;2;215;255;255m+             },
[38;2;0;95;95m[48;2;215;255;255m+             "directives": Object {
[38;2;0;95;95m[48;2;215;255;255m+               "BHover": Object {
[38;2;0;95;95m[48;2;215;255;255m+                 "bind": [Function],
[38;2;0;95;95m[48;2;215;255;255m+                 "componentUpdated": [Function],
[38;2;0;95;95m[48;2;215;255;255m+                 "unbind": [Function],
[38;2;0;95;95m[48;2;215;255;255m+               },
[38;2;0;95;95m[48;2;215;255;255m+               "BModal": Object {
[38;2;0;95;95m[48;2;215;255;255m+                 "componentUpdated": [Function],
[38;2;0;95;95m[48;2;215;255;255m+                 "inserted": [Function],
[38;2;0;95;95m[48;2;215;255;255m+                 "unbind": [Function],
[38;2;0;95;95m[48;2;215;255;255m+                 "updated": [Function],
[38;2;0;95;95m[48;2;215;255;255m+               },
[38;2;0;95;95m[48;2;215;255;255m+               "BScrollspy": Object {
[38;2;0;95;95m[48;2;215;255;255m+                 "bind": [Function],
[38;2;0;95;95m[48;2;215;255;255m+                 "componentUpdated": [Function],
[38;2;0;95;95m[48;2;215;255;255m+                 "inserted": [Function],
[38;2;0;95;95m[48;2;215;255;255m+                 "unbind": [Function],
[38;2;0;95;95m[48;2;215;255;255m+                 "update": [Function],
[38;2;0;95;95m[48;2;215;255;255m+               },
[38;2;0;95;95m[48;2;215;255;255m+               "BTooltip": Object {
[38;2;0;95;95m[48;2;215;255;255m+                 "bind": [Function],
[38;2;0;95;95m[48;2;215;255;255m+                 "componentUpdated": [Function],
[38;2;0;95;95m[48;2;215;255;255m+                 "unbind": [Function],
[38;2;0;95;95m[48;2;215;255;255m+               },
[38;2;0;95;95m[48;2;215;255;255m+               "BVisible": Object {
[38;2;0;95;95m[48;2;215;255;255m+                 "bind": [Function],
[38;2;0;95;95m[48;2;215;255;255m+                 "componentUpdated": [Function],
[38;2;0;95;95m[48;2;215;255;255m+                 "unbind": [Function],
[38;2;0;95;95m[48;2;215;255;255m+               },
[38;2;0;95;95m[48;2;215;255;255m+             },
[38;2;0;95;95m[48;2;215;255;255m+             "filters": Object {},
[38;2;0;95;95m[48;2;215;255;255m+           },
[38;2;0;95;95m[48;2;215;255;255m+           "provide": [Function],
[38;2;0;95;95m[48;2;215;255;255m+           "render": [Function],
[38;2;0;95;95m[48;2;215;255;255m+           "sealedOptions": Object {
[38;2;0;95;95m[48;2;215;255;255m+             "_Ctor": Object {
[38;2;0;95;95m[48;2;215;255;255m+               "0": [Function],
[38;2;0;95;95m[48;2;215;255;255m+             },
[38;2;0;95;95m[48;2;215;255;255m+             "_base": [Function],
[38;2;0;95;95m[48;2;215;255;255m+             "components": Object {
[38;2;0;95;95m[48;2;215;255;255m+               "BAlert": [Function],
[38;2;0;95;95m[48;2;215;255;255m+               "BAspect": [Function],
[38;2;0;95;95m[48;2;215;255;255m+               "BAvatar": [Function],
[38;2;0;95;95m[48;2;215;255;255m+               "BAvatarGroup": [Function],
[38;2;0;95;95m[48;2;215;255;255m+               "BBadge": [Function],
[38;2;0;95;95m[48;2;215;255;255m+               "BBreadcrumb": [Function],
[38;2;0;95;95m[48;2;215;255;255m+               "BBreadcrumbItem": [Function],
[38;2;0;95;95m[48;2;215;255;255m+               "BBreadcrumbLink": [Function],
[38;2;0;95;95m[48;2;215;255;255m+               "BBtn": [Function],
[38;2;0;95;95m[48;2;215;255;255m+               "BBtnClose": [Function],
[38;2;0;95;95m[48;2;215;255;255m+               "BBtnGroup": [Function],
[38;2;0;95;95m[48;2;215;255;255m+               "BBtnToolbar": [Function],
[38;2;0;95;95m[48;2;215;255;255m+               "BButton": [Function],
[38;2;0;95;95m[48;2;215;255;255m+               "BButtonClose": [Function],
[38;2;0;95;95m[48;2;215;255;255m+               "BButtonGroup": [Function],
[38;2;0;95;95m[48;2;215;255;255m+               "BButtonToolbar": [Function],
[38;2;0;95;95m[48;2;215;255;255m+               "BCalendar": [Function],
[38;2;0;95;95m[48;2;215;255;255m+               "BCard": [Function],
[38;2;0;95;95m[48;2;215;255;255m+               "BCardBody": [Function],
[38;2;0;95;95m[48;2;215;255;255m+               "BCardFooter": [Function],
[38;2;0;95;95m[48;2;215;255;255m+               "BCardGroup": [Function],
[38;2;0;95;95m[48;2;215;255;255m+               "BCardHeader": [Function],
[38;2;0;95;95m[48;2;215;255;255m+               "BCardImg": [Function],
[38;2;0;95;95m[48;2;215;255;255m+               "BCardImgLazy": [Function],
[38;2;0;95;95m[48;2;215;255;255m+               "BCardSubTitle": [Function],
[38;2;0;95;95m[48;2;215;255;255m+               "BCardText": [Function],
[38;2;0;95;95m[48;2;215;255;255m+               "BCardTitle": [Function],
[38;2;0;95;95m[48;2;215;255;255m+               "BCarousel": [Function],
[38;2;0;95;95m[48;2;215;255;255m+               "BCarouselSlide": [Function],
[38;2;0;95;95m[48;2;215;255;255m+               "BCheck": [Function],
[38;2;0;95;95m[48;2;215;255;255m+               "BCheckGroup": [Function],
[38;2;0;95;95m[48;2;215;255;255m+               "BCheckbox": [Function],
[38;2;0;95;95m[48;2;215;255;255m+               "BCheckboxGroup": [Function],
[38;2;0;95;95m[48;2;215;255;255m+               "BCol": [Function],
[38;2;0;95;95m[48;2;215;255;255m+               "BCollapse": [Function],
[38;2;0;95;95m[48;2;215;255;255m+               "BContainer": [Function],
[38;2;0;95;95m[48;2;215;255;255m+               "BDatalist": [Function],
[38;2;0;95;95m[48;2;215;255;255m+               "BDatepicker": [Function],
[38;2;0;95;95m[48;2;215;255;255m+               "BDd": [Function],
[38;2;0;95;95m[48;2;215;255;255m+               "BDdDivider": [Function],
[38;2;0;95;95m[48;2;215;255;255m+               "BDdForm": [Function],
[38;2;0;95;95m[48;2;215;255;255m+               "BDdGroup": [Function],
[38;2;0;95;95m[48;2;215;255;255m+               "BDdHeader": [Function],
[38;2;0;95;95m[48;2;215;255;255m+               "BDdItem": [Function],
[38;2;0;95;95m[48;2;215;255;255m+               "BDdItemBtn": [Function],
[38;2;0;95;95m[48;2;215;255;255m+               "BDdItemButton": [Function],
[38;2;0;95;95m[48;2;215;255;255m+               "BDdText": [Function],
[38;2;0;95;95m[48;2;215;255;255m+               "BDropdown": [Function],
[38;2;0;95;95m[48;2;215;255;255m+               "BDropdownDivider": [Function],
[38;2;0;95;95m[48;2;215;255;255m+               "BDropdownForm": [Function],
[38;2;0;95;95m[48;2;215;255;255m+               "BDropdownGroup": [Function],
[38;2;0;95;95m[48;2;215;255;255m+               "BDropdownHeader": [Function],
[38;2;0;95;95m[48;2;215;255;255m+               "BDropdownItem": [Function],
[38;2;0;95;95m[48;2;215;255;255m+               "BDropdownItemBtn": [Function],
[38;2;0;95;95m[48;2;215;255;255m+               "BDropdownItemButton": [Function],
[38;2;0;95;95m[48;2;215;255;255m+               "BDropdownText": [Function],
[38;2;0;95;95m[48;2;215;255;255m+               "BEmbed": [Function],
[38;2;0;95;95m[48;2;215;255;255m+               "BFile": [Function],
[38;2;0;95;95m[48;2;215;255;255m+               "BForm": [Function],
[38;2;0;95;95m[48;2;215;255;255m+               "BFormCheckbox": [Function],
[38;2;0;95;95m[48;2;215;255;255m+               "BFormCheckboxGroup": [Function],
[38;2;0;95;95m[48;2;215;255;255m+               "BFormDatalist": [Function],
[38;2;0;95;95m[48;2;215;255;255m+               "BFormDatepicker": [Function],
[38;2;0;95;95m[48;2;215;255;255m+               "BFormFeedback": [Function],
[38;2;0;95;95m[48;2;215;255;255m+               "BFormFieldset": [Function],
[38;2;0;95;95m[48;2;215;255;255m+               "BFormFile": [Function],
[38;2;0;95;95m[48;2;215;255;255m+               "BFormGroup": [Function],
[38;2;0;95;95m[48;2;215;255;255m+               "BFormInput": [Function],
[38;2;0;95;95m[48;2;215;255;255m+               "BFormInvalidFeedback": [Function],
[38;2;0;95;95m[48;2;215;255;255m+               "BFormRadio": [Function],
[38;2;0;95;95m[48;2;215;255;255m+               "BFormRadioGroup": [Function],
[38;2;0;95;95m[48;2;215;255;255m+               "BFormRating": [Function],
[38;2;0;95;95m[48;2;215;255;255m+               "BFormRow": [Function],
[38;2;0;95;95m[48;2;215;255;255m+               "BFormSelect": [Function],
[38;2;0;95;95m[48;2;215;255;255m+               "BFormSelectOption": [Function],
[38;2;0;95;95m[48;2;215;255;255m+               "BFormSelectOptionGroup": [Function],
[38;2;0;95;95m[48;2;215;255;255m+               "BFormSpinbutton": [Function],
[38;2;0;95;95m[48;2;215;255;255m+               "BFormTag": [Function],
[38;2;0;95;95m[48;2;215;255;255m+               "BFormTags": [Function],
[38;2;0;95;95m[48;2;215;255;255m+               "BFormText": [Function],
[38;2;0;95;95m[48;2;215;255;255m+               "BFormTextarea": [Function],
[38;2;0;95;95m[48;2;215;255;255m+               "BFormTimepicker": [Function],
[38;2;0;95;95m[48;2;215;255;255m+               "BFormValidFeedback": [Function],
[38;2;0;95;95m[48;2;215;255;255m+               "BImg": [Function],
[38;2;0;95;95m[48;2;215;255;255m+               "BImgLazy": [Function],
[38;2;0;95;95m[48;2;215;255;255m+               "BInput": [Function],
[38;2;0;95;95m[48;2;215;255;255m+               "BInputGroup": [Function],
[38;2;0;95;95m[48;2;215;255;255m+               "BInputGroupAddon": [Function],
[38;2;0;95;95m[48;2;215;255;255m+               "BInputGroupAppend": [Function],
[38;2;0;95;95m[48;2;215;255;255m+               "BInputGroupPrepend": [Function],
[38;2;0;95;95m[48;2;215;255;255m+               "BInputGroupText": [Function],
[38;2;0;95;95m[48;2;215;255;255m+               "BJumbotron": [Function],
[38;2;0;95;95m[48;2;215;255;255m+               "BLink": [Function],
[38;2;0;95;95m[48;2;215;255;255m+               "BListGroup": [Function],
[38;2;0;95;95m[48;2;215;255;255m+               "BListGroupItem": [Function],
[38;2;0;95;95m[48;2;215;255;255m+               "BMedia": [Function],
[38;2;0;95;95m[48;2;215;255;255m+               "BMediaAside": [Function],
[38;2;0;95;95m[48;2;215;255;255m+               "BMediaBody": [Function],
[38;2;0;95;95m[48;2;215;255;255m+               "BModal": [Function],
[38;2;0;95;95m[48;2;215;255;255m+               "BRadio": [Function],
[38;2;0;95;95m[48;2;215;255;255m+               "BRadioGroup": [Function],
[38;2;0;95;95m[48;2;215;255;255m+               "BRating": [Function],
[38;2;0;95;95m[48;2;215;255;255m+               "BRow": [Function],
[38;2;0;95;95m[48;2;215;255;255m+               "BSelect": [Function],
[38;2;0;95;95m[48;2;215;255;255m+               "BSelectOption": [Function],
[38;2;0;95;95m[48;2;215;255;255m+               "BSelectOptionGroup": [Function],
[38;2;0;95;95m[48;2;215;255;255m+               "BSpinbutton": [Function],
[38;2;0;95;95m[48;2;215;255;255m+               "BTag": [Function],
[38;2;0;95;95m[48;2;215;255;255m+               "BTags": [Function],
[38;2;0;95;95m[48;2;215;255;255m+               "BTextarea": [Function],
[38;2;0;95;95m[48;2;215;255;255m+               "BTimepicker": [Function],
[38;2;0;95;95m[48;2;215;255;255m+             },
[38;2;0;95;95m[48;2;215;255;255m+             "directives": Object {
[38;2;0;95;95m[48;2;215;255;255m+               "BModal": Object {
[38;2;0;95;95m[48;2;215;255;255m+                 "componentUpdated": [Function],
[38;2;0;95;95m[48;2;215;255;255m+                 "inserted": [Function],
[38;2;0;95;95m[48;2;215;255;255m+                 "unbind": [Function],
[38;2;0;95;95m[48;2;215;255;255m+                 "updated": [Function],
[38;2;0;95;95m[48;2;215;255;255m+               },
[38;2;0;95;95m[48;2;215;255;255m+               "BToggle": Object {
[38;2;0;95;95m[48;2;215;255;255m+                 "bind": [Function],
[38;2;0;95;95m[48;2;215;255;255m+                 "componentUpdated": [Function],
[38;2;0;95;95m[48;2;215;255;255m+                 "unbind": [Function],
[38;2;0;95;95m[48;2;215;255;255m+                 "updated": [Function],
[38;2;0;95;95m[48;2;215;255;255m+               },
[38;2;0;95;95m[48;2;215;255;255m+             },
[38;2;0;95;95m[48;2;215;255;255m+             "filters": Object {},
[38;2;0;95;95m[48;2;215;255;255m+           },
[38;2;0;95;95m[48;2;215;255;255m+           "set": [Function],
[38;2;0;95;95m[48;2;215;255;255m+           "shouldProxy": true,
[38;2;0;95;95m[48;2;215;255;255m+           "stubs": Object {
[38;2;0;95;95m[48;2;215;255;255m+             "transition": true,
[38;2;0;95;95m[48;2;215;255;255m+             "transition-group": true,
[38;2;0;95;95m[48;2;215;255;255m+           },
[38;2;0;95;95m[48;2;215;255;255m+           "super": [Function],
[38;2;0;95;95m[48;2;215;255;255m+           "superOptions": Object {
[38;2;0;95;95m[48;2;215;255;255m+             "_base": [Function],
[38;2;0;95;95m[48;2;215;255;255m+             "components": Object {
[38;2;0;95;95m[48;2;215;255;255m+               "KeepAlive": Object {
[38;2;0;95;95m[48;2;215;255;255m+                 "abstract": true,
[38;2;0;95;95m[48;2;215;255;255m+                 "created": [Function],
[38;2;0;95;95m[48;2;215;255;255m+                 "destroyed": [Function],
[38;2;0;95;95m[48;2;215;255;255m+                 "methods": Object {
[38;2;0;95;95m[48;2;215;255;255m+                   "cacheVNode": [Function],
[38;2;0;95;95m[48;2;215;255;255m+                 },
[38;2;0;95;95m[48;2;215;255;255m+                 "mounted": [Function],
[38;2;0;95;95m[48;2;215;255;255m+                 "name": "keep-alive",
[38;2;0;95;95m[48;2;215;255;255m+                 "props": Object {
[38;2;0;95;95m[48;2;215;255;255m+                   "exclude": Array [
[38;2;0;95;95m[48;2;215;255;255m+                     [Function],
[38;2;0;95;95m[48;2;215;255;255m+                     [Function],
[38;2;0;95;95m[48;2;215;255;255m+                     [Function],
[38;2;0;95;95m[48;2;215;255;255m+                   ],
[38;2;0;95;95m[48;2;215;255;255m+                   "include": Array [
[38;2;0;95;95m[48;2;215;255;255m+                     [Function],
[38;2;0;95;95m[48;2;215;255;255m+                     [Function],
[38;2;0;95;95m[48;2;215;255;255m+                     [Function],
[38;2;0;95;95m[48;2;215;255;255m+                   ],
[38;2;0;95;95m[48;2;215;255;255m+                   "max": Array [
[38;2;0;95;95m[48;2;215;255;255m+                     [Function],
[38;2;0;95;95m[48;2;215;255;255m+                     [Function],
[38;2;0;95;95m[48;2;215;255;255m+                   ],
[38;2;0;95;95m[48;2;215;255;255m+                 },
[38;2;0;95;95m[48;2;215;255;255m+                 "render": [Function],
[38;2;0;95;95m[48;2;215;255;255m+                 "updated": [Function],
[38;2;0;95;95m[48;2;215;255;255m+               },
[38;2;0;95;95m[48;2;215;255;255m+               "Transition": Object {
[38;2;0;95;95m[48;2;215;255;255m+                 "_Ctor": Object {
[38;2;0;95;95m[48;2;215;255;255m+                   "1404": [Function],
[38;2;0;95;95m[48;2;215;255;255m+                 },
[38;2;0;95;95m[48;2;215;255;255m+                 "abstract": true,
[38;2;0;95;95m[48;2;215;255;255m+                 "name": "transition",
[38;2;0;95;95m[48;2;215;255;255m+                 "props": Object {
[38;2;0;95;95m[48;2;215;255;255m+                   "appear": Object {
[38;2;0;95;95m[48;2;215;255;255m+                     "type": [Function],
[38;2;0;95;95m[48;2;215;255;255m+                   },
[38;2;0;95;95m[48;2;215;255;255m+                   "appearActiveClass": Object {
[38;2;0;95;95m[48;2;215;255;255m+                     "type": [Function],
[38;2;0;95;95m[48;2;215;255;255m+                   },
[38;2;0;95;95m[48;2;215;255;255m+                   "appearClass": Object {
[38;2;0;95;95m[48;2;215;255;255m+                     "type": [Function],
[38;2;0;95;95m[48;2;215;255;255m+                   },
[38;2;0;95;95m[48;2;215;255;255m+                   "appearToClass": Object {
[38;2;0;95;95m[48;2;215;255;255m+                     "type": [Function],
[38;2;0;95;95m[48;2;215;255;255m+                   },
[38;2;0;95;95m[48;2;215;255;255m+                   "css": Object {
[38;2;0;95;95m[48;2;215;255;255m+                     "type": [Function],
[38;2;0;95;95m[48;2;215;255;255m+                   },
[38;2;0;95;95m[48;2;215;255;255m+                   "duration": Object {
[38;2;0;95;95m[48;2;215;255;255m+                     "type": Array [
[38;2;0;95;95m[48;2;215;255;255m+                       [Function],
[38;2;0;95;95m[48;2;215;255;255m+                       [Function],
[38;2;0;95;95m[48;2;215;255;255m+                       [Function],
[38;2;0;95;95m[48;2;215;255;255m+                     ],
[38;2;0;95;95m[48;2;215;255;255m+                   },
[38;2;0;95;95m[48;2;215;255;255m+                   "enterActiveClass": Object {
[38;2;0;95;95m[48;2;215;255;255m+                     "type": [Function],
[38;2;0;95;95m[48;2;215;255;255m+                   },
[38;2;0;95;95m[48;2;215;255;255m+                   "enterClass": Object {
[38;2;0;95;95m[48;2;215;255;255m+                     "type": [Function],
[38;2;0;95;95m[48;2;215;255;255m+                   },
[38;2;0;95;95m[48;2;215;255;255m+                   "enterToClass": Object {
[38;2;0;95;95m[48;2;215;255;255m+                     "type": [Function],
[38;2;0;95;95m[48;2;215;255;255m+                   },
[38;2;0;95;95m[48;2;215;255;255m+                   "leaveActiveClass": Object {
[38;2;0;95;95m[48;2;215;255;255m+                     "type": [Function],
[38;2;0;95;95m[48;2;215;255;255m+                   },
[38;2;0;95;95m[48;2;215;255;255m+                   "leaveClass": Object {
[38;2;0;95;95m[48;2;215;255;255m+                     "type": [Function],
[38;2;0;95;95m[48;2;215;255;255m+                   },
[38;2;0;95;95m[48;2;215;255;255m+                   "leaveToClass": Object {
[38;2;0;95;95m[48;2;215;255;255m+                     "type": [Function],
[38;2;0;95;95m[48;2;215;255;255m+                   },
[38;2;0;95;95m[48;2;215;255;255m+                   "mode": Object {
[38;2;0;95;95m[48;2;215;255;255m+                     "type": [Function],
[38;2;0;95;95m[48;2;215;255;255m+                   },
[38;2;0;95;95m[48;2;215;255;255m+                   "name": Object {
[38;2;0;95;95m[48;2;215;255;255m+                     "type": [Function],
[38;2;0;95;95m[48;2;215;255;255m+                   },
[38;2;0;95;95m[48;2;215;255;255m+                   "type": Object {
[38;2;0;95;95m[48;2;215;255;255m+                     "type": [Function],
[38;2;0;95;95m[48;2;215;255;255m+                   },
[38;2;0;95;95m[48;2;215;255;255m+                 },
[38;2;0;95;95m[48;2;215;255;255m+                 "render": [Function],
[38;2;0;95;95m[48;2;215;255;255m+               },
[38;2;0;95;95m[48;2;215;255;255m+               "TransitionGroup": Object {
[38;2;0;95;95m[48;2;215;255;255m+                 "_Ctor": Object {
[38;2;0;95;95m[48;2;215;255;255m+                   "1404": [Function],
[38;2;0;95;95m[48;2;215;255;255m+                 },
[38;2;0;95;95m[48;2;215;255;255m+                 "beforeMount": [Function],
[38;2;0;95;95m[48;2;215;255;255m+                 "methods": Object {
[38;2;0;95;95m[48;2;215;255;255m+                   "hasMove": [Function],
[38;2;0;95;95m[48;2;215;255;255m+                 },
[38;2;0;95;95m[48;2;215;255;255m+                 "props": Object {
[38;2;0;95;95m[48;2;215;255;255m+                   "appear": Object {
[38;2;0;95;95m[48;2;215;255;255m+                     "type": [Function],
[38;2;0;95;95m[48;2;215;255;255m+                   },
[38;2;0;95;95m[48;2;215;255;255m+                   "appearActiveClass": Object {
[38;2;0;95;95m[48;2;215;255;255m+                     "type": [Function],
[38;2;0;95;95m[48;2;215;255;255m+                   },
[38;2;0;95;95m[48;2;215;255;255m+                   "appearClass": Object {
[38;2;0;95;95m[48;2;215;255;255m+                     "type": [Function],
[38;2;0;95;95m[48;2;215;255;255m+                   },
[38;2;0;95;95m[48;2;215;255;255m+                   "appearToClass": Object {
[38;2;0;95;95m[48;2;215;255;255m+                     "type": [Function],
[38;2;0;95;95m[48;2;215;255;255m+                   },
[38;2;0;95;95m[48;2;215;255;255m+                   "css": Object {
[38;2;0;95;95m[48;2;215;255;255m+                     "type": [Function],
[38;2;0;95;95m[48;2;215;255;255m+                   },
[38;2;0;95;95m[48;2;215;255;255m+                   "duration": Object {
[38;2;0;95;95m[48;2;215;255;255m+                     "type": Array [
[38;2;0;95;95m[48;2;215;255;255m+                       [Function],
[38;2;0;95;95m[48;2;215;255;255m+                       [Function],
[38;2;0;95;95m[48;2;215;255;255m+                       [Function],
[38;2;0;95;95m[48;2;215;255;255m+                     ],
[38;2;0;95;95m[48;2;215;255;255m+                   },
[38;2;0;95;95m[48;2;215;255;255m+                   "enterActiveClass": Object {
[38;2;0;95;95m[48;2;215;255;255m+                     "type": [Function],
[38;2;0;95;95m[48;2;215;255;255m+                   },
[38;2;0;95;95m[48;2;215;255;255m+                   "enterClass": Object {
[38;2;0;95;95m[48;2;215;255;255m+                     "type": [Function],
[38;2;0;95;95m[48;2;215;255;255m+                   },
[38;2;0;95;95m[48;2;215;255;255m+                   "enterToClass": Object {
[38;2;0;95;95m[48;2;215;255;255m+                     "type": [Function],
[38;2;0;95;95m[48;2;215;255;255m+                   },
[38;2;0;95;95m[48;2;215;255;255m+                   "leaveActiveClass": Object {
[38;2;0;95;95m[48;2;215;255;255m+                     "type": [Function],
[38;2;0;95;95m[48;2;215;255;255m+                   },
[38;2;0;95;95m[48;2;215;255;255m+                   "leaveClass": Object {
[38;2;0;95;95m[48;2;215;255;255m+                     "type": [Function],
[38;2;0;95;95m[48;2;215;255;255m+                   },
[38;2;0;95;95m[48;2;215;255;255m+                   "leaveToClass": Object {
[38;2;0;95;95m[48;2;215;255;255m+                     "type": [Function],
[38;2;0;95;95m[48;2;215;255;255m+                   },
[38;2;0;95;95m[48;2;215;255;255m+                   "moveClass": Object {
[38;2;0;95;95m[48;2;215;255;255m+                     "type": [Function],
[38;2;0;95;95m[48;2;215;255;255m+                   },
[38;2;0;95;95m[48;2;215;255;255m+                   "name": Object {
[38;2;0;95;95m[48;2;215;255;255m+                     "type": [Function],
[38;2;0;95;95m[48;2;215;255;255m+                   },
[38;2;0;95;95m[48;2;215;255;255m+                   "tag": Object {
[38;2;0;95;95m[48;2;215;255;255m+                     "type": [Function],
[38;2;0;95;95m[48;2;215;255;255m+                   },
[38;2;0;95;95m[48;2;215;255;255m+                   "type": Object {
[38;2;0;95;95m[48;2;215;255;255m+                     "type": [Function],
[38;2;0;95;95m[48;2;215;255;255m+                   },
[38;2;0;95;95m[48;2;215;255;255m+                 },
[38;2;0;95;95m[48;2;215;255;255m+                 "render": [Function],
[38;2;0;95;95m[48;2;215;255;255m+                 "updated": [Function],
[38;2;0;95;95m[48;2;215;255;255m+               },
[38;2;0;95;95m[48;2;215;255;255m+             },
[38;2;0;95;95m[48;2;215;255;255m+             "directives": Object {
[38;2;0;95;95m[48;2;215;255;255m+               "model": Object {
[38;2;0;95;95m[48;2;215;255;255m+                 "componentUpdated": [Function],
[38;2;0;95;95m[48;2;215;255;255m+                 "inserted": [Function],
[38;2;0;95;95m[48;2;215;255;255m+               },
[38;2;0;95;95m[48;2;215;255;255m+               "show": Object {
[38;2;0;95;95m[48;2;215;255;255m+                 "bind": [Function],
[38;2;0;95;95m[48;2;215;255;255m+                 "unbind": [Function],
[38;2;0;95;95m[48;2;215;255;255m+                 "update": [Function],
[38;2;0;95;95m[48;2;215;255;255m+               },
[38;2;0;95;95m[48;2;215;255;255m+             },
[38;2;0;95;95m[48;2;215;255;255m+             "filters": Object {},
[38;2;0;95;95m[48;2;215;255;255m+           },
[38;2;0;95;95m[48;2;215;255;255m+           "use": [Function],
[38;2;0;95;95m[48;2;215;255;255m+           "util": Object {
[38;2;0;95;95m[48;2;215;255;255m+             "defineReactive": [Function],
[38;2;0;95;95m[48;2;215;255;255m+             "extend": [Function],
[38;2;0;95;95m[48;2;215;255;255m+             "mergeOptions": [Function],
[38;2;0;95;95m[48;2;215;255;255m+             "warn": [Function],
[38;2;0;95;95m[48;2;215;255;255m+           },
[38;2;0;95;95m[48;2;215;255;255m+           "version": "2.6.14",
[38;2;0;95;95m[48;2;215;255;255m+         },
[38;2;0;95;95m[48;2;215;255;255m+         "$parent": undefined,
[38;2;0;95;95m[48;2;215;255;255m+         "$refs": Object {},
[38;2;0;95;95m[48;2;215;255;255m+         "$root": [Circular],
[38;2;0;95;95m[48;2;215;255;255m+         "$scopedSlots": Object {},
[38;2;0;95;95m[48;2;215;255;255m+         "$slots": Object {},
[38;2;0;95;95m[48;2;215;255;255m+         "$vnode": undefined,
[38;2;0;95;95m[48;2;215;255;255m+         "__emitted": Object {},
[38;2;0;95;95m[48;2;215;255;255m+         "__emittedByOrder": Array [],
[38;2;0;95;95m[48;2;215;255;255m+         "_c": [Function],
[38;2;0;95;95m[48;2;215;255;255m+         "_data": Object {
[38;2;0;95;95m[48;2;215;255;255m+           "vueTestUtils_childProps": Object {},
[38;2;0;95;95m[48;2;215;255;255m+         },
[38;2;0;95;95m[48;2;215;255;255m+         "_directInactive": false,
[38;2;0;95;95m[48;2;215;255;255m+         "_events": Object {},
[38;2;0;95;95m[48;2;215;255;255m+         "_hasHookEvent": false,
[38;2;0;95;95m[48;2;215;255;255m+         "_inactive": null,
[38;2;0;95;95m[48;2;215;255;255m+         "_isBeingDestroyed": false,
[38;2;0;95;95m[48;2;215;255;255m+         "_isDestroyed": false,
[38;2;0;95;95m[48;2;215;255;255m+         "_isMounted": true,
[38;2;0;95;95m[48;2;215;255;255m+         "_isVue": true,
[38;2;0;95;95m[48;2;215;255;255m+         "_provided": Object {},
[38;2;0;95;95m[48;2;215;255;255m+         "_renderProxy": VueComponent {
[38;2;0;95;95m[48;2;215;255;255m+           "$attrs": Object {},
[38;2;0;95;95m[48;2;215;255;255m+           "$children": Array [
[38;2;0;95;95m[48;2;215;255;255m+             [Circular],
[38;2;0;95;95m[48;2;215;255;255m+           ],
[38;2;0;95;95m[48;2;215;255;255m+           "$createElement": [Function],
[38;2;0;95;95m[48;2;215;255;255m+           "$el": <div>
[38;2;0;95;95m[48;2;215;255;255m+             <b-dropdown
[38;2;0;95;95m[48;2;215;255;255m+               no-caret=""
[38;2;0;95;95m[48;2;215;255;255m+               right=""
[38;2;0;95;95m[48;2;215;255;255m+               size="lg"
[38;2;0;95;95m[48;2;215;255;255m+               variant="link"
[38;2;0;95;95m[48;2;215;255;255m+             >
[38;2;0;95;95m[48;2;215;255;255m+                
[38;2;0;95;95m[48;2;215;255;255m+               <b-dropdown-item>
[38;2;0;95;95m[48;2;215;255;255m+                 <b-icon
[38;2;0;95;95m[48;2;215;255;255m+                   icon="door-open"
[38;2;0;95;95m[48;2;215;255;255m+                 />
[38;2;0;95;95m[48;2;215;255;255m+                 
[38;2;0;95;95m[48;2;215;255;255m+       回到主页
[38;2;0;95;95m[48;2;215;255;255m+     
[38;2;0;95;95m[48;2;215;255;255m+               </b-dropdown-item>
[38;2;0;95;95m[48;2;215;255;255m+                
[38;2;0;95;95m[48;2;215;255;255m+               <b-dropdown-item>
[38;2;0;95;95m[48;2;215;255;255m+                 <b-icon
[38;2;0;95;95m[48;2;215;255;255m+                   icon="cursor-fill"
[38;2;0;95;95m[48;2;215;255;255m+                 />
[38;2;0;95;95m[48;2;215;255;255m+                 
[38;2;0;95;95m[48;2;215;255;255m+       注销用户
[38;2;0;95;95m[48;2;215;255;255m+     
[38;2;0;95;95m[48;2;215;255;255m+               </b-dropdown-item>
[38;2;0;95;95m[48;2;215;255;255m+             </b-dropdown>
[38;2;0;95;95m[48;2;215;255;255m+           </div>,
[38;2;0;95;95m[48;2;215;255;255m+           "$emit": [Function],
[38;2;0;95;95m[48;2;215;255;255m+           "$listeners": Object {},
[38;2;0;95;95m[48;2;215;255;255m+           "$options": Object {
[38;2;0;95;95m[48;2;215;255;255m+             "$_doNotStubChildren": true,
[38;2;0;95;95m[48;2;215;255;255m+             "$_isWrapperParent": true,
[38;2;0;95;95m[48;2;215;255;255m+             "_Ctor": Object {
[38;2;0;95;95m[48;2;215;255;255m+               "1404": [Function],
[38;2;0;95;95m[48;2;215;255;255m+             },
[38;2;0;95;95m[48;2;215;255;255m+             "_base": [Function],
[38;2;0;95;95m[48;2;215;255;255m+             "_installedPlugins": Array [
[38;2;0;95;95m[48;2;215;255;255m+               Object {
[38;2;0;95;95m[48;2;215;255;255m+                 "install": [Function],
[38;2;0;95;95m[48;2;215;255;255m+               },
[38;2;0;95;95m[48;2;215;255;255m+               Object {
[38;2;0;95;95m[48;2;215;255;255m+                 "install": [Function],
[38;2;0;95;95m[48;2;215;255;255m+               },
[38;2;0;95;95m[48;2;215;255;255m+               Object {
[38;2;0;95;95m[48;2;215;255;255m+                 "install": [Function],
[38;2;0;95;95m[48;2;215;255;255m+               },
[38;2;0;95;95m[48;2;215;255;255m+               Object {
[38;2;0;95;95m[48;2;215;255;255m+                 "install": [Function],
[38;2;0;95;95m[48;2;215;255;255m+               },
[38;2;0;95;95m[48;2;215;255;255m+               Object {
[38;2;0;95;95m[48;2;215;255;255m+                 "install": [Function],
[38;2;0;95;95m[48;2;215;255;255m+               },
[38;2;0;95;95m[48;2;215;255;255m+               Object {
[38;2;0;95;95m[48;2;215;255;255m+                 "install": [Function],
[38;2;0;95;95m[48;2;215;255;255m+               },
[38;2;0;95;95m[48;2;215;255;255m+               Object {
[38;2;0;95;95m[48;2;215;255;255m+                 "install": [Function],
[38;2;0;95;95m[48;2;215;255;255m+               },
[38;2;0;95;95m[48;2;215;255;255m+               Object {
[38;2;0;95;95m[48;2;215;255;255m+                 "install": [Function],
[38;2;0;95;95m[48;2;215;255;255m+               },
[38;2;0;95;95m[48;2;215;255;255m+               Object {
[38;2;0;95;95m[48;2;215;255;255m+                 "install": [Function],
[38;2;0;95;95m[48;2;215;255;255m+               },
[38;2;0;95;95m[48;2;215;255;255m+               Object {
[38;2;0;95;95m[48;2;215;255;255m+                 "install": [Function],
[38;2;0;95;95m[48;2;215;255;255m+               },
[38;2;0;95;95m[48;2;215;255;255m+               Object {
[38;2;0;95;95m[48;2;215;255;255m+                 "install": [Function],
[38;2;0;95;95m[48;2;215;255;255m+               },
[38;2;0;95;95m[48;2;215;255;255m+               Object {
[38;2;0;95;95m[48;2;215;255;255m+                 "install": [Function],
[38;2;0;95;95m[48;2;215;255;255m+               },
[38;2;0;95;95m[48;2;215;255;255m+               Object {
[38;2;0;95;95m[48;2;215;255;255m+                 "install": [Function],
[38;2;0;95;95m[48;2;215;255;255m+               },
[38;2;0;95;95m[48;2;215;255;255m+               Object {
[38;2;0;95;95m[48;2;215;255;255m+                 "install": [Function],
[38;2;0;95;95m[48;2;215;255;255m+               },
[38;2;0;95;95m[48;2;215;255;255m+               Object {
[38;2;0;95;95m[48;2;215;255;255m+                 "install": [Function],
[38;2;0;95;95m[48;2;215;255;255m+               },
[38;2;0;95;95m[48;2;215;255;255m+               Object {
[38;2;0;95;95m[48;2;215;255;255m+                 "install": [Function],
[38;2;0;95;95m[48;2;215;255;255m+               },
[38;2;0;95;95m[48;2;215;255;255m+               Object {
[38;2;0;95;95m[48;2;215;255;255m+                 "install": [Function],
[38;2;0;95;95m[48;2;215;255;255m+               },
[38;2;0;95;95m[48;2;215;255;255m+               Object {
[38;2;0;95;95m[48;2;215;255;255m+                 "install": [Function],
[38;2;0;95;95m[48;2;215;255;255m+               },
[38;2;0;95;95m[48;2;215;255;255m+               Object {
[38;2;0;95;95m[48;2;215;255;255m+                 "install": [Function],
[38;2;0;95;95m[48;2;215;255;255m+               },
[38;2;0;95;95m[48;2;215;255;255m+               Object {
[38;2;0;95;95m[48;2;215;255;255m+                 "install": [Function],
[38;2;0;95;95m[48;2;215;255;255m+               },
[38;2;0;95;95m[48;2;215;255;255m+               Object {
[38;2;0;95;95m[48;2;215;255;255m+                 "install": [Function],
[38;2;0;95;95m[48;2;215;255;255m+               },
[38;2;0;95;95m[48;2;215;255;255m+               Object {
[38;2;0;95;95m[48;2;215;255;255m+                 "install": [Function],
[38;2;0;95;95m[48;2;215;255;255m+               },
[38;2;0;95;95m[48;2;215;255;255m+               Object {
[38;2;0;95;95m[48;2;215;255;255m+                 "install": [Function],
[38;2;0;95;95m[48;2;215;255;255m+               },
[38;2;0;95;95m[48;2;215;255;255m+               Object {
[38;2;0;95;95m[48;2;215;255;255m+                 "install": [Function],
[38;2;0;95;95m[48;2;215;255;255m+               },
[38;2;0;95;95m[48;2;215;255;255m+               Object {
[38;2;0;95;95m[48;2;215;255;255m+                 "install": [Function],
[38;2;0;95;95m[48;2;215;255;255m+               },
[38;2;0;95;95m[48;2;215;255;255m+               Object {
[38;2;0;95;95m[48;2;215;255;255m+                 "install": [Function],
[38;2;0;95;95m[48;2;215;255;255m+               },
[38;2;0;95;95m[48;2;215;255;255m+               Object {
[38;2;0;95;95m[48;2;215;255;255m+                 "install": [Function],
[38;2;0;95;95m[48;2;215;255;255m+               },
[38;2;0;95;95m[48;2;215;255;255m+               Object {
[38;2;0;95;95m[48;2;215;255;255m+                 "install": [Function],
[38;2;0;95;95m[48;2;215;255;255m+               },
[38;2;0;95;95m[48;2;215;255;255m+               Object {
[38;2;0;95;95m[48;2;215;255;255m+                 "install": [Function],
[38;2;0;95;95m[48;2;215;255;255m+               },
[38;2;0;95;95m[48;2;215;255;255m+               Object {
[38;2;0;95;95m[48;2;215;255;255m+                 "install": [Function],
[38;2;0;95;95m[48;2;215;255;255m+               },
[38;2;0;95;95m[48;2;215;255;255m+               Object {
[38;2;0;95;95m[48;2;215;255;255m+                 "install": [Function],
[38;2;0;95;95m[48;2;215;255;255m+               },
[38;2;0;95;95m[48;2;215;255;255m+               Object {
[38;2;0;95;95m[48;2;215;255;255m+                 "install": [Function],
[38;2;0;95;95m[48;2;215;255;255m+               },
[38;2;0;95;95m[48;2;215;255;255m+               Object {
[38;2;0;95;95m[48;2;215;255;255m+                 "install": [Function],
[38;2;0;95;95m[48;2;215;255;255m+               },
[38;2;0;95;95m[48;2;215;255;255m+               Object {
[38;2;0;95;95m[48;2;215;255;255m+                 "install": [Function],
[38;2;0;95;95m[48;2;215;255;255m+               },
[38;2;0;95;95m[48;2;215;255;255m+               Object {
[38;2;0;95;95m[48;2;215;255;255m+                 "install": [Function],
[38;2;0;95;95m[48;2;215;255;255m+               },
[38;2;0;95;95m[48;2;215;255;255m+               [Function],
[38;2;0;95;95m[48;2;215;255;255m+               Object {
[38;2;0;95;95m[48;2;215;255;255m+                 "install": [Function],
[38;2;0;95;95m[48;2;215;255;255m+               },
[38;2;0;95;95m[48;2;215;255;255m+               Object {
[38;2;0;95;95m[48;2;215;255;255m+                 "install": [Function],
[38;2;0;95;95m[48;2;215;255;255m+               },
[38;2;0;95;95m[48;2;215;255;255m+               Object {
[38;2;0;95;95m[48;2;215;255;255m+                 "install": [Function],
[38;2;0;95;95m[48;2;215;255;255m+               },
[38;2;0;95;95m[48;2;215;255;255m+               Object {
[38;2;0;95;95m[48;2;215;255;255m+                 "install": [Function],
[38;2;0;95;95m[48;2;215;255;255m+               },
[38;2;0;95;95m[48;2;215;255;255m+               Object {
[38;2;0;95;95m[48;2;215;255;255m+                 "install": [Function],
[38;2;0;95;95m[48;2;215;255;255m+               },
[38;2;0;95;95m[48;2;215;255;255m+               Object {
[38;2;0;95;95m[48;2;215;255;255m+                 "install": [Function],
[38;2;0;95;95m[48;2;215;255;255m+               },
[38;2;0;95;95m[48;2;215;255;255m+               Object {
[38;2;0;95;95m[48;2;215;255;255m+                 "install": [Function],
[38;2;0;95;95m[48;2;215;255;255m+               },
[38;2;0;95;95m[48;2;215;255;255m+               Object {
[38;2;0;95;95m[48;2;215;255;255m+                 "install": [Function],
[38;2;0;95;95m[48;2;215;255;255m+               },
[38;2;0;95;95m[48;2;215;255;255m+               Object {
[38;2;0;95;95m[48;2;215;255;255m+                 "install": [Function],
[38;2;0;95;95m[48;2;215;255;255m+               },
[38;2;0;95;95m[48;2;215;255;255m+               Object {
[38;2;0;95;95m[48;2;215;255;255m+                 "install": [Function],
[38;2;0;95;95m[48;2;215;255;255m+               },
[38;2;0;95;95m[48;2;215;255;255m+               Object {
[38;2;0;95;95m[48;2;215;255;255m+                 "install": [Function],
[38;2;0;95;95m[48;2;215;255;255m+               },
[38;2;0;95;95m[48;2;215;255;255m+               Object {
[38;2;0;95;95m[48;2;215;255;255m+                 "install": [Function],
[38;2;0;95;95m[48;2;215;255;255m+               },
[38;2;0;95;95m[48;2;215;255;255m+               Object {
[38;2;0;95;95m[48;2;215;255;255m+                 "install": [Function],
[38;2;0;95;95m[48;2;215;255;255m+               },
[38;2;0;95;95m[48;2;215;255;255m+               Object {
[38;2;0;95;95m[48;2;215;255;255m+                 "install": [Function],
[38;2;0;95;95m[48;2;215;255;255m+               },
[38;2;0;95;95m[48;2;215;255;255m+               Object {
[38;2;0;95;95m[48;2;215;255;255m+                 "install": [Function],
[38;2;0;95;95m[48;2;215;255;255m+               },
[38;2;0;95;95m[48;2;215;255;255m+               Object {
[38;2;0;95;95m[48;2;215;255;255m+                 "install": [Function],
[38;2;0;95;95m[48;2;215;255;255m+               },
[38;2;0;95;95m[48;2;215;255;255m+               Object {
[38;2;0;95;95m[48;2;215;255;255m+                 "install": [Function],
[38;2;0;95;95m[48;2;215;255;255m+               },
[38;2;0;95;95m[48;2;215;255;255m+               Object {
[38;2;0;95;95m[48;2;215;255;255m+                 "install": [Function],
[38;2;0;95;95m[48;2;215;255;255m+               },
[38;2;0;95;95m[48;2;215;255;255m+               [Function],
[38;2;0;95;95m[48;2;215;255;255m+               Object {
[38;2;0;95;95m[48;2;215;255;255m+                 "install": [Function],
[38;2;0;95;95m[48;2;215;255;255m+               },
[38;2;0;95;95m[48;2;215;255;255m+               Object {
[38;2;0;95;95m[48;2;215;255;255m+                 "install": [Function],
[38;2;0;95;95m[48;2;215;255;255m+               },
[38;2;0;95;95m[48;2;215;255;255m+               Object {
[38;2;0;95;95m[48;2;215;255;255m+                 "install": [Function],
[38;2;0;95;95m[48;2;215;255;255m+               },
[38;2;0;95;95m[48;2;215;255;255m+               Object {
[38;2;0;95;95m[48;2;215;255;255m+                 "install": [Function],
[38;2;0;95;95m[48;2;215;255;255m+               },
[38;2;0;95;95m[48;2;215;255;255m+               Object {
[38;2;0;95;95m[48;2;215;255;255m+                 "install": [Function],
[38;2;0;95;95m[48;2;215;255;255m+               },
[38;2;0;95;95m[48;2;215;255;255m+               Object {
[38;2;0;95;95m[48;2;215;255;255m+                 "install": [Function],
[38;2;0;95;95m[48;2;215;255;255m+               },
[38;2;0;95;95m[48;2;215;255;255m+               Object {
[38;2;0;95;95m[48;2;215;255;255m+                 "install": [Function],
[38;2;0;95;95m[48;2;215;255;255m+               },
[38;2;0;95;95m[48;2;215;255;255m+               Object {
[38;2;0;95;95m[48;2;215;255;255m+                 "install": [Function],
[38;2;0;95;95m[48;2;215;255;255m+               },
[38;2;0;95;95m[48;2;215;255;255m+               Object {
[38;2;0;95;95m[48;2;215;255;255m+                 "install": [Function],
[38;2;0;95;95m[48;2;215;255;255m+               },
[38;2;0;95;95m[48;2;215;255;255m+               Object {
[38;2;0;95;95m[48;2;215;255;255m+                 "install": [Function],
[38;2;0;95;95m[48;2;215;255;255m+               },
[38;2;0;95;95m[48;2;215;255;255m+               Object {
[38;2;0;95;95m[48;2;215;255;255m+                 "NAME": "BootstrapVue",
[38;2;0;95;95m[48;2;215;255;255m+                 "install": [Function],
[38;2;0;95;95m[48;2;215;255;255m+               },
[38;2;0;95;95m[48;2;215;255;255m+             ],
[38;2;0;95;95m[48;2;215;255;255m+             "_isFunctionalContainer": undefined,
[38;2;0;95;95m[48;2;215;255;255m+             "beforeCreate": Array [
[38;2;0;95;95m[48;2;215;255;255m+               [Function],
[38;2;0;95;95m[48;2;215;255;255m+               [Function],
[38;2;0;95;95m[48;2;215;255;255m+               [Function],
[38;2;0;95;95m[48;2;215;255;255m+             ],
[38;2;0;95;95m[48;2;215;255;255m+             "cid": 1398,
[38;2;0;95;95m[48;2;215;255;255m+             "component": [Function],
[38;2;0;95;95m[48;2;215;255;255m+             "components": Object {
[38;2;0;95;95m[48;2;215;255;255m+               "transition": Object {
[38;2;0;95;95m[48;2;215;255;255m+                 "$_doNotStubChildren": true,
[38;2;0;95;95m[48;2;215;255;255m+                 "$_vueTestUtils_original": Object {
[38;2;0;95;95m[48;2;215;255;255m+                   "_Ctor": Object {
[38;2;0;95;95m[48;2;215;255;255m+                     "1404": [Function],
[38;2;0;95;95m[48;2;215;255;255m+                   },
[38;2;0;95;95m[48;2;215;255;255m+                   "abstract": true,
[38;2;0;95;95m[48;2;215;255;255m+                   "name": "transition",
[38;2;0;95;95m[48;2;215;255;255m+                   "props": Object {
[38;2;0;95;95m[48;2;215;255;255m+                     "appear": Object {
[38;2;0;95;95m[48;2;215;255;255m+                       "type": [Function],
[38;2;0;95;95m[48;2;215;255;255m+                     },
[38;2;0;95;95m[48;2;215;255;255m+                     "appearActiveClass": Object {
[38;2;0;95;95m[48;2;215;255;255m+                       "type": [Function],
[38;2;0;95;95m[48;2;215;255;255m+                     },
[38;2;0;95;95m[48;2;215;255;255m+                     "appearClass": Object {
[38;2;0;95;95m[48;2;215;255;255m+                       "type": [Function],
[38;2;0;95;95m[48;2;215;255;255m+                     },
[38;2;0;95;95m[48;2;215;255;255m+                     "appearToClass": Object {
[38;2;0;95;95m[48;2;215;255;255m+                       "type": [Function],
[38;2;0;95;95m[48;2;215;255;255m+                     },
[38;2;0;95;95m[48;2;215;255;255m+                     "css": Object {
[38;2;0;95;95m[48;2;215;255;255m+                       "type": [Function],
[38;2;0;95;95m[48;2;215;255;255m+                     },
[38;2;0;95;95m[48;2;215;255;255m+                     "duration": Object {
[38;2;0;95;95m[48;2;215;255;255m+                       "type": Array [
[38;2;0;95;95m[48;2;215;255;255m+                         [Function],
[38;2;0;95;95m[48;2;215;255;255m+                         [Function],
[38;2;0;95;95m[48;2;215;255;255m+                         [Function],
[38;2;0;95;95m[48;2;215;255;255m+                       ],
[38;2;0;95;95m[48;2;215;255;255m+                     },
[38;2;0;95;95m[48;2;215;255;255m+                     "enterActiveClass": Object {
[38;2;0;95;95m[48;2;215;255;255m+                       "type": [Function],
[38;2;0;95;95m[48;2;215;255;255m+                     },
[38;2;0;95;95m[48;2;215;255;255m+                     "enterClass": Object {
[38;2;0;95;95m[48;2;215;255;255m+                       "type": [Function],
[38;2;0;95;95m[48;2;215;255;255m+                     },
[38;2;0;95;95m[48;2;215;255;255m+                     "enterToClass": Object {
[38;2;0;95;95m[48;2;215;255;255m+                       "type": [Function],
[38;2;0;95;95m[48;2;215;255;255m+                     },
[38;2;0;95;95m[48;2;215;255;255m+                     "leaveActiveClass": Object {
[38;2;0;95;95m[48;2;215;255;255m+                       "type": [Function],
[38;2;0;95;95m[48;2;215;255;255m+                     },
[38;2;0;95;95m[48;2;215;255;255m+                     "leaveClass": Object {
[38;2;0;95;95m[48;2;215;255;255m+                       "type": [Function],
[38;2;0;95;95m[48;2;215;255;255m+                     },
[38;2;0;95;95m[48;2;215;255;255m+                     "leaveToClass": Object {
[38;2;0;95;95m[48;2;215;255;255m+                       "type": [Function],
[38;2;0;95;95m[48;2;215;255;255m+                     },
[38;2;0;95;95m[48;2;215;255;255m+                     "mode": Object {
[38;2;0;95;95m[48;2;215;255;255m+                       "type": [Function],
[38;2;0;95;95m[48;2;215;255;255m+                     },
[38;2;0;95;95m[48;2;215;255;255m+                     "name": Object {
[38;2;0;95;95m[48;2;215;255;255m+                       "type": [Function],
[38;2;0;95;95m[48;2;215;255;255m+                     },
[38;2;0;95;95m[48;2;215;255;255m+                     "type": Object {
[38;2;0;95;95m[48;2;215;255;255m+                       "type": [Function],
[38;2;0;95;95m[48;2;215;255;255m+                     },
[38;2;0;95;95m[48;2;215;255;255m+                   },
[38;2;0;95;95m[48;2;215;255;255m+                   "render": [Function],
[38;2;0;95;95m[48;2;215;255;255m+                 },
[38;2;0;95;95m[48;2;215;255;255m+                 "abstract": true,
[38;2;0;95;95m[48;2;215;255;255m+                 "attrs": undefined,
[38;2;0;95;95m[48;2;215;255;255m+                 "class": undefined,
[38;2;0;95;95m[48;2;215;255;255m+                 "domProps": undefined,
[38;2;0;95;95m[48;2;215;255;255m+                 "functional": undefined,
[38;2;0;95;95m[48;2;215;255;255m+                 "key": undefined,
[38;2;0;95;95m[48;2;215;255;255m+                 "model": undefined,
[38;2;0;95;95m[48;2;215;255;255m+                 "name": "transition",
[38;2;0;95;95m[48;2;215;255;255m+                 "nativeOn": undefined,
[38;2;0;95;95m[48;2;215;255;255m+                 "normalizedStyle": undefined,
[38;2;0;95;95m[48;2;215;255;255m+                 "on": undefined,
[38;2;0;95;95m[48;2;215;255;255m+                 "props": Object {
[38;2;0;95;95m[48;2;215;255;255m+                   "appear": Object {
[38;2;0;95;95m[48;2;215;255;255m+                     "type": [Function],
[38;2;0;95;95m[48;2;215;255;255m+                   },
[38;2;0;95;95m[48;2;215;255;255m+                   "appearActiveClass": Object {
[38;2;0;95;95m[48;2;215;255;255m+                     "type": [Function],
[38;2;0;95;95m[48;2;215;255;255m+                   },
[38;2;0;95;95m[48;2;215;255;255m+                   "appearClass": Object {
[38;2;0;95;95m[48;2;215;255;255m+                     "type": [Function],
[38;2;0;95;95m[48;2;215;255;255m+                   },
[38;2;0;95;95m[48;2;215;255;255m+                   "appearToClass": Object {
[38;2;0;95;95m[48;2;215;255;255m+                     "type": [Function],
[38;2;0;95;95m[48;2;215;255;255m+                   },
[38;2;0;95;95m[48;2;215;255;255m+                   "css": Object {
[38;2;0;95;95m[48;2;215;255;255m+                     "type": [Function],
[38;2;0;95;95m[48;2;215;255;255m+                   },
[38;2;0;95;95m[48;2;215;255;255m+                   "duration": Object {
[38;2;0;95;95m[48;2;215;255;255m+                     "type": Array [
[38;2;0;95;95m[48;2;215;255;255m+                       [Function],
[38;2;0;95;95m[48;2;215;255;255m+                       [Function],
[38;2;0;95;95m[48;2;215;255;255m+                       [Function],
[38;2;0;95;95m[48;2;215;255;255m+                     ],
[38;2;0;95;95m[48;2;215;255;255m+                   },
[38;2;0;95;95m[48;2;215;255;255m+                   "enterActiveClass": Object {
[38;2;0;95;95m[48;2;215;255;255m+                     "type": [Function],
[38;2;0;95;95m[48;2;215;255;255m+                   },
[38;2;0;95;95m[48;2;215;255;255m+                   "enterClass": Object {
[38;2;0;95;95m[48;2;215;255;255m+                     "type": [Function],
[38;2;0;95;95m[48;2;215;255;255m+                   },
[38;2;0;95;95m[48;2;215;255;255m+                   "enterToClass": Object {
[38;2;0;95;95m[48;2;215;255;255m+                     "type": [Function],
[38;2;0;95;95m[48;2;215;255;255m+                   },
[38;2;0;95;95m[48;2;215;255;255m+                   "leaveActiveClass": Object {
[38;2;0;95;95m[48;2;215;255;255m+                     "type": [Function],
[38;2;0;95;95m[48;2;215;255;255m+                   },
[38;2;0;95;95m[48;2;215;255;255m+                   "leaveClass": Object {
[38;2;0;95;95m[48;2;215;255;255m+                     "type": [Function],
[38;2;0;95;95m[48;2;215;255;255m+                   },
[38;2;0;95;95m[48;2;215;255;255m+                   "leaveToClass": Object {
[38;2;0;95;95m[48;2;215;255;255m+                     "type": [Function],
[38;2;0;95;95m[48;2;215;255;255m+                   },
[38;2;0;95;95m[48;2;215;255;255m+                   "mode": Object {
[38;2;0;95;95m[48;2;215;255;255m+                     "type": [Function],
[38;2;0;95;95m[48;2;215;255;255m+                   },
[38;2;0;95;95m[48;2;215;255;255m+                   "name": Object {
[38;2;0;95;95m[48;2;215;255;255m+                     "type": [Function],
[38;2;0;95;95m[48;2;215;255;255m+                   },
[38;2;0;95;95m[48;2;215;255;255m+                   "type": Object {
[38;2;0;95;95m[48;2;215;255;255m+                     "type": [Function],
[38;2;0;95;95m[48;2;215;255;255m+                   },
[38;2;0;95;95m[48;2;215;255;255m+                 },
[38;2;0;95;95m[48;2;215;255;255m+                 "render": [Function],
[38;2;0;95;95m[48;2;215;255;255m+                 "staticClass": undefined,
[38;2;0;95;95m[48;2;215;255;255m+                 "staticStyle": undefined,
[38;2;0;95;95m[48;2;215;255;255m+                 "style": undefined,
[38;2;0;95;95m[48;2;215;255;255m+               },
[38;2;0;95;95m[48;2;215;255;255m+               "transition-group": Object {
[38;2;0;95;95m[48;2;215;255;255m+                 "$_doNotStubChildren": true,
[38;2;0;95;95m[48;2;215;255;255m+                 "$_vueTestUtils_original": Object {
[38;2;0;95;95m[48;2;215;255;255m+                   "_Ctor": Object {
[38;2;0;95;95m[48;2;215;255;255m+                     "1404": [Function],
[38;2;0;95;95m[48;2;215;255;255m+                   },
[38;2;0;95;95m[48;2;215;255;255m+                   "beforeMount": [Function],
[38;2;0;95;95m[48;2;215;255;255m+                   "methods": Object {
[38;2;0;95;95m[48;2;215;255;255m+                     "hasMove": [Function],
[38;2;0;95;95m[48;2;215;255;255m+                   },
[38;2;0;95;95m[48;2;215;255;255m+                   "props": Object {
[38;2;0;95;95m[48;2;215;255;255m+                     "appear": Object {
[38;2;0;95;95m[48;2;215;255;255m+                       "type": [Function],
[38;2;0;95;95m[48;2;215;255;255m+                     },
[38;2;0;95;95m[48;2;215;255;255m+                     "appearActiveClass": Object {
[38;2;0;95;95m[48;2;215;255;255m+                       "type": [Function],
[38;2;0;95;95m[48;2;215;255;255m+                     },
[38;2;0;95;95m[48;2;215;255;255m+                     "appearClass": Object {
[38;2;0;95;95m[48;2;215;255;255m+                       "type": [Function],
[38;2;0;95;95m[48;2;215;255;255m+                     },
[38;2;0;95;95m[48;2;215;255;255m+                     "appearToClass": Object {
[38;2;0;95;95m[48;2;215;255;255m+                       "type": [Function],
[38;2;0;95;95m[48;2;215;255;255m+                     },
[38;2;0;95;95m[48;2;215;255;255m+                     "css": Object {
[38;2;0;95;95m[48;2;215;255;255m+                       "type": [Function],
[38;2;0;95;95m[48;2;215;255;255m+                     },
[38;2;0;95;95m[48;2;215;255;255m+                     "duration": Object {
[38;2;0;95;95m[48;2;215;255;255m+                       "type": Array [
[38;2;0;95;95m[48;2;215;255;255m+                         [Function],
[38;2;0;95;95m[48;2;215;255;255m+                         [Function],
[38;2;0;95;95m[48;2;215;255;255m+                         [Function],
[38;2;0;95;95m[48;2;215;255;255m+                       ],
[38;2;0;95;95m[48;2;215;255;255m+                     },
[38;2;0;95;95m[48;2;215;255;255m+                     "enterActiveClass": Object {
[38;2;0;95;95m[48;2;215;255;255m+                       "type": [Function],
[38;2;0;95;95m[48;2;215;255;255m+                     },
[38;2;0;95;95m[48;2;215;255;255m+                     "enterClass": Object {
[38;2;0;95;95m[48;2;215;255;255m+                       "type": [Function],
[38;2;0;95;95m[48;2;215;255;255m+                     },
[38;2;0;95;95m[48;2;215;255;255m+                     "enterToClass": Object {
[38;2;0;95;95m[48;2;215;255;255m+                       "type": [Function],
[38;2;0;95;95m[48;2;215;255;255m+                     },
[38;2;0;95;95m[48;2;215;255;255m+                     "leaveActiveClass": Object {
[38;2;0;95;95m[48;2;215;255;255m+                       "type": [Function],
[38;2;0;95;95m[48;2;215;255;255m+                     },
[38;2;0;95;95m[48;2;215;255;255m+                     "leaveClass": Object {
[38;2;0;95;95m[48;2;215;255;255m+                       "type": [Function],
[38;2;0;95;95m[48;2;215;255;255m+                     },
[38;2;0;95;95m[48;2;215;255;255m+                     "leaveToClass": Object {
[38;2;0;95;95m[48;2;215;255;255m+                       "type": [Function],
[38;2;0;95;95m[48;2;215;255;255m+                     },
[38;2;0;95;95m[48;2;215;255;255m+                     "moveClass": Object {
[38;2;0;95;95m[48;2;215;255;255m+                       "type": [Function],
[38;2;0;95;95m[48;2;215;255;255m+                     },
[38;2;0;95;95m[48;2;215;255;255m+                     "name": Object {
[38;2;0;95;95m[48;2;215;255;255m+                       "type": [Function],
[38;2;0;95;95m[48;2;215;255;255m+                     },
[38;2;0;95;95m[48;2;215;255;255m+                     "tag": Object {
[38;2;0;95;95m[48;2;215;255;255m+                       "type": [Function],
[38;2;0;95;95m[48;2;215;255;255m+                     },
[38;2;0;95;95m[48;2;215;255;255m+                     "type": Object {
[38;2;0;95;95m[48;2;215;255;255m+                       "type": [Function],
[38;2;0;95;95m[48;2;215;255;255m+                     },
[38;2;0;95;95m[48;2;215;255;255m+                   },
[38;2;0;95;95m[48;2;215;255;255m+                   "render": [Function],
[38;2;0;95;95m[48;2;215;255;255m+                   "updated": [Function],
[38;2;0;95;95m[48;2;215;255;255m+                 },
[38;2;0;95;95m[48;2;215;255;255m+                 "abstract": undefined,
[38;2;0;95;95m[48;2;215;255;255m+                 "attrs": undefined,
[38;2;0;95;95m[48;2;215;255;255m+                 "class": undefined,
[38;2;0;95;95m[48;2;215;255;255m+                 "domProps": undefined,
[38;2;0;95;95m[48;2;215;255;255m+                 "functional": undefined,
[38;2;0;95;95m[48;2;215;255;255m+                 "key": undefined,
[38;2;0;95;95m[48;2;215;255;255m+                 "model": undefined,
[38;2;0;95;95m[48;2;215;255;255m+                 "name": undefined,
[38;2;0;95;95m[48;2;215;255;255m+                 "nativeOn": undefined,
[38;2;0;95;95m[48;2;215;255;255m+                 "normalizedStyle": undefined,
[38;2;0;95;95m[48;2;215;255;255m+                 "on": undefined,
[38;2;0;95;95m[48;2;215;255;255m+                 "props": Object {
[38;2;0;95;95m[48;2;215;255;255m+                   "appear": Object {
[38;2;0;95;95m[48;2;215;255;255m+                     "type": [Function],
[38;2;0;95;95m[48;2;215;255;255m+                   },
[38;2;0;95;95m[48;2;215;255;255m+                   "appearActiveClass": Object {
[38;2;0;95;95m[48;2;215;255;255m+                     "type": [Function],
[38;2;0;95;95m[48;2;215;255;255m+                   },
[38;2;0;95;95m[48;2;215;255;255m+                   "appearClass": Object {
[38;2;0;95;95m[48;2;215;255;255m+                     "type": [Function],
[38;2;0;95;95m[48;2;215;255;255m+                   },
[38;2;0;95;95m[48;2;215;255;255m+                   "appearToClass": Object {
[38;2;0;95;95m[48;2;215;255;255m+                     "type": [Function],
[38;2;0;95;95m[48;2;215;255;255m+                   },
[38;2;0;95;95m[48;2;215;255;255m+                   "css": Object {
[38;2;0;95;95m[48;2;215;255;255m+                     "type": [Function],
[38;2;0;95;95m[48;2;215;255;255m+                   },
[38;2;0;95;95m[48;2;215;255;255m+                   "duration": Object {
[38;2;0;95;95m[48;2;215;255;255m+                     "type": Array [
[38;2;0;95;95m[48;2;215;255;255m+                       [Function],
[38;2;0;95;95m[48;2;215;255;255m+                       [Function],
[38;2;0;95;95m[48;2;215;255;255m+                       [Function],
[38;2;0;95;95m[48;2;215;255;255m+                     ],
[38;2;0;95;95m[48;2;215;255;255m+                   },
[38;2;0;95;95m[48;2;215;255;255m+                   "enterActiveClass": Object {
[38;2;0;95;95m[48;2;215;255;255m+                     "type": [Function],
[38;2;0;95;95m[48;2;215;255;255m+                   },
[38;2;0;95;95m[48;2;215;255;255m+                   "enterClass": Object {
[38;2;0;95;95m[48;2;215;255;255m+                     "type": [Function],
[38;2;0;95;95m[48;2;215;255;255m+                   },
[38;2;0;95;95m[48;2;215;255;255m+                   "enterToClass": Object {
[38;2;0;95;95m[48;2;215;255;255m+                     "type": [Function],
[38;2;0;95;95m[48;2;215;255;255m+                   },
[38;2;0;95;95m[48;2;215;255;255m+                   "leaveActiveClass": Object {
[38;2;0;95;95m[48;2;215;255;255m+                     "type": [Function],
[38;2;0;95;95m[48;2;215;255;255m+                   },
[38;2;0;95;95m[48;2;215;255;255m+                   "leaveClass": Object {
[38;2;0;95;95m[48;2;215;255;255m+                     "type": [Function],
[38;2;0;95;95m[48;2;215;255;255m+                   },
[38;2;0;95;95m[48;2;215;255;255m+                   "leaveToClass": Object {
[38;2;0;95;95m[48;2;215;255;255m+                     "type": [Function],
[38;2;0;95;95m[48;2;215;255;255m+                   },
[38;2;0;95;95m[48;2;215;255;255m+                   "moveClass": Object {
[38;2;0;95;95m[48;2;215;255;255m+                     "type": [Function],
[38;2;0;95;95m[48;2;215;255;255m+                   },
[38;2;0;95;95m[48;2;215;255;255m+                   "name": Object {
[38;2;0;95;95m[48;2;215;255;255m+                     "type": [Function],
[38;2;0;95;95m[48;2;215;255;255m+                   },
[38;2;0;95;95m[48;2;215;255;255m+                   "tag": Object {
[38;2;0;95;95m[48;2;215;255;255m+                     "type": [Function],
[38;2;0;95;95m[48;2;215;255;255m+                   },
[38;2;0;95;95m[48;2;215;255;255m+                   "type": Object {
[38;2;0;95;95m[48;2;215;255;255m+                     "type": [Function],
[38;2;0;95;95m[48;2;215;255;255m+                   },
[38;2;0;95;95m[48;2;215;255;255m+                 },
[38;2;0;95;95m[48;2;215;255;255m+                 "render": [Function],
[38;2;0;95;95m[48;2;215;255;255m+                 "staticClass": undefined,
[38;2;0;95;95m[48;2;215;255;255m+                 "staticStyle": undefined,
[38;2;0;95;95m[48;2;215;255;255m+                 "style": undefined,
[38;2;0;95;95m[48;2;215;255;255m+               },
[38;2;0;95;95m[48;2;215;255;255m+             },
[38;2;0;95;95m[48;2;215;255;255m+             "config": Object {
[38;2;0;95;95m[48;2;215;255;255m+               "_lifecycleHooks": Array [
[38;2;0;95;95m[48;2;215;255;255m+                 "beforeCreate",
[38;2;0;95;95m[48;2;215;255;255m+                 "created",
[38;2;0;95;95m[48;2;215;255;255m+                 "beforeMount",
[38;2;0;95;95m[48;2;215;255;255m+                 "mounted",
[38;2;0;95;95m[48;2;215;255;255m+                 "beforeUpdate",
[38;2;0;95;95m[48;2;215;255;255m+                 "updated",
[38;2;0;95;95m[48;2;215;255;255m+                 "beforeDestroy",
[38;2;0;95;95m[48;2;215;255;255m+                 "destroyed",
[38;2;0;95;95m[48;2;215;255;255m+                 "activated",
[38;2;0;95;95m[48;2;215;255;255m+                 "deactivated",
[38;2;0;95;95m[48;2;215;255;255m+                 "errorCaptured",
[38;2;0;95;95m[48;2;215;255;255m+                 "serverPrefetch",
[38;2;0;95;95m[48;2;215;255;255m+               ],
[38;2;0;95;95m[48;2;215;255;255m+               "async": true,
[38;2;0;95;95m[48;2;215;255;255m+               "devtools": false,
[38;2;0;95;95m[48;2;215;255;255m+               "errorHandler": undefined,
[38;2;0;95;95m[48;2;215;255;255m+               "getTagNamespace": [Function],
[38;2;0;95;95m[48;2;215;255;255m+               "ignoredElements": Array [],
[38;2;0;95;95m[48;2;215;255;255m+               "isReservedAttr": [Function],
[38;2;0;95;95m[48;2;215;255;255m+               "isReservedTag": [Function],
[38;2;0;95;95m[48;2;215;255;255m+               "isUnknownElement": [Function],
[38;2;0;95;95m[48;2;215;255;255m+               "keyCodes": Object {},
[38;2;0;95;95m[48;2;215;255;255m+               "mustUseProp": [Function],
[38;2;0;95;95m[48;2;215;255;255m+               "optionMergeStrategies": Object {
[38;2;0;95;95m[48;2;215;255;255m+                 "activated": [Function],
[38;2;0;95;95m[48;2;215;255;255m+                 "beforeCreate": [Function],
[38;2;0;95;95m[48;2;215;255;255m+                 "beforeDestroy": [Function],
[38;2;0;95;95m[48;2;215;255;255m+                 "beforeMount": [Function],
[38;2;0;95;95m[48;2;215;255;255m+                 "beforeUpdate": [Function],
[38;2;0;95;95m[48;2;215;255;255m+                 "components": [Function],
[38;2;0;95;95m[48;2;215;255;255m+                 "computed": [Function],
[38;2;0;95;95m[48;2;215;255;255m+                 "created": [Function],
[38;2;0;95;95m[48;2;215;255;255m+                 "data": [Function],
[38;2;0;95;95m[48;2;215;255;255m+                 "deactivated": [Function],
[38;2;0;95;95m[48;2;215;255;255m+                 "destroyed": [Function],
[38;2;0;95;95m[48;2;215;255;255m+                 "directives": [Function],
[38;2;0;95;95m[48;2;215;255;255m+                 "el": [Function],
[38;2;0;95;95m[48;2;215;255;255m+                 "errorCaptured": [Function],
[38;2;0;95;95m[48;2;215;255;255m+                 "filters": [Function],
[38;2;0;95;95m[48;2;215;255;255m+                 "inject": [Function],
[38;2;0;95;95m[48;2;215;255;255m+                 "methods": [Function],
[38;2;0;95;95m[48;2;215;255;255m+                 "mounted": [Function],
[38;2;0;95;95m[48;2;215;255;255m+                 "props": [Function],
[38;2;0;95;95m[48;2;215;255;255m+                 "propsData": [Function],
[38;2;0;95;95m[48;2;215;255;255m+                 "provide": [Function],
[38;2;0;95;95m[48;2;215;255;255m+                 "serverPrefetch": [Function],
[38;2;0;95;95m[48;2;215;255;255m+                 "updated": [Function],
[38;2;0;95;95m[48;2;215;255;255m+                 "watch": [Function],
[38;2;0;95;95m[48;2;215;255;255m+               },
[38;2;0;95;95m[48;2;215;255;255m+               "parsePlatformTagName": [Function],
[38;2;0;95;95m[48;2;215;255;255m+               "performance": false,
[38;2;0;95;95m[48;2;215;255;255m+               "productionTip": false,
[38;2;0;95;95m[48;2;215;255;255m+               "silent": false,
[38;2;0;95;95m[48;2;215;255;255m+               "warnHandler": null,
[38;2;0;95;95m[48;2;215;255;255m+             },
[38;2;0;95;95m[48;2;215;255;255m+             "data": [Function],
[38;2;0;95;95m[48;2;215;255;255m+             "delete": [Function],
[38;2;0;95;95m[48;2;215;255;255m+             "directive": [Function],
[38;2;0;95;95m[48;2;215;255;255m+             "directives": Object {},
[38;2;0;95;95m[48;2;215;255;255m+             "extend": [Function],
[38;2;0;95;95m[48;2;215;255;255m+             "extendOptions": Object {
[38;2;0;95;95m[48;2;215;255;255m+               "_Ctor": Object {
[38;2;0;95;95m[48;2;215;255;255m+                 "0": [Function],
[38;2;0;95;95m[48;2;215;255;255m+               },
[38;2;0;95;95m[48;2;215;255;255m+             },
[38;2;0;95;95m[48;2;215;255;255m+             "filter": [Function],
[38;2;0;95;95m[48;2;215;255;255m+             "filters": Object {},
[38;2;0;95;95m[48;2;215;255;255m+             "methods": undefined,
[38;2;0;95;95m[48;2;215;255;255m+             "mixin": [Function],
[38;2;0;95;95m[48;2;215;255;255m+             "mocks": undefined,
[38;2;0;95;95m[48;2;215;255;255m+             "nextTick": [Function],
[38;2;0;95;95m[48;2;215;255;255m+             "observable": [Function],
[38;2;0;95;95m[48;2;215;255;255m+             "options": Object {
[38;2;0;95;95m[48;2;215;255;255m+               "_Ctor": Object {
[38;2;0;95;95m[48;2;215;255;255m+                 "0": [Function],
[38;2;0;95;95m[48;2;215;255;255m+               },
[38;2;0;95;95m[48;2;215;255;255m+               "_base": [Function],
[38;2;0;95;95m[48;2;215;255;255m+               "beforeCreate": Array [
[38;2;0;95;95m[48;2;215;255;255m+                 [Function],
[38;2;0;95;95m[48;2;215;255;255m+                 [Function],
[38;2;0;95;95m[48;2;215;255;255m+               ],
[38;2;0;95;95m[48;2;215;255;255m+               "components": Object {
[38;2;0;95;95m[48;2;215;255;255m+                 "BTooltip": [Function],
[38;2;0;95;95m[48;2;215;255;255m+               },
[38;2;0;95;95m[48;2;215;255;255m+               "directives": Object {
[38;2;0;95;95m[48;2;215;255;255m+                 "BHover": Object {
[38;2;0;95;95m[48;2;215;255;255m+                   "bind": [Function],
[38;2;0;95;95m[48;2;215;255;255m+                   "componentUpdated": [Function],
[38;2;0;95;95m[48;2;215;255;255m+                   "unbind": [Function],
[38;2;0;95;95m[48;2;215;255;255m+                 },
[38;2;0;95;95m[48;2;215;255;255m+                 "BModal": Object {
[38;2;0;95;95m[48;2;215;255;255m+                   "componentUpdated": [Function],
[38;2;0;95;95m[48;2;215;255;255m+                   "inserted": [Function],
[38;2;0;95;95m[48;2;215;255;255m+                   "unbind": [Function],
[38;2;0;95;95m[48;2;215;255;255m+                   "updated": [Function],
[38;2;0;95;95m[48;2;215;255;255m+                 },
[38;2;0;95;95m[48;2;215;255;255m+                 "BScrollspy": Object {
[38;2;0;95;95m[48;2;215;255;255m+                   "bind": [Function],
[38;2;0;95;95m[48;2;215;255;255m+                   "componentUpdated": [Function],
[38;2;0;95;95m[48;2;215;255;255m+                   "inserted": [Function],
[38;2;0;95;95m[48;2;215;255;255m+                   "unbind": [Function],
[38;2;0;95;95m[48;2;215;255;255m+                   "update": [Function],
[38;2;0;95;95m[48;2;215;255;255m+                 },
[38;2;0;95;95m[48;2;215;255;255m+                 "BTooltip": Object {
[38;2;0;95;95m[48;2;215;255;255m+                   "bind": [Function],
[38;2;0;95;95m[48;2;215;255;255m+                   "componentUpdated": [Function],
[38;2;0;95;95m[48;2;215;255;255m+                   "unbind": [Function],
[38;2;0;95;95m[48;2;215;255;255m+                 },
[38;2;0;95;95m[48;2;215;255;255m+                 "BVisible": Object {
[38;2;0;95;95m[48;2;215;255;255m+                   "bind": [Function],
[38;2;0;95;95m[48;2;215;255;255m+                   "componentUpdated": [Function],
[38;2;0;95;95m[48;2;215;255;255m+                   "unbind": [Function],
[38;2;0;95;95m[48;2;215;255;255m+                 },
[38;2;0;95;95m[48;2;215;255;255m+               },
[38;2;0;95;95m[48;2;215;255;255m+               "filters": Object {},
[38;2;0;95;95m[48;2;215;255;255m+             },
[38;2;0;95;95m[48;2;215;255;255m+             "provide": [Function],
[38;2;0;95;95m[48;2;215;255;255m+             "render": [Function],
[38;2;0;95;95m[48;2;215;255;255m+             "sealedOptions": Object {
[38;2;0;95;95m[48;2;215;255;255m+               "_Ctor": Object {
[38;2;0;95;95m[48;2;215;255;255m+                 "0": [Function],
[38;2;0;95;95m[48;2;215;255;255m+               },
[38;2;0;95;95m[48;2;215;255;255m+               "_base": [Function],
[38;2;0;95;95m[48;2;215;255;255m+               "components": Object {
[38;2;0;95;95m[48;2;215;255;255m+                 "BAlert": [Function],
[38;2;0;95;95m[48;2;215;255;255m+                 "BAspect": [Function],
[38;2;0;95;95m[48;2;215;255;255m+                 "BAvatar": [Function],
[38;2;0;95;95m[48;2;215;255;255m+                 "BAvatarGroup": [Function],
[38;2;0;95;95m[48;2;215;255;255m+                 "BBadge": [Function],
[38;2;0;95;95m[48;2;215;255;255m+                 "BBreadcrumb": [Function],
[38;2;0;95;95m[48;2;215;255;255m+                 "BBreadcrumbItem": [Function],
[38;2;0;95;95m[48;2;215;255;255m+                 "BBreadcrumbLink": [Function],
[38;2;0;95;95m[48;2;215;255;255m+                 "BBtn": [Function],
[38;2;0;95;95m[48;2;215;255;255m+                 "BBtnClose": [Function],
[38;2;0;95;95m[48;2;215;255;255m+                 "BBtnGroup": [Function],
[38;2;0;95;95m[48;2;215;255;255m+                 "BBtnToolbar": [Function],
[38;2;0;95;95m[48;2;215;255;255m+                 "BButton": [Function],
[38;2;0;95;95m[48;2;215;255;255m+                 "BButtonClose": [Function],
[38;2;0;95;95m[48;2;215;255;255m+                 "BButtonGroup": [Function],
[38;2;0;95;95m[48;2;215;255;255m+                 "BButtonToolbar": [Function],
[38;2;0;95;95m[48;2;215;255;255m+                 "BCalendar": [Function],
[38;2;0;95;95m[48;2;215;255;255m+                 "BCard": [Function],
[38;2;0;95;95m[48;2;215;255;255m+                 "BCardBody": [Function],
[38;2;0;95;95m[48;2;215;255;255m+                 "BCardFooter": [Function],
[38;2;0;95;95m[48;2;215;255;255m+                 "BCardGroup": [Function],
[38;2;0;95;95m[48;2;215;255;255m+                 "BCardHeader": [Function],
[38;2;0;95;95m[48;2;215;255;255m+                 "BCardImg": [Function],
[38;2;0;95;95m[48;2;215;255;255m+                 "BCardImgLazy": [Function],
[38;2;0;95;95m[48;2;215;255;255m+                 "BCardSubTitle": [Function],
[38;2;0;95;95m[48;2;215;255;255m+                 "BCardText": [Function],
[38;2;0;95;95m[48;2;215;255;255m+                 "BCardTitle": [Function],
[38;2;0;95;95m[48;2;215;255;255m+                 "BCarousel": [Function],
[38;2;0;95;95m[48;2;215;255;255m+                 "BCarouselSlide": [Function],
[38;2;0;95;95m[48;2;215;255;255m+                 "BCheck": [Function],
[38;2;0;95;95m[48;2;215;255;255m+                 "BCheckGroup": [Function],
[38;2;0;95;95m[48;2;215;255;255m+                 "BCheckbox": [Function],
[38;2;0;95;95m[48;2;215;255;255m+                 "BCheckboxGroup": [Function],
[38;2;0;95;95m[48;2;215;255;255m+                 "BCol": [Function],
[38;2;0;95;95m[48;2;215;255;255m+                 "BCollapse": [Function],
[38;2;0;95;95m[48;2;215;255;255m+                 "BContainer": [Function],
[38;2;0;95;95m[48;2;215;255;255m+                 "BDatalist": [Function],
[38;2;0;95;95m[48;2;215;255;255m+                 "BDatepicker": [Function],
[38;2;0;95;95m[48;2;215;255;255m+                 "BDd": [Function],
[38;2;0;95;95m[48;2;215;255;255m+                 "BDdDivider": [Function],
[38;2;0;95;95m[48;2;215;255;255m+                 "BDdForm": [Function],
[38;2;0;95;95m[48;2;215;255;255m+                 "BDdGroup": [Function],
[38;2;0;95;95m[48;2;215;255;255m+                 "BDdHeader": [Function],
[38;2;0;95;95m[48;2;215;255;255m+                 "BDdItem": [Function],
[38;2;0;95;95m[48;2;215;255;255m+                 "BDdItemBtn": [Function],
[38;2;0;95;95m[48;2;215;255;255m+                 "BDdItemButton": [Function],
[38;2;0;95;95m[48;2;215;255;255m+                 "BDdText": [Function],
[38;2;0;95;95m[48;2;215;255;255m+                 "BDropdown": [Function],
[38;2;0;95;95m[48;2;215;255;255m+                 "BDropdownDivider": [Function],
[38;2;0;95;95m[48;2;215;255;255m+                 "BDropdownForm": [Function],
[38;2;0;95;95m[48;2;215;255;255m+                 "BDropdownGroup": [Function],
[38;2;0;95;95m[48;2;215;255;255m+                 "BDropdownHeader": [Function],
[38;2;0;95;95m[48;2;215;255;255m+                 "BDropdownItem": [Function],
[38;2;0;95;95m[48;2;215;255;255m+                 "BDropdownItemBtn": [Function],
[38;2;0;95;95m[48;2;215;255;255m+                 "BDropdownItemButton": [Function],
[38;2;0;95;95m[48;2;215;255;255m+                 "BDropdownText": [Function],
[38;2;0;95;95m[48;2;215;255;255m+                 "BEmbed": [Function],
[38;2;0;95;95m[48;2;215;255;255m+                 "BFile": [Function],
[38;2;0;95;95m[48;2;215;255;255m+                 "BForm": [Function],
[38;2;0;95;95m[48;2;215;255;255m+                 "BFormCheckbox": [Function],
[38;2;0;95;95m[48;2;215;255;255m+                 "BFormCheckboxGroup": [Function],
[38;2;0;95;95m[48;2;215;255;255m+                 "BFormDatalist": [Function],
[38;2;0;95;95m[48;2;215;255;255m+                 "BFormDatepicker": [Function],
[38;2;0;95;95m[48;2;215;255;255m+                 "BFormFeedback": [Function],
[38;2;0;95;95m[48;2;215;255;255m+                 "BFormFieldset": [Function],
[38;2;0;95;95m[48;2;215;255;255m+                 "BFormFile": [Function],
[38;2;0;95;95m[48;2;215;255;255m+                 "BFormGroup": [Function],
[38;2;0;95;95m[48;2;215;255;255m+                 "BFormInput": [Function],
[38;2;0;95;95m[48;2;215;255;255m+                 "BFormInvalidFeedback": [Function],
[38;2;0;95;95m[48;2;215;255;255m+                 "BFormRadio": [Function],
[38;2;0;95;95m[48;2;215;255;255m+                 "BFormRadioGroup": [Function],
[38;2;0;95;95m[48;2;215;255;255m+                 "BFormRating": [Function],
[38;2;0;95;95m[48;2;215;255;255m+                 "BFormRow": [Function],
[38;2;0;95;95m[48;2;215;255;255m+                 "BFormSelect": [Function],
[38;2;0;95;95m[48;2;215;255;255m+                 "BFormSelectOption": [Function],
[38;2;0;95;95m[48;2;215;255;255m+                 "BFormSelectOptionGroup": [Function],
[38;2;0;95;95m[48;2;215;255;255m+                 "BFormSpinbutton": [Function],
[38;2;0;95;95m[48;2;215;255;255m+                 "BFormTag": [Function],
[38;2;0;95;95m[48;2;215;255;255m+                 "BFormTags": [Function],
[38;2;0;95;95m[48;2;215;255;255m+                 "BFormText": [Function],
[38;2;0;95;95m[48;2;215;255;255m+                 "BFormTextarea": [Function],
[38;2;0;95;95m[48;2;215;255;255m+                 "BFormTimepicker": [Function],
[38;2;0;95;95m[48;2;215;255;255m+                 "BFormValidFeedback": [Function],
[38;2;0;95;95m[48;2;215;255;255m+                 "BImg": [Function],
[38;2;0;95;95m[48;2;215;255;255m+                 "BImgLazy": [Function],
[38;2;0;95;95m[48;2;215;255;255m+                 "BInput": [Function],
[38;2;0;95;95m[48;2;215;255;255m+                 "BInputGroup": [Function],
[38;2;0;95;95m[48;2;215;255;255m+                 "BInputGroupAddon": [Function],
[38;2;0;95;95m[48;2;215;255;255m+                 "BInputGroupAppend": [Function],
[38;2;0;95;95m[48;2;215;255;255m+                 "BInputGroupPrepend": [Function],
[38;2;0;95;95m[48;2;215;255;255m+                 "BInputGroupText": [Function],
[38;2;0;95;95m[48;2;215;255;255m+                 "BJumbotron": [Function],
[38;2;0;95;95m[48;2;215;255;255m+                 "BLink": [Function],
[38;2;0;95;95m[48;2;215;255;255m+                 "BListGroup": [Function],
[38;2;0;95;95m[48;2;215;255;255m+                 "BListGroupItem": [Function],
[38;2;0;95;95m[48;2;215;255;255m+                 "BMedia": [Function],
[38;2;0;95;95m[48;2;215;255;255m+                 "BMediaAside": [Function],
[38;2;0;95;95m[48;2;215;255;255m+                 "BMediaBody": [Function],
[38;2;0;95;95m[48;2;215;255;255m+                 "BModal": [Function],
[38;2;0;95;95m[48;2;215;255;255m+                 "BRadio": [Function],
[38;2;0;95;95m[48;2;215;255;255m+                 "BRadioGroup": [Function],
[38;2;0;95;95m[48;2;215;255;255m+                 "BRating": [Function],
[38;2;0;95;95m[48;2;215;255;255m+                 "BRow": [Function],
[38;2;0;95;95m[48;2;215;255;255m+                 "BSelect": [Function],
[38;2;0;95;95m[48;2;215;255;255m+                 "BSelectOption": [Function],
[38;2;0;95;95m[48;2;215;255;255m+                 "BSelectOptionGroup": [Function],
[38;2;0;95;95m[48;2;215;255;255m+                 "BSpinbutton": [Function],
[38;2;0;95;95m[48;2;215;255;255m+                 "BTag": [Function],
[38;2;0;95;95m[48;2;215;255;255m+                 "BTags": [Function],
[38;2;0;95;95m[48;2;215;255;255m+                 "BTextarea": [Function],
[38;2;0;95;95m[48;2;215;255;255m+                 "BTimepicker": [Function],
[38;2;0;95;95m[48;2;215;255;255m+               },
[38;2;0;95;95m[48;2;215;255;255m+               "directives": Object {
[38;2;0;95;95m[48;2;215;255;255m+                 "BModal": Object {
[38;2;0;95;95m[48;2;215;255;255m+                   "componentUpdated": [Function],
[38;2;0;95;95m[48;2;215;255;255m+                   "inserted": [Function],
[38;2;0;95;95m[48;2;215;255;255m+                   "unbind": [Function],
[38;2;0;95;95m[48;2;215;255;255m+                   "updated": [Function],
[38;2;0;95;95m[48;2;215;255;255m+                 },
[38;2;0;95;95m[48;2;215;255;255m+                 "BToggle": Object {
[38;2;0;95;95m[48;2;215;255;255m+                   "bind": [Function],
[38;2;0;95;95m[48;2;215;255;255m+                   "componentUpdated": [Function],
[38;2;0;95;95m[48;2;215;255;255m+                   "unbind": [Function],
[38;2;0;95;95m[48;2;215;255;255m+                   "updated": [Function],
[38;2;0;95;95m[48;2;215;255;255m+                 },
[38;2;0;95;95m[48;2;215;255;255m+               },
[38;2;0;95;95m[48;2;215;255;255m+               "filters": Object {},
[38;2;0;95;95m[48;2;215;255;255m+             },
[38;2;0;95;95m[48;2;215;255;255m+             "set": [Function],
[38;2;0;95;95m[48;2;215;255;255m+             "shouldProxy": true,
[38;2;0;95;95m[48;2;215;255;255m+             "stubs": Object {
[38;2;0;95;95m[48;2;215;255;255m+               "transition": true,
[38;2;0;95;95m[48;2;215;255;255m+               "transition-group": true,
[38;2;0;95;95m[48;2;215;255;255m+             },
[38;2;0;95;95m[48;2;215;255;255m+             "super": [Function],
[38;2;0;95;95m[48;2;215;255;255m+             "superOptions": Object {
[38;2;0;95;95m[48;2;215;255;255m+               "_base": [Function],
[38;2;0;95;95m[48;2;215;255;255m+               "components": Object {
[38;2;0;95;95m[48;2;215;255;255m+                 "KeepAlive": Object {
[38;2;0;95;95m[48;2;215;255;255m+                   "abstract": true,
[38;2;0;95;95m[48;2;215;255;255m+                   "created": [Function],
[38;2;0;95;95m[48;2;215;255;255m+                   "destroyed": [Function],
[38;2;0;95;95m[48;2;215;255;255m+                   "methods": Object {
[38;2;0;95;95m[48;2;215;255;255m+                     "cacheVNode": [Function],
[38;2;0;95;95m[48;2;215;255;255m+                   },
[38;2;0;95;95m[48;2;215;255;255m+                   "mounted": [Function],
[38;2;0;95;95m[48;2;215;255;255m+                   "name": "keep-alive",
[38;2;0;95;95m[48;2;215;255;255m+                   "props": Object {
[38;2;0;95;95m[48;2;215;255;255m+                     "exclude": Array [
[38;2;0;95;95m[48;2;215;255;255m+                       [Function],
[38;2;0;95;95m[48;2;215;255;255m+                       [Function],
[38;2;0;95;95m[48;2;215;255;255m+                       [Function],
[38;2;0;95;95m[48;2;215;255;255m+                     ],
[38;2;0;95;95m[48;2;215;255;255m+                     "include": Array [
[38;2;0;95;95m[48;2;215;255;255m+                       [Function],
[38;2;0;95;95m[48;2;215;255;255m+                       [Function],
[38;2;0;95;95m[48;2;215;255;255m+                       [Function],
[38;2;0;95;95m[48;2;215;255;255m+                     ],
[38;2;0;95;95m[48;2;215;255;255m+                     "max": Array [
[38;2;0;95;95m[48;2;215;255;255m+                       [Function],
[38;2;0;95;95m[48;2;215;255;255m+                       [Function],
[38;2;0;95;95m[48;2;215;255;255m+                     ],
[38;2;0;95;95m[48;2;215;255;255m+                   },
[38;2;0;95;95m[48;2;215;255;255m+                   "render": [Function],
[38;2;0;95;95m[48;2;215;255;255m+                   "updated": [Function],
[38;2;0;95;95m[48;2;215;255;255m+                 },
[38;2;0;95;95m[48;2;215;255;255m+                 "Transition": Object {
[38;2;0;95;95m[48;2;215;255;255m+                   "_Ctor": Object {
[38;2;0;95;95m[48;2;215;255;255m+                     "1404": [Function],
[38;2;0;95;95m[48;2;215;255;255m+                   },
[38;2;0;95;95m[48;2;215;255;255m+                   "abstract": true,
[38;2;0;95;95m[48;2;215;255;255m+                   "name": "transition",
[38;2;0;95;95m[48;2;215;255;255m+                   "props": Object {
[38;2;0;95;95m[48;2;215;255;255m+                     "appear": Object {
[38;2;0;95;95m[48;2;215;255;255m+                       "type": [Function],
[38;2;0;95;95m[48;2;215;255;255m+                     },
[38;2;0;95;95m[48;2;215;255;255m+                     "appearActiveClass": Object {
[38;2;0;95;95m[48;2;215;255;255m+                       "type": [Function],
[38;2;0;95;95m[48;2;215;255;255m+                     },
[38;2;0;95;95m[48;2;215;255;255m+                     "appearClass": Object {
[38;2;0;95;95m[48;2;215;255;255m+                       "type": [Function],
[38;2;0;95;95m[48;2;215;255;255m+                     },
[38;2;0;95;95m[48;2;215;255;255m+                     "appearToClass": Object {
[38;2;0;95;95m[48;2;215;255;255m+                       "type": [Function],
[38;2;0;95;95m[48;2;215;255;255m+                     },
[38;2;0;95;95m[48;2;215;255;255m+                     "css": Object {
[38;2;0;95;95m[48;2;215;255;255m+                       "type": [Function],
[38;2;0;95;95m[48;2;215;255;255m+                     },
[38;2;0;95;95m[48;2;215;255;255m+                     "duration": Object {
[38;2;0;95;95m[48;2;215;255;255m+                       "type": Array [
[38;2;0;95;95m[48;2;215;255;255m+                         [Function],
[38;2;0;95;95m[48;2;215;255;255m+                         [Function],
[38;2;0;95;95m[48;2;215;255;255m+                         [Function],
[38;2;0;95;95m[48;2;215;255;255m+                       ],
[38;2;0;95;95m[48;2;215;255;255m+                     },
[38;2;0;95;95m[48;2;215;255;255m+                     "enterActiveClass": Object {
[38;2;0;95;95m[48;2;215;255;255m+                       "type": [Function],
[38;2;0;95;95m[48;2;215;255;255m+                     },
[38;2;0;95;95m[48;2;215;255;255m+                     "enterClass": Object {
[38;2;0;95;95m[48;2;215;255;255m+                       "type": [Function],
[38;2;0;95;95m[48;2;215;255;255m+                     },
[38;2;0;95;95m[48;2;215;255;255m+                     "enterToClass": Object {
[38;2;0;95;95m[48;2;215;255;255m+                       "type": [Function],
[38;2;0;95;95m[48;2;215;255;255m+                     },
[38;2;0;95;95m[48;2;215;255;255m+                     "leaveActiveClass": Object {
[38;2;0;95;95m[48;2;215;255;255m+                       "type": [Function],
[38;2;0;95;95m[48;2;215;255;255m+                     },
[38;2;0;95;95m[48;2;215;255;255m+                     "leaveClass": Object {
[38;2;0;95;95m[48;2;215;255;255m+                       "type": [Function],
[38;2;0;95;95m[48;2;215;255;255m+                     },
[38;2;0;95;95m[48;2;215;255;255m+                     "leaveToClass": Object {
[38;2;0;95;95m[48;2;215;255;255m+                       "type": [Function],
[38;2;0;95;95m[48;2;215;255;255m+                     },
[38;2;0;95;95m[48;2;215;255;255m+                     "mode": Object {
[38;2;0;95;95m[48;2;215;255;255m+                       "type": [Function],
[38;2;0;95;95m[48;2;215;255;255m+                     },
[38;2;0;95;95m[48;2;215;255;255m+                     "name": Object {
[38;2;0;95;95m[48;2;215;255;255m+                       "type": [Function],
[38;2;0;95;95m[48;2;215;255;255m+                     },
[38;2;0;95;95m[48;2;215;255;255m+                     "type": Object {
[38;2;0;95;95m[48;2;215;255;255m+                       "type": [Function],
[38;2;0;95;95m[48;2;215;255;255m+                     },
[38;2;0;95;95m[48;2;215;255;255m+                   },
[38;2;0;95;95m[48;2;215;255;255m+                   "render": [Function],
[38;2;0;95;95m[48;2;215;255;255m+                 },
[38;2;0;95;95m[48;2;215;255;255m+                 "TransitionGroup": Object {
[38;2;0;95;95m[48;2;215;255;255m+                   "_Ctor": Object {
[38;2;0;95;95m[48;2;215;255;255m+                     "1404": [Function],
[38;2;0;95;95m[48;2;215;255;255m+                   },
[38;2;0;95;95m[48;2;215;255;255m+                   "beforeMount": [Function],
[38;2;0;95;95m[48;2;215;255;255m+                   "methods": Object {
[38;2;0;95;95m[48;2;215;255;255m+                     "hasMove": [Function],
[38;2;0;95;95m[48;2;215;255;255m+                   },
[38;2;0;95;95m[48;2;215;255;255m+                   "props": Object {
[38;2;0;95;95m[48;2;215;255;255m+                     "appear": Object {
[38;2;0;95;95m[48;2;215;255;255m+                       "type": [Function],
[38;2;0;95;95m[48;2;215;255;255m+                     },
[38;2;0;95;95m[48;2;215;255;255m+                     "appearActiveClass": Object {
[38;2;0;95;95m[48;2;215;255;255m+                       "type": [Function],
[38;2;0;95;95m[48;2;215;255;255m+                     },
[38;2;0;95;95m[48;2;215;255;255m+                     "appearClass": Object {
[38;2;0;95;95m[48;2;215;255;255m+                       "type": [Function],
[38;2;0;95;95m[48;2;215;255;255m+                     },
[38;2;0;95;95m[48;2;215;255;255m+                     "appearToClass": Object {
[38;2;0;95;95m[48;2;215;255;255m+                       "type": [Function],
[38;2;0;95;95m[48;2;215;255;255m+                     },
[38;2;0;95;95m[48;2;215;255;255m+                     "css": Object {
[38;2;0;95;95m[48;2;215;255;255m+                       "type": [Function],
[38;2;0;95;95m[48;2;215;255;255m+                     },
[38;2;0;95;95m[48;2;215;255;255m+                     "duration": Object {
[38;2;0;95;95m[48;2;215;255;255m+                       "type": Array [
[38;2;0;95;95m[48;2;215;255;255m+                         [Function],
[38;2;0;95;95m[48;2;215;255;255m+                         [Function],
[38;2;0;95;95m[48;2;215;255;255m+                         [Function],
[38;2;0;95;95m[48;2;215;255;255m+                       ],
[38;2;0;95;95m[48;2;215;255;255m+                     },
[38;2;0;95;95m[48;2;215;255;255m+                     "enterActiveClass": Object {
[38;2;0;95;95m[48;2;215;255;255m+                       "type": [Function],
[38;2;0;95;95m[48;2;215;255;255m+                     },
[38;2;0;95;95m[48;2;215;255;255m+                     "enterClass": Object {
[38;2;0;95;95m[48;2;215;255;255m+                       "type": [Function],
[38;2;0;95;95m[48;2;215;255;255m+                     },
[38;2;0;95;95m[48;2;215;255;255m+                     "enterToClass": Object {
[38;2;0;95;95m[48;2;215;255;255m+                       "type": [Function],
[38;2;0;95;95m[48;2;215;255;255m+                     },
[38;2;0;95;95m[48;2;215;255;255m+                     "leaveActiveClass": Object {
[38;2;0;95;95m[48;2;215;255;255m+                       "type": [Function],
[38;2;0;95;95m[48;2;215;255;255m+                     },
[38;2;0;95;95m[48;2;215;255;255m+                     "leaveClass": Object {
[38;2;0;95;95m[48;2;215;255;255m+                       "type": [Function],
[38;2;0;95;95m[48;2;215;255;255m+                     },
[38;2;0;95;95m[48;2;215;255;255m+                     "leaveToClass": Object {
[38;2;0;95;95m[48;2;215;255;255m+                       "type": [Function],
[38;2;0;95;95m[48;2;215;255;255m+                     },
[38;2;0;95;95m[48;2;215;255;255m+                     "moveClass": Object {
[38;2;0;95;95m[48;2;215;255;255m+                       "type": [Function],
[38;2;0;95;95m[48;2;215;255;255m+                     },
[38;2;0;95;95m[48;2;215;255;255m+                     "name": Object {
[38;2;0;95;95m[48;2;215;255;255m+                       "type": [Function],
[38;2;0;95;95m[48;2;215;255;255m+                     },
[38;2;0;95;95m[48;2;215;255;255m+                     "tag": Object {
[38;2;0;95;95m[48;2;215;255;255m+                       "type": [Function],
[38;2;0;95;95m[48;2;215;255;255m+                     },
[38;2;0;95;95m[48;2;215;255;255m+                     "type": Object {
[38;2;0;95;95m[48;2;215;255;255m+                       "type": [Function],
[38;2;0;95;95m[48;2;215;255;255m+                     },
[38;2;0;95;95m[48;2;215;255;255m+                   },
[38;2;0;95;95m[48;2;215;255;255m+                   "render": [Function],
[38;2;0;95;95m[48;2;215;255;255m+                   "updated": [Function],
[38;2;0;95;95m[48;2;215;255;255m+                 },
[38;2;0;95;95m[48;2;215;255;255m+               },
[38;2;0;95;95m[48;2;215;255;255m+               "directives": Object {
[38;2;0;95;95m[48;2;215;255;255m+                 "model": Object {
[38;2;0;95;95m[48;2;215;255;255m+                   "componentUpdated": [Function],
[38;2;0;95;95m[48;2;215;255;255m+                   "inserted": [Function],
[38;2;0;95;95m[48;2;215;255;255m+                 },
[38;2;0;95;95m[48;2;215;255;255m+                 "show": Object {
[38;2;0;95;95m[48;2;215;255;255m+                   "bind": [Function],
[38;2;0;95;95m[48;2;215;255;255m+                   "unbind": [Function],
[38;2;0;95;95m[48;2;215;255;255m+                   "update": [Function],
[38;2;0;95;95m[48;2;215;255;255m+                 },
[38;2;0;95;95m[48;2;215;255;255m+               },
[38;2;0;95;95m[48;2;215;255;255m+               "filters": Object {},
[38;2;0;95;95m[48;2;215;255;255m+             },
[38;2;0;95;95m[48;2;215;255;255m+             "use": [Function],
[38;2;0;95;95m[48;2;215;255;255m+             "util": Object {
[38;2;0;95;95m[48;2;215;255;255m+               "defineReactive": [Function],
[38;2;0;95;95m[48;2;215;255;255m+               "extend": [Function],
[38;2;0;95;95m[48;2;215;255;255m+               "mergeOptions": [Function],
[38;2;0;95;95m[48;2;215;255;255m+               "warn": [Function],
[38;2;0;95;95m[48;2;215;255;255m+             },
[38;2;0;95;95m[48;2;215;255;255m+             "version": "2.6.14",
[38;2;0;95;95m[48;2;215;255;255m+           },
[38;2;0;95;95m[48;2;215;255;255m+           "$parent": undefined,
[38;2;0;95;95m[48;2;215;255;255m+           "$refs": Object {},
[38;2;0;95;95m[48;2;215;255;255m+           "$root": [Circular],
[38;2;0;95;95m[48;2;215;255;255m+           "$scopedSlots": Object {},
[38;2;0;95;95m[48;2;215;255;255m+           "$slots": Object {},
[38;2;0;95;95m[48;2;215;255;255m+           "$vnode": undefined,
[38;2;0;95;95m[48;2;215;255;255m+           "__emitted": Object {},
[38;2;0;95;95m[48;2;215;255;255m+           "__emittedByOrder": Array [],
[38;2;0;95;95m[48;2;215;255;255m+           "_c": [Function],
[38;2;0;95;95m[48;2;215;255;255m+           "_data": Object {
[38;2;0;95;95m[48;2;215;255;255m+             "vueTestUtils_childProps": Object {},
[38;2;0;95;95m[48;2;215;255;255m+           },
[38;2;0;95;95m[48;2;215;255;255m+           "_directInactive": false,
[38;2;0;95;95m[48;2;215;255;255m+           "_events": Object {},
[38;2;0;95;95m[48;2;215;255;255m+           "_hasHookEvent": false,
[38;2;0;95;95m[48;2;215;255;255m+           "_inactive": null,
[38;2;0;95;95m[48;2;215;255;255m+           "_isBeingDestroyed": false,
[38;2;0;95;95m[48;2;215;255;255m+           "_isDestroyed": false,
[38;2;0;95;95m[48;2;215;255;255m+           "_isMounted": true,
[38;2;0;95;95m[48;2;215;255;255m+           "_isVue": true,
[38;2;0;95;95m[48;2;215;255;255m+           "_provided": Object {},
[38;2;0;95;95m[48;2;215;255;255m+           "_renderProxy": [Circular],
[38;2;0;95;95m[48;2;215;255;255m+           "_self": [Circular],
[38;2;0;95;95m[48;2;215;255;255m+           "_staticTrees": null,
[38;2;0;95;95m[48;2;215;255;255m+           "_uid": 2,
[38;2;0;95;95m[48;2;215;255;255m+           "_vnode": [Circular],
[38;2;0;95;95m[48;2;215;255;255m+           "_watcher": Watcher {
[38;2;0;95;95m[48;2;215;255;255m+             "active": true,
[38;2;0;95;95m[48;2;215;255;255m+             "before": [Function],
[38;2;0;95;95m[48;2;215;255;255m+             "cb": [Function],
[38;2;0;95;95m[48;2;215;255;255m+             "deep": false,
[38;2;0;95;95m[48;2;215;255;255m+             "depIds": Set {
[38;2;0;95;95m[48;2;215;255;255m+               21,
[38;2;0;95;95m[48;2;215;255;255m+               22,
[38;2;0;95;95m[48;2;215;255;255m+             },
[38;2;0;95;95m[48;2;215;255;255m+             "deps": Array [
[38;2;0;95;95m[48;2;215;255;255m+               Dep {
[38;2;0;95;95m[48;2;215;255;255m+                 "id": 21,
[38;2;0;95;95m[48;2;215;255;255m+                 "subs": Array [
[38;2;0;95;95m[48;2;215;255;255m+                   [Circular],
[38;2;0;95;95m[48;2;215;255;255m+                 ],
[38;2;0;95;95m[48;2;215;255;255m+               },
[38;2;0;95;95m[48;2;215;255;255m+               Dep {
[38;2;0;95;95m[48;2;215;255;255m+                 "id": 22,
[38;2;0;95;95m[48;2;215;255;255m+                 "subs": Array [
[38;2;0;95;95m[48;2;215;255;255m+                   [Circular],
[38;2;0;95;95m[48;2;215;255;255m+                 ],
[38;2;0;95;95m[48;2;215;255;255m+               },
[38;2;0;95;95m[48;2;215;255;255m+             ],
[38;2;0;95;95m[48;2;215;255;255m+             "dirty": false,
[38;2;0;95;95m[48;2;215;255;255m+             "expression": "function () {
[38;2;0;95;95m[48;2;215;255;255m+       vm._update(vm._render(), hydrating);
[38;2;0;95;95m[48;2;215;255;255m+     }",
[38;2;0;95;95m[48;2;215;255;255m+             "getter": [Function],
[38;2;0;95;95m[48;2;215;255;255m+             "id": 5,
[38;2;0;95;95m[48;2;215;255;255m+             "lazy": false,
[38;2;0;95;95m[48;2;215;255;255m+             "newDepIds": Set {},
[38;2;0;95;95m[48;2;215;255;255m+             "newDeps": Array [],
[38;2;0;95;95m[48;2;215;255;255m+             "sync": false,
[38;2;0;95;95m[48;2;215;255;255m+             "user": false,
[38;2;0;95;95m[48;2;215;255;255m+             "value": undefined,
[38;2;0;95;95m[48;2;215;255;255m+             "vm": [Circular],
[38;2;0;95;95m[48;2;215;255;255m+           },
[38;2;0;95;95m[48;2;215;255;255m+           "_watchers": Array [
[38;2;0;95;95m[48;2;215;255;255m+             Watcher {
[38;2;0;95;95m[48;2;215;255;255m+               "active": true,
[38;2;0;95;95m[48;2;215;255;255m+               "before": [Function],
[38;2;0;95;95m[48;2;215;255;255m+               "cb": [Function],
[38;2;0;95;95m[48;2;215;255;255m+               "deep": false,
[38;2;0;95;95m[48;2;215;255;255m+               "depIds": Set {
[38;2;0;95;95m[48;2;215;255;255m+                 21,
[38;2;0;95;95m[48;2;215;255;255m+                 22,
[38;2;0;95;95m[48;2;215;255;255m+               },
[38;2;0;95;95m[48;2;215;255;255m+               "deps": Array [
[38;2;0;95;95m[48;2;215;255;255m+                 Dep {
[38;2;0;95;95m[48;2;215;255;255m+                   "id": 21,
[38;2;0;95;95m[48;2;215;255;255m+                   "subs": Array [
[38;2;0;95;95m[48;2;215;255;255m+                     [Circular],
[38;2;0;95;95m[48;2;215;255;255m+                   ],
[38;2;0;95;95m[48;2;215;255;255m+                 },
[38;2;0;95;95m[48;2;215;255;255m+                 Dep {
[38;2;0;95;95m[48;2;215;255;255m+                   "id": 22,
[38;2;0;95;95m[48;2;215;255;255m+                   "subs": Array [
[38;2;0;95;95m[48;2;215;255;255m+                     [Circular],
[38;2;0;95;95m[48;2;215;255;255m+                   ],
[38;2;0;95;95m[48;2;215;255;255m+                 },
[38;2;0;95;95m[48;2;215;255;255m+               ],
[38;2;0;95;95m[48;2;215;255;255m+               "dirty": false,
[38;2;0;95;95m[48;2;215;255;255m+               "expression": "function () {
[38;2;0;95;95m[48;2;215;255;255m+       vm._update(vm._render(), hydrating);
[38;2;0;95;95m[48;2;215;255;255m+     }",
[38;2;0;95;95m[48;2;215;255;255m+               "getter": [Function],
[38;2;0;95;95m[48;2;215;255;255m+               "id": 5,
[38;2;0;95;95m[48;2;215;255;255m+               "lazy": false,
[38;2;0;95;95m[48;2;215;255;255m+               "newDepIds": Set {},
[38;2;0;95;95m[48;2;215;255;255m+               "newDeps": Array [],
[38;2;0;95;95m[48;2;215;255;255m+               "sync": false,
[38;2;0;95;95m[48;2;215;255;255m+               "user": false,
[38;2;0;95;95m[48;2;215;255;255m+               "value": undefined,
[38;2;0;95;95m[48;2;215;255;255m+               "vm": [Circular],
[38;2;0;95;95m[48;2;215;255;255m+             },
[38;2;0;95;95m[48;2;215;255;255m+           ],
[38;2;0;95;95m[48;2;215;255;255m+           "vueTestUtils_childProps": Object {},
[38;2;0;95;95m[48;2;215;255;255m+         },
[38;2;0;95;95m[48;2;215;255;255m+         "_self": [Circular],
[38;2;0;95;95m[48;2;215;255;255m+         "_staticTrees": null,
[38;2;0;95;95m[48;2;215;255;255m+         "_uid": 2,
[38;2;0;95;95m[48;2;215;255;255m+         "_vnode": [Circular],
[38;2;0;95;95m[48;2;215;255;255m+         "_watcher": Watcher {
[38;2;0;95;95m[48;2;215;255;255m+           "active": true,
[38;2;0;95;95m[48;2;215;255;255m+           "before": [Function],
[38;2;0;95;95m[48;2;215;255;255m+           "cb": [Function],
[38;2;0;95;95m[48;2;215;255;255m+           "deep": false,
[38;2;0;95;95m[48;2;215;255;255m+           "depIds": Set {
[38;2;0;95;95m[48;2;215;255;255m+             21,
[38;2;0;95;95m[48;2;215;255;255m+             22,
[38;2;0;95;95m[48;2;215;255;255m+           },
[38;2;0;95;95m[48;2;215;255;255m+           "deps": Array [
[38;2;0;95;95m[48;2;215;255;255m+             Dep {
[38;2;0;95;95m[48;2;215;255;255m+               "id": 21,
[38;2;0;95;95m[48;2;215;255;255m+               "subs": Array [
[38;2;0;95;95m[48;2;215;255;255m+                 [Circular],
[38;2;0;95;95m[48;2;215;255;255m+               ],
[38;2;0;95;95m[48;2;215;255;255m+             },
[38;2;0;95;95m[48;2;215;255;255m+             Dep {
[38;2;0;95;95m[48;2;215;255;255m+               "id": 22,
[38;2;0;95;95m[48;2;215;255;255m+               "subs": Array [
[38;2;0;95;95m[48;2;215;255;255m+                 [Circular],
[38;2;0;95;95m[48;2;215;255;255m+               ],
[38;2;0;95;95m[48;2;215;255;255m+             },
[38;2;0;95;95m[48;2;215;255;255m+           ],
[38;2;0;95;95m[48;2;215;255;255m+           "dirty": false,
[38;2;0;95;95m[48;2;215;255;255m+           "expression": "function () {
[38;2;0;95;95m[48;2;215;255;255m+       vm._update(vm._render(), hydrating);
[38;2;0;95;95m[48;2;215;255;255m+     }",
[38;2;0;95;95m[48;2;215;255;255m+           "getter": [Function],
[38;2;0;95;95m[48;2;215;255;255m+           "id": 5,
[38;2;0;95;95m[48;2;215;255;255m+           "lazy": false,
[38;2;0;95;95m[48;2;215;255;255m+           "newDepIds": Set {},
[38;2;0;95;95m[48;2;215;255;255m+           "newDeps": Array [],
[38;2;0;95;95m[48;2;215;255;255m+           "sync": false,
[38;2;0;95;95m[48;2;215;255;255m+           "user": false,
[38;2;0;95;95m[48;2;215;255;255m+           "value": undefined,
[38;2;0;95;95m[48;2;215;255;255m+           "vm": [Circular],
[38;2;0;95;95m[48;2;215;255;255m+         },
[38;2;0;95;95m[48;2;215;255;255m+         "_watchers": Array [
[38;2;0;95;95m[48;2;215;255;255m+           Watcher {
[38;2;0;95;95m[48;2;215;255;255m+             "active": true,
[38;2;0;95;95m[48;2;215;255;255m+             "before": [Function],
[38;2;0;95;95m[48;2;215;255;255m+             "cb": [Function],
[38;2;0;95;95m[48;2;215;255;255m+             "deep": false,
[38;2;0;95;95m[48;2;215;255;255m+             "depIds": Set {
[38;2;0;95;95m[48;2;215;255;255m+               21,
[38;2;0;95;95m[48;2;215;255;255m+               22,
[38;2;0;95;95m[48;2;215;255;255m+             },
[38;2;0;95;95m[48;2;215;255;255m+             "deps": Array [
[38;2;0;95;95m[48;2;215;255;255m+               Dep {
[38;2;0;95;95m[48;2;215;255;255m+                 "id": 21,
[38;2;0;95;95m[48;2;215;255;255m+                 "subs": Array [
[38;2;0;95;95m[48;2;215;255;255m+                   [Circular],
[38;2;0;95;95m[48;2;215;255;255m+                 ],
[38;2;0;95;95m[48;2;215;255;255m+               },
[38;2;0;95;95m[48;2;215;255;255m+               Dep {
[38;2;0;95;95m[48;2;215;255;255m+                 "id": 22,
[38;2;0;95;95m[48;2;215;255;255m+                 "subs": Array [
[38;2;0;95;95m[48;2;215;255;255m+                   [Circular],
[38;2;0;95;95m[48;2;215;255;255m+                 ],
[38;2;0;95;95m[48;2;215;255;255m+               },
[38;2;0;95;95m[48;2;215;255;255m+             ],
[38;2;0;95;95m[48;2;215;255;255m+             "dirty": false,
[38;2;0;95;95m[48;2;215;255;255m+             "expression": "function () {
[38;2;0;95;95m[48;2;215;255;255m+       vm._update(vm._render(), hydrating);
[38;2;0;95;95m[48;2;215;255;255m+     }",
[38;2;0;95;95m[48;2;215;255;255m+             "getter": [Function],
[38;2;0;95;95m[48;2;215;255;255m+             "id": 5,
[38;2;0;95;95m[48;2;215;255;255m+             "lazy": false,
[38;2;0;95;95m[48;2;215;255;255m+             "newDepIds": Set {},
[38;2;0;95;95m[48;2;215;255;255m+             "newDeps": Array [],
[38;2;0;95;95m[48;2;215;255;255m+             "sync": false,
[38;2;0;95;95m[48;2;215;255;255m+             "user": false,
[38;2;0;95;95m[48;2;215;255;255m+             "value": undefined,
[38;2;0;95;95m[48;2;215;255;255m+             "vm": [Circular],
[38;2;0;95;95m[48;2;215;255;255m+           },
[38;2;0;95;95m[48;2;215;255;255m+         ],
[38;2;0;95;95m[48;2;215;255;255m+         "vueTestUtils_childProps": Object {},
[38;2;0;95;95m[48;2;215;255;255m+       },
[38;2;0;95;95m[48;2;215;255;255m+       "data": Object {
[38;2;0;95;95m[48;2;215;255;255m+         "attrs": Object {},
[38;2;0;95;95m[48;2;215;255;255m+         "hook": Object {
[38;2;0;95;95m[48;2;215;255;255m+           "destroy": [Function],
[38;2;0;95;95m[48;2;215;255;255m+           "init": [Function],
[38;2;0;95;95m[48;2;215;255;255m+           "insert": [Function],
[38;2;0;95;95m[48;2;215;255;255m+           "prepatch": [Function],
[38;2;0;95;95m[48;2;215;255;255m+         },
[38;2;0;95;95m[48;2;215;255;255m+         "on": undefined,
[38;2;0;95;95m[48;2;215;255;255m+         "pendingInsert": null,
[38;2;0;95;95m[48;2;215;255;255m+         "scopedSlots": Object {
[38;2;0;95;95m[48;2;215;255;255m+           "_normalized": Object {},
[38;2;0;95;95m[48;2;215;255;255m+         },
[38;2;0;95;95m[48;2;215;255;255m+       },
[38;2;0;95;95m[48;2;215;255;255m+       "elm": <div>
[38;2;0;95;95m[48;2;215;255;255m+         <b-dropdown
[38;2;0;95;95m[48;2;215;255;255m+           no-caret=""
[38;2;0;95;95m[48;2;215;255;255m+           right=""
[38;2;0;95;95m[48;2;215;255;255m+           size="lg"
[38;2;0;95;95m[48;2;215;255;255m+           variant="link"
[38;2;0;95;95m[48;2;215;255;255m+         >
[38;2;0;95;95m[48;2;215;255;255m+            
[38;2;0;95;95m[48;2;215;255;255m+           <b-dropdown-item>
[38;2;0;95;95m[48;2;215;255;255m+             <b-icon
[38;2;0;95;95m[48;2;215;255;255m+               icon="door-open"
[38;2;0;95;95m[48;2;215;255;255m+             />
[38;2;0;95;95m[48;2;215;255;255m+             
[38;2;0;95;95m[48;2;215;255;255m+       回到主页
[38;2;0;95;95m[48;2;215;255;255m+     
[38;2;0;95;95m[48;2;215;255;255m+           </b-dropdown-item>
[38;2;0;95;95m[48;2;215;255;255m+            
[38;2;0;95;95m[48;2;215;255;255m+           <b-dropdown-item>
[38;2;0;95;95m[48;2;215;255;255m+             <b-icon
[38;2;0;95;95m[48;2;215;255;255m+               icon="cursor-fill"
[38;2;0;95;95m[48;2;215;255;255m+             />
[38;2;0;95;95m[48;2;215;255;255m+             
[38;2;0;95;95m[48;2;215;255;255m+       注销用户
[38;2;0;95;95m[48;2;215;255;255m+     
[38;2;0;95;95m[48;2;215;255;255m+           </b-dropdown-item>
[38;2;0;95;95m[48;2;215;255;255m+         </b-dropdown>
[38;2;0;95;95m[48;2;215;255;255m+       </div>,
[38;2;0;95;95m[48;2;215;255;255m+       "fnContext": undefined,
[38;2;0;95;95m[48;2;215;255;255m+       "fnOptions": undefined,
[38;2;0;95;95m[48;2;215;255;255m+       "fnScopeId": undefined,
[38;2;0;95;95m[48;2;215;255;255m+       "isAsyncPlaceholder": false,
[38;2;0;95;95m[48;2;215;255;255m+       "isCloned": false,
[38;2;0;95;95m[48;2;215;255;255m+       "isComment": false,
[38;2;0;95;95m[48;2;215;255;255m+       "isOnce": false,
[38;2;0;95;95m[48;2;215;255;255m+       "isRootInsert": true,
[38;2;0;95;95m[48;2;215;255;255m+       "isStatic": false,
[38;2;0;95;95m[48;2;215;255;255m+       "key": undefined,
[38;2;0;95;95m[48;2;215;255;255m+       "ns": undefined,
[38;2;0;95;95m[48;2;215;255;255m+       "parent": undefined,
[38;2;0;95;95m[48;2;215;255;255m+       "raw": false,
[38;2;0;95;95m[48;2;215;255;255m+       "tag": "vue-component-1408-UserLogo",
[38;2;0;95;95m[48;2;215;255;255m+       "text": undefined,
[38;2;0;95;95m[48;2;215;255;255m+     },
[38;2;0;95;95m[48;2;215;255;255m+     "raw": false,
[38;2;0;95;95m[48;2;215;255;255m+     "tag": "div",
[38;2;0;95;95m[48;2;215;255;255m+     "text": undefined,
[38;2;0;95;95m[48;2;215;255;255m+   },
[38;2;0;95;95m[48;2;215;255;255m+   "_watcher": Watcher {
[38;2;0;95;95m[48;2;215;255;255m+     "active": true,
[38;2;0;95;95m[48;2;215;255;255m+     "before": [Function],
[38;2;0;95;95m[48;2;215;255;255m+     "cb": [Function],
[38;2;0;95;95m[48;2;215;255;255m+     "deep": false,
[38;2;0;95;95m[48;2;215;255;255m+     "depIds": Set {},
[38;2;0;95;95m[48;2;215;255;255m+     "deps": Array [],
[38;2;0;95;95m[48;2;215;255;255m+     "dirty": false,
[38;2;0;95;95m[48;2;215;255;255m+     "expression": "function () {
[38;2;0;95;95m[48;2;215;255;255m+       vm._update(vm._render(), hydrating);
[38;2;0;95;95m[48;2;215;255;255m+     }",
[38;2;0;95;95m[48;2;215;255;255m+     "getter": [Function],
[38;2;0;95;95m[48;2;215;255;255m+     "id": 6,
[38;2;0;95;95m[48;2;215;255;255m+     "lazy": false,
[38;2;0;95;95m[48;2;215;255;255m+     "newDepIds": Set {},
[38;2;0;95;95m[48;2;215;255;255m+     "newDeps": Array [],
[38;2;0;95;95m[48;2;215;255;255m+     "sync": false,
[38;2;0;95;95m[48;2;215;255;255m+     "user": false,
[38;2;0;95;95m[48;2;215;255;255m+     "value": undefined,
[38;2;0;95;95m[48;2;215;255;255m+     "vm": [Circular],
[38;2;0;95;95m[48;2;215;255;255m+   },
[38;2;0;95;95m[48;2;215;255;255m+   "_watchers": Array [
[38;2;0;95;95m[48;2;215;255;255m+     Watcher {
[38;2;0;95;95m[48;2;215;255;255m+       "active": true,
[38;2;0;95;95m[48;2;215;255;255m+       "before": [Function],
[38;2;0;95;95m[48;2;215;255;255m+       "cb": [Function],
[38;2;0;95;95m[48;2;215;255;255m+       "deep": false,
[38;2;0;95;95m[48;2;215;255;255m+       "depIds": Set {},
[38;2;0;95;95m[48;2;215;255;255m+       "deps": Array [],
[38;2;0;95;95m[48;2;215;255;255m+       "dirty": false,
[38;2;0;95;95m[48;2;215;255;255m+       "expression": "function () {
[38;2;0;95;95m[48;2;215;255;255m+       vm._update(vm._render(), hydrating);
[38;2;0;95;95m[48;2;215;255;255m+     }",
[38;2;0;95;95m[48;2;215;255;255m+       "getter": [Function],
[38;2;0;95;95m[48;2;215;255;255m+       "id": 6,
[38;2;0;95;95m[48;2;215;255;255m+       "lazy": false,
[38;2;0;95;95m[48;2;215;255;255m+       "newDepIds": Set {},
[38;2;0;95;95m[48;2;215;255;255m+       "newDeps": Array [],
[38;2;0;95;95m[48;2;215;255;255m+       "sync": false,
[38;2;0;95;95m[48;2;215;255;255m+       "user": false,
[38;2;0;95;95m[48;2;215;255;255m+       "value": undefined,
[38;2;0;95;95m[48;2;215;255;255m+       "vm": [Circular],
[38;2;0;95;95m[48;2;215;255;255m+     },
[38;2;0;95;95m[48;2;215;255;255m+   ],
  }
    at Object.<anonymous> (D:\software\Rich_Media\conferenceroom\frontend\src\_tests_\UserLogo.test.js:12:22)
    at Promise.then.completed (D:\software\Rich_Media\conferenceroom\frontend\node_modules\jest-circus\build\utils.js:390:28)
    at new Promise (<anonymous>)
    at callAsyncCircusFn (D:\software\Rich_Media\conferenceroom\frontend\node_modules\jest-circus\build\utils.js:315:10)
    at _callCircusTest (D:\software\Rich_Media\conferenceroom\frontend\node_modules\jest-circus\build\run.js:218:40)
    at processTicksAndRejections (internal/process/task_queues.js:95:5)
    at _runTest (D:\software\Rich_Media\conferenceroom\frontend\node_modules\jest-circus\build\run.js:155:3)
    at _runTestsForDescribeBlock (D:\software\Rich_Media\conferenceroom\frontend\node_modules\jest-circus\build\run.js:66:9)
    at run (D:\software\Rich_Media\conferenceroom\frontend\node_modules\jest-circus\build\run.js:25:3)
    at runAndTransformResultsToJestFormat (D:\software\Rich_Media\conferenceroom\frontend\node_modules\jest-circus\build\legacy-code-todo-rewrite\jestAdapterInit.js:166:21)
    at jestAdapter (D:\software\Rich_Media\conferenceroom\frontend\node_modules\jest-circus\build\legacy-code-todo-rewrite\jestAdapter.js:82:19)
    at runTestInternal (D:\software\Rich_Media\conferenceroom\frontend\node_modules\jest-runner\build\runTest.js:389:16)
    at runTest (D:\software\Rich_Media\conferenceroom\frontend\node_modules\jest-runner\build\runTest.js:481:34)
    at Object.worker (D:\software\Rich_Media\conferenceroom\frontend\node_modules\jest-runner\build\testWorker.js:133:12)]]></failure>
    </testCase>
  </file>
</testExecutions>